1	1.0	2716	4479	7111	4574	2489	12402	3123	9836	3256	3857	403	10587	7756	7750	286	7391	7168	10886	5464	914	4876	4408	5681	6655	50	12304	373	2064	6390	591	9261	4323	10046	1921	1232	7241	5314	7880	2077	9720	3951	2284	9523	8454	7863	3311	7028	8693	8357	3508	12008	1725	6429	438	6671	9555	430	1227	3614	3615	1340	9317	8902	4636	744	3161	6433	5705	11915	3890	2117	902	3283	9409	11539	3886	6298	6115	6056	6696	6052	2864	9107	3063	6746	3065	1895	9592	4691	1969	11178	11077	10489	9959	7747	2641	3225	7544	476	8727
2	1.0	8426	8425	11825	7228	4227	6083	6871	11664	7051	1549	7196	4864	1799	1155	1151	1403	4238	9545	7319	5597	1656	2394	2066	10530	6592	1081	705	9651	9658	8448	4204	2540	8884	6513	9389	1019	5685	2178	2261	7531	2022	2763	3152	9004	2839	4351	9485	6770	12086	11597	10901	7545	6079	8749	4949	3001	10025	2804	1589	2057	4530	859	5236	737	9095	1031	2360	2625	12029	2952	3379	6755	8935	3964	6213	11733	1453	2100	6694	10004	11489	5528	6749	4695	4510	6187	1694	10831	9422	3916	2721	8552	8249	11990	5539	6464	4954	8769
3	1.0	1349	3612	6962	8422	886	4320	3779	8278	7604	2223	8299	3061	8432	10798	10455	8296	8017	2803	7380	2086	7672	5491	5075	4923	9314	7092	10848	7717	9383	9771	5453	11266	6516	4494	7431	10433	10586	2244	12030	10482	4375	9357	8073	7555	6328	9351	1138	3816	772	10078	564	2700	9177	6446	9218	11778	5335	11635	2954	6480	6618	9483	3723	11328	1555	7253	946	10849	1628	5573	7032	7217	3423	5935	10155	353	11716	8705	9790	296	8971	827	2107	7185	12264
4	1.0	9121	6831	11101	4626	8420	3714	11803	1735	1260	10300	5663	7791	2193	7978	3146	10512	9166	10692	231	10344	7861	8912	6479	1982	11745	1637	7632	5854	1838	7617	1960	9834	9312	732	7416	12310	11704	4493	283	1291	9686	3440	7293	4143	8699	9180	10912	5280	6990	1332	1486	10508	12046	9741	7106	4354	1347	5482	2974	6649	9845	11237	11291	5428	5298	1800	1048	5616	11693	3308	5400	2396	8815	11611	9550	9949	2510	7155	12126
5	1.0	10322	8506	6598	11198	2719	9100	8408	9499	9184	10342	8015	2945	3364	11155	10923	11743	4539	791	5273	7492	3175	3458	3571	979	1373	3972	9566	8179	8596	11630	282	9425	7778	10134	3761	9724	2441	10075	9405	2602	2939	464	9698	4331	7101	261	5228	1951	4464	11974	2833	1069	6469	3249	3781	3395	6017	2456	2990	944	1714	3434	5839	11735	1240	6073	11713	6332	8834	7528	10779	6547
6	1.0	10143	8251	2471	9537	554	889	3944	9531	8683	8138	9037	7382	7974	10346	12070	4008	1777	8093	3212	1680	9865	5540	5721	4747	8080	978	9894	5785	9407	5904	6968	2111	10930	8733	11864	11182	6594	11459	3466	9490	8205	10428	5109	9452	7618	2950	5738	11085	96	4732	11756	7442	10192	8188	10190	4872	2897	1974	4718	4070	8183	10949	3840	1470	2270	1476	12300	4859	1514	11857	359
7	1.0	8255	3825	157	9738	9318	2710	11344	8445	8440	6740	3064	5071	10435	3303	11566	3301	6267	3348	6342	5166	5796	1718	7070	3127	7263	6558	6369	1039	340	9406	739	9695	11423	11480	12196	3117	361	2911	144	2913	8372	8399	10154	8784	3319	6522	3506	4037	4502	5074	10223	10556	4210	1677	6118	10096	6279	7066	2575	6772	7600	9559	9514	1682	1668	7407	8850	5858	6339	9671
8	1.0	6545	1474	2865	598	8475	145	4104	4455	10431	9167	9495	10792	9613	1775	7245	3297	4040	3551	4696	7203	1580	9817	3218	5644	8927	11910	11441	7558	8345	2030	1293	1394	3750	9424	937	7324	10151	3584	9881	759	1008	10174	4333	5027	3954	5891	164	6619	9174	10686	11392	7879	11799	10964	6940	4409	4734	4405	5574	8995	11964	10922	8813	7419	5931	7525	7405	7401	10669	10757
9	1.0	1167	8250	2732	5297	1315	663	6858	4395	12051	12053	3060	9734	10024	11789	254	5493	3452	2341	1543	11368	2131	4145	6470	1195	11621	10916	5845	12159	1560	250	6908	5067	1338	8510	9448	1101	4928	2296	5324	7565	5124	2327	167	4598	4839	7378	6406	11374	1603	2315	8945	5240	12108	11111	3605	8706	2141	1842	1763	8768	2399
10	1.0	8079	8055	4304	8626	2843	3049	5604	9239	8547	6467	6388	10388	9384	3453	12299	4287	2229	4901	6414	1370	5808	10605	2173	8133	6301	7699	3082	2323	25	670	2586	5141	9843	3522	5204	8265	225	4376	5971	11311	7444	869	11027	505	11169	4529	6756	5226	11163	3197	5797	2395	8838	7996	721	3131	11650	6250	4851	8631
11	1.0	579	195	4269	336	6949	3006	10369	4432	11917	4553	1814	8864	11151	2205	1541	1428	5311	1581	9837	2098	525	4868	9563	11445	11938	2389	189	1752	1110	4315	11184	10311	8393	6730	10462	4113	4436	11082	3313	5558	97	5257	4634	10371	2577	10034	1973	5583	8289	3033	5856	11659	3989	3986	10928
12	1.0	9340	10414	3495	575	5291	11201	7223	7345	7979	7116	9595	5529	10577	5490	3068	6344	12033	264	875	11013	5847	11724	1465	10935	12156	9469	8618	7801	8100	11956	9855	9708	9399	4032	11334	11578	3725	3284	3721	4546	5309	1992	3202	7446	7089	11530	6136	1720	5818	2415	516
13	1.0	7936	1794	4587	12052	149	7012	11406	2521	5943	3234	9223	12010	7198	10911	8260	367	12131	3842	11764	1176	750	1092	2702	6674	9662	2506	9620	7122	2832	105	2553	6543	10847	2129	7212	1029	925	2147	1471	9577	3237	9799	5699	4970	11738	307	11840
14	1.0	1086	1146	2869	3132	10674	1922	5475	9635	5478	10362	6952	3550	7495	11440	2823	11647	1035	631	1211	2447	2762	671	1178	3071	1957	10249	488	11575	7826	2047	5265	4710	3542	16	11419	12381	5712	3841	1107	3090	2379	4990	8585	6534	4853
15	1.0	10532	6856	5395	6852	748	7580	761	9614	4570	6142	12259	3043	10797	12112	3349	7765	11038	429	1569	2156	11769	6183	1292	10153	4259	9600	7291	3130	9986	9316	4235	12065	3205	6422	3321	2895	11537	9964	11594	3195	7899	3399	2167	1764
16	1.0	9123	603	9129	2909	3762	8381	5095	5605	11136	4103	4514	5054	8522	8468	1488	8402	5820	8326	1542	3638	23	5547	11265	3697	6309	12214	1671	8040	5162	1424	9444	9029	12253	4230	5407	1644	960	10597	12204	4582	433	11781
17	1.0	1304	4307	4363	2479	9030	3145	5336	6458	4615	8274	8404	11033	3794	1967	6413	9561	10667	12311	280	5789	5288	8044	4250	11977	8539	5206	9023	11147	4428	3449	6276	2576	6461	2279	7141	1439	11965	6370	5811	8118	2691
18	1.0	3922	4261	9478	6985	2739	4834	6928	113	6843	5070	3045	7387	10345	11453	2883	1831	2228	5564	7591	11622	12211	8908	7988	1010	402	10262	10156	1352	7669	3129	6717	7782	3012	3017	4014	2751	920	2164	9952	10829
19	1.0	883	9260	10536	6396	700	3865	2198	7652	1875	7857	12059	3670	5942	2546	5412	3022	1174	11186	10058	1334	2761	1137	5327	5733	7918	6951	4174	11672	5619	1063	5241	6038	12220	2678	4488
20	1.0	11126	337	4785	8135	9774	9306	7976	5496	9996	4909	8817	5989	11400	3559	7515	10607	811	4847	204	7967	8334	3316	3422	11511	1723	5085	8344	7991	8486	9557	12021
21	1.0	1307	9124	6967	7965	660	6708	3679	9288	2783	12119	2018	8803	2247	11609	8715	635	5389	7745	72	3059	6171	6544	9393	3502	6293	7524	3365	3849	9692	12088	1369
22	1.0	9077	3597	9125	10065	3804	4244	8218	333	5661	5885	7287	8615	7326	6511	11872	6044	12350	6247	10261	2607	674	2588	3134	7786	2339	56	35	6239	1411	7723
23	1.0	4760	10579	11229	278	256	9912	6345	4824	699	5561	11669	7949	9781	11700	5163	9608	3483	2276	4233	6094	8797	6272	8181	8762	825	1572	11773	8856	8586
24	1.0	8609	154	8154	4619	8529	8548	7855	8277	6926	7003	4728	6764	2480	5545	3753	10402	4317	10703	2469	12042	8575	129	3159	6173	11049	12006	8001	6412	10599
25	1.0	605	597	4272	5296	5155	4243	8444	6532	9991	11564	1502	4802	8822	11870	6323	2031	12171	5962	569	460	11121	8129	6918	1550	5184	7086	7606	6310	2698
26	1.0	768	9108	5036	8349	8563	7322	11301	7302	6715	12019	1618	11461	327	5800	12276	7290	2816	4199	8330	6617	9861	4629	2970	7903	4716	2884	3036	11902
27	1.0	10168	6913	4789	10434	2880	3820	6477	2666	12216	911	2361	10526	3959	4090	8770	7946	7864	241	6670	7789	1026	2556	9808	7067	4159	6378	7026
28	1.0	5176	10538	6601	9053	6538	6668	8659	2742	4848	738	7537	3580	2321	12284	7620	8003	906	6278	5081	7427	6314	805
29	1.0	1322	3179	5618	619	3463	4305	8187	766	10675	10218	6613	2109	11211	5919	4	1953	7341	1896	11483	4658	9426
30	1.0	2524	3836	142	11091	4948	8369	5310	8998	12035	12003	6639	8658	11862	8569	7975	4953	1088	10126	3858	1567
31	1.0	7096	4932	12114	2214	1077	11614	8891	8679	8419	7507	5205	940	8840	434	7846	10719	1539	11554
32	1.0	7118	7244	5396	206	7614	7827	11827	2272	3630	4058	1681	8616	11577	6650	12064	11662	11618	8364
33	1.0	5587	5822	7935	9544	1740	864	6100	1490	3178	7204	6530	5732	6419	12149	11224	4552	1415	5682
34	1.0	8922	4067	7527	1719	466	11942	9618	7759	12172	1114	1926	11325	7342	12120	7665	3291	10741	110
35	1.0	3547	4668	4669	3883	7451	11261	4753	9520	1695	8428	7220	10906	8545	6925	7029	4840	9008
36	1.0	854	10185	2723	1231	4043	9455	8072	1267	5461	82	8373	9880	8159	4855	483	7794	9556
37	1.0	6796	9603	10041	5980	3077	4798	820	640	7627	1692	6045	10228	9320	7361	7278	5863	6922
38	1.0	5584	3764	1540	2490	6947	11505	5405	6101	3332	5787	4327	11878	9646	10493	10015	1574
39	1.0	6875	1209	4213	1939	1855	5409	5286	7641	2180	298	10035	5055	11290	11636	5366	11619
40	1.0	2734	11407	2054	7080	11697	12092	8743	8892	8621	11122	8465	5899	8267	10029	9637
41	1.0	3603	4364	997	205	9275	10169	11883	12348	755	2163	3977	4787	10803	7390	5437
42	1.0	10071	6587	5262	4890	344	7008	7487	5052	6053	325	12162	1259	9829	2941	9888
43	1.0	2873	8363	11258	12399	9807	980	2304	2237	6722	11900	9185	7054	10785	10682	7508
44	1.0	2124	8046	8215	10924	5630	4368	1333	5937	12237	10291	1355	11228	6716	5913
45	1.0	586	6820	4019	2325	2848	1850	4640	3598	6983	5305	53	11871	8831	8543
46	1.0	784	11191	2718	1732	5234	11253	10865	9017	828	5759	912	8929	5848
47	1.0	11308	10088	7810	6801	4655	11929	2382	3180	4111	7014	2158	4489	6923
48	1.0	4214	1339	1812	7157	4416	3752	1202	7981	6616	81	3163
49	1.0	11757	8056	1171	8090	6812	3694	11705	3538	4784	12124	7914
50	1.0	4189	6797	627	1935	947	12295	11089	2385	11272	11081	10681
51	1.0	2967	9138	1724	6654	6559	588	3076	8582	1458	680
52	1.0	7571	2778	10166	11162	10722	11333	12205	8794	9889
53	1.0	11036	3904	12293	2771	2987	4992	2005	8781	2260
54	1.0	4165	595	558	7630	263	12140	9225	9634	376
55	1.0	6855	11269	11834	915	10451	10398	4976	398	10684
56	1.0	8087	8877	6987	3221	1947	10467	7820	11086
57	1.0	3390	9075	10326	9128	7206	2798	9984	7885
58	1.0	4262	5568	4419	11105	2181	6931	1599	9171
59	1.0	4908	9904	9902	9370	3478	1194	7205	1766
60	1.0	2474	1310	3200	2424	3991	8280	9593	12203
61	1.0	4321	1730	10303	3588	6523	9878	12334
62	1.0	1027	4074	1819	5740	6884	6714	2166
63	1.0	1830	4042	6829	4879	5031	6901	8521
64	1.0	8778	1301	4192	2538	9764	10028	10117
65	1.0	6645	3872	11160	7234	7520	2171	2690
66	1.0	831	2982	7956	8948	6481	9866
67	1.0	2872	4313	1635	749	812	1383
68	1.0	3690	47	3092	5927	6895	9044
69	1.0	12353	5341	6042	4610	4039	10500
70	1.0	4073	11104	8718	10239	5513	12229
71	1.0	9285	4167	453	10386	4533
72	1.0	11345	7821	11797	1147	7060
