1	1.0	8426	11825	2843	3490	4224	3329	8547	4227	7384	8055	7051	3496	11912	7699	2465	3183	670	5141	3400	7255	11027	5597	2066	10530	705	2908	3947	5604	6905	9651	6388	8133	5256	8884	6513	3023	2306	6067	10605	9545	1656	2763	3152	9004	6678	6770	1845	10901	5971	11599	4954	8749	1229	3001	5664	10388	3453	4530	9402	6986	2586	2625	5556	9239	225	4376	2952	2756	3964	721	6694	8079	2736	10671	1206	8564	6944	12299	9818	2229	6414	1197	1694	1116	3916	10411	5204	2088	5365	1601	6464	9095	11650
2	1.0	6962	8253	9360	11782	3655	27	4673	10816	9685	7753	8432	991	1158	2462	3934	5068	11830	12068	10689	10448	6845	7608	11778	11474	11904	6253	827	4329	4320	10730	1481	8329	6457	7130	3386	10978	5566	9464	9782	1522	2440	1138	3816	3663	6589	7059	9001	6177	781	7701	3503	11452	3612	332	4101	10799	11979	7925	10155	1863	1590	12023	4173	10848	10849	1431	3889	7217	9437	2028	3906	3900	9752	9751	9596	5353	6417	6186	8841	9427	11716	772	4507	7663	5042	9294	4391	4015	7746	7501	1687	7185
3	1.0	8425	8388	2656	11989	7115	494	7228	6871	11664	5626	2529	11668	5901	8904	4864	2466	7804	4339	1403	7960	4238	9173	1068	7319	2143	921	6592	5015	9658	8448	4204	2540	8887	9389	10878	1019	7	6305	2178	7531	12098	5000	10338	386	4351	5089	12324	7545	11096	9032	8301	9326	2804	12029	2885	859	5236	1031	2360	2429	9131	9509	10649	8773	563	10016	4075	1998	8935	1453	2100	10004	1799	11489	7397	5528	3739	8400	4695	1813	4510	10834	6226	1566	5875	5539	3783	11416	4002
4	1.0	1306	2716	4479	9164	11389	9836	403	7756	7750	8902	1154	10886	5996	7125	4876	2077	6390	6315	373	372	2064	8233	9261	4321	10046	1921	85	11366	2307	5314	2386	7880	1650	5681	3582	1232	3588	9523	7863	9317	8693	902	6429	438	3123	1227	591	3614	1340	3806	10303	576	3311	4636	3161	6433	655	12334	11915	3890	4378	7647	3283	9409	2213	7168	11140	6298	286	6696	2864	9107	1846	5216	5645	9592	5458	2224	11077	320	9959	8846	2641	6633	9214	4918	476	9586
5	1.0	6545	1474	2865	598	8475	145	4104	4455	10431	9167	9495	10792	9613	1775	7245	3297	4040	3551	4696	7203	1580	9817	3218	5644	8927	11910	11441	181	735	8345	2030	1293	1394	3750	9424	937	10151	3584	9881	9089	7558	759	1008	10174	4333	5027	3954	3564	5891	164	6619	4256	11392	7879	11799	10964	6940	4409	4734	4405	5574	8995	11964	10922	8813	7419	5931	7525	7405	7401	10669	10757
6	1.0	10143	8251	2471	9537	554	889	3944	9531	7382	8138	9037	9490	7974	10346	12070	1777	8093	3212	1680	9865	5721	4747	8080	978	9894	5785	6325	9407	5904	6968	2111	10930	8733	11864	11182	2872	6594	11459	3466	8205	3741	10672	10428	5109	9452	7618	2950	5738	96	4732	11756	7442	10192	8188	10190	2897	1974	4718	4070	8183	6562	10949	3840	1470	2270	1476	12300	4859	1514	11857	359
7	1.0	8255	2710	157	2911	9738	8621	11344	8445	8440	5096	6873	12196	11480	6267	3348	2054	5796	10435	1718	7070	3127	5588	1039	9406	6321	11423	1677	1791	6976	631	8399	10154	7080	8784	4194	1984	3319	4210	7941	3117	4502	6842	5074	10556	6426	3688	3825	6279	6502	2575	6772	9887	9514	7469	1682	1872	1668	3067	8850	6339	8640
8	1.0	1167	8250	2732	5297	1315	663	6858	4395	12051	12053	3060	9734	10024	11789	254	5493	3452	2341	1543	11368	2131	4145	6470	1195	11621	10916	5845	12159	1560	250	6908	5067	1338	8510	9448	1101	4928	2296	5324	7565	5124	2327	167	4598	4839	7378	6406	11374	1603	2315	8945	5240	12108	11111	3605	8706	2141	1842	1763	8768	2399
9	1.0	6831	11101	3146	885	1260	6523	8172	3440	7978	3308	10512	9166	10692	10344	8912	7155	7617	1735	9834	2118	732	7416	5921	5840	7470	2019	283	9686	7293	9180	5280	6990	9728	1169	1486	10508	108	12046	7861	9312	5428	6353	5400	4751	2314	1800	5616	7376	6773	2396	8815	11961	11611	9878	12126
10	1.0	1082	3902	8506	6598	9100	8408	9499	5522	2496	2941	12372	11743	4539	791	4809	1373	186	8494	8828	282	2501	10071	3879	9724	2441	6587	9698	2939	464	325	7008	7487	5228	1951	6156	226	9647	2833	6547	4175	3249	3781	3395	6017	2990	261	5839	10923	1455	6332	8834	8708	11630	1661	9888
11	1.0	11191	9121	4626	8420	11803	1960	2718	1347	9017	7791	11253	231	1982	11745	1637	7632	1838	1732	5234	4143	4493	12310	11704	10912	1291	8929	5848	912	6649	1332	8699	9741	9845	4354	5759	10300	2976	5482	2974	11237	784	11291	5298	11693	5854	2193	828	9550	9949	2510	7106	10865
12	1.0	9340	10414	3495	575	5291	11201	7223	7345	7979	7116	5529	9595	11059	10577	5490	3068	6344	12033	264	875	11013	5847	11724	1465	10935	12156	9469	8618	7801	8100	11956	9855	9708	9399	4032	11334	11578	3725	3284	3721	4546	5309	1992	3202	7446	7089	11530	6136	1720	5818	2415	516
13	1.0	740	2634	9318	1922	9671	3064	5071	3303	5478	10362	6342	3550	4724	7263	6369	11440	340	11566	2869	3301	361	144	1211	5166	3071	1957	6522	8453	229	3132	8603	8126	10223	10967	2047	5265	4710	10096	16	11419	2823	3506	7600	1107	2379	5828	6118	7407	9695
14	1.0	579	195	4269	336	3006	10369	4432	2098	6166	1814	8864	11151	5257	1541	1428	5311	1581	9837	525	4868	9563	11445	11938	2389	1110	11917	11184	10311	8393	6730	4113	10034	3313	5558	97	10371	11659	2577	1973	5583	3033	5856	4436	3986	10928
15	1.0	744	3615	3063	430	7111	6746	4574	3065	1895	4345	4691	1969	7241	2489	12402	4727	11178	4592	10489	10587	914	11449	2117	10318	7391	5167	3951	2284	6671	5464	7028	8357	3508	10841	3886	4408	12008	6655	4912	12304	7747	7544	8727
16	1.0	9123	603	749	2909	3762	8381	5095	5605	11136	4103	11781	5054	8522	8468	1488	8402	5820	8326	1542	3638	23	5547	4514	3697	6309	9129	1671	8040	5162	9444	1424	12214	9029	12253	4230	5407	1644	11265	10597	12204	4582	433	1383
17	1.0	3922	4261	9478	9240	6985	2739	4834	6928	113	7657	5070	3045	7387	10345	11453	2883	3217	2228	5564	7591	11622	12211	8908	6843	7988	1010	402	10262	10156	1352	7669	3129	6717	7782	3012	3017	4014	1831	2751	920	2164	9952	10829
18	1.0	7936	1794	4587	12052	7012	11406	9620	2521	5943	12010	7198	10911	367	12131	3842	11764	1176	750	1092	2702	6674	2506	149	7122	2832	105	2553	6543	10847	2129	7212	1029	925	1471	9577	3237	9799	4970	11738	307	11840
19	1.0	1304	4307	4363	2479	9030	3145	5336	6458	4615	8274	8404	11033	3794	1967	6413	9561	10667	12311	280	5789	5288	8044	4250	11977	8539	5206	9023	11147	4428	3449	6276	2576	6461	2279	7141	1439	11965	6370	5811	8118	2691
20	1.0	10532	6856	5395	6852	761	9614	4570	3321	12259	3043	10797	12112	7765	11038	1569	2156	11769	6183	1292	4259	9600	7291	3130	9986	9316	12065	3205	6422	2895	11537	9964	11594	3195	7899	3399	2167	1764
21	1.0	883	9260	10536	6396	700	3865	2198	1875	7857	12059	3670	1738	5942	2546	5412	3022	1174	11186	10058	1334	2761	1137	5733	7918	6951	4174	11672	5619	1063	5241	6038	12220	2678	4488
22	1.0	1307	9124	6967	7965	660	6708	3679	9288	2783	12119	2018	8803	2247	11609	8715	635	5389	7745	1795	72	3059	6171	6544	9393	3502	6293	7524	3365	3849	9692	12088	1369
23	1.0	11126	337	9774	9306	7976	4785	9996	4909	8817	5989	11400	3559	7515	10607	811	4847	204	7967	8334	3316	5496	3422	11511	1723	5085	8344	7991	8486	9557	12021
24	1.0	2734	2597	1160	10029	8743	553	4522	8985	8465	6749	10102	11407	5373	1549	12092	9637	2075	9082	11122	5899	8267	10440	8537	3531	900	7250	12361	4296	8892	1662
25	1.0	9077	4264	8218	3804	4244	333	5214	5885	7287	8615	6511	10065	11872	6044	12350	6247	10261	2607	674	3134	4249	7786	2558	2339	56	5661	35	10617	1411	7723
26	1.0	605	597	4272	5155	4243	8444	6532	9991	11564	1502	4802	8822	11870	6323	2031	12171	5962	569	460	11121	8129	7622	6918	1550	5184	7086	7606	6310	2698
27	1.0	768	9108	5036	8349	8563	7322	11301	7302	6715	12019	1618	11461	327	5800	12276	7290	2816	4199	8143	8330	6617	9861	4629	2970	7903	4716	2884	3036	11902
28	1.0	4760	10579	11229	278	256	9912	6345	4824	699	11669	7949	9781	1506	11700	5163	9608	3483	2276	4233	6094	8797	6272	8181	8762	825	1572	8856	8586
29	1.0	8609	154	8154	4619	8529	8548	7855	8277	6926	7003	4728	6764	5545	3753	10402	4317	10703	2469	12042	8575	129	3159	6173	11049	12006	8001	6412	10599
30	1.0	10168	6913	4789	10434	2880	3820	6477	2666	12216	911	2361	10526	3959	4090	8770	7946	7864	241	6670	7789	1026	2556	9808	7067	4159	6378	7026
31	1.0	10322	11198	4655	8015	7014	11155	11735	1714	7492	3434	979	3180	9566	8179	7778	2602	11974	7101	4331	3175	944	11713	1240	7528
32	1.0	5176	10538	6601	9053	6538	6668	8659	2742	4848	738	7537	3580	2321	12284	7620	8003	906	6278	5081	7427	6314	805
33	1.0	4165	1146	2447	3542	4853	2762	5712	10674	263	1035	3090	10249	9635	488	9225	6952	7495	9634	7826	671	376
34	1.0	1322	3179	5618	619	3463	4305	8187	766	10675	10218	6613	2109	11211	5919	1953	1896	11483	4658	9426
35	1.0	2524	3836	8998	142	11091	4948	1200	5310	12003	12035	1088	6639	8658	8569	7975	9453	10126	3858	1567
36	1.0	7118	7244	5396	206	7614	7827	11827	2272	3630	4058	1681	8616	11577	6650	12064	11662	11618	8364
37	1.0	5587	5822	7935	9544	1740	864	6100	1490	3178	7204	6530	5732	6419	12149	11224	4552	1415	5682
38	1.0	8922	4067	7527	1719	466	11942	9618	7759	12172	1114	1926	11325	7342	12120	7665	3291	10741	110
39	1.0	9479	9151	11946	452	8155	11975	3015	2395	7996	5782	134	1384	11990	11934	10458	5808	6975
40	1.0	5584	3764	1540	2490	6947	11505	5405	6101	3332	5787	4327	11878	9646	10493	10015	1574
41	1.0	3547	4668	4669	3883	7451	4753	9520	1695	8428	7220	10906	6925	7029	4840	9008
42	1.0	10185	2723	1231	4043	9455	8159	1267	5461	9880	82	4855	9556	483	7794	8373
43	1.0	3603	4364	997	205	9275	10169	11883	12348	755	2163	3977	4787	10803	7390	5437
44	1.0	4213	1310	11636	1855	5409	1367	7641	2180	4596	298	10035	1939	12203	6875	11619
45	1.0	2873	8363	11258	12399	9807	980	2304	2237	6722	11900	9185	7054	10785	10682	7508
46	1.0	11173	12241	4060	4336	3504	9339	8231	8178	10926	3057	1755	12153	5806	7796
47	1.0	586	6820	4019	2325	2848	1850	4640	3598	6983	5305	53	11871	8831	8543
48	1.0	595	558	5343	7066	7630	2896	11298	3841	7350	8987	8474	813	10442	7813
49	1.0	5937	4018	3541	5401	10291	10994	11695	9362	4368	9744	12237	8674	1113
50	1.0	4932	2214	1077	940	11614	7507	5205	8891	8840	8679	7846	1539	11554
51	1.0	11757	8056	1171	8090	6812	3694	11705	3538	4784	12124	7914
52	1.0	4189	6797	627	1935	947	12295	11089	2385	11272	11081	10681
53	1.0	10088	7810	6037	6801	11308	2382	12162	2158	4489	6053	682
54	1.0	7571	8376	1339	896	4416	7310	2147	382	6937	10022
55	1.0	4167	1147	9285	453	11797	4533	10386	7821	7060
56	1.0	8087	8877	6987	3221	1947	10467	7820	11086
57	1.0	11036	3904	12293	2771	2987	4992	2005	8781
58	1.0	3390	9075	10326	9128	7206	2798	9984	7885
59	1.0	4262	5568	4419	11223	11105	6931	1599	9171
60	1.0	9902	8874	9370	9470	3478	1194	3103	1766
61	1.0	7710	497	4746	7354	10775	8533	9679
62	1.0	1027	4074	1819	5740	6884	6714	2166
63	1.0	3610	11181	4671	7196	4566	5505	5608
64	1.0	10028	1301	4192	2538	10578	9764	10117
65	1.0	6645	3872	11160	7234	7520	2171	2690
66	1.0	4157	8861	588	11047	8582	1458
67	1.0	1830	4042	6829	4879	5031	6901
68	1.0	11834	915	10451	10398	8546	10684
69	1.0	12353	5341	6042	4610	4039	10500
70	1.0	9049	1355	1333	8046	11228
71	1.0	2982	8948	6481	831	7956
72	1.0	1724	6654	2644	680	3076
