1	1.0	14678	130	4228	13407	13291	4705	7846	4149	2483	4	8508	3975	3939	14581	1022	7311	7602	12382	17081	5743	12145	8972	12264	3820	3372	12858	4208	9013	3301	3386	5319	13618	13309	7630	7888	11606	8802	9789	13942	3666	14125	16120	14948	6673	10420	1635	13339	8959	9793	8811	1001	339	451	16643	8215	9532	13323	2887	567	5893	164	17295	3173	13293	15397	9626	10091	11143	6404	6142	15257	6055	1743	2730	9450	12129	5199	11242	5	7471	11878	776	16204	2876	610	5207	15775	7948	9214	1806	15073	14763	13575	3421	6131	5283	10942	4850
2	1.0	669	14556	4308	2299	7452	5370	4143	10058	5068	1491	15353	1496	12062	4737	14469	2555	15696	4630	2475	5013	4325	16250	13543	9715	7639	15828	8735	6822	10337	9085	9159	3954	11896	10426	3314	11518	11350	640	649	2690	15948	10276	17207	2452	17281	1875	5230	11015	4069	8104	11396	17354	15714	3072	7480	5896	15390	5104	6351	4939	10099	6893	7991	89	2020	6052	16740	752	9058	3061	13181	4459	10478	2133	4699	12466	15069	12359	2747	1119	14862	10172	614	6979	16019	1881	3705	13625	5837	3225	16880	11797	14768	8910	7747
3	1.0	1967	14857	1308	14917	13089	15046	11387	3257	17273	12313	1090	2856	13412	6916	1494	10881	9986	14067	4234	11572	15112	14502	16977	5919	9575	12783	13251	8035	4215	9851	88	9010	16256	12980	6148	17386	6706	6669	7243	10978	3026	5418	1521	15887	6821	17233	9729	8454	8289	16797	14986	12088	8501	1220	9244	9879	7348	7097	6430	505	3879	10154	11756	8773	463	10393	12187	13807	13512	16422	7006	1031	3682	13056	15387	1207	2949	13890	15305	9817	327	17190	4096	1275	12042	9766	11990	13371	263	12761	1607	2002	1680	17266
4	1.0	16600	3713	14913	8259	12774	2273	12259	7950	4787	3329	8781	13085	4675	13166	14350	3482	2450	5269	13492	2256	5912	10739	10042	2776	4894	5605	12713	11206	398	14613	3675	12658	7361	5567	6516	17316	7732	3952	14048	9081	15637	14333	3155	6935	14606	7783	14525	12458	8812	9557	3590	11943	13527	16804	3388	181	12233	9404	10319	4276	8102	15015	6880	12106	2898	3201	3440	17102	16826	8408	14368	3065	8275	14416	952	13108	8842	1448	12950	5165	14901	9764	6631	9198	8998	8088	3549	9929	9037	9880	9519	2537
5	1.0	11824	1261	16076	16478	7388	8547	7456	5824	14470	7590	11913	10662	3768	10280	15118	9704	4732	3249	12389	12385	11104	7522	2903	13854	15626	16492	12859	2310	4653	5494	7130	16541	12586	11685	16863	6064	13228	1254	12583	12159	11445	17250	8510	9255	12642	10226	2830	4752	12122	11946	3619	6838	10300	1876	10553	13774	7411	11811	13041	6367	12024	11333	12627	6881	16189	13510	6695	5768	551	10675	4760	4767	1894	2946	9052	14155	6621	11407	12115	15063	1192	15171	4505	4500	3704	14762	9806	8482	7464
6	1.0	16828	8362	2961	8749	17107	16055	8384	3630	4326	3140	9164	12949	4765	11886	13730	234	279	7833	10022	7915	14062	796	7300	2971	9288	15062	11263	7202	2889	6514	4672	10859	5314	15583	12211	6207	8826	13378	2113	5312	816	13389	15612	309	119	7925	8727	9444	394	11833	3261	5672	14083	9475	9989	9212	7279	7902	15923	4376	1005	14165	12971	2551	10963	1057	3565	4605	11167	12550	9761	5242	6196	11659	13039	15099	10960	2679	12263	9948	2250	8487	16970	2075	17163
7	1.0	6831	14226	6988	5876	1267	2968	15293	3049	9866	8292	7125	4575	10227	13183	14493	11548	2943	13505	6169	5459	4226	13143	4286	8658	13307	1719	240	12011	10914	13300	16241	9429	12177	1658	9516	9564	1114	11762	1378	8906	2215	8964	14944	8432	8513	1171	9448	9111	1201	10701	10174	16106	3487	15465	11641	15040	2646	2327	13419	14602	14214	10208	12823	11883	3887	13482	13880	8307	7584	1824	13766	11062	2087	5776	5855	13648	16391	4480	12303	10979	2911	3375	10219	9767
8	1.0	15537	5172	8424	709	6853	7930	15924	11802	8742	333	12710	9185	13927	1722	12057	4577	7383	5669	9494	4207	10697	16236	7434	12399	3794	9109	5191	13083	6474	7980	288	1506	12857	7	11581	10747	11935	6449	4033	12178	4859	16896	5388	3651	10052	10529	9582	2244	8284	9048	168	17029	802	13538	10011	15292	17195	11048	13887	12535	3881	17099	12607	2640	11994	11514	1978	11692	7259	7313	1181	5770	3842	722	8833	17304	4012	8834	16988	8363	13177
9	1.0	5611	13856	1147	17106	749	14015	10883	7604	1510	14325	2837	17149	14598	16146	12851	4639	16720	7795	5100	1901	14800	6343	13468	14773	16782	3513	13616	15209	16298	11911	16913	3084	17335	11282	9269	2648	8168	6469	14126	2643	12915	9210	14440	15741	12992	5556	8479	2186	15017	8413	6865	2956	14437	10372	11773	5481	13633	7821	3179	15215	3540	4669	5365	55	1049	2232	4660	4179	6549	9925	12349	16684	14710	1008	14748	16295	14542	16293	8975	927
10	1.0	11456	5016	14228	16072	8154	11807	662	12417	314	13401	2091	16379	9491	7677	251	16725	12568	13065	8007	11688	16173	7156	12651	2463	13758	5621	1585	8659	2036	1694	14805	6180	2499	2246	16064	13224	912	9727	892	13964	6436	12913	1150	16360	14251	16340	13727	7267	10117	11897	9423	15395	13273	2275	785	4055	13161	12168	4051	6546	1556	16810	1975	14894	3170	3244	17189	15594	17362	16016	15110	12811	13256	9426	13332	1857	10813
11	1.0	15906	13793	2077	3615	11199	7610	10868	7175	6949	16944	5508	12773	5889	15660	5133	14309	10436	1832	14738	5822	14789	16840	8823	4545	3797	4094	7056	3361	9834	10603	2743	7985	2401	8596	8679	6683	15803	13047	3037	15869	12592	9332	612	16047	2934	4332	6151	3708	5325	14482	11614	9748	7628	10506	14522	10668	14617	11103	6567	2081	7465	4878	8584	3196	7766	11862	4915	11423	13703	1660	2530	16034	1827	9430	11479
12	1.0	1304	3758	2562	3596	17161	1586	2909	15624	8898	12712	15342	5062	6742	3737	8401	3119	12195	3047	8784	2345	4497	2545	12128	6662	5706	45	4949	9465	12358	5691	16007	544	11852	12988	10165	12135	16671	3860	8758	14861	9256	4881	12912	15952	7758	14128	10544	2812	14379	16402	15978	9353	4469	3753	15428	2637	17009	10634	15330	5261	15314	7213	5324	4837	7736	13726	9514	4506	15178	371	7346	479	44	9192
13	1.0	16474	13959	16139	9240	5399	15729	2599	15166	2777	3063	9852	15141	5211	1970	16371	17385	5274	1198	3476	4419	12759	1964	698	16908	542	2742	1678	11754	5962	13045	8965	11623	2815	14046	11184	7392	10709	208	11970	16107	975	11976	4982	16835	6556	4406	7789	4039	5595	10374	3112	17394	16423	2552	6401	14501	11377	5303	4134	5463	5711	5444	6313	645	8970	4292	7722	3987	15373	8855
14	1.0	3825	6218	708	3636	15161	6814	12879	11309	15782	16319	10325	3656	11482	1833	1949	7322	9916	14534	2560	4387	5235	16967	6665	11725	11600	11704	12144	6366	14929	399	14237	11294	9130	13133	11838	12868	11905	616	7100	1674	16592	3262	16219	13533	9041	6092	12970	4930	10466	12685	15796	13315	5081	2272	11693	4688	4663	11965	6310	14573	6238	2699	15967	3151	10948	17297	13252	15569
15	1.0	17025	11808	3862	5179	11057	17388	7280	8300	6608	11562	12614	5647	14695	7638	12691	8090	7077	16789	13677	4906	9780	2268	5808	4477	11938	933	1461	1012	5862	3834	7735	2870	879	10077	899	6024	7763	1332	12700	12040	6610	10528	16597	1912	11494	10424	7337	11147	5263	9903	6552	3243	7606	14749	13455	16858	3033	5078	11613	16915	11432	9419	13050	6198	31	17326	8586
16	1.0	17103	10002	1325	554	10734	15849	15870	8463	7345	4396	10454	9595	15415	16311	13916	10559	2200	15286	6649	7201	2548	13467	6559	11443	8616	1527	716	12154	9420	17192	5863	7886	15915	8222	15912	10171	3875	9251	13299	7849	10293	10481	8790	9987	7999	5248	6402	4876	3039	6537	8185	3444	3016	5423	5307	5819	11711	6948	11458	2007	15988	14318	16959	11718	739
17	1.0	9076	16661	15147	11825	2772	10735	315	9101	10232	8460	1321	8303	9752	15553	9750	1906	495	4757	5609	15500	16900	9792	10516	12816	16966	10835	14393	3087	16341	11646	16554	14864	8167	16046	999	4627	16837	3451	17078	4240	12022	1497	12600	9042	7968	2950	6302	3390	3546	7749	5443	12384	11009	11372	378	9885	11123	7429	1247	15119	1746	426	11452	510
18	1.0	10007	199	3776	10166	5035	3911	4895	6102	15573	3654	11520	15550	4766	3539	15146	10107	4638	6748	213	2542	4748	12540	11662	4383	3025	11362	11077	4385	9055	2407	11627	11281	917	1406	6329	13165	618	14943	4175	11957	15918	8332	9387	5320	7482	2973	5437	14505	4838	15663	906	6878	13985	5086	7449	1418	12164	1102	11733	16395	11179
19	1.0	2902	12875	16667	10539	3929	17221	16155	16053	15519	13182	11488	17381	8919	1199	6265	3382	5982	15680	6477	2666	11461	10222	13798	9427	12918	12697	2280	9279	483	6408	8060	9007	1662	13756	2765	24	3057	14161	13514	15652	8288	11	4761	5835	3463	12328	3422	3268	13099	3686	11250	6650	8701	7320	12147	9953	17087	2676	8850	5859	9846
20	1.0	14113	14978	13357	13833	4321	13956	2297	193	10674	13327	4651	2048	10105	9631	10121	5643	5821	9912	1834	7362	14197	7767	8923	14934	7196	817	16461	1210	1173	2462	13884	443	16484	10645	9441	5384	6523	6817	15351	3334	4795	10223	10841	3560	13154	7599	2337	4391	10216	3443	4425	5797	4573	1519	2021	10494	9179	7186	1590
21	1.0	9249	9731	14830	5398	13698	1203	14137	8264	15109	16723	15107	8341	10101	10363	10362	14888	11741	9386	3212	11367	13694	4339	1960	859	40	871	2381	7198	254	9497	2501	1507	6583	12595	2620	10351	3439	898	9253	15636	15542	7914	12431	16261	227	6630	15294	15655	11278	4049	11726	1433	3883	4050	12572	12143	2416	2587	10829
22	1.0	3592	4086	10295	9536	17340	16437	9751	6877	8340	8320	5134	6345	1221	4828	11736	14699	9837	599	2433	938	6047	6063	16225	11932	439	5198	14743	1156	10284	16045	1151	4549	10039	7897	13377	9701	5485	10505	10687	11497	6154	16934	8875	7561	13317	17363	14401	13573	11794	17263	11615	11730	12302	10636	5814	6070
23	1.0	8053	2596	2638	15160	4180	14179	6981	4571	14242	14092	3147	9305	5642	7673	12838	1424	3029	5628	1851	1071	8712	1691	8962	7757	2267	5966	3917	6307	13284	8067	3609	3627	5200	16346	13725	9319	8474	14607	8339	10221	14569	105	12455	1620	10096	3260	5083	6462	14547	2085	11591	10637	397	2516
24	1.0	1128	14175	13830	2382	10309	150	7152	6454	8274	13700	12167	17121	15227	852	3238	5278	13080	4709	13464	17311	9563	17199	17197	15964	6300	8220	15932	10646	4061	7966	13929	5942	10292	5328	11675	11466	8188	6696	6502	5575	11251	12321	15105	1518	9963	2514	2958	8769	7725	9556
25	1.0	2713	2605	2598	9757	4657	14058	15284	4554	9053	12581	10572	10855	7715	6661	4592	1110	10920	547	17198	2388	15802	308	3628	4211	15157	2603	7298	17213	2468	6231	5327	14378	4799	507	1054	3207	903	2791	13768	12007	6488	15218	11713	12320	2792	7181	9578	15982	13495
26	1.0	6737	2905	16768	1029	310	9092	3416	14307	12078	5073	13285	5057	14152	693	7208	9819	834	10812	3849	5558	10834	10588	13269	15354	6424	1315	10151	582	16344	4442	10689	4798	4771	9983	8536	7589	1551	14767	12245	3503	12381	16619	8703	10717	477	4974	9238	1663	2692
27	1.0	4674	16336	14227	760	13859	8038	7462	11055	4768	9990	14610	492	5099	792	13060	12972	5258	15682	1584	5847	1299	1443	8569	5802	9425	12794	7397	15846	1099	15568	8337	6179	3566	8260	1623	12451	13742	15598	11353	14183	8997	2799	6026	16394	2515	12169	12747	13055
28	1.0	740	2907	9734	3775	10672	16071	16459	4027	6453	5660	5007	16452	14496	6707	8423	2136	1831	12507	2866	15025	11503	10620	8734	8105	14040	14616	17377	10283	6020	9028	9623	14373	15560	4377	11085	3782	786	16979	17325	946	6133	12459	15376	10904	828	1385	3980	11842
29	1.0	8034	9733	2864	10535	17247	2719	8231	16098	17165	6147	6456	6283	2098	9056	9596	6349	5721	15244	3697	10761	11604	8841	548	11853	911	3629	1608	13848	5753	17057	14443	12828	11127	367	12628	9646	6886	17153	7730	1860	2994	15830	7996	5995	4977	1577	419	12203
30	1.0	14919	10272	12927	3639	16073	15943	9237	10259	62	11989	7791	17005	16457	16902	15184	11170	12114	15203	6486	3022	5563	7774	7772	9409	1291	1297	8657	890	1311	7457	5021	302	5027	10281	16607	7487	7235	9584	12063	7827	1702	4937	4819	74	9511	11297
31	1.0	601	11949	14793	3801	10518	6146	6628	10034	7217	16456	9910	2787	10975	3512	7478	15588	5909	2622	8430	2769	894	12867	3621	14847	16329	14643	13229	7233	13519	16300	10929	11084	3508	14412	3688	2122	13330	7709	16170	12805	16229	11316	1478	9695	8187
32	1.0	988	705	16415	11526	13934	16313	4472	13549	16948	15222	4046	5585	5723	15683	4068	4983	6388	6042	654	14297	16069	14101	15861	830	17175	6157	15503	3054	10246	11025	12631	5597	4131	16945	14315	12513	12307	16038	5795	1984	2028	15752	926	820
33	1.0	12517	8031	9345	4320	15024	4572	15430	4769	1160	175	5501	2569	7269	6510	11016	6465	7057	10811	5906	10874	11729	9118	6972	15177	16654	3624	14869	4237	8533	1599	15650	966	16852	4158	2896	6141	3425	1565	9515	6405	15836	13115	6318
34	1.0	3824	10000	15743	16911	15620	2190	13545	8407	6120	14343	15282	13113	7454	14538	1637	3195	17310	1113	356	1394	11468	1278	9271	1338	16650	13350	1865	7025	15393	16573	12822	3563	16851	3448	7323	6652	1180	6077	518	1243	16971	11612	648
35	1.0	15169	17209	15926	9365	13015	15909	6455	5337	4074	6419	11389	1612	1548	6205	2034	362	6209	7778	2816	9604	5063	12496	15759	7947	16303	16712	8693	5345	4648	4177	1708	6461	3447	865	11122	53	519	14814	1389	11165	6256	2535
36	1.0	4303	15380	16498	2635	4368	16761	4427	1921	14716	1929	13910	3822	13753	13769	4747	5984	4844	738	11448	1010	6973	2127	11950	9194	12728	11339	165	223	4078	13744	11673	1557	1997	4919	5244	36	12530	13137	533	2677	370	1742
37	1.0	1085	5395	5112	6969	16056	7223	15577	7913	15647	12615	3292	8322	6334	16689	5542	4726	4386	3102	17215	7385	17254	15993	2038	8225	15934	9524	589	16265	11555	16429	11579	14310	12066	844	13765	6391	5421	15818	4979	15493	10491
38	1.0	9479	3427	311	8744	176	1869	14579	5745	9655	6876	7244	13561	289	3973	14281	14390	521	16254	12897	13388	10727	11186	14967	15868	992	14785	10207	10394	6718	5466	3056	9230	16117	2332	6541	3221	2026	10591	12424	2251
39	1.0	7288	8216	14088	11988	12052	17040	13656	3294	138	85	7301	8710	13266	11624	1467	5075	9335	15489	2762	9523	5532	7486	12558	16634	6846	6394	5404	9190	3010	12574	12124	15854	11134	8705	15461	2531	8974	11451	1368
40	1.0	5483	8740	5315	9229	4604	14413	5270	13776	7629	2549	6101	10666	12231	6322	17094	1677	16142	9706	16004	9152	9371	10056	15633	2933	3263	5993	10784	7108	16426	6618	95	9023	15134	8956	2212	3194	17307	12757	6286
41	1.0	3715	201	9342	4349	5152	16051	9474	12547	9854	17285	9303	12525	12520	2544	15304	3105	16161	17338	5003	14867	1211	8372	14647	14356	12884	15955	16776	15014	7483	3521	9213	9174	12065	5265	7565	11399	2000
42	1.0	5117	15894	7645	15606	984	15167	5881	14326	6724	4471	8717	14987	4043	14752	16384	8494	2707	2938	9134	1131	8612	2588	16591	7960	4625	1889	3786	10198	6548	5215	13038	7525	3984	15983	16031
43	1.0	13696	13874	10386	3652	12176	2989	4804	2484	5707	12564	1856	10602	5903	10913	328	503	6587	8437	9158	16590	382	13352	3647	8531	1968	10840	4429	14408	5364	5860	14747	1364	15509	6033	10618
44	1.0	4262	2630	6143	17000	16312	16375	3640	9175	15439	11173	14696	5453	957	9689	1118	4223	16026	5383	10264	12436	10854	9001	11575	16086	2952	6711	14548	6236	7044	4422	1558	4834	16399	11739	10864
45	1.0	10169	4241	5521	14638	16257	9671	16194	69	9993	9325	5415	2527	11245	11234	1372	915	13102	3910	717	15482	10315	2287	7940	16595	2833	8535	4151	5429	8877	13316	1051	13487	13132	11290
46	1.0	5110	10673	5033	239	16413	1489	15476	5135	16844	4519	1773	7633	12030	13103	731	321	11722	13226	17034	9607	5069	4777	4772	8283	5899	9863	12471	12456	4640	6397	8912	2025	354	2074
47	1.0	13970	7286	3902	12818	17143	16927	15144	11507	5624	15246	9894	4494	11709	2748	11283	12584	7439	2858	14863	14841	14825	16832	10461	2835	10681	3642	16268	6353	13095	1809	10597	2390	6374	2461
48	1.0	14851	5176	2623	14038	1228	6890	9908	6743	16623	14883	12391	2269	3855	2506	1564	17030	3835	15930	15938	14842	4114	4112	15058	17392	8123	6794	16932	4873	15034	7426	12781	4976
49	1.0	16211	15942	13732	5507	10510	14099	25	1969	5700	0	4848	1292	1464	2504	17219	4259	16533	9067	8206	16100	6991	9587	14700	9234	4509	9171	9310	2216	12246	1749	6332	2357
50	1.0	2712	14116	8250	625	3499	5291	13522	12831	8443	7381	14071	4062	11742	15066	16455	17336	12934	2283	3838	10428	10542	8267	5216	6544	1559	6500	13705	11929	6032	16035	4488
51	1.0	9204	1340	3719	17041	9228	11139	8889	14418	5454	13082	2705	9407	5922	16327	10073	2581	3870	9086	13491	14562	14087	166	6399	2464	11779	531	13493	2166	4581	385
52	1.0	10062	14875	10009	11785	5473	7912	5644	15280	8969	13125	9542	14640	16998	2576	5154	6674	16953	13680	6710	3377	15370	11357	12663	13112	6676	12081	685	6031	11295
53	1.0	10063	15605	8033	7939	5031	259	15512	10971	5589	5783	10743	16286	16017	15271	12286	12282	9483	14375	1993	14683	2214	12765	17365	3847	12162	2255	10861	9969
54	1.0	3904	9615	9344	391	9632	16985	16785	15042	16842	8198	12562	11076	4140	3854	1403	4864	2811	6340	16759	1595	15352	6615	2955	869	4405	5853	17368	6050
55	1.0	8170	11093	1786	11200	16318	1484	5668	6749	4690	15220	13062	12523	9918	2225	13560	10875	2423	14107	4335	14006	10783	15011	15659	11490	5619	15190	10631
56	1.0	15458	11826	6535	12186	15349	12613	12072	13933	10573	13207	4165	974	13715	11622	6586	15441	5169	16121	12434	8265	16224	4150	14746	12474	6463	14464	4971
57	1.0	12877	2659	8073	14914	14246	11547	16129	20	5709	11158	508	3896	9351	1097	3913	306	12645	8797	4839	59	14745	2083	3424	11735	8484	7406
58	1.0	8278	10452	13525	5339	10695	11667	8865	6947	1615	6763	12312	12099	7752	2706	15357	4115	100	3175	13920	7704	10190	14721	11352	1667	8720	8939
59	1.0	16475	17020	7094	6432	5450	9284	7050	4380	14885	11442	11915	6023	2039	16893	4338	3484	15383	12727	4714	6403	5593	1044	6565	12762	13393	3157
60	1.0	3777	8365	9320	6840	14612	13679	9705	5689	15585	16280	7475	16737	1217	16486	15866	9741	5209	13682	6866	9312	13600	16879	5241	6135	9002
61	1.0	9343	9197	14457	7216	11300	857	15224	3186	1690	7415	5788	14026	14123	16594	13537	6712	3276	13319	2570	7165	11616	12161	10809	11635	16353
62	1.0	9203	4209	5601	10796	9307	15187	6003	1111	9467	9931	13965	5024	9377	15564	15396	13597	1041	12745	908	471	13051	11598	823	7402
63	1.0	15535	14225	15628	2657	10438	16628	11884	7859	3009	7360	4350	5377	12316	3180	734	2117	5204	8128	4797	9627	11411	1994	2319	10969
64	1.0	12903	15921	10046	14670	5219	12501	1056	16841	8606	10623	15520	4889	15733	991	7806	4369	4921	7845	6841	5650	16243	13606	10594	803
65	1.0	11095	3407	9712	4474	6471	10858	13126	2387	2110	10669	16127	6914	7101	15758	3729	8334	16442	13883	11690	1657	9943	13119	11969
66	1.0	4360	8383	10278	14322	11565	84	182	4129	2982	3367	14737	12854	6248	13124	10609	7734	15736	3358	6017	14546	5818	1578	16039
67	1.0	1329	1483	16238	17164	4236	10252	12856	2053	10181	16905	6280	324	13905	196	16537	15406	2204	8579	2974	7507	11590	12785	10756
68	1.0	9611	13870	4244	3598	16822	4521	16439	15661	14366	2170	8807	10587	4862	15996	1334	5736	15016	6719	7837	16695	6278	13667	3296
69	1.0	1880	13544	7138	8112	12941	8191	3470	13671	13049	9975	653	1756	10443	6732	11270	5486	14160	15754	15544	12108	3191	6868	7688
70	1.0	2966	1783	12426	12718	12521	4067	5580	13004	14808	10873	10741	3956	12553	15565	8124	16572	3317	2123	11358	5223	13706	13110
71	1.0	6850	8507	14674	5334	11131	14611	11740	953	9460	10269	15806	637	17237	3483	10390	15468	12994	1935	14521	16793	13158	3728
72	1.0	7347	12376	13147	14754	15240	15049	12401	9560	5921	6580	10130	10287	10463	10421	8415	846	1282	11793	15031	11902	17083	14730
73	1.0	989	9129	14303	4578	7386	16418	14199	7093	7598	8692	424	9529	9740	14144	17135	3721	9625	12469	15312	13314	16939	7540
74	1.0	609	17222	15556	4030	171	5479	15207	7533	997	7624	11276	4770	1888	12824	8953	12247	11257	13986	56	8089	12322	514
75	1.0	1814	2368	15041	1435	4079	15700	16571	10159	15578	6754	6593	16830	17299	8561	5664	10433	8652	3045	6920	4851	2135
76	1.0	6796	6977	4053	1745	1976	6417	12746	5630	11356	1778	9850	526	3006	7745	3997	811	7407	4410	8576	12123	2481
77	1.0	8085	13836	11879	4539	15531	6834	351	3036	2073	8039	3933	262	252	5733	4492	9548	14210	16389	6160	10818	8929
78	1.0	4106	1305	11978	1704	16920	7609	16922	7144	8210	3115	8072	1260	4390	13919	6118	10710	8279	12217	12091	14604	1914
79	1.0	4174	12524	7932	15	972	3518	8143	1974	9090	16052	17302	7990	15999	5666	4195	11781	3994	13009	2511	8273	15549
80	1.0	3475	9272	14870	8047	12188	11244	4666	3374	4204	8859	7921	13689	10615	15998	12093	13114	11784	751	6955	7476	7842
81	1.0	11172	3717	10350	16601	7241	4715	13593	1917	4754	9147	9186	7876	7753	8280	5677	7823	744	9685	12357	597	15183
82	1.0	1775	12861	13907	2583	7149	10289	7579	4751	14723	8887	12511	561	6745	11418	5170	4025	2919	13409	299	745
83	1.0	14798	10592	4811	14056	7251	3691	4890	3485	11108	9117	12751	11201	16417	7222	12771	16766	11449	2294	13282	5895
84	1.0	12954	13997	13901	2031	1205	15842	14910	11008	5726	13619	7865	9004	359	5553	16246	12720	14141	1290	10932	15059
85	1.0	14719	1628	960	15193	12668	7904	11376	2003	9562	12621	2392	15662	511	2418	7472	5952	16235	4232	12179
86	1.0	3489	4683	14512	8364	3378	12397	4673	3014	15961	347	9670	1665	4432	9697	16357	11890	1252	14204	8357
87	1.0	6356	13669	3099	7319	3198	13094	7161	14349	3020	11858	9558	12053	1748	15279	15591	16345	12629	7793	11567
88	1.0	4128	1432	12910	2634	15030	10045	16683	12051	1863	13723	4561	13354	5904	6348	3148	365	6257	14580	16199
89	1.0	7368	5947	16978	10403	2495	14976	3819	15704	524	7126	4507	9826	2006	1693	14388	10887	12298	15548	14249
90	1.0	16604	8314	212	12375	3343	6990	12448	4821	4776	4485	13021	11681	5322	950	12273	11605	7973	4409
91	1.0	2779	12098	16531	2470	16504	14544	14184	9965	8937	12020	1925	15893	6371	9481	9956	7275	9433	12717
92	1.0	5584	10728	13151	8369	8368	16806	9728	798	8141	273	17265	5635	14783	13483	2160	11777	14458
93	1.0	14045	5675	1141	9299	8589	6677	16382	6381	16410	1675	17261	6362	7461	10807	3676	10488	8827
94	1.0	200	5180	13632	8226	5940	8880	5001	13612	5985	5519	16317	12743	4608	9549	4484	1767
95	1.0	6855	15910	14258	4267	10086	15048	577	12753	1264	1249	7759	15851	13288	177	13138	8537
96	1.0	5341	15724	3200	10441	8552	9016	1457	4430	4576	4064	11895	12790	2796	9679	17241
97	1.0	9157	3811	4170	5954	9901	3504	16976	11012	8853	8936	8562	7900	12580	4588	8641
98	1.0	15043	3509	4171	13693	6774	2235	14005	15945	11543	13355	12619	12185	16041	11287	14759
99	1.0	8230	4277	12522	2502	14473	13958	3256	34	2056	17129	14661	8505	941	8787	1791
100	1.0	13820	14691	14831	4902	15449	1318	2154	11582	14682	6717	2262	5468	269	7792	10023
101	1.0	8040	15425	4701	971	2885	5194	16502	11542	4454	93	8831	8654	2354	16054
102	1.0	5029	13596	11412	2786	8174	13010	4075	65	6221	2829	10499	3302	8262	17084
103	1.0	4800	16890	4313	2380	9692	3942	1594	131	14515	1063	13121	8718	2266	9139
104	1.0	623	6011	4947	14559	8434	2962	15630	15170	15819	3600	111	6156	10029	9469
105	1.0	13077	4534	8776	8059	13944	9250	10083	3071	180	238	5550	6626	8412	6512
106	1.0	5159	8870	1122	2284	5615	11863	1899	1396	8325	9024	937	5009	9643	2162
107	1.0	13580	16980	12518	6657	13864	13613	10439	15898	13918	6062	10766	10482	11512
108	1.0	15651	782	7158	5564	15068	13068	6308	12339	11982	9874	3918	13044	376
109	1.0	4687	16845	14680	3586	14115	12741	10047	12646	7967	16434	16282	7185	4221
110	1.0	2594	13718	10451	12033	4719	120	2895	15478	17097	3133	7042	16291	10344
111	1.0	16200	9839	11129	1427	12889	8602	6501	13424	545	5528	932	8595	11656
112	1.0	1358	3597	8747	6770	2564	12699	15954	3319	10084	4218	16122	11528	17396
113	1.0	4813	15196	5825	15090	1902	4400	9763	10688	4629	10511	9047	8241
114	1.0	12693	8666	11683	12644	9006	4378	5918	13641	14069	7358	4200	3383
115	1.0	4759	15451	14526	14995	10996	763	2182	353	7831	11177	4852	14634
116	1.0	14044	11397	11744	7332	8207	4738	6212	12624	264	4682	15867	1327
117	1.0	13581	11414	4242	5305	8203	10759	403	11875	2164	4345	7401	1575
118	1.0	16736	3552	2628	4835	1355	8001	8030	2233	5851	7528	12602	16582
119	1.0	7993	2441	13661	15715	5546	14403	407	1038	769	12704	5137	8406
120	1.0	2042	7714	12387	6445	10470	2417	3190	12363	4587	13296	11150
121	1.0	16201	5430	11249	6751	14135	12766	535	10343	9605	17077	14140
122	1.0	14963	14739	16751	2491	10274	15250	13059	5838	5202	8000	6097
123	1.0	214	3958	14340	5911	10726	7592	10302	9573	5056	7536	10945
124	1.0	15317	8639	876	16960	10249	5617	12396	2394	12315	14294	11559
125	1.0	14853	15323	13444	11737	3362	14010	13720	5607	17028	11348	1011
126	1.0	12	16536	5385	3595	14002	7459	13489	11216	7965	5506	13231
127	1.0	3665	2471	9391	7451	2629	17128	3749	13058	11299	16598	3662
128	1.0	6573	581	4336	4641	5701	8622	11525	6849	13117	2686	6679
129	1.0	13960	4679	14421	4676	9112	8130	6731	8715	12049	6095	12346
130	1.0	883	2883	2916	15087	9455	7062	14283	16431	9799	1780	15643
131	1.0	8572	8884	11360	12268	11552	12152	7861	4595	4206	9327	4600
132	1.0	3384	15896	572	571	8671	16493	6446	16066	12027	1651	6871
133	1.0	3239	841	2561	11749	17345	8681	10925	639	10377	7737	10102
134	1.0	3215	8629	6393	16862	4457	5632	2247	5502	1459	12591
135	1.0	16555	1161	8227	14017	7733	5474	7535	12724	15290	516
136	1.0	14487	14129	10682	9140	1450	11961	10365	13036	16008	14164
137	1.0	2778	3610	7128	7835	7616	13707	6498	15492	12407	162
138	1.0	4056	14621	1801	16028	9746	4560	16943	15019	9680	9954
139	1.0	10967	7801	14998	15581	13494	16629	15391	15186	15243	11984
140	1.0	2443	7245	11021	15123	10700	8799	325	16144	1226	13234
141	1.0	16215	16566	8108	9008	16239	7997	11217	11904	16838	7781
142	1.0	8359	8392	14566	2754	4978	16718	15277	2836	16191	14709
143	1.0	1094	8361	9268	10265	5221	2492	9329	5877	16638	15505
144	1.0	7291	16202	9459	6284	14832	2497	6327	16825	10380	1896
145	1.0	11410	5618	13198	9072	1979	5452	10235	4354	11310	15008
146	1.0	3612	2217	6575	3517	3633	987	525	10472	11771	11354
147	1.0	3698	606	5718	4059	11553	17085	16451	1006	7907	9431
148	1.0	16692	6289	1351	11530	15219	5472	13405	7784	13497	2960
149	1.0	5002	9458	5578	6110	3492	14374	9672	16230	14957	15164
150	1.0	8433	5583	11092	17205	13899	15545	10237	15566	15762	10144
151	1.0	12683	11509	10725	16077	15307	3867	9015	7424	12423	15799
152	1.0	14941	14899	17349	3981	13640	12075	17290	5774	7403	2252
153	1.0	3203	5145	14387	13555	4786	226	10754	8856	13739
154	1.0	12408	968	1289	2700	16105	15850	14806	6929	6094
155	1.0	1645	1269	14308	6295	2304	2746	4952	5655	680
156	1.0	2863	3815	12412	11241	15477	9977	11082	92	4782
157	1.0	3547	11745	15940	14489	10983	6222	124	1689	1393
158	1.0	9698	16528	2981	11759	16549	6604	13542	6692	12347
159	1.0	12578	9919	14016	13908	4327	10392	12792	6021
160	1.0	3593	5229	16674	2086	788	4424	16021	5762
161	1.0	15249	5598	17350	15343	10952	10114	3282	4792
162	1.0	2472	12763	14185	7338	4440	8445	9782	11424
163	1.0	11429	16868	16490	1568	6194	9296	15555	13253
164	1.0	8192	13879	12362	7576	8670	7771	14585	7380
165	1.0	6519	6971	3795	2636	4413	6606	5760	9189
166	1.0	12323	15672	3620	8186	11212	1468	9550	6165
167	1.0	8175	16125	3570	6869	11868	7460	2832	10764
168	1.0	12682	1647	444	11105	13385	11521	167	2977
169	1.0	8759	5023	5282	11149	15582	17055	6330	4597
170	1.0	12253	7951	2869	12755	6803	2985	8680	11544
171	1.0	3396	1193	7316	3254	8621	8843	12960
172	1.0	13157	33	14166	4658	9984	10440	4957
173	1.0	5382	16786	205	4007	17390	8111	1034
174	1.0	12107	8049	1089	4994	16398	2188	11927
175	1.0	12594	5428	13146	8485	4987	377	3471
176	1.0	12527	4942	16642	943	8285	1440	8355
177	1.0	9120	14766	16767	16865	4718	8963	9924
178	1.0	7309	13091	6885	14619	15285	7355	13733
179	1.0	12503	11180	1850	6223	1492	11993	482
180	1.0	15935	16137	5295	10311	2017	7894
181	1.0	3921	4743	5523	7232	14452	5513
182	1.0	3581	4695	10852	12292	13748	14564
183	1.0	797	155	14953	7586	1526	10918
184	1.0	14985	6358	2984	7189	14277	16119
185	1.0	1279	9667	1919	4967	14586	7878
186	1.0	16925	2447	13395	8317	12054	11738
187	1.0	14982	10892	10915	3162	6128	11481
188	1.0	5259	3435	11540	11444	13028	5329
189	1.0	9061	8160	15928	16609	14703	12131
190	1.0	4272	15401	8269	2824	3315	433
191	1.0	1631	13780	12380	8933	1959	2012
192	1.0	1240	4826	10291	345	10079	3859
193	1.0	15607	12672	13488	2027	7871	13379
194	1.0	9064	8509	3224	1950	3733	468
195	1.0	8673	5015	5990	9247	6395
196	1.0	11454	13924	6420	8922	6870
197	1.0	7379	9242	14653	14068	3031
198	1.0	2315	12532	3798	16817	9835
199	1.0	15949	42	12637	9900	7860
200	1.0	7254	73	9959	9020	15880
