1	1.0	7813	9202	8306	3415	8980	8018	10105	6083	10515	12378	10189	11706	5523	287	2910	2709	6999	3330	6913	4078	4737	7220	2491	7683	2061	988	6595	5017	10539	6980	10435	9496	1713	10978	6511	10346	11763	8734	422	912	9725	3748	1336	8122	11002	7702	4052	12006	5871	1246	10863	8218	1347	9877	2202	4742	7495	3898	650	185	3879	3607	10312	2423	8378	11333	10565	10842	12104	4683	8448	9941	8837	11631	9180	9104	10008	9452	5215	6741	8561	8225	6557	3235	8130	3340	1195	4848	1297	2727	10261	10267	8001	2975	1040	4017	6465	2237	12167	7186
2	1.0	217	136	6517	6003	1915	2035	12270	9892	10725	7808	2551	10191	2495	5305	10616	10750	1380	1085	8236	11802	984	7139	11130	6149	6148	9300	833	5250	4726	2986	3572	11937	8735	11742	8519	11087	3509	7374	11612	9431	2595	11949	2457	6607	68	3009	3452	3519	4066	3455	3515	9404	11422	500	7924	8101	4276	10408	9504	99	12187	7000	9026	8260	8262	6115	11537	10923	7408	2513	9611	9450	5528	10470	6943	7674	6554	1057	6348	5455	5193	3186	10831	6224	1177	5164	4169	10170	1686	3351	7663	10373	2082	4158	11161	4995	8921	4585	9697
3	1.0	2715	4309	3322	4472	6873	7968	8715	8718	8904	6329	1319	10916	263	11275	8337	7964	4235	3139	9706	10685	1551	9902	4873	6565	1826	11370	2147	2798	10809	2254	1383	1083	1122	8606	115	9650	11132	83	6703	4205	4250	12397	12268	11938	362	3153	3318	3151	4429	519	5202	10415	626	5037	7852	62	5338	3164	11154	11157	8944	6287	11586	12336	12331	11337	8266	5651	8181	6215	12225	1517	2354	2104	9349	6812	6742	11406	12112	2132	11175	12464	9816	4516	3435	8031	11876	4598	899	9761	6865	4711	3784	1049	4393	473	8915	4856	4580
4	1.0	9200	1226	3928	6125	5079	5744	12077	12075	11303	1147	2325	3794	8714	2403	8719	282	3990	1096	8434	2598	12154	3402	9821	6095	11675	2311	2397	5857	2065	2794	1322	10326	6987	3272	10239	7970	7246	9783	2389	1656	1657	7532	4217	8754	10339	8455	7785	4544	4547	2046	5245	6506	7423	10416	9735	10303	9244	10386	7912	7914	2882	11992	11508	11016	2562	5700	6438	10040	7557	12455	6886	8004	4449	5181	10846	6295	3656	11857	10279	6890	11489	2947	6942	11249	7578	321	12219	11498	8317	2972	6632	6636	11169	4666	4991	11657
5	1.0	3498	12489	4022	6128	1546	4146	5907	11919	4988	3994	9685	935	7752	997	5266	3644	8870	6657	12387	2799	371	12267	5012	700	4894	9711	7879	5253	2989	3477	2300	2303	5844	2385	6308	1407	10874	7887	1138	8048	2762	4114	6673	3312	7782	5123	5533	6426	841	4297	5241	9559	1244	3758	3808	628	1344	6603	5139	9323	10252	2201	4826	11815	9400	6208	1350	6488	3729	11231	5654	7004	7566	11439	1747	6052	1160	11357	888	3531	6746	235	11076	6102	11565	9893	893	11047	8799	74	7940	3352	11494	1763	4583	6034
6	1.0	8620	660	8984	4229	3410	6576	8090	1077	3126	7057	12171	284	9060	5061	2842	10207	4034	12060	3641	8871	8872	1060	5302	6602	2416	12263	6856	9096	4555	5410	5312	12392	11600	9788	914	2070	4963	10130	8046	6672	5379	8125	10425	3019	4425	12379	453	7652	1870	7010	10001	7094	1637	5701	180	12132	3081	12134	753	7925	4777	10560	1865	4609	4448	4605	12182	7843	5182	10091	12478	4836	3964	2690	1164	743	2638	9228	9307	6101	5725	10835	891	5167	5201	12045	5739	11496	4152	1286	2002	9586	4855	1574
7	1.0	10453	3048	6648	5377	4380	2455	2248	343	1675	4888	1838	11838	2855	8330	4565	5515	1700	2553	3247	3032	4645	10321	10123	2822	5099	5568	3021	11768	12310	9637	10330	9153	382	384	8698	5814	9315	9310	5577	2577	3011	11356	4147	9739	2456	3801	2453	60	9639	10794	7792	6922	5436	1507	1509	1037	501	7351	6529	12029	13	5222	6209	8660	1457	3960	2697	2028	8587	746	6499	9128	5885	6629	12298	5198	470	871	11727	320	8923	8390	8000	3707	9214	11497	9293	7907	8724	8482	8768	682
8	1.0	1146	5802	5474	130	11057	4471	6874	4029	11381	1074	5370	10581	10812	6322	11704	8	6151	6442	10481	7256	5260	6561	5615	2796	6255	8609	5150	4209	9854	11886	9140	11035	4121	423	8209	7866	7025	9390	6776	12087	5876	3095	11113	10147	6834	572	1321	8412	1421	1583	11012	6986	12332	10627	7353	9260	12106	5187	5716	11530	3275	6211	6055	7999	8832	7174	6894	8406	6418	6100	1569	12216	1117	10935	8310	9042	7820	7949	9045	4715	5360	2129	7022	3226	4394	8911	4584	3980	806	358
9	1.0	8422	10295	2719	4020	4477	3799	11386	3797	5376	11853	9069	7045	1956	124	8531	12534	4649	11676	6019	4130	11908	5393	5016	4892	4325	8686	10432	11033	12015	10979	5258	3576	12390	2386	1395	3669	11952	2103	11122	11083	7028	249	844	12452	11458	9551	9969	6818	10305	332	7653	8466	252	255	7159	737	2116	8370	8102	9580	2956	6404	4834	6194	2352	10719	8360	1204	11323	5881	9753	5529	12197	7577	4002	3096	10930	9355	9111	9440	4797	11995	2088	6136	941	11712	1476	8760	7465
10	1.0	12482	11195	138	11304	6081	1775	12409	8671	4986	4989	3761	1090	9377	12432	10117	8537	5594	5598	8825	7528	9578	10536	2829	9992	9019	6519	12017	7631	7456	7023	11213	10421	12457	12510	4059	2675	517	4261	4185	9032	8119	178	5668	12569	1731	6762	7263	509	9132	9501	10392	5895	3173	966	2892	7992	11868	8925	5115	3905	3063	8560	4615	9057	7320	1617	12212	4590	6182	2509	2648	474	3624	5735	12280	4799	4460	2330	12360	3117	943	11163	9929	1769	1474	10775
11	1.0	6857	5170	8057	4360	10148	1261	3757	3802	9030	3716	10108	6457	9712	9165	3734	8229	5644	1050	5947	7713	3451	6550	8092	11746	2522	5722	1938	4537	6763	7204	5847	10836	12230	8067	4353	4866	1218	6246	10764	5065	3628	2870	10648	9279	2853	5008	10721	614	1861	3289	2164	3786	10226	10036	483	8795	5101	3885	5834	4770	781	783	12282	5635	6408	7561	3533	5269	2496	8588	3090	3532	1405	10594	4917	5914	1109	1629	12004	7978
12	1.0	1278	6463	668	4184	9093	10109	5702	6161	7014	1026	3046	4923	12176	5655	5435	12402	7053	6809	10811	7054	8659	2743	11585	8800	8716	6407	11878	10838	2815	10150	5613	7	1214	10335	43	2700	1318	6959	9747	615	7845	8021	8354	1598	4374	5516	3390	5835	10193	9294	2128	11008	4523	2469	6230	1455	7191	6213	3844	6414	11054	8582	4944	11776
13	1.0	2477	622	9206	11733	9265	10735	10160	4541	11135	9779	5525	4629	3655	7977	4201	8540	11984	4616	2322	3385	9818	603	5434	7615	11013	10602	5978	546	1019	3971	1506	11449	6296	8486	9370	4194	3954	1933	4222	6702	9658	8530	11082	7488	84	2133	7551	9870	4404	7448	10098	12427	6534	6467	6258	10828	10617	11471	8247	5798	728	9169
14	1.0	590	6192	3496	5454	11099	3967	270	7956	3678	6903	2090	963	9997	6944	12568	5548	12374	79	10773	11263	5234	6515	2985	1638	11814	11626	10766	6680	932	2076	1655	9118	5383	4211	9604	2444	714	6978	1860	9195	8572	11689	4371	7665	4600	2239	4479	1557	6658	949	11602	8168	3093	7766	4992	11867	10895	10716
15	1.0	2863	665	2925	7467	11363	10556	4434	7954	7114	8783	12074	9635	12585	1488	7920	4806	4144	9286	7328	1961	1548	8098	542	10583	2	7692	12157	5060	3586	1470	10158	9527	7399	6867	5326	1491	3074	6718	655	8007	8173	1635	4919	9968	11167	9642	1419	9885	8483	9944	6037	2692
16	1.0	8500	9072	9125	2770	8296	701	1203	10216	2590	4348	11059	2873	1739	693	6556	12540	5412	6635	4289	4384	10686	11582	6061	1508	10486	8431	3915	10331	8513	3833	11238	9097	3266	9987	10681	4350	3705	8376	1866	1427	7277	7371	6654	8940	5614	10868	1103	7841	9435	8642	2216
17	1.0	9616	2929	1140	9343	10410	4893	6815	550	2841	6086	7676	4346	6705	4551	1746	6435	4940	7971	5706	3694	8099	6064	508	5923	6022	8808	12152	1213	3585	10406	8717	5276	5033	6917	6910	3056	7821	9864	4812	2125	9297	5597	6405	3227	4818	4647	8454	1248	10598
18	1.0	8427	6497	601	3925	11825	3142	7463	4433	4347	4225	8407	10972	4047	1540	5627	11246	12393	4968	6023	9935	7194	465	305	9251	12024	11634	7863	71	6939	11313	9044	7706	1364	4601	12218	2555	2041	4013	6141	10954	5692	9791	12327	11427	1384	3405	8709	1002	927
19	1.0	6494	4248	8032	1782	10651	193	6143	1487	9646	12494	12527	3349	2547	6577	8091	1981	9919	11684	11504	5112	1501	6180	8736	2260	6024	5160	5001	469	10522	8638	9138	3485	11830	10013	8791	5484	4790	4230	2213	4712	4568	2337	3241	2570	8814	1451	11923	7160	2163
20	1.0	10006	1725	5111	8367	12488	10674	10259	8688	5504	3233	5825	6289	11030	12031	10155	8880	1255	4846	220	2265	2816	10649	9253	3071	10248	10249	3157	4941	10114	10502	3358	11237	1885	3781	7085	2556	9702	7768	3502	5574	9760	1535	12208	3549	11630	1459	11413
21	1.0	5173	7814	4087	6839	3719	4241	3141	5472	10212	3294	9166	6947	9056	5823	7269	12033	11859	8713	186	3181	4967	8737	7519	145	1092	6994	716	8200	2539	8538	7641	2765	3267	8790	4236	2188	2977	5041	3465	2894	3221	12269	8916	2517	7401
22	1.0	2964	6832	10043	9208	4762	8549	6627	757	6625	8541	6388	12445	1773	3550	979	289	1408	342	425	2443	1216	3182	10353	9110	1272	2285	7398	11212	11578	1803	3172	4682	1626	11023	4075	10981	6195	6311	6239	11714	8835	7890
23	1.0	883	9352	9364	3806	9474	1183	6900	9713	7380	9839	6785	3457	6473	9811	9789	12274	12276	3664	9444	1156	447	8286	10508	6669	5991	7623	11177	6938	3706	1609	1993	7370	6652	12305	11711	11044	7420	8646	10943	9519	8640
24	1.0	4303	1496	6596	3867	12545	11989	12567	5337	11226	4345	5098	7244	6433	1969	11265	11910	6368	11601	12356	9952	9607	10311	9374	8147	5322	1495	7788	8243	5759	9023	11417	4754	5839	7425	2141	8649	437	2009	7187
25	1.0	2921	10369	4024	9670	1485	1907	11484	8411	5052	11036	11493	2887	1736	5808	9463	1650	2113	11469	3743	12069	5128	8557	5320	5487	10243	8477	167	8244	6354	7276	8874	4662	8959	6337	11771	3848	9799	2166	2356
26	1.0	4364	596	8602	8385	272	3308	5747	3670	9141	10126	6434	3382	851	10893	4535	8969	1253	8809	5148	1093	8205	1178	8028	7129	5770	8918	2276	16	5578	5607	7052	1365	10823	920	6031	7183	821
27	1.0	559	3480	10308	8742	12428	10217	10519	11884	5072	12191	8196	2412	5561	4494	9548	3998	11762	5684	424	10135	9605	11917	4337	7169	3334	8123	4428	4933	12386	11535	6685	9964	12304	8700	12145	10595	12228
28	1.0	1167	9823	10293	10104	6875	10340	1362	4780	12018	3343	3695	6282	10991	1115	2367	1375	11310	502	2409	10266	1233	11963	1794	11073	11089	5993	4372	4355	11085	5271	1047	1640	7278	5793	2699	5853	7403
29	1.0	8219	2773	5316	10233	10035	6905	7222	3939	2543	11037	9383	3106	5453	11266	7772	11850	10953	2364	10970	5384	6826	2935	4966	6842	78	2504	11007	9901	11353	3441	2192	9573	7729	4483	5973
30	1.0	151	9074	2907	10329	707	767	8380	6146	3411	4705	6005	12399	5232	5902	2032	9954	4840	4961	9155	8238	3588	1932	1862	4798	5124	15	2135	3176	2217	6751	5348	9965	724	11660	11777
31	1.0	9077	881	10061	7286	9204	2618	10699	1926	10551	6941	5053	2756	11617	7075	5545	736	8657	10740	10390	6489	10398	4569	3052	11798	6501	6110	11028	5854	2146	2417	6234	6328	12309
32	1.0	10277	3590	9673	8303	7657	3459	5071	3733	7368	5430	6585	6470	41	2018	12030	3995	930	12333	10527	7296	1352	3838	4165	11975	10050	5674	10566	7644	5089	3889	11616	356
33	1.0	2575	3804	10068	9471	7346	10348	9671	9491	1814	6312	4695	8889	2480	4708	7550	5806	56	2877	6997	9729	9843	1645	4170	4681	9298	6566	12576	7522	2003	10615	7723
34	1.0	9263	3927	2844	8621	2295	12050	11786	110	7340	3040	1903	8133	8945	4823	7613	1018	3978	9956	9425	8928	8109	6712	11394	6119	3461	8082	5243	3684	7505	808	12054
35	1.0	740	2736	11821	9361	8464	5602	6927	4550	9917	1059	5093	6281	222	2406	2071	142	9150	4252	10177	12028	4377	6637	7272	6792	6568	6659	7211	4646	10800	12126
36	1.0	1789	338	11824	10670	3000	3167	5501	975	10974	1735	5785	9129	8826	1693	6045	11834	2460	770	2259	4253	7326	8752	6801	3524	9907	7445	929	298	11905	4456
37	1.0	6492	2291	4324	7839	11055	9857	10691	4722	1815	8403	3696	5097	5843	7984	8843	3762	906	5166	5555	4446	9176	12048	777	6275	10849	2492	12166	9576	2516
38	1.0	705	10385	10570	8543	8784	8191	5257	47	12291	1549	429	4861	11931	8964	147	2466	11186	2461	8575	9912	11556	4354	7780	4717	2270	6278	2379	1740
39	1.0	578	627	4637	1856	2198	11562	8010	8026	2484	3517	7249	12313	5922	10819	11766	3338	12288	12438	1550	4872	3788	1974	1971	10614	9920	11457
40	1.0	3611	8158	4245	5649	4102	7672	2883	4285	7070	1756	7290	8374	582	4095	2625	443	9708	6734	3132	11315	3886	7701	7088	1181	11860	5976
41	1.0	768	745	11882	9185	8139	134	3615	11150	5565	1955	7698	4272	10704	7962	6915	6936	8415	10841	5441	12321	8332	8479	11843	6462	5938
42	1.0	5155	12586	6574	5581	11247	8806	4984	420	7439	632	7829	7046	8241	11890	6402	3378	7373	5220	4996	861	8917	5695	827	1004
43	1.0	11138	7209	4728	3347	12013	2745	12231	4965	3894	585	1274	6264	7565	7231	9041	1958	11538	11790	1067	2415	7996	2418	2064	6256
44	1.0	9731	153	2733	5296	2775	9308	3652	10559	7301	8946	8509	7462	6228	1879	7530	8103	5021	7624	2696	5738	2991	1411	3969
45	1.0	989	5038	11305	5549	49	4676	5482	6226	2151	11914	12550	10546	4607	8579	7120	11084	1800	11102	3220	7427	6335	802	2691
46	1.0	11828	2431	3946	8350	6628	8520	10696	6288	853	3512	12012	10607	11705	2916	8699	7001	4370	11060	4424	5935	5930	9649
47	1.0	3812	1634	1208	10169	6689	8776	2329	10080	9800	2701	4100	12286	10798	8328	10814	8970	5640	3313	2740	1392	12548
48	1.0	5177	2960	9610	7086	1793	6502	264	5721	858	2766	11067	5240	11973	10586	10940	2112	9596	7948	9554	10558
49	1.0	2859	5586	3717	836	2105	3768	3447	9884	11354	5462	9847	11306	7678	5103	7243	1436	8271	5990
50	1.0	2734	2044	4216	2723	7854	8506	2314	3929	11976	4006	12461	6327	10381	1100	10778	6650	126	8855
51	1.0	7704	3217	948	1728	3381	8186	7311	1260	7988	5324	9461	4979	6145	5679	810	3408	11520	8352
52	1.0	10276	9134	5719	4680	11152	1582	8471	7309	2927	2231	8924	238	12047	6033	8267	11564	11554
53	1.0	10140	2711	6594	10334	5345	9454	5119	789	2818	1298	5332	2020	7661	2834	9705	5481
54	1.0	12547	8036	5403	4814	7215	956	380	8963	520	8019	1007	4156	2062	2944	10909	7048
55	1.0	10197	857	5256	2917	1273	5284	2220	89	4501	7068	6419	1489	4076	10478	3704
56	1.0	1630	9334	2627	7285	7305	7067	6760	7138	1875	6670	11214	6	6160	10548	6951
57	1.0	3407	4736	9073	7274	790	11557	11104	6067	8336	9405	10224	11765	8794	3982	817
58	1.0	2345	4899	11018	10654	12571	6477	10198	7647	5129	4109	5136	9492	4927	7893	10684
59	1.0	8035	11829	773	23	1061	11389	11255	4530	3370	355	7103	7938	1911	8696	11532
60	1.0	4638	1222	2025	10985	10641	4440	6168	11552	2378	3880	12341	11448	9413	10742	2117
61	1.0	6600	4018	8875	8056	5063	12479	3492	1846	10783	8815	498	7172	3291	11479
62	1.0	4930	11145	12474	9447	6103	1131	8750	3140	10673	7344	1441	7192	916	8967
63	1.0	3249	6345	3798	8639	4197	2485	8701	10771	7225	3934	9036	2807	2372
64	1.0	4407	1413	3482	3319	7909	2109	12456	6726	4556	7846	497	8318	6303
65	1.0	5067	5351	6787	7203	3620	1135	5949	9572	10901	1475	2851	5862
66	1.0	7927	1949	6392	4278	3718	6962	11780	2824	5687	2098	6139
67	1.0	1227	4749	10414	4338	6297	3420	244	4959	11848	10636	10493
68	1.0	4813	1199	10096	4161	4298	11861	1578	1950	2532	7529	709
69	1.0	12418	1543	8388	2235	7610	6814	3	241	2317	9755	3640
70	1.0	12492	9473	9112	4193	12404	6283	8673	4104	9993	2503	7858
71	1.0	7334	4669	7608	1941	9115	3256	5314	5779	12322	7111	1951
72	1.0	5344	1082	3013	5714	4291	5562	11964	4027	4379	11131	11651
73	1.0	3438	4690	2580	12364	3200	8951	4515	3868	6743	8413
74	1.0	2712	7303	11470	6431	7440	1151	11474	3073	5841	9921
75	1.0	3782	1448	1979	946	2290	5447	1107	1597	9875	12229
76	1.0	7097	8175	6588	5710	3679	11545	9681	2102	7349
77	1.0	8105	4934	2783	6663	12391	10395	9647	4014	2075
78	1.0	5584	7318	7087	7050	7482	6667	11738	299	2252
79	1.0	2578	617	11373	7888	10210	8112	7973	7862
80	1.0	1269	9158	4135	7034	3337	2505	8527	419
81	1.0	5461	2861	8396	6755	11308	8492	8446	8187
82	1.0	1172	3034	5032	454	9796	10638	10769	1577
83	1.0	2998	9733	7287	4415	11123	8138	11576	11485
84	1.0	6422	12128	1088	1844	10917	5553	549	9704
85	1.0	2787	4061	8990	12528	7708	6617	5971	6376
86	1.0	5172	10149	1184	3321	10553	6198	10947	7941
87	1.0	1589	4701	3863	10714	5151	4358	6032
88	1.0	1812	450	7155	4330	6736	5502	9188
89	1.0	5388	4783	7367	10203	11488	11209	4659
90	1.0	3505	5531	3976	7108	8583	11574	6170
91	1.0	1287	11252	570	11160	3440	2893	11669
92	1.0	6011	12521	11503	11075	11737	6165
93	1.0	8425	2602	8088	472	9655	2537
94	1.0	769	1730	11178	2424	3072	7881
95	1.0	196	4342	11658	1749	7109	1381
