1	1.0	RAET1G	ULBP1	HCST	ULBP2	RAET1E	ULBP3	KLRK1	MICB
2	1.0	PYDC1	DDIT3	BACH1	DBP	MAFK	FOSL1	BATF3	MAFG	NFE2L3	ATF7	IFI35	ATF4	FOSL2	CREB3L1	NFE2L1	C10orf119	MLLT6	JUND	FOSB	C14orf80	CEBPD	CEBPE	TEF	CREB3	ATF5	CREB3L4	CEBPG	ATF3	NFIL3	CREB3L3	HLF	BATF	NFE2	JUNB
3	1.0	CGA	CGB2	CGB5	CGB8	CGB	CGB7	FSHB
4	1.0	MCHR1	DEFA5	DEFA4	AGRP	ASIP	MC5R	DEFA6	PMCHL1	PMCH	MC3R	MCHR2	MC4R	MC2R	MRAP	PMCHL2
5	1.0	CAP2	SSNA1	GRAP	SEC14L5	FREQ	SH3YL1	PPA1	PIM2	SPAST	PRDM1	CHKB	TBCK	SUPT6H	METTL7A	ZIC3	MAF1	BMP2K	SLC47A1	NET1	DUSP14	SC5DL	GBP1	GLI3	PI4KB	GRAMD1B	SLC13A1	CHN1	FNTB	ETNK2	DUSP21	LHX8	TCP11L2	STXBP2	DLAT	ACTR3B	PIP5K1A	TPTEP1	SMAP1	DXO	IHPK1	C20orf191	KIF3A	EGR1	DOM3Z	CAP1	SLC13A4	DNAJB1	ZNF501	PRDM16	TBCA	PDPK2	GRAMD1A	PHLPPL	USP15	SEC14L4	HMX3	GRTP1	GAS7	PNPLA7	SLC36A1	CAB39	HIPK3	RGL3	ACACB	PRKAA2	KIFC1	TREH	CPT1B
6	1.0	GPR151	GALR1	GAL	GALR3
7	1.0	IGLV4-69	IGLV2-18	IGLV6-57	IGHV	C1QC	C1QB	IGLV3-27	IGLV7-46	IGLV7-43	IGKV2-24	IGLV11-55	IGLV2-33	C1S	IGLV4-60	IGLV2-11	IGKV1D-42	FCGR3A	IGKV1-5	IGLV10-54	IGLV2-23	IGHV7-81	IGHV1-69	IGLV8-61	IGKV4-1	IGLV3-12	IGLV3-22	IGLV1-40	IGLV1-36	IGLV3-16	IGLV4-3	IGLV3-25	IGLV5-37	IGLV1-44	IGLV5-45
8	1.0	TTLL1	C18orf10	C19orf20	LRRC49	NICN1
9	1.0	WNT2B	WNT5A	FZD2	WNT11	FZD5	FZD10	GIPC3	SFRP5	WNT3A	SFRP1	WNT10B	CER1	C6orf94	PORCN	FZD4	FZD6	FZD8	FZD3	SFRP2	FZD9	WNT7B	WNT9B	WNT10A	WNT2	FZD7	WNT8B	WIF1	WNT6	NDP	FZD1	WNT9A	WNT8A	WNT7A	SFRP4	WNT3
10	1.0	FOLH1	NNT	PDIA5	ARMC10	SDF4	TM9SF1	FAHD1	ACTBL1	MRVI1	C11orf59	ITFG3	TUBB8	FAAH	NUCKS1	MRPL44	DNAJB12	ALDH3A2	IRAK2	UBAC2	MRPS25	ATP12A	RAP2B	KBTBD3	SLC16A1	MTDH	FAM83F
11	1.0	GPR83	NPY5R	NPFF	NPFFR1	NPY1R	PPY	NPY	NPFFR2	PPYR1	NPY2R	PYY
12	1.0	NSL1	CENPL	CDCA8	SPC24	CENPH	FAM33B	KNTC1	KIF2A	SPC25	CENPK	CENPO	MIS12	CASC5	CENPP	ERCC6L	CENPN	KIF18A	CORT	CENPT	CENPQ	KIF2B	MLF1IP	NUF2	MRGPRX2	SGOL1	DSN1	C18orf24	CENPM	SKA2	ZWINT	ZWILCH	C14orf48	NDE1	CENPI	BIRC5	CENPE
13	1.0	FGF14	KL	FGF21	FRS3	FGF3	FGF18	MRPL16	FGF8	FGF7	FGF17	FGF11	FGF5	FGF13	FGF22	FGF6	FRS2	FGF12	FGF10	AOF1	FGFR1	FGF19	PHEX	FGFR3	CCDC17	FGFR4	FGF4	FGF23	FGF9	FGFR2
14	1.0	TRIM46	RPH3A	WDR37	BIRC6	C8orf42	ARHGAP44	SEPT4	SYN2	VAT1L	MTHFD1L	BASP1	SBF1	MARCKS	KIAA1244	RAB3D	RAB3B	NIN	PTPRE	PDE1B	C2orf55	PCSK1N	SBF2	ROGDI	CNP	MTMR1	NIPSNAP1	TMED4	PLXNA1	MAT2B	CAMKV	KIAA1468	RAB10	RAB15	MAP6	NAPB	DIRAS2	SYT2	PDE1A	HEATR5B	PLA2G12B	KIF21A	TPD52	SEPT5	ADD1	BAI1	HOOK3	C14orf166	ATP2B1	LIN7B	RTN3	HSPA12A	NGEF	VAT1	SEPT3	SYT5	KIF21B	CAMK1	SV2A	SEPT11	GLTP	SEPT6	MFSD1	ACSBG1	DCLK1	SEPT8	TPD52L2	TOMM34
15	1.0	ZFP106	PRR6	PPP1R10	ARID5B	ZNF174	ZNF687	ADARB2	ZNF768	ZSCAN12	ZNF362	RSBN1	RBAK	FAM120C	ZNF317	ALPP	RREB1	ZNF592	KIAA1553	ZNF462
16	1.0	NDUFA13	NDUFA10	MT-ND5	NDUFB9	NDUFC1	NDUFV1	NDUFS5	NDUFA4	NDUFS8	NDUFA6	NDUFB7	NDUFB6	MT-ND2	MT-ND6	MT-ND4	NDUFB2	NDUFB8	MT-ND4L	NDUFA1	NDUFB1	NDUFAB1	NDUFV3	NDUFA12	MIR4461	MT-ND3	NDUFS6	NDUFS7	NDUFA7	NDUFA3	MT-ND1	NDUFB11	NDUFA9	NDUFB3	NDUFB5	NDUFA11	NDUFB10	NDUFA2	NDUFS4	NDUFC2
17	1.0	KLRC3	TREM2	SIRPB1	TYROBP	NCR2	CLEC5A	TREM1
18	1.0	KCNG2	KCNG3	KCNF1	KCNV2	KCNG4	KCNS3	KCNG1	KCNB1	KCNC1	KCNC2	KCNH1
19	1.0	KRTAP3-2	SMUG1	IHPK2	YIPF4	C11orf54	RNF208	PHF1	OTX1	YIPF3	STRBP	HOXA1	ZNF764	NTN4	MFSD3	ZC3H10	CLDN2	CNNM3	PHLDA1	FAM103A1	FLJ46365	EXD3	C2orf51	CTBP1-AS2	NEU4	RBM24	NPDC1	DLK2	HOXB9	C8orf48	C10orf62	THAP10	C12orf12	SPG7	CHIC2	WDR42A	C6orf165	SFI1	C10orf54	NME4	RBPMS	FAM46D	FASTK	GPSM1	KIAA1984	ZNF440	ZNF439	LOXL4	ZNF581	ZNF101	ATXN7L2	BAHD1	DHRS1	ZBTB24	THEG	ADAMTSL4	PTCHD2	SEMA4G	PDLIM4	SMCP	CPSF3L	PLSCR3	CATSPER1	PGLS	FBXL18	C9orf100	SLC35A2	PLSCR1	KIAA0415	CCDC116	RHOXF2	METT11D1	CARD14	CDC42EP1	FAM76B	KRTAP4-12
20	1.0	CCR8	CCL4L2	CCL23	CCR2	CCL3	CCL2	CCRL1	CXCL11	CCR7	CXCL10	CCL14	DPP4	CCR3	CCL15	CCL1	CCL16	CCL19	CCR10	CCL5	RP11-195F19.5	CCL7	CXCL13	BLR1	CCL3L1	CCR1	CCL8	DARC	CCL21	CCL25	CCL22	CCL11	CCL13	CXCR3	CCL26	CCR4	CCBP2	CCL17	CXCL9	DPP8	CCR9	CCL4L1	GPC2	CCL24	CCL27	CCL28	CCL3L3
21	1.0	HLA-DRA	HLA-DOB	TRBV7-9	HLA-F	HLA-H	CD3D	TRDV2	HLA-DRB3	HLA-DMA	HLA-DPB1	HLA-DQB1	HLA-DMB	HLA-DQA1	HLA-DPA1	TRAV29DV5	CD3E	HLA-DRB1	HLA-DOA	CD3G	HLA-DRB5	TRAV20	TRBV19	HLA-G	HLA-DRB4	HLA-E	TRAV8-4	TRBV12-2	TRAV19	CD247	HLA-DQA2
22	1.0	DNAJC10	ZSWIM2	ACMSD	C18orf54	OTUB2	FAM156B	MAGEA11	TMEM29B	TMEM123
23	1.0	CRHR2	ZFP91-CNTF	MS4A2	AXL	PTPN11	IL6	CRH	CXCR4	EPOR	CBLC	IL3RA	STAT2	JAK2	SOCS3	LEPROT	DUOX2	SIGLEC12	SOCS6	ERAP1	CRLF2	CD300LF	CD80	CBLB	PDLIM2	UCN2	RNF31	JAKMIP1	MAGEA12	IFNWP18	SIGLEC11	SIGLEC10	KLRB1	SOCS2	PTPN6	SOCS5	CSF2RB	NUSAP1	CBL	SIGLEC6	IRF3	STAT5B	TYK2	LILRB4	FLT3	JAK3	CLEC4A	ZNF467	PILRA	SLAMF6	GH1	RBCK1	BTLA	C1orf109	SHB	KITLG	JAK1	CUZD1	C12orf23	CRHBP	CD33	LEP	CD86	CDKL2	UCN	RXFP2	CSH2	TREML1	GHR	CMAS	TRIM8	CISH	STS	TXNDC11	CD72	NEK3	C6orf25	SOCS1	IRF9	LAIR1	UCN3	STAT4	CLEC11A	STAT5A	DUOX1	GH2	IL12A
24	1.0	UQCRH	COX6B1	COX8A	SURF1	COX6C	COX4I1	UQCR10	MT-CO2	COX7B	COX5B	COX6A1	UQCRQ	CYC1	COX15	COX5A	MT-CYB	COX7A2L	COX7C	MT-CO3	COX3	UQCR	MT-CO1
25	1.0	KCNN1	HMGN3	PRG4	SLCO2A1	ZNF32	DENND1C	C21orf63	SPRYD4	KCNH7	FOXJ1	EXTL1	ZNF311	PANX2	LY6D	ZKSCAN3	GRB2
26	1.0	EDNRA	PTGFR	GNA11	BDKRB1	PTGER3	CYSLTR1	AVPR1B	GRM8	GRM2	GRM4	AVPR1A	CHRM2	HTR2C	HTR2B	ADRA1D	PTGES	NTSR1	OPRL1	CHRM1	GRM3	TACR1	ADRA1A	GRPR	EDNRB	CNR2	GNA15	TBXA2R	PTGER1	GNAQ	TAC4	HRH1	GRM6	CYSLTR2	TACR3	LTB4R	TACR2	CCKAR	GNA14	PTAFR	TRHR	OXTR
27	1.0	GDF7	ENG	CES3	BMP6	OC90	TGFB3	GREM2	FST	LEFTY1	GDF5	BMPER	BMP8B	INHBB	TGFBR3	BMP7	BMP4	CRIM2	CHRD	FMOD	TGFB2	ACVRL1	BMP5	TGFB1	BMP8A	CHRDL1	MGP	TWSG1	INHA	INHBA	FOXL1	VASN	CHRDL2	NODAL	NOG	ACVR2A	BMP2	AMH	SOSTDC1	INHBC	TLL1
28	1.0	SERTAD3	ARMC2	TBC1D19	ICAM4	IGLL1	APOC1	ROBO3	FAM83C	DBC1	CKAP2	LECT1	SLC6A9	IGLV3-21	GJA12	IGLC2	CACNA2D2	PDE4B	SAA4	SETDB2	TXNDC2	KIAA1409	C11orf46	IGHG4	KRT72	IGHV4-31	AOAH	OR2T6	GDF10	CDH12	DNTTIP1	FAM169A	OR8D2	TNS3	ZNF232	SMPDL3A	SERPIND1	DNTT	MOCOS	RFXDC2	PKHD1	PLEKHK1	SPEF2	ABCA6	QDPR	KRT16	SCAF1	TGM4	CP	MPO	IGKV2-40	IGLV2-14	IGKC
29	1.0	RAB11FIP2	OSBPL3	PFKFB2	TEAD3	TBC1D1	AKT1S1	ZFP36L2	KLC4	CRTC1	RABEP1	RAB11FIP1	CEP250	REEP1	MRPL52	RASSF8	PDZD11	MAST3	FAM53C	SHROOM2	TRIP11	PCTK3	CDHR2	LARP1	MAST2	KIF23	KLC3	KIF1B	SRGAP2	KIF1C	LSR	DENND4A	KSR1	NADK	CROCC
30	1.0	FBXL11	EIF2AK3	EDG4	SMO	BCL6B	BCL11A	PANX3	PARP12	PCDH9	KIF13B	KMT2B	IDI2	HSF4	HELZ2	SENP7	POU2F3	ELF1	ZNF443	SLC27A5	EBF1	WNK4	GRLF1	TNFRSF8	WNT16	ZMYND8	GPR23	EPHB6	OSBPL1A	RNASEN	OSR1	MTMR6	CSMD1	ARNT2	UTP6	PPAP2B	DNAH9	NKRF	BCL6	WDR35
31	1.0	PPAT	NOL10	MRPL2	IMP3	UTP3	HEATR1	WDR43	DIMT1L	AK6	TBL3	RBM19	RCL1	NGDN	NAT10	NOC4L	UTP15	NOP58	RRP12	DHX37	NOL6	RPS7P1	MPHOSPH10	PDCD11	TSR1	C14orf21	KRR1	RIOK2	DDX10	AATF	UTP18	WDR3	CIRH1A	ESF1	ABT1	BMS1	WBSCR22	DDX49	ERO1LB	WDR46	PNO1	IMP4	BRSK1	PWP2	PDE10A	UTP11L	DDX52	WDSOF1	MVD	NOB1	RSL1D1	UTP20	RRP9	WDR36	NOL14	BYSL	EMG1	COQ2	FCF1
32	1.0	GNAT3	GNGT2	GNG10	HRH2	GNG3	GNG7	ADCY4	HTR7	GNG8	GNG5	RGS11	GNAS	GNG13	ADCY10	GNGT1	CHRM5	GNB5	GNB3	PTGDR	GNG4	ADCY9	ADCY7	GNG2	GNG11	HTR5A
33	1.0	IL11	IL29	IL28B	IFNW1	IFNG	IL13	IL5	IFNE	IFNA16	IL28A	IL20	IFNA10	IFNB1	IFNA2	EPO	IFNK	CLCF1	LIF	TSLP	IL24	IFNA6	IL12B	IL4	IFNA13	OSM	IL23A	CTF1	SOCS4	IL15	IL22	IFNA8	CSF3	IL7	CSF2	IFNA4	IFNA14	IL20RB	TPO	IL21	IL26	IL2	PRL	IL19	IFNA5	IL3	IL10	IL9	IFNA21
34	1.0	ARHGEF16	SHROOM3	SH2D3A	PACS2	RND3	PKP3	ERRFI1	C1orf106	TNS4	FAM53B	PTOV1	GAN	SHCBP1	ARHGEF17	SIPA1L1	REEP4	KLHDC2	CCDC101	C1orf32	USP43	SAMD4A	SHROOM1	ALS2CR13	TRIM32	GPRIN2	REEP3	SH3BP4	LAD1	SASH1	C22orf9	CDC42BPG	CHST1	SFN	SGK223	C6orf113	PTPN3	EDC3	ARHGAP11A	ANKS1A	RHPN2
35	1.0	F9	IL32	CTSG	F8	MST1	MMP11	KNG1	TMPRSS11E2	F11	LYPD3	CTRB1	SERPINF2	SEMG1	APOH	C4BPB	PLAU	F3	SERPINI1	SERPINB12	CTRB2	F10	CTSK	KLK1	AMBP	MMP15	AMOT	KLK2	PLAT	ADAMTS13	GGCX	KLK3	SEMG2	GP5	KLKB1	ELA1	F12	SERPINE1	TMPRSS11E	SERPINA4	KLK6	F13A1	TFPI2	MGST3	PROS1	F13B	PROCR	HRG	PRTN3	CPB2	SERPINA3	LPA	HGFAC	KLK13	F2RL3	ORM1	PROC	SERPINA10	F2RL1	SERPINC1	MSTP9	PLG	FPRL1	THBD	TFPI	NOTCH2NL	A2M	CAMP	SERPINA5	FGG	F2	SERPINB13	PROZ	IGK	GP1BB	F5	SERPING1	KLK5	GP1BA	ELA2	ST14	GP9	MMP12	SERPINB6	SERPINA1	SPACA3	ACR	PF4	DERL3
36	1.0	ZNF607	IQUB	ZNF679	C18orf56	ZNF707	ZNF559	ZNF136	BAALC	MDFI	C19orf60	C20orf75	RP11-262H14.4	AQP5
37	1.0	ARHGAP26	CARD6	LEPREL4	TTBK2	TRPM6	AMHR2	TCEB3CL2	GFRA2	PKN2	CHKA	TRPM7	USP18	CFHR4	ZNF655	GPR113	INHBE	PRDM15	HOXA3	NPAS3	SMTN	SLC5A12	PATZ1	GAS2L2	OR10H2	MIB2	LCORL	ADIPOR1	PINK1	RPH3AL	GPR103	C12orf11	STAB2
38	1.0	UROS	PPIC	ADAM33	ITPRIPL1	CSTF2T	UBQLN4	PCDH17	QSOX1	ZG16B	GABRD	GPX7	CEND1	ANKRD13D	PLUNC	PCDH8	SPAG8	HAVCR1	CDSN	CCDC107	CCDC134	ERP27	DKK3	EPDR1
39	1.0	OBSL1	AGA	F7	CFB	C4B	PLA2G4F	PF4V1	IGDCC4	SACS	AMPD3	ZNF292	HPX	KRT13	C4A	APOC2	OR3A2	CTAGE5	KIAA0232	KRT6B	ITIH1	PCDH1	CFD
40	1.0	PSMB6	PSMC3	FADS3	PSMF1	PSMD12	PSMC5	PSMB10	DERA	RFT1	PSMD8	PSMA7	PSMB7	ADRM1	PSMA4	PSME4	PSMD10	PSMB8	PRMT9	UBE3B	PSMD4	PSMD6	PSMB2	SNRNP35	USP32	PAAF1	PSMD5	PSMC2	GIYD2	PSMD13	FHOD3	PSMC4	RBM45	PSMA3	PSMB4	TXNL1	PSMD2	CECR5	NSUN5	PSMA5	C16orf72	SHFM1	ELOVL1	SLX1B	UCHL5	PSMA2	RPUSD2	MRPL30	USP14	PSMD9	PSMB3	PSMA1	PSMB1	PSMC1	PSMA6	TTC38	PSMB5	PSMD3	PSMC6	PSMB9	ZFAND2A	PSME1	POMP	PSMD1	PSME2	KIAA0368	PSMD14	DCLRE1B	PSMD11	HTR1E	ABCB5	PSMD7
41	1.0	MAP3K4	ZNF33A	TEC	GFPT1	SLK	CABC1	NLK	PRKCQ	LSM14A	STK16	ABL2	AAK1	DCK	NEK11	DCTPP1	INPPL1	NQO2	MELK	MAP4K2	AZI2	KIAA0528	HRNR	ADK	AFF4	TBKBP1	FAM83A	GSK3A	HIPK1	COL11A1	SNF1LK2	RPS6KA2	ADAM28	ZNF567	ACVR1B	MARK4	CSNK1G3	LIMK2	ACOX3	GAK	PDE4A	GAPVD1	PRKD2	EPHB2	MAP3K11	PKN1	ATAD3B	MAP4K5	MAPK6	CAMKK2	FRYL	EPHB1	TXNDC1	PKN3	PKMYT1	PRKAA1	PIP4K2C	RPS6KA1	DOK2	ALPK3	ULK3	EPHB4	KIAA0195	DDR1	PRKAB2	SPEG	ADCK1	PLK4	MLTK	NUDT7	SEC16A	EIF2AK1	TAOK3	MLLT1	SIK3	PTPN18
42	1.0	PHC3	CBX2	NPTX2	YAF2	CBX7	PCGF5	FBXL10	L3MBTL2	BMI1	EHMT1	PCGF1	CBX8	BCOR	RING1	PHC2	PCGF6	PHC1P1	RNF2	THOC6	SCMH1	TOX4	C1orf128	RNASEL	TMEM70	NPTXR	CDC73	CBX4	PCGF2	E2F6	MGA	PCGF3	BSDC1	NPTX1	PHC1	ZBTB33
43	1.0	VSTM2L	MTERFD2	STAC2	ST6GALNAC6	CXorf20	ATXN1	ZNF488	C11orf41	ZCCHC13	FAM21D	ARID5A	SLC51A	AHDC1	C16orf77	CLEC4F	ZNF804A	SGMS1	SFRS14	KIAA2026	C17orf81	ACOT7	ZNF609
44	1.0	NCLN	SEPSECS	TRAPPC11	CHRNA4	CCDC128	ATP13A3	ITPKB	GCC2	TDRD3	PHF14	BEST2	PGS1	CDS1	USP12	TULP4	CRELD2	KIAA1622	CD209	CNOT6L	C12orf30	BICC1	SMOX	C21orf59	SFRS8	MRPS15
45	1.0	TMEM57	UBE1L2	SMAD9	CPXM2	KIAA0226	MAN1C1	ZNF557	EVC2	ZNF484	MTMR11	MGAT1
46	1.0	PCBD2	PTK6	PEAR1	DYRK1B	MET	CAPN5	SEMA3A	SH3BGRL3	PIK3CD	SRMS	CLK1	PDGFRA	BMX	HPN	FRK	FER	SEZ6	SHC4	CHST15	VEGFC	ART1	RASGEF1C	FLT4	IGF1R	VEGFA	FES	C14orf4	UBL5	DYRK2	SH2D5	PIK3R2	PDGFRB	FIGF	CPM	PIK3CG	ERAS	NRP2	PIK3R4	PDGFC	PIK3R3	PIK3CA	CLK4	HGF	STYK1	TXK	KDR	SEMA3B	PIK3R5	SEMA3C	SHC2	FLT1	HCK	ANGPT1	CAPN11	EGF	VEGFB	PDGFD	PDGFB	SEMA3D	FGR	IGF1	NRP1	C17orf38	HSH2D	SHC3	TNK2	BLK	PGF	PIK3CB	SEC14L2	ERBB2	TNK1	CLK2	TESK2
47	1.0	GABRA3	GABRQ	GABRG2	GABRG3	GABRB2	GABRB1	GABRA1	GABRA6	GABRA2	GABRA4	GABRB3	GABRG1
48	1.0	APPBP2	C10orf137	SLC22A6	ODF3L1	PI4KAP1	KIF6	ZCCHC12	PI4KAP2	WDR24
49	1.0	HDHD3	DDAH2	TRIP13	SIGLEC5	FAM69A	ARL11	KIAA1609	PLAC8	GLYCTK
50	1.0	GDAP1L1	ESAM	ZNF554	FCER2	SELPLG	MFAP3	MIOX	FSTL1	ALS2	KIAA0652	C12orf44	CRTAP	PALM	GP2	TXNDC5	AMY2A	SNX16
51	1.0	DDX51	SLC45A1	DDX27	FTSJ3	PAK1IP1	PES1	RRP15	RRS1	NMD3	WDR12	DDX54	ZNF622	MKI67IP	DDX56	BXDC2	DDX24	RBM13	NOC3L	NOL1	DHX57	RRP1B	MRTO4	RBM28	BXDC5	KIAA0020	BOP1	ZNF593	MAGEB4	GNL3	SDAD1	NSA2	BXDC1	GNL1	GTPBP4	NIP7	RBM34	TMEM9B	NLE1	C15orf15	NVL	CEBPZ	GNL2	EBNA1BP2	PPAN-P2RY11	DDX18	NOC2L	SLC10A7	TEX10	WDR74	DDX55	SLC45A2
52	1.0	PHF5A	CSTF3	CLP1	PAPOLA	NFX1	U2AF2	SFRS9	SF4	CSTF2	SFRS7	CPSF2	TXNL4B	MAGOH	POLR2J	HNRPF	SFRS2	PCF11	SNRPE	NCBP2	PRPF6	HNRNPC	SF3B2	HNRNPA2B1	GTF2F2	SNRPD1	SF3B6	SF3A2	HNRNPA0	CLEC19A	NUDT21	SFRS6	SNRPB	SFRS5	SMC1A	LSM2	HNRNPR	POLR2G	SFRS3	PRPF4	RBM8A	SNRPF	PCBP2	HNRPUL1	PRPF8	DHX38	SFRS11	SRRM1	PABPN1	SF3A3	SF3B1	PTBP1	CLPTM1L	SF3A1	CD2BP2	CDC40	SFRS4	WIBG	DDX23	SF3B4	WDR57	HNRNPL	SNRPD2	NCBP1	SFRS2IP	GTF2F1	NHP2L1	HNRPD	FUS	SNRPA	PCBP1	CPSF1	SNRPB2	DNAJC8	CPSF3	EFTUD2	RBMX	U2AF1	CSTF1	HNRPA3	SF3B5	RBM5	LDHAL6B	KIAA0907	SNRPD3	SNRPA1	UPF3B	RBM26	SFRS1	RBMY2FP	TXNL4A	RAVER2	C19orf43	CCAR1	SNRPG	HNRPH2	CPSF7
53	1.0	FAM192A	HELLS	RNASE1	GTF3C2	RNH1	ALDH18A1	ETFA	COPG2	AKAP8	SUCLG1	GCDH	IDH3G	CYR61	FANCD2	OR10B1P	P4HA1	ALDH1B1	SLC25A1	EIF4ENIF1	MYO9B	IQGAP3	PLOD3	TTC27	EP400	FBXW8	TRUB1	SMC2	AKAP8L	SPTLC1	ZNF121	PPT1	SLC25A11	U2SURP	TMEM170	ZNF281	ASS1	ACOT8	ARF4	GSG2	MOGS	AASS	MYO9A	MSH3	UBR2	UBE3C	RPP30	SLC25A13	ARHGEF2	PTGES2	PELO	IDH3B	MRPS22	MAPKAP1	SHOC2	HUWE1	CEPT1	MYO5C	C1orf25	RNASE2	DNAJB6	ABCB7	SLC25A12	DPM1	MRPS34	IGF2BP2	FAM153A	KPNA4	SLIT2	IPO13	SQRDL	IQGAP2	HIGD1A	TUBGCP2
54	1.0	CD1D	KLRD1	B2M	CD8B	HFE	KIR3DL2	LILRB2	KIR3DL1	CD1B	P4HTM	KIR2DL4	KLRC2	TRA	HLA-A	TAPBP	CD160	KIR3DL3	CA6	KLRC1	CD200	TRAV8-3	LILRA1	LILRB1	TAP2	KIR2DS5	KLRC4	CD1E	CD8A	TRBV7-2	FCGRT	CD200R1	CD1A	CD1C	HLA-C	KIR2DS2	KIR3DS1	HLA-L
55	1.0	VAMP1	SYT4	STX6	STX12	SNAP25	VTI1A	STX11	SYPL1	NAPA	SLC17A7	SLC38A2	VAMP4	SLC6A1	STX2	ENTPD2	NIT2	STX1B	SNAP23	STX10	SYBL1	VPS11	STXBP3	VAMP2	SLC14A2	ATP4B	STX7	SLC27A1	VPS18	SLC18A3	C9orf7	STX3	SYT3	VTI1B	STXBP6	DOC2B	VAMP8	TXLNA	SYT7	MARCH2	SNPH	STX4	SYT6	PRKD3	SNAP29	CYBRD1	STX1A	VAMP3	UNC13B	STX8	SYCN	PRRT2	SCGN	ALDH3B1	SLC6A5	PTPN9	GOSR2	STXBP1	TXLNB	STX17	DOC2A	VPS16	CPLX2	STXBP4	EHD3	D4S234E	VAPB	VPS45	CXorf15	GHITM	WDR91	SV2C
56	1.0	NUP155	NUP54	NUP188	NUPL1	NUP210	BANF1	NUP205	NUP214	NUP35	NUP93	NUP88	AAAS	NUP62	NUP153	TPR	NUP50	NUPL2	HMGA1	PSIP1	RAE1	POM121
57	1.0	SSH1	TIAF1	GRWD1	PLS3	DBN1	LRRFIP1	HTRA1	CBR1	SCIN	FAM55B	FSCN1	MYO6	MYO1A	MYH14	TPM2	KRT7	UACA	SRP9	DLD	C1QL3	MYO3B	DST	DLSTP	ARPC5	SPECC1	SLC25A21	SERPINH1	GSTM1	CD59	UGDH	SMU1	SAFB2	ACTG2	C20orf160	FLII	ARPC3	SSH2	SPSB4	PLEC1	SRSF10	FLNB	WDR1	ABLIM3	S100A6	CLN5	KRT17	DUT	MPRIP	SPECC1L	CORO1B	RAI14	MYL12A	SAPS3	ANXA6	ACTC1	MYO1B	GMFB	PCMT1	SRP14	NEXN	DAPK3	LUZP1	ARPC2	SLC25A3	FUSIP1	PPP1R9B	AP2S1	IMPDH2	GSTP1	PAWR	SSBP1	TTLL3	KRT8	SVIL	SLC25A4	KRT27	SYNPO	CFL2	TAOK2	CORO1C	ARPC1A	SHMT2	LRRFIP2	GSTM2	LRP10	HGD	ACTR3	PDLIM7	SLC6A10P	ATAD3A	PHGDH	SSH3	TPM1	SLC6A8	GSTM3	SLC5A7
58	1.0	C3	CPN2	VSIG4	CFHR3	CPN1	IGHV4-39	CFHR5	OLFM4	CFI	C2	C3AR1
59	1.0	C12orf4	GDAP2	MRPS33	RAB23	C7orf43	C14orf50	DPEP2	CARS2	TMEM50A	SRFBP1	PLBD2	C4orf29	MPND	C14orf122
60	1.0	MED19	ZCCHC10	MED13	UCHL5IP	ATPBD1C	ACIN1	MED23	CDC2L6	MED11	C3orf26	FAM79A	MED8	C20orf142	MED30	USP49	MED13L	MED4	MED22	ACAD8	NOL8	TREX2	MED10	MED17	LUC7L3	MED27	MED18	MED12	MED21	KANSL3	DNALI1	MED24	MED7	CDK8	MED31	CHD9	MED26	MED15	MED28	MED14	GPR126	MED9	BARHL1	LEPRE1	MED6	MED16	MED12L	MED29	MED20	ELL2	CCNC	ZBTB9	MED1	KCTD9	DHRS7B	PPIG	MED25
61	1.0	MYH11	LIN7A	MYH7	RAB31	RELT	C5orf33	RTN1	SLC1A2	FABP5	GOT2	ALDOC	MORN2	RPL7P9	TPI1	ATP1A3	STK39	OTOF	PRDX6	KBTBD4	SYNGR1	SLC12A6	SLC12A1	B3GNTL1	NEFM	MPP2	ZDHHC6	SPINK5	IDUA	FAM71C	CRABP1	SLC25A22	LGI1	MOG	AATK	CALB2	LCA5	RAB2A	NEFL	MPP3	GAP43	LDHA	ARF3	MYL7	GNB2	CCDC137	LDHB	ADAM22
62	1.0	IL7R	IL22RA1	IL20RA	LEPR	IL31RA	IL12RB2	LIFR	IL15RA	IL10RB	MPL	IFNAR2	IL11RA	IL6R	IL12RB1	IL23R	IL13RA2	IL13RA1	IFNAR1	IFNGR1	IL2RA	IL22RA2	CSF2RA	IL21R	IL10RA	IL4R	IFNGR2	IL2RB	IL28RA	CSF3R	IL2RG	CNTFR	IL5RA	IL6ST	THPO	IL9R	OSMR	PRLR
63	1.0	PIGQ	DPM2	PIGH	PIGA	PIGP	PIGY
64	1.0	STRN3	C11orf61	FAM40B	TRAF3IP3	CLDN12	PPP2CA	CCM2	TBC1D9	FAM40A	STRN4	CTTNBP2NL	MRPL50	PDCD10	STRN	SLMAP	SIKE1	MOBKL3	FGFR1OP2	BEST1	CTTNBP2	MST4	CCT6B	STK24	STK25	TMTC4
65	1.0	MRC2	RANBP2	ZNF230	CENPC1	CDC20	NDEL1	AHCTF1P	ITGB3BP	PMF1	RCC2	KIF2C	NUP98	SEH1L	NUP160	MAD1L1	NUP133	CLASP2	MAPRE1	DIXDC1	FBXO43	RANGAP1	BUB3	PAFAH1B1	CLASP1	SGOL2	TAOK1	ADARB1	INCENP	NUP37	SEC13	CENPA	ZNF365	CCSER1	KRTAP9-2	WDR23	BUB1B	TMEM39A	C21orf45	NUP85	ZNF211	AURKB	MAD2L1	NUDC	NUP107	NUP43	WDR85	NDC80	AURKC	ZNF17	TNRC6C
66	1.0	SLCO3A1	SLCO1C1	GUCA2A	SLC22A12	CNGA2	ABCC2	PDZD3	SLC22A9	SLC22A5	CNGA4	SLC17A1	TBC1D10A	SLC22A11	SLC26A3	SLC9A3R1	SLC22A4	SLCO1A2	RLBP1	CLCN3	P2RY1	GUCY2C	SLC4A10	PDZK1
67	1.0	YY1AP1	TULP2	NPPB	GNPDA1	CCDC7	MT1G	MTCP1	RASL11B	GON4L	PLA2G4B	PSTPIP2	CEP192	SLC22A24	AMDHD2	SALL2	TSPAN3	CXADR	ELAVL3	CEACAM5	SHBG	C11orf16	NBPF3	EWSR1	FYTTD1	LILRA3	C17orf65	NSUN4	APOBEC3D	SLC37A1	C1orf71	CD177	MYO1F	NTNG2	RMND5B	UBE2O	MNS1	KLK4	MVK	TMSB4Y	C10orf12	C9orf24	MT1F
68	1.0	CYP3A4	TCTE1	NSUN6	C9orf64	UGT2B7
69	1.0	HOMER2	SBK1	KLHDC10	INTS5
70	1.0	C17orf37	PAX9	TMED6	ARHGAP28
71	1.0	VPS13B	USP34	ANKFN1	EXOC2	PDE8B
72	1.0	C2orf32	GCHFR	ARRDC3	GCH1
73	1.0	OSGEPL1	C1orf50	LRRC47	AHCY
74	1.0	HSP90AB1	ALLC	MRS2L	ENPP5	OMA1	IAH1	SLC25A32	METTL10	ABHD6	MSRB2	SLC16A9	CYB5R4	COX10	NAPEPLD	HDHD1A
75	1.0	C11orf48	LYAR	PHF6	YTHDC2
76	1.0	FAM113B	AP4E1	CROT	SLC1A5	PDZRN4	MYLK3	CABLES1	FAM75A7	NLRC4	ZIM2	MYL4	PALB2	APOA4	CAMTA1	DCC	SLC9A8	C12orf35	CMTM4	SLA2	BBC3	CLCA2	SCN5A	KIAA1712
77	1.0	MS4A3	ORC4L	ORC5L	GINS4	CDC6	DBF4B	CDKAL1	GINS2	CDK2	MCM3	CIZ1	LARP5	MCM7	CDC5L	ORC2L	GMNN	PSKH1	MCM5	INCA1	RPA4	C16orf42	ZNF227	MCM4	DBF4	KLHDC9	RPA3	SULT1B1	CDKN2A	MCM2	CDC45L	CDT1	CDKN2AIP	PLEKHA8	CDKN3	ORC6L	CLSPN	ORC1L	ALS2CR7	GINS1	CCDC5	MCM10	KIAA0329	CDC7	MCM6	TBC1D23	MCM8	ORC3L	PROCA1
78	1.0	CTAG1B	CTAG1A
79	1.0	DPY19L1	DPY19L2	ABAT
80	1.0	NBPF23P	COG8	NBPF20	NBPF8
81	1.0	LETM2	FUCA1	ABCC6	SLC16A5	LRRN2	KIAA1797	IKBIP	VCL	LAP3	FAM18B2
82	1.0	C1orf168	SLC25A24	FDFT1	FAM101A
83	1.0	HELZ	C1orf149	ACTR5	CCDC95	EPC2	HOXD3	RASSF4	INO80D	RBM33	FAM98A	C20orf20	GATS	EPC1	DMAP1	EAF1	HOXD8	NEUROD6	ING3	ZNHIT1	BRD8	PLSCR4	MCAT	RNFT1P3	HOXD11	RNFT1	HMGB1
84	1.0	FAM131A	PHYHIP	BAT5	MAGED4B	C1orf160	PILRB	DAZ3	ABHD16A	DAZ1	DZIP3	MAGED4
85	1.0	PEX11B	ABCD1	PEX11A	PEX19	ABCD2	PXMP4	SLC25A17
86	1.0	PCDHA3	PCDHA5	PCDHA2	PCDHA12	PCDHA8	PCDHA11	CRK	PCDHA9	PCDHA1
87	1.0	C10orf82	ZNF414	HYI	TEX11	COL20A1
88	1.0	FRMPD1	TPMT	FMO4	THSD1	TLN1
89	1.0	DNAJC15	GMPR	MUC3B	ITFG1	RBL2	ST7	DNASE2B	JAGN1	NOP16	TMEM47	PIGV
90	1.0	PAICS	VAC14	PI4KA	RAB8A	RAB3C	UGCG	SYT1	ABHD14A	MOBKL1B	DPYSL2	SPRR2G	FNBP1	EPB41L2	RIMS2	FUBP1	SH3GL2	DHX33	HACL1	SP140	CHML	MAL2	KRT78	BAIAP3	EGFL6	MTMR2	SYN3	CYFIP1	DPYSL5	NOS1AP	CDC42EP5	SYTL4	DPYS	RAB27B	HN1	RAB6B	C6orf15	RAB8B	SSX7	RASGEF1B	MSR1	AK5	CLCN7	ABHD14B	RAB3A	C9orf127	MLPH	RAP1GAP	KLHL10	LAPTM5	SH3GL1	ZDHHC23	ZNF313	RIMS1	C20orf27	SYN1	CHM	DDX17	PHF2	RAB26	PRDM12	SSX2	LIN7C	UNC13D	CAMK1D	ZBTB12	TPD52L1	PIGR	UBE2V2	NF1	RAB3IP	AMPH	MAP2	RAB33A	PEX5L	SIRT2	TPD52L3	MRRF	ACO1	NOS1	C2orf76	SYTL5	NCKAP1	PACS1	MEX3B	FAM102A	TOM1L2	ARPC5L	RAB37	CTBS
91	1.0	PRPF40B	C6orf151	PPIH	CXorf34	GEMIN5	GK3P	PRCC	RBM17	SLU7	HNRPK	CCDC94	IFT52	DDIT4L	NXF5	SFRS12	SNRPEL1	HNRPM	SERF1A	OVOL1	USP39	FGD2	HNRNPU	ADAT2	RBM7	RETN	BUD31	THOC4	GRINA	OVCH1	ARMC8	LSM10	AKNA	DDX42	CREBRF	SLBP	GEMIN7	CASC3	HNRPH1	DHX9	DHX8	YBX1	RBMX2	RAB43	ODF3	C16orf33	ZRSR2	WFDC3	GEMIN6	WTIP	PDCD7	TSEN2	RNF113A	SNRP70	ZNF473	ZNF202	SF3B3	C14orf102	RNPS1	PRPF18	ARSF	PPIL3	TTYH1	RBMY1H	RBM25	CWC22	CCDC104	DPH5	TSEN54	RNUXA	HNRNPA1	SERF1B	NXF1	C21orf77	CYGB	LSM11	RP9	ASCC3L1	AL353354.1	ZMAT3	IREB2	AADAT	PGAP1
92	1.0	PHKA1	CPAMD8	TRPV2	CNN1	PHKB	ADCYAP1R1	PHKG2	PPEF2	CALM3	OBSCN	GLP2R	TSPAN33	GYS2	MRPL20	CCP110	PTH2R	ADCYAP1	STYX	RALB	PPP1R3B	PYGL	VIPR1	TRPV1	PPP1R3A	MYLK2	MYO10	PTHR1	CALCR	CALM2	GRK4	FKBP8	KCNQ4	GLP1R	ASPM	LRRIQ2	PPEF1	CALM1	EMP3	IQCB1	KCNN2	PCNT	CAMK4	SCTR	ARPP21	KCNQ2	PYGM	GRM7	CARHSP1	ACE2	AKAP11	ADD2	KCNQ3	PPP1R3C	KCNQ5	PHKG1	CABIN1	PPP1R3D	GP6	SCT	KIAA1683
93	1.0	GSCL	RNF4	TRPS1
94	1.0	NEIL2	GPBP1	EMB	MN1	NUPR1	EP300	NEDD1
95	1.0	IMMT	LUC7L2	NPM3	TFG	BRD1	FAM203A	CDK5RAP2	C20orf39	TMEM66	C7orf36	ODF2L	ATRX	VOPP1	C8orf30A	DEFB1	MKKS	CXorf27	RBM23	TSPYL1	CDH10	WFDC2	SNORA32	NIPSNAP3A	KIF15	ZNF33B	FEZ1	IFIT5	MAP1LC3A	MYST2	GPRASP1	ZNF20	FICD	CCDC113	MBD6	CCDC99	KIAA1377	PPOX	C17orf61	SSFA2	HAP1	HSPBAP1	CRIP1P4	SRRT	TXNDC9	DNAJB11	C9orf82	GLYAT	TAC3	SDCCAG3	MAN2A2	PFDN1	C16orf24	OFD1	GPRASP2	PTN	DUSP12	CHD3	FAM123A	EPHX2	CHST14	ABCA2	FAM45A	C15orf29	RNF135	ZNF691	NAP1L5	HD	DFNA5	FAM134A	TMEM166	C8orf33	MAGEH1	FBP2	SLC25A36	COL9A2
96	1.0	CHIA	RPL27	RPS14	RPS13	RPS18P12	RPL36AL	RPS24	RPS16	RPS2	OSGIN2	RPL18A	RPL28	RPL23	RPS5	AGXT2	RPLP1	EIF5B	RPS18	DUSP23	RPL38	RPL31	RPS25	GSAP	RPL23A	RPL13AP25	RPL3	RPS3	C10orf97	RPL4	RPL12	RPL10	RPL13A	RPL11	RPL24	RPL36	RPS4X	RPS9	RPL19	RPL10A	RPLP0	RPS28	RPS17	EIF3I	RPSAP15	RPS7	RPL35	RPL14	RPS26	RPL6	RPLP2	RPL30	RPL35A	RPS19	RPS20	RPS19BP1	RPL7A	RPS10	ASRGL1	RPL18	C18orf22	MTMR14	C15orf39	NUDT2	SLC20A2	RPL13	AC004453.8	RPL27A	RPL15P3	RPL15	RPL5	RPS23	RPS6	RPS15A	RPS8	RPL7	RPL26	RPL22	RPL8	RPS11	RPL21	RPS3A
97	1.0	RPS15	RPL26L1	EIF3C	EIF3D	RPL3L	EIF2S2	RPL9	RPL37A	RPS12	CA10	EIF3A	EIF2S1	EIF3J	ETF1	EIF3K	ALPI	RPL34	FAU	EIF3B	RPL36A	RPL37	C10orf28	EIF3G	RPS4Y1	RPL41	GSPT2	EIF3H	EIF1AX	EIF4A2	EIF4B	RPL39	RPS21	EIF2S3	RPL29	SNORA7A	EIF3F	RPL9P7	TXNDC12	EIF4H	RPS29
98	1.0	VPS33B	PTTG2	FBXO5	ANAPC1	AURKAIP1	TMEM135	APC2	CDC26	ANAPC5	AURKA	FZR1	CDC23	UBE2E1	CDC16	UBE2D1	CCNB1IP1	CDC2	CDC27	ANAPC11	NDST2	UBE2C	OTUD6B	C13orf15	ANAPC7	ANAPC4	NEK2	ANAPC10	PTTG1IP	CCNB1	HERC1	ANAPC2
99	1.0	PLA2R1	DUSP22	MAPK1	MAPK8	RPS6KA4	MAP2K1IP1	HAL	HMMR	MAP3K13	MAPK12	GTPBP5	SIPA1L2	DUSP6	MAPK3	BLVRA	GRAMD3	MAPKAPK3	PLA2G2D	DUSP7	PLA2G2E	DUSP2	HNF4G	RHBDF2	PLA2G10	DUSP9	DUSP1	MAPK9	ELK4	MAPK13	MAPK11	PTPRR	DUSP8	PLA2G12A	PLA2G5	C14orf100	DUSP3	DUSP5	MAPKAPK5	PLA2G2F	PTPN5	MAPK10	LIN28B	MAPK14	DUSP10	PLA2G3	PTPN7	DUSP16
100	1.0	PLA2G4A	XAGE1E	XAGE1C	XAGE1D	GPR172B	XAGE1B
101	1.0	TINAG	HIST1H4H	TINF2	SETD7	PEPD	H2AFB3	JMJD2A	HIST1H4J	C15orf41	DEPDC5	HAT1	GATAD2A	FOXK2	HIST1H2BA	MUS81	ING1	JMJD2B	HIST2H3C	RPS6KA5	NAP1L4	HIST1H4E	KIAA1086	PPIF	PPP2R2C	HIST1H3J	HIST1H4I	HIST1H1B	PTMA	PHF20L1	SIRT1	HIST1H3E	HIST1H3A	HIST1H3C	LALBA	HAS3	UHRF1	PARP3	POT1	HIST3H3	GATAD2B	HIST1H1E	L3MBTL	ASF1B	SFMBT1	HIST2H3PS2	TERF1	RAD51L1	CDY1B	ACD	HIST1H4K	LIPT2	PHF20	HIST1H3D	CBX5	PADI4	HIST2H4B	TERF2IP	TERF2	CHAF1B	PAPD4	HIST1H4L	DNTTIP2	HIST4H4	SMYD5	HIST1H4B	HIST2H2AC	ASF1A	SETD8	HIST1H2AA	FOXJ3	CDY1	RICTOR	SMARCA5	HIST2H4A	KLF9	TP53BP1	ANKRD12	HIST1H4A	HIST1H4F	HIST2H3A	BRDT	HDAC6	RFX2	H3F3AP6	HIST1H3B	ING4	SMC6	CHD2	HIRA	HIST1H3H	HIST1H4D
102	1.0	HIST1H2BF	H2AFX	PARP10	ACTR8	JAZF1	SMARCA2	BRD2	HIST1H2BH	HIST1H2AD	NALCN	DAGLB	HIST1H2BK	HIST1H2BB	TOX3	HIST3H2BB	H2AFZ	ENDOG	HIST1H2BE	HIST1H2AC	HIST1H2AK	BTAF1	YEATS4	BRD3	HIST1H2BD	IPO9	HIST1H2BM	RANBP5	H1F0	H2AFV	SMEK1	HIST2H2BE	KIAA0409	TOX	HMG1L1	HIST1H2BJ	LOC440926	HIST1H2BC	HIST2H2AA4	HIST1H2AM	H2BFS	PBRM1	HIST1H2AI	SMEK2	SRCAP	COQ4	HIST1H2BO	HIST3H2A	H3F3B	SMARCD3	HIST1H2AH	HIST1H2BI	HIST1H2BL	HIST1H2AG	HIST1H2AE	INOC1	HIST2H2BA	HIST1H2BG	HIST2H2BF	HIRIP3	GPCPD1
103	1.0	MCF2L2	MEGF10	ALMS1	VWA8	ZNFX1	AARS2
104	1.0	PAPSS2	CDO1	C1orf41	VHL	RABL4	CCDC82	DGKI	ATE1	PKD1L3	OTUD7A
105	1.0	NXPH2	APBA1	CNTNAP3	NXPH1	CNTNAP3B	SYT13	NRXN1	RP11-111G23.1
106	1.0	BCAT1	ZBTB11	DGCR2	TTC17	ALAS1	FAM73A	BMP15	MTMR10	RNF111	GDF11	PTCD1	TMEM139	SOX5	KIAA0157	FBXL12	SNAI1	NAT8B	TGFBRAP1	UHMK1	WFIKKN2	FCHO1	ACVR1	ARHGAP31	ZFYVE16	TGFBR2	VPS24	BMPR2	MRPL19	DACT2	FBXO3	SMAD5	PREB	TGFBR1	FBXO24	MSTN	SMAD6	LONRF3	UBE2E2	FKBP1B	ILKAP	UBE2Z	NKIRAS1	RNPEP	STK35	ACVR1C	FBXO30	KLHL1	LZTR1	NDFIP2	HOMEZ	NUAK2	ZFYVE9	ARL14	HDGFRP3	STAMBPL1	ACVR2B	PXK	STAMBP	SOX13	PLEKHB1	ANKRD13A	ZBTB44	SOX7	BMPR1A	SNX6	FAM73B	ZNF107	RASD2	RNF141	HOXC8	LMCD1	SMURF2	SMURF1	CEP135	TSSK4	SMAD7	ASH1L	BMPR1B	FSTL3	RHEBL1	WDR13	USP45	CUEDC1	RRH	GDF6	PGGT1B	TSSK3	INPP4A
107	1.0	KRT2	SECISBP2	C1orf181	ANKRD27	ZNF510	RAB34	SMAD3	PLCD3	ZMYM5	ZNF329	TOB1	TSKU	LEMD3	PSG3	EXPH5	ZEB2	PEX6	ZDHHC4	THSD7A	RFX1	SMAD4	GMEB1	KLHL9	KIAA1033	DLX1	ZNF251	SKIL	USP25	KIAA0692	ZNF587	ZNF83	APOOL	JPH3	MAST4	THAP5	MAN1A2	ZBTB3	CYP11B2	IL1F7	PUM1	HEYL	RNF123	LHX9	FOXG1	MORC4	SMAD2	STK11IP	SKI	PIR	HOXA13	CDX1	RAB2B	GPNMB	CYP11A1	MKL2	GDF3	TRIM62	RANBP6	TMED1	RAB38	PARD3B	CAMSAP1	NFIX	CXXC5	PSG2	FOXH1	SMAD1	ABTB1	ST6GALNAC2	TM9SF2	TRIM35	ZEB1	PAPPA2	ZNF41	NAGK	HOXD13	C16orf57	HEY1	ZBED5	ZSCAN4	CHPF	EID2	LEF1	MLL2	TCTA	RAB30	N4BP2L1	ZNF8	MEIS3	SVEP1	AMY2B	ZNF423
108	1.0	KCTD3	DGKG	RPL7L1	STXBP5	INA	BACH2	LRP4	DGKH	CPNE8	CD164	LRP1B	CPA1	ARRB1	CNGA3	DPY30	PLA1A	ACACA	DNAH3	KTN1	PTCH2	KIF26A	CNGB3	STK38L	TPM4	USP24	RGS3	AKR1B10	CALD1
109	1.0	FBXO34	CCNF	FBXO9	FBXW2	FBXW5	FBXO15	FBXL8	FBXL6	FBXO16	FBXO32	FBXL7	HERC6	FBXL3	CDCA3	FBXW4	FBXO7	SKP1A	CUL1	FBXO25	FBXO17	FBXO45	FBXO41	FBXL4	FBXL5	FBXO4	FBXO8	FBXO6	FBXO44	LRRC29	FBXL2	FBXO18	FBXO2	FBXL14
110	1.0	ZYG11B	RFWD2	FBXO33	GPS1	BRWD2	KLHL12	RSPRY1	ELF4	COMMD6	PJA2	VPRBP	CUL3	AMFR	GUF1	DCUN1D1	TSPAN15	UBXD6	UBXD7	ASB6	KLHL13	BRWD1	ASPSCR1	COMMD1	SIPA1	UBXN2B	GFM2	STK32C	COMMD4	BTRC	NPLOC4	NEDD8	UBE2D2	NEURL2	ASB12	ZER1	BRWD3	CUL5	FBXO22	ASB7	VCPIP1	TOPORS	CKS1B	FEM1C	ASB2	TRIM5	CUL7	FAF1	RHBDD1	RNF126	LRRC41	RBX1	ZC3HC1	UBXD4	CUL4B	COMMD7	DET1	CUL2	KLHDC3	UBE4B	RNF12	CUL4A	UBR4	SLC26A11	UBE2R2	SKP2	COMMD3	LRRC16	RNF7	UBXD8	CDC34	KLHL22	WDR51B	FBXW11	UBXN1	RPRM	UBXD3	COMMD5	APOBEC3G	COMMD8	CAND1	KBTBD7	ASB1	FBXL20
111	1.0	LZTS1	SNAPC1	POLR3E	ZNF143	POLR3H	BRF1	SNAPC2	SNAPC5	GTF3A	SNAPC3	GTF3C5	SNAPC4	POLR3D
112	1.0	TAF9BP2	POLR2L	GTF2E1	DDB2	GTF2E2	PTRF	NELFE	LYZL1	POLR2J3	TAF10	FRMD5	C5orf37	TAF11	VARS2	SSRP1	MNAT1	NDRG2	ERCC3	TAF4B	ERCC8	PGBD3	TAF2	CCNT2	TAF1	CDK7	GTF2H2	WHSC2	RRN3	TCEA1P2	XAB2	GTF2H5	UHRF2	TH1L	ASB8	TAF15	TTF1	TBP	ERCC5	GTF2A2	TAF1A	TAF8	TAF5	TAF12	TAF9	POLR2A	ERCC2	RNMT	GTF2H2C	ENDOV	GTF2A1	NELFB	CTDP1	ATG4D	GTF2H1	TRAM2	CCNT1	POLR2E	UBTF	TAF9B	POLR2C	TCEB3	AAMP	TAF4	TAF1B	RDBP	TCEB1	CCNH	POLR2F	POLR2I	POLR2H	SUPT5H	TAF6	POLR1D	CDK9	SP8	LYZL2	ZMYM6	SUPT4H1	MDFIC	RNGTT	TAF1C	TAF7	POLR2K	TCEB2	TAF7L	POLR2D	GTF2H4	ELL	GTF2H3	PCNP	TASP1	SUPT16H	POLR2B	GTF2B	TAF13
113	1.0	KCNJ6	KCNJ3	KCNJ9	KCNJ5
114	1.0	TRAPPC1	CLIC2	TRAPPC3	TMEM56	TRAPPC2P1	TRAPPC2	TMEM97	TRAPPC4	TRAPPC6B	TRAPPC5	CNNM2	TMEM1	TRAPPC2L
115	1.0	COL4A3	RECK	MFAP2	ELN	XYLT2	CA3	COL9A3	PRIMA1	COL5A3	COL6A1	BST2	CD93	COL2A1	MFAP4	COL5A1	MATN3	MATN2	SPARC	FGFRL1	COL4A5	NID2	WISP1	THBS4	LAMB3	FBLN1	ZC3H7A	COL4A6	ANTXR2	TMEFF2	THBS3	HAPLN2	COL14A1	THBS1	SFTPA1B	ENAM	COL4A4	SCARB2	BGN	SFTPA2	ACHE	COL4A1	SFTPA2B	COL7A1	PDGFRL	FBLN2	MATN1	COL9A1	FBN1	DCN	BMP3	COL4A2	PLXDC1	LAMC2	FBN2	BMP1	HABP2	COMP	SERPINE2	COL18A1	TGFBI	MATN4	FCN1	THBS2	COL13A1	PRELP	HSPG2	MMP9	WHSC1	SFTPD	IGFBP7
116	1.0	KISS1R	MMP1	LUM	CXCL5	ACAN	HAPLN1	VCAN	ADAMTS4	ADAMTS5	MMP19	BCAN	TIMP1	MMP7	MMP16	TNFAIP6	MMP24	CXCL1	TIMP4	MMP10	TNR	MMP3	MMP14	MMP8	SPOCK1	MMP17	LCN2	TIMP3	KISS1	MMP26	PZP	MMP13	MMP2	MMP20	CXCL6	MMP25	XCL1
117	1.0	NTSR2	NLN	NTS
118	1.0	KRT5	PRSS3	IGHM	DMWD	CHMP4C	ADRA1B	TLN2	CFH	PLAG1	IGHG2	C1R	DERL1	KRT1	HPR	CLU	ALB	TTR	RBP4	CUBN	PLTP	APOA2	CD40LG	PRB3	CC2D1A	FCGR2C	PON1	C1QA	QTRTD1	APOA1	PRSS1	GIF	PTX3	RPE65	CFP	KRT10	APOC3	ACPP	CFHR1	DMP1	SH3BP5	KRT6A	PPBP	FGA	AHSG	PI3	CTSL1	APOL1	PAPPA	KRT14	APOE	VPREB3	C20orf121	LTBP4	OR5H6	HP	KRT9	AMN	CST3	FCGR3B
119	1.0	NDUFAF1	NDUFA5	NDUFB4	NDUFA8	NDUFS3	ACN9	NDUFS2	SP110	NDUFS1	NDUFV2
120	1.0	MAS1	AGT	PRCP
121	1.0	GAGE8	GAGE2A	GAGE4	GMCL1L	GAGE10	GAGE7
122	1.0	POR	CYP2C9	CYP1A2	CYP2C19
123	1.0	ST8SIA4	ST8SIA3	NCAM1
124	1.0	ZNF518	ATF7IP	TTC3	PRSS8	KIAA1632	STBD1	SUSD1
125	1.0	PLEKHA6	TACSTD1	IL1RAPL1	MS4A5	MUC13	MUC2	SORL1	CEP170	TRPM3	SH3BGRL2
126	1.0	ABCC4	NF2	C20orf59	GAS2L1	GABRA5	RUNDC2A	RDX	KIAA0100	SCHIP1	ACADSB
127	1.0	DISC1	C6orf182	GNPTAB	CCDC141	CCDC24	PPM1E	MPPED1	OLFM1
128	1.0	TEX28P1	TEX28P2	UBAP1	TEX28	EPS8
129	1.0	PPP1CA	PPP1R15B	PCDH7	C1orf114	FAM130A1
130	1.0	PTAR1	RABGGTB	ALKBH7	SDR16C5	C17orf32
131	1.0	CLDN19	TJP1	GJB3	CLDN16	CLDN8	CLDN6
132	1.0	TNFRSF18	TRAF3	EDARADD	RCBTB1	ITPK1	KIAA1949	SUOX	SOX30	BANP	TNFSF13B	CD27	TRPC4AP	TNFRSF4	HIVEP3	TNFRSF17	NGFRAP1	TTRAP	TNFRSF9	BAMBI	TNFRSF13C	TNFSF14	TNFRSF13B	TNFSF4	ZFAND6	LTBR	C5orf55	WDR65	TRAF5	UBXD5	PLEKHG3	ALPL	TNFRSF25	TNFRSF11A	LRRN1	EDAR	TNFSF13	TRAF3IP2	TNFRSF12A	EDA	TNFSF18	ANKS4B	TNFRSF19	CYLD	TNFSF9	NT5DC2	MAVS	FAM120B	TRAF1	FCRLA	APIP	USP53	TRAF2	PPIL5	CD70	RFX3	EDA2R
133	1.0	SNX22	FAM77C	DKK2	WNT4	VANGL2	MESDC1	DVL1	ZBTB48	KREMEN1	NKD1	NOTUM	PRICKLE1	TMTC3	VANGL1	LRP5	FUZ	FRAT2	PRICKLE2	WNT1	DVL2	MOSPD2	LRP6	DVL3	TNFAIP8L1	FAM105B	CCDC88C	GPC3	DKK4	C7orf34	C1orf89	ROR1	ROR2	CXXC4	FRAT1	ANTXR1	DKK1	MESDC2	INTU	LY6H	NKD2	WNT5B	CELSR1	KIAA0241
134	1.0	DNAJA4	C21orf55	C2orf39
135	1.0	GRXCR1	TBC1D20	LMLN
136	1.0	METTL4	CYP24A1	TMEM132B	TARBP2
137	1.0	EXOSC8	PARN	C1D	FOXN3	FERMT3	EXOSC5	RPE	THUMPD3	EXOSC7	LSM8	FAM63A	EXOSC2	C21orf56	EXOSC4	MKRN1	MTMR3	LRRC8D	EXOSC3	ZNF558	EXOSC1	UPF2	HIATL1
138	1.0	GGT2	GGT3P
139	1.0	ARG1	ARG2
140	1.0	TMEM223	EEF1G	EID2B	CENTA2
141	1.0	MRPS27	C3orf19	ILF2	MRPS23	EIF2C2	LAS1L	SART3	ELAVL1	IGF2BP3	SLC4A5	PELP1	CCPG1	FMR1	TBL2	RBM4	RNF149	EIF4A3	RPS26P10	PTCD3	RTCD1	MCF2L	MOV10	MAP3K14	IGF2BP1	DDX50	STOML2	WDR18	DDX39	RPS26P8	TRIM56	RPS27L	CNBP	ZNF326	DHX36	MRPS5	MRPL39	FLG2	STAU1	DDX47	ILF3	SYNCRIP	EIF2C1	DHCR7	FBXL13	HERC5
142	1.0	GALNT14	PRH2	MUC5B	PROL1	HTN1	STATH	MUC7	PRR4	SMR3B	GALNT12	HTN3	MUC5AC
143	1.0	RAD17	CNOT8	POLD1	DSCC1	CHTF18	PRIM1	PRIM2	ZBED4	UNG	APEX1	CCNO	POLE2	LIG1	POLE	RFC2	RAD9A	RFC3	FAM7A1	POLD2	SEC23IP	RPA2	RAD1	RFC4	TIGD1	HUS1	POLA1	POLB	RFC5	HELB	KIN	AICDA	TIPIN	POLD3	RPA1	POLD4	PCNA	POLM	PLCL1	HUS1B	DHX34	POLA2	ESCO1	POLDIP2	RAD9B	MUTYH	C5orf4	PGM2	ANP32C	DNA2L
144	1.0	MRE11A	RAD51AP1	C2orf13	C6orf26	DCLRE1C	MCART1	CDK6	PIF1	ERCC4	MEN1	MDC1	GINS3	CDKN1A	NEIL1	RMI1	RFC1	CHEK2	CHEK1	PMS1	XPA	NSMCE1	C2orf69	RAD50	ERCC1	BLM	POLL	RAD18	DCLRE1A	NHEJ1	XRCC3	FEN1	XRCC2	MSH6	PMS2CL	ATRIP	EXO1	LIG4	TOP3A	MSH2	REV3L	MSH4	XDH	C6ORF26	LIG3	NBN	RFPL4A	HLTF	CCRK	RECQL	RAD51	E4F1	NFKBIL2	MLH3	C1orf59	WRNIP1	ZZZ3	MLH1	XPC	PMS2	ZC3H11A	CCNA1	XRCC1	CCDC64	DMC1	TDRD9	ATMIN	RAD51C	EFHD2	RAD52	WDHD1	WRN	RDH8	FANCM	TDP1	RAD51L3	BRIP1	TIMELESS	ATR	XRCC5	LIAS	MYH8	RAD54L	CD109	OGG1	ZNF84	ATM
145	1.0	MAP1S	PRRC1	TUT1	C13orf8
146	1.0	THEM2	DECR1	CKM	HNRPDL	HNRPAB	TMOD1	CHCHD3	CSRP3	PCDH12	TMSB10	TNNC1
147	1.0	ANKMY2	LRRC58
148	1.0	ECHDC2	MAGEC1
149	1.0	UGT1A9	B3GALT1
150	1.0	GALNT5	NDST1	EXT2
151	1.0	KIAA1731	COLEC12	EXOC1
152	1.0	MT-ATP8	ATP5G1	MT-ATP6	ATP5L	ATP5E	ATP5J	ATP5I
153	1.0	HCN4	HCN1	HCN3
154	1.0	TEX9	FAM124B	DUSP13	ASMT	SFRS17A	C21orf91	SETD5	C1orf111	CCDC85B	RBM41	BEX2	SYT17	TCHP	C7orf50	TNNI1	PRC1	KIAA1539	IKZF5	TTC14	CCDC131	CCDC11	CLEC1B	SCNM1	CCDC112	ZNF821	LRDD	TSPYL4	ALS2CR11	C1orf65	C1orf190	ZNF250	FASTKD5	FAM50B	THAP7	CCDC67	C10orf18	ZNF205	CARD9	ZNF337	ZBTB5	C14orf140	ZNF426	FAM13C1	C20orf195	ZNF417	DOCK10	C10orf10	CCDC120	TCEANC	NINL
155	1.0	AZGP1	SPP1	CAV3	FGB	TENC1	ITGB4	LACRT	F11R	LTBP1	ICAM2	ITGAX	ITGA4	ITGB8	FN1	NID1	ITGA11	IGFBP2	GULP1	ITGB1	ITGAV	COL1A2	ITGAM	TMPRSS6	GALNT6	AMICA1	JPH2	ITGB6	MIA	ITGB7	SPAG1	MAG	CHAD	ITGB1BP2	LRG1	JAM3	VCAM1	ITGA2	NOV	CD44	SCYL3	TNC	ITGAD	ITGAL	CAV2	MADCAM1	ITGB2	P2RY2	ITGB3	VTN	CSK	CD47	ITGAE	FUT4	ICAM3	ITGA10	NPNT	MATK	ITGA5	CD36	SIRPG	JAM2	ESM1	ITGA2B	ITGB5	ITGA1	ITGA8	VNN2	AUP1	IBSP	COL1A1	LAMA1	CAPSL	ANGPTL3	TNFRSF11B	ODZ2	RABGAP1	COL6A3	LAMA3	EDIL3	NT5E	ITGA9	ADAM9
156	1.0	CD53	CLGN	SLC16A7	CD9	NKX2-4	CD81	LAMC3	LAMC1	ITGB1BP3	BSG	CD151	ITGA7	PTGFRN	HBEGF	EMILIN2	CD46	TSPAN7	LGALS8	CD63	EMILIN1	CD82	ITGA3	LAMB2	LAMA2	LAMB1	TSPAN4	ADAM2	LAMA5	IGSF8	SLC16A3	ITGA6
157	1.0	CDY2B	SLC4A2	MYLPF	PECI	CDY2A	MYBL2	MYBL1	TFDP1	MRFAP1L1	GOLGA4	UNC84A	E2F4	TAGAP	LIN54	TSNAXIP1	LIN52	TSNAX	HSBP1	LIN9	PDAP1	LIN37	CSTB	PARK7	TFDP2	E2F5
158	1.0	AP1S2	NCF1	EPN1	PLD2	MAP3K10	SYNJ2	EPS15L1	NECAP1	SLC44A4	PACSIN1	NECAP2	NCKIPSD	CD2AP	VWA5B2	CDC42BPA	COBL	EVL	AP1G1	AP2A1	ITSN1	DPPA4	REPS2	DENND1A	FASLG	HRBL	MAP4K3	SPRY1	AP1M2	ABI1	STAM2	SH3RF3	SH2D4A	EHD1	ARHGAP1	EPN2	RAB5A	WASL	SH3KBP1	ARHGAP17	WDFY2	EPN3	HDC	ARHGEF7	NAGPA	PACSIN3	CLTC	BIN1	DNM2	AP1S3	ASMTL	DNM1	SH3GLB1	OCRL	TRIO	EPS15	AP1S1	PACSIN2	RALGPS1	FAM125A	GIT2	SNX9	USP13	DNM3	RIT2	STON2	PTK7	SYNJ1	RNF41	SORBS2	BAIAP2	SEMA6A	AP2A2	PKD2	MTMR12	ENTHD1	RAB4A	SEMA6D
159	1.0	RTN4RL1	OMG	RHOJ	ARHGDIG	RAB9A	RHOG	ELMOD2	GDI2	RHOF	GRK7	ARHGDIA	RHOBTB2	ARHGDIB	RHOT2	PDE6A	STK17B	RHOT1	ST3GAL4	RHOBTB1	RHOH	GDI1	RHOV	RHOD	EXOD1	PDE6B	RHOC
160	1.0	CYBB	SNX26	CDC42SE2	BNIP2	CHN2	USP31	OPHN1	DOCK9	PLXNB1	DAAM1	ARHGAP27	SLC26A10	RGL4	RAC2	NCF4	SYTL1	ECT2	CDC42	CDC42EP4	RND2	DOCK8	FGD3	ARHGEF3	ANKRD43	DIAPH3	PLEKHG2	ARHGEF19	YTHDF2	FAM118B	FARP2	JMJD6	TBC1D3C	PTPRD	ARHGAP10	CDC42EP2	CYBA	CCDC102A	SPRED2	CIT	GMIP	FNBP1L	ARHGAP29	C22orf39	CDC42EP3	ELMO1	RHOB	RAC3	ARHGEF5	ARHGAP5	TIAM2	DOCK1	BVES	TBC1D3	SRGAP1	RDH13	PDE6D	ICMT	RTKN	DAAM2	NOXO1	ELMO2	RND1	NOX1	CNKSR1	FNTA	ABP1	CDC42SE1	PAK3	FGD1	NCF2	ARHGEF1	ELMO3	NCF1B	RAP1GDS1	DOCK2	RHOQ	MCF2	ARHGEF18	ARHGAP24	DEF6	RAC1	ATPBD3	RHOA	PARD6G
161	1.0	PRAME	STK19	SLC29A1
162	1.0	PRKACA	HRC	PRKX	AKAP10	ATP2B2	SLC30A4	C16orf5	CACNA1H	TRDN	PRKAR2A	PRKAR1A	RYR2	ATP2B4	AKAP4	PRKACG	OXCT1	RYR3	PYGB	RYR1	CACNA1A	AKAP7	GUSB	PLN	PRKACB	HSD3B1	C3orf15	ATP2B3	PRKAR2B	KCNQ1	CCDC56	CACNG4	PDE3B	PKIA	N6AMT2	HSD3B2	SI	PLIN	C11orf17	AKAP14	CACNA1E	HINT2	PRKY	CACNA1G	ZSCAN5	EFHC1	CETN1	C2orf88	LIPE	CACNB2	GLI1	PDE3A	C7orf16	ASPH	CACNA1I	PRKAR1B	SLN
163	1.0	CASR	CACNA1S	NFAT5	TRPC3	CACNA2D1	PLCB4	ORAI1	PRKG2	ITPR1	CAMK2A	TRPC7	WDR92	KCNE1	AHCYL1	SLC8A3	CAMK2G	CALML3	ANXA7	TRPC2	ITPKA	CABP1	PRKCA	GCNT1	ITPR3	SRI	PRKG1	TRPC4	ADD3	NFATC3	TRPM2	CABP2	HOMER3	LRMP	SLC8A1	SLC8A2	DLX3	DAPK2	RRAD	NRGN	HOMER1	CACNA1F	CACNA1C	AKAP5	FOXP3	PLCB2	ITPR2	PLCB1	PPP3CC	PPP3CA	PRKCG	CABP4	GPM6A	PLCB3	C1orf116	CACNA1B	TRPC6	RCAN1	CAMK2B	TBC1D10C	CACNB3	FOXE1	RCAN2	CHAT	PRKCB1	BANK1	GRM5	OCA2	NFATC4	PPP3CB	NFATC1	CAMK2D	CACNA1D	GRIA4	PPP3R2	TRPC1	GRM1
164	1.0	NANOG	NANOGP8
165	1.0	PPM1J	NUDCD3	C18orf25	UBE2I
166	1.0	TRIM16	C11orf1	SLC38A3	SETDB1	DAP
167	1.0	TUSC2	KRTAP9-3	DHX29	YARS2	C17orf59	CTSH	SST	OPN1MW	OPN1MW2	SPATC1	SPZ1	KRT32	KRTAP19-2	OPN1LW	SSTR4	PLK1	PARP11	SFTPB	ZNF10	SSTR5	JMJD5	C19orf25	SSTR1	SETD4	PPP1CC	AP4B1	SEPT1	DONSON	PHLDB1	KRTAP9-8	SSTR3	SNCB	KRT33A	KRTAP19-5	ZNF91	PRSS7	DNAI1	GSR	C14orf164	ENOPH1	PRSS16	RPS27	UBD	OCM2	PCYT2	GHSR
168	1.0	CEACAM6	CD79A	CD28	LPIN2	ZDHHC18	SH2D1B	SH2D1A	PTPRC	PAG1	SLA	LRRC23	LY9	FCGR2A	FCGR1A	PTPN22	FCRL3	ZBTB7B	LIME1	FCER1A	SLAMF7	SLAMF1	CLYBL	CD19	FCER1G	LAT	CD84	NFAM1	SIT1	CEACAM8	TRAT1	LAX1	CD244	ZAP70	SEMA4D	LCP2	MS4A1	SPNS1	CD5	ZGPAT	CEACAM1	CD79B	LCK	FCAR	CLEC4C
169	1.0	UBASH3A	KRT74	PTPRK	IRF7	ARHGAP9	MTIF2	EPHA1	PDX1	INSL6	FN3K
170	1.0	LANCL1	PANK1	C22orf28	RAPGEF2	REEP6	SLAIN2	FER1L3	TBXAS1	FAM62A	NAPSA	SPR	ZC3H13	IL4I1	BSPRY	ATL3	CBLL1	WWC2	INPP5A	C12orf51	PGLYRP1	YWHAZ	SLCO4A1
171	1.0	GABARAPL2	HBG1	DNAH7	IRGQ	BCL2L13
172	1.0	GRID1	GRIN2B	SHARPIN	IL16	LPHN1	SDCBP	GRIA2	SHANK1	CCDC41	EML1	CNTNAP2	KLHL17	MPP4	GRIA3	LRFN1	CADM1	KCNA2	MAGI3	SNTB2	KCNJ11	MAGI2	MPDZ	MPP5	CNTNAP4	GRIK1	GRIK4	SNTA1	C21orf66	KRT35	CASK	LPHN2	GRID2IP	KCND1	GRIA1	LRRC7	FRAS1	SSTR2	GRIN2D	NDOR1	NRCAM	INADL	GRID2	KCND2	DLGAP1	NANOS1	DLGAP2	ACCN3	SHANK2	ERBB2IP	SNTB1	FBXO21	CACNG2	ADRB1	CRB3	GUCY1B3	GRIN3A	GRIN1	KCNE4	CNKSR2	GRIK2	ABCA1	KCNIP2	CDH4	KCNJ8	GRIK5	GRIP1	SYTL3	SYNGAP1	C10orf38	PDZD2	PDLIM3	GRIK3	GRASP	GRIN2A	ZDHHC7
173	1.0	NLGN4X	DLG1	PTPRG	KCNA4	GRIN2C	KCNJ15	SLC25A46	GRIN3B	DLG4	DLG2	NHS	GPR124	NRXN2	NLGN3	GLS2	KCNJ12	DLG3	NLGN1	KCNA1	SCN4A	ITPKC	PDSS2	KCNA5	LRFN2	KCNJ16	SEMA4C	NRXN3	CRIPT	GDA	LRRC1	KCNJ10	KCNJ4	NLGN2	KCNJ2	GUCY1A2	ZDHHC2	KCNA3	SLC6A12	GPR125	SEMA4F	SEMA4B	TJAP1	S100A3
174	1.0	MYOCD	SPIN1	SAG	STK38	HIST2H2AB	SPIN2B	WDR77	BCLAF1	LRP11	CLNS1A	CPNE1	SPIN3	ARHGAP21	KCNAB1	TWISTNB	HIST1H1A	SERBP1	AP3D1	CSN2	TUBA1C	ZRANB2	NOLA3	PRMT5	PRPF4B	DDX1	DHRS2	PABPC3	ACTBL2	H1FX	BOLA2B	CSDA	C11orf84	DGKE	NOLC1	NKTR	RBM10	PFKFB3	NCL	CD3EAP	HDGFRP2	LBR	CLIC1	POTEKP	RAB11FIP5	TUBA8	MYH1	WDR26	HIST1H1C	C17orf79	SFPQ	SCYL2	TCOF1	NSUN2	SRPK2	LEO1	SDHA
175	1.0	PPM1B	PHKA2	MAP1B	BSN	HSPA1L	TUBB3	NAT2	PPP1R12A	PABPC4	LIMA1	NPM1	EPB41L3	NONO	SDC3	MYH9	MYL12B	FASN	MYL6	THRAP3	ANXA2P3	PPM1A	DCD	S100A9	CTTN	PDE4D	TUBA1A	CAPN1	ARHGEF12	CLTA	MAP7	TUBB2A	TMPO	HSPA6	EEF1A2	PPIAP22	VPS35	CKAP4	CLTB	DGKZ	MYO1C	ARR3	CENPF	EIF2AK4	TUBA3D	MAP3K7IP1	ARD1A	PPIA	TUBA3C	TRPV4	TMOD3	RNASE6	ARRB2	AP3B2	NAT1	CSNK1A1L	GSN	G3BP2	CDC2L5	UAP1	ERH	SRRM2	ARHGEF11
176	1.0	EDG7	EDG2	NGB	RGS17	PCP2	RGS19	FFAR1	GPR26	OSTM1	RGS5	GNAI1	PDE8A	SNX13	P2RY12	EDG5	RGS16	RGS10	ATP1B2	MT1A	EDG3	RGS4	SCN8A	ADRA2A	GPR1	EDG8	FFAR2	PTPRU	RGS18	GPSM3	GNAO1	P2RY13	GPR50	HTR1D	HTR1A	EDG1	SLC5A5	HRH4	KLHL3	XPR1	GPR143	FFAR3	RIC8A	CRHR1	GNAI3	EDG6	RGS13	GNAI2	ADORA3	ZNF585B	CNR1
177	1.0	ADCY3	ADORA1	RGS14	OPRD1	BDKRB2	MTNR1B	GNG12	GNA12	ADCY6	GDE1	GNAT1	GPSM2	DRD1IP	RGS9	FPR1	ADCY1	TSHR	C5AR1	ADRB3	PTGIR	HTR6	ACE	ADRB2	HTR2A	RIC8B	OPRM1	PENK	MTNR1A	ADCY2	DRD1	ADORA2B	CXCL3	RASD1	CHRM3	DRD2	PDYN	KCNK2	GPR17	RGS7	GNA13	OPRK1	NUCB1	IL8RA	CLIC6	ADCY5	INSC	GNAZ	PTGS1	STOML3	AGTR1	ADORA2A	GRK6	RGS12	EYA2	ADRBK1	LHCGR	LHB	AGTR2	IL8RB	DRD5	TTC1	F2R	TSHB	ADRBK2	GNAL
178	1.0	COG6	KMO	SFT2D3	VPS33A	VPS8	NPEPL1	STX5	MRPL37	YIPF2	PMM1	GOSR1	DOPEY2	RAB6IP1	SLC2A13	TMEM110	COG1	HPS4	YIPF1	PIGM	MON1A	RABAC1	VPS41	YIF1B	COG3	RAB1A	YKT6	ARFGAP1	KIF20A	YIF1A	COG2	VPS53	REEP5	RAB4B	STX16	CXorf9	MINA	SNX30	MEPCE	BET1	YIPF6	YIPF5	FAM18B	BET1L	SCFD1	RCE1	SEC22A	RAB11B	UNC50	LETMD1	RAB6C	FMO1	FAM18A	COG4
179	1.0	BAHCC1	SCN3B	CLSTN3	NCAM2	CLSTN1	APLP2	RAG1AP1	OPCML	LSAMP	CALU	LINGO1	SRGAP3	CNTN1	NFASC	DPP6	PRNP	TXNDC4	SPON1	HSP90B1	THY1
180	1.0	EHF	NLRC3	KRTAP11-1
181	1.0	LGALS7B	LGALS7
182	1.0	C4orf20	SH3BGR	GPT
183	1.0	SEC61A2	ACCN4	ACCN5
184	1.0	ABCB11	ABCB4	HAX1
185	1.0	UPP2	OSBP2	ARMCX2	VIM	UPP1
186	1.0	GUCY2D	GUCA2B
187	1.0	PVR	CD96
188	1.0	CD4	MARCH4	HLA-DQB2
189	1.0	ZNF43	SRY	ZNF208
190	1.0	PTPRT	PTPRN	SNX19
191	1.0	MTMR9	MTMR7	MTMR8
192	1.0	ST3GAL2	C16orf45	ENO2
193	1.0	TLR7	IRAK3	DEFB4	IL1RL1	IRAK4	NOX4	TLR1	FUT7	TLR8	TIRAP	DEFB4B	TLR4	TLR6	IRAK1BP1	TLR10	SIGIRR	TLR2	PELI1	TLR5	MYD88	LY96	IL1RAP	TMED7	IRAK1	IL33
194	1.0	HOXA2	ID1	HOXC13	LMX1A	MAML1	HOXB13	SCRT2	CBFA2T2	ELF2	SOX3	HES5	ATOH7	SSBP4	ELSPBP1	HOXA5	PECR	FKBP9L	ZNF3	LYL1	TMEM68	TCF23	HAND2	ASCL1	NKX2-2	OLIG2	BHLHA9	IFT172	ATOH8	LHX1	LDB2	ATOH1	TCF4	SSBP2	CAMTA2	DMBX1	ISL1	PBX3	DGCR8	MAML2	MYF6	HES1	PTF1A	TBX5	LHX3	ZNF876P	GARNL1	MYF5	HOXA11	SNRNP27	ISL2	MEIS2	RC3H1	RAX	SP7	MYST4	MEIS1	ID2	LMO2	PKNOX2	TAL2	CSHL1	LDB1	BHLHB8	SSBP3	CDX4	ASCL3	LMO1	OLIG1	TLE4	TCF12	TCF3	TCF21	OLIG3	LHX4	ZNF652	TAL1	HOXB8	MSC	C19orf61	ZNF626	LHX2	ID3	ASCL4	HAND1	TWIST1	ACYP2
195	1.0	SIX1	GBA2	DDX43
196	1.0	PDCD1	CD274	PDCD1LG2
197	1.0	TM7SF2	ARID3B	GPRIN1	PXN	CCDC80
198	1.0	FIS1	MICA	RAP1B	ZNF385	TOM1	UBASH3B	RNF168	TH	ABHD1	OTUD7B	VPS36	ADAM19	HERC3	RCHY1	FAM108B1	HAMP	ARL5B	CCDC50	AIPL1	PIB5PA	FTH1	WDPCP	UCHL3	TAX1BP1	ZRANB1	DNAJB2	SLC40A1	HECW2	TBC1D16	MARCH5	PM20D1	ZNF749	RNF43	OTUB1	NUB1	SYAP1	DENR
199	1.0	CNDP2	CNDP1
200	1.0	CASP12	FKBP7	HSPA5
201	1.0	MSRB3	PSAT1
202	1.0	PABPN1L	EIF4G3	AMN1	DCPS	CDC42BPB	MRPL12	EIF5	EIF4EBP2	ZRF1	TMEM51	CDC123	PIGB	EIF4E	ARHGAP15	CCS	EIF3E	MBLAC1	ATG9A	EIF4G1	SLC30A1	DDX5	RP11-592N21.1	EIF3CL	NARG1L	LDHD	KRI1	EIF2S2P4	EIF2B4	ASNS	GMPS	RPL27AP	POLS	LTV1	LSM12	FBL	SNORD23	SPATA5	KIAA0372	NOL5A	ABCE1	TMEM16K	ERO1L	RPL14P1	UGP2	PLA2G6	PUS1	NAF1	ACSF3	SLC16A4	RHCG	CCDC86	NOLA1	RPL7P1	EIF2A	HDDC2	SKIV2L	RPL22L1	PDCD4	RP11-297B17.2	EIF6	MDN1	TEX261	CPA2	RPS26P3	XYLB	FARSB	SDCCAG1	RPLP0P6	PWP1	LARP2	MRPS16	COQ10A	ABCF2	TRMT6	SCN1A	KIAA0664	HIBCH	LARP7	SOAT1	DRG1	HLCS	HISPPD2A	IMPDH1	C9orf6	SNORA67	ISCA1	EEF1A1	SURF6	SHMT1	NKX3-2	ADAT1	DDX3Y	RPS26P6	MAGEB2	MRPL43	PABPC1	C14orf172	TYW1	DKC1	RPSAP58
203	1.0	DDX4	C6orf153	NUDT12	MRPL36	DCP1A	TNPO1	DDX31	TYMS	PARS2	FIP1L1	MRPS14	TIAL1	SMPDL3B	DRG2	MSI1	ZCCHC7	TADA2L	EIF1	INTS6	PAIP2	THOC2	SKIV2L2	DDX3X	ERAL1	DHRS7	PAIP1	MRPL23	PAN3	TOP1	DDX21	ATG12	DIS3	CCDC12	DDX39B	HIST1H1D	DHX30	POLR1B	DDX6	C17orf39	MRPL3	ADH5	ADAR	EIF4G2	MRPL13	PUS7	CDC14A	SEC31A	PRMT3	TRPT1	MYBBP1A	ZBTB8OS	DPP7	GTF3C4	MRPL15	MRPS9	XRN1	NFKB2	MRPL27	EXOSC9	PAPD5	MRPL46	POLR1C	THOC1	HDLBP	WIZ	RPAP2	DCP2	DHX15	PPP1R7	UPF1	PHB	BAT1	POLR1A	PSPHL	NOLA2	WDR82
204	1.0	C8A	C8B	RFFL	SGCA	SGCD	C9	SGCB	SGCG	C5	SGCZ	SSPN	SGCE	MMEL1	C8G
205	1.0	FAM119A	FARS2
206	1.0	RANBP10	THSD7B
207	1.0	EMID1	EMID2
208	1.0	ZNF598	ZIC4
209	1.0	GTPBP2	FAM50A	AGPAT9
210	1.0	SLC27A4	FAM57A	CMTM6	BAAT	SLC7A10	C21orf51	SLC7A7	SLC3A2	ORMDL1	TMBIM4	GGTL3	SLC7A11
211	1.0	NXPH3	BAZ2A	PCDHA6	ALS2CR12	ABR	MCAM	AFF2	LRBA	CAST	LMO6	GPX1	CELSR2	C20orf46	SNX17	SNX12	DOK3	OPTC	RPP38	PCDHA7	TSKS	CENTB1	SHE	CNTNAP1	TMEM159	GAB3	SLC23A1	TRIM39	SHANK3	DNASE1L2	DKKL1	EFS	ID4	ZDHHC16	CCKBR	TRIM17	RHOU	FYN	RP1L1	SH3BP1	SNX8	LTBP2	DOCK3	AIRE	PRX	AVIL	KIFC2	PAX7	EXTL3	FYB	GPR63	WNK2	RIN3	CHRNA7	ZP2	SNX7	P4HA3	FOXF2	HEXA	SCARF1	C2orf3	AKAP6	GSX2	OGN	F2RL2	PDIA2	DLGAP4	SKAP1	GAD1	UBTD1	CDKL5	TYRO3	TGOLN2	TPX2	ST5	TDRD1	ABL1	DLGAP3	HCN2	NEK8	GSTZ1	ASB16	PHACTR2	CNGA1	ISG20L2
212	1.0	PSRC1	PLXNC1	DRD4	LRRC3	NPVF	TULP1	TPSAB1	CSMD2	PALM2	SLC22A3	TPSB2	APOL5	MEPE	SLC24A1	EPX	TGDS	BRPF3	GNS	GLTSCR1	PLAGL2	NCK1	NCKAP5	ABCG5	SEPN1	DUSP15	ASXL1	NPC2	URB1	GPR45	SEMA7A	MYRIP	SCARF2	FAM110A
213	1.0	KCTD17	LRRC18	RWDD4A
214	1.0	ZC3HAV1	LRCH4	IFIT3	SAP25	AYTL2	TTLL12	IFIT1
215	1.0	D2HGDH	CRB2	RTN4	PLD1	TES	PRR5	ENAH	SSB	PCYT1B	ABRA	RAPH1	IQGAP1	RAB11FIP3	EPS8L2	C3orf10	PARVB	PAK2	VASP	SPRR1A	DNASE1	TBC1D8	FMN2	C20orf95	PI4K2B	AQR	ARPC1B	DIAPH2	WIPF3	EPS8L1	SEPT2	DIAPH1	PIP4K2A	WIPF1	DNMBP	PIP5KL1	SEPT7	WDR32	ACTA1	CAPZA2	AC114730.8	NCF1C	PARVG	CDK5R2	EPS8L3	PPP1R12B	MICALL2	PAK7	GLRB	RABIF	PAK1	WASF2	RTN2	CAPZA3	MYL9	HIP1R	CRLF3	APBB1IP	ESPN	CCIN	CYFIP2	CNN2	ROCK1	WASF3	ROCK2	ERMAP	PFN3	SLC9A1	FMN1	RAB13	FMNL1	ACTL7A	PIP5K1C	WASF1	PIP5K1B	SPTA1	ARFIP2	CTNNA2	SPOP	TRIP10	ESPNP	PFN2	PARVA	MATR3	WAS	PFN1	SPTB	ARHGEF6	PFN4	LMOD1	SPTAN1	BRK1	TWF2	LGALS13
216	1.0	AP2B1	MEA1	ZC3H12C	NUBPL	DHX58	SPDYA	PPP1CB	CPD
217	1.0	SDK1	PSG7	PRPF40A	ZNF341	FMNL2
218	1.0	NR5A1	TBX19	ZNF653
219	1.0	PPAP2C	UNC119	FKBPL	CYB561D2	RUFY3	AAGAB	VGF	SRD5A3	CEP27	C16orf74	FXYD6	ARL3	RP2	BSND	CHST6	ARL2BP	UNC119B
220	1.0	C4orf27	IPMK	LACTB2	FUT8	MCFD2	PDCD2L	RIMBP2	FUT6
221	1.0	SH3BGRL	EREG	BTC	DOK6	NRG4	NRG2	EGFR	CMTM8	SLC30A6	ERBB4
222	1.0	MRAS	RAPGEF5	RRAS	RASGRP3	RASGRP4	RASGRP1	TMEM37	RASGRP2	RRAS2	RASA2	RASGRF2	RASIP1	HRAS
223	1.0	PRPF38B	ZNF295	YWHAG	UCP2	HNRPCL1	ZC3H18	USP37	EML3	FAM82C	KRT37	SUV420H1	UCP3	TMEM102	CAMSAP1L1	LRCH3	SMCR7L	KRT38	MICALL1	GALNT7	BAIAP2L1
224	1.0	TRAF6	TMEM109	C13orf33	DUPD1	OR10J1	TRAFD1	C11orf53	BRI3BP
225	1.0	TMEM64	C20orf52	CYP51A1	SEC24B	VPS52	SLC7A14	SLC22A1	ZNF289	VPS26B	ALG12	ELOVL4	ARMC3	PIGT	SEL1L	OPRS1	MGLL	ELOVL5	SLC38A11	ALG1	GUK1	GOLT1B	CYP3A43	STT3B	SCD	ALG11	ATP6V0B	ERGIC3	SLC35E1	CYP3A5	PIGS	TMED2	SLC16A6	ELOVL6	CTNS	GPSN2	SLC30A3	SIL1	COPE	SACM1L	ASNA1	LSS	SLC35B4	HSD17B12	CLCN5	NSDHL	SLC30A5	NKX6-1	PPAPDC1B	MBOAT2	FMO6P	TMEM20	PHCA	TLOC1	ATP8A1	CYP4F2	PTPLA	SC4MOL	SYS1	SGPP1	TMEM63A	SGPP2	ALG3	PIGC	SLC29A3	YEATS2	CDIPT	ATP13A1	MON2	SLC27A2	HPGD	LASS2	DPM3	SVOP	HSD17B7	SLC16A12	FDX1L	SLC9A6	PIGN	SLC7A4	NUS1	SLC24A6	SLC35E2B	PIGU	ARCN1	DULLARD	SQLE	PIGK	SLC35E2	MPV17	SAR1B	TMEM30A	TMED10	PCSK7	PIGW	EPT1	WDR79	ZMPSTE24	TMED5	GPAA1
226	1.0	MAGT1	ARFRP1	TMEM85	ALG10B	ATP2C1	PERLD1	MND1	SLC35C2	ALG6	POMT1	AP3S1	ALG8	PIGF	TM9SF3	ERN2	TM9SF4	PIGG	POMT2	ALG5	ALG10	CNIH4	PIGO	CWH43	ENTPD7	C18orf45	FA2H	PQLC1	PEMT	ENTPD6	CYB5R1	ALG9	MAN1B1	RER1	TBC1D22A
227	1.0	APP	BACE2	APBA2BP	TM2D1	CYP2G1P
228	1.0	LGALS9B	LGALS9C
229	1.0	CHMP2B	C7orf30
230	1.0	HBE1	HBA1	HBA2
231	1.0	ENTPD1	RANBP9	MPHOSPH8
232	1.0	RASA4	RASA4B
233	1.0	DUS4L	CD52	FANCA
234	1.0	GDNF	NRTN	GFRA1
235	1.0	SSX3	SSX2IP
236	1.0	PLXNB3	BTBD3
237	1.0	INTS4	FKRP	KIAA0513
238	1.0	SPCS2	C17orf42
239	1.0	USP6	ANKRD44
240	1.0	PTS	FNDC5	IYD
241	1.0	MEGF8	TNF	TNXB	PDIK1L	MCOLN3	PLCE1	COL3A1	PLEKHA3	BAG5	HIVEP2	DBT	CIAPIN1	LGALS3BP	SSPO	HSPBP1	MT3	BCL2L2
242	1.0	CDH24	CDH17	BCL9L	CDH7	FSCN2	CDH15	CDH8	CDH18	TBL1Y	PROP1	TCF7L1	VEZT	SOX17	PYGO2	AJAP1	CDH9	BCL9	DSC3	CDH19	SOX1	TCF7	HIC1	CDH16	CDH6	CBY1	PYGO1	CA9	CTNNB1	CDON
243	1.0	B3GNT4	GOLM1	ZFAND3
244	1.0	TTC36	HPD
245	1.0	MUT	MMAA
246	1.0	GPI	PARP14
247	1.0	CARNS1	TRIP12
248	1.0	C1orf34	C9orf52	CBWD3	CBWD5
249	1.0	BRS3	NMBR	GRP	RLN1	GHRL	RXFP4	RXFP1	RLN2	MLNR	NMB	GHRHR	MLN	RLN3	GHRH
250	1.0	MYEF2	TROVE2	PCCB	RBMS3	FAM10A5	DDX58	THEX1
251	1.0	MORN3	UBAP2
252	1.0	KBTBD10	NRAP
253	1.0	NEDD4	BEAN1	NDFIP1
254	1.0	CDPF1	EXOC3L	CPSF6
255	1.0	OSTC	EFR3A	COX4NB	OR4C12	TOR1AIP2	SFXN4	ENDOU	TSC22D1
256	1.0	ZMYND10	ZNF580	TSC22D4	DEGS2	MTHFS
257	1.0	CHAF1A	SUV39H1	ZNF217	ZNF516	RCOR1	CDYL	WDR5	EBI2	ARL5A	MBD3	ZMYM2	MTA3	RORC	EZH2	AOF2	UTP14C	MTF2	DNMT3L	WSB2	CHD4	MTA2	CENTB2	ZNF238	PRR14	MTA1	ZMYM3	KIF4B	REST	DNMT3A	MBD2	SUZ12	HMG20B	CBX1	RBBP7	DNMT3B	EZH1	JMJD3	KIAA0182	MBD3L1	PHF21A	HTR4	MLL3	CBX3	RBBP4
258	1.0	GNL3L	MRPS11	CTSZ	TRIM71	GPKOW	GIN1
259	1.0	ZBTB16	CCDC109B	LMTK3
260	1.0	GNE	CRCT1	TRDMT1	MRPS12	TDGF1	BTBD2	KLK10	CKMT2	PCDHA4	ORAI2	CRADD	BBOX1	RBM48	GSTM4	APLP1	MLLT3	HMGB1P5	CCL18	CDKN2C	HBXIP	MAD2L1BP	PLEKHA4	MRPS6	ZNF24	TSPAN13	TSPAN6	NP	PAEP	TMSL6	HSPB3	LAMA4	NRBP1	BOC	SERPINB9	ETHE1	PSG9	OLFML3	C5orf13	MPHOSPH6	SULT1E1	ANKRD24	TK1	KLHL20	DDIT4	SMPD3	RNF10	RIF1	C1orf103	GUSBL1	PAFAH1B3	DDN	CHMP7	IGSF21	AKR1C3	CCDC106	WDR62	SELENBP1	WWC1	COX17	PAPSS1
261	1.0	VPS37D	CEP55
262	1.0	INSRR	RUSC1	INS	RUFY2	CTLA4	CD24L4	LY6G6D	NEU3	TUB	DDEF1	GRB7	INSR	PLCG1	SNAG1	ROS1	SH2B2	SIGLEC7	GAS6	INPP5D	PECAM1	CENTD3	NTF5	PLCG2	ITK	CD97	KIT	SYK	ENPP1	VAV1	FOLR1	CSDC2	CMTM3	RET	PITPNM3	MAPK4	ADAM15	ERBB3	PIK3C2B	AOC3	AFAP1L2	DOK4	EPHA8	CSF1R	ADNP	PIK3R1	FLT3LG	HYAL2	PTPRH	ASTE1	C6orf21	SRCIN1	DOK1	LTK	PLAUR	THOC5	BLNK	GRAP2	ZNF274	PTPRF	GRB10	PTPRA	GALNT1	CRKL	NTRK1	RASA1	PIK3AP1	GAB2	SH2B1	DAPP1	SH2D2A	CD22	SH2B3	TBX21	NOXA1	DOK5	NTF3	SOS1	LYN	SHC1	PTPRJ	PTK2	SOS2	SOCS7	LAT2	UNC5C	ADAM12	NTRK2	MUC1	UCK1	GAB1	SH3BP2	MERTK	CLNK	AGK	RAPGEF1	MST1R	GRB14	SKAP2
263	1.0	ANGPT2	ANGPT4	TEK	TIE1
264	1.0	C20orf185	UBE2F	STAT1
265	1.0	ASAH2B	TCP10	PVRL4	PARD6A	DSC1	PARD6B	PVRL3	DSG2	PNMAL1	ASAH2C	LLGL2	DSC2	PVRL1	PNMA6B	PNMA6A	PAMCI
266	1.0	IKBKE	HSDL2	NUDT9	PGRMC2	CISD2	CCDC58	FAM49B	TMED9	FAM128B	C6orf125	TMEM111	GLOD4	GLO1
267	1.0	MARCH6	REG1B	BAT3
268	1.0	SFT2D2	SFT2D1
269	1.0	CHGB	CCDC92
270	1.0	PTPLB	BCAP31
271	1.0	TRIM28	ZNF2	ZNF382
272	1.0	GPHN	ARHGEF9
273	1.0	CYP4F8	NEURL4
274	1.0	KAL1	SDC2
275	1.0	KIAA1199	HACE1
276	1.0	BFSP2	BFSP1
277	1.0	PBEF1	IFITM3
278	1.0	VPS54	RCBTB2	COPS4
279	1.0	TUBA4B	BAG4	TICAM1	RNF216	NFKBIZ	TNFAIP3	MAP3K7IP2	STK4	GSTA3	ERLIN1	SORCS3	C4orf15	MOXD1	RIPK2	CARD11	FADD	RIPK1	TNIP3	CARD10	NGFR	TRADD	TNFRSF21	CD40	MALT1	EIF2AK2	ALS2CR2	CFLAR	TNFRSF1A	PRKRIR	BCL10	TIMM50	PELI3	CHUK	IKBKB	MAP3K8	TUBB6	PPM1L	IGHG3	FAM92A1	RCN2	C9orf89	TRIM44	PXMP2	NLRP4	LTA	MAP3K7	HCCS	TLR3	TRIM38	BIRC2	KIAA1161	DNAJC3	BIRC4	SLC30A7	ERN1	TNIP2
280	1.0	MEGF11	TTC28	CENPB	NELL1	C20orf12	ZNF862	GFI1B	KIAA0515	ATN1	FBLN5	BRE	ECM1	PDZD4	ZNRF3	SOD3	TIGD6	NELL2	MEGF6	ANKS3
281	1.0	DDI1	MFNG	GLIS3	ZIC1	CHD7	AXIN2	TPPP	NUMBL	EBF3	HIST1H1T	JAG1	FABP7	C11orf60	TCF7L2	PPP2R3A	DTX2	EBF2	DTX3L	DUOXA1	TEAD4	DTX3	SERHL2	MAML3	TMTC2	MFAP5	RP1	NOTCH3	HECW1	SIX3	RNF13	SBNO1	HHIP	RERE	ALG14	TBX20	DLL1	DLL4	APH1A	NEURL1B	PDE7B	ZDHHC1	CABYR	PTCH1	DTX1	SUFU	RFNG	DLK1	ANKRD39	DISP1	HHAT	APH1B	GAS1	IHPK3	POFUT1	C20orf23	GLI2	ADAM17	NOTCH4	MICAL2	IHH	SENP2	ZNF608	JAG2	TBX2	RGS22	RBPJL	DLL3	SHH	PSEN1	DOLPP1	DHH	XXbac-B461K10.4	AXIN1	MTCH1	EVX1	RIPK4	LFNG	TDRD6	PARP9	GPC5	NOTCH1	RBP3	DNER	PSEN2	NOTCH2
282	1.0	SLC16A13	TSPAN11	TBC1D25	MAP7D2	TMEM9	C20orf30	PHTF2	SUMF1	TRSPAP1	DYNC2LI1
283	1.0	LBP	IRF6
284	1.0	PHOSPHO2	CCDC135
285	1.0	KPNA6	ALDH6A1
286	1.0	STIP1	HSPA14
287	1.0	PRDX1	XRCC6	ZFAND5	TUBB	CBWD2	RPS27A	DHRSX	MAP3K3	HSPD1	NFKBIE	ZNF322A	C9orf103	HSPA2	HSPA8	ATP5A1	SUGT1	ACTG1	PRKDC	C5orf25	CDC37	BPGM	C1QBP	BCAR3	TBK1	HSPA9	WDR16	VCP	HSD17B4	MAP3K1	SORT1	SLC25A5	BAG2	SUMO4	CFL1	S100A11	RELB	SORCS2	HSPA1A	NCALD	UBA52	TSSC4	MPST	TPM3	CAPZB	ALDOA	PHB2	DNAJA1	REL	NFKBIB	TUBB4	SUMO1P3	ARL8B	PPCS	DNAJA2	HSPA1B	ECSIT	MDH1	TUBBP2	UBC	CSE1L	UBB	TSSK6	DNAJA3	IPO8	PDHA1	MYH10	XRCC6BP1	IKBKG	ABCB1	GAPDH	UBE1	ENO1	SGK	SLC25A6	TUBA4A	HADHB	TNFRSF1B	NEDD4L	C3orf28	NANS	TBCC	RARS	RIPK3	ACTB	ATP5B	GLUDP5
288	1.0	GGN	AZIN1	OAZ1	OAZ3	OAZ2	ODC1	GGNBP1
289	1.0	POLR3A	BDP1	SUPT7L	TAF5L	ZNRD1	FRG1	TAF6L	POLR1E	CDCA5	LPHN3	STAG1	POLR3F	POLR3B	PDS5B	GTF3C3	HDX	SLC33A1	POLR3G	MAN2C1	POLR3K	WAPAL	STAG2	ASL	SMC1B	RAD21	TBPL2	TAF3	TADA2B	POLR3C	TADA1L
290	1.0	DNAJC12	PAH
291	1.0	LGALS1	MUC16
292	1.0	UBN1	CCDC91
293	1.0	USO1	MOSC1	MRPL47
294	1.0	RAB3GAP2	RAB3GAP1	OGFR	TMCO7	TBC1D15	YTHDF1	HEATR3	GSTK1	PTP4A3	TMEM41B	WDR7	UBE4A	RPRD1A	ATP1B3	ATP1A4	HSD17B11	KIAA0406	ZNF294
295	1.0	MZF1	ZNF434	SCAND1	ZNF167	ZNF446
296	1.0	CDKN1C	CD320	RB1	VSX2	E2F1	RNF144A	E2F3	CCNE2	SP2	SERTAD2	RBL1	RBBP9	RBBP8	ENC1	E2F2	MNDA	CCNA2
297	1.0	LSM6	PRPF3	LUC7L	GPX4	LSM5	MRPL4	GRHPR	NARS2	LSM3	MRPL17	RAB7L1	LSM1	LSM7	CCDC49	PCID2	C9orf41	SART1	C20orf4	CCDC45	BUD13	LSM4	C9orf138	MYH13	SLC43A1	ZMAT2	C12orf65	WARS2	TIA1	RMND1	PRPF19	ATP9B	TFIP11	PATL1	MIOS	USP52	WDR59	PRPF31	UPF3A	PLRG1	CRNKL1	C21orf13	C4orf34
298	1.0	ETV5	ZNF418	APOL2	AR
299	1.0	HYLS1	CCDC44	ABCB8	SAT2	ALDH2	SURF2	ARL15	TP53AP1	CNKSR3	C9orf9	GBP7	TCF25	B4GALT3	SEPHS1	FAM45B	FAM86C	SAT1	GBP2	C9orf46	C14orf1
300	1.0	CPE	CHRNB1	FLYWCH1	HNRPH3	HTATIP	ECH1	TLE1	PPP1R8	PIAS4	HSPE1	HES6	C11orf79	GC	PHF10	RGL2	DHCR24	ZNF192	RAB27A	GSTO1	ASAH1	TP53	C1orf174	HMOX2	GUSBP9	SULT2B1	PDZK1IP1	UBR1	C2orf18	BRD7	MAP7D1	KIF22	GADD45G	QTRT1	ING5	UTP14A	ARL4D	ZBTB45	C9orf25	STK40	AGR2	MRPL38	PXMP3	COPS6	TP53I3	PQBP1	PLEKHM1	THAP8	SUMO2	PTPRS	TGIF1	CRELD1	RSRC1	GDF9	BARD1	C6orf62	SIX6	PRG2	CCDC90B	CRMP1	FAM135B	SCO1	OGFOD2	ZHX1	ZZEF1	NAT9	RIT1	DIS3L2	ANXA9	BHLHB2	ZFP64	GIPC2	ADPGK	FUNDC2	FAM127B	C9orf95	UTY	TNRC4	FAM101B	COX17P1	NDUFA4L2	S100A8	FXR1	SCO2	GPR108	ABCD4	ANXA3	PSG1	CDKN2B	DLEU1	RELN	C4orf17
301	1.0	PPCDC	DUS3L	ACOT4	SOX6	SIRT7	FAM131C	RP11-22B23.1	LPIN1	MAD2L2	SORCS1	ISOC1	VRK1	QRICH2	DDX12P	WDR44	CENTB5	COL4A3BP	COPS7B	APC	OS9	UQCC	DYNLT3	SEC24D	SASS6	TACC1	CDC14C	METT10D	NRG3	DCX	MRPS31	MAPRE3	TFAP4	POU3F1	STOX1	MLF1	KIAA1128	KPNA1	LXN	NOVA2	PIH1D2	ZNHIT3	RABEPK	MYT1	AZU1	CLIP2	RINT1	ACOT1	PMVK	KRT31	MTHFR	PHACTR3	PRMT6	PARP2	RSU1	GORASP1	SEC16B	PPP1R14B	KRT85	SEC24A	METTL20	TTK	MYO16	ANKRD54	DECR2	CCDC42	PITPNM1	MSH5	ABCF1	PPP2R5A	IRF2BP2	USP33	MRPL54	BUB1	KALRN	TSTD1	TMEM22	ZNF197	PPP2R5D	N4BP3	MAPRE2	CLIP1	PPP1R1A	CCDC88A
302	1.0	GAMT	GLE1L	MFSD10	RANGRF	SPPL2B	RGPD6	SCML2	RANP1	MLLT10	ZC3H15	XPO1	NXF3	AIFM2	CETN3	NXT2	HTATIP2	SPATA2L	RRAGD	RGPD7	SAC3D1	NXT1	AMMECR1	NXF2B	AMMECR1L	LOH12CR1	VRK3	NUTF2	SLC12A9	MTRF1L
303	1.0	HTR1F	BST1	CAV1
304	1.0	PKP2	MARK2	KLC1	VGLL1	SAMD12	PARD3	EIF4E2	NAV1	MARK3	TSC2	PAK4	ATP7A	CGN	ARAF	KIF5B	KLC2	HDAC7A	KIAA0556	UBE2S	YPEL2	HUNK	USP8	ANKRD7	TRIM26	KIAA1546	FOXO3	TP53BP2	NOL11	TBC1D4	C3orf63	FRMD4A	KIF5A	PIM3
305	1.0	GRSF1	MAP7D3	ROD1	XIRP2	C6orf108	FTSJ1
306	1.0	FUT1	CEL	ST6GAL1
307	1.0	TRMT2A	ATG16L1
308	1.0	PARP4	MVP
309	1.0	LGALS2	FABP6
310	1.0	LMNA	NARF	ZNF239
311	1.0	STARD13	TRIM58
312	1.0	SECTM1	CD7
313	1.0	PODXL2	SELL
314	1.0	C19orf6	ARSE	ODF1	SPAG4
315	1.0	ENPEP	ANPEP	NAALADL1	FCGBP
316	1.0	CEP350	APTX	MAPKBP1
317	1.0	C10orf78	ZNF490	DTNBP1
318	1.0	NEO1	PPHLN1	CASP1	VPS13D	DIABLO	LRRC3B	IL1A	CASP3	FAIM2	PDE5A	CASP8	BFAR	BIRC3	RTN4R	STK3	NAIP	UMOD	TNFRSF6B	DSG3	HPCA	PARG	IL1F10	UNC5B	HTRA2	GOLGA7	CASP9	BID	DEF8	NLRP1	MZB1	IL17RD	CASP10	IL1R1	BIRC7	NOD2	CASP6	MADD	IL1RL2	UBE2J1	B3GNT1	TNFAIP8L2	APAF1	MINK1	CASP8AP2	WNK3	DEDD	IL18RAP	CASP14	TNFSF15	CD14	PYCARD	CASP2	DEDD2	GOLGA3	IL18	ARID4B	FEM1B	TNFRSF10A	GBP3	LTB	LATS2	NTN2L	COL11A2	NLRP12	C14orf119	LRRCC1	IL1R2	UBE1L	NOD1	TNFRSF10B	MAP4K1	NLRP3	BIRC8	IL18R1	TNFSF10	CARD18	TOLLIP	NOL3	FAS	CSN1S1	XAF1	KCNIP4	CASP5	MEFV	CASP7	IL1RN	IL18BP	IL1B	CARD16	NUCB2	CARD8
319	1.0	BCL2	PMAIP1	MCL1	SIVA1	BCL2L12	TEGT	BCL2A1	BCL2L1	BNC1	GIMAP4	BIK	TP53AIP1	AVEN	MOAP1	BCL2L14	BAX	BCL2L10	GIMAP5	CPT1A	BMF	BCL2L11	HRK
320	1.0	PIWIL1	PIWIL3	LRRC4	EIF2C3	EIF2C4	PIWIL4	TNRC6B	PIWIL2	SLC7A9	OTOP2	DICER1
321	1.0	PRLHR	PRLH
322	1.0	DHRS4	JMJD1A	FTCD	EEFSEC
323	1.0	IDH2	TP53RK	IDH1	TPRKB
324	1.0	CCT3	DYNC1H1	CCT7	MMS19	PFDN6	PPP4C	IGBP1	XPOT	TOP2A	PPP2CB	VBP1	ATP5C1	PDCL2	SARS	SMC4	LONP1	PPP6C	PFDN4	CCT2	PPP2R5C	MEIS3P2	PFDN5	OAT	CCT5	CCT6A	CCT8	TCP1	TIPRL	CCT4	MARS
325	1.0	ROPN1B	ROPN1	SPA17	ROPN1L	AKAP3
326	1.0	COQ9	TMEM16H
327	1.0	PSCDBP	PSCD1
328	1.0	DIP2C	BNC2
329	1.0	MTFR1	STIL	PIN1
330	1.0	GRINL1B	HIGD1B
331	1.0	KIAA1279	RGR	DPEP1	ZNF670
332	1.0	DBNDD2	CPNE7	CALCOCO2
333	1.0	KLF16	ARID1B	SAP30	PPP4R1	MNT	RYBP	NUP62CL	SUDS3	HDAC2	MXI1	RFXAP	MLL	SENP1	SP3	TOP2B	HOPX	HCFC1	BAZ1A	SIN3A	FKHL18	HCFC2	BRMS1	ARID4A	SETD1A	MIZF	IKZF3	TGIF2	MYCL1	PHF12	FKBP3	MRFAP1	RFX5	C16orf53	MXD4	CTBP1	MYB	HEY2	IKZF4	YY2	MAX	SMARCA1	BTBD14B	PAX5	SMYD1	MDS1	GTF2I	IKZF1	SATB1	SP100	C3orf33	MYST1	MIER1	IFRD1	SAP130	ZBTB7A	SIN3B	EED	MORF4L2	KLF11	EFCAB6	LRRC45	THAP11	KLF10	DYDC2	IKZF2	RUNX1T1	EVI1	DNMT1	PRDM4	C3orf23	RBP1	MBD1	ASH2L	OGT	AEBP2	SALL1	HDAC1	ATF7IP2	HIF1AN	YY1	MXD1	C11orf30	DAXX	RCOR2	RUNX3	MECP2	LBXCOR1	LRAT
334	1.0	C20orf67	RBPJ	HDAC9	DACH2	GPS2	NCOR1	CBFA2T3	HDAC3	ZMAT4	PPARD	HDAC5	BCL11B	HDAC10	HDAC4	HDAC8	GCM1	NR6A1	CORO2A	HR	NR1D2	ANKRD50	NR2E3	SPEN	NR1D1	HESX1	TBL1XR1	TBL1X	HDAC11
335	1.0	CIR1	GPATCH1	C11orf31
336	1.0	UXS1	CMC4	TCL1B	DLC1	AKT1	TCL6	THEM4
337	1.0	KCNK3	SAV1	ARHGEF28	ISCU	MLXIPL	C1orf57	INPP5E	WDR68	ZFP36	PCTK1	IGSF1	CLIC4	FRMD6	ZFP161	YWHAQ	YAP1	MYCBP2	TRIM21	TPH1	FOXK1	SNF1LK	LMO7	DOCK7	MLK4	KCTD20	SLC4A7	SIPA1L3	TLX2	PAM	PANK2	TSC1	KIF5C	RACGAP1	TCP11L1	ROBO1	TLK2	RNF128	RASGRF1	ABLIM1	KIAA1598	CRTC2	WEE1	CEP152	MAP2K5	MPHOSPH1	PDRG1	HSPB6	RHEB	BAD	SAMD4B	SCEL	KIAA0802	MAP3K2	BRSK2	YWHAH	FAM83G	PRKCI	RASSF7	ARL6IP2	RIOK1	CDC25B	KRT34	TESK1	TJP2	FGD6	PLEK	GREM1	ERC1	SLC26A8	WDR6	SON	AANAT	PRR5L	PNPLA2	PPFIBP1	MLXIP	PTPN14	RALGPS2	GCK	TRIM25	YWHAE	REM1	HECTD1	PDC	YWHAB	KCNK15	PCTK2	MLLT4	MRPS30	SPIRE1	TRAF7	COX7A1	KCNK9	PFTK1	CSNK1A1	MDM4	C9orf61
338	1.0	CPS1	MARK1	LRRC15	CCNI	NUDT14	RAF1	RBJ	OIP5	STK10	RIN1	BRAF
339	1.0	CHST12	UGCGL1	EFHD1	MICALCL	ANKRD34	TCHH	MICAL3	IER3IP1	RAB1C
340	1.0	SRD5A1	LOXL2	PDIA3	SLC12A3	DCBLD1
341	1.0	ATP6V0A4	PFKM
342	1.0	SAMD3	CYP19A1
343	1.0	C10orf88	ARMCX3
344	1.0	RNF5	RNF5P1
345	1.0	TTLL4	AHSA2	HSP90AA2
346	1.0	PITPNA	HSDL1
347	1.0	ICAM5	PPP1R12C	SLC7A1	CLDN11	AK1	MYO1G
348	1.0	MYH2	AMPD1
349	1.0	ACCN2	ACCN1	STOML1
350	1.0	EVPL	PSORS1C2
351	1.0	TFF1	GKN2
352	1.0	HEXB	LGTN
353	1.0	CINP	CLUAP1
354	1.0	CHRNA1	CHRNG	CHRNE	CHRND
355	1.0	RNF170	MYO7B	UBE2A
356	1.0	UQCRC1	UQCRB	UQCRC2	UQCRFSL1
357	1.0	AGGF1	GTDC1
358	1.0	FAM161A	PPM1F
359	1.0	PKD2L1	RCAN3	TNNI3
360	1.0	CIAO1	GAS8	MRPL24	SLFN11	NARFL	FAM96A
361	1.0	OBFC1	SDSL	TUBGCP4
362	1.0	IRX2	RBBP6	DUSP11	SNURF	ZNF584	PPIL1	YTHDC1	C6orf211	PCBP4	HTATSF1	DOCK4	SIP1	CCNL1	REC8	DTD1	C1orf35	RBM12	MKLN1	NRG1	ZNF689	ETV3	SNRPN	TSEN34	RSF1	TRAP1	SRPK1	CECR2	CCNY	C6orf203	PRM1	SMNDC1	SLC31A1	TXNDC10	IBTK	RALY	WWOX	STRAP	CCNL2	CUGBP2	NOVA1	GPATCH8	NAGS	GEMIN4	SSU72	RBM42	TCERG1	PUF60	KHDRBS2	TTC19	RBMXL2	FAM115A	SFRS10	KHDRBS3	SNW1	CPSF4	SAFB	SYMPK	SNUPN	NRIP2	SYCP3	CWF19L2	HNRPLL	TNRC15	KIAA1107	IGSF2	TUFT1	TRA2A	SMN2	C22orf23	CCR6	SNRPC	CWF19L1	ZNF74	C16orf80	PTBP2	DSPP	KIAA0859	GLIS2	AMOTL1	RBM11	C1orf19	C20orf42	BOLA3	ESPL1	DEK	MAGOHB	SCCPDH	KIAA0460	DDX20	RBMS1
363	1.0	CCDC97	SFRS15	WBP4	DDX46	GPR88	WBP11	WIPF2	CCDC123	CHTF8	SF1	CAPRIN1	PSPC1	NCKAP1L	CHERP	ZNF207	KHSRP
364	1.0	JMJD1C	NR2F1	PRMT2	ANKRD11	NR0B1	TRIP4	NPAS2	WRB	NR1H4	TRIM33	THRB	RXRG	BTG1	TEAD2	EDF1	RARG	RXRB	NR1H3	PPARG	NCOA4	NR2F6	PPARGC1A	ANGPTL1	SHD	RORB	NR1I3	PNRC1	PLAGL1	POU1F1	ESR2	NCOR2	SLC16A2	OASL	NSD1	NRBF2	NR0B2	NRIP1	NCOA6	TGS1	ANKRD25	THRSP	ESRRB	ESRRA	IRX4	NCOA1	TDG	NR4A1	ESRRG	RARB	ABCC9	NCOA2	NCOA3	THRA	RARA	RXRA	PPARA	VDR	TRIM24	NR1I2	ZNF335	PNRC2	HNF4A	STAC3	NR1H2	PPARGC1B
365	1.0	NR2C2AP	POU2F1	NCOA7	ZNF398	POU4F2	AHR	AIP	NR2C2	ESR1	COPS2	DAP3	RPAIN	PRDM2	POU2F2	CRIPAK	GADD45A	AKAP13	NR3C1	PGR	MTERFD1	ARNT	POU4F1	HIF3A	NR3C2	BCAS2	NR2C1	TRIM59	WIPI1	RNF14	GADD45B	JARID1A	NR5A2	PDE2A	REXO4	NR4A2	RFX4	MECR	FABP1
366	1.0	FKBP4	POU5F1	FOXD3	HMGB2	LOXHD1	NAB2	NAB1	MS4A14
367	1.0	PRKCZ	SLC39A2	GABRR3
368	1.0	EPB41	SEC14L1	TMEM24	MRP63
369	1.0	OLFM3	GGTLA4	MYOC
370	1.0	PRKAG1	PCK2	G6PC
371	1.0	EHMT2	XAGE2
372	1.0	STUB1	HSPA4	DYX1C1	GRPEL2	UBE2Q1
373	1.0	RBKS	PEX14
374	1.0	SFXN3	FAM120A
375	1.0	PLEKHA2	PLEKHA1
376	1.0	RABGGTA	PDZRN3	LSP1	CCDC89
377	1.0	PTP4A2	CNNM4
378	1.0	GLRA3	NDRG3
379	1.0	CREBL1	MBTPS2	ATF6B
380	1.0	CDR2	C6orf105	LPP	ACADM	FXC1	C2orf28	TIMM22	TIMM10	EHHADH	ACAA2	TIMM8A	FOLR2	TIMM9
381	1.0	SEL1L3	C14orf147	LAPTM4A	MRPL28	KIAA1543	RILPL2
382	1.0	SLC7A2	CRIM1	SLC7A3	ZAN	CRISPLD2
383	1.0	ATP6V1D	ATP6V1G1	ATP6V1H	ATP6V1F	ATP6V1C1	ITPA	ATP6V0A1
384	1.0	GDPD3	GDPD1
385	1.0	NPBWR2	NPB	NPW
386	1.0	CUTL2	SHOX	CSNK2A1P
387	1.0	C9orf85	AC004381.6
388	1.0	STC2	ADAM11
389	1.0	CYP1B1	SAE1
390	1.0	RECQL5	ADCY10P1
391	1.0	C11orf83	SAMHD1	PHLDA3	MRPS10	TK2
392	1.0	SRL	FAM107A	USHBP1	ADAM29	GGNBP2	KIAA0408	USH1C	BEGAIN	FCHSD2	DGCR6L	PRPH	LRRC4C	ACCS	TTC8	KIAA1217	ABI2	LSG1	ANKRD36BP1	SPERT	FBF1	DYDC1	TEKT4	RIBC2	WDR47	RCOR3	TRIM29	KRT81	KRT20	C1orf216	JAKMIP2	WAC	GCC1	KLHDC5	KRT15	EXOC8	PCM1	TREX1	DDX26B	PLDN	PLEKHF1	C9orf16	RHPN1	HOOK2	TNNT1	ZNF638	IFT20	CCDC93	CEP63	KIAA0774	TMEM48	ABI3	KIAA1267	AMOTL2	KRT19	USP2
393	1.0	ZNF263	FAM124A	RBMXL1	TRIM31	AQP1	CEP170L	CSRP2BP	CUTC	LNX1	RPIA	TIFA	SPEF1	FAM193B	C16orf48	DPPA2	ZBTB43	C8orf32	CCDC33	NIF3L1	SOHLH2	FKBP6	RALYL	CCDC159	C6orf166	VTA1	EFEMP2	ZCCHC11	FATE1	ZNF408	ALS2CR8	COIL	GNMT	SPATA2	CEP76	DCTD	NME7	ZNF276	GTPBP10	HOOK1	MYO15B	NT5C2	DCTN5	ZNF165	RAD54B	TCEB3B	LZTS2	NUDT18	TRIM37	LMO3	LNX2	ZNF451	THAP1	FXR2	PCBD1	KCTD13	MAGEB18	RNF183	TRIM23	SPG21	CTPS2	BAT4	EVI5L	APEX2	CCDC130	PLEKHF2	CEP70	C19orf50	CEP72	MBIP	DLG7	CCDC19	KCNRG	ZFHX3	C3orf34	ZNF646	HSD17B14	KCTD4	LDOC1	NHLH2	EFCBP2	ZBTB8	ZBTB25
394	1.0	SP1	POGZ	C14orf106
395	1.0	ZFP36L1	TRIB1	SNCA	HMOX1	CNTN4	MAPK8IP1	MAPT	PLA2G1B	TCL1A	PEA15	NOS3	CAPN2	MAPK8IP3	MAP3K5	L1CAM	SNAI2	MAP3K6	TNNT2	PEBP1	SNCG	FGD4	SLC12A2	GJB1	MKNK2	MAP2K6	PLA2G2A	MOS	MAP3K12	TNFSF11	MAPK8IP2	MKNK1	SNRK	ELK1	HMGN1	ELK3	CDH2	AKAP9	DUSP19	PEBP4	PRKCE	NRAS	ERF	HMGN2P8	RASSF5	HMGN2	RAP1A	PAK6	KSR2	METTL1	MYLK	PDE6G	RPS6KA3	FLNC	C6orf199	HSPB2	DAPK1	RALGDS	MAP2K2	AVPR2	CD34	RAPGEF3	RNF6	MBP	ATF2	SH3RF1	SPAG9	AFAP1	PPP5C	EEF2K	GJA1	MAP4K4	MAP2K7	MYL2	JDP2	FABP4	MAP2K3	AKT2	ARC	DUSP4	MAP2K4	MAP2K1	PLK3	RAP2A	STMN1	RGL1	PTGS2	LAMTOR2	MAPKAPK2	NOS2A	LMNB2
396	1.0	SIRPA	DCLK3	PTPRO	FRAP1	SH2D3C	PTK2B	ARHGAP32	VAV2	PTPN2	ALK	STAT3	MEP1B	VAV3	CDH5	AKT3	DBNL	BCAR1	YES1	PDPK1	SH3PXD2A	CEACAM3	SPRY2	STAM	CLIC3	BTK	RUFY1	RPS6KA6	STAP2	IRS2	EFNA5	TNFAIP1	KRAS	NTRK3	ANKRD17	NISCH	EPHB3	EFNB2	SYT12	EPHA5	PRKCD	RASA3	KIDINS220	RPS6KB2	DDEF2	KHDRBS1	RBM35A	DAK	EFNA4	CAPN7	EPHA2	CSNK1G2	PTPN21	PPP1R14A	TNS1	EPHA7	PRKCH	PITPNM2	BCR	EFNA3	EFNB1	IL27RA	SORBS1	MPZL1	SPTY2D1	MRC1L1	PTPN1	PIK3C2A	MAPK15	MRC1	TIAM1	IRS1	BDNF	PRKD1	NGFB	PIK3C3	CSF1	PIK3C2G	SRC	PTPN12	NEDD9	IRS4	CAPN10	CSNK1G1	SPRY4
397	1.0	MRPL22	C10orf118	MFSD7	SLC35B2	MCTS1	TFAM	C13orf1	TFB1M	POLRMT
398	1.0	PID1	LRP2BP	LPL	SCN3A	APBA2	GTPBP1	PCDH18	ITGB1BP1	LRP1	LDLRAP1	SCN2A	LRP2	DAB1	VLDLR	SCN4B	LRP8	LDLR	LIPC	SCGB1A1
399	1.0	CTSB	CXCL12	SDF2	CD74	REG3A	CTSS	TAC1	CALR	LTF	PLP1	CTGF	AMELX	APCS	SERPINB8	C4BPA	BCAM	BPI	HSD17B10	SLPI	BRI3	GYPB	ECE1	RG9MTD1	ZBTB22	ZBTB1	APOB	ASGR1	TPST1	BACE1	IGFBP5	CTSC	IGFBP3	LIM2	CANX	MBL2	CMA1	NBL1	RASAL1	IGF2	ITLN1	FKBP10	PRSS2	SUSD2	IGFBP1	SGTA	COL25A1	PCOLCE	ASGR2	SDC1	GBA	DPT	CHGA	AMBN	GCG	CCK	GPC1	FURIN	SPINT1	CTSE	IL8	SAA2	TFR2	CXCL2	RHAG	ADAM23	TG	IGFBP4	SRGN	APBB2	VWF	CTRC	TGM1	ZP3	MTTP	ADAMTS1	IGFBP6	SERPINB3	PRAF2	LTBP3	NCSTN	MFI2	ZP4	CST7	TF	SELP	SPPL2A	MEP1A
400	1.0	HCLS1	HS1BP3
401	1.0	ATP1A1	FXYD2
402	1.0	C6orf48	WFS1	WSB1	SNORD52	TJP3	ADCY8	CLCA1	RYK
403	1.0	CA1	DYNLL1
404	1.0	CTNNA1	FAM84B
405	1.0	P2RX4	P2RXL1
406	1.0	PGA4	SERINC1	METAP1D
407	1.0	LCNL1	HPGDS	HK3	PTGDS
408	1.0	GOLGB1	SLC2A3
409	1.0	TMEM242	C6orf35
410	1.0	NOMO3	HBP1	STCH	ZG16	HRASLS3	TRIB2	C1QTNF1	GKAP1	SMCR7	COL8A2	FAM127A	FAM48A	ARL4C	COL8A1	GLT25D2	SERPINI2	RAI2	TMEPAI	TMCO6	CCDC14	IGLC1	HK2	ANKRD41
411	1.0	DHTKD1	C19orf56
412	1.0	SGTB	TMEM203	C9orf23	C16orf52
413	1.0	THOC3	RP11-423H2.1
414	1.0	EPRS	DUS2L
415	1.0	P2RX2	P2RX1	P2RX3
416	1.0	ZNF710	ZNF366
417	1.0	COPS3	MYEOV2
418	1.0	DALRD3	DGCR14
419	1.0	C10orf58	THUMPD1	KLHL8	WDR55	BCMO1	ARRDC2
420	1.0	FAM133A	UNC84B
421	1.0	TIMM17A	TMCO1	NCAPH	TIMM17B	SAMM50	CAPG	CHCHD6	DNAJC11	DNAJC19	HAO1	TIMM23	TBC1D24	MTX1
422	1.0	CREBBP	ZBTB2	NFIA
423	1.0	MXRA5	REXO1L1	REXO2	NUDCD2	EIF1B	REXO1L7P
424	1.0	FANCE	FANCF
425	1.0	TUBGCP6	TUBGCP5
426	1.0	PDCD6	SLC41A3
427	1.0	ALDOB	BBS2	DPP3	BBS4
428	1.0	FLNA	CMIP
429	1.0	DAG1	LARGE
430	1.0	TMEM115	TPBG	GIPC1
431	1.0	FAM20A	FAM20C
432	1.0	JMJD1B	L1TD1	FAM129B
433	1.0	KLF3	KLF8	CCNDBP1	HHLA3	CTBP2	ZNF334	HDDC3	CASZ1
434	1.0	GPATCH4	MAB21L2
435	1.0	MPP6	TATDN1	ARHGAP18	NRM	PTPMT1	C15orf23
436	1.0	CCNB2	MTFMT	CDK3
437	1.0	CBS	FDPS	SEC23A	NARG1	TIGD4	SLC25A34	NAP1L1	AGPAT1	COPA	ME1	PKLR	ORMDL3	GFPT2	PGD	EEF1AL3	CAD	VDAC3	RCC1	AASDH	ACO2	ATP6V1B2	TMEM87B	HSPH1	PGK1	MDH2	PRDX5	ATP6V1A	PDHB	LARS	SMC3	GCN1L1	SARS2	SAPS1	SHQ1	GMPPB	FRY	ACSL4	AHSA1	DOHH	DHDH	HMGCS1	ADHFE1	ABCF3	COPG	FVT1	PMM2	MAT1A	RUVBL2	ISCA2	PRUNE	SRP54	GART	ARFGEF2	IDH3A	OGFOD1	RARS2	OLA1	KPNA5	OGDH	TUBB1	IPO7	SRR	DHRS11	FARSA	RUVBL1	IPO4	WARS
438	1.0	IARS	EIF5AP1	PGAM2	PKM2	FAM62C	HARS	SOD2	KARS	AARS	WDR48	NARS	EIF2B1	TUBB2B	KIAA1147	VARS	SPCS3	CORO6	FPGS	CRLS1	CCDC90A	EIF2B5	SLC16A14	GCLC	SLC25A29	EIF2B3	HMGCLL1	ACSS2	MTHFD1	EIF2B2	CBWD6	AIFM3	GK2	GARS	EEF1B2	NDRG1	TUBB2C	DARS	TUFM	ABHD4	EEF2	CTPS	ENO3	TARS	SLC25A28	AARSD1	SFXN5
439	1.0	RPP25	POP1	RPP21	RPP40	POP5
440	1.0	ELMOD1	IFT122	THG1L	SPO11
441	1.0	CYP4B1	DFFA
442	1.0	SUV39H2	CGGBP1
443	1.0	MRPS35	B9D1
444	1.0	FOXN2	MBNL1
445	1.0	PTPLAD1	TSPAN17	PDXDC2	SERINC3	BRF2	MTFP1	KDELR2	SMPD4
446	1.0	MYOD1	SOX18	VGLL4	CIB2	MEF2C	VGLL2	TEAD1
447	1.0	CMPK	DAD1	SEC11A	TPP2	AFP	ICT1	TMEM4	YARS	KCTD12	C14orf156	TAGLN2	BPNT1	ALDH9A1	ERP29	LTA4H	RIPK5	VMA21	PNPT1	KIAA0152	ACAT1	APRT	DDT	SEC23B	SBDS	MTPN	RAB21	AKR7A2	PDXK	GLRX5	LRRC40	ACAT2	NUDT5	MCC	PITPNB	APEH	CLPP	TARSL2	HLA-B	CUTA	KATNAL2	CKMT1B	NAT13	SAR1A	HPRT1	ESD	TMA16	ADSS	C11orf58	C9orf32	RAB14	LAGE3	LYPLA1	CRYZ	AASDHPPT	TSN	MRPL14
448	1.0	EHD2	EHBP1
449	1.0	ALKBH8	TRMT11
450	1.0	CHMP4A	CHMP4B	MDP1
451	1.0	PSAP	SLC11A2
452	1.0	TTPA	BHMT	ALDH16A1
453	1.0	SCAMP3	SCAMP1	CDS2
454	1.0	THAP2	ZFP2	ALOX5AP	ALOX5
455	1.0	HERPUD1	IMPA2
456	1.0	EDN3	C7orf24	DAGLA	MEOX2	EDN2	VIPR2	MEOX1	PAX1
457	1.0	PHYH	ACSL6
458	1.0	AGBL2	AGBL3
459	1.0	TANC1	TMEM38A
460	1.0	CLPB	TTLL9	URM1	ATP10D	ATPBD1B	RRM2	XAB1	NACAP1	SETD6	PYCRL	NSMCE4A	LIPA	PNPO	COPB2	PC	BTF3L4	NMNAT1	EARS2	NPAT	PGP	C3orf31	SRP19	HEMK1	USP46	CNOT1	ICK	C1orf69	CNOT2	ZC3H14	CNOT6	PPTC7	YPEL4	IVL	CCDC75	GALT	KPNB1	MRM1	DIP2B	TMEM34	PQLC2	RQCD1	USP10	NTHL1	NES	TMEM165
461	1.0	GRHL2	GRHL3	GRHL1
462	1.0	PUS3	WDR76	GLYR1	PAF1	ELP2	PCAF	SMARCAD1	TRAPPC9	HAGH	RTF1	TRMU	PHF8	AL356585.3	KLF1	SUPT3H	JARID1D	TTLL10	IDE	ACTL6B	JARID1B	REV1	ACTR6	POLK	BAZ1B	MOGAT2	GCN5L2	PLAA	ANP32E	SETD2	FOLH1B	CPOX	PLOD2	SPON2	UBE2B	PPA2	MORF4L1	C6orf168	ATXN7	NAP1L2	USP22	SMARCD1	ACTL6A	ENY2	SMARCB1	ACSL1	BRPF1	TRRAP	ELP3	SMARCC2	POLE3	FAM107B	CFDP1	KIAA1009	KTI12	UBE2H	TADA3L	BCL7A	CHD1	VPS72	SMARCA4	ATAD2	BPTF	SSX1	SS18	ELP4	DPCD	C18orf37	ARID2	JARID1C	PDE11A	MRPL10	ELOF1	SMARCD2	SMARCC1
463	1.0	CXorf56	NFKBIL1
464	1.0	ATAT1	C6orf134
465	1.0	ZMYND17	C10orf63	NHLH1	TMEM53
466	1.0	PSME3	WDR25
467	1.0	MLF2	ILK	IPO11	HEATR2	CORO2B	MRPL41	SFXN1	XPO7	KRTCAP2	SNX27	SAAL1	TMEM33	FANCI	ATXN10	UNC45A	PDS5A	SPRR2A	TTC35	NUBP1	KIAA0776	CCDC59	C20orf116	SLC7A5	WWC3	TFB2M	PRPSAP1	PLCD4	C19orf70	NCAPG2	BRP44	NME3	RPAP1	C20orf24	CLPX	SURF4	OTUD4	NUBP2	DMXL2	HTR1B	TMEM147	NDN	SRPR	GLS	NEK7	ABCD3	MYO1D	SRPRB	FASTKD2	TOMM22	CCDC47	DCXR	MAGED2	TNPO2	RFXANK	XPO4	PDXDC1	ZW10	EML2	MLSTD2	UCK2	NCDN	EHD4	USMG5	VEPH1	TMEM11	SSR2	TCEAL1	GCLM	ARMC6	CBWD7	TOR1A	C13orf7	SLC25A10	STYXL1	MEST	C2orf47	SSR3	MFN1	KIAA0090
468	1.0	FAM96B	ARL1	TNPO3	NCAPD2	LRPPRC	AIFM1	SSR4	ARF6	DDOST	SAP18	SDHD	KIAA1967	RIOK3	CASP4	XPO5	COPZ2	RPN1	NEK6	SEC63	SEC61G	MAGEA6	KDELR1	SSR1	NCAPG	RPN2	TUBG2	HEBP2	CBWD1	SEC61A1	TSSC1	NCAPH2	WDR8	DPF1	MAGED1	ARFGEF1
469	1.0	VHLL	MTBP	HIF1A	MDM2
470	1.0	AKR1B1	ZNF253
471	1.0	GYG2	GYG1
472	1.0	AFTPH	AP1G2	GGA1	GGA3	GGA2
473	1.0	PER2	PER1
474	1.0	TMEM43	RCN1
475	1.0	MYL1	MYL3
476	1.0	SLC2A4	HADH
477	1.0	CLDN5	DMN	SYNC1	DRP2	CLDN1	DES	GJA8	MIP	DTNA	ATP6V0A2	CLDN3	PSCD2	SNX32
478	1.0	C2orf34	AGRN
479	1.0	HSF2BP	HSF2
480	1.0	POPDC2	BTG2
481	1.0	NUDT4	SLC34A3	C1orf96	RBM4B
482	1.0	FAM125B	PBX2	CCDC88B	SLC37A2	PRODH	CDK10
483	1.0	MAK10	NAT12
484	1.0	MS4A10	MASP2	FCN3	C10orf35	FCN2	NIPA2	MASP1
485	1.0	USP40	WDR22	DDB1	JTB	RAD23B
486	1.0	MARCH7	UBN2	HOXB7	USP7
487	1.0	CACNG5	CACNG7
488	1.0	RBFOX1	RAD54L2	SIX2	RBM9	ABHD2	ZHX3	SFRS16	DAZAP2	QKI	HECA	C1orf94	BATF2	SIX5	DAZL	ZHX2	SIX4	SOBP	EYA3	PUM2	BOLL	R3HDM2	FAM46B	HSFX1	DMRTB1	PLEKHA5
489	1.0	ASCC2	IGSF9
490	1.0	MIA3	JUN
491	1.0	HS2ST1	EPB41L5	API5	PRKAB1	FAM98B	UFM1	CISD1	TNIK
492	1.0	LOR	SPRR3
493	1.0	FECH	OPA1	FLOT2	CDK5RAP3	UTRN	CLEC4M
494	1.0	LRRC48	DCTN2	MARCKSL1
495	1.0	CSNK1D	CSNK1E
496	1.0	CCDC55	FGF20	MEX3D	N4BP2L2
497	1.0	NPHP4	NPHP3	NPHP1
498	1.0	ELL3	PHYHD1
499	1.0	LOC649034	PGA5
500	1.0	BLOC1S3	DTNB	C1orf182	BLOC1S2	CNO
501	1.0	NETO2	KLHL18	TMEM134	MRPL32
502	1.0	NEUROD4	CDK2AP1
503	1.0	IARS2	C12orf10
504	1.0	CHRNA3	CHRNA5	CHRNB4	CHRNB2	CHRNA2
505	1.0	FAM32A	NSFL1C
506	1.0	TNNI2	TNNC2
507	1.0	STIM1	STIM2
508	1.0	ASCC3	CLK3	CHD8	PBXIP1	BCKDK	CCDC98	MSL3L1	STOM	UIMC1	MSL1
509	1.0	SREBF1	TMBIM1
510	1.0	RRM1	ECHS1	ATG5	PFAS	RRM2B	TXN	SAE2	HADHA	NASP	ATP5D	UBE2N	ATP5F1	RANBP1	KIAA0562	PDCD5	BTF3	MIF	UBE2V1	VDAC4	ATIC	SET	PGRMC1	ACLY	TFE3	TKT	RNMTL1	UBE2M	DTYMK	NPEPPS	TMEM120A	GANAB	UCHL1	HINT1	ATG10	MPG	CS	TRMT112	ELF3	EIF3M	TALDO1	FH	PAFAH1B2	CAPZA1	CACYBP	SMS	MAT2A	EEF1D	TNFRSF10D	LRRC59	EEF1E1	HIP2	FBXO11	CYCS	ATP5O	ETFB	TATDN3	PLS1	AK2	HRSP12
511	1.0	RAB5C	PHF17	IL17RB	PREP	ZNF675	DSTN	UFC1	GLT8D3	SDCCAG8	IRF5	PPIB	RNF139	PTGES3	C1orf121	PDIA4	ASXL2	HSPB9	COQ3	COQ7	TFRC	CYB5A	UBE2L3	ARMET	SNX3	PDIA6	OSGEP	C19orf10	S100A12	TXNDC17	SORD	HSPA4L	HYOU1	CYB5R3	C19orf40	C9orf78	UBE1DC1	RAB7A	NUDT11	PPP2R2B	PRKCSH	CSDE1	TSFM	COTL1	PYCR2	TIMP2	PLP2	FHL1	ACP1
512	1.0	ATG4B	C14orf139	GABARAP	WDFY3	ATG4A	GABARAPL3
513	1.0	PTMS	C7orf20
514	1.0	TOR1AIP1	LMNB1	KIAA0133
515	1.0	IFI6	CIB1
516	1.0	TTC5	SLC26A6	IFT140	CKAP5
517	1.0	F8A1	F8A3
518	1.0	BPY2C	TFEB	BPY2B	TFEC
519	1.0	PEX3	PEX12	PEX10	PEX26	PEX13	PEX1	PEX16
520	1.0	TSPY1	TSPY2
521	1.0	CKB	SLC12A5
522	1.0	HAS1	AFG3L2	PPP2R4	PGM1	DPH2	SEPT9	GLUL	P4HB	ATXN2	ISYNA1	PPID	THNSL2	PHLPP	PFKP	SOD1	BCCIP	TMCO4	GLUD2	XPNPEP3	SRM	CTU2	CARS	PITRM1	RAD23A	YSK4	NAT5	TPT1	ADSSL1	BIN3	ATP6V1E1	PCYT1A	FKBP1A	ACTR2	USP5	PFDN2	CTH	HFM1	ABCC1	GRPEL1	DNAJC21	CKS2	GOT1	MYO5B	CTDSPL	ALAD	GNB2L1	VPS13A	GPD1	PROSC	MRPS2	MLST8	NME2	PPM1G	AGL	PRDX2	AKR1A1	DNM1L	MAPK7	TTC4	THADA	QARS	IMPACT	CARKD	GSPT1	PPME1	MYO1E	ZNF346	PIP5K3	SCYE1	TBCE	HSPE1P11
523	1.0	SGK2	ATPBD4	METTL2B	SYVN1	VAPA	SLC35F5	MUC17	ATP6V0D1	FIG4	WDR45	LTB4DH	FAM63B	CYB5B	GPT2	TOMM70A	ADCK2	NGLY1	SPTLC2	TOMM40	KLF12	ANKZF1	GBF1	SRP72	UCKL1	GOLPH3L	SV2B	ALDH3A1	EXOC5	ZDHHC15	SPATA13	TIMM44	COPZ1	HMGCR	COPB1	OSBP	AGXT	PRPS2	SGPL1	OTC	CHCHD4	TRMT5	DDI2	UBE2G2	ALDH4A1	ABCG8	UBE2J2	R3HDM1
524	1.0	PNLIPRP2	PNLIP	CLPS
525	1.0	AKR7A3	AKR7L
526	1.0	ATP5G2	SPAG7	ATP5G3	HM13	GPRC5C
527	1.0	SCRN3	SCRN1
528	1.0	ETV7	BAG1	KLF5	PML	MYOG	NEUROD1	GATA1	CIITA	ARNTL	CREB5	RAGE	PSMC3IP	HMGA2	TRIM69	C11orf65	CBFB	MEF2A	HSF1	RORA	PIAS2	PIAS3	MSX1	SIM1	BCL3	SRF	ECD	RBM14	MEF2D	FOS	DLX5	NPAS4	SENP6	EPAS1	SATB2	XBP1	MGMT	IRF1	RUNX1	IRF2	SMARCE1	DLX2	ARNTL2	NFATC2IP	POU2AF1	TXNRD1	TP53INP1	NMI	TP63	FOXA1	WWTR1	FOXO1	PITX1	MITF	IRF4	SPDEF	GABPA	RWDD3	GTF2IRD1	NKX3-1	NKX2-1	PIAS1	NFYA	CCND1	USF1	FKBP5	DACH1	IRF8	FOXM1	SOX9	ETS1	FXYD3	FLI1	NFE2L2	NFATC2	HIPK2	STAT6	FOXO4	SPI1	SPIB	CARM1	MKL1	CREB1	IFI16	TACC2	PPP1R13L	SREBF2	ZBTB17	RELA	CEBPB	RUNX2	NFKB1	ATF1	TP73	UNC5CL	JMY
529	1.0	SS18L1	ALX4	HNF1A	PHOX2A	CRX	NKX2-5	N4BP2	ZBTB6	SP4	KLF2	GATA6	HOXB1	CLOCK	ZNF76	SOX2	MAF	TFAP2C	BHLHB3	SOX8	ONECUT1	ZFPM2	KLF13	TCF20	CITED2	ETV1	ETS2	POU3F2	NR2F2	BARX2	TRERF1	CITED4	GATA4	PROX1	CDX2	ZNF148	HOXD10	GATA2	EGR2	NEUROG1	UTF1	ALX1	SOX11	SOX10	GMEB2	GATA5	ETV4	KLF4	HOXD4	GATA3	ZNF639	TFAP2B	HOXB4	CITED1	ERG	PAX8	HOXB3	HNF1B
530	1.0	RIN2	SPTBN1	TANK	TSPAN8	S100B	SYNE2	LGALS4	CTNNA3	BRP44L	SESN2	CAPNS1	VDAC2	TMOD2	HIP1	UBL4A	DNAH1	SLC1A3	SESN1	FAT	MTR	DNAJC6	HEATR6	C8orf55	CLIC5	MYOM1	SNAP91	INSM1	TAGLN	ASNSD1	CLINT1	POLQ	PDLIM1	C9orf58	CACNB1	NEFH	TUBA1B	ACTN1	CLTCL1	EMD	S100A1	HSPB1	NSMAF	NRK	FBLIM1	ACTN2	AP2M1	DYNC1I1	DNAJB4	SLC5A1	TM4SF1	SLC15A1	AHNAK	TGM2	ECHDC3	MME	TBRG4	ACTN4	S100A7	ZNF354A	TWF1	S100P	OTUD5	CA2	MYL6B	TNNI3K	BCL2L7P1	CTNND1	PFKL	FXN	ACADVL	ANXA4	PGAM1	S100A4	ANLN	S100A2	ATP2A2	PLA2G7	TPM3P4	KRT18
531	1.0	LCMT1	PPP2R3C	PPP2R2A	MRPS26	PPP2R5E	ARL2	FGFR1OP	PPP2R3B	NXN	PPP2R1A	RAB18	PPP2R1B	KIAA1524
532	1.0	MLC1	ATP1A2
533	1.0	PIN1L	USP9Y
534	1.0	PPFIBP2	PCLO	PPFIA2	PPFIA1	ERC2	PPFIA4	PPFIA3	EFNB3	RHBDL2
535	1.0	RAMP3	RAMP1	CALCRL
536	1.0	SLC7A6OS	PIGZ
537	1.0	AMY1A	AMY1C
538	1.0	BZW2	TAF1L	PSTPIP1	SGK494	FLJ35220	C1orf9	PRPSAP2
539	1.0	ERGIC2	PYROXD1
540	1.0	CNGB1	ABCA4	PRPH2	ROM1
541	1.0	BRCA1	BAP1
542	1.0	ZNF259	BLCAP
543	1.0	ATG3	MAP1LC3B	ATG7
544	1.0	TTN	NEBL	TRIM54	TRIM55	MYBPC3	MYOM2	ZYX	CRIP2	MYOZ2	GFM1	IQWD1	TRIM63	NEB	LDB3	TCAP
545	1.0	ZC3H12A	AK3	VIMP	PNMA1	ANG	CETP	PLOD1	HEBP1	CRYAA	AP1M1	GZMA	HTR3A	CRB1	ST13	IGHA1	RANBP3	GYPC	PKP1	CDCP1	CD58	CTSD	RLF	HBD	KCNMA1	GPLD1	VPS4A	ERAF	PCSK9	LGALS3	GRN	LRPAP1	LMAN1	HBG2	DHFR	LYZ	DSP	TNFRSF10C	OLR1	ARSA	SCARB1	ALOX12B	GFAP	SLC6A19	DSG1
546	1.0	CCND3	CDKN1B	CCND2	NKIRAS2	NFKBIA	IFI27	CDKN2D	CDC25A	CDK4
547	1.0	SELE	ZNF579	KCNB2	ITFG2	COL6A2	SPN	UNC93A	APBB3	CEP57	WISP2	GABBR1	CR2	CYP27A1	LY6E	FGFBP1	C6	IFITM1	C1orf156	CD55	PTPRB	VPREB1	FGF1	SPSB2	NRD1	PDGFA	GPC4	AP4M1	DDR2	GAST	IGF2R	ST8SIA2	KPTN	IGFALS	SCN1B	EMCN	DMBT1	CD226	HBZ	PNMA2	GALNT13	PODXL	GALNTL2	KIAA0319	NCR1	APBA3	FGF2	FAM49A	CXCR7	COL5A2	RNF130	IFT80	FNDC3A	ANK3	ZPBP	NCAN	C6orf47	AREG	CD48	RARRES3	EPHA6	SH3PX3	NPHS2	EPHA4	NCR3	CRYBB3	CCR5	SLIT1	MUSK	GM2A	CHST4	SCG2	SIGLEC1	IGJ	CLEC3B	SDC4	SHKBP1	SEMA3F	CD38	MALL
548	1.0	PANX1	P2RX7
549	1.0	CRYBB2	CRYGC	CRYBA1
550	1.0	C17orf70	FANCL	FANCB
551	1.0	VPS39	CNTNAP5
552	1.0	PAPLN	CYB5D2
553	1.0	TDH	XCL2	XCR1	GCAT
554	1.0	GAL3ST4	NBEAL1
555	1.0	SLC35B1	PAOX
556	1.0	ACTA2	IVNS1ABP	NCK2	A1CF	APOBEC1	IGHE	PCSK5	MKI67	SORBS3	SPG20	EPB49	BRD4	EXT1	RAVER1	SH3D19	WDTC1	KHK	PRAM1	CENTA1	RAPGEF6	FUBP3	CHORDC1	SARM1	RBM3	ETV6	DCT	COG5	CD2	DNAJC14	MYO3A	CALML5	KIAA1012	SH3GLB2	TESC	PLXNA2	CCL20	RPAP3	DDX41	ITM2B	GJA5	PICALM	C6orf57	IQSEC1	KIAA0913	BNIP3	HISPPD1	TOM1L1	G3BP1	STAR	CCHCR1	PIP4K2B	DGKA	CDC2L2	MIDN	CPVL	FNBP4	RAI1	SERPINB2	FOXL2	MYO18A	DYRK1A	PRRG2	UBAP2L	TRIM41	ACP5	CRP	BAT2	GRIPAP1	SIRT6	ZFR
557	1.0	ELAVL4	FAM39B	HMX1	HPS3	PROM1	SAP30BP	REXO1	CXorf26	LST1	WASH3P	RSRC2	CACHD1	MTAP	CUGBP1	ZCCHC4	EAF2	C10orf30	DCTN6	KRT77	HPS6	KCNH5	KIAA1191	ADAT3	CPEB1	DIDO1	C19orf29	FOXP4	ZNF384	TNNT3	AHI1	KLHL26	ANKRD2	SRPK3	RNF138	CDK11B	CTNNBL1	ELAVL2	BNIP1	UBE2W	RNF40	TFPT	PREX1	CTDSP1	ZCCHC17	POU3F4	DAZAP1	UBE2QL1	FAM39E	DEGS1	PNN	HMG20A	PPIL2	MTO1	OSBPL9	MYLIP	HIC2	MLL5	TOP3B	KIAA0892
558	1.0	TRIM3	RALA	EXOC3	EXOC6	EXOC6B	SULF2	ZFHX4
559	1.0	ALKBH4	RNF34
560	1.0	DMRT3	GNB1L
561	1.0	ATP6AP2	LRP3	REN	RENBP	AP1GBP1	C4orf16	M6PR
562	1.0	ANKRA2	GPR84
563	1.0	GOLGA6L17P	GOLGA6L3
564	1.0	COMMD10	NAGLU
565	1.0	CALCB	ADM	ADMR	SLC31A2	RAMP2
566	1.0	MGAT3	CSNK2A2	CSNK2B	ZNF521	MTF1	LY6G5B
567	1.0	CYP4V2	UBE2D3	ITCH	RNF25	UBE2D4	AMPD2	UBE2E4P	WWP1	UBOX5	RNF11	WWP2	RNF8
568	1.0	TMEM216	TLX3	BARX1	PIH1D1	PHF7	RNF146	HS6ST1	HOXB2
569	1.0	GNB4	P4HA2	ITM2C	GNB1
570	1.0	C12orf26	CHMP6	VPS37C	VPS4B	TSG101	MRPS7	VPS25	PDCD6IP	CHMP1B2P	VPS28	MITD1	RAB17	CHMP2A	KLF6
571	1.0	SLC4A1	ANK1	SLC4A3	SLC4A4	CA4
572	1.0	BBS7	GDPD2	ADPRHL2	PSD	C21orf33	HSCB	RPP14	TM4SF20	ACY1	POP4
573	1.0	FAM86B2	ARHGAP39	PRTFDC1
574	1.0	EIF5A2	DHPS
575	1.0	RNPC3	TMEM186
576	1.0	DAOA	DAO
577	1.0	USP26	MMRN1
578	1.0	TFAP2D	TFAP2A	KCTD1
579	1.0	KLHL2	PACRG	IPP	HOXA6	CXXC1	BTBD9
580	1.0	SNX1	SPHK1	VPS29	ARF5	ARFIP1	VPS26A	ARF1	SPHK2
581	1.0	C14orf135	MYT1L	KIF3C	PDE4DIP
582	1.0	CNN3	AIF1	LCP1
583	1.0	PPT2	EGFL8
584	1.0	INSIG1	SCAP
585	1.0	EIF3EIP	ZNF706	CHST13	NT5DC3
586	1.0	DYNLL2	SCOC
587	1.0	ABCG1	LOC652694	REGL	AP4S1	COLQ	TMEM179B	KCNV1	GNRH1	SPINK1	CR1	ABCG4	GFRA4	AGR3	ABHD8	SCN2B	PSPN	FITM1	NRSN1	KIRREL3	GNRHR	TST	BCHE	CACNG3	CST5	TRHDE	APOF	CXorf40A	GPR77	DOK7	GALNT11	HCRTR2	CXorf40B	ITM2A	LOXL1	SLC1A4	HCRTR1	ERVWE1	HCRT	MUC4	LMAN2
588	1.0	HMGCL	SALL4	CD5L	OCM	AGPS	GUCA1B	DIO2	GAA	HPS1	A1BG	ZNF193	ATXN7L1	MT1H	CRYBA4	LYPLAL1	DZIP1	PSCD4	TPP1	DAZ2	ZXDA	RDH5	ABHD5	ZSCAN21	DEFB103A	NPR3	FSIP1	NPR2	RABL2B	SLCO5A1	GALR2	ITIH4	SLC35A3	USP20	CRYBB1	CYP11B1	DAZ4	SERPINA7	TKTL2	GMFG	MS4A7	RBP2	ZSCAN20	TMEM39B	SYT16	CD207	RFWD3	PLXND1	C19orf62	NTNG1	POLG2	BTN1A1	ARL6IP6	DGKB	MRPL45	TMEM16A	SYT14	C1QTNF3	SCAMP5	CDH13	PHYHIPL	C10orf11	TFCP2L1	PTGER2	SNTG2	PCDH15	RRP7A	SLC9A7	ITIH3	ARL6IP4	ZXDC	PCDHB5	BZRAP1	ZCCHC14	DEFB103B	CRYBA2	PNOC	FRMD4B	LOXL3	LOC100288160	SEMA3E	C1orf163	IL25	C18orf55
589	1.0	WDR5B	WDR61	DTL
590	1.0	PLEKHG4	PRMT8	SLC3A1	PREPL
591	1.0	LMX1B	EFHC2
592	1.0	B9D2	DFNB31	COQ5	ALPPL2	PRR13	RAB25	MYO5A	SCAPER	C11orf56	DMD	CACNB4	LAMP1	THOP1	MAP1A	RAB11A	GUCA1A	GEM	RUNDC3A	TBR1	RAB11FIP4	GALE	ZNF364	PKIG	C9orf163	DNAJC5	SYT9	KIAA1549	KCNA6	SLC16A8	NSF	TMEM132A	SPTBN5	NAPG	CADPS	AQP4
593	1.0	CENTD2	DMPK	SNX5	CD163	SYT11	GABRR2	FHOD1	TRPV5	SNAPAP	TRAIP	STMN4	TRIP6	TBC1D5	CASKIN1	TNKS	TMEM62	RRBP1	AP1B1	GZMB	FSHR	PLCD1	PPL	MAEL	ADA	PRDX4	TMEM205	CRYAB	PHACTR1	DGKD	CORO1A	MACF1	PLEKHG5	GOPC	C11orf2	RAP2C	CDK5R1	EEA1	SLC39A7	SH3GL3	MTMR4	LGALS9	NOSIP	DLG5	C2orf30	AKAP1	RGS2	LASP1	SCRIB	ANXA11	PRSS23	TRAF4	SCN10A	SLC4A1AP	GBAS	KIFAP3	CPNE4	SLC2A1	SCNN1G	PRDX3	PLEKHC1	BAG3	RALBP1	SLC34A1	VSNL1	TFCP2	PPP1R2	GIT1	RGS20	SPTBN2	OSBPL5	ATP1B1	FXYD7	KIF1A	BECN1	SLC6A4	PRF1	MYBPC1	PDK1	IQCG	PRB4	CFTR
594	1.0	SLC25A26	TOMM20	COL10A1
595	1.0	CHP2	CHP1	GRK1	RCVRN	SLC9A3	SLC9A5
596	1.0	EBI3	PMP22	MPZ	IL27
597	1.0	SUNC1	MTMR15
598	1.0	FAM185BP	FAM185A
599	1.0	STARD3	MPI
600	1.0	EPHX1	SRP68
601	1.0	NAGA	KLHL5
602	1.0	HLX	EN1	C3orf60	SOLH	RBM22	LAMTOR4	ANKFY1	OPN4	TAGLN3
603	1.0	SLIT3	ROBO2
604	1.0	CSPG5	C6orf32
605	1.0	FOXP2	FOXP1
606	1.0	B3GALT4	DDX19B
607	1.0	C21orf2	MYO15A
608	1.0	MRPL11	LASS5	MRPL34
609	1.0	NFYC	CREBZF	ZNF219	LMO4	TDRD7	CXorf45	CSRP1	CREM	SNIP1	AES	EYA1	PAX6	TRIM11	CCNE1	DPF2	ZCCHC8	GAPDHS	GABPB2	ARFGAP3	CUTL1	FOXC1	CREG1	USP4	RFXDC1	EGLN1	RADIL	KIFC3	CIC	FOXA2	DNPEP	BRCC3	PURB	STON1	PHRF1	GDPGP1	USF2	ZNHIT4	PPRC1	NKX2-3	ARL4A	DRAP1	EAPP	TACC3	CTCFL	TRAK1	ARID1A	WT1	MAZ	TTF2	BAZ2B	MSX2	ZMIZ1	OPLAH
610	1.0	KIAA1166	KIF11	HIVEP1	DARS2	WBP2	HEXIM2	SIRT4	PLEKHO1	ANKRD28	MINPP1	SNF8	GSK3B	TPK1	TRIM2	EVI5	N4BP1	PDHX	EPM2A	MYNN	MBD4	SMG6	FAM46C	POLI	NUDT6	HABP4	C14orf129	GADD45GIP1	ATXN2L	ANP32A	KCTD10	HPCAL1	PJA1	PPP2R2D	PARP1	PEX5	PGAM5	C14orf32	CCNK	KCTD5	CHAC2	TLE3	C1orf164	TCTEX1D2	NTAN1	OPTN	LYST	SDPR	KPNA3	PEF1	UFD1L	EMX1	HDGF	CCNJ	GYS1	QPCTL	C2orf44	UBR5	DUS1L	UBAC1	CUEDC2	UXT	CCNG2	C1orf107
611	1.0	COL23A1	PDSS1	LRCH1	INMT	TDO2	COX11	GSTCD	SFRS18	TIMM8B	NKAP	FAH	ACOT2	ME3	ISOC2	WBSCR18	C13orf21	E2F8
612	1.0	NUDT10	RASSF1
613	1.0	C9orf75	PPP1R11	TUSC3
614	1.0	GJB6	GJB2	GJA7	CRTAM	GJA3	PVRL2
615	1.0	EDN1	ANKRD23	PCSK2	NPR1	GUCY1B2	ANKRD1	KEL	GUCY1A3	NPPC	FLG	NPPA	PPAP2A	RCN3	ATRNL1	PRUNE2	VIP	PCSK6	POMC
616	1.0	STK36	FRMPD4
617	1.0	QRSL1	PET112L
618	1.0	BCKDHB	TMEM91
619	1.0	SND1	TXNRD2	IKBKAP	CTDSP2	TBPL1	C17orf49	DPH1	ASCL2	MIPEP	WDR33	RBBP5	SRXN1	C19orf2	HEXIM1	MFAP1	PRPF38A	RBM39	PPIE	PRMT1	POLDIP3	SMYD3	SLC39A9	MYC	C5orf22	ING2	DPAGT1	CAND2	UBE1C	DRGX	GSTT1	FBXW7	ATAD5	TMLHE	DDX19A	SUB1	ACTR10	CNOT3	RNASEH2A	AFF3	GTF3C1	PRRX2	RASAL2	DR1	IWS1	PCBP3	IDI1	STAP1	PURA	CRKRS	NUFIP1	CTCF	NFYB	KIAA1429	GDAP1	CDA	PARL	GBE1	B4GALT1	KPNA2	NIPBL	NUMA1	PPP4R2	PITX2	ZNF703	TELO2
620	1.0	TMEM131	AP3M2	POLH	PMPCA	POLE4	FAM86KP	SUPV3L1	NLRP2	E2F7	MAEA	DDX12	MASTL	MRPL40	SDHB	FSD1	CHCHD9	RBM18	ZDHHC9	WDR89	SUV420H2	NFU1	TRIAP1	MAGEB16	ESX1	UTX	ORAI3	EME1	ZNF827	PMPCB	ELAC2	PRKAG2	SELO	C1GALT1	DNASE2	CHCHD2	SETX	OXSM	SECISBP2L	SMPD2	ZFAND1	ATP6V0E1	CHRAC1	TAPT1	EXOSC6	CTR9	EXOSC10	CCDC63	C6orf157	CNOT4	C20orf77	PISD	RMND5A	UBXD1	ACRC	RRAGB	C20orf11	PASK	PCCA	SRBD1	TAT	METTL21C	NUDT1	ATP5H	HORMAD1	YOD1	RRAGC	PDHA2	DFFB	XKR7	MARS2	C6orf167	TLE2	EFTUD1	MOCS3	RNF20	BTBD1	ACAA1
621	1.0	ZCCHC6	UPB1	PPP1R16A	C12orf41	NOL4	RRAGA	RAB40C	C2orf25	C19orf57	MIF4GD	THOC7	C9orf68	HCFC1R1	SERF2	C14orf44	MRPS18B	RGS6	ZNF410	FMNL3	ARRDC1	ARMC7	AGXT2L1	IK	GMPPA	CTSF	PAPL	PYCR1	CA8	LBX1	FAM91A1	MTX2	FKBP15	PPP1R37	FAM109A	CPT2	ZNF330	C6orf106	IFIT2	NBAS	C8orf47	ALDH7A1	FAM60A	ZMIZ2	ATPIF1	T	MYCBPAP	IFRD2	MCRS1
622	1.0	CERK	ADIPOR2	XPNPEP1	FDXR	CWC15	AIMP2	KCMF1	EXOC7	ZNF444	BTBD17	C14orf153	CCDC149	DHODH	FBP1	SLC24A4	BICD1	IRF2BP1	FAM136A	EXOC4	ADI1	RTN4IP1	KCNIP1	C6orf66	TMEM214	DGKQ	DNAJB9	CPNE3	BCORL1	COG7	ALDH1L1	KY	CREBL2	CCDC43	TGM3	C10orf83	LENG8	ZNF131	RNASEH2B	LSM14B	TEKT3	CCDC114	METTL14	ENGASE	CCDC85C	C8orf79	MID1IP1	GLB1	CRAT	MPPE1	DBR1	USP21	UBLCP1	ANP32B	COQ6	TARDBP	CCDC13	MSRA	FAM89A	BCAP29	IFT88	CCDC22	SSSCA1	TTC7B	QPRT	UPRT	XPO6	PDK4	ZNF800	TMEM55B	RPGR	KIAA0196	NADSYN1
623	1.0	STRADA	STK11	USP11
624	1.0	BICD2	DCTN1	DCTN4	ACTR1B	ACTR1A
625	1.0	PRKAG3	PCK1
626	1.0	TYRP1	TYR
627	1.0	ZNF594	ZFPL1	SCRT1	MAN2A1	CU179654.1
628	1.0	ACSL3	MAOA
629	1.0	TECPR1	MAFB
630	1.0	RAB35	UBE2L2	IGHA2	SLC1A6	GPR37	RABGEF1	ATCAY	RNF19A	NUAK1	PARK2	CBR3	SNCAIP	RGPD4
631	1.0	NEK9	SQSTM1	TUBG1	USP1	ROBO4	SUMF2	ATP5J2	KIAA1875
632	1.0	KCNJ1	PICK1	CTNND2	SYTL2	GAD2	TRPC5	ATP6V1B1	GRK5	ACTN3	PALLD	AKAP12	RHO	LRP12	CALCA	COL17A1	MYOT	GAS2	SLC4A8	KIRREL	CAPN6	TNN	PKP4	SESN3	ARVCF	MSN	SLC9A3R2	EPB41L1	MYPN	SNTG1	PLCL2	CES1	PLB1	DSCAML1	VIL2	SLC6A2	MYOZ3	SLC6A3	PLCXD2	MYOZ1
633	1.0	FAM178B	PHF23	MGAT4B
634	1.0	CRY1	CRY2	PER3
635	1.0	IMMP1L	SETD3
636	1.0	C10orf4	SEC24C	NUFIP2	ACOT9	SMG7	TMEM67	CSRP2	LYPLA3	LIX1L	CHMP5	GLDC	WHSC1L1	LAG3	CNPY4	ZFYVE26	IGLON5	ETNK1	UBP1	TBC1D22B	POLG	NKX1-2	COX4I2	NRSN2	METTL3	NHEDC2	MPP7	ALS2CL	ASCC1	INTS1	QPCT	IMPA1	PDPR	TMEM185B	PTPN23	STARD7	MBTD1	CENTG3	KATNB1	TIPARP	WDR70	AGTRAP	IMMP2L	CDK2AP2	NEU1	ZSCAN16	DEXI	RWDD2B	AC007318.5	PNKD	NEGR1	POP7	ZFYVE19	C16orf35	FBXO42	MRPS18A	MPPED2	C9orf151
637	1.0	ZNF350	NMT2	CCDC6	KYNU	TOPBP1	STMN2	PTHLH	GLMN	CTNNAL1	FHIT	IER3	HAAO	CENTG2	PBK	PNKP	XRCC4	CCNG1	C9orf5	PIM1	CCDC76	SETBP1	VRK2	RAG2	CTNNBIP1	SLC18A2	CAMKK1	NDNL2	FAM82B	CDAN1	CCNB3	PPP1R15A	C16orf14	PPP2R5B	ABCG2	TOB2	NPC1	WDR4	TLK1	CDC25C	SAPS2	RECQL4	CIDEA	CKS1BP6	ULK2	NEK1	USP9X	FIBP	TMEM77	TMF1	HOXC4	NQO1	PDCL	ZMYM4	FIGNL1	MYCN	PDK2	TERT	MSI2	LATS1	TTLL5	BRCA2
638	1.0	UBE3A	EIF1AD	FHL2	DTX4	HOXB6	SLC2A2	METAP1	LIMS2	TAZ	COPS5	CENPJ	KCNK1	CPNE2	LPXN	HOXC6	SLC7A8	DYNC1I2	IFT57	C17orf28	STAU2	SERPINF1	FTL	CRIP1	ARID3A	ASB13	FAM113A	BNIPL	TCEA2	CHFR	TEP1	INPP5K	CHD6	TSC22D3	ANXA5	HMG2L1	MAGEA3	SLC12A4	HOXA10	TINAGL1	HGS	CNTN3	ZNF512B	TLX1	EGLN2	RB1CC1	FAM46A	GOLGA2	KATNA1	ULK1	USP54	FAM58A	PPP1R13B	ISG15	TNIP1	MRPL9	PIP	GOLGA1	AFF1	MCM3AP	DNAJC7	TRAF3IP1	LIMS1	PKIB	PEO1
639	1.0	TNFRSF14	ASB3	HEXDC	ZNRF2	ANKRD6	RPGRIP1	YME1L1	C4orf14	GPD2	CYP2E1	MYCBP	C16orf70	ZFYVE20	CYHR1	RG9MTD2	SESTD1	KIAA0087	RNF167	GLRX3	MTG1	SLC27A6	SEC61B	HK1	PLEKHB2	HOXC10	ME2	UBL7	UBXD2	BCAS1	SCYL1	MOBKL1A	SIRT3	ARL6IP1	BBX	AP3B1	G6PD	EML4	RUSC2	DERL2	DHDDS	TRIOBP	SUCLG2	SMC5	ABHD13	DBI	SCYL1BP1	PIN4	APOD	SUCLA2	SGSM2	GPR135	LCAT	FANCC	CIDEB	FLAD1	CORO7	TRMT1	TOE1	GGPS1	TRUB2	HBS1L	GOLGA5	PEX7	AKTIP	CAT	TRIM6	C7orf25	HN1L	ENOX1	SMIM4	TBCD	SLC25A39	SCP2	SLC20A1	TBC1D17	AP3S2	TIMM13	MYH4	NCAPD3	RAB3IL1	WIPI2	NOM1	DYNLRB1	BHLHB5	CCDC53	PON2	MPP1
640	1.0	ATXN3	MTHFD2	GORASP2	MYO18B	KRT33B	THAP4	CMYA5	TBCB	CD99	FKBP2	UBQLN1	KCTD2	TRAPPC13	INPP5B	UBQLN2
641	1.0	EFCAB1	BNIP3L	LMTK2	CDK5	STEAP3
642	1.0	RABL3	C1orf26	MRPS18C	RILPL1
643	1.0	TRIT1	RHBDL3	APOM	C1orf123
644	1.0	ELF5	MRI1	PRND	SAMD8	DNAJC22	HS3ST3A1	NEUROG2	FAIM	RABL5	RPL39P5	NUDT3	PELI2	FAM100A	C11orf68	ANKRD13B	SERPINB1	NPBWR1	DCUN1D3	IGHMBP2	RPL10L	C2orf33	NOL9	CCBL1	TBX6	C1orf179	LANCL3	C9orf140	C15orf44	TSR2	TPPP3	MEMO1P	GGACT	EIF1AY	TRAM1	NR2E1	ARHGEF4	ZNF650	MOCS2	KLHDC4	APPBP1	TMEM87A	ALDH5A1	SENP8	SHROOM4	MOBKL2B	TTL	CPA4
645	1.0	NCOA5	AGPAT3	RAPGEF4	SLC39A10
646	1.0	LRRK1	DHX16	PERQ1	INTS8	GALNT10	GLRX	CRYL1	OCIAD1	MIB1	PTENP1	ALOX12	FGGY	BAI2	ZDHHC11	KCNIP3	MLYCD	S100A13	NUMB	SPRED1	CLCN2	METTL9	C1orf165	OXT	KIF17	SOX4	PDLIM5	SLC15A2	UNC13A	C18orf16	DYNLT1	POU3F3	PLXNB2	LLGL1	PDK3	C13orf34	KRIT1	EFEMP1	SGSM3	UBE2G1	DPYSL4	PPP1R1B	SLC1A1	CNTN2	XK	TAX1BP3	SIAH2	AP3M1	GABRR1	CNTN6	HSPB8	S100A10	DYNC1LI1	RTDR1	JARID2	TRPV6	USH2A	PSENEN	CUL9	PLK2	CAMLG	ANKRD15	SPHKAP	CADPS2	FEZ2	GABBR2	WNK1	NAV2	ZDHHC17	TNKS2	MAN2B1	LAMP2	DNAJC13	AGTPBP1	SAMD14	KIF3B	APPL1	ARHGAP12	ATP2A1	RASSF2	LRSAM1	MAST1	PTPN13	MTSS1	NEUROD2	ARID3C	EGR4	PPP1R9A	TSSK2	KCNAB2	MX1	NBR1	DYNLRB2	SGK3	SNX24	RAB33B	SPTBN4	JUB	EPB42	SCNN1B	EFHA1
647	1.0	AGER	USP6NL	DRD3	SNX2	CLDN4	PKD1	SYP	NOSTRIN	EFNA1	MDK	CENTG1	PTPRZ1	TGFA	ATP2A3	PTPN4	MYO7A	DAB2IP	DSCAM	CDH1	REPS1	PRODH2	MAGI1	RAB5B	SNX4	CD6	DAB2	EPHA3	TGFB1I1	ANK2	CAPN3	MAP4	GSS	EFNA2	OCLN	PTPRM	LCT	VIL1	APBB1	FLOT1	KLRG1	CDH11	MICAL1	DIP2A	SYNJ2BP	DYSF	GRIP2	ADAM10	CSPG4	SLC9A2	SLC13A2	AQP3	NMT1	ALCAM	PAX3	RAG1	CAPN9	CDH3	KIAA1219	PCSK1	JUP	ICAM1	AGPAT4	PTPRN2	KIF13A	CABLES2
648	1.0	USH1G	CDH23
649	1.0	SPRYD5	PRKRIP1	C20orf72	ENOX2	MXD3	SNX20
650	1.0	GK5	PSD3	BRAP	PBLD	AMT	PRKRAP1	SPSB1	HRB	GNPNAT1	PPIL4	DLX4	PTRH2	SREK1IP1	KIF14	UMPS	CMBL	EDEM1	SENP3	ATPAF2	SLC35D1	COMMD2	PDCD2	ACADL	TRO	BLMH	RWDD1	SYNE1	OLFM2	CNOT10	RPTOR	DYM	CIRBP	SDHC	ZNF7	USP16	DCAKD	BZW1	ZC3H7B	FMO5	CSN3	CYB5R2	ZBP1	DHX35	ADSL	FLCN	MRPL42	ASPG	SLMO2	C9orf19	NFS1	DEAF1	PPM1D	TYW3	CLN3	PRPF39	ATP6V1G2	UROD	FAM151B	N6AMT1	CCDC28A	PA2G4	KIAA1432	ABHD11	SMYD2	C20orf43	NTM	ARHGEF40	INPP1	ATXN7L3	C11orf49	KIAA0174	LIPT1	BLZF1	ATP6V0C	LYRM4	SYT8	ACOX1	KATNAL1	C9orf126	TMPRSS3	CTSL2	AHCYL2	STK32B	WBP5	LPPR4	ST3GAL3	KEAP1	LONRF2	ALAS2	C2orf29
651	1.0	ZNF277P	DPH3	C12orf31	MRPS24	RFK	XRN2	OXA1L	C8orf53	C9orf114	HSD11B1	C1orf77	WDR45L	NAT6	SERGEF	NOL12	TROAP	PPM2C	INDO	LACE1	CPA5	IFITM2	ARIH1	MKS1	SARNP	ERGIC1	ETFDH	SPATA20	GNPTG	HECTD2	REEP2	SLC25A38	BCS1L	LYPLA2P1	YRDC	LETM1	TOMM7	PDP2
652	1.0	AUH	DPYD
653	1.0	ATOX1	GCKR	PFKFB1	ATP7B
654	1.0	GFER	COPS7A	COPS8
655	1.0	ZIC2	SAP30L	ZNF44	RBM15B	PBX1	SUMO3	NFRKB	RSPH3	HHEX	HOXD9	COMMD9	PKNOX1	OTX2	MTHFSD	GSC
656	1.0	METT5D1	CHAC1	RAPSN	C1orf27	GPBP1L1	SMG5	METAP2	LARS2	EDEM2	DNAJB5	TUBGCP3	RNF185	BTBD10	SPARCL1	LIPG	MPDU1	ARIH2	MFN2	GALK2	KRT82	ITSN2	TMEM194A	NEURL	SH3BP5L	CNOT7	SYBU	CCBL2	ARHGAP4	PHIP	SCG5	AMD1	ANKS1B	SMG1	RPS6KB1	EDC4	ANXA1	FOXA3	CES2	PTPRCAP	KRT36	DDC	EMX2	LIMK1	NIT1	ICA1	EIF4EBP1	TTBK1	WTAP	HMBS	ATPAF1	KIAA0649	C14orf130	SIAH1	PGM3	VPS37B	FOXRED1	SLC25A16	ATRN	MRPL18	OSTF1	TUSC4	MAP3K7IP3	RGS1	GATAD1	ACP6	MOB2	DCP1B	COASY	YLPM1	PANK4	PRSS12	FLRT3	EIF4EBP3	ATAD1	PHPT1	FBXO28	GLG1	PRPS1L1	USP30	NBEA	LENG4	C22orf25	MAP3K15	TRIM9	SWAP70	LANCL2	TEKT2	CDK5RAP1	NRF1	LEPROTL1	PTP4A1	CNTROB	INTS10	ADAMTS9
657	1.0	C9orf117	MSANTD1
658	1.0	PRRX1	MAFF	ZNF331	ZNF212	HOXD12	CREB3L2
659	1.0	FUNDC1	PDE9A
660	1.0	ANKRD13C	CDKL1
661	1.0	STT3A	HJURP
662	1.0	SPAG5	SRA1	HPCAL4	CCDC136	EGLN3	KAZN	TRIM27	ADAMTSL3	TSPYL2	EFCAB4B	FAT4	MYST3	KCTD15	IL1F5	SSX4B	QRICH1	FHL5	HOXA9	TRIM22	TBX4	NR4A3	DENND3	PAXIP1	CPEB4	TNFSF8	ZFPM1	MAFA	ZBTB32	MCOLN1	TSGA10	ATF6	BTG3	H2AFY	CLDN7	CETN2	ARHGEF10L	UNK	GCA	GCSH	NELF	SIM2	SERTAD1	TRIB3	INVS	RNF165	MEF2B	AGPAT6	CRABP2	PAX2	DMTF1	SALL3	ZNF496	DNAL4	DCTN3	GFI1	TXNIP	MGEA5	AFAP1L1	ZDHHC3	FHL3	DCHS1
663	1.0	LMBR1L	LCN1	DEFA1	ITIH2	DEFA3	SEP15	SPINT2
664	1.0	VPS37A	GLCCI1	FABP3
665	1.0	TTC25	ARMC4
666	1.0	BBS5	FDX1	MRPS17
667	1.0	UNC5A	KCNH2	NTN1	KCNE2
668	1.0	TMED3	APPL2	RAB22A	OTP
669	1.0	CYP17A1	TNKS1BP1	CYP1A1	LNPEP
670	1.0	PLD3	IRX6	CRBN	TRIM7
671	1.0	TMOD4	IL17B	DNAJC1	EGFL7	PIGX	KIAA1333	TOR1B	SPINK7	DPP9	RAB32	TBX1	LENG1	HSPB7	AVP	MARCH8	AIG1	GCGR	SLC39A11	LRRC6	MBTPS1	GAL3ST1	ATP6AP1	GLRA2	PXDN	UGCGL2	GNPAT	TRAK2	SERPINB4	TNFSF5IP1	M6PRBP1	ADFP	SLC9A4	C20orf3	ABCC8	DPYSL3	ARL6	ABI3BP	APOBEC2	GUCY2F	NRL	PIPOX	NFIC	C1orf166	S100Z	TRH	OVGP1	GALNS	ZNF287	PLA2G4C	TMCC1	CHL1	STARD9	FAM116B	C14orf124	ADIPOQ	C7	CRLF1	SLC25A25	C14orf133	SCG3	FAP	CALB1	PITPNC1	CRISP3	TXNDC14	CASQ2	PLEKHJ1	IAPP	SCAMP2	ACBD3	ARL6IP5	PDDC1	SCNN1D	HMP19	NHLRC2	PTH	SNX15	ANGEL1	NYNRIN	BCAS3	LIMD1	BOLA1	MCTP1	PUNC	SLC25A19	GPAM	PGM5P1	USP47	TSPO	CPNE6	ZMYND19	UBE2Q2	KIRREL2	CSTA	HPS5	LOC100133398	STMN3
672	1.0	SPOCK2	MT2A	SPOCK3	KCND3	SEMA4A	IPCEF1	PSCD3
673	1.0	C11orf73	PDPN	C21orf7	GGT1	NANP	KIAA1109	GLRX2	RPS6KC1	LIPF	C20orf54	ZNF142	KCNMB1	SMPD1	ENSA	DYNC1LI2	PRMT7	TAP1	RNF157	PAPD1	ANXA13	MAGEE1	IFFO1	EXDL2	BLOC1S1	STX18	OSR2	CIDEC	ZFAND2B	BLVRB	KIAA0240	RNF144B	LOX	RLBP1L1	MID1	EBAG9	AC026271.5	RNF38	TNFAIP8	CCDC158	C7orf26	CANT1	LPPR3	HERPUD2	CTSA	UNC45B	MLX	BOK	ZBED1	ARHGAP19	HERC2	MAGEA1	CALCOCO1	OXSR1	LITAF	RGMA	MLKL	MAGEA4	SCNN1A	CCDC127	SHPRH	CCRN4L	PPIAP29	ASB9	RILP	SDCBP2	GALNT2	RNF32	MBD5	ARHGEF15	UCP1	SLC25A20	COMT	UBE2L6	TRAPPC6A	TSSK1B	MID2	GTPBP3	TMCC2	DDO	JPH1	JMJD4	CA12	ALG2	DOT1L	TBRG1	COX19	NOMO1
674	1.0	LEFTY2	EYA4	NFXL1	M1AP	HOXC9	CAB39L	NFIB	NME5	C1orf63	ATP5SL	ZMYND11	HOXA7	TCP10L	CTRL	EN2
