1	1.0	GAMT	GLE1L	VRK1	MFSD10	NUP54	RANGRF	SPPL2B	RGPD6	SCML2	RANP1	TMEM194A	ZFYVE26	ZC3H15	NUP93	NGLY1	POU3F1	NUP62	NUP153	NXF3	KPNA1	NXT2	HTATIP2	SPATA2L	RRAGD	RGPD7	NXT1	TPR	PRMT6	NELF	HMGA1	NXF2B	KPNB1	ANKRD54	OGFOD1	VRK3	NUTF2	MTRF1L
2	1.0	HIST1H2BF	HIST1H2BH	HIST1H2BK	HIST1H2BE	HIST2H2BE	HIST1H2BC	HIST1H2BO	HIST1H2BI	HIST1H2BG
3	1.0	ROPN1B	ROPN1	SPA17	ROPN1L	AKAP3
4	1.0	RPH3A	WDR37	BIRC6	SEPT4	SYN2	FNBP1	MTHFD1L	EPB41L2	FUBP1	MARCKS	RAB3D	RAB3B	NIN	PTPRE	ROGDI	CNP	NIPSNAP1	PLXNA1	RAP1GAP	RAB10	SH3GL1	MAP6	SYT2	SEPT5	ADD1	BAI1	HOOK3	ATP2B1	LIN7B	RTN3	NGEF	CAMK1	SEPT11	SEPT6	MFSD1	DCLK1	CTBS	TOMM34
5	1.0	PPAT	PABPN1L	UTP3	EIF4G3	DIMT1L	AK6	RBM19	RFK	FIP1L1	C8orf53	ARHGAP15	C9orf114	NAT10	CSNK1D	NOC4L	WDR45L	NAT6	TROAP	NOP58	RRP12	SPCS3	KRI1	FBL	PDCD11	TSR1	UTP14A	C14orf21	SNORD23	NOL5A	RIOK2	DDX10	GNL3	PUS1	TPTEP1	AATF	GNB2L1	SLC16A4	ESF1	SHQ1	NOLA1	TRPT1	SKIV2L	KIAA0649	PNO1	RBM34	CPA2	BRSK1	PDE10A	PWP1	DDX52	COQ10A	DHX15	RSL1D1	UTP20	ISCA1	CSNK1E	SLC10A7	DDX3Y	NOLA2	PSG1	COQ2	DKC1
6	1.0	ZFP91-CNTF	IFNG	IL6	CBLC	SOCS3	SOCS6	CRLF2	SOCS2	IL12B	SOCS5	OSM	SIGLEC6	SOCS4	IL20RB	LEP	CSH2	IL12A
7	1.0	GK3P	WFDC3	RNF113A	TTYH1	CYGB
8	1.0	SCN3B	PTPRZ1	PTPRB	CNTN2	ST8SIA2	TNR	NRCAM	CNTN1	NFASC	ANK3	NCAN	SIGLEC1
9	1.0	FUT1	CEL	ST6GAL1
10	1.0	CD24L4	MS4A2	IGHE	CENTD3	PLCG2	SYK	FCGR2A	FOLR1	CMTM3	BTK	PRAM1	FCGR1A	GAB3	ZBTB7B	FCER1A	CD19	RPS6KB2	BLNK	DAPP1	FYB	CD22	LYN	MRC1L1	MRC1	UCK1	BANK1	CLNK	ZGPAT	GP6	FCAR	SKAP2
11	1.0	NEU3	FAM57A	CCDC41	GJB2	SLC7A8	HOXC10	SLC7A5	CD6	CALCOCO1	SLC15A1	AQP3	ALCAM	GGTL3	ATP1B1	FXYD7	GRASP	MALL
12	1.0	CCDC97	SFRS15	WBP4	RBM17	DDX46	GPR88	WBP11	DIAPH2	WIPF2	CCDC123	CHTF8	SF1	CAPRIN1	PQBP1	PSPC1	NCKAP1L	CHERP	FMNL1	ZNF207	KHSRP
13	1.0	CSTF3	PAPOLA	NFX1	U2AF2	CSTF2	TXNL4B	SNRPE	NCBP2	PRPF6	SNRPD1	SF3A2	HNRNPA0	CLEC19A	NUDT21	SNRPB	SMC1A	LSM2	SFRS3	PRPF4	SNRPF	HNRPUL1	PRPF8	SRRM1	SF3A3	CLPTM1L	SF3A1	CD2BP2	SF3B4	HNRNPL	NCBP1	NHP2L1	FUS	SNRPA	PCBP1	CPSF1	CPSF3	EFTUD2	KIAA0907	SNRPD3	SNRPA1	RBM26	SFRS1	RBMY2FP	C19orf43	SNRPG
14	1.0	STRN3	PAICS	SSB	VAC14	ITPR1	PI4KA	UGCG	SYT1	AHCYL1	MOBKL1B	DPYSL2	DHX33	HACL1	PFKP	SP140	CTNS	KRT78	BAIAP3	SYN3	CYFIP1	CAPZA2	HN1	RAB6B	RAB8B	MSR1	CLCN7	ABHD14B	SEPT1	RAB3A	SARS	KLHL10	LAPTM5	SYT3	PRKAR2B	C20orf27	CLTB	LONP1	SYN1	DDX17	PRDM12	LIN7C	CAMK1D	PIGR	PTPN9	MOBKL3	UBE2V2	NF1	STXBP1	AMPH	MAP2	RAB33A	SIRT2	MRRF	ACO1	NOS1	C2orf76	NCKAP1	PACS1	TOM1L2	ARPC5L	SV2C	RAB37	LMNB2
15	1.0	APPBP2	C10orf137	SLC22A6	ODF3L1	PI4KAP1	KIF6	ZCCHC12	PI4KAP2	WDR24
16	1.0	BCL11A	PANX3	PCDH9	KIF13B	IDI2	HSF4	HELZ2	POU2F3	ZNF443	GPR23	OSBPL1A	OSR1	MTMR6	CSMD1	UTP6	PPAP2B	DNAH9	WDR35
17	1.0	RABL2B	C3orf34
18	1.0	C1QTNF3	C1orf163
19	1.0	PNLIPRP2	PNLIP	CLPS
20	1.0	GHRL	MLNR	GHRHR	MLN	GHRH
21	1.0	ARHGEF16	SHROOM3	SH2D3A	PACS2	RND3	ERRFI1	C1orf106	TNS4	FAM53B	PTOV1	GAN	SHCBP1	ARHGEF17	SIPA1L1	REEP4	CCDC101	SAMD4A	SHROOM1	ALS2CR13	REEP3	SH3BP4	LAD1	SASH1	C22orf9	CDC42BPG	SGK223	C6orf113	ANKS1A
22	1.0	GPATCH4	MAB21L2	EIF2B1	EIF2S2P4	EIF2B4	EIF2B5	EIF2B3	EIF2B2	GK2	XYLB	KIAA0174
23	1.0	CMTM6	C21orf51	ORMDL1	TMBIM4
24	1.0	GRHL2	GRHL3	GRHL1
25	1.0	MYL1	TTN	GNG12	RAC2	AIG1	PAK2	TBC1D5	MFN2	CLCN2	MYOM1	ASNSD1	SH3PXD2A	DSCAM	C6orf66	ADAM15	SH3RF3	WDR32	MYOM2	PPP1R12B	PAK7	STIM1	SCRIB	MYLK2	PAK1	ARHGEF7	MYL3	RAC3	STIM2	MYLK	FAM161A	FOXRED1	RNF6	DNAJC13	SH3RF1	SH3PX3	GIT1	PAK3	GIT2	FOXL2	DSCAML1	PPM1F	MYBPC1	ARHGEF6
26	1.0	PIGQ	DPM2	PIGH	PIGA	PIGP	PIGY
27	1.0	RAB3GAP2	PTPLAD1	ANKRD6	TNPO3	IPO11	HEATR2	CORO2B	SFXN1	XPO7	KRTCAP2	TRIM54	SAAL1	TMEM33	FANCI	C6orf211	ATXN10	DDOST	UNC45A	TRIM55	TSPAN17	NUBP1	KIAA0776	MRPL19	CCDC59	WWC3	PRPSAP1	PLCD4	TMCO1	C19orf70	HEATR3	RPAP1	C20orf24	SEC63	CLPX	SURF4	OTUD4	MAGEA6	NUBP2	HTR1B	TMEM147	EIF4G2	SRPR	SSR1	GLS	MYO1D	SRPRB	FASTKD2	TOMM22	CCDC47	DCXR	XPO4	PDXDC1	ZW10	MLSTD2	UCK2	NCDN	EHD4	LMCD1	USMG5	VEPH1	SSR2	TCEAL1	GCLM	ARMC6	CBWD7	IQWD1	C13orf7	HSD17B11	TBC1D24	TRIM63	STYXL1	C2orf47	SSR3	MFN1	KIAA0090
28	1.0	CXorf34	IRX2	PRCC	RBMXL1	RBM41	IFT52	DDIT4L	YTHDC1	SFRS12	OVOL1	USP39	CCNL1	DTD1	RBM12	MKLN1	ZNF689	RBM7	RETN	RSF1	TRAP1	SRPK1	GRINA	CECR2	OVCH1	CCNY	CEACAM5	AKNA	PRM1	DDX42	CREBRF	TAF15	SMNDC1	SLC31A1	CASC3	DIDO1	RALY	WWOX	NOVA1	ODF3	ZRSR2	RBM42	TCERG1	KHDRBS2	WTIP	RBMXL2	SFRS10	WIBG	KHDRBS3	SFRS2IP	SAFB	ARSF	SYMPK	NRIP2	TNRC15	IGSF2	RBMY1H	TRA2A	SNRPC	CWF19L1	C16orf80	RNUXA	HMG20A	C20orf42	C21orf77	BOLA3	RP9	MAGOHB	SCCPDH	AL353354.1	AADAT	PGAP1
29	1.0	DUS3L	FAM192A	GTF3C2	ETFA	AKAP8	SUCLG1	GCDH	IDH3G	FANCD2	SLC25A1	EIF4ENIF1	KIAA1967	IQGAP3	TTC27	EP400	TRUB1	XPOT	SMC2	AKAP8L	SPTLC1	SLC25A11	U2SURP	ZNF281	ASS1	MOGS	MSH3	UBR2	RPP30	SLC25A13	ARHGEF2	PELO	MRPS22	MAPKAP1	HUWE1	SEC61A1	RNASE2	DNAJB6	SLC25A12	DPM1	IGF2BP2	KPNA4	SLIT2	IPO13	SQRDL	IQGAP2	TUBGCP2
30	1.0	ITIH3	SPINT2
31	1.0	FAM131A	PHYHIP	MAGED4B	MAGED4
32	1.0	ARL1	CCT3	IKBKAP	SQSTM1	POLD1	LRPPRC	DYNC1H1	WDR77	MMS19	HSPD1	SSR4	PRKDC	C5orf25	ALKBH4	LMNA	NONO	C1QBP	POLE	USP1	ATP1A1	NARF	XPO5	ETV3	MYCL1	IPO9	MYC	TOP2A	DDX1	DDX3X	RPN1	CPA5	TOP1	IGF2BP1	FBXW7	ATP5C1	PDCL2	HSPB1	WSB2	TMPO	MAX	GANAB	SMC4	GTF2I	NCL	DNAJA2	PPP6C	MYBBP1A	DPM3	RPN2	SHPRH	HEBP2	ALX1	CSE1L	CCT2	DNAJA3	BCR	ARL4A	MEIS3P2	SMARCA5	RUVBL2	PTPN14	FXYD2	SUMF2	DPF1	TUBA4A	HADHB	OAT	CCT5	CCT6A	ATP5J2	KIAA1875	KPNA2	IPO7	ALOX12B	CCT8	STK32B	XRCC5	IRS4	TCP1	ATP2A2	RUVBL1	ZNF239	CCT4	DDX20	MARS	RNF34
33	1.0	TDH	GCAT
34	1.0	GDAP1L1	ZNF554	MFAP3	MIOX	FSTL1	ALS2	KIAA0652	C12orf44	CRTAP	PALM	GP2	SNX16
35	1.0	MATN3	MATN1	MATN4
36	1.0	D2HGDH	CAP2	HAS1	GRAP	AFG3L2	PLS3	LARS2	HCLS1	RG9MTD2	HS1BP3	ARPC3	ITSN1	PI4K2B	ARPC1B	WDR1	ESX1	DIAPH1	BIN3	WIPF1	ACTR2	CORO6	CFL1	AC114730.8	WASL	EPN3	ACTR3B	NRK	ARPC2	HIP1R	TTLL3	OTUD5	TRIP10	ARPC1A	MYO1E	TRMT5	WAS	ACTR3	ENTHD1	AARSD1	PFN4	TWF2
37	1.0	EHHADH	SCP2	ACAA2
38	1.0	ASB3	PPM1B	ASMT	MAP1B	BSN	NAT2	RPL7L1	PABPC4	EPB41L3	SDHD	SDC3	FASN	HTATSF1	UNC13A	CHGB	PPM1A	DCD	S100A9	AP3D1	CEACAM3	SLC30A3	PLXNB2	DGKD	PDE4D	PRPF4B	CUL5	CCDC92	CD164	SDHC	AP3B1	ARHGEF12	ARRB1	MAP7	TUBB2A	CEP152	MICALL2	ARHGAP17	NOLC1	RBM10	VPS35	DGKZ	GALE	ARR3	CENPF	EIF2AK4	ARD1A	CAPZA1	RNASE6	ARRB2	PIK3C2A	AP3B2	NAT1	CSNK1A1L	CTNND1	G3BP2	CDC2L5	UAP1	S100A8	ERH	MRPL43	SRRM2	ARHGEF11
39	1.0	PYDC1	PML	FKBP4	PHOX2A	MIA3	CREM	CREB5	HMGA2	CCDC76	PIAS3	BCL3	FOS	ATF4	EDF1	SNRK	ELK1	LOXHD1	RUNX1	TCF20	ETV1	ETS2	JUND	JUN	NR3C1	PGR	IRF4	TSC22D3	CEBPE	H2AFY	GATA2	NR3C2	PIAS1	IRF8	TDG	ATF2	ETS1	ATF3	FLI1	SPI1	JDP2	CREB1	RELA	CEBPB	RUNX2	ATF1	ERG
40	1.0	IGLV4-69	IGLV2-18	IGLV6-57	IGLV3-27	IGLV7-46	IGLV7-43	IGKV2-24	IGLV11-55	IGLV2-33	IGLV4-60	IGLV2-11	IGKV1D-42	IGKV1-5	IGLV10-54	IGLV8-61	IGKV4-1	IGLV3-12	IGLV3-22	IGLV1-36	IGLV3-16	IGLV4-3	IGLV3-25	IGLV5-37	IGLV1-44	IGLV5-45
41	1.0	ABCG1	ABCG4
42	1.0	VSTM2L	MTERFD2	STAC2	ST6GALNAC6	CXorf20	ATXN1	ZNF488	ZCCHC13	FAM21D	ARID5A	SLC51A	AHDC1	C16orf77	CLEC4F	ZNF804A	SGMS1	SFRS14	KIAA2026	C17orf81	ACOT7	ZNF609
43	1.0	WNT2B	WNT5A	WNT11	WNT10B	WNT7B	WNT9B	WNT10A	WNT2	WNT8B	WNT6	WNT9A	WNT8A	WNT7A	WNT3
44	1.0	RHOJ	ARHGDIG	GDI2	RHOF	RHOBTB2	ARHGDIB	RHOT2	RHOT1	RHOBTB1	RHOH	GDI1	RHOV	RHOD
45	1.0	LZTS1	SNAPC1	POLR3E	ZNF143	SNAPC2	SNAPC5	GTF3A	SNAPC3	GTF3C5	SNAPC4
46	1.0	DEFA4	DEFA6	MC2R	MRAP
47	1.0	P2RX2	P2RX1	P2RX3
48	1.0	PRPH2	ROM1
49	1.0	PXDN	CD207
50	1.0	USP6	ANKRD44
51	1.0	MUC5B	HTN1	HTN3
52	1.0	NTSR2	NLN	NTS
53	1.0	TMEM179B	AMELX	FITM1
54	1.0	ABHD8	AMBN	ITM2A
55	1.0	PLXND1	SEMA3E
56	1.0	TSKU	GDF3
57	1.0	FZD2	FZD5	FZD10	GIPC3	FZD4	FZD6	FZD8	FZD3	FZD9	FZD7	NDP	FZD1
58	1.0	SUPV3L1	C17orf49	WDR5	MLL	MEN1	WDR5B	OXT	SENP3	PMP22	PELP1	HCFC1	SETD1A	ZDHHC9	PPIE	HCFC1R1	MPZ	WDR61	DTL	MYST1	WDR51B	PASK	MSL3L1	C18orf37	TASP1	WDR82	MSL1	ACAA1
59	1.0	GPR83	NPY5R	NPY1R	PPY	NPY	PPYR1	NPY2R	PYY
60	1.0	C3	VSIG4	CFHR3	IGHV4-39	CFHR5	OLFM4
61	1.0	EGFL7	C11orf54	PBLD	LRP4	CARD10	ASB13	LRP1B	CPA1	CNGA3	CYB5R2	BCL10	NME4	GPSM1	C9orf89	LOXL4	STAMBPL1	LITAF	SEMA4G	KIF26A	PLSCR3	CNGB3	CD99	TPM4	COMT	CARD14
62	1.0	ARL6	ARL6IP6	ARL6IP4
63	1.0	HLA-DRA	HLA-DOB	HLA-DRB3	HLA-DMA	HLA-DPB1	HLA-DQB1	HLA-DMB	HLA-DPA1	HLA-DRB1	HLA-DOA	HLA-DRB5	HLA-DRB4	HLA-DQA2
64	1.0	XYLT2	CA3	BST2	TMEFF2	ENAM
65	1.0	CRHR2	CRH	UCN2	CRHBP	UCN	UCN3
66	1.0	CHRNA1	CHRNG	CHRNE
67	1.0	CNGA2	CNGA4
68	1.0	KREMEN1	DKK1
69	1.0	ZPBP	ZP2	ACR
70	1.0	C20orf12	GFI1B	PDZD4	ZNRF3	AGPAT6	ANKS3
71	1.0	TRIM46	C8orf42	ARHGAP44	VAT1L	BASP1	SBF1	KIAA1244	PDE1B	C2orf55	PCSK1N	SBF2	MTMR1	MAT2B	CAMKV	KIAA1468	RAB15	NAPB	DIRAS2	PDE1A	HEATR5B	PLA2G12B	KIF21A	C14orf166	HSPA12A	VAT1	SEPT3	SYT5	KIF21B	SV2A	GLTP	ACSBG1	SEPT8
72	1.0	CHRNA3	CHRNA5	CHRNB4	CRELD2	CHRNB2	CHRNA2
73	1.0	GPR26	HTR1D	HTR1A
74	1.0	HMGCL	MS4A7
75	1.0	HPS1	HPS4
76	1.0	POLG	POLG2
77	1.0	RXFP4	RXFP2	RLN3
78	1.0	GPR151	GALR1	GAL	GALR3
79	1.0	KISS1R	MMP24	KISS1
80	1.0	IL11	IL29	IL28B	IFNW1	IL13	IL5	IFNE	IFNA16	IL28A	IL20	IFNA10	IFNB1	IFNA2	EPO	IFNK	CLCF1	LIF	TSLP	IL24	IFNA6	IL4	IFNA13	IL23A	CTF1	IL15	IL22	IFNA8	CSF3	IL7	CSF2	IFNA4	IFNA14	TPO	IL21	IL26	IL2	PRL	IL19	IFNA5	IL3	IL10	IL9	IFNA21
81	1.0	CXCL5	CXCL3	CXCL1	IL8RA	CXCL6	IL8RB
82	1.0	AK5	ZNF313	CPNE6
83	1.0	PTAR1	RABGGTB	ALKBH7	SDR16C5	C17orf32
84	1.0	REG3A	REGL	TRHDE
85	1.0	ZNF607	IQUB	ZNF679	C18orf56	ZNF707	ZNF559	ZNF136	BAALC	MDFI	C19orf60	C20orf75	RP11-262H14.4	AQP5
86	1.0	NPBWR2	NPB	NPW
87	1.0	CXCL12	CCL3	CCL5	CXCL13	BLR1	DARC	CCL21	CCL22	CCR4	CCR5	PF4
88	1.0	GSCL	RNF4	TRPS1
89	1.0	XCL1
90	1.0	IARS	CBS	FDPS	PGAM2	PKM2	SLC25A34	FAM62C	AGPAT1	ME1	PKLR	SLC35F5	RRM2	GFPT2	PGD	SCD	DRG2	VDAC3	GDPD3	KARS	AASDH	GLUD2	AARS	CNDP2	ACO2	WDR48	NARS	ATP6V1B2	TMEM87B	TUBB2B	KIAA1147	VARS	HSPH1	PGK1	MDH2	NARG1L	ATP6V1A	FPGS	CRLS1	LARS	CBWD3	CCDC90A	GPI	GCN1L1	GCLC	EPRS	HMGCLL1	ACSS2	SAPS1	CBWD6	CBWD5	GMPPB	FRY	ACSL4	AHSA1	GARS	SV2B	EEF1B2	DHDH	TUBB2C	HMGCS1	DARS	ABCF3	CNDP1	TRIP12	PMM2	MAT1A	DUS2L	PPTC7	ISCA2	KIAA0664	GART	ARFGEF2	ABHD4	IDH3A	EEF2	RARS2	TMEM34	OLA1	CTPS	KIAA0368	SRR	ENO3	FARSA	TARS	GDPD1	PARP14	IPO4	WARS	RPSAP58
91	1.0	LRRC4C	NTNG1
92	1.0	CSRP1	PPT2	SPOCK3	EGFL8
93	1.0	CCR3	CCL15	CCL3L1	CCR1	CCL26	CCL4L1	CCL24	CCL3L3
94	1.0	NXPH2	NXPH1	SYT13	NRXN1
95	1.0	CD200	HCRTR2	CD200R1	HCRT
96	1.0	GALNT14	GALNT12	MUC5AC
97	1.0	DIO2	USP20
98	1.0	RANBP2	ITGB3BP	RCC2	NUP98	MAPRE1	RANGAP1	BUB3	SEC13	BUB1B	TMEM39A	AURKB	NUDC
99	1.0	TXNDC10	RRP7A
100	1.0	NPFF	NPFFR1	NPFFR2
101	1.0	AZIN1	OAZ1	OAZ3	OAZ2	ODC1
102	1.0	OCM	GSR	OCM2
103	1.0	SEMA3A	NRP2	SEMA3B	SEMA3C	SEMA3D	NRP1
104	1.0	KCNG2	KCNS3	KCNG1	KCNB1
105	1.0	RDH5	RLBP1
106	1.0	SPINK1	NRSN1
107	1.0	TREM2	SIRPB1	TYROBP	NCR2	CLEC5A	TREM1
108	1.0	GGN	GGNBP1
109	1.0	SYT16	SYT14
110	1.0	PRH2	MUC7	PRR4	SMR3B
111	1.0	ZSCAN21	SCAND1	ZSCAN20
112	1.0	DAOA	DAO
113	1.0	TSPO	BZRAP1
114	1.0	MCHR1	AGRP	ASIP	MC5R	PMCHL1	PMCH	MC3R	MCHR2	MC4R	PMCHL2
115	1.0	GFRA4	PSPN
116	1.0	POLR2L	POLR2J	GTF2F2	POLR2A	POLR2G	POLR2E	POLR2C	POLR2F	POLR2I	POLR2H	GTF2F1	POLR2K	POLR2D	POLR2B
117	1.0	SSH1	CRB2	GK5	SPTBN1	DBN1	LUC7L2	LRRFIP1	CBR1	C3orf19	FSCN1	IQGAP1	MYO6	MYO1A	BCLAF1	KRT7	PPP1R12A	SRP9	SYNE2	C1QL3	VAV2	DST	ATP5A1	DLSTP	LIMA1	ARPC5	SLC25A21	LMO7	MYH9	MYL12B	VAV3	MYL6	SAFB2	THRAP3	ANXA2P3	ACTG2	POLQ	PDCD6	ITPR3	CTTN	PLEC1	SRSF10	FLNB	PRMT5	RACGAP1	S100A6	CLN5	TUBA1B	SLC41A3	EIF4A3	KRT17	RPS26P10	DUT	MPRIP	ABLIM1	MYL12A	SPSB2	SAPS3	ANXA6	ACTC1	MYO1B	CAPZB	RPS26P8	SSFA2	PCMT1	SRP14	PPIAP22	SLC25A3	PPP1R9B	AP2M1	MYO1C	AP2S1	FLNA	IMPDH2	PPIA	KRT8	SVIL	SLC26A8	SLC25A4	ILF3	MYH10	TUFM	TMOD3	KRT27	GSN	SHMT2	MATR3	GSTM2	LRP10	HGD	CAMK2D	PDLIM7	ATAD3A	PHGDH	TPM1	KRT18	SPTAN1
118	1.0	MS4A10	C10orf35	NIPA2
119	1.0	RAET1G	ULBP1	HCST	RAET1E	ULBP3	KLRK1	MICB
120	1.0	TICAM1	IRAK3	RNF216	IL1RL1	IL1A	NOX4	IL1F10	IL1R1	TLR4	IRAK1BP1	TMED1	SIGIRR	TLR2	TLR3	TOLLIP	IL1RAP	TMED7	IL1RN	IL1B	IRAK1	IL33
121	1.0	DNAJA4	C21orf55	C2orf39
122	1.0	ATP5SL	XRCC2	TDRD9	RAD51C	EFHD2	RAD51L3
123	1.0	RAB32	GAA	C10orf11
124	1.0	ELAVL4	RBFOX1	DMPK	CHAC1	NUMBL	PROM1	RBM9	EGLN3	PCBP4	FOXN2	CUGBP1	RBM14	QKI	CNN3	SRI	CPNE3	SERF2	ELAVL3	TBX4	FUBP3	ANXA11	LENG8	C1orf94	C14orf32	THAP1	RNF138	LCP1	ELAVL2	EGLN2	PEF1	FAM46A	DAZAP1	QARS	TNIP1	PTBP2	UBAP2L	GLIS2	MBNL1	DMRTB1	BAT2	ALG2	KEAP1
125	1.0	PHF5A	CLP1	SFRS9	SF4	SFRS7	CPSF2	MAGOH	SFRS2	PCF11	SF3B6	SFRS6	SFRS5	RBM8A	PCBP2	DHX38	SFRS11	PABPN1	CDC40	SFRS4	DDX23	WDR57	SNRPB2	DNAJC8	RBMX	U2AF1	CSTF1	HNRPA3	SF3B5	RBM5	UPF3B	TXNL4A	CCAR1	CPSF7
126	1.0	GALNT11	MUC4
127	1.0	YIPF4	YIPF3
128	1.0	TACR1	TAC4	TACR3	TACR2
129	1.0	CD1B	CD1A	CD1C
130	1.0	C7orf43	TMEM50A
131	1.0	CTSH	SFTPB
132	1.0	BDKRB1	PTGER3	AVPR1B	GRM8	GRM2	AVPR1A	CHRM2	HTR2C	HTR2B	ADRA1D	NTSR1	GRM3	ADRA1A	GRPR	GNAQ	GRM6	CCKAR	PTAFR	TRHR	OXTR
133	1.0	ZNRF2	SETD7	MTHFD2	CDYL	C15orf41	SUV39H2	GATAD2A	NASP	UBE2N	HIST2H3C	GLRA2	AURKAIP1	CCS	EPM2A	MRPS7	ARL5A	AURKA	NFU1	NSMCE1	REV1	POLK	EZH2	TLK2	UTP14C	LALBA	MTF2	ATXN7	PARP3	ERO1L	SMC5	PLA2G6	PAX5	OXSM	CENTB2	SP100	HIST1H1E	AIRE	ASF1B	PRR14	HIST2H3PS2	RAD51L1	TLK1	NFKBIL2	CBX5	CBX1	CARM1	TP53BP1	GPR108	C11orf30	C6orf167	HIRIP3	DEK	CBX3	CGGBP1	HIRA
134	1.0	MFAP4	SFTPA1B	SFTPA2	SFTPA2B	SFTPD
135	1.0	ANKMY2	LRRC58
136	1.0	SLCO5A1	YIPF6
137	1.0	SLC16A2	SERPINA7
138	1.0	DKK2	MESDC1	LRP5	LRP6	DKK4	MESDC2
139	1.0	KITLG	CLEC11A
140	1.0	VAMP1	SYT4	SNAP25	SYPL1	SLC17A7	STX2	STX1B	SNAP23	SYBL1	STXBP3	VAMP2	SLC14A2	SLC18A3	STX3	STXBP6	DOC2B	SYT7	STX4	SYT6	UNC13B	SYCN	PRRT2	SCGN	TXLNB	DOC2A	CPLX2	VAPB	CXorf15
141	1.0	A1BG	CRISP3
142	1.0	LYPLAL1	MRPL45
143	1.0	TMEM66	IFIT5	SNX15
144	1.0	SLC1A4	ERVWE1
145	1.0	ECHDC2	CTAG1B	MAGEC1	CTAG1A
146	1.0	PBEF1	IFITM3
147	1.0	DDX27	FTSJ3	PAK1IP1	PES1	RRP15	NMD3	WDR12	DDX54	ZNF622	MKI67IP	DDX56	BXDC2	RBM13	NOC3L	NOL1	RRP1B	MRTO4	RBM28	BXDC5	KIAA0020	BOP1	MAGEB4	SDAD1	NSA2	BXDC1	GNL1	GTPBP4	NIP7	NLE1	C15orf15	NVL	CEBPZ	GNL2	EBNA1BP2	PPAN-P2RY11	DDX18	NOC2L	TEX10	WDR74	DDX55	SLC45A2
148	1.0	OPRL1	PNOC
149	1.0	GRK7	PDE6A	PDE6D	PDE6B
150	1.0	DGKB	PCDHB5
151	1.0	MAS1	AGT	PRCP
152	1.0	TSEN34	TSEN2	TSEN54	C1orf19
153	1.0	ZBTB48	C7orf34
154	1.0	PLA2G4B	CEP192	SHBG	C17orf65	SLC37A1	KLK4	C9orf24	MT1F
155	1.0	CYP3A4	TCTE1	NSUN6	C9orf64	UGT2B7
156	1.0	PRKCA	ADD3	DLX3	GPM6A
157	1.0	MRC2	ZNF230	NDEL1	DIXDC1	CCSER1	C21orf45	ZNF211	ZNF17
158	1.0	SERPINB8	SGCA	SGCD	SGCB	SGCG	SGCZ	SSPN	SGCE
159	1.0	HRH2	ADRB3	HTR6	ADCY4	HTR7	GNAS	ADCY10	CHRM5	PTGDR	ADCY9	ADCY7	GNAL	HTR5A
160	1.0	MASP2	FCN3	FCN2	MASP1
161	1.0	FAM40B	CCM2	FAM40A	CTTNBP2NL	MRPL50	PDCD10	STRN	SLMAP	SIKE1	FGFR1OP2	CTTNBP2	MST4	CCT6B	STK25	TMTC4
162	1.0	PDE9A	PHYHIPL
163	1.0	LOC652694	IGHV	APCS	C1R	LY6E	FCGR2C	C1QA	PTX3	HRG	IGHV4-31	FCGR3B
164	1.0	CYP11B2	CYP11B1
165	1.0	ARHGEF10L	C6orf62	ANXA9	NDUFA4L2
166	1.0	PRKG2	GUCY1B2	PRKG1	GUCY1A3	GUCY1A2	GUCY1B3	C7orf16
167	1.0	LETM2	FUCA1	ABCC6	SLC16A5	LRRN2	KIAA1797	IKBIP	VCL	LAP3	FAM18B2
168	1.0	GABRA3	GABRQ	GABRG2	GABRG3	GABRB2	GABRB1	GABRA1	GABRA6	GABRA2	GABRA4	GABRB3	GABRG1
169	1.0	GAGE8	GAGE2A	GAGE4	GMCL1L	GAGE10	GAGE7
170	1.0	TTLL1	C18orf10	C19orf20	LRRC49	NICN1
171	1.0	CD8B	TRBV7-9	HLA-F	HLA-H	CD3D	TRDV2	TRAV29DV5	CD8A	CD3G	TRBV19	HLA-G	HLA-E	TRAV8-4	TRBV12-2	TRAV19
172	1.0	TMEM57	UBE1L2	SMAD9	CPXM2	KIAA0226	MAN1C1	ZNF557	EVC2	ZNF484	MTMR11	MGAT1
173	1.0	NAGS	TMEM39B
174	1.0	SPCS2	C17orf42	STMN3
175	1.0	RAMP3	RAMP1	CALCB	ADM	ADMR	CALCRL	SLC31A2	RAMP2
176	1.0	CXorf40A	CXorf40B	MT2A
177	1.0	LIN7A	GRIN2C	SLC25A46	DLG2	KRT35	GLS2	DLG3	INADL	LRFN2	SEMA4C	CRIPT	GDA	LRRC1	KCNJ4	KCNJ2	SLC6A12	SYNGAP1	SEMA4B	S100A3
178	1.0	METTL4	CYP24A1	TMEM132B	TARBP2
179	1.0	HELLS	RNASE1	RNH1	ALDH18A1	COPG2	CYR61	OR10B1P	P4HA1	ALDH1B1	MYO9B	PLOD3	FBXW8	ZNF121	PPT1	TMEM170	ACOT8	ARF4	GSG2	AASS	MYO9A	UBE3C	PTGES2	IDH3B	SHOC2	CEPT1	MYO5C	C1orf25	ABCB7	MRPS34	FAM153A	HIGD1A
180	1.0	GINS4	CDC6	CDKAL1	GINS2	GINS3	MCM3	MCM7	PSKH1	MCM5	C16orf42	MCM4	MCM2	CDC45L	GINS1	CCDC5	MCM10	CDC7	MCM6
181	1.0	FAM119A	EME1	FARS2	NHLRC2
182	1.0	CCR8	CCL4L2	CCL1	CCL16	CCL17
183	1.0	GNAT1	RGS9	RGS11	GNB5
184	1.0	KIAA0157	BRE	C19orf62
185	1.0	FOLH1	NNT	PDIA5	ARMC10	SDF4	TM9SF1	FAHD1	ACTBL1	MRVI1	ITFG3	TUBB8	FAAH	NUCKS1	DNAJB12	ALDH3A2	UBAC2	MRPS25	ATP12A	KBTBD3	MTDH	FAM83F
186	1.0	CDH7	CDH10	CDH18	CDH9	CDH19	CDH6
187	1.0	CA6	FCGRT
188	1.0	ST8SIA4	ST8SIA3	NCAM1
189	1.0	NFIC	TKTL2	ZCCHC14
190	1.0	ACCN2	ACCN1	STOML1
191	1.0	ADFP	ABHD5	XDH	BTN1A1
192	1.0	CPN2	CPN1
193	1.0	NDUFA13	MT-ND5	NDUFC1	NDUFV1	NDUFS5	NDUFS8	NDUFA6	NDUFB7	NDUFB6	MT-ND2	MT-ND6	MT-ND4	NDUFB2	NDUFB8	MT-ND4L	NDUFA1	NDUFB1	NDUFV3	NDUFA12	MIR4461	MT-ND3	NDUFS6	NDUFS7	NDUFA7	NDUFA3	MT-ND1	NDUFB11	NDUFB3	NDUFB5	NDUFA11	NDUFA2	NDUFS4	NDUFC2
194	1.0	UROS	ADAM33	ITPRIPL1	UBQLN4	PCDH17	QSOX1	ZG16B	CEND1	ANKRD13D	PLUNC	PCDH8	SPAG8	CDSN	CCDC107	CCDC134	EPDR1
195	1.0	KCNJ6	KCNJ3	KCNJ9	KCNJ5
196	1.0	PID1	CUBN	GIF	AMN	SCGB1A1
197	1.0	CD5L	CD40LG
198	1.0	CD300LF	KLRB1	PTPN6	CLEC4A	CUZD1
199	1.0	FUZ	C1orf89
200	1.0	C11orf48	LYAR	DHX57	PHF6	YTHDC2
201	1.0	PLAG1	IGHG2	GJA12	OR2T6	ZNF232	HP	CACNA1I
202	1.0	IL1RL2	IL1F7	IL18RAP	IL18	IL18R1	IL18BP
203	1.0	NSL1	CENPL	CDCA8	SPC24	CENPH	FAM33B	KNTC1	KIF2A	SPC25	CENPK	CENPO	MIS12	CASC5	CENPP	ERCC6L	CENPN	KIF18A	CORT	CENPT	CENPQ	KIF2B	MLF1IP	NUF2	SGOL1	DSN1	C18orf24	CENPM	SKA2	ZWINT	ZWILCH	C14orf48	NDE1	CENPI	CENPE
204	1.0	OBSL1	AGA	CFB	C4B	PLA2G4F	PF4V1	IGDCC4	AMPD3	ZNF292	HPX	KRT13	APOC2	OR3A2	CTAGE5	KIAA0232	KRT6B	ITIH1	PCDH1	CFD
205	1.0	TNFRSF18	TNFRSF9	TNFSF18	TNFSF9	PPIL5
206	1.0	SORCS1	ATPBD1B	XAB1	IDH2	OPTC	PPID	GLRX3	TP53RK	IDH1	SARS2	OSGEP	SLC25A16	SLC25A6	LAGE3	DHRS11	TPRKB
207	1.0	ASAH2B	ANKRD43	PARD6B	ASAH2C
208	1.0	RAD17	HAAO	ZBED4	RFC2	RAD9A	RFC3	RAD1	RFC4	HUS1	RFC5	ZFPL1	HUS1B	RAD9B	FIGNL1	C5orf4	PGM2
209	1.0	BRS3	NMBR	GRP	NMB
210	1.0	RPS15	RPL26L1	RPL3L	RPL9	RPL37A	RPS12	ETF1	RPL34	FAU	RPL36A	RPL37	RPS4Y1	RPL41	GSPT2	RPL39	RPS21	RPL29	SNORA7A	RPL9P7	RPS29
211	1.0	PTGFR	LCNL1	PTGES	PTGER1	PTGDS	PTGER2
212	1.0	CRYBB2	CRYBA4	CRYBB1	CRYBA1	CRYBB3	CRYBA2
213	1.0	CXCL11	CXCL10	DPP4	CXCL9	DPP8	GPC2
214	1.0	NPPB	NPR3	NPR2	NPPC	NPPA
215	1.0	TCF23	BHLHA9	ATOH8	TCF12	OLIG3	ASCL4
216	1.0	HRC	TRDN	ASPH
217	1.0	RGS17	OSTM1
218	1.0	CDY2B	PECI	CDY2A	CDY1B	CDY1
219	1.0	DAZ2	NANOS1	PUM2
220	1.0	SLCO3A1	SLCO1C1	PDZD3
221	1.0	SALL4	NANOG	NANOGP8
222	1.0	SH3GL2	C9orf127	PHF2	FAM102A
223	1.0	F10	MGST3	SERPINA10
224	1.0	ZNF518	ATF7IP	TTC3	PRSS8	SLC12A4	KIAA1632	STBD1	SUSD1
225	1.0	PTPRT	PTPRN	SNX19
226	1.0	BCL2L2
227	1.0	ROBO3	FAM83C	DBC1	LECT1	TXNDC2	FAM169A	SMPDL3A	MOCOS	ABCA6	QDPR
228	1.0	LYPD3	CTRB1	AGR3	CTRB2
229	1.0	IL17B	IL17RB	IL25
230	1.0	HCN4	HCN1	HCN3
231	1.0	ALG14	DOLPP1
232	1.0	TMCC1	SLC35A3
233	1.0	PDS5A	REC8	CDCA5	STAG1	PDS5B	WAPAL	STAG2	SYCP3	SMC1B	RAD21	ESPL1
234	1.0	EXOSC8	FOXN3	MKRN1
235	1.0	KLK10	CKMT2	HMGB1P5	PLEKHA4	MRPS6	TSPAN6	NRBP1	ETHE1	ANKRD24	DDIT4	RIF1	C1orf103	AKR1C3	WDR62	SELENBP1
236	1.0	PROL1	STATH
237	1.0	IL7R	IL22RA1	IL20RA	IL12RB2	LIFR	IL15RA	IL10RB	MPL	IL11RA	IL6R	IL23R	IL13RA2	IL13RA1	IFNGR1	IL2RA	IL22RA2	CSF2RA	IL21R	IL10RA	IFNGR2	IL28RA	IL5RA	IL9R	OSMR
238	1.0	CLGN	ADAM2
239	1.0	TMEM16A	ANGEL1
240	1.0	MCF2L2	MEGF10	ALMS1	VWA8	ZNFX1	AARS2
241	1.0	LEPR	EPOR	IL31RA	IL3RA	IFNAR2	IL12RB1	IFNWP18	CSF2RB	IFNAR1	IL4R	IL2RB	GHR	CSF3R	IL2RG	CNTFR	IL6ST	GH2	PRLR
242	1.0	FN1	GALNT6	MIA	LRG1
243	1.0	CREBL1	MBTPS1	MBTPS2	CPT2	ATF6B
244	1.0	C17orf37	PAX9	TMED6	ARHGAP28
245	1.0	RBP2	LRAT
246	1.0	PRAME	STK19	SLC29A1
247	1.0	ACAN	MMP19	TNFAIP6	MMP20
248	1.0	KCNG3	KCNF1	KCNV2	KCNG4	KCNC1	KCNC2	KCNH1
249	1.0	KAL1	SDC2	THBS4	THBS3	SDC1	THBS2	SDC4
250	1.0	PRDX1	HS2ST1	CCDC136	SESN2	GLUL	RTN1	SESN1	FABP5	ATP6V0D1	C14orf153	TRIM2	BPGM	TMEM4	CACHD1	VEGFA	PLCD1	INSM1	CDC5L	HOXC9	RPL7P9	CADM1	HK1	PLEKHB2	TPI1	KRT82	ATP1A3	VDAC4	CTNNBIP1	NEFH	TUBA1A	GMNN	KIAA0240	HOOK1	DNPEP	ZDHHC6	TRMT2A	RTN2	FAM71C	KRT37	EHMT2	KRT36	PHB2	TOR1AIP1	NDOR1	KRT31	ARFIP1	PRPF39	KRT34	PLK2	LMNB1	C9orf163	TBC1D16	MYT1L	ATG16L1	MBP	KRT85	KIF3C	PRDX2	RAB2A	GAPDH	NEFL	FVT1	FLRT3	LDHA	PPP1R13B	BLZF1	XAGE2	TRIM41	C10orf12	GNB2	CCDC137	KIAA0133	GNB1	PDE4DIP	MYLIP	PLA2G7	SYAP1	JUB	LDHB	EFHA1	TNIK
251	1.0	UQCRH	UQCRC1	UQCR10	UQCRB	UQCRC2	UQCRQ	CYC1	MT-CYB	UQCRFSL1	UQCR
252	1.0	SHC4	VEGFC	ART1	FIGF	PDGFC	HGF	VEGFB	PDGFD	PDGFB	SHC3	PGF
253	1.0	ST3GAL2	C16orf45	ENO2
254	1.0	NUFIP2	HELZ	ASCC3	RBM33	FAM98A	CLK3	C1orf63	PBXIP1	MCAT
255	1.0	CES3	OC90	BMPR2	FOXL1
256	1.0	RAB3GAP1	WDR7	DMXL2
257	1.0	COL4A3	COL4A5	COL4A6	COL4A4	COL4A1	COL4A2	HABP2	SERPINE2
258	1.0	SCAMP5	SLC9A7
259	1.0	OSGEPL1	C1orf50	LRRC47	AHCY
260	1.0	CREB3L1	CREB3	CREB3L4	NFIL3	CREB3L3
261	1.0	PUS3	PARP10	PAF1	ELP2	PCAF	SMARCAD1	BRD2	HAGH	RTF1	H2AFZ	ING1	PHF8	SUPT3H	TADA2L	JARID1D	YEATS4	BRD3	ACTR6	PLAA	SETD2	CPOX	H2AFV	SPON2	UBE2B	ZNF710	MORF4L1	NAP1L2	USP22	ENY2	ACSL1	BRPF1	LOC440926	SAC3D1	TRRAP	ELP3	ZNF366	CTR9	ING3	CFDP1	KTI12	C20orf77	SRCAP	H3F3B	CHD1	VPS72	ATAD2	WDHD1	ELP4	LEO1	JARID1C	USP10	ING4	MRPL10	ELOF1
262	1.0	HHIP	DISP1	GAS1	IHH	SHH	DHH
263	1.0	TRAPPC1	CLIC2	TRAPPC3	TMEM56	TRAPPC2P1	TRAPPC2	TMEM97	TRAPPC4	TRAPPC6B	TRAPPC5	CNNM2	TMEM1	TRAPPC2L
264	1.0	DPY19L1	DPY19L2	ABAT
265	1.0	NCAM2	OPCML	LSAMP	DPP6	PRNP
266	1.0	TTC28	ATXN7L1	ZNF862
267	1.0	RAPSN	GGT1	FAM125B	HMX1	BBS5	FDX1	ANKRD13C	DTNB	TANC1	GZMA	PRDX4	C21orf2	RBM18	APBA2BP	YIPF2	TMEM214	OSR2	C1orf182	APBA2	POLS	ADAT3	ALDH1L1	TRAV8-3	ELAC2	DHDDS	LOX	TST	MRPL38	YIPF1	KIRREL	NIT1	ARHGAP19	EXOSC6	TCTEX1D2	TRBV7-2	TMEM38A	LYRM4	CCDC42	FAM18B	FUNDC2	NPC2	CDK10	CDKL1	SURF6	TEKT2	FAM18A	MRPS17	MYO15A	WBSCR18	DENR
268	1.0	NBPF23P	COG8	NBPF20	NBPF8
269	1.0	ADIPOQ	CDH13
270	1.0	GNAT3	GNGT2	GNG10	GNG3	GNG7	GNG8	GNG5	GNG13	GNGT1	GNB3	GNG4	GNG2	GNG11
271	1.0	OPRD1	OPRM1	PENK	NRD1	PDYN	OPRK1	POMC
272	1.0	MICALCL	MICAL3	RAB1C
273	1.0	CCL23	CCR7	CCL19	CCR10	RP11-195F19.5	CCL25	CCR9	CCL27	CCL28
274	1.0	GREM2	BMPER	CHRDL1	MGP	BMP2	SOSTDC1
275	1.0	B2M	KIR3DL2	TRA	CD1E	HLA-L
276	1.0	PVR	PVRL4	CD96	PVRL3	CD226	CRTAM	PVRL1	PVRL2
277	1.0	GNRH1	GNRHR	MEP1A
278	1.0	PRPF40B	PPIH	GEMIN5	LUC7L	SLU7	CCDC94	SNRPEL1	SERF1A	SIP1	CCDC49	PCID2	ADAT2	XAB2	BUD31	GEMIN7	C20orf4	BUD13	DHX8	RBMX2	RAB43	GEMIN6	PDCD7	ZMAT2	PRPF18	PPIL3	SNUPN	TIA1	PRPF19	CWC22	DPH5	TFIP11	PRPF31	SERF1B	PLRG1	CRNKL1	C21orf13
279	1.0	SPP1	TENC1	ITGB4	ITGA4	ITGB8	PECAM1	GULP1	ITGB1	IFI6	ITGB6	ITGB7	MYO10	NOV	TNC	CAV2	P2RY2	ITGB3	VTN	CSK	CD47	ITGAE	ITGA10	MATK	ITGA5	CD36	SIRPG	ITGA2B	ITGB5	CIB1	AUP1	CAPSL	RABGAP1	COL6A3	ITGA9	ADAM9
280	1.0	OLFM3	GGTLA4	MYOC
281	1.0	SSNA1	AP3M2	SEC14L5	FREQ	SH3YL1	PPA1	PIM2	WDR68	CHKB	TBCK	SUPT6H	LIMS2	ZIC3	NET1	DUSP14	SC5DL	GBP1	GLI3	PI4KB	CHN1	FNTB	ETNK2	MTMR4	STXBP2	ADSL	RNMT	PIP5K1A	DXO	IHPK1	C20orf191	KIF3A	EGR1	DOM3Z	CAP1	DNAJB1	TBCA	ZNF107	PHLPPL	USP15	SEC14L4	NAB2	GAS7	CAB39	HIPK3	RGL3	ACACB	PRKAA2	KIFC1	CPT1B	NAB1
282	1.0	MTMR9	MTMR7	MTMR8
283	1.0	POR	CYP17A1	CYP2C9	CYP1A2	CYP2C19
284	1.0	FGFRL1	HAPLN2	PDGFRL	DOK7	MUSK
285	1.0	SNX22	TMTC3	DVL3	TNFAIP8L1
286	1.0	DNAJC10	ZSWIM2	ACMSD	C18orf54	OTUB2	FAM156B	MAGEA11	TMEM29B	TMEM123
287	1.0	TEX28P1	TEX28P2	UBAP1	TEX28	EPS8
288	1.0	PRR6	PPP1R10	ARID5B	ZNF174	ZNF687	ADARB2	ZNF768	ZSCAN12	ZNF362	RSBN1	RBAK	FAM120C	ZNF317	RREB1	ZNF592	ZNF462
289	1.0	CGA	CGB2	CGB5	CGB8	CGB	CGB7	FSHB
290	1.0	C9orf117	MSANTD1	FKRP
291	1.0	SST	SSTR4	SSTR5	SSTR1	SSTR3
292	1.0	SIGLEC12	SIGLEC11	LILRB4	PILRA	SLAMF6	BTLA	CD33	TREML1	CMAS	C6orf25	LAIR1
293	1.0	C2orf32	GCHFR	ARRDC3	GCH1
294	1.0	SSX3	SSX7	SSX2	RAB3IP	SSX2IP
295	1.0	EDNRA	EDN3	EDN1	ECE1	KEL	CMA1	EDNRB	EDN2
296	1.0	SH2D1B	SH2D1A	LY9	SLAMF7	SLAMF1	CD84	CD244
297	1.0	C8A	C8B	C6	C9	C5	C8G
298	1.0	HDHD3	DDAH2	TRIP13	SIGLEC5	FAM69A	ARL11	KIAA1609	PLAC8	GLYCTK
299	1.0	APP	BACE2	TM2D1	CYP2G1P
300	1.0	FBXL8	FBXL6	FBXO16	FBXL7	SKP1A	FBXO17	FBXL4	FBXL5	FBXO8	FBXO6
301	1.0	LAMB3	ZC3H7A	COL7A1	COL5A2	LAMC2	BMP1	LAMA3
302	1.0	KLRD1	KLRC3	KLRC2	CD160	KIR3DL3	KLRC1	LILRA1	KIR2DS5	KLRC4	KIR2DS2	KIR3DS1
303	1.0	DEFB4	DEFB1	DEFB103A	DEFB4B	CCNL2	CCR6	DEFB103B
304	1.0	NCLN	SEPSECS	CHRNA4	CCDC128	ATP13A3	GCC2	TDRD3	PHF14	BEST2	PGS1	CDS1	TULP4	KIAA1622	CD209	CNOT6L	BICC1	SMOX	C21orf59	SFRS8
305	1.0	AKAP4	FSIP1
306	1.0	C16orf70	GALNS	CTSA	GLB1	BCAS3	NEU1
307	1.0	DNAJC1	ITIH4
308	1.0	OSBPL3	PFKFB2	TEAD3	TBC1D1	AKT1S1	ZFP36L2	KLC4	CRTC1	RAB11FIP1	CEP250	REEP1	MAST3	FAM53C	SHROOM2	TRIP11	PCTK3	LARP1	KLC3	SRGAP2	KIF1C	LSR	DENND4A
309	1.0	COLQ	BCHE
310	1.0	IGHM	VPREB1	VPREB3	IGJ
311	1.0	USH1G	USH1C	CDH23	ANKS4B	PCDH15
312	1.0	RPS14	RPS13	RPS18P12	RPS24	RPS16	RPS2	RPS5	RPS18	RPS25	CA10	RPL13A	RPS4X	RPS9	RPS28	RPS17	RPSAP15	RPS7	RPS26	RPS19	RPS20	RPS19BP1	RPS10	RPS23	RPS6	RPS15A	RPS8	RPS11	TXNDC12
313	1.0	GNL3L	MRPS11	CTSZ	MRPS14	TRIM71	GPKOW	GIN1	PPP4R2
314	1.0	ENG	FST	INHBB	INHA	INHBA	NODAL	INHBC
315	1.0	CEACAM6	CEACAM8	CEACAM1
316	1.0	NDUFA10	NDUFB9	NDUFAF1	NDUFA4	NDUFA5	NDUFB4	NDUFAB1	NDUFA8	NDUFS3	ACN9	NDUFS2	NDUFA9	SP110	NDUFS1	NDUFB10	NDUFV2
317	1.0	SCN2B	SCN1B
318	1.0	ZNF33A	GFPT1	SLK	CABC1	LSM14A	AAK1	DCK	NEK11	DCTPP1	NQO2	MAP4K2	AZI2	KIAA0528	TBKBP1	FAM83A	HIPK1	SNF1LK2	ADAM28	ZNF567	ACOX3	PDE4A	GAPVD1	MAP4K5	MAPK6	FRYL	TXNDC1	PKN3	PIP4K2C	ALPK3	KIAA0195	SPEG	MLTK	EIF2AK1	TAOK3	SIK3	PTPN18
319	1.0	COX8A	COX6C	COX4I1	COX7B	COX7A2L	COX7C	MT-CO3	MT-CO1
320	1.0	FXC1	TIMM22	TIMM10	TIMM8A	TIMM9
321	1.0	TBC1D19	CKAP2	CACNA2D2	KIAA1409	GDF10	PKHD1
322	1.0	KCTD17	LRRC18	RWDD4A
323	1.0	NAT8B	SMAD4	DLX1	STK11IP	GPNMB	PSG2	TM9SF2	ZBED5	TCTA	TSSK3
324	1.0	PLA2G4A	XAGE1E	XAGE1C	XAGE1D	GPR172B	XAGE1B
325	1.0	RELT	SLC12A2	STK39	OTOF	SLC12A6	SLC12A1	OXSR1	AATK
326	1.0	PLCD3	SKIL	USP25	THAP5	ZBTB3	MORC4
327	1.0	PITPNC1	AGTRAP
328	1.0	NMT2	RRM2B	GPS2	ZNF385	KIAA0087	DHCR24	TP53	CDC14C	TFAP2C	ING5	TOPORS	MT1A	CITED2	TP53INP1	CUL7	TEP1	TP63	PLAGL1	CITED4	ANKRD2	THAP8	ZNF148	GPR50	CUL9	MAGEB18	THRSP	MTBP	HIPK2	BHLHB2	KLF4	IFI16	TFAP2A	PPP1R13L	TFAP2B	PLK3	WT1	MDM2	CITED1	KCTD1	S100A2	ANXA3	TP73	CABLES2	JMY
329	1.0	COL9A3	COL6A1	COL2A1	MAG	CHAD	COL9A1
330	1.0	PARP4	TTPA	MVP	BHMT	ALDH16A1	FABP1
331	1.0	CARD6	LEPREL4	TTBK2	TCEB3CL2	GFRA2	CHKA	USP18	CFHR4	GPR113	PRDM15	HOXA3	NPAS3	SMTN	SLC5A12	GAS2L2	OR10H2	LCORL	PINK1	GPR103
332	1.0	NEIL2	EMB	MN1	NUPR1	EP300	NEDD1
333	1.0	ZNF43	SRY	ZNF208
334	1.0	UPP2	OSBP2	ARMCX2	BFSP2	TRIOBP	BFSP1	VIM	UPP1
335	1.0	EPB41L5	API5	PRKAB1	FAM98B	VMA21	ATG12	CYB5A	RNMTL1	TGM3	PDXK	UFM1	TARSL2	CYB5R3	CISD1	NUDT1	QPCTL	CCDC88A
336	1.0	INPP5E	FAM116B	NHEDC2
337	1.0	ARMC2	IGLL1	SLC6A9	IGLV3-21	SAA4	SETDB2	C11orf46	AOAH	CDH12	RFXDC2	PLEKHK1	SCAF1	TGM4
338	1.0	C20orf54	HOMER2	SBK1	PAPL	KLHDC10	INTS5
339	1.0	DPP9	C9orf95
340	1.0	GRXCR1	TBC1D20	LMLN
341	1.0	CDH5	P2RX4	P2RXL1
342	1.0	LBP	CFHR1	IRF6
343	1.0	HOXA2	HOXC13	HOXB13	MEIS1
344	1.0	ZNF193	ZNF446	ZSCAN16
345	1.0	C12orf4	GDAP2	MRPS33	C14orf50	DPEP2	CARS2	SRFBP1	PLBD2	C4orf29	MPND
346	1.0	CIITA	ZXDA	ZXDC
347	1.0	C1orf32	USP43	CHST1	SFN	ARHGAP11A
348	1.0	PDCD1	CD274	PDCD1LG2
349	1.0	RPP25	POP1	RPP21	RPP14	RPP40	POP5	POP4
350	1.0	ZBTB11	SOX13	SOX7	SMAD7	ASH1L
351	1.0	IL32	PRTN3	FPRL1	CAMP
352	1.0	C10orf82	ZNF414	HYI	TEX11	COL20A1
353	1.0	APBA1	CNTNAP3	CNTNAP3B	RP11-111G23.1
354	1.0	GDF7	BMP8B	CHRD	BMP8A	TWSG1	NOG	AMH	TLL1
355	1.0	TNFSF13B	TNFRSF17	TNFRSF13C	TNFRSF13B	TNFSF13
356	1.0	ANGPT2	ANGPT4	TEK	TIE1	ANGPT1
357	1.0	PLXNA2	KIAA1199	HACE1
358	1.0	CEP350	APTX	MAPKBP1	ZNF639
359	1.0	MAPK12	DUSP6	MAPKAPK3	DUSP7	DUSP2	DUSP9	DUSP1	MAPK13	MAPK11	PTPRR	DUSP8	DUSP3	DUSP5	MAPKAPK5	DUSP10	PTPN7	DUSP16
360	1.0	SLC6A1	ATP4B	SNPH	STX1A
361	1.0	FBLN5	SOD3	LOXL1
362	1.0	OGFR	YTHDF1	GSTK1	RPRD1A
363	1.0	MED19	MED13	MED23	MED11	FAM79A	MED8	C20orf142	MED30	MED13L	MED4	MED22	ACAD8	MED10	MED17	MED27	MED18	MED12	MED21	KANSL3	MED24	MED7	CDK8	MED26	MED15	MED28	MED14	GPR126	MED9	BARHL1	LEPRE1	MED6	MED16	MED29	MED20	CCNC	MED1	KCTD9	DHRS7B	MED25
364	1.0	AGBL2	TRMU	AGBL3
365	1.0	MAP7D2	SUMF1	TRSPAP1
366	1.0	SEC61A2	ACCN4	ACCN5
367	1.0	PSD	GMFG
368	1.0	ENPEP	ANPEP	NAALADL1	FCGBP
369	1.0	WFIKKN2	MSTN
370	1.0	IFT172	LHX3	ISL2	LHX4	ACYP2
371	1.0	HIST1H4H	HIST1H4J	HIST1H4E	HIST1H4I	HIST1H4K	HIST2H4B	HIST1H4L	HIST4H4	HIST1H4B	HIST2H4A	HIST1H4A	HIST1H4F	HIST1H4D
372	1.0	BBS7	ALDOB	BBS2	DPP3	BBS4	HSCB	TM4SF20	ACY1	PAX2
373	1.0	CYBB	NCF1	NCF4	SYTL1	NCF1C	CYBA	NOXO1	NOX1	NCF2	NCF1B
374	1.0	AGPS	GNPAT
375	1.0	TULP2	MEOX2	MEOX1	PAX1
376	1.0	ASB6	ASB12	ASB7	ASB2	RNF7	ASB1
377	1.0	EFHD1	KRT33B	TCHH	PLEKHJ1
378	1.0	PAPSS2	CDO1	VHL	CCDC82	ATE1	PKD1L3	OTUD7A
379	1.0	TFB2M	TFAM	TFB1M	POLRMT
380	1.0	HOXD3	RASSF4	HOXD8	NEUROD6	HOXD11	HMGB1
381	1.0	MUT	MMAA
382	1.0	DAZL	DZIP3	BOLL
383	1.0	EMID1	EMID2
384	1.0	RAB35	UBASH3A	KRT74	PTPRK	ALK	IRF7	MEP1B	ARHGAP9	EPHB3	MTIF2	EPHA1	PDX1	INSL6	FN3K
385	1.0	GCKR	PFKFB1	GCK
386	1.0	GLRX	ATOX1	ATP7A	ATP7B
387	1.0	IMMP1L	SETD3	COMMD10	NAGLU	IMMP2L
388	1.0	FAM113B	AP4E1	PDZRN4	FAM75A7	MYL4	PALB2	CAMTA1	SLC9A8	C12orf35	CLCA2
389	1.0	LOR	EVPL	PSORS1C2	SPRR2A	SPRR3	PI3	CSTA
390	1.0	SPINK7	MT1G	MT1H	LOC100288160
391	1.0	SPAG7	BAT5	C1orf160	PILRB	HM13	ABHD16A	GPRC5C
392	1.0	PTK6	DYRK1B	MET	SRMS	CLK1	BMX	FRK	FER	FES	DYRK2	CLK4	STYK1	TXK	KDR	FLT1	FGR	BLK	TNK1	CLK2	TESK2
393	1.0	UBP1	TFCP2L1	C18orf55
394	1.0	PEX11B	PEX11A	PEX19	PXMP4	SLC25A17
395	1.0	E2F7	E2F8
396	1.0	RFFL	C7	MMEL1
397	1.0	FRMPD1	TPMT	FMO4	THSD1	TLN1
398	1.0	A1CF	APOBEC1	APOBEC2	CUGBP2
399	1.0	CLDN19	TJP1	CLDN16	CLDN8	CLDN6
400	1.0	OBFC1	SDSL	TUBGCP4
401	1.0	TIAF1	HTRA1	SCIN	FAM55B	MYH14	TPM2	UACA	MYO3B	SPECC1	SERPINH1	GSTM1	UGDH	SMU1	C20orf160	FLII	ABLIM3	SPECC1L	CORO1B	RAI14	GMFB	NEXN	DAPK3	LUZP1	FUSIP1	GSTP1	SSBP1	SYNPO	CFL2	TAOK2	CORO1C	LRRFIP2	GSTM3
402	1.0	KCNK3	MLXIPL	FRMD6	YWHAQ	MYCBP2	FOXK1	MLK4	SLC4A7	DOCK4	UCP2	EML3	FAM82C	SAMD4B	FAM83G	SUV420H1	UCP3	TESK1	SON	MICALL1	REM1	HECTD1	YWHAB	KCNK15	SPIRE1	COX7A1	KCNK9	PFTK1
403	1.0	SLAIN2	TBXAS1	ZC3H13	IL4I1	ATL3	C12orf51	PGLYRP1	YWHAZ
404	1.0	CD4	MARCH4	HLA-DQB2
405	1.0	PER2	ARNTL	CRY1	CLOCK	CRY2	FBXL3	ARNTL2	PER1	PER3	TIMELESS
406	1.0	PLA2R1	MAPK1	HAL	SIPA1L2	MAPK3	BLVRA	GRAMD3	PLA2G2D	PLA2G2E	HNF4G	RHBDF2	PLA2G10	PLA2G12A	PLA2G5	PLA2G2F	PLA2G3
407	1.0	JMJD1B	L1TD1	ZNF512B	FAM129B
408	1.0	CPAMD8	ADCYAP1	VIPR1	SCTR	VIPR2	VIP	SCT
409	1.0	KRTAP9-3	CDC20	KRT32	KRTAP19-2	FBXO43	KRTAP9-8	KRT33A	KRTAP19-5	KRTAP9-2
410	1.0	WNT4	NOTUM	WNT1	C6orf94	MOSPD2	GPC3	ROR1	ROR2	WNT16	WNT5B
411	1.0	C19orf6	ARSE
412	1.0	C1orf149	ACTR5	CCDC95	EPC2	INO80D	C20orf20	GATS	EPC1	EAF1	MORF4L2	ZNHIT1	HHAT	BRD8	PLSCR4
413	1.0	DPYSL3	DPYSL5	DPYS
414	1.0	VPS13B	SERGEF	USP34	ANKFN1	EXOC2	PDE8B
415	1.0	PKP3	DSG3	DSC1	DSG2	DSC3	DSC2	DSG1
416	1.0	SLC4A2	MYLPF	MYBL1	GOLGA4	LIN54	LIN52	HSBP1	LIN9	PDAP1	LIN37	TFDP2	E2F5
417	1.0	TFG	FAM123A	CHST14	RNF135
418	1.0	TMEM9	C20orf30
419	1.0	UBE3A	BPY2C	BPY2B
420	1.0	STCH	ZG16	HRASLS3	CSTF2T	GKAP1	SMCR7	GABRD	FAM127A	NBL1	TFF1	SERPINI2	UBQLN1	GKN2	TMCO6	FAM127B
421	1.0	PPAP2C	VGF	RASAL1	PPAP2A	PRUNE2
422	1.0	GNE	MRPS12	STARD3	SFXN3	MRPL12	SEPT9	TMEM51	TMEM62	THNSL2	COQ3	PRDX5	CTH	ERAL1	COQ7	ZNF287	FAM120A	SPATA5	LCAT	AIFM3	MRPS5	MPI	CLPP	MRPS2	MRPS9	COQ6	HECTD2	PAPD5	ADHFE1	MBD5	AKR1A1	MRPS16	HIBCH	LARP7	SOAT1	KIAA1549	DRG1	CARKD	TNFRSF10C	YRDC	FAM101B	CADPS
423	1.0	FOXP2	FOXP1	FOXP4	NFATC2	EGR4
424	1.0	HAMP	NRSN2	SLC40A1	B3GNT4	DEXI	GOLM1	ZFAND3
425	1.0	F9	MMP15	GGCX	PROCR	PROC	SERPINC1	THBD	F5	SERPINB6
426	1.0	YAF2	PCGF5	FBXL10	PCGF1	PCGF6	THOC6	NPTXR	PCGF2	E2F6	PCGF3	ZBTB33
427	1.0	PHKA1	PHKA2	PHKB	PHKG2	CALML3	TSPAN33	GYS2	TBC1D9	PPP1R3B	PYGB	PPP1R3A	PPP1R3C	PHKG1	PPP1R3D
428	1.0	EDG7	P2RY12	GNAI2
429	1.0	FGD2	ARMC8	C14orf102	RNPS1	RBM25
430	1.0	AP4S1	AP4M1	CACNG3
431	1.0	KCNN1	HMGN3	PRG4	SLCO2A1	ZNF32	DENND1C	C21orf63	SPRYD4	KCNH7	FOXJ1	EXTL1	ZNF311	PANX2	LY6D	ZKSCAN3	GRB2
432	1.0	IFI35	HHLA3	NMI	HDDC3
433	1.0	NR5A1	TBX19	ZNF653
434	1.0	RAB31	MORN2	KBTBD4	B3GNTL1	IDUA	CRABP1	MPP3
435	1.0	MARK3	ANKRD7	NOL11
436	1.0	TGFB3	LEFTY1	FMOD	TGFB2	TGFB1	VASN	LTBP3
437	1.0	DISC1	C6orf182	GNPTAB	CCDC141	CCDC24	PPM1E	MPPED1	OLFM1
438	1.0	KCNJ11	ABCC8	KCNJ8
439	1.0	OSTC	EFR3A	OR4C12	SFXN4	TSC22D1
440	1.0	CRCT1	DYNLL2	STMN2	CSRP2BP	ORMDL3	C11orf79	CRADD	CA1	MASTL	EEF1AL3	CSRP2	DYNC1I2	MYO5A	MLLT3	GUSBP9	DYNLL1	BCAS1	HBXIP	MAD2L1BP	PLOD2	PAEP	NKX1-2	STOX1	MBD6	MRPL42	KPTN	PTPRCAP	SLC25A29	CHD6	PSG9	SCOC	PKIG	RSRC1	PKIA	DUSP12	MAGED2	RNF10	GUSBL1	MYL6B	C9orf6	DNAL4	DPCD	TMPRSS3	EEF1A1	NKX3-2	PAPSS1	PON2
441	1.0	ABCC2	SLC22A9	SLC22A5	SLC17A1	SLC22A11	SLC22A4	SLCO1A2	CLCN3
442	1.0	DBNDD2	CPNE7	CALCOCO2
443	1.0	RFWD3	C9orf151
444	1.0	STAT3	STAT2	PDLIM2	RNF31	MAGEA12	STAT5B	ZNF467	RBCK1	C1orf109	CISH	STAT6	IRF9	STAT4	STAT5A
445	1.0	NELFE	NDRG2	CCNT2	WHSC2	NELFB	CTDP1	CCNT1	TCEB3	RDBP	SUPT4H1	ELL
446	1.0	LRRC6	ZMYND10	ZNF580	TSC22D4	DEGS2	MTHFS
447	1.0	MRAS	RRAS	RASGRP3	FAM118B	RASGRP4	RASGRP1	TMEM37	RASGRP2	RRAS2	RASA2	RASGRF2	RASIP1
448	1.0	PTS	FNDC5	IYD
449	1.0	CD53	CD9	NKX2-4	CD81	CD151	PTGFRN	CD46	CD63	CD82	TSPAN4	IGSF8
450	1.0	TRIM39	TRIM17	UBTD1
451	1.0	GTF2E1	GTF2E2	LYZL1	TAF10	TAF11	TAF4B	GTF2A2	GTF2A1	TAF4	SP8	LYZL2	TAF13
452	1.0	PSRC1	LRRC3	PLAGL2	NCK1	URB1
453	1.0	KCTD3	DGKG	STXBP5	INA	BACH2	CSN2	DGKH	CPNE8	DHRS2	ZYX	DPY30	PLA1A	ACACA	CD3EAP	DNAH3	KTN1	PTCH2	STK38L	USP24	RGS3	AKR1B10	CALD1
454	1.0	KIAA1731	COLEC12	EXOC1
455	1.0	WFDC2	HSPBAP1	PTN	DFNA5	SLC25A36
456	1.0	BCAM	LAMC3	LAMC1	ITGA7	ITGA2	LGALS8	ITGA3	LAMB2	LAMA2	LAMB1	ITGA1	LAMA5	LAMA1	ITGA6
457	1.0	CACNA1S	CACNA2D1	CACNA1F	CACNA1C	CACNG4	CABP4	CACNA1E	CACNA1B	CACNA1D
458	1.0	PRDM1	SLC47A1	GRAMD1B	SLC13A1	DUSP21	LHX8	TCP11L2	SMAP1	SLC13A4	ZNF501	PRDM16	PDPK2	HMX3	GRTP1	PNPLA7	SLC36A1	TREH
459	1.0	EFNA1	EFNA5	TNFAIP1	EPHA8	EFNA2	EPHA5	EFNA4	EPHA2	EPHA7	EFNA3	EPHA6	EPHA4
460	1.0	CTSS	SERPINB4	CST5	SERPINB3
461	1.0	PCDHA3	PCDHA5	PCDHA2	PCDHA12	PCDHA8	PCDHA11	CRK	PCDHA9	PCDHA1
462	1.0	TMCO7	TBC1D15	PTP4A3	TMEM41B	UBE4A	ATP1B3	ATP1A4	KIAA0406	ZNF294
463	1.0	ENDOV	FLJ35220	PRPSAP2
464	1.0	F11	GP5	GP1BB	VWF	GP1BA	GP9
465	1.0	MPP4	MPP5	CRB3
466	1.0	C6orf48	KCNMB1	WFS1	CAPNS1	C8orf55	XPNPEP3	CLINT1	WSB1	SNORD52	TJP3	CLTCL1	GRN	ADCY8	PSAP	CLCA1	SLC11A2	RYK
467	1.0	ESAM	SELPLG	TPST1
468	1.0	C4orf20	CAPN1	SH3BGR	GPT
469	1.0	FAM77C	LMO6	VANGL2	PRICKLE1	VANGL1	PRICKLE2	INTU	CELSR1	KIAA0241
470	1.0	LMX1A	LMO4	CBFA2T3	CBFA2T2	ELF2	CBFB	LYL1	IL1F5	LDB2	RNF12	RUNX1T1	LMO2	TAL2	LDB1	SSBP3	LMO1	GATA3	ZNF652	TAL1	LHX2
471	1.0	KIAA1279	RGR	DPEP1	PLEKHF1	ZNF670
472	1.0	GRIN2B	MYH11	CAMK2A	ITPKA	L1CAM	ATP2B4	FGD4	C21orf66	SYNGR1	CDH2	AKAP9	GRIN2D	PLCB1	CACNG2	PTPN5	GRIN1	GRIK2	CDH4	GAP43	PPP5C	MAP2K3	ARC	DUSP4	C10orf38	RAP2A	GRIN2A	GRM1
473	1.0	C11orf61	CLDN12	STRN4
474	1.0	PRRX1	BACH1	MAFK	FOSL1	MAFG	NFE2L3	MAFF	MAF	TECPR1	NFE2L1	FOSB	HOXD12	NFE2L2	NFE2	MAFB	JUNB
475	1.0	DDIT3	DBP	BATF3	FOSL2	C10orf119	C14orf80	CEBPD	TEF	CEBPG	HLF	BATF
476	1.0	SOX3	PAX6	TMEM68	SNRNP27	RAX	C19orf61
477	1.0	TINF2	PEPD	H2AFB3	JMJD2A	HIST1H2BA	JMJD2B	PHF20L1	UHRF1	POT1	L3MBTL	SFMBT1	ACD	PHF20	PADI4	TERF2IP	TERF2	PAPD4	DNTTIP2	HIST2H2AC	ASF1A	SETD8	HIST1H2AA	RFX2
478	1.0	SGTB	TMEM203	C9orf23	MPP7	C16orf52	ATAD1
479	1.0	MARCH6	REG1B	BAT3
480	1.0	C10orf58	THUMPD1	INMT	TDO2	KLHL8	ASMTL	WDR55	BCMO1	ARRDC2	KIRREL2
481	1.0	MT-ATP8	ATP5D	ATP5F1	ATP5G1	MT-ATP6	ATP5L	ATP5E	ATP5J	ATP5I	ATP5H
482	1.0	ZNF510	ZNF251	MAST4	SMAD1	RAB30
483	1.0	PIGX	C7orf24	TMEM115	TPBG	PIGM	DAGLA	C6orf106	GIPC1
484	1.0	NXPH3	BAZ2A	AFF2	CAST	CELSR2	SNX17	SNX12	RPP38	CENTB1	PALM2	PANX1	SLC23A1	EFS	APOL5	ID4	RHOU	MEPE	SRCIN1	SH3BP1	SNX8	DOCK3	PRX	PAX7	EXTL3	P2RX7	RIN3	SNX7	P4HA3	AKAP6	F2RL2	PDIA2	GLTSCR1	TGOLN2	RAG1	TPX2	DUSP15	MYRIP	ASB16	PHACTR2	CNGA1	ISG20L2
485	1.0	CARD18	CARD16	CARD8
486	1.0	IGSF1	RANBP10	THSD7B
487	1.0	SIRPA	RGS14	FGGY	ICAM5	MKNK2	PPP1R12C	SLC26A6	SLC7A1	ITM2B	CLDN11	AK1	IFT140	CSF1	MYO1G
488	1.0	LRRC4	EIF2C3	TNRC6B	SLC7A9	OTOP2
489	1.0	ZIC1	CHD7	TBX20	C20orf23	GLI2
490	1.0	PNMA1	LENG1	PNMAL1	PNMA6B	PNMA6A
491	1.0	CD79A	ZDHHC18	DOK3	PTPRC	PAG1	SLA	PTPN22	FCRL3	LIME1	CD2	LAT	NFAM1	SIT1	TRAT1	SH2B3	LAX1	SKAP1	ZAP70	CD72	SEMA4D	LCP2	MS4A1	SH3BP2	CD5	CD79B	LCK	CD247	CD38
492	1.0	LGALS9B	UNC93A	LGALS9	SUNC1	LGALS9C	MTMR15	SPTBN5
493	1.0	QPCT	TMEM242	C6orf35
494	1.0	MMP1	HAPLN1	ADAMTS5	BCAN	MMP7	MMP10	MMP3	MMP8	TFPI	MMP13
495	1.0	STX12	ALPPL2	METTL9	VAMP4	NIT2	STX10	C9orf7	MCTP1	D4S234E
496	1.0	GABARAPL2	HBG1	DNAH7	IRGQ	BCL2L13
497	1.0	NAV1	KIAA0556	TBC1D4
498	1.0	TM7SF2	ARID3B	GPRIN1	PXN	CCDC80
499	1.0	NGB	PCP2	GNAI1	ATP1B2	SCN8A	GPR1	EDG8	FFAR2	GNAO1	HRH4	KLHL3	GPR143	FFAR3
500	1.0	MFNG	JAG1	DTX3	NOTCH3	DLL4	RBPJL	DLL3	LFNG	NOTCH2
501	1.0	MRE11A	C6orf26	DCLRE1C	PIF1	MDC1	RMI1	RFC1	CHEK2	USP32	RAD50	BLM	POLL	RAD18	DCLRE1A	XRCC3	FEN1	MSH6	ATRIP	EXO1	TOP3A	MSH2	REV3L	MSH4	C6ORF26	NBN	HLTF	RECQL	CCDC64	ATMIN	RAD52	MSH5	WRN	FANCM	TDP1	ATR	RAD54L	OGG1	ATM
502	1.0	TPPP	HIST1H1T	GSK3B	CABYR	RGS22
503	1.0	ZNF579	CRX	M1AP	NRL
504	1.0	EHF	NLRC3	ELF3	KRTAP11-1
505	1.0	SMAD3	ZNF329	ZDHHC4	KLHL9	ST6GALNAC2
506	1.0	PLXNB3	SPOCK2	BTBD3
507	1.0	METT5D1	TUBA4B	C21orf7	MAP3K10	DUSP22	ZFAND5	TUBB	TRIB1	HSPA1L	MAPK8	CBWD2	MAP2K1IP1	MAP3K3	TNFAIP3	MAP3K7IP2	AIFM1	HSPA2	MAP3K13	RCBTB1	GSTA3	ERLIN1	UBL4A	SLC1A3	RIPK2	CARD11	RIPK1	MAPK8IP1	CDC37	CAD	HEATR6	TRPC4AP	TRADD	HSPA9	MAPK8IP3	MAP3K5	HPCA	TNFRSF21	MALT1	C9orf58	MAP3K6	IL17RD	TNFRSF1A	MAP3K1	MAP3K12	MAPK8IP2	SLC25A5	BAG2	CASP12	HSPA1A	MAP3K14	FKBP7	RPL10L	HSPA5	DUSP19	PELI3	IKBKB	HSPA6	TUBB6	EEF1A2	RPS27L	PPM1L	DNAJA1	IGHG3	TUBB4	MAPK9	RCN2	HSPA1B	KSR2	TUBBP2	TXLNA	GBP3	TUBA3D	MAP3K7IP1	COL11A2	TRAF3IP2	C14orf100	TUBA3C	MAP3K7IP3	MAP3K7	CYLD	IKBKG	MAVS	MAPK10	SPAG9	TRIM38	TRAF1	MAP4K4	MAP2K7	GLO1	TNFRSF1B	PFKL	MAP2K4	MAP2K1	TRAF7	RARS	RIPK3	LAMTOR2
508	1.0	FRMD4B	PSCD3
509	1.0	EBF3	EBF2	SERHL2	PHRF1	IHPK3	MICAL2	C3orf23	XXbac-B461K10.4	TDRD6	BAZ2B	OPLAH
510	1.0	MMP11	ELA1	KLK13	MMP26	KLK5	SERPINA1	DERL3
511	1.0	TMEM67	DDX24	C9orf9	MKS1	PTPN23	TMEM9B
512	1.0	SEMG1	KLK1	KLK2	SEMG2	SERPINA4	RARRES3	TGM1
513	1.0	NXF5	CCDC104	NXF1
514	1.0	CXorf27	GAPDHS	FICD	F8A1	MAGEA3	HD	F8A3
515	1.0	TRPC3	ORAI1	TRPC7	TRPC5	TRPC2	TRPC4	TRPM2	ITPR2	TRPC6	MX1	TRPC1
516	1.0	GALNT5	NDST1	EXT2
517	1.0	FABP7	FAM20A	DYNLT1	SCRN3	FAM20C	BHLHB5
518	1.0	INTS4	KIAA0513
519	1.0	SEL1L3	C14orf147	TUBB3	LAPTM4A	MRPL28	KIAA1543	RILPL2
520	1.0	HIST1H3J	HIST1H3E	HIST1H3A	HIST1H3C	HIST1H3D	HIST2H3A	BRDT	H3F3AP6	HIST1H3B	HIST1H3H
521	1.0	SFT2D2	SIAH1	SFT2D1
522	1.0	ZNF227	CDKN2A	CDKN2AIP	PLEKHA8
523	1.0	IGFBP2	IGFBP5	IGFBP3	IGFALS	IGF2	IGFBP1	TFR2	IGFBP4	IGF1	IGFBP6	TF
524	1.0	CD28	MARCH8	LRRC23	CD80	CD86
525	1.0	MAGT1	ALG10B	ATP2C1	ALG12	PERLD1	ALG6	POMT1	ALG8	PIGF	ERN2	STT3B	PIGG	POMT2	ALG5	ALG10	CWH43	CYB5R1	ALG9
526	1.0	DUOX2	TXNDC11	DUOX1
527	1.0	COMMD6	COMMD1	COMMD4	COMMD7	COMMD3	COMMD5	COMMD8
528	1.0	TRIM16	C11orf1	SLC38A3	SETDB1	DAP
529	1.0	C4BPB	PROS1
530	1.0	ZC3HAV1	LRCH4	IFIT3	SAP25	AYTL2	CA8	TTLL12	IFIT1	IFIT2
531	1.0	LTF	ITLN1
532	1.0	FAM49A	GLRA3	NDRG3
533	1.0	CCDC7	CIAO1	GAS8	MRPL24	SLFN11	NARFL	FAM96A
534	1.0	ABCC4	NF2	C20orf59	SGSM3	RUNDC2A	SCHIP1
535	1.0	PDPN	TRPV2	ADCYAP1R1	PPEF2	CALM3	OBSCN	GLP2R	CCP110	PTH2R	STYX	TRPV1	PHYH	CALM2	GRK4	KCNQ4	GLP1R	ASPM	TOM1L1	LRRIQ2	PPEF1	CALM1	EMP3	IQCB1	KCNN2	ACSL6	ARPP21	KCNQ2	CARHSP1	ACE2	KCNQ3	KCNQ5	KIAA1683
536	1.0	ZNF217	ZNF516	RCOR1	ZMYM2	AOF2	ZMYM3	HMG20B	KIAA0182	PHF21A	HTR4
537	1.0	MRPS35	B9D1	MTMR2	DNAJC12	FAM91A1	PAH	GPAM
538	1.0	NETO2	KLHL18	TMEM134	FLCN	INPP1	MRPL32
539	1.0	ABR	LRBA	GPX1	C20orf46	PCDHA7	SHE	SLC22A3	DNASE1L2	DKKL1	ZDHHC16	SHD	LTBP2	KIFC2	GSX2	OGN	ABL1
540	1.0	SAV1	SLC7A2	SLC7A3
541	1.0	VPS54	RCBTB2	COPS4	DOT1L
542	1.0	C1orf168	SLC25A24	FDFT1	FAM101A
543	1.0	DVL1	NKD1	FRAT2	DVL2	FAM105B	CCDC88C	CXXC4	FRAT1	NKD2
544	1.0	FAM203A	TRIT1	C8orf30A	C17orf61	APOM	FAM45A
545	1.0	TNKS	TNKS1BP1	TNKS2	LNPEP
546	1.0	VARS2	SSRP1	MNAT1	ERCC3	ERCC8	CDK7	GTF2H2	TCEA1P2	GTF2H5	ERCC2	GTF2H2C	GTF2H1	CCNH	SUPT5H	CDK9	ZMYM6	GTF2H4	GTF2H3	SUPT16H
547	1.0	PLOD1	SRD5A1	GYPC	SLC12A3
548	1.0	HSP90AB1	ALLC	MRS2L	ENPP5	OMA1	IAH1	SLC25A32	METTL10	ABHD6	MSRB2	SLC16A9	CYB5R4	COX10	NAPEPLD	HDHD1A
549	1.0	TSPYL1	ZNF33B	ZNF20	HAP1	ZNF691
550	1.0	ATP6AP1	HBE1	HBA1	HBA2	HBD	ERAF	HBG2	LOC100133398
551	1.0	PRKACA	SI	PLIN	C11orf17	CETN1
552	1.0	DBNL	CYP4F8	NEURL4
553	1.0	SUOX	PLEKHG3	TNFRSF11A
554	1.0	KIRREL3	NPHS2
555	1.0	SLC30A4	C16orf5	RYR3	RYR1	CCDC56	HINT2
556	1.0	PLXNC1	DRD4	NPVF	TULP1	CSMD2	TSKS	FYN	SLC24A1	GPR63	BRPF3	GNS	CDKL5	NCKAP5	SEPN1	ASXL1	TDRD1	GPR45	SEMA7A	NEK8	GSTZ1	SCARF2	FAM110A
557	1.0	GAS2L1	GABRA5	RDX	KIAA0100
558	1.0	LGALS7B	MRPL9	CA12	LGALS7
559	1.0	CHP2	SLC9A4	STK17B	CHP1	SLC9A3	SLC9A5
560	1.0	FBXL11	EIF2AK3	EDG4	HNF1A	SMO	BCL6B	TRAF3IP3	PARP12	EHMT1	ATF7	KMT2B	CYP1B1	SENP7	CACNA1A	E2F3	SPTLC2	TNFSF8	DGCR8	ELF1	SLC27A5	EBF1	WNK4	RAB23	GRLF1	TNFRSF8	ZMYND8	EPHB6	TRIB3	RNASEN	SAE1	ARNT2	SPEN	YY1	NKRF	BCL6
561	1.0	TIMP4	MMP14	SPOCK1	MMP17	LCN2	TIMP3	MMP2	MMP25
562	1.0	PPM1J	NUDCD3	C18orf25	UBE2I
563	1.0	SLC2A13	ANKRD34	YIF1B	IER3IP1	YIF1A	YIPF5
564	1.0	PTP4A2	CNNM4
565	1.0	OXCT1	N6AMT2	PRKAR1B
566	1.0	MFSD3	C8orf48	WDR42A	C6orf165	SFI1	C18orf45	FASTK	KIAA1984	ZNF440	ZNF101	ATXN7L2	DHRS1	ZBTB24	THEG	PTCHD2	CPSF3L	PGLS	SLC35A2	KIAA0415	METT11D1	AASDHPPT	ZNF646
567	1.0	RAD51AP1	RAD51	C1orf59	ZZZ3
568	1.0	TSPAN11	DYNC2LI1
569	1.0	VPS37C	TSG101	VPS37A	VPS37D	VPS37B	VPS28	GLCCI1	CEP55
570	1.0	DGCR2	TMEM139	HDGFRP3	SMURF2	CUEDC1
571	1.0	MYOCD	SPIN1	SAG	STK38	HIST2H2AB	SPIN2B	LRP11	CLNS1A	CPNE1	SPIN3	ARHGAP21	KCNAB1	TWISTNB	HIST1H1A	SERBP1	TUBA1C	ZRANB2	NOLA3	PABPC3	ACTBL2	H1FX	BOLA2B	CSDA	C11orf84	DGKE	NKTR	PFKFB3	HDGFRP2	LBR	CLIC1	POTEKP	RAB11FIP5	TRPV4	TUBA8	WDR26	HIST1H1C	C17orf79	SCYL2	TCOF1	NSUN2	SRPK2	SDHA
572	1.0	C11orf83	SAMHD1	PHLDA3	MRPS10	TK2
573	1.0	ADCY3	ADCY6	ADCY1	HTR1F	ADCY2	BST1	CAV1	ADCY5	STOML3
574	1.0	HSD3B1	HSD3B2	LIPE
575	1.0	SLC4A1	ANK1	SLC4A3	GYPB	RHAG	CA4
576	1.0	BCL9L	FSCN2	CDH8	CDH16	CTNNB1
577	1.0	SDK1	PSG7	PRPF40A	FMNL3	ZNF341	FMNL2
578	1.0	SLC16A7	BSG	PPIL2	SLC16A3
579	1.0	VPS13D	FAIM2	CASP8	BFAR	FADD	IFT57	FASLG	BID	CFLAR	CASP10	MADD	TNFAIP8L2	CASP8AP2	DEDD	DEDD2	ARID4B	TNFRSF10A	MSN	UBE1L	TNFRSF10B	TNFSF10	NOL3	FAS	EDA2R	NUCB2
580	1.0	MRPL37	COG7	COG5	COG1	COG2	COG4
581	1.0	MRFAP1L1	UNC84A	TSNAXIP1	TSNAX
582	1.0	CCR2	CCL2	CCRL1	CCL7	CCL8	CCL11	CCL13	CXCR3	CCBP2
583	1.0	TRAF6	TMEM109	C13orf33	DUPD1	OR10J1	TRAFD1	C11orf53	BRI3BP
584	1.0	GTPBP2	FAM50A	AGPAT9
585	1.0	PEA15	C14orf124	C6orf199	PANK4
586	1.0	NKX2-5	CAMTA2	TBX5
587	1.0	GLIS3	TMTC2	SUFU
588	1.0	HOXA13	MEIS3
589	1.0	FGF14	FGF21	FGF3	FGF18	FGF8	FGF7	FGF17	FGF11	FGF5	FGF13	FGF22	FGF6	FGF12	FGF10	FGF19	PHEX	FGFR4	FGF4	FGF23	FGF9
590	1.0	RNF208	EXD3	DAZAP2	ZFAND2B	BATF2	ZFAND2A
591	1.0	SMUG1	PHF1	STRBP	ZC3H10	FAM103A1	FLJ46365	FKHL18	C2orf51	NEU4	RBM24	C12orf12	RBPMS	PDLIM4	C9orf100
592	1.0	ODF2L	PIPOX	PHF23	PRSS23	PDDC1	PPIAP29	NCAPD3	NIPBL	KIAA0892
593	1.0	DDI1	USP40	BAG1	BAG4	VPS26B	DDB2	MIB1	ZNF322A	STIP1	ERCC4	WDR22	STUB1	GPR37	HSF1	PGBD3	HSPA4	WDR16	UBL7	UNC5B	EIF2AK2	XPA	TRIAP1	KIAA0692	SORT1	ERCC1	TOMM70A	DYX1C1	SORCS2	RNPEP	ERCC5	DDX19A	DDB1	GRPEL2	RPA2	RPA3	TNFRSF25	DNAJB11	JTB	FANCC	ZFYVE9	CETN2	PXMP2	SLC5A1	BAG3	AICDA	TSSK6	DAPK1	TIPIN	UBE2Q1	RPA1	WDR6	SOX9	XPC	HSPA14	NQO1	HSPBP1	KIAA1161	RAD23B	DNAJC3	C9orf61	MPP1
594	1.0	C10orf78	ZNF490	DTNBP1
595	1.0	PHC2	TMEM70	BSDC1
596	1.0	LACRT	NID1	NID2	FBLN1	SPAG1	FBLN2	PLXDC1	COL13A1	PRELP	HSPG2	WHSC1
597	1.0	BRWD2	PJA2	VPRBP	AMFR	UBXD7	KLHL13	BRWD1	BRWD3	UBR4	KLHL22	KBTBD7
598	1.0	THAP2	ZFP2	PTPN12
599	1.0	SLC16A13	TBC1D25	PHTF2
600	1.0	NAPA	SLC27A1	CYBRD1	ALDH3B1
601	1.0	CIR1	GPATCH1	C11orf31
602	1.0	LARP5	KLHDC9	CCNA1	PROCA1
603	1.0	MTR	ATP6V0A4	CACNB1	PFKM	GLRB	GPHN	CLIP2	CS	ZNF354A	GRIN3A	CA2	DNM3	ARHGEF9	GLUDP5
604	1.0	UXS1	CMC4	TCL1B	DLC1	MTCP1	TCL1A	AKT1	AKT2	TCL6	THEM4
605	1.0	NEDD4	BEAN1	NDFIP1
606	1.0	BAAT	SLC7A10	SLC7A7	SLC3A2	SLC7A11
607	1.0	UGT1A9	B3GALT1
608	1.0	PIK3CD	PIK3R2	PIK3CG	ERAS	PIK3R4	PIK3R3	PIK3CA	PIK3R5	C17orf38	PIK3CB	SEC14L2
609	1.0	CARS	TMEM223	EEF1G	EID2B	OGFOD2	CENTA2
610	1.0	ZCCHC10	UCHL5IP	ATPBD1C	ACIN1	CDC2L6	C3orf26	DDX31	NOL8	TREX2	LUC7L3	DDX50	TMLHE	DNALI1	CHD9	ELL2	PNN	ZBTB9	PPIG
611	1.0	GRSF1	MAP7D3	ROD1	XIRP2	C6orf108	FTSJ1
612	1.0	PLEKHA2	PLEKHA1	MPDZ
613	1.0	MRPL4	MRPL36	MRPL11	MRPL17	MRPL23	MRPL3	MRPL13	LASS5	MRPL15	MRPL34	MRPL27	MRPL46	MRM1
614	1.0	FCER1G	CLEC4C
615	1.0	CAPN5	PTK2	CAPN11
616	1.0	ODF1	SPAG4
617	1.0	CINP	BEX2	CLUAP1	NOL4	SPRYD5	SH2D4A	TCF25	ARHGAP29	PRKRIP1	TRMT1	NSUN4	C20orf72	ENOX2	CCDC14	PNKD	MXD3	SNX20	C1orf107
618	1.0	PRKCZ	SLC39A2	GABRR3
619	1.0	UNC119	CYB561D2	RUFY3	SRD5A3	CHST6
620	1.0	VPS33B	SNTB2	DMD	SNTA1	KCNJ12	C14orf133	SCN4A	SNTB1	SNTG1	ABCA1	SNTG2	PGM5P1	MAST1	PDLIM3
621	1.0	PIGT	PIGS	HPGD	PIGU	PIGK	GPAA1
622	1.0	ZNF410	MYO3A	GRINL1B	HIGD1B
623	1.0	PCYT1B	TSPAN8	SPRR1A	DNASE1	PHACTR1	ACTA1	EPS8L3	GAS2	AIF1	CES2	CCIN
624	1.0	CHST12	UGCGL1	WISP1	SUSD2	SEP15
625	1.0	H2AFX	HIST1H2AD	HIST1H2AC	HIST1H2AK	HIST2H2AA4	HIST1H2AM	HIST1H2AI	HIST3H2A	HIST1H2AH	HIST1H2AG	HIST1H2AE
626	1.0	HADHA	THEM2	SDHB	TIAL1	DECR1	CKM	HIST1H1D	HNRPDL	HNRPAB	TMOD1	CHCHD3	CRIP2	CSRP3	MYOZ2	PCDH12	TMSB10	TNNC1
627	1.0	IL16	KCNJ15	KCND1	ITPKC	KCNJ16	KCNJ10
628	1.0	PRIM1	PRIM2	PRPF38A	STK40	POLD2	POLA1	HELB	POLD3	POLD4	PLCL1	DHX34	POLA2	DNA2L
629	1.0	ZBTB16	FCHO1	CCDC109B	LMTK3
630	1.0	STX6	ENTPD2	STX7	VTI1B	STX8
631	1.0	TAF9BP2	UHRF2	ING2	TAF8	TAF9B	JARID1A	BPTF	TBPL2	TAF7	TAF3	PCNP
632	1.0	SCNN1G	SCNN1A	SCNN1D	SCNN1B
633	1.0	RAB11FIP2	PKP2	KLC1	BAI2	SAMD12	RABEP1	STARD13	EIF4E2	TSC2	CGN	MRPL52	BBX	TRIM58	KIF5B	RASSF8	PDZD11	KLC2	HDAC7A	CDHR2	MAST2	KIF23	VAMP8	YPEL2	HUNK	ESPN	USP8	KIF1B	TRIM26	KSR1	BAIAP2	FOXO3	TP53BP2	RAB33B	FRMD4A	NADK	KIF5A	CROCC
634	1.0	C1QTNF1	GPX7	CANT1	SGTA	GLT25D2	IGLC1	SPPL2A
635	1.0	ZNF350	ZMYM5	CASP3	PDE5A	PSG3	THSD7A	PPL	ZCCHC8	PARG	CEP57	C17orf28	BRCA1	EPHX1	SATB2	BAP1	RHBDL3	NR6A1	WNK3	BRCC3	SRP72	RBBP8	ZZEF1	TTC7B	CCDC98	CTCFL	TRAK1	SRP68	MTO1	UIMC1	C1orf123
636	1.0	KCND2	FAM120B	KCNIP2	KCND3	KCNIP4
637	1.0	ATG3	ATG4B	C14orf139	GABARAP	MAP1LC3B	WDFY3	ATG10	ATG4A	GABARAPL3	ATG7
638	1.0	PICK1	SDCBP	GRIA2	SOX4	GRIA3	GRIK1	GRIK4	EFNB2	GRIA1	FRAS1	GRID2	PRLHR	GRIP2	CSPG4	SLC6A5	GRIK5	GRIP1	PRLH	SLC6A2	EFNB3	GRIK3	GRIA4	RHBDL2	GRIPAP1
639	1.0	TLR7	IRAK4	TLR1	FUT7	TLR8	TIRAP	TLR6	TLR10	PELI1	TLR5	MYD88	LY96
640	1.0	C20orf52	MPV17	UBE2G2
641	1.0	ANKRD27	RAB34	TOB1	SOX5	FBXL12	TGFBRAP1	PREB	ACVR1C	FBXO30	RAB2B	RAB38	PARD3B	NUAK2	FOXH1	ZBTB44	TRIM35	RASD2	ZEB1	HOXD13	EID2	ZNF8	INPP4A	ZNF423
642	1.0	RPE	EXOSC10	USP21	HIATL1
643	1.0	HEXDC	C10orf4	GDPD2	ADPRHL2	C21orf33	LPPR4
644	1.0	BCL2	VRK2	TP53AIP1	CPT1A
645	1.0	PECR	ISL1	PDCD2L	FUT6
646	1.0	JMJD1C	NR2F1	PRMT2	TRIP4	NPAS2	WRB	NR1H4	THRB	RXRG	RARG	RXRB	NR1H3	PPARG	NCOA4	NR2F6	PPARGC1A	RORB	NR1I3	PNRC1	POU1F1	NSD1	NRBF2	NR0B2	NRIP1	NCOA6	TGS1	ESRRB	ESRRA	NCOA1	NR4A1	ESRRG	RARB	ABCC9	NCOA2	NCOA3	THRA	RARA	RXRA	PPARA	VDR	TRIM24	NR1I2	ZNF335	PNRC2	HNF4A	STAC3	NR1H2	PPARGC1B
647	1.0	C6orf105	ACADM
648	1.0	INSRR	INSR	ENPP1
649	1.0	USO1	MOSC1	ETNK1	MRPL47	FAH
650	1.0	SNAPAP	BLOC1S3	PRMT7	BLOC1S1	EBAG9	BLOC1S2	PLDN	TXNDC5	CNO
651	1.0	LPP	C2orf28
652	1.0	DLG1	GPR124	GPR125	TJAP1
653	1.0	YY1AP1	FAM193B	GON4L	ZHX3	FAT4	C11orf41	SFRS16	QRICH1	TMEM159	HECA	SYBU	ZNF276	PUM1	ZC3H7B	GPATCH8	TTC19	SIX5	WNK2	UNK	GCA	ZHX2	C2orf3	GMEB2	R3HDM2	HSFX1	PLEKHA5
654	1.0	DIP2C	CD320	RB1	ARID4A	VSX2	E2F1	MYBL2	CREG1	TFDP1	USP4	BNC2	ARID3A	RNF144A	NDNL2	CCNE2	SP2	E2F4	TAGAP	SERTAD2	RBL1	RBBP9	ENC1	EAPP	E2F2	SPIB	PKIB
655	1.0	DHRS4	PPP2R5B	JMJD1A	FTCD	EEFSEC
656	1.0	PLEKHG4	KAZN	CCDC159	COIL	FAM115A	PRMT8	PREPL
657	1.0	PGA4	SPRY2	SERINC1	METAP1D
658	1.0	LHX1	FOXA2	DMBX1	EN2	OTX2	T
659	1.0	MST1	MSTP9
660	1.0	JAK2	LEPROT	ERAP1	CBLB	JAKMIP1	NUSAP1	IRF3	TYK2	JAK3	GH1	JAK1	C12orf23	TRIM8	NEK3	SOCS1
661	1.0	DUSP13	C21orf91	C1orf111	CCDC85B	KIAA1539	CCDC11	SCNM1	FAM50B	CCDC67	C10orf18
662	1.0	COL23A1	FERMT3	THUMPD3	LSM8	FAM63A	ISOC2
663	1.0	TYRP1	DCT	TYR
664	1.0	CBL	CDKL2	STS
665	1.0	JMJD5	PCYT2
666	1.0	CCDC6	CCNF	CCNB2	MCART1	RAGE	C14orf129	GADD45G	GADD45GIP1	MTFMT	CKS1B	MAP4	MPHOSPH1	GADD45A	CCNB1IP1	CDC2	BRSK2	FAM82B	CDAN1	CCNB3	CDC25A	CDK3	CDC25B	RFPL4A	CDC25C	SKP2	CKS1BP6	FOXM1	C13orf15	CDKN3	GADD45B	CCNJ	RWDD2B	MNDA	CCNA2	CCNB1	HERC5
667	1.0	RFWD2	SIPA1	RHBDD1
668	1.0	EMILIN2	EMILIN1
669	1.0	FAM86KP	COX6B1	OXA1L	SURF1	COX11	FAM86B2	LACE1	MT-CO2	COX5B	COX15	ARHGAP39	COX5A	SCO1	DNAI1	PRTFDC1	COX17P1	COX3	LETM1
670	1.0	CNPY4	PHOSPHO2	CCDC135
671	1.0	MTX2	SAMM50	CHCHD6	DNAJC11	MTX1
672	1.0	PTPRO	ABRA	DHRSX	C14orf135	ACSL3	PARVB	ACTG1	SETD6	FMN2	MYO18B	SSH2	CORO1A	CXADR	PARVG	NCALD	CAPZA3	NSMAF	ALOX5AP	NDRG1	CNN2	DDX26B	PFN3	FMN1	MAOA	IMPACT	CEP63	ESPNP	TMSB4Y	PARVA	TSTD1	ALOX5	SSH3	ACTB	NT5E	LMOD1	LGALS13
673	1.0	BAHCC1	ATP2B2	CLSTN3	CLSTN1	APLP2	RAG1AP1	CALU	LINGO1	PDIA6	SRGAP3	HYOU1	TXNDC4	SPON1	PPP1R2	THY1
674	1.0	MS4A3	CDK2	INCA1	SULT1B1	ALS2CR7	KIAA0329	MYH8
675	1.0	ALAS1	FAM73A	PXK	STAMBP	FAM73B
676	1.0	MYH7	C5orf33	MYL7
677	1.0	NEO1	UNC5A	IQSEC1	NTN2L	NTN1	UNC5C
678	1.0	ALX4	POU3F3	MSX1	SOX8	DLX5	DLX2	POU3F2	HOMEZ	EGR2	DIP2A	UTF1	SOX11	SOX10	HOXC8	POU3F4	PAX3	MSX2
679	1.0	SIX1	GBA2	DDX43
680	1.0	CASR	KIAA1333	SLC8A3	LST1	ANXA7	GCNT1	CLIC3	RPS6KA6	SLC8A1	SLC8A2	NRGN	CSNK1G2	NOXA1	PRKCG	PPP1R14A	CCHCR1	AFAP1	MAPK15	CHAT	PRKCB1	CSNK1G1
681	1.0	C6orf151	LSM10	SLBP	C16orf33	ZNF473	ZNF202	LSM11
682	1.0	YAP1	VGLL1	MEF2A	TEAD4	TEAD2	SOX18	DENND3	VGLL4	MEF2C	VGLL2	MEF2B	TEAD1
683	1.0	C11orf68	EGFL6	DPYSL4	SH3GL3	ARMET	HDC	SNX24
684	1.0	PARN	SMG5	ZFP36	DCP1A	XRN2	INTS6	SMG6	PPM2C	IFITM2	SMG1	EDC4	ADAR	C21orf56	TTC36	PDPR	DPP7	SPATA20	XRN1	GNPTG	TIPARP	DCP1B	DCP2	UPF1	UPF3A	UPF2	HPD	KIAA0460	NADSYN1
685	1.0	PMM1	RAB6IP1	KIF20A	RAB6C
686	1.0	PRIMA1	HEXB	ACHE	LGTN
687	1.0	TM9SF4	TMEM110
688	1.0	PIWIL1	PIWIL3	EIF2C4	PIWIL4	PIWIL2	DICER1
689	1.0	CRIM1	ZAN
690	1.0	PHC3	CBX2	CBX7	L3MBTL2	BMI1	CBX8	BCOR	RING1	PHC1P1	RNF2	SCMH1	TOX4	C1orf128	RNASEL	CDC73	CBX4	MGA	SALL3	PHC1
691	1.0	F8	ADAMTS13	IGK
692	1.0	ATXN2	GOLGA6L17P	GOLGA6L3
693	1.0	LIPG	DUS4L	CD52	FANCA
694	1.0	CD1D	P4HTM
695	1.0	FTH1	ELL3	PHYHD1
696	1.0	ZNF598	ZIC4
697	1.0	SP1	SP4	POGZ	C14orf106	ZBTB7A
698	1.0	SGK2	ZNF289	COPA	KMO	SLC38A11	COPE	COPZ2	COPB2	SERINC3	KDELR1	CDIPT	ARFGAP1	COPZ1	COPG	COPB1	KDELR2	ARCN1	ARF1	TMEM165
699	1.0	LSM6	LSM5	LSM3	RAB7L1	LSM7	CCDC45	LSM4	MYH13	C12orf65	PATL1	C4orf34
700	1.0	ALS2CR8	LMO3	NHLH2
701	1.0	SLC22A1	ASGR1	ASGR2	LASS2
702	1.0	SH3BGRL	EREG	BTC	DOK6	EGFR	CMTM8	SLC30A6
703	1.0	KRTAP3-2	NTN4	DBF4B	CTBP1-AS2	DLK2	C10orf62	THAP10	ZNF439	ADAMTSL4	SMCP	FBXL18	PLSCR1	FAM76B	KRTAP4-12
704	1.0	EFCAB1	SNAI1	TTC25	LMTK2	ARMC4	CDK5
705	1.0	TEX9	CCDC112	ZNF821	C1orf190	DOCK10
706	1.0	CNTNAP4	FBXO21
707	1.0	IMMT	C10orf88	STMN4	LYPLA3	NIPSNAP3A	STT3A	ARMCX3	CCDC113	PPOX	HJURP	EPHX2
708	1.0	GNA12	GPR17	GNA13	EDG6	DRD5
709	1.0	PSMF1	PSMB10	PSMB7	PSMB8	SNRNP35	PSMD5	PSMD9	PSMB9	PSME1	PSME2	ABCB5
710	1.0	CD59	NCR1	NCR3	SLC6A10P	SLC6A8
711	1.0	C14orf119	LRRCC1
712	1.0	RASL11B	SLC22A24	C11orf16	EWSR1	LILRA3	C1orf71	MYO1F	NTNG2	MNS1	MVK
713	1.0	MARCH7	PLEKHO1	HERPUD1	MAGEE1	TRO	GPT2	IMPA2	HECW1	TRIM22	STARD9	CD58	KLF12	C1orf164	USP7
714	1.0	RASA4	C20orf3	OVGP1	RASA4B	HN1L	SLC25A20	LOXL3
715	1.0	CCNO	FAM7A1	TIGD1	PCNA	POLM
716	1.0	PMS1	PMS2CL	FASTKD5	MLH3	MLH1	PMS2	ZC3H11A	BRIP1	CD109	ZNF84
717	1.0	ETV5	ZNF418	APOL2	SPDEF	AR
718	1.0	PEX6	PEX3	EXDL2	SIRT3	RBKS	PEX12	PEX10	PEX5	PXMP3	PEX26	PEX13	PEX7	PEX1	PEX14	DDO
719	1.0	NPNT	ITGA8	ODZ2
720	1.0	CKB	ASB9	ME3	SLC12A5
721	1.0	SAP30BP	FHL2	HOPX	DPF2	SRF	ZNF408	FHL5	TNFAIP8	ATF6	MKL2	BARX2	ELK4	GATA4	NKX3-1	NKX2-3	RND1	CREB3L2	ETV4	MKL1	FHL3	PTP4A1
722	1.0	RTN4RL1	OMG	RTN4R
723	1.0	FBXO34	FBXO33	FBXO9	ELF4	FBXW2	FBXW5	FBXO15	FBXO5	GFM2	FBXO32	FBXO22	HERC6	CDCA3	FBXW4	FBXO7	RBX1	CUL1	FBXO25	ZC3HC1	FBXO45	FBXO41	FBXO4	SLC26A11	UBE2R2	LRRC29	RPRM	FBXL2	FBXO18	FBXO2	FBXL20	FBXL14
724	1.0	VIMP	SYVN1	SEL1L	UBXD6	CYP2E1	ASPSCR1	UBXN2B	NPLOC4	UBXD2	VCP	VCPIP1	DERL2	FAF1	ANKZF1	HERPUD2	UBXD4	FAM32A	ZFAND1	UBE4B	SAMD3	UBXD8	UFD1L	UBXD1	UBXN1	UBXD3	NSFL1C	YOD1	CYP19A1
725	1.0	HIVEP3	WDR65	NT5DC2	FCRLA	USP53	TRAF2
726	1.0	GDNF	NRTN	GFRA1
727	1.0	MYH2	AMPD1
728	1.0	PLEKHA6	ATP2A3	TACSTD1	IL1RAPL1	MS4A5	MUC13	MUC2	SORL1	CEP170	TRPM3	SH3BGRL2
729	1.0	SLC1A2	GOT2	ALDOC	PRDX6	NEFM	MPP2	SPINK5	SLC25A22	LGI1	MOG	CALB2	LCA5	ARF3	ADAM22
730	1.0	ABCB11	ABCB4	HAX1
731	1.0	C1QC	C1QB	C1S	FCGR3A	IGLV2-23	IGHV7-81	IGHV1-69	IGLV1-40
732	1.0	IKBKE	HSDL2	PGRMC2	CCDC58	FAM49B	TMED9	FAM128B	TMEM111
733	1.0	SERPINF2	SERPINB12
734	1.0	LOC649034	ARRDC1	AC026271.5	PGA5	BVES	FAM109A	INPP5B
735	1.0	SERTAD3	KRT5	ADRA1B	ICAM4	C4BPA	GAL3ST1	KRT1	CLU	SLPI	TTR	IGHA1	PON1	KLK3	PDE4B	CTSC	KRT10	PNMA2	KRT72	KRT6A	DNTTIP1	FGA	GCG	SERPIND1	DNTT	CTSL1	PAPPA	KRT14	C20orf121	SPEF2	ARSA	KRT9	GTPBP3	KRT16	IGKV2-40	CST7
736	1.0	CHST15	C14orf4	HCK
737	1.0	MLC1	ATP1A2	TPT1	DAPK2	DNMT3L	ZNF238	EED	TAPT1	DNMT3A	SUZ12	DNMT1	DNMT3B	AEBP2	METTL21C	EZH1
738	1.0	GORASP2	TMED3	ABHD2	OTP	TRAPPC13
739	1.0	C1orf181	KIAA1033	SMAD2	TRIM62	ZNF41
740	1.0	SSBP4	FKBP9L	SSBP2	LHX9
741	1.0	PCDHA6	LRP2BP	APOH	SCN3A	NOS1AP	MMP16	GTPBP1	PCDH18	ITGB1BP1	LRP1	LDLRAP1	SCN2A	LRP2	DAB1	SYNJ2BP	VLDLR	SCN4B	LRP8	LIPC	RELN
742	1.0	PPP2R4	AXIN2	CCT7	IER3	LCMT1	PPP2R3C	PPP2R3A	PPP2R2A	CCNG1	PPP4C	MRPS26	PPP2R5E	PPP2R2C	PPP2CA	IGBP1	FGFR1OP	PPP2R3B	BCORL1	PPP2CB	MID1	NXN	PPP2R1A	PPP2R2D	RAB18	TLX1	PPP2R5C	BEST1	PPP2R2B	MINA	PPP2R1B	LENG4	AXIN1	PPP2R5A	PPME1	AHCYL2	PPP2R5D	TIPRL	CCNG2	KIAA1524
743	1.0	C11orf73	GPS1	ITPK1	GFER	COPS5	COPS7B	COPS2	COPS7A	MTERFD1	COPS3	MYEOV2	COPS8
744	1.0	TOR1B	TOR1A	TOR1AIP2
745	1.0	TRDMT1	HYLS1	BTBD2	PCDHA4	ORAI2	RBM48	GSTM4	CCL18	CNKSR3	CDKN2C	ZNF24	GBP7	LAMA4	SERPINB9	CEP27	COPS6	PLEKHM1	C5orf13	SEPHS1	SULT1E1	FXYD6	GDF9	TK1	CCDC90B	CRMP1	SMPD3	PAFAH1B3	CHMP7	GBP2	IGSF21	CCDC106	C14orf1	COX17	DLEU1
746	1.0	ALB	RBP4	PRB3	RPE65
747	1.0	KCNJ1	TBC1D10A	SLC4A8	SLC26A3	SLC9A3R1	CAPN6	P2RY1	SLC9A3R2	SLC4A10
748	1.0	FAM178B	MGAT4B	LRSAM1
749	1.0	ITGB2	ESM1	VNN2
750	1.0	MEGF8	FAT	TNXB	SNAP91	MCOLN3	PLCE1	COL3A1	PLEKHA3	BAG5	HIVEP2	DBT	CIAPIN1	SSPO	MT3
751	1.0	NOL10	MRPL2	IMP3	HEATR1	WDR43	TBL3	RCL1	NGDN	UTP15	DHX37	NOL6	MPHOSPH10	KRR1	UTP18	WDR3	CIRH1A	ABT1	BMS1	WBSCR22	DDX49	ERO1LB	WDR46	IMP4	PWP2	UTP11L	WDSOF1	MVD	NOB1	RRP9	WDR36	NOL14	BYSL	EMG1	FCF1
752	1.0	PRND	RPL36AL	DNAJC22	RABL5	OSGIN2	AGXT2	DUSP23	GSAP	FAM100A	SLC30A1	NPBWR1	RPS3	C10orf97	LTV1	GGACT	ASRGL1	C18orf22	MTMR14	C15orf39	NUDT2	SLC20A2	MOCS2	ENOPH1	TMEM87A	SENP8	TTL	MAGEB2
753	1.0	SDF2	MOXD1	TIMM17A	TIMM50	CORO7	TIMM17B	TIMM44	DNAJC19	DHFR	HAO1	TIMM23	CHCHD4	COX19
754	1.0	PODXL2	SELL	EMCN	PODXL	CD34	CHST4
755	1.0	SYTL2	RAB3C	RIMS2	RAB27A	SYTL4	RAB27B	MLPH	RAB26	UNC13D	SYTL3	SYTL5
756	1.0	CCDC44	ABCB8	SAT2	SURF2	TP53AP1	B4GALT3	FAM86C	SAT1	C9orf46	TMEM166
757	1.0	CDPF1	EXOC3L	CPSF6
758	1.0	KLF3	KLF8	CTBP2	CASZ1
759	1.0	SNX26	CDC42SE2	OPHN1	DOCK9	ARHGAP27	SLC26A10	CDC42	CDC42EP4	DOCK8	FGD3	TBC1D3C	CDC42EP5	CDC42EP2	FNBP1L	CDC42EP3	TBC1D3	CDC42SE1	FGD1	ARHGAP24	DEF6	RAC1	ATPBD3
760	1.0	MRPS27	ILF2	MRPS23	LAS1L	SART3	DLX4	IGF2BP3	SLC4A5	CCPG1	FMR1	TBL2	RNF149	PTCD3	MCF2L	MOV10	WDR18	DDX39	ZNF326	DHX36	FLG2	DDX47	EIF2C1	FBXL13
761	1.0	ARHGAP31	TGFBR1	WDR13	RRH
762	1.0	CYP4V2	RSPRY1	PTCD1	UBE2D3	DTX3L	RNF25	UBE2D4	UBE2D2	ATCAY	LONRF3	UBE2E2	TRIM5	UBE2E4P	HERC2	RNF141	PARP9	MEX3B	HERC1
763	1.0	MRPL41	PIH1D1	PHF7	MFAP1	TCP11L1	KIAA1012	AGXT2L1	HS6ST1	FAM89A	HDGF	TAT	KIAA1546
764	1.0	ARL2	RP1L1	ARL3	BSND	ARL2BP	UNC119B
765	1.0	TLE1	SCRT2	HES6	AES	SIX3	NR4A3	HES1	LBX1	TLE3	SIX6	SOBP	ZFP64	TLE4	UTY	TNRC4	RUNX3	TLE2	LBXCOR1
766	1.0	C4orf15	CHUK	FAM92A1	TRIM44	NLRP4
767	1.0	AZGP1	ITGAV	IBSP	ANGPTL3	EDIL3
768	1.0	GNA11	CYSLTR1	GRM4	CNR2	GNA15	HRH1	CYSLTR2	GNA14
769	1.0	CASP1	RHOG	CASP9	NLRP1	MZB1	JMJD6	NOD2	CASP6	APAF1	MINK1	CASP14	PYCARD	ELMO1	CASP2	DOCK1	NLRP12	IL1R2	NOD1	MAP4K1	BIRC8	ELMO2	ELMO3	DOCK2	CASP5	MEFV	CASP7
770	1.0	CHMP4C	CHMP4A	CHMP6	ZNF142	CHMP4B	SYT17	VPS4B	SNF8	MDP1	CHMP5	VPS24	CC2D1A	VPS4A	CHMP1B2P	MITD1	CHMP2A
771	1.0	RLBP1L1	ACTR1A
772	1.0	MAP1S	PRRC1	TUT1	KIAA1429	C13orf8	UBE2QL1
773	1.0	SOX30	BAMBI
774	1.0	HPS3	HPS6	HPS5
775	1.0	THOP1	MPP6	ARHGAP18	MPHOSPH6	PTPMT1	C15orf23
776	1.0	MAL2	TMED4	GPR135	TPD52	TPD52L1	TPD52L3	TPD52L2
777	1.0	TBX1	C1orf26	GYG2	ENGASE	UBE2S	GYS1	RILPL1	GYG1	CRBN	TRIM7
778	1.0	PRSS3	DMWD	F7	CFH	CR1	DERL1	SACS	CFP	DMP1	SH3BP5	PPBP	OR8D2	AHSG	GPR77	C4A	CFI	C2	CST3	C3AR1
779	1.0	NOL12	KIAA1191	SLC25A38
780	1.0	CCDC55	FGF20	MEX3D	N4BP2L2	MRPL16	FBXO44	AOF1	FGFR1	FGFR2
781	1.0	PDSS1	MORN3	TFAP4	UBAP2
782	1.0	REXO1L1	REXO2	C1orf121	REXO1L7P
783	1.0	CDR2	FOLR2
784	1.0	ATP6V1D	ATP6V0B	ATP6V1G1	SLC16A6	ATP6V1H	SLC30A5	ATP6V1E1	ATP6V1F	ATP6V1C1	ATP6V0E1	ATP6V1G2	ITPA	ATP6V0C	ATP6V0A1
785	1.0	TNS3	CP	MPO
786	1.0	EIF3EIP	APOOL	ZNF706	CHST13	NT5DC3
787	1.0	ASCL2	RBBP5	HCFC2	NME5	C16orf53	DYDC1	DYDC2	TFAP2D	ASH2L	JMJD3	MLL2	MLL3
788	1.0	TNNI1	TNNI2	PKD2L1	RCAN3	TNNC2	TNNT3	TNNI3	TNNT1
789	1.0	TLN2	APOC1	PLTP	APOA2	QTRTD1	APOA1	PRSS1	APOC3	APOA4	APOF
790	1.0	CPS1	LRRC15	CCNI	NUDT14	RAF1	ARAF	RBJ	PEBP4	OIP5	STK10	PEX5L	SPRY4	BRAF
791	1.0	EIF1AD	RPS6KC1	PBX2	PBX1	HOXA5	CCDC88B	HOXB1	HOXA9	PBX3	HOXA7	HOXD10	HOXA11	HOXD9	HOXA10	MEIS2	PKNOX2	PKNOX1	CDX4	HOXD4	HOXB8	ZDHHC7
792	1.0	YWHAG	HNRPCL1	USP37	TMEM102	CAMSAP1L1	LRCH3	KRT38	BAIAP2L1
793	1.0	CSPG5	C6orf32	GOPC
794	1.0	ATP6AP2	NECAP2	LRP3	AFTPH	AP1G1	REN	M6PRBP1	RENBP	AP1G2	IGF2R	AP1GBP1	GGA1	C4orf16	M6PR	GGA3	GGA2
795	1.0	LRRC3B	KIAA0319	FEM1B
796	1.0	KLF16	SAP30	MNT	SUDS3	HDAC2	MXI1	BCL11B	EBI2	SIN3A	BRMS1	IKZF3	MBD3	TGIF2	PHF12	FKBP3	MTA3	RORC	IKZF4	CHD4	MTA2	SMYD1	MDS1	IKZF1	SATB1	C3orf33	MIER1	HR	SAP130	GATAD2B	SIN3B	KLF11	EFCAB6	MTA1	KLF10	MBD2	IKZF2	EVI1	PRDM4	RBP1	RBBP7	NR2E3	SALL1	HDAC1	MBD3L1	RCOR2	RBBP4
797	1.0	ZFP106	ZNF192	CAB39L	CHD8	ZMYND11	BCKDK	ZNHIT4	ALPP	STOM	CHD2	KIAA1553
798	1.0	DNAJC15	GMPR	MUC3B	ITFG1	RBL2	ST7	DNASE2B	JAGN1	NOP16	TMEM47	PIGV
799	1.0	TRIM69	PRPH	ANKRD36BP1	TEKT4	KRT81	KRT20	C1orf216	KRT15	MAGEA1	MAGEA4	C9orf16	SMCR7L	C14orf140
800	1.0	NUDT4	NAP1L4	CIRBP	SLC34A3	C1orf96	RBM4B
801	1.0	FECH	OPA1	VDAC2	METTL7A	INPP5D	C20orf116	RBM39	FLOT2	CDK5RAP3	C11orf59	UTRN	MME	CLEC4M	MRPL44	IRAK2	RAP2B	SLC16A1	ZMPSTE24
802	1.0	PSCD4	IPCEF1
803	1.0	TPSAB1	CSDC2	TPSB2	PIK3R1	EPX	TGDS
804	1.0	SUPT7L	TAF5L	FRG1	TAF6L	GCN5L2	FAM107B	TADA3L	TADA2B	TADA1L
805	1.0	MTFR1	KIAA1109	SALL2	STIL	MYT1	IRX4	PIN1	RAI1	ZMIZ2
806	1.0	SEC24C	SEC24B	SEC23A	SLC7A14	ERGIC3	SEC24D	TMED2	NKX6-1	SEC23B	SEC31A	ERGIC1	REEP2	SLC7A4	SEC24A	SAR1B	TMED10	XKR7	WDR79
807	1.0	CDH17	TCF7L1	SOX17	PYGO2	BCL9	SOX1	TCF7	HIC1	CBY1	PYGO1
808	1.0	TMOD4	ANKRD23	ANKRD1	MYPN	NEB
809	1.0	ZFYVE20	RABL3	MRPS18C
810	1.0	ATAT1	NFKBIE	STRADA	TSPAN15	C6orf134	ANKRD28	STK11	TBK1	PDCD2	BTRC	ALS2CR2	NKIRAS2	RELB	NKIRAS1	NFKBIA	RPAP3	MAP3K8	USP11	REL	NFKBIB	NFKB2	SAPS2	RASAL2	CCDC28A	FKBP5	FBXW11	EIF4EBP3	GLG1	TNIP2
811	1.0	NEK9	MAP3K4	NCK2	TANK	TEC	MARK2	NLK	PRKCQ	STK16	CAMK2G	ABL2	BMP2K	INPPL1	BRD4	MELK	ACVR1	PAK4	DACT2	HRNR	ADK	AFF4	ANP32A	GSK3A	COL11A1	SYT12	RPS6KA2	ACVR1B	MARK4	ALDOA	CSNK1G3	LIMK2	GAK	PRKD2	MAP3K2	DOK1	EPHB2	LIMK1	MAP3K11	PKN1	ATAD3B	CAMKK2	EPHB1	RPS6KA3	ACVR2B	G3BP1	PKMYT1	PRKAA1	MAP2K2	RPS6KA1	DOK2	GRAMD1A	OTUD6B	CAMK2B	ULK3	EPHB4	DDR1	DYRK1A	PRKAB2	NEUROD2	ADCK1	PLK4	NUDT7	SEC16A	MLLT1
812	1.0	DACH2	ZBTB6	NCOR1	TRIM33	HDAC10	PROP1	CORO2A	NR1D2	NR1D1	HESX1	HDAC11
813	1.0	CDKN1C	CDK6	CDKN1A	CIZ1	CCND3	CDKN1B	CCND2	CCNDBP1	MAPK4	NPDC1	IFI27	CDKN2D	ZNF334	MTFP1	CCND1	CDK4	SERTAD1	CRABP2	DMTF1	TTLL5
814	1.0	ERBB3	ASTE1	NRG4	NRG2	ERBB4
815	1.0	C1D	HSD11B1	EXOSC5	DIS3	EXOSC7	TATDN1	EXOSC2	NRM	EXOSC4	EXOSC9	LRRC8D	EXOSC3	ZNF558	SMPD4	CDK5RAP1	EXOSC1
816	1.0	C2orf13	PNKP	XRCC4	APEX1	NEIL1	IFFO1	SNORA32	NHEJ1	PARP1	LIG4	C9orf82	LIG3	POLB	PARP2	XRCC1	CAPN10	ANP32C
817	1.0	MCFD2	RIMBP2
818	1.0	MXRA5	NUDCD2	EIF1B
819	1.0	DHX29	C17orf59	OPN1MW	OPN1MW2	SPZ1	OPN1LW	METT10D	PLK1	PARP11	ZNF10	C19orf25	SETD4	XPO1	PPP1CC	DONSON	PHLDB1	ZNF91	PRSS7	ZNF365	PRSS16	RPS27	SLC12A9	GHSR
820	1.0	KCNA4	CNTNAP2	KCNA2	CNTNAP1	CHL1	CNTN6	KCNA1	KCNA5	KCNE4	KCNA6	KCNA3	KCNAB2
821	1.0	FAM107A	CEP170L	USHBP1	ADAM29	GGNBP2	KIAA0408	CCDC33	TCHP	BEGAIN	RALYL	PRC1	DGCR6L	ABI3BP	TTC8	KIAA1217	ABI2	GTPBP10	FBF1	RIBC2	RCOR3	SLC25A25	FXR2	GCC1	PCM1	TREX1	RHPN1	HOOK2	C19orf50	MBIP	IFT20	CCDC93	KIAA0774	ABI3	C10orf10	KCTD4	KIAA1267	CCDC120	AMOTL2	TRAF3IP1	LDOC1	KRT19	EFCBP2	ZBTB8
822	1.0	SHARPIN	LPHN1	SHANK1	SHANK3	LPHN2	SSTR2	PDSS2	DLGAP1	DLGAP2	SHANK2	DLGAP4	DLGAP3
823	1.0	TES	ENAH	RAPH1	C3orf10	VASP	EVL	WIPF3	DNMBP	ABI1	ROBO4	WASF2	CRLF3	APBB1IP	CYFIP2	WASF3	ERMAP	ACTL7A	PTK7	WASF1	SPTA1	SEMA6A	PFN1	SEMA6D
824	1.0	PTTG2	ANAPC1	TMEM135	APC2	CDC26	ANAPC5	FZR1	CDC23	UBE2E1	CDC16	UBE2D1	CDC27	ANAPC11	NDST2	UBE2C	ANAPC7	ANAPC4	NEK2	ANAPC10	PTTG1IP	ANAPC2
825	1.0	GALNT13	GALNT1	GALNTL2	MUC1
826	1.0	PRKAG1	SLC2A4	HADH	PRKAG2	PCK2	SLC2A1	G6PC	PRKAG3	PCK1
827	1.0	SECTM1	CD7
828	1.0	RBPJ	MAML1	MAML3	MAML2	NOTCH4	CSHL1
829	1.0	DCTN6	CCDC131	CLEC1B	TSPYL4	DCTN5	SPERT	ZFHX3	NINL
830	1.0	APH1A	PSENEN	APH1B	PSEN1	MTCH1	NCSTN	PSEN2
831	1.0	BDKRB2	AVP	GRK5	AKAP12	RHO	ACE	ADRB2	SNCB	GRK1	KCNK2	RCVRN	AVPR2	LTB4R	AGTR1	GRK6	ADRBK1	ADRBK2
832	1.0	NPHP4	NPHP3	NPHP1
833	1.0	RLN1	RXFP1	RLN2
834	1.0	PPP1R16A	CDH24	FSD1	INDO	RGMA	LY6H
835	1.0	DUSP11	MYEF2	TROVE2	PC	PCCB	RBMS3	FAM10A5	DDX58	PURA	PCCA	GBE1	THEX1
836	1.0	ACOT4	RAD54L2	ACOT1	ACOT2	IFRD2	BTBD9
837	1.0	MFAP2	ELN	LTBP1	MFAP5	FKBP10	FBN1	FBN2	FCN1
838	1.0	EYA4	SIX2	EYA1	RC3H1	SIX4	EYA3	EYA2
839	1.0	DZIP1	DAZ4	DAZ3	DAZ1
840	1.0	CYP51A1	OPRS1	MGLL	CYP3A43	CYP3A5	LSS	NSDHL	SC4MOL	SLC27A2	HSD17B7	SQLE
841	1.0	C4orf27	CENTB5	MRPS31	LACTB2	AMMECR1	AMMECR1L	ABCF1
842	1.0	FAM46D	RHOXF2	FAM46B	RBM11
843	1.0	CREBBP	GPBP1	TRERF1	NEUROG1	ZBTB2	NFIA	HOXB4	HNF1B
844	1.0	CHAF1A	SUV39H1	PFAS	TRAPPC11	LPIN2	UMPS	ITPKB	SASS6	MYB	USP12	DNASE2	COX6A1	ZDHHC1	RIMS1	PUS7	ETFDH	IWS1	CHAF1B	C12orf30	LTBP4	SPNS1	MRPS15	FBXO42
845	1.0	PMPCA	RABGGTA	PDZRN3	TWF1	LSP1	CCDC89
846	1.0	NFAT5	PLCB4	WDR92	NFATC3	CABP2	LRMP	FOXP3	PLCB2	PPP3CC	PPP3CA	PLCB3	TBC1D10C	RCAN2	OCA2	NFATC4	PPP3CB	NFATC1	PPP3R2
847	1.0	ID1	MYOG	HES5	MYOD1	ELSPBP1	BHLHB3	ASCL1	ATOH1	TCF4	MYF6	PTF1A	GARNL1	MYF5	CIB2	ID2	BHLHB8	ASCL3	OLIG1	TCF3	TCF21	MSC
848	1.0	C1orf41	RABL4
849	1.0	TPP2	GNPDA1	ICT1	NUDT9	AMDHD2	C10orf118	PNPT1	KIAA0152	MCC	C13orf1	MID1IP1	CUTA	KATNAL2	TMA16	XPR1	C11orf58	GLOD4	PYCR2	CRYZ	MRPL14
850	1.0	DARS2	ISOC1	STK4	STK3	HSD17B10	RG9MTD1	DEF8	PRKRIR	B3GNT1	C16orf14	RASSF1	CDK11B	UBLCP1	LATS2	AGPAT3	CDC2L2	CNKSR1	CSN1S1	C8orf47	B4GALT1	NAPG	LATS1	SLC39A10
851	1.0	LEFTY2	ARID1B	SMARCA2	GATA1	TRAPPC9	TOP2B	PHF10	KLF1	ACTL6B	MLLT10	BAZ1B	MOGAT2	KCTD10	SMARCE1	CCDC43	SMARCD1	SMARCA1	ACTL6A	SMARCB1	SMARCC2	PBRM1	CNTN3	REST	BCL7A	SMARCD3	SMARCA4	SSX1	SS18	ARID1A	ARID2	PDE11A	SMARCD2	MECP2	SMARCC1
852	1.0	SPAST	CROT	SORBS3	SLC1A5	MYLK3	PRODH2	CABLES1	NLRC4	ZIM2	RANBP3	GRAP2	DCC	NLRP3	CMTM4	APOE	SLA2	BBC3	LDB3	SCN5A	KIAA1712
853	1.0	PPP1R11	PIH1D2	ZC3H12C	NUBPL	SPDYA	PPP1CB	CPD
854	1.0	CNGB1	ABCA4
855	1.0	NFKBIZ	TNIP3	NFRKB	COMMD9	NFKB1	UNC5CL
856	1.0	NCAPD2	HSF2BP	NCAPG2	NCAPH	NCAPG	CAPG	NCAPH2	HSF2
857	1.0	GOLGB1	GOLGA7	RNF144B	GOLGA3	ACBD3	SLC2A3
858	1.0	MAPT	PIN1L	USP9Y
859	1.0	MRPL22	SLC35B2	MCTS1
860	1.0	SPRR2G	USP13
861	1.0	ADORA1	EDG2	MTNR1B	DRD3	GDE1	RGS19	GPSM2	FPR1	TSHR	C5AR1	LRFN1	CTU2	YSK4	PLEKHG5	PDE8A	SNX13	RGS16	MTNR1A	RGS10	RGS2	SUCLG2	ADRA2A	ABHD13	RASD1	DRD2	PTPRU	GNB4	RGS7	EDG1	ZDHHC17	NUCB1	SLC5A5	RGS1	CLIC6	BOLA1	RGS20	INSC	GNAZ	PTGS1	P4HA2	OSBPL5	RIC8A	ITM2C	RGS12	GNAI3	HCRTR1	AGTR2	ZNF585B
862	1.0	MXD4	TCP10L
863	1.0	SRL	EXOC7	RALA	CHCHD9	RALB	EXOC4	EXOC3	EXOC6	CHCHD2	EXOC6B	SULF2	EXOC8	EXOC5	GATAD1	ZNF749	MAP3K15
864	1.0	CUTC	LNX1	RPIA	TIFA	SPEF1	C8orf32	NIF3L1	C6orf166	C10orf30	ZCCHC11	RWDD1	GNMT	DCTD	EIF5A2	NT5C2	NUDT18	LNX2	PCBD1	ZBED1	KCTD13	EVI5L	APIP	DHPS	RAB3IL1	HSD17B14
865	1.0	RPL27	RPL18A	RPL28	RPL23	RPLP1	EIF5B	RPL38	RPL31	RPL23A	RPL3	RPL4	RPL12	RPL10	RPL11	RPL24	RPL36	RPL19	RPL10A	RPLP0	RPL35	RPL14	RPL6	RPLP2	RPL30	RPL35A	RPL7A	RPL18	RPL13	RPL27A	RPL15	RPL5	RPL7	RPL26	RPL22	RPL8	RPL21
866	1.0	MGAT3	CD163	SIRT7	SAP30L	ZNF44	HOXB6	MBD4	CSNK2B	ZNF521	PDCL	MTF1	LY6G5B
867	1.0	ENTPD1	RANBP9	MPHOSPH8
868	1.0	XCL2	XCR1
869	1.0	ARFRP1	TMEM64	VPS52	MND1	COG6	SLC35C2	SFT2D3	AP3S1	GOLT1B	NPEPL1	TM9SF3	ASNA1	DOPEY2	PPAPDC1B	CNIH4	ATP8A1	C6orf168	SYS1	ENTPD7	FA2H	PQLC1	PEMT	ATP13A1	MON2	ENTPD6	SVOP	MAN1B1	FDX1L	RER1	VPS53	STX16	DULLARD	MEPCE	PCSK7	RCE1	UNC50	TBC1D22A
870	1.0	WHSC1L1	CRISPLD2	AC007318.5	LMAN2
871	1.0	WDR23	MAD2L1	WDR85	UBD
872	1.0	ORC4L	ORC5L	ORC2L	RPA4	DBF4	CDT1	ORC6L	CLSPN	ORC1L	MCM8	ORC3L
873	1.0	MEGF11	NELL1	MYST3	EFEMP1	KIAA0515	RERE	ATN1	ECM1	MYST4	ZNF608	SLIT1	USP54	STXBP4	NELL2	MEGF6
874	1.0	ELMOD2	WDR47	TXNDC14	ALS2CL	KLHDC3	LRRC16	SLC25A19	MRPS18A
875	1.0	XRCC6	GAL3ST4	XRCC6BP1	NBEAL1
876	1.0	EPN1	EPS15L1	NECAP1	SLC44A4	PACSIN1	NUMB	AP2A1	REPS2	STAM	HRBL	MAP4K3	SPRY1	STAM2	CPM	EHD1	CLTA	RASGEF1B	SH3KBP1	NAGPA	PACSIN3	BIN1	DNM1	HGS	SH3GLB1	EPS15	PACSIN2	FAM125A	EGF	STON2	SYNJ1	EHD3	AP2A2	MTMR12
877	1.0	FAM39B	TTC17	TBPL1	WASH3P	SRPK3	FAM39E	OSBPL9
878	1.0	KCNE1	KCNQ1	KCNH2	KCNE2
879	1.0	IGLC2	IGHG4	IGLV2-14	IGKC
880	1.0	SFRP5	SFRP1	CER1	PORCN	SFRP2	WIF1	SFRP4
881	1.0	DMN	SYNC1	DAG1	DRP2	LARGE	DTNA	SNX32
882	1.0	TMPRSS11E2	SERPINE1	TMPRSS11E	SERPINA5
883	1.0	ACTR8	HIST1H2BB	TOX3	HIST3H2BB	ENDOG	HIST1H2BD	HIST1H2BM	SMEK1	KIAA0409	TOX	HMG1L1	HIST1H2BJ	H2BFS	SMEK2	HIST1H2BL	INOC1	HIST2H2BA	HIST2H2BF
884	1.0	CYP4B1	DFFA	CIDEC	CIDEB	CIDEA	UCP1
885	1.0	ARHGAP26	TRPM6	AMHR2	PKN2	MAP2K6	TRPM7	ZNF655	INHBE	JARID2	PAK6	PATZ1	MIB2	ADIPOR1	RPH3AL	C12orf11	STAB2
886	1.0	KIF14	BZW2	TAF1L	PSTPIP1	BZW1	SGK494	C1orf9	PREX1
887	1.0	GJB6	GJA8	GJA7	MIP	GJB3	GJA3
888	1.0	ZYG11B	NEURL2	ZER1	ASB8	FEM1C	LRRC41	TCEB1	TCEB2
889	1.0	GUCA1B	GUCY2F	GUCY2D	GUCA1A	GUCA2B
890	1.0	PITPNA	HSDL1	MLKL
891	1.0	FAM124B	SFRS17A	AQP1	OTX1	HOXA1	ZNF764	C16orf48	TRIP6	CNNM3	PHLDA1	EFEMP2	HOXB9	LRDD	SPG7	COL8A2	CHIC2	C1orf65	THAP7	COL8A1	ZNF581	BAHD1	ZNF205	CATSPER1	ZNF426	ZNF638	CCDC116	ZNF417	AFAP1L1
892	1.0	PRPF3	C9orf138	RMND1
893	1.0	RCHY1	ARL5B	WDPCP
894	1.0	USP31	RGL4	RAPGEF5	RGL2	KRIT1	MOS	ARHGAP4	RAPGEF6	RASGRF1	KRAS	CCDC102A	RUNDC3A	RASA3	KIDINS220	NRAS	RASSF5	RAP1A	HISPPD1	RALGDS	RAPGEF3	ZBTB12	RAPGEF4	CNKSR2	FNTA	RIT1	RASSF2	RIT2	ARHGEF1	ARID3C	RAP1GDS1	MLLT4	FRMPD4	PGGT1B	RGL1	RIN1	HRAS
895	1.0	PPFIBP2	PCLO	PTPRD	PPFIA2	PPFIA1	ERC2	PPFIA4	PPFIA3	NYNRIN	AGTPBP1	PPFIBP1
896	1.0	NLGN4X	PTPRG	GRIN3B	DLG4	ZDHHC2	SEMA4F
897	1.0	MRI1	EIF5AP1	CHIA	GRWD1	HS3ST3A1	RPS27A	NEUROG2	FAIM	HARS	AMN1	DCPS	EIF5	EIF4EBP2	ZRF1	CDC123	EIF4E	SOD2	MBLAC1	RPL13AP25	ATG9A	EIF4G1	BPNT1	ANKRD13B	DDX5	RP11-592N21.1	EIF3CL	RPS7P1	LDHD	ASNS	GMPS	DCUN1D3	RPL27AP	LSM12	IGHMBP2	RTCD1	UBA52	KIAA0372	ABCE1	SLC16A14	TMEM16K	RPL14P1	TMEM63A	UGP2	NOL9	NAF1	CCBL1	ACSF3	NFS1	MTHFD1	LANCL3	RHCG	C9orf140	CCDC86	C15orf44	MRPL39	RPL7P1	EIF2A	RPL22L1	PDCD4	RP11-297B17.2	EIF1AY	TEX261	RPS26P3	TRAM1	FARSB	SDCCAG1	RPLP0P6	LARP2	ARHGEF4	AC004453.8	ABCF2	TRMT6	SCN1A	RPL15P3	ZNF650	HLCS	KLHDC4	HISPPD2A	IMPDH1	APPBP1	ALDH5A1	SNORA67	ENDOU	SHMT1	SHROOM4	ADAT1	RPS26P6	PABPC1	CPA4	C14orf172	RPS3A
898	1.0	PAM	PAMCI
899	1.0	LANCL1	ARHGEF28	PANK1	PCTK1	C22orf28	CLIC4	RAPGEF2	TRIM21	TPH1	SNF1LK	SIPA1L3	REEP6	PANK2	C11orf56	ADSSL1	C1orf166	ARL6IP1	FER1L3	FAM62A	NAPSA	SPR	HMGN1	RRAD	MLF1	BSPRY	ARL6IP2	WWC2	INPP5A	SRGAP1	AHNAK	PLEK	AANAT	ADAM23	PDC	TSFM	PCTK2	MRPS30	PGAM1	SLCO4A1
900	1.0	CXorf56	KRT77	NFKBIL1
901	1.0	COQ9	RFT1	YARS2	MIPEP	TYMS	SMPDL3B	SLC39A9	TRAM2	FOXF2	TMEM16H	GTF2B	SFXN5
902	1.0	NEUROD4	IGHA2	AMY1A	CDK2AP1	CDK2AP2	AMY1C
903	1.0	ELOVL4	ELOVL5	ALG1	GUK1	ALG11	ELOVL6	GPSN2	SLC35B4	HSD17B12	TMEM20	PIGO	PIGC	SLC29A3	PIGN	REEP5	SLC24A6	EPT1
904	1.0	TLX2	YWHAH	GREM1
905	1.0	FURIN	ZP4
906	1.0	IVNS1ABP	NPM3	BRD1	C7orf36	SLC27A6	HABP4	KIF15	MAP1LC3A	ACTR1B	CCDC99	KIAA1377	ADH5	SRRT	HMG2L1	SDCCAG3	MAN2A2	CHD3	DIS3L2	FAM134A	FBP2	SIRT6	C4orf17
907	1.0	C1orf77	DNAJC14	DDX39B	THOC3	SARNP	RP11-423H2.1	HNRPLL	THOC1	BAT1
908	1.0	SPSB4	PAWR	SLC5A7
909	1.0	KLHL2	KPNA6	PYCRL	AKR7A3	PNPO	ELMOD1	AKR7L	NMNAT1	AKR7A2	ALAD	THG1L	PGP	CRAT	ALDH6A1	ARG1	ARG2	QPRT	CDA	KPNA5	RDH8	JMJD4
910	1.0	NRXN2	NLGN3	NLGN1	NRXN3	NLGN2
911	1.0	EBI3	IL27RA	IL27
912	1.0	NUP155	NUP188	NUPL1	NUP210	BANF1	NUP205	NUP214	NUP35	NUP88	AAAS	NUP50	NUPL2	PSIP1	RAE1	POM121
913	1.0	ZNF584	TRIM28	ZNF2	ZNF382	TRIM6	ZNF74
914	1.0	C2orf34	RNF157	AGRN
915	1.0	PTRF	RRN3	TTF1	TAF1A	TAF1B	TAF1C
916	1.0	DAAM1	ARHGEF3	PLEKHG2	ARHGEF19	FARP2	ARHGAP10	SPRED2	CIT	GMIP	C22orf39	RHOB	ARHGEF5	ICMT	RTKN	DAAM2	PITPNM1	RIPK4	ARHGEF18	RHOA
917	1.0	SLC7A6OS	PIGZ
918	1.0	PRKX	AKAP10	CACNA1H	PRKAR2A	PRKAR1A	PRKACG	AKAP7	PLN	PRKACB	ATP2B3	PDE3B	AKAP14	PRKY	CACNA1G	C2orf88	PDE3A
919	1.0	PPP1CA	KIAA1949	PPP1R15B	PCDH7	C9orf75	C1orf114	FAM130A1	ANKRD15	TUSC3	PLCL2
920	1.0	LOXL2	PDIA3	DCBLD1
921	1.0	DHTKD1	C19orf56
922	1.0	C20orf39	DEFA5	DEFA1	DEFA3	PFDN1
923	1.0	NKX2-2	OLIG2
924	1.0	FANCE	FANCF	C17orf70	FANCL	FANCB
925	1.0	F11R	ICAM2	SPN	ITGAM	AMICA1	JAM3	VCAM1	CD44	SCYL3	ITGAL	MADCAM1	FUT4	ICAM3	JAM2	VIL2	ICAM1	SELP
926	1.0	PSMB6	PSMC3	PSMD12	PSMC5	PSMD8	PSMA7	PSMA4	PSME4	PSMD10	PSMD4	PSMD6	PSMB2	PSMC2	PSMD13	FHOD3	PSMC4	RBM45	PSMA3	PSMB4	TXNL1	PSMD2	PSMA5	C16orf72	SHFM1	UCHL5	PSMA2	MRPL30	USP14	PSMB3	PSMA1	PSMB1	PSMC1	PSMA6	TTC38	PSMB5	PSMD3	PSMC6	POMP	PSMD1	PSMD14	PSMD11	HTR1E	PSMD7
927	1.0	DDX51	TINAG	HDAC9	ANKRA2	DEPDC5	HAT1	C12orf41	NALCN	RFXAP	MUS81	HDAC5	USP49	RPS6KA5	TRIM11	RRAGA	WDTC1	KIAA1086	HDAC4	PPIF	TPP1	HDAC8	HIST1H1B	PTMA	THOC7	RFX5	SIRT1	RANBP5	TSPAN13	HAS3	DDX21	SMC3	ZBTB45	ZNF593	ALKBH8	C17orf39	FAP	MED31	HIST3H3	C8orf79	TRMT112	TERF1	N6AMT1	CCDC63	LIPT2	MDN1	SLC35B1	TARDBP	ANKRD50	RFXANK	SMYD5	COQ4	GPR84	RECQL5	TRMT11	FOXJ3	CRKRS	RICTOR	RPAP2	MED12L	ZCCHC17	LYPLA2P1	SCRN1	GDAP1	KLF9	ANKRD12	ALDH7A1	PQLC2	C2orf44	PARL	KATNAL1	SLC3A1	MTSS1	ADCY10P1	TBL1XR1	RRAGC	HDAC6	NUMA1	PAOX	SMC6	N4BP3	TBL1X	MYCBPAP	TMED5	TYW1
928	1.0	UFC1	GSTCD	UBE1DC1	UBE2Q2
929	1.0	EPB41	SEC14L1	TMEM24	MRP63
930	1.0	EFCAB4B	TRIM29	TSGA10	JAKMIP2
931	1.0	ZNF3	ZNF331	ZNF212	ZNF876P	ZNF626	ID3
932	1.0	TRAF3	EDARADD	CD27	TNFRSF4	TNFSF4	TRAF5	ALPL	LRRN1	EDAR	TNFRSF12A	EDA	TNFRSF19	CD70
933	1.0	SECISBP2	MTMR10	METAP1	LEMD3	EXPH5	ZEB2	RRBP1	RFX1	BAZ1A	DIAPH3	SIL1	NFIB	ZNF587	ZNF83	MAN1A2	HEYL	RNF123	SKI	PIR	CYP11A1	TINAGL1	CAMSAP1	NFIX	E4F1	CXXC5	ABTB1	MAN2B1	PNPLA2	CEP135	NAGK	HEY1	ZSCAN4	CHPF	AFF1	MCM3AP	DNAJC7	SVEP1	PEO1
934	1.0	NPTX2	NPTX1
935	1.0	DMAP1	RNFT1P3	RNFT1
936	1.0	VTI1A	VPS33A	VPS8	VPS11	VPS18	MON1A	VPS41	VPS16	VPS45	GHITM
937	1.0	RNF170	MYO7B	UBE2A
938	1.0	FGB	ITGAX	F13A1	F13B	ITGAD	FGG	F2	PROZ
939	1.0	SPG21	CTPS2
940	1.0	RPGRIP1	TFE3	TFEB	MITF	TFEC
941	1.0	LGALS1	LIM2	LGALS3	CYP1A1	MUC16
942	1.0	PEAR1	SH3BGRL3	LY6G6D	DDEF1	PDGFRA	GRB7	ARHGAP32	PLCG1	SNAG1	AXL	PTPN11	ROS1	SH2B2	SIGLEC7	IGF1R	ITK	KIT	VAV1	RET	SH2D5	PDGFRB	PIK3C2B	IRS2	AOC3	DOK4	CSF1R	ADNP	HYAL2	PTPRH	C6orf21	LTK	THOC5	GRB10	FLT3	CRKL	RASA1	GAB2	SH2B1	SH2D2A	SHB	DOK5	SOS1	SHC1	PTPRJ	SOS2	FRS2	SOCS7	LAT2	SHC2	PTPN1	IRS1	PIK3C3	GAB1	PIK3C2G	RAPGEF1	MST1R	GRB14	ERBB2
943	1.0	POLR3A	BDP1	ZNRD1	MAF1	POLR1E	LPHN3	POLR3H	POLR3F	POLR3B	BRF1	GTF3C3	HDX	SLC33A1	GTF3C1	POLR3G	CDC14A	MAN2C1	POLR3K	GTF3C4	ASL	POLR1D	POLR1C	POLR3C	POLR1A	POLR3D
944	1.0	DIABLO	TNF	LGALS2	BIRC3	NAIP	UMOD	TNFRSF6B	PDIK1L	HTRA2	TNFSF14	BIRC7	LTBR	UBE2J1	TNFSF15	FABP6	LTB	LTA	HCCS	BIRC2	XAF1	BIRC4
945	1.0	TTLL4	IHPK2	NCOA7	AHSA2	TAZ	AHR	SIM1	AIP	HSP90AA2	NPAS4	SENP6	EPAS1	VHLL	ARNT	HIF3A	SIM2	PDE2A	HIF1A
946	1.0	UPB1	STX11	PLD3	FKBP6	IRX6	SLC38A2	RFXDC1	NME7	CPEB4	GMPPA	CCNK	PYCR1	NTAN1	PSCDBP	KCNRG	PSCD1
947	1.0	TMEM131	CNOT8	PTPLB	BTG1	CNOT7	ORAI3	POPDC2	CAND2	BTF3L4	DDX6	CNOT3	SECISBP2L	BTG3	TOB2	BCAP31	CNOT4	BTG2	CNOT1	C1orf69	BCAP29	CNOT2	CNOT6	RQCD1
948	1.0	ELF5	PPIC	RSRC2	TRIB2	MIF4GD	ZBTB22	FGFBP1	NME3	MLLT6	KLHL26	WAC	FAM48A	ARL4C	RAI2	AREG	HAVCR1	SPINT1	NOTCH2NL	ERP27	TMEPAI	ADPGK	DKK3	SCG2	ATPIF1	ZDHHC3	ANKRD41	PTPRN2
949	1.0	HPR	ACPP	APOL1	OR5H6
950	1.0	NR2C2AP	ZNF398	POU4F2	NR2C2	ESR1	XBP1	PRDM2	CRIPAK	ESR2	POU4F1	TRIM59	WIPI1	REXO4	CUEDC2	RFX4
951	1.0	SCAMP3	SCAMP1	SCAMP2	CDS2
952	1.0	KIF11	TRIM3	PRR5	FRAP1	BCKDHB	AMT	DLD	SLC15A2	PDHX	GLDC	DMRT3	PITRM1	PDK3	GNB1L	RPTOR	PDHB	DHRS7	TMEM91	DLAT	RHEB	RPS6KB1	MLST8	PDHA1	WDR70	PRR5L	SLC25A39	WIZ	PDK4	RHEBL1	PDHA2	SGK3	PDK1	PDK2	PDP2	HIC2
953	1.0	ZC3H18	GALNT7
954	1.0	BNIP2	SIVA1	BCL2L12	TEGT	BCL2L1	BNIPL	BAD	AVEN	PDE7B	MOAP1	BNIP3L	FKBP8	BCL2L14	BNIP3	BNIP1	BCL2L10	ANTXR1	TMEM11	BCL2L7P1	BECN1	DYNLRB2	STEAP3	PIM3
955	1.0	TSPY1	TSPY2	SERPINF1	SLC18A2	XK	CUTL2	FLG	CASQ2	RIOK1	ANKRD25	SHOX	CSNK2A1P	PCSK6	MAZ
956	1.0	BMP6	GDF5	BMP7	BMP4	CRIM2	BMP5	CHRDL2
957	1.0	BMP15	ZFYVE16	FBXO3	SMAD5	FBXO24	SMAD6	FKBP1B	ILKAP	STK35	KLHL1	LZTR1	ARL14	BMPR1A	SMURF1	ACVR2A	BMPR1B	USP45	GDF6
958	1.0	SMG7	C13orf34	HBZ	GPSM3	RNF130	C6orf47	FGFR3	CCDC17
959	1.0	FFAR1	RGS5	PTGIR	HTR2A	EDG5	TRH	CCKBR	EDG3	RGS4	CHRM1	GALR2	CHRM3	RGS18	P2RY13	TBXA2R	CCK	GRM7	RGS13	GRM5	LHCGR	ADORA3	LHB	CNR1	TTC1	F2R
960	1.0	CENPC1	AHCTF1P	PMF1	KIF2C	SEH1L	NUP160	MAD1L1	NUP133	CLASP2	PAFAH1B1	CLASP1	SGOL2	TAOK1	MRGPRX2	ADARB1	INCENP	NUP37	CENPA	BIRC5	NUP85	NUP107	NUP43	NDC80	AURKC	TNRC6C
961	1.0	HSPB7	BBOX1	HSPB6	HSPB3	HSPB8	HSPB2
962	1.0	ABCD1	ABCD3	ABCD2	MEST
963	1.0	IPMK	FUT8
964	1.0	TRPV5	PLA2G4C	S100A10	CALB1	TRPV6	IMPA1
965	1.0	RP11-22B23.1	DSCC1	DDX12P	CHTF18	DDX12	PFDN6	PFDN2	FOLH1B	VBP1	PFDN4	STAP1	NAT12	PFDN5	ESCO1	MARS2	TBCE
966	1.0	TAF2	AL356585.3	TAF1	ANP32E	TAF5	TAF12	TAF9	ATG4D	TAF6	RNGTT	TAF7L
967	1.0	HPGDS	HK3
968	1.0	TAC1	PBK	VOPP1	MAP7D1	CRIP1	GPRASP1	CRIP1P4	GLYAT	TAC3	OFD1	CCRN4L	GPRASP2	C8orf33
969	1.0	CAV3	HMOX1	CNTN4	NOS3	DES	TNNT2	JPH2	AKR1B1	BLVRB	GJA1	MYL2	PTGS2	NOS2A	ZNF253
970	1.0	A2M	SPACA3
971	1.0	EIF3C	EIF3D	EIF2S2	EIF3E	EIF3A	EIF2S1	EIF3J	EIF3K	ALPI	EIF3B	EIF3I	C10orf28	EIF3G	EIF3H	EIF1AX	EIF4A2	EIF4B	EIF2S3	EIF3F	EIF4H
972	1.0	AP2B1	MEA1	DHX58
973	1.0	GUCA2A	SLC22A12	GUCY2C	PDZK1
974	1.0	NEBL	KBTBD10	CTNNA3	ACTN3	PALLD	RAVER1	LRP12	NRAP	PDLIM1	MAGI3	COL17A1	MYOT	PIP4K2A	PIP5KL1	ACTN1	CDK5R2	ACTN2	TNN	ACTN4	PIP4K2B	PIP5K1C	PIP5K1B	ADORA2A	CTNNA2	MYOZ3	PIP5K3	MYOZ1
975	1.0	SEZ6	ITFG2	RASGEF1C	HSH2D	TNK2
976	1.0	ZC3H12A	NOMO3	CLDN4	PSTPIP2	CECR5	FYTTD1	APEH	SORD	TSPAN7	APOBEC3D	CD177	RMND5B	UBE2O	TMEM22	SEMA3F	NOMO1
977	1.0	CTNNA1	CTNND2	CDH15	CDH1	FAM84B	BOC	VEZT	PTPRM	CBLL1	AJAP1	PKP4	KLRG1	CDH11	ARVCF	ERBB2IP	CDH3	PDZD2	CA9	LEPROTL1	CDON
978	1.0	HNRPK	HNRPF	HNRPM	HNRNPC	HNRNPU	SF3B2	HNRNPA2B1	THOC4	HNRPH1	DHX9	YBX1	HNRNPR	SF3B1	PTBP1	SNRP70	SF3B3	SNRPD2	HNRPD	LDHAL6B	HNRNPA1	RAVER2	ASCC3L1	HNRPH2	ZMAT3	IREB2
979	1.0	TRIM31	SETD5	ZBTB43	SOHLH2	BANP	FATE1	SPATA2	ZFAND6	C5orf55	ZNF165	CHMP2B	TCEB3B	LZTS2	TRIM37	UBXD5	ZNF250	APEX2	CCDC130	CEP72	FBXO28	DLG7	C7orf30	RFX3	TCEANC	USP2	ZBTB25
980	1.0	RUSC1	SMPD1	SORCS3	NGFR	NTF5	ASAH1	GALK2	NGFRAP1	TTC35	TMEM205	NTRK3	BRP44	ZNF274	NTRK1	COX4NB	NTF3	CADPS2	POFUT1	CENTG3	COASY	TMEM77	NTRK2	BDNF	NGFB	LANCL2	C14orf122
981	1.0	FRMD5	TH1L	AAMP
982	1.0	CTSG	HPN	KNG1	PLAU	F3	SERPINI1	CTSK	AMBP	AMOT	PLAT	KLKB1	F12	KLK6	TFPI2	SCG3	PCOLCE	CPB2	LPA	HGFAC	F2RL3	CHGA	F2RL1	PLG	SERPINB13	CXCL2	SERPING1	ELA2	ST14	MMP12	CLEC3B
983	1.0	CENPB	TIGD6
984	1.0	LRRC45	THAP11
985	1.0	C20orf185	UBE2F	STAT1
986	1.0	POU2F1	GLRX2	POU5F1	FOXD3	PDXDC2	SOX2	HMGB2	RPAIN	POU2F2	POU2AF1	TXNRD1	NPAT	BRF2	MS4A14
987	1.0	PMAIP1	MCL1	BCL2A1	BNC1	GIMAP4	BIK	BOK	BAX	GIMAP5	BMF	BCL2L11	HRK
988	1.0	LRRC48	DCTN2	BICD2	DCTN1	DCTN4	BICD1	ACTR10	FUNDC1	DYNC1I1	SPTBN2	MTHFSD	SLC25A10	DCTN3	MARCKSL1	RPGR
989	1.0	TUBGCP6	TUBGCP3	TUBG1	TUBGCP5	DYNC1LI1	TUBG2	PCNT
990	1.0	STX5	GOSR1	YKT6	GOSR2	CXorf9	STX17	BET1	BET1L	SCFD1	SEC22A	FMO1
991	1.0	AGER	ECD	S100Z	S100A1	S100A12	S100P	PLB1
992	1.0	COL5A3	CD93	COL5A1	ITGA11	MATN2	SPARC	COL1A2	TMPRSS6	COL14A1	THBS1	BGN	DCN	BMP3	COL1A1	TGFBI	MMP9
993	1.0	CLDN5	CLDN2	CLDN1	CLDN7	CLDN3
994	1.0	DRD1IP	DRD1
995	1.0	CRLF1	THPO
996	1.0	CD74	HFE	LILRB2	KIR3DL1	KIR2DL4	HLA-A	LILRB1	HLA-DQA1	CD3E	TRAV20
997	1.0	ZNF277P	DDX4	C20orf67	TXNRD2	RBBP6	PRPF38B	ZNF295	SNURF	WBP2	POLR2J3	ZFP161	NARS2	CXorf26	EIF2C2	DPH1	PPIL4	C5orf37	SREK1IP1	ELAVL1	NPM1	WDR33	SPG20	CMBL	TPK1	C19orf2	MTAP	LSM1	UQCC	EVI5	N4BP1	C1orf35	MIZF	KHK	PAIP2	PRMT1	KCNH5	SNRPN	CENTA1	C5orf22	SARM1	RBM3	C6orf203	PAIP1	SFRS18	C9orf41	TBP	SART1	IBTK	ATAD5	STRAP	C19orf29	ZNF384	NKAP	TRIM56	SETX	GEMIN4	SSU72	CNBP	AHI1	PUF60	PRMT3	BCAS2	KIN	UBE2W	CPSF4	STAU1	WARS2	CWF19L2	ICK	RMND5A	SMYD2	KIAA1107	RNF40	SYNCRIP	C20orf11	CPVL	CTCF	SMN2	ATP9B	CTDSP1	SFPQ	C16orf57	SYT8	USP52	DEGS1	WDR59	DSPP	KIAA0859	UBR5	AMOTL1	POP7	TOP3B	ZFR	RBMS1
998	1.0	FIS1	ATXN3	RNF5	MICA	TOM1	UBASH3B	RNF168	POLI	ABHD1	OTUD7B	VPS36	ADAM19	HERC3	FAM108B1	CCDC50	AIPL1	PIB5PA	UCHL3	TAX1BP1	DTX1	ZRANB1	RNF5P1	UBC	CCDC127	DNAJB2	UBB	MARCH5	PM20D1	RNF11	RNF43	APOBEC3G	OTUB1	ERN1	NUB1
999	1.0	MZF1	ZNF263	RECK	SRA1	PLXNB1	LMBR1L	KL	TDGF1	GALNT10	HPCAL4	C12orf31	LUM	KCNV1	KCNB2	NPR1	GCGR	WNT3A	SLC39A11	ERGIC2	MLYCD	S100A13	RND2	COBL	VCAN	BPI	ADAMTS4	FLT4	CCL14	FRS3	TRAK2	TIMP1	TSPAN3	SSX4B	YTHDF2	SERPINB1	ZBTB1	TGFBR3	ANTXR2	C1orf156	ZNF434	JPH3	ANGPTL1	UBE2Z	C6orf15	CLYBL	ADORA2B	AP4B1	ITGB1BP2	LCN1	SH3GLB2	HOMER1	ACVRL1	NBPF3	CCDC158	MCOLN1	DMBT1	PRSS2	ZNF167	SERPINA3	CXCR7	CHRND	MARCH2	FNDC3A	DPT	ORM1	ACCN3	HMP19	STARD7	PTH	PRG2	ANKRD13A	C1orf116	LAMP2	CTSE	PZP	PAPPA2	CTRL	CACNB3	LIMD1	FOXE1	ABP1	PUNC	EFHC1	ZBTB5	COMP	TRIM25	CTRC	SEMA4A	CRHR1	ULBP2	FSTL3	ZNF496	TNFRSF11B	GPC5	N4BP2L1	SPTBN4	SHKBP1	TSHB
1000	1.0	RNF13	PTCH1
1001	1.0	ATP6V0A2	PSCD2
1002	1.0	PPIL1	ATOH7	SBNO1	DLL1	NEURL1B	AGGF1	RFNG	DLK1	ANKRD39	GTDC1	SNW1	JAG2	NOTCH1	RBP3	DNER
1003	1.0	DERA	PRMT9	UBE3B	PAAF1	GIYD2	TAP2	NSUN5	SLX1B	RPUSD2	DCLRE1B
1004	1.0	AP1S2	AP1B1	AP1M1	AP1M2	AP1S3	EHD2	AP1S1	EHBP1
1005	1.0	CERK	KIAA1166	CENTD2	ZCCHC6	ZIC2	PACRG	DALRD3	CWC15	IPP	MRPS24	KCMF1	TRAIP	DTX4	C11orf60	TMEM216	PTRH2	CACNG5	BTBD17	DGCR14	ZDHHC11	TLX3	MPDU1	ARIH2	DUOXA1	CCDC149	SLC1A6	MRPL40	ZMYND17	BARX1	MAEL	ZCCHC4	C10orf63	IRF2BP1	CACNG7	ARFGAP3	HLX	C9orf85	C9orf68	NHLH1	NEURL	SH3BP5L	FAM133A	EN1	TMEM53	CREBL2	EML4	LSG1	CCDC12	FMO5	C2orf33	C10orf83	DHX35	UNC84B	C3orf60	RNASEH2B	IK	RNF146	CCDC114	SOLH	LMX1B	WTAP	RBM22	FKBP15	ZBTB8OS	TSR2	C14orf130	ARL6IP5	HBS1L	CTNNBL1	LAMTOR4	KPNA3	ANKFY1	EXOD1	HECW2	CCDC13	MSRA	AC004381.6	IFT88	CXXC1	OPN4	C14orf164	C22orf23	CCDC75	RALGPS2	UPRT	XPO6	ZNF800	ACOX1	TMEM48	TSSK2	TSSK1B	EFHC2	CBR3	ZFYVE19	GSC	WDR91	MOCS3	HOXB2	KIAA0196	TAGLN3
1006	1.0	QRSL1	PET112L
1007	1.0	RNPC3	TMEM186
1008	1.0	STC2	ADAM11
1009	1.0	SYNJ2	MARK1	TCP10	DTX2	DOCK7	ITCH	KCTD20	PARD3	PARD6A	KLHDC2	CRTC2	KIAA0802	TRIM32	GPRIN2	LLGL2	RNF41	ST5	TMCC2	EDC3	PARD6G	RHPN2
1010	1.0	HTATIP	ZNF219	UBE2L2	TOPBP1	CTNNAL1	PHF17	PIAS4	RYBP	NUP62CL	SENP1	ATRX	C11orf65	SNIP1	TRIM27	MKKS	KCNK1	CCNE1	OS9	PIAS2	TTRAP	MYNN	SUMO3	CHEK1	RAG2	MRFAP1	JARID1B	RNF19A	EGLN1	SUMO4	FAM113A	CHFR	ETV6	DHX30	SEC23IP	YY2	NDFIP2	PURB	SUMO1P3	IFRD1	SUMO2	RANBP6	WWP1	TGIF1	HHEX	UBOX5	RWDD3	BARD1	PTMS	NAV2	HOXA6	GCSH	CDC34	FAM135B	ACRC	RNF14	FXYD3	SENP2	OGT	HOXC4	WWP2	PEX16	PARK7	MUTYH	NR4A2	UBE2L6	MXD1	KLF6	MYCN	DAXX	RNF8	MDM4	ZMIZ1	BTBD1	AMY2B
1011	1.0	KRT2	ANKRD11	CREBZF	PPP4R1	NR0B1	HBP1	RNF111	HDAC3	SREBF1	ZMAT4	SP3	PPARD	KCTD15	GMEB1	IKZF5	DAP3	GCM1	NFATC2IP	ELK3	TMBIM1	ZFPM1	SIAH2	C10orf54	NR2F2	ZBTB32	SCEL	NCOR2	OASL	GTF2IRD1	ATF5	SP7	DACH1	NR2C1	MBD1	ATF7IP2	HIF1AN	GFI1	TXNIP
1012	1.0	HMGN2P8	HMGN2
1013	1.0	ZNF594	GOLGA2
1014	1.0	UBN1	CCDC91
1015	1.0	FIBP	RNF32
1016	1.0	CTSB	CPE	CALR	CETP	PCSK5	PCSK2	GC	CRYAA	FCER2	LPL	GZMB	SLC4A4	HTR3A	HMOX2	TNFSF5IP1	BRI3	RYR2	CRB1	ST13	APOB	SLC39A7	BACE1	ACCS	MYO15B	SPHK1	CRYGC	PKP1	ITIH2	CTSD	CANX	MBL2	APOD	KCNMA1	KLHDC5	GPLD1	ANXA5	PCSK9	USH2A	SPHKAP	RCN3	ATRNL1	COL10A1	SAA2	INVS	TG	METTL20	SERPINB2	HSP90B1	DSP	ZMYND19	AMY2A	ZP3	MTTP	OLR1	TRAPPC6A	SCARB1	PRF1	GFAP	PRAF2	SLC6A19	MFI2	SLN
1017	1.0	RIN2	GLMN	SLC2A2	MKI67	ATP5G2	SPRED1	PIM1	EXT1	USP26	C2orf25	CD40	PAPD1	CRYAB	TTC14	SUV420H2	ROBO1	ATP5G3	CISD2	PHIP	SCG5	SNX1	USP16	AMD1	C2orf30	ZBP1	ANXA1	NOVA2	PDCD6IP	DNM2	GJA5	CKAP4	VPS13A	UROD	MMRN1	FAM151B	WDR25	TBRG4	CAT	MTMR3	KATNB1	OSTF1	TNPO2	RB1CC1	SLC13A2	ZSCAN5	TUFT1	KATNA1	CMIP	DDN	VPS39	CNTNAP5	SWAP70	TMEM132A	SLC30A7	STMN1	SPHK2	WWC1	BRCA2
1018	1.0	PCBD2	INS	RUFY2	ALOX12	PLP1	GDF11	CTGF	MDK	CXCR4	GAS6	PLA2G1B	UBL5	APBB3	WISP2	CALCA	CR2	IFITM1	STAP2	PLA2G2A	CD55	TNFSF11	GUSB	PDGFA	GPC4	FLT3LG	GAST	CD14	HBEGF	CALCR	PLAUR	COL25A1	IAPP	APBA3	FGF2	CAMLG	TBX21	CHRNA7	ADAM17	GPC1	IL8	TYRO3	SRGN	APBB2	USP47	CES1	COL18A1	MERTK	ADAMTS1	CRP	LDLR	PCSK1	IGFBP7
1019	1.0	ECHDC3	ATP5B
1020	1.0	CDK5RAP2	ABCA2
1021	1.0	ASCC2	IGSF9
1022	1.0	PDPK1	SPTY2D1
1023	1.0	B3GALT4	GBF1	AZU1	TMEM185B	DDX19B	TTK
1024	1.0	ARHGAP1	RDH13
1025	1.0	FAM185BP	IFT122	FAM185A	SPO11
1026	1.0	ALDH2	FAM45B
1027	1.0	TTC5	CKAP5
1028	1.0	NAP1L1	TTLL10
1029	1.0	ZNF259	BLCAP
1030	1.0	TMEM43	RCN1
1031	1.0	C1orf57	YWHAE
1032	1.0	CDX1	LEF1
1033	1.0	APC	RP1
1034	1.0	HRB	PAPLN	DYM	TBC1D22B	SLC37A2	PRODH	CYB5D2	C16orf35
1035	1.0	PPIB	MFSD7
1036	1.0	PTK2B	PITPNM3
1037	1.0	HSPA8	PPCS
1038	1.0	CHRNB1	HNRPH3	SLC25A26	ECH1	PPP1R8	PRKRAP1	FKBPL	RBM23	GSTO1	ARL15	APLP1	C1orf174	PDZK1IP1	UBR1	BRD7	KIF22	AAGAB	FEZ1	MYST2	TMSL6	ARL4D	C9orf25	AGR2	TP53I3	TOMM20	TXNDC9	PTPRS	C16orf74	CRELD1	OLFML3	C16orf24	AKTIP	KLHL20	RP2	ZHX1	NAT9	C15orf29	GIPC2	POLDIP2	ACP5	FXR1	NAP1L5	SCO2	MAGEH1	ABCD4	COL9A2	CDKN2B	ADAMTS9
1039	1.0	LRRK1	SNX5	PLD1	CHN2	SYT11	INTS8	GABRR2	CNN1	RPS6KA4	PTENP1	SYP	NOSTRIN	NCKIPSD	KCNIP3	ECT2	CDC42BPA	EPB49	C1orf165	MRPL20	AKT3	FSHR	ARHGDIA	CABP1	CLIC5	KLHL17	SH3D19	TAGLN	AQR	DENND1A	REPS1	NHS	LLGL1	TSC1	RAP2C	UBE2G1	HOMER3	ANK2	NOSIP	MAP2K5	AKAP1	OCLN	WDFY2	AKAP13	PRKCE	TRAF4	LRRC7	PTHR1	AKAP5	PRKCI	RASSF7	PIK3AP1	MYL9	ARHGAP5	TIAM2	SESN3	TJP2	FGD6	FEZ2	WNK1	RALBP1	ACADSB	TRIO	RCAN1	PPP1R14B	CAMK4	ROCK2	VSNL1	RALGPS1	SYT9	SLC9A1	PYGM	MYO18A	SPOP	PTPN13	AKAP11	CACNB2	KIF1A	PPP1R9A	RHOQ	GLI1	KALRN	PKD2	CABIN1	SPTB	SLC6A3	CLIP1	EPB42	CFTR
1040	1.0	ACTA2	ZFP36L1	ILK	DCLK3	ISCU	METAP2	S100B	RAP1B	DNAH1	DNAJC6	DHODH	BCAR3	TH	FAM136A	HSD17B4	PYGL	RNF128	MKNK1	CAMKK1	WEE1	PDRG1	CLTC	PPP1R15A	EIF4EBP1	PICALM	ABCG2	ATPAF1	METTL1	WDR4	MEMO1P	PRKD3	LYST	PPM1G	ROCK1	NEK1	MYH1	USP9X	MAPK7	SGK	EEF2K	PARK2	LIN28B	NEDD4L	PRRG2	MAPK14	TERT	NOM1	CSNK1A1	MAPKAPK2
1041	1.0	NFYC	ETV7	SS18L1	KLF5	NEUROD1	POLE4	C6orf153	REXO1	CXorf45	N4BP2	PSMC3IP	KLF2	TCF7L2	CENPJ	ADAMTSL3	INSIG1	HEXIM1	GATA6	RORA	HOXC6	C18orf16	ZNF76	EAF2	TACC1	GABPB2	CUTL1	FOXC1	SNAI2	MEF2D	HAND2	SMYD3	ONECUT1	ZFPM2	KLF13	MGMT	IRF1	CTBP1	RGS6	IRF2	DRGX	GSTT1	PAXIP1	FOXG1	FOXA1	WWTR1	FOXO1	HEY2	RNF38	MAFA	ZNF131	SUB1	PITX1	BTBD14B	PGAM5	RNASEH2A	ZNHIT3	CTSF	DDC	GABPA	UBTF	RSPH3	STON1	SCAP	PROX1	CDX2	GDPGP1	KIF4B	USF2	ZNF330	PPRC1	NFYA	DR1	USF1	DRAP1	GATA5	NUFIP1	NFYB	TBX2	RNF165	SMS	MDFIC	NR5A2	TACC3	FOXO4	TSSK4	FAM60A	TACC2	EVX1	SREBF2	MGEA5	ZBTB17	TTF2	UXT	PITX2	PAX8	ZNF703	HOXB3	HAND1	TWIST1
1042	1.0	UBN2	HOXB7
1043	1.0	BCAT1	IARS2	SND1	XPNPEP1	ATPBD4	AK3	CTDSP2	GPX4	EDEM2	GRHPR	C12orf10	YME1L1	C9orf103	DPH2	HEBP1	GPD2	MUC17	C1orf34	SUGT1	TMOD2	MAK10	UNG	SESTD1	SRXN1	FIG4	NSMCE4A	WDR45	C20orf95	UGCGL2	SLC35D1	LTB4DH	CYB5B	ADI1	MAGEB16	CLCN5	POLDIP3	C9orf52	CCBL2	CHORDC1	FMO6P	AUH	NUDT10	ADCK2	HFM1	ABCC1	MSRB3	TSSC4	TPM3	TESC	GOT1	TMEM120A	CTDSPL	ALG3	METTL14	AFF3	CLN3	GGT2	FLAD1	MDH1	ASCC1	GGPS1	PRRX2	ZDHHC15	PROSC	SDPR	SLC16A12	IPO8	SLC43A1	SLC9A6	TUSC4	SLC34A1	DPYD	NR2E1	ABCB1	GFM1	UBE1	TTC4	THADA	NUDT11	SLC20A1	PRPS1L1	PRPS2	DIP2B	FAM13C1	HORMAD1	C22orf25	C3orf28	NANS	PSAT1	CAND1	DUS1L	WIPI2	ALDH4A1	SLC25A28	TPM3P4	GGT3P	HSPE1P11	MLL5	C13orf21
1044	1.0	TMEM85	SLC24A4	MBOAT2	PTPLA	SGPP1	SGPP2	SLC35E2B	SLC35E2	SGPL1	TMEM30A	PIGW
1045	1.0	KIAA0562	UBE2V1	ACLY	TATDN3
1046	1.0	TUSC2	DHX16	SELE	PERQ1	FLYWCH1	PLD2	CTLA4	GAD2	TUB	SNCA	SNX2	HMMR	PKD1	PTPN2	CENTG1	CD2AP	PDLIM5	BCAR1	CAPN2	PTPN4	UHMK1	YES1	DAB2IP	GABBR1	TGFBR2	CYP27A1	NRG1	RUFY1	GJB1	SNX4	DAB2	EPHA3	TGFB1I1	SIGLEC10	PPP1R1B	FGF1	ANKRD17	CAPN3	KIAA1598	NISCH	CYP4F2	ANKS1B	CDCP1	GSS	DDR2	PRKCD	GABRR1	DDX41	DDEF2	LCT	KHDRBS1	PTPRF	RBM35A	DAK	VIL1	APBB1	FLOT1	CAPN7	IFT80	PTPN21	FLNC	MICAL1	NKX2-1	GABBR2	TNS1	PRKCH	PITPNM2	DYSF	EFNB1	CD48	ADAM10	SNX6	SORBS1	ADAM12	MPZL1	MIDN	GAD1	NMT1	ARHGAP12	FNBP4	ATP2A1	SNX9	FABP4	SORBS2	NBEA	CAPN9	TIAM1	PRKD1	ADD2	AGK	PTPN3	NEDD9	JUP	AGPAT4	KIF13A	PLCXD2
1047	1.0	ALS2CR12	MCAM	SH2D3C	CD97	SULT2B1	AFAP1L2	PTPRA	AVIL	PDE6G	HEXA	SCARF1	DGKA	SLC9A2	ABCG5	GM2A	SRC	KIAA1219	HCN2
1048	1.0	POLH	SLC45A1	SOX6	WDR76	GLYR1	JAZF1	ATP10D	NLRP2	FOXK2	DAGLB	TNPO1	POLE2	RCC1	TMCO4	BTAF1	IDE	H1F0	PPA2	POLR1B	AIFM2	DEAF1	CHRAC1	GPD1	POLE3	KIAA1009	UBE2H	PISD	MIOS	GPCPD1
1049	1.0	CUL3	DCUN1D1	COMMD2	NEDD8	UBE1C	C1orf179	DET1	CUL2	CUL4A	ATRN
1050	1.0	FAM124A	GPBP1L1	KLHL12	PRR13	DPPA2	VTA1	DPPA4	C19orf57	CEP76	ALS2CR11	RAD54B	PJA1	INPP5K	ARMC7	PSME3	ZNF451	PPP1R37	RNF183	CARD9	ZNF337	SDCBP2	PLEKHF2	ENOX1	SSSCA1	CEP70	C20orf195	CCDC19	MID2	CDC42EP1
1051	1.0	TAP1	TAPBP
1052	1.0	FAM96B	CLPB	TTLL9	TIGD4	LPIN1	ARMC3	PGM1	GUF1	P4HB	ISYNA1	SOD1	BCCIP	LIG1	FAM63B	SACM1L	WDR89	PCYT1A	FKBP1A	CARNS1	UTX	USP5	TOMM40	PMPCB	SELO	MPST	DTYMK	CETN3	CKS2	C1GALT1	MYO5B	UCKL1	GOLPH3L	ALDH3A1	COG3	SPATA13	NME2	USP46	C6orf157	C19orf40	CSNK2A2	NUS1	RRAGB	DNM1L	DMC1	IVL	GALT	PRUNE	SNX30	OTC	DFFB	MECR	EFTUD1	ABCG8	NTHL1	NES	RNF20	R3HDM1
1053	1.0	URM1	NUDT12	BRAP	DPH3	RRS1	VAPA	GNPNAT1	CDC42BPB	MAEA	NACAP1	PARS2	EDEM1	PIGB	MSI1	PHLPP	ZCCHC7	RBM4	THOC2	SKIV2L2	ZNF827	CSN3	DNAJC21	EARS2	PPM1D	CUL4B	ARIH1	HDDC2	TPPP3	SRP19	EIF6	HEMK1	DOHH	BAT4	ZC3H14	HDLBP	BCS1L	YPEL4	OSBP	SRP54	OGDH	C9orf32	PPP1R7	TUBB1	PHB	ZNF346	PSPHL	C2orf29
1054	1.0	TRUB2	C9orf78
1055	1.0	FAM131C	NANP	SPATC1	COL4A3BP	DYNLT3	SEC61B	KCNIP1	STX18	TTBK1	PMVK	CCDC22	MYO16	LETMD1	ZNF197	PPP1R1A	CCDC53	BRK1	MPPED2
1056	1.0	RTN4	PPHLN1	FHOD1	PTHLH	ANG	LGALS4	ENSA	DYNC1LI2	HIP1	COL6A2	CPNE2	MTG1	LPXN	SLC35E1	SCAPER	ANXA13	ME2	FTL	RTN4IP1	C2orf18	ITSN2	MYBPC3	LAG3	C11orf2	C2orf69	CACNB4	RIC8B	ST3GAL4	MAP1A	SLC1A1	KY	EMD	ITGB1BP3	DLG5	EPN2	C3orf15	LASP1	SCYL1BP1	NUAK1	CCL20	RLF	VPS25	LPPR3	SCN10A	SGSM2	SLC4A1AP	FBLIM1	ICA1	CPNE4	KIAA0913	HMBS	PRDX3	NPC1	PLEKHC1	SNAP29	TM4SF1	TGM2	LGALS3BP	LRPAP1	STAR	RSU1	C7orf25	TFCP2	ACP6	LMAN1	YLPM1	ARHGEF15	SAMD14	PHPT1	HLA-C	ISG15	LYZ	PIP	PFN2	SLC6A4	NSF	NBR1	ANXA4	HK2	IQCG	JPH1	S100A4	ST3GAL3	LIMS1	TCAP	SNCAIP	CNTROB	UBQLN2	RGPD4
1057	1.0	GRID1	SPAG5	B9D2	USP6NL	NFXL1	DFNB31	CRYL1	OCIAD1	COQ5	RAB11FIP3	EPS8L2	RAB9A	RAB25	SLIT3	EML1	CASKIN1	ATP6V1B1	GTPBP5	TGFA	TSPYL2	FCHSD2	KIF17	ADA	MYO7A	TBL1Y	MAGI1	MACF1	EPS8L1	MAGI2	KIF5C	NRG3	CDK5R1	SNCG	DCX	LAMP1	MAPRE3	RAB11A	CASK	TCEA2	GEM	TAX1BP3	STK36	CPEB1	GRID2IP	RABIF	SCARB2	ARF5	AP3M1	ERF	ZDHHC23	TBR1	ROBO2	GBAS	RTDR1	KIFAP3	RAB11FIP4	ZFHX4	GBA	TRIM23	GORASP1	PLEKHB1	ADRB1	ERC1	DNAJC5	EML2	EPB41L1	GALNT2	RAB13	SCRT1	TMF1	ULK1	TNNI3K	MAN2A1	ARFIP2	ZMYM4	SLC16A8	MCF2	GOLGA1	BUB1	FABP3	CU179654.1	C3orf63	MAPRE2	PRB4	AQP4	DCHS1
1058	1.0	ADIPOR2	RAB8A	C9orf5	CHML	APPL2	RAB5B	RABGEF1	EEA1	RAB5A	RABAC1	CHM	ZNF364	GOLGA5	OCRL	RILP	RAB4B	RAB22A	KIF3B	APPL1	RAB17	RAB4A
1059	1.0	OLFM2	NBAS
1060	1.0	CMPK	RRM1	DAD1	RAB5C	SEC11A	ECHS1	NARG1	ATG5	HSPE1	PREP	SAE2	DSTN	RANBP1	PDCD5	GLT8D3	YARS	BTF3	KCTD12	IRF5	TAGLN2	MIF	PTGES3	NAT5	PDIA4	SEPT2	PEBP1	HSPB9	PGRMC1	LTA4H	RIPK5	ACAT1	S100A11	NP	GRPEL1	APRT	TFRC	TKT	UBE2L3	SBDS	STOML2	UBE2M	MTPN	NPEPPS	SNX3	RAB21	UCHL1	ACAT2	NUDT5	HINT1	MPG	C19orf10	PITPNB	TXNDC17	HSPA4L	EIF3M	TALDO1	FH	PAFAH1B2	CKMT1B	VAMP3	PA2G4	RHOC	HPRT1	RAB7A	FKBP2	CACYBP	MAT2A	EEF1D	CSTB	PRKCSH	TIMM13	CSDE1	COTL1	LRRC59	GSPT1	HIP2	LYPLA1	FBXO11	CYCS	ATP5O	PLP2	TSN	FHL1	ACP1	ETFB	DYNLRB1	AK2	HRSP12
1061	1.0	AFP	C14orf156	ALDH9A1	ERP29	DDT	GLRX5	LRRC40	HLA-B	SAR1A	C6orf125	ESD	ADSS	RAB14
1062	1.0	SAMD8	C1orf27	METTL2B	DNAJB5	QRICH2	RNF185	C4orf14	BTBD10	SPARCL1	ACOT9	VWA5B2	LRCH1	NUDT3	PELI2	C7orf50	TBC1D8	ATPAF2	ACADL	BLMH	SYNE1	CNOT10	SEPT7	VPS29	HPCAL1	LXN	ASPG	FOXA3	LSM14B	C6orf57	DNAJB4	DBR1	C3orf31	VPS26A	MBTD1	MRPL18	ABHD11	PYROXD1	C20orf43	ENO1	ARHGEF40	ATXN7L3	C11orf49	LIPT1	USP30	TRIM9	CTSL2	WBP5	ANLN	MOBKL2B	TOMM7	MCRS1
1063	1.0	TNFRSF14	MLF2	KYNU	FADS3	FDXR	TXN	SLC27A4	AIMP2	FHIT	ADRM1	BRP44L	SNX27	ZNF675	RBM15B	MYCBP	RNF167	FBP1	SDCCAG8	RIOK3	STK32C	RNF139	CASP4	ASXL2	SCYL1	MOBKL1A	ATIC	ATXN2L	MRPS18B	G6PD	PHCA	TIMM8B	AMPD2	NEK6	COX4I2	SEC61G	CALML5	THAP4	RNF126	DBI	PIN4	RABEPK	ELOVL1	CMYA5	NDN	KCTD5	ARL8B	SMPD2	ECSIT	TOE1	INTS1	DGKI	TBCB	MTHFR	PHACTR3	CBWD1	WRNIP1	AGL	NAT13	S100A7	IDI1	TSSC1	TBCD	WDR8	TNFRSF10D	KCTD2	AGXT	DHCR7	MYH4	FXN	USP33	TBCC	TIMP2	DDI2	UBAC1	STK24	MAGED1	LIAS	C7orf20	TMEM55B	TELO2	ARFGEF1
1064	1.0	PPCDC	HIVEP1	PSD3	C12orf26	TDRD7	HEXIM2	SPSB1	SIRT4	ABHD14A	RPL39P5	NCOA5	ZNF444	WDR44	MINPP1	ARF6	CYHR1	SAP18	LIX1L	LIPA	RAB40C	EIF1	SRM	SETBP1	FAM46C	STAU2	RAD23A	DGKQ	DNAJB9	SET	QTRT1	C14orf44	RADIL	DPAGT1	PAN3	KIFC3	ZNF7	CIC	TLOC1	DCAKD	RUSC2	METTL3	KIAA1128	SLMO2	TEKT3	C9orf19	TBX6	UNC45B	MLX	TYW3	SUCLA2	RINT1	YEATS2	CCDC85C	CHAC2	NEK7	RAB1A	OPTN	PGM3	HMGCR	ANP32B	SEC16B	PCBP3	KIAA1432	ULK2	SMIM4	PRSS12	SRBD1	TFPT	NTM	MLXIP	LOH12CR1	TBC1D17	AP3S2	DECR2	C9orf126	EEF1E1	ACADVL	MRPL54	RAB11B	NRF1	SCYE1	LONRF2	ALAS2	PLS1	UBE2J2	TBRG1
1065	1.0	MAD2L2	LIPF	CENTG2	NUDT6	IGLON5	C7orf26	EMX2	NAGA	MPPE1	CCRK	RECQL4	EMX1	MOB2	FAM58A	IRF2BP2	KLHL5	NEGR1	MSI2	TBC1D23	INTS10
