1	1.0	IL11	IL29	IL28B	IFNW1	IL13	IL5	IFNE	IFNA16	IL28A	IL20	IFNA10	IFNB1	IFNA2	EPO	IFNK	CLCF1	LIF	TSLP	IL24	IFNA6	IL4	IFNA13	IL23A	CTF1	IL15	IL22	IFNA8	CSF3	IL7	CSF2	IFNA4	IFNA14	IL20RB	TPO	IL21	IL26	IL2	PRL	IL19	IFNA5	IL3	IL10	IL9	IFNA21
2	1.0	P2RX2	P2RX1	P2RX3
3	1.0	GNAT3	GNGT2	GNG10	GNG3	GNG7	GNG8	GNG5	GNG13	GNGT1	GNB3	GNG4	GNG2	GNG11
4	1.0	GHRL	MLNR	GHRHR	MLN	GHRH
5	1.0	TTLL1	C18orf10	C19orf20	LRRC49	NICN1
6	1.0	GPR151	GALR1	GAL	GALR3
7	1.0	GPR83	NPY5R	NPY1R	PPY	NPY	PPYR1	NPY2R	PYY
8	1.0	WNT2B	WNT5A	WNT11	SFRP5	SFRP1	WNT10B	SFRP2	WNT7B	WNT9B	WNT10A	WNT2	WNT8B	WNT6	WNT9A	WNT8A	WNT7A	SFRP4	WNT3
9	1.0	NSL1	CENPL	CDCA8	SPC24	CENPH	FAM33B	KNTC1	KIF2A	SPC25	CENPK	CENPO	MIS12	CASC5	CENPP	ERCC6L	CENPN	KIF18A	CORT	CENPT	CENPQ	KIF2B	MLF1IP	NUF2	MRGPRX2	SGOL1	DSN1	C18orf24	CENPM	SKA2	ZWINT	ZWILCH	C14orf48	NDE1	CENPI	BIRC5	CENPE
10	1.0	IGLV4-69	IGLV2-18	IGLV6-57	C1QC	C1QB	IGLV3-27	IGLV7-46	IGLV7-43	IGKV2-24	IGLV11-55	IGLV2-33	C1S	IGLV4-60	IGLV2-11	IGKV1D-42	FCGR3A	IGKV1-5	IGLV10-54	IGLV2-23	IGHV7-81	IGHV1-69	IGLV8-61	IGKV4-1	IGLV3-12	IGLV3-22	IGLV1-40	IGLV1-36	IGLV3-16	IGLV4-3	IGLV3-25	IGLV5-37	IGLV1-44	IGLV5-45
11	1.0	EXOSC8	PARN	C1D	COL23A1	FOXN3	ZFP36	DCP1A	LIPG	VWA5B2	XRN2	HSD11B1	INTS6	FERMT3	B9D1	EXOSC5	SKIV2L2	PPM2C	MPP6	RPE	USP16	KIAA0372	IFITM2	THUMPD3	DIS3	EXOSC7	TATDN1	SMG1	EDC4	LSM8	ARHGAP18	FAM63A	EXOSC2	NRM	EXOSC6	C21orf56	SKIV2L	PDPR	EXOSC10	DPP7	EXOSC4	MKRN1	SPATA20	USP21	XRN1	FOXRED1	EXOSC9	GNPTG	HECTD2	PTPMT1	MTMR3	TIPARP	DCP1B	C15orf23	MPZL1	LRRC8D	DCP2	EXOSC3	CHPF	UPF1	ZNF558	UPF3A	SMPD4	CDK5RAP1	EXOSC1	ISOC2	UPF2	WBSCR18	HIATL1
12	1.0	IL7R	IL22RA1	IL20RA	IL12RB2	LIFR	IL15RA	IL10RB	MPL	IL11RA	IL6R	IL23R	IL13RA2	IL13RA1	IFNGR1	IL2RA	IL22RA2	CSF2RA	IL21R	IL10RA	IFNGR2	IL28RA	IL5RA	IL9R	OSMR
13	1.0	BRS3	NMBR	GRP	NMB
14	1.0	MRC2	ZNF230	NDEL1	DIXDC1	CCSER1	C21orf45	ZNF211	ZNF17
15	1.0	COX6B1	COX8A	SURF1	COX6C	COX4I1	MT-CO2	COX7B	COX5B	COX6A1	COX7A2L	COX7C	MT-CO3	COX3	MT-CO1
16	1.0	KLRC3	TREM2	SIRPB1	TYROBP	NCR2	CLEC5A	TREM1
17	1.0	ROBO3	FAM83C	DBC1	LECT1	TXNDC2	FAM169A	SMPDL3A	MOCOS	ABCA6	QDPR
18	1.0	UQCRH	UQCRC1	UQCR10	UQCRB	UQCRC2	UQCRQ	CYC1	MT-CYB	UQCRFSL1	UQCR
19	1.0	MCF2L2	MEGF10	ALMS1	VWA8	ZNFX1	AARS2
20	1.0	RLN1	RXFP1	RLN2	RXFP2	RLN3
21	1.0	CGA	CGB2	CGB5	CGB8	CGB	CGB7	FSHB
22	1.0	ROPN1B	ROPN1	SPA17	ROPN1L	AKAP3
23	1.0	CCR8	CCL4L2	CCR3	CCL15	CCL1	CCL16	CCL3L1	CCR1	CCL26	CCL4L1	CCL24	CCL3L3
24	1.0	MED19	MED13	UCHL5IP	ATPBD1C	MED23	CDC2L6	MED11	FAM79A	MED8	C20orf142	MED30	USP49	MED13L	MED4	MED22	ACAD8	NOL8	TREX2	MED10	MED17	LUC7L3	MED27	MED18	MED12	MED21	KANSL3	DNALI1	MED24	MED7	CDK8	CHD9	MED26	MED15	MED28	MED14	GPR126	MED9	BARHL1	LEPRE1	MED6	MED16	MED29	MED20	ELL2	CCNC	ZBTB9	MED1	KCTD9	DHRS7B	PPIG	MED25
25	1.0	CCRL1	CCR7	CCL19	CCR10	RP11-195F19.5	CCL21	CCL25	CCR9	CCL27	CCL28
26	1.0	HLA-DRA	HLA-DOB	TRBV7-9	HLA-F	HLA-H	CD3D	TRDV2	HLA-DRB3	HLA-DMA	HLA-DPB1	HLA-DQB1	HLA-DMB	HLA-DPA1	TRAV29DV5	CD3E	HLA-DRB1	HLA-DOA	CD3G	HLA-DRB5	TRAV20	TRBV19	HLA-G	HLA-DRB4	HLA-E	TRAV8-4	TRBV12-2	TRAV19	HLA-DQA2
27	1.0	UROS	ADAM33	ITPRIPL1	UBQLN4	PCDH17	QSOX1	ZG16B	CEND1	ANKRD13D	PLUNC	PCDH8	SPAG8	CDSN	CCDC107	CCDC134	DKK3	EPDR1
28	1.0	PIGQ	DPM2	PIGH	PIGA	PIGP	PIGY
29	1.0	CHRNA1	CHRNG	CHRNE
30	1.0	KCNG2	KCNG3	KCNF1	KCNV2	KCNG4	KCNS3	KCNG1	KCNB1	KCNC1	KCNC2	KCNH1
31	1.0	MCHR1	DEFA5	AGRP	ASIP	MC5R	PMCHL1	PMCH	MC3R	MCHR2	ATRNL1	MC4R	PMCHL2
32	1.0	ARHGAP26	CARD6	LEPREL4	TTBK2	TRPM6	TCEB3CL2	GFRA2	PKN2	CHKA	TRPM7	USP18	CFHR4	ZNF655	GPR113	INHBE	PRDM15	HOXA3	NPAS3	SMTN	SLC5A12	PATZ1	GAS2L2	OR10H2	MIB2	LCORL	ADIPOR1	PINK1	RPH3AL	GPR103	C12orf11	STAB2
33	1.0	NDUFA13	MT-ND5	NDUFC1	NDUFV1	NDUFS5	NDUFS8	NDUFA6	NDUFB7	NDUFB6	MT-ND2	MT-ND6	MT-ND4	NDUFB2	NDUFB8	MT-ND4L	NDUFA1	NDUFB1	NDUFV3	NDUFA12	MIR4461	MT-ND3	NDUFS6	NDUFS7	NDUFA7	NDUFA3	MT-ND1	NDUFB11	NDUFB3	NDUFB5	NDUFA11	NDUFA2	NDUFS4	NDUFC2
34	1.0	ZNF193	ZNF434	ZSCAN21	SCAND1	ZNF167	ZSCAN20	ZNF446
35	1.0	TRIM46	C8orf42	ARHGAP44	VAT1L	BASP1	SBF1	KIAA1244	RAB3D	RAB3B	PDE1B	C2orf55	PCSK1N	SBF2	ROGDI	CNP	MTMR1	MAT2B	CAMKV	KIAA1468	RAB15	NAPB	DIRAS2	SYT2	PDE1A	HEATR5B	PLA2G12B	KIF21A	BAI1	HOOK3	C14orf166	ATP2B1	HSPA12A	NGEF	VAT1	SEPT3	SYT5	KIF21B	SV2A	SEPT11	GLTP	ACSBG1	SEPT8	TPD52L2	TOMM34
36	1.0	XCL2	XCR1	XCL1
37	1.0	APPBP2	C10orf137	SLC22A6	ODF3L1	PI4KAP1	KIF6	ZCCHC12	PI4KAP2	WDR24
38	1.0	C3	CPN2	VSIG4	CFHR3	CPN1	IGHV4-39	CFHR5	OLFM4	CFI	C3AR1
39	1.0	CRHR2	CRH	UCN2	CRHBP	UCN	UCN3
40	1.0	PCBD2	PTK6	DYRK1B	MET	PIK3CD	SRMS	CLK1	BMX	FRK	FER	SEZ6	SHC4	VEGFC	ART1	RASGEF1C	FLT4	IGF1R	VEGFA	FES	DYRK2	PIK3R2	FIGF	CPM	PIK3CG	PIK3R4	PDGFC	PIK3R3	PIK3CA	CLK4	HGF	STYK1	TXK	KDR	PIK3R5	FLT1	EGF	VEGFB	PDGFD	PDGFB	FGR	IGF1	C17orf38	HSH2D	SHC3	TNK2	BLK	PGF	PIK3CB	SEC14L2	TNK1	CLK2	TESK2
41	1.0	SEMA3A	NRP2	SEMA3B	SEMA3C	SEMA3D	NRP1
42	1.0	GGN	AZIN1	OAZ1	OAZ3	OAZ2	ODC1	GGNBP1
43	1.0	NPBWR2	NPB	NPW
44	1.0	PRR6	PPP1R10	ARID5B	ZNF174	ZNF687	ADARB2	ZNF768	ZSCAN12	ZNF362	RSBN1	RBAK	FAM120C	ZNF317	RREB1	ZNF592	ZNF462
45	1.0	HDHD3	DDAH2	TRIP13	SIGLEC5	FAM69A	SEMA4G	ARL11	KIAA1609	PLAC8	GLYCTK
46	1.0	OBSL1	AGA	F7	CFB	C4B	PLA2G4F	PF4V1	IGDCC4	SACS	AMPD3	ZNF292	HPX	KRT13	C4A	APOC2	OR3A2	CTAGE5	KIAA0232	KRT6B	ITIH1	PCDH1	CFD
47	1.0	LOC652694	MASP2	IGHV	MFAP4	APCS	C1R	FCN3	LY6E	FCGR2C	C1QA	IGLC2	SFTPA1B	PTX3	DMBT1	SFTPA2	SFTPA2B	HRG	IGHG4	IGHV4-31	FCN2	FCN1	CRP	FCGR3B	SFTPD	IGLV2-14	MASP1	IGKC
48	1.0	GDF7	BMP6	AMHR2	GREM2	GDF5	BMPER	BMP8B	BMP7	BMP4	CRIM2	CHRD	BMP5	BMP8A	CHRDL1	MGP	TWSG1	CHRDL2	NOG	BMP2	AMH	SOSTDC1	TLL1
49	1.0	SIGLEC12	CD300LF	SIGLEC11	KLRB1	PTPN6	LILRB4	CLEC4A	PILRA	CUZD1	CD33	TREML1	CMAS	C6orf25	LAIR1
50	1.0	HRH2	ADRB3	HTR6	ADCY4	HTR7	GNAS	ADCY10	CHRM5	PTGDR	ADCY9	ADCY7	GNAL	HTR5A
51	1.0	ZFP91-CNTF	IFNG	IL6	LEPR	EPOR	CBLC	IL31RA	IL3RA	SOCS3	SOCS6	CRLF2	CBLB	IFNAR2	IL12RB1	IFNWP18	SOCS2	IL12B	SOCS5	CSF2RB	OSM	NUSAP1	SIGLEC6	IFNAR1	SOCS4	CRLF1	TYK2	JAK3	IL4R	JAK1	IL2RB	LEP	CSH2	GHR	CSF3R	IL2RG	CNTFR	SOCS1	IL6ST	THPO	GH2	IL12A	PRLR
52	1.0	C8A	C8B	RFFL	C6	C7	C9	C5	MMEL1	C8G
53	1.0	SERPINB8	SGCA	SGCD	SGCB	SGCG	SGCZ	SSPN	SGCE
54	1.0	ZNF607	IQUB	ZNF679	C18orf56	ZNF707	ZNF559	ZNF136	BAALC	MDFI	C19orf60	C20orf75	RP11-262H14.4	AQP5
55	1.0	RPP25	POP1	RPP21	RPP14	RPP40	POP5	POP4
56	1.0	KCNN1	HMGN3	PRG4	SLCO2A1	ZNF32	DENND1C	C21orf63	SPRYD4	KCNH7	FOXJ1	EXTL1	ZNF311	PANX2	LY6D	ZKSCAN3	GRB2
57	1.0	KLRD1	B2M	HFE	KIR3DL2	LILRB2	KIR3DL1	CD1B	KIR2DL4	KLRC2	TRA	HLA-A	CD160	KIR3DL3	CA6	KLRC1	TRAV8-3	LILRA1	LILRB1	KIR2DS5	CD1E	TRBV7-2	FCGRT	CD1A	CD1C	KIR2DS2	KIR3DS1	HLA-L
58	1.0	ARHGEF16	SHROOM3	SH2D3A	PACS2	RND3	PKP3	ERRFI1	C1orf106	TNS4	FAM53B	PTOV1	GAN	SHCBP1	ARHGEF17	SIPA1L1	REEP4	KLHDC2	CCDC101	C1orf32	USP43	SAMD4A	SHROOM1	ALS2CR13	TRIM32	GPRIN2	REEP3	SH3BP4	LAD1	SASH1	C22orf9	CDC42BPG	CHST1	SFN	SGK223	C6orf113	EDC3	ARHGAP11A	ANKS1A	RHPN2
59	1.0	NXPH3	BAZ2A	ABR	PSRC1	LRBA	PLXNC1	DRD4	LRRC3	GPX1	NPVF	C20orf46	SNX12	TULP1	PCDHA7	TPSAB1	CSMD2	TSKS	CENTB1	SHE	PALM2	CNTNAP1	TMEM159	SLC22A3	HCN4	HCN1	SHANK3	TPSB2	DNASE1L2	DKKL1	EFS	APOL5	ID4	RHOU	MEPE	FYN	SLC24A1	SNX8	LTBP2	DOCK3	PRX	KIFC2	PAX7	EXTL3	EPX	GPR63	TGDS	WNK2	RIN3	SNX7	P4HA3	HEXA	C2orf3	AKAP6	GSX2	OGN	PDIA2	BRPF3	GNS	CDKL5	GLTSCR1	PLAGL2	NCK1	NCKAP5	ABCG5	SEPN1	HCN3	DUSP15	ASXL1	NPC2	URB1	TDRD1	GPR45	SEMA7A	ABL1	DLGAP3	MYRIP	HCN2	NEK8	GSTZ1	ASB16	SCARF2	PHACTR2	FAM110A	CNGA1	ISG20L2
60	1.0	WNT4	FZD2	FZD5	FZD10	GIPC3	WNT3A	NOTUM	CER1	WNT1	C6orf94	PORCN	FZD4	FZD6	FZD8	FZD3	FZD9	FZD7	ROR2	WIF1	NDP	FZD1	WNT5B
61	1.0	NDUFA10	NDUFB9	NDUFAF1	NDUFA4	NDUFA5	NDUFB4	NDUFAB1	NDUFA8	NDUFS3	ACN9	NDUFS2	NDUFA9	SP110	NDUFS1	NDUFB10	NDUFV2
62	1.0	HIST1H2BF	H2AFX	GLYR1	ACTR8	JAZF1	SMARCA2	NAP1L1	BRD2	HIST1H2BH	HIST1H2AD	DAGLB	HIST1H2BK	HIST1H2BB	TOX3	HIST3H2BB	H2AFZ	ENDOG	HIST1H2BE	HIST1H2AC	HIST1H2AK	BTAF1	HIST1H2BD	IPO9	HIST1H2BM	H2AFV	SMEK1	SPATA5	HIST2H2BE	KIAA0409	TOX	ENY2	HMG1L1	HIST1H2BJ	LOC440926	HIST1H2BC	HIST2H2AA4	HIST1H2AM	H2BFS	POLE3	MAN2C1	PBRM1	HIST1H2AI	SMEK2	HIST1H2BO	HIST3H2A	H3F3B	SMARCD3	HIST1H2AH	HIST1H2BI	HIST1H2BL	HIST1H2AG	HIST1H2AE	INOC1	HIST2H2BA	POLR3C	HIST1H2BG	HIST2H2BF	GPCPD1
63	1.0	ARMC2	IGLL1	SLC6A9	IGLV3-21	SAA4	SETDB2	C11orf46	AOAH	CDH12	SERPIND1	RFXDC2	PLEKHK1	SCAF1	TGM4
64	1.0	XYLT2	CA3	BST2	TMEFF2	ENAM
65	1.0	DDIT3	BACH1	DBP	MAFK	FOSL1	BATF3	MAFG	ATF7	IFI35	ATF4	FOSL2	CREB3L1	NFE2L1	C10orf119	MLLT6	JUND	FOSB	C14orf80	CEBPD	CEBPE	TEF	CREB3	ATF5	CREB3L4	CEBPG	ATF3	NFIL3	CREB3L3	HLF	BATF	JUNB
66	1.0	VSTM2L	MTERFD2	STAC2	ST6GALNAC6	CXorf20	ATXN1	ZNF488	ZCCHC13	FAM21D	ARID5A	SLC51A	AHDC1	C16orf77	CLEC4F	ZNF804A	SGMS1	SFRS14	KIAA2026	C17orf81	ACOT7	ZNF609
67	1.0	RAET1G	ULBP1	HCST	RAET1E	ULBP3	KLRK1	MICB
68	1.0	SNX22	FAM77C	LMO6	VANGL2	DVL1	ZBTB48	NKD1	PRICKLE1	TMTC3	VANGL1	FUZ	FRAT2	PRICKLE2	DVL2	DVL3	TNFAIP8L1	FAM105B	CCDC88C	C7orf34	C1orf89	CXXC4	FRAT1	INTU	LY6H	NKD2	CELSR1	KIAA0241
69	1.0	RAB31	MORN2	KBTBD4	B3GNTL1	IDUA	CRABP1	MPP3
70	1.0	PLA2G4B	CEP192	SHBG	C17orf65	SLC37A1	KLK4	C9orf24	MT1F
71	1.0	SLCO3A1	SLCO1C1	GUCA2A	SLC22A12	CNGA2	ABCC2	PDZD3	SLC22A9	SLC22A5	CNGA4	SLC17A1	TBC1D10A	SLC22A11	SLC26A3	SLC9A3R1	SLC22A4	SLCO1A2	RLBP1	CLCN3	P2RY1	GUCY2C	SLC4A10	PDZK1
72	1.0	MS4A10	C10orf35	NIPA2
73	1.0	FGF14	KL	PDGFRA	FGF21	FRS3	FGF3	FGF18	MRPL16	FGF8	FGF7	FGF17	FGF11	FGF5	FGF13	FGF22	FGF6	FRS2	FGF12	FGF10	AOF1	FGF19	PHEX	FGFR3	CCDC17	FGFR4	FGF4	FGF23	FGF9	FGFR2
74	1.0	ZYG11B	USP40	RFWD2	GPS1	BRWD2	KLHL12	PJA2	VPRBP	CUL3	AMFR	UBXD6	UBXD7	WDR22	ASB6	KLHL13	WDR5B	BRWD1	ASPSCR1	SIPA1	UBXN2B	UBR1	NPLOC4	NEURL2	ASB12	ZER1	BRWD3	CUL5	WDR61	FBXO22	ASB7	VCPIP1	TOPORS	FEM1C	ASB2	FAF1	RHBDD1	DTL	LRRC41	RBX1	DDB1	UBXD4	CUL4B	FAM32A	ZFAND1	DET1	CUL2	KLHDC3	CUL4A	UBR4	LRRC16	RNF7	UBXD8	UFD1L	WDR26	KLHL22	WDR51B	UBXN1	UBXD3	NSFL1C	YOD1	CAND1	KBTBD7	ASB1
75	1.0	FBXL11	EIF2AK3	EDG4	SMO	BCL11A	PANX3	PARP12	PCDH9	KIF13B	IDI2	HSF4	HELZ2	SENP7	POU2F3	ELF1	ZNF443	SLC27A5	EBF1	WNK4	GRLF1	TNFRSF8	WNT16	ZMYND8	GPR23	EPHB6	OSBPL1A	RNASEN	OSR1	MTMR6	CSMD1	ARNT2	UTP6	PPAP2B	DNAH9	NKRF	WDR35
76	1.0	RAMP3	RAMP1	CALCB	ADM	ADMR	CALCRL	SLC31A2	RAMP2
77	1.0	PRH2	MUC5B	PROL1	HTN1	STATH	MUC7	PRR4	SMR3B	HTN3
78	1.0	MMP1	LUM	ACAN	HAPLN1	VCAN	ADAMTS5	MMP19	BCAN	MMP16	TNFAIP6	TIMP4	MMP10	MMP3	MMP14	MMP8	SPOCK1	LCN2	TIMP3	MMP13	MMP2	MMP20	MMP25
79	1.0	C12orf4	GDAP2	MRPS33	C7orf43	C14orf50	DPEP2	CARS2	TMEM50A	SRFBP1	PLBD2	C4orf29	MPND	C14orf122
80	1.0	NEO1	PPHLN1	CASP1	DIABLO	IL1A	CASP3	STK4	PDE5A	CASP8	BFAR	BIRC3	FADD	STK3	PEA15	NAIP	HPCA	PARG	IFT57	IL1F10	DSCAM	CASP4	HTRA2	GOLGA7	CASP9	BID	DEF8	NLRP1	MZB1	CFLAR	CASP10	IL1R1	BIRC7	NOD2	CASP6	MADD	IL1RL2	IL1F7	B3GNT1	TNFAIP8L2	APAF1	MINK1	CASP8AP2	WNK3	DEDD	IL18RAP	CASP14	PYCARD	PPM1L	CASP2	DEDD2	GOLGA3	IL18	ARID4B	IQSEC1	TNFRSF10A	C6orf199	LATS2	NTN2L	COL11A2	NTN1	STAR	NLRP12	IL1R2	NOD1	TNFRSF10B	MAP4K1	NLRP3	BIRC8	ELMO2	IL18R1	TNFSF10	CARD18	NOL3	BIRC2	FAS	CSN1S1	XAF1	CASP5	MEFV	CASP7	BIRC4	IL1RN	IL18BP	LATS1	EDA2R	IL1B	CARD16	NUCB2	CARD8
81	1.0	MATN3	MATN2	COL4A5	COL4A6	COL4A4	COL4A1	MATN1	COL4A2	HABP2	SERPINE2	TGFBI	MATN4
82	1.0	GABRA3	GABRQ	GABRG2	GABRG3	GABRB2	GABRB1	GABRA1	GABRA6	GABRA2	GABRA4	GABRB3	GABRG1
83	1.0	GAGE8	GAGE2A	GAGE4	GMCL1L	GAGE10	GAGE7
84	1.0	PHF5A	CLP1	SFRS9	SF4	SFRS7	CPSF2	MAGOH	SFRS2	PCF11	SNRPE	SF3B6	SFRS6	SFRS5	RBM8A	PCBP2	DHX38	SFRS11	PABPN1	CDC40	SFRS4	DDX23	WDR57	SNRPB2	DNAJC8	RBMX	U2AF1	CSTF1	HNRPA3	SF3B5	RBM5	UPF3B	RBM26	TXNL4A	CCAR1	CPSF7
85	1.0	POLR3A	LZTS1	BDP1	SNAPC1	POLR3E	ZNF143	POLR3H	POLR3F	POLR3B	BRF1	POLR3G	POLR3K	SNAPC2	SNAPC5	GTF3A	SNAPC3	GTF3C5	SNAPC4	POLR3D
86	1.0	HELLS	RNASE1	GTF3C2	RNH1	ALDH18A1	ETFA	COPG2	AKAP8	GCDH	IDH3G	CYR61	OR10B1P	P4HA1	ALDH1B1	SLC25A1	MYO9B	IQGAP3	PLOD3	TTC27	FBXW8	SMC2	AKAP8L	ZNF121	PPT1	SLC25A11	TMEM170	ASS1	ACOT8	ARF4	GSG2	MOGS	AASS	MYO9A	UBE3C	RPP30	SLC25A13	PTGES2	PELO	IDH3B	MRPS22	MAPKAP1	SHOC2	CEPT1	MYO5C	C1orf25	DNAJB6	ABCB7	SLC25A12	MRPS34	FAM153A	IPO13	SQRDL	IQGAP2	HIGD1A	TUBGCP2
87	1.0	GDAP1L1	ESAM	ZNF554	FCER2	SELPLG	MFAP3	MIOX	FSTL1	ALS2	KIAA0652	C12orf44	CRTAP	PALM	GP2	TXNDC5	AMY2A	SNX16
88	1.0	FOLH1	NNT	PDIA5	ARMC10	SDF4	TM9SF1	FAHD1	ACTBL1	MRVI1	C11orf59	ITFG3	TUBB8	FAAH	NUCKS1	MRPL44	DNAJB12	ALDH3A2	IRAK2	UBAC2	MRPS25	ATP12A	RAP2B	KBTBD3	SLC16A1	MTDH	FAM83F
89	1.0	VAMP1	SYT4	STX6	STX12	SNAP25	VTI1A	SYPL1	NAPA	SLC17A7	VAMP4	SLC6A1	STX2	ENTPD2	NIT2	STX1B	SNAP23	STX10	SYBL1	VPS11	STXBP3	VAMP2	SLC14A2	ATP4B	STX7	SLC27A1	VPS18	SLC18A3	STX3	VTI1B	STXBP6	DOC2B	VAMP8	TXLNA	SYT7	MARCH2	SNPH	STX4	SYT6	SNAP29	CYBRD1	STX1A	VAMP3	UNC13B	STX8	SYCN	PRRT2	SCGN	ALDH3B1	SLC6A5	TXLNB	STX17	DOC2A	VPS16	CPLX2	D4S234E	VAPB	VPS45	CXorf15	GHITM
90	1.0	KRTAP9-3	RANBP2	CENPC1	YARS2	C17orf59	OPN1MW	CDC20	OPN1MW2	SPATC1	AHCTF1P	SPZ1	KRT32	ITGB3BP	KRTAP19-2	SSTR4	PLK1	PMF1	RCC2	KIF2C	NUP98	SEH1L	NUP160	MAD1L1	NUP133	C19orf25	SSTR1	CLASP2	SETD4	MAPRE1	XPO1	FBXO43	RANGAP1	BUB3	PPP1CC	DONSON	PHLDB1	KRTAP9-8	PAFAH1B1	CLASP1	SGOL2	TAOK1	ADARB1	INCENP	KRT33A	KRTAP19-5	NUP37	SEC13	CENPA	PRSS7	ZNF365	KRTAP9-2	WDR23	BUB1B	TMEM39A	NUP85	AURKB	PRSS16	MAD2L1	NUDC	NUP107	NUP43	WDR85	NDC80	RPS27	UBD	AURKC	GHSR	TNRC6C
91	1.0	DNAJC10	ZSWIM2	ACMSD	C18orf54	OTUB2	FAM156B	MAGEA11	TMEM29B	TMEM123
92	1.0	ID1	MYOG	SCRT2	HES5	MYOD1	ELSPBP1	ZNF3	LYL1	TCF23	ASCL1	NKX2-2	OLIG2	BHLHA9	ATOH8	ATOH1	TCF4	MYF6	HES1	PTF1A	ZNF876P	GARNL1	MYF5	CIB2	SP7	ID2	LMO2	TAL2	LDB1	BHLHB8	SSBP3	ASCL3	LMO1	OLIG1	TCF12	GATA3	TCF3	TCF21	OLIG3	ZNF652	TAL1	MSC	ZNF626	ID3	ASCL4	HAND1
93	1.0	TNFRSF18	TRIM31	TRAF3	EDARADD	RCBTB1	ITPK1	SUOX	SOX30	BANP	TNFSF13B	CD27	TNFRSF4	HIVEP3	TNFRSF17	TNFRSF9	BAMBI	TNFRSF13C	TNFSF14	TNFRSF13B	TNFSF4	LTBR	C5orf55	WDR65	TRAF5	UBXD5	PLEKHG3	ALPL	TNFRSF11A	LRRN1	EDAR	TNFSF13	TRAF3IP2	TNFRSF12A	EDA	TNFSF18	TNFRSF19	TNFSF9	NT5DC2	FAM120B	TRAF1	FCRLA	DLG7	USP53	TRAF2	PPIL5	CD70
94	1.0	F9	F8	TMPRSS11E2	F11	SERPINF2	C4BPB	PLAU	F3	SERPINB12	F10	MMP15	KLK2	ADAMTS13	GGCX	GP5	SERPINE1	TMPRSS11E	F13A1	MGST3	PROS1	F13B	PROCR	CPB2	PROC	SERPINA10	SERPINC1	THBD	SERPINA5	F2	PROZ	IGK	F5	SERPINB6	ACR
95	1.0	PSMB6	PSMC3	PSMF1	PSMD12	PSMC5	PSMB10	DERA	RFT1	PSMD8	PSMA7	PSMB7	ADRM1	PSMA4	PSME4	PSMD10	PSMB8	PRMT9	UBE3B	PSMD4	PSMD6	PSMB2	SNRNP35	USP32	PAAF1	PSMD5	PSMC2	GIYD2	PSMD13	FHOD3	PSMC4	RBM45	PSMA3	PSMB4	TXNL1	PSMD2	CECR5	NSUN5	PSMA5	C16orf72	SHFM1	SLX1B	UCHL5	PSMA2	RPUSD2	MRPL30	USP14	PSMD9	PSMB3	PSMA1	PSMB1	PSMC1	PSMA6	TTC38	PSMB5	PSMD3	PSMC6	PSMB9	PSME1	POMP	PSMD1	PSME2	PSMD14	DCLRE1B	PSMD11	HTR1E	ABCB5	PSMD7
96	1.0	DZIP1	DAZ2	DAZ4	DAZ3	DAZL	NANOS1	DAZ1	DZIP3	PUM2	BOLL
97	1.0	CCDC6	PPP2R4	AXIN2	CWC15	EDEM2	CCT7	ZNF142	CXorf26	IER3	LCMT1	PPP2R3C	PPP2R3A	PPP2R2A	CCNG1	MTG1	PPP4C	MRPS26	ARL2	CHMP5	PPP2R2C	PPP2CA	IGBP1	TBC1D9	FGFR1OP	PPP2R3B	KRIT1	BCORL1	PPFIA2	JPH3	PPP2CB	AK5	MID1	NXN	PDCL2	PPP2R1A	THAP4	PPFIA1	PPP2R2D	LPPR3	TIMM22	ZNF313	PPP2R5B	ZBTB24	RAB18	ESPN	TLX1	EGLN2	CCT2	PPP2R5C	PPFIA3	TBCD	ARHGEF15	MOBKL3	BEST1	PPP2R2B	MINA	PPP2R1B	CCT5	LENG4	AXIN1	PPP2R5A	PPME1	CCT8	MID2	WIPI2	STK24	PPP2R5D	TCP1	TIPRL	CCNG2	KIAA1524	BRK1
98	1.0	PTGFR	GNA11	BDKRB1	PTGER3	CYSLTR1	AVPR1B	GRM8	GRM2	GRM4	AVPR1A	PTGIR	CHRM2	HTR2C	HTR2B	ADRA1D	PTGES	NTSR1	CHRM1	GRM3	TACR1	ADRA1A	GRPR	EDNRB	CNR2	GNA15	PTGER1	GNAQ	TAC4	HRH1	GRM6	CYSLTR2	TACR3	LTB4R	TACR2	CCKAR	GNA14	PTAFR	TRHR	OXTR
99	1.0	DNAJC1	ATP5G2	MT1H	SPAG7	BAT5	IFITM1	ATP5G3	C1orf160	SLC25A25	ITIH4	TMEM147	PILRB	HM13	QPCT	ABHD16A	C1QTNF3	TMEM242	C6orf35	GPRC5C	C1orf163
100	1.0	PHC3	CBX2	NPTX2	YAF2	CBX7	PCGF5	FBXL10	L3MBTL2	BMI1	EHMT1	PCGF1	CBX8	BCOR	RING1	PHC2	PCGF6	PHC1P1	RNF2	THOC6	SCMH1	TOX4	C1orf128	RNASEL	TMEM70	NPTXR	CDC73	CBX4	PCGF2	E2F6	MGA	PCGF3	BSDC1	NPTX1	PHC1	ZBTB33
101	1.0	GK3P	WFDC3	RNF113A	TTYH1	CYGB
102	1.0	MYH11	LIN7A	RELT	RTN1	SLC1A2	FABP5	GOT2	ALDOC	RPL7P9	ATP1A3	STK39	OTOF	PRDX6	SYNGR1	SLC12A6	SLC12A1	NEFM	MPP2	ZDHHC6	SPINK5	FAM71C	SLC25A22	LGI1	MOG	AATK	CALB2	LCA5	RAB2A	NEFL	GAP43	LDHA	ARF3	SLC6A12	LDHB	ADAM22
103	1.0	DISC1	DPYSL3	C6orf182	GNPTAB	CCDC141	RASSF7	CCDC24	TIAM2	PPM1E	MPPED1	OLFM1
104	1.0	TMEM57	UBE1L2	SMAD9	CPXM2	KIAA0226	MAN1C1	ZNF557	EVC2	ZNF484	MTMR11	MGAT1
105	1.0	PCDHA3	PCDHA5	PCDHA2	PCDHA12	PCDHA8	PCDHA11	CRK	PCDHA9	PCDHA1
106	1.0	SSH1	TIAF1	PLS3	DBN1	HTRA1	CBR1	SCIN	FAM55B	FSCN1	MYO6	MYO1A	MYH14	TPM2	KRT7	UACA	SRP9	DLD	C1QL3	MYO3B	DST	ARPC5	SPECC1	SLC25A21	SERPINH1	GSTM1	CD59	UGDH	SMU1	SAFB2	ACTG2	C20orf160	FLII	ARPC3	SPSB4	PLEC1	SRSF10	WDR1	ABLIM3	S100A6	CLN5	KRT17	DUT	MPRIP	SPECC1L	CORO1B	RAI14	MYL12A	SAPS3	ANXA6	MYO1B	GMFB	PCMT1	SRP14	NEXN	DAPK3	LUZP1	ARPC2	FUSIP1	PPP1R9B	AP2S1	IMPDH2	GSTP1	PAWR	SSBP1	TTLL3	KRT8	SVIL	SLC25A4	KRT27	SYNPO	CFL2	TAOK2	CORO1C	ARPC1A	SHMT2	LRRFIP2	GSTM2	LRP10	HGD	PDLIM7	SLC6A10P	ATAD3A	PHGDH	TPM1	SLC6A8	GSTM3	SLC5A7
107	1.0	DDX51	SLC45A1	DDX27	FTSJ3	PAK1IP1	PES1	RRP15	RRS1	NMD3	WDR12	DDX54	ZNF622	MKI67IP	DDX56	BXDC2	DDX24	RBM13	NOC3L	NOL1	DHX57	RRP1B	MRTO4	RBM28	BXDC5	KIAA0020	BOP1	ZNF593	MAGEB4	GNL3	SDAD1	NSA2	BXDC1	GNL1	GTPBP4	NIP7	RBM34	TMEM9B	NLE1	C15orf15	NVL	CEBPZ	LARP7	GNL2	EBNA1BP2	PPAN-P2RY11	DDX18	NOC2L	SLC10A7	TEX10	WDR74	DDX55	SLC45A2
108	1.0	HSP90AB1	ALLC	MRS2L	ENPP5	OMA1	IAH1	SLC25A32	METTL10	ABHD6	MSRB2	SLC16A9	CYB5R4	COX10	NAPEPLD	ALDH4A1	HDHD1A
109	1.0	RAB11FIP2	OSBPL3	PFKFB2	TEAD3	TBC1D1	AKT1S1	ZFP36L2	KLC4	CRTC1	RAB11FIP1	CEP250	REEP1	MRPL52	RASSF8	PDZD11	MAST3	FAM53C	SHROOM2	TRIP11	PCTK3	CDHR2	LARP1	MAST2	KLC3	SRGAP2	KIF1C	LSR	DENND4A	KSR1	NADK	CROCC
110	1.0	CYBB	SNX26	CDC42SE2	RTN4RL1	OMG	OPHN1	DOCK9	DAAM1	RHOJ	ARHGDIG	ARHGAP27	SLC26A10	RAC2	RHOG	ELMOD2	GDI2	RHOF	CDC42	CDC42EP4	DOCK8	FGD3	ARHGDIA	C20orf95	ARHGEF3	RHOBTB2	ARHGDIB	DIAPH3	PLEKHG2	ARHGEF19	RHOT2	FARP2	STK17B	RHOT1	TBC1D3C	CDC42EP5	ST3GAL4	ARHGAP10	CDC42EP2	CYBA	RHOBTB1	SPRED2	CIT	GMIP	FNBP1L	ARHGAP29	C22orf39	CDC42EP3	ELMO1	RHOH	RHOB	GDI1	RAC3	MYL9	ARHGEF5	BVES	TBC1D3	SRGAP1	RHOV	RHOD	ICMT	EXOD1	RTKN	RHOC	DAAM2	NOXO1	NOX1	CNKSR1	CDC42SE1	PAK3	FGD1	NCF2	DOCK10	DOCK2	RHOQ	ARHGEF18	ARHGAP24	DEF6	RAC1	ATPBD3	RHOA
111	1.0	TLR7	IRAK3	IL1RL1	IRAK4	NOX4	TLR1	FUT7	TLR8	TIRAP	TLR4	TLR6	IRAK1BP1	TMED1	TLR10	SIGIRR	TLR2	PELI1	TLR5	MYD88	LY96	IL1RAP	TMED7	IRAK1	IL33
112	1.0	MAP3K4	ZNF33A	GFPT1	SLK	CABC1	LSM14A	AAK1	DCK	NEK11	DCTPP1	INPPL1	NQO2	MELK	MAP4K2	AZI2	KIAA0528	ADK	TBKBP1	FAM83A	HIPK1	SNF1LK2	ADAM28	ZNF567	LIMK2	ACOX3	PDE4A	GAPVD1	MAP4K5	MAPK6	FRYL	EPHB1	TXNDC1	PKN3	PKMYT1	PIP4K2C	ALPK3	EPHB4	KIAA0195	DDR1	SPEG	PLK4	MLTK	EIF2AK1	TAOK3	SIK3	PTPN18
113	1.0	PPAT	NOL10	MRPL2	IMP3	UTP3	HEATR1	WDR43	AK6	TBL3	RBM19	RCL1	NGDN	NAT10	NOC4L	UTP15	NOP58	RRP12	DHX37	NOL6	RPS7P1	MPHOSPH10	PDCD11	TSR1	C14orf21	KRR1	RIOK2	DDX10	AATF	UTP18	WDR3	CIRH1A	ESF1	ABT1	BMS1	WBSCR22	DDX49	ERO1LB	WDR46	PNO1	IMP4	PWP2	UTP11L	WDSOF1	MVD	NOB1	RSL1D1	UTP20	RRP9	WDR36	NOL14	BYSL	EMG1	COQ2	FCF1
114	1.0	EIF1AD	PBX2	HOXD3	SOX3	RASSF4	PBX1	PAX6	HOXA5	CCDC88B	HOXB1	SOX2	HOXC9	TMEM68	NFIC	EN1	HOXA9	SIX3	HOXA13	PBX3	PITPNC1	HOXD8	HOXA7	NEUROD6	HOXD10	HOXA11	SNRNP27	TKTL2	HOXD9	HOXA10	MEIS2	MLKL	RAX	HOXD12	PKNOX2	AGTRAP	PKNOX1	CDX4	R3HDM2	HOXD4	ZCCHC14	HOXB4	HOXB8	C19orf61	HOXD11	MEIS3	HMGB1
115	1.0	GTF2E1	GTF2E2	PTRF	NELFE	LYZL1	POLR2J3	TAF10	FRMD5	C5orf37	TAF11	VARS2	SSRP1	MNAT1	NDRG2	ERCC3	TAF4B	ERCC8	CCNT2	CDK7	GTF2H2	WHSC2	RRN3	TCEA1P2	GTF2H5	TH1L	ASB8	TTF1	GTF2A2	TAF1A	ERCC2	RNMT	GTF2H2C	GTF2A1	NELFB	CTDP1	GTF2H1	CCNT1	TCEB3	AAMP	TAF1B	RDBP	TCEB1	CCNH	SUPT5H	CDK9	SP8	LYZL2	ZMYM6	SUPT4H1	TAF1C	TCEB2	GTF2H4	ELL	GTF2H3	SUPT16H	TAF13
116	1.0	EGFL7	MEGF11	TTC28	CENPB	NELL1	ATXN7L1	C20orf12	EFCAB4B	ZNF862	EFEMP1	GFI1B	KIAA0515	ATN1	FBLN5	BRE	ECM1	PDZD4	ZNRF3	SOD3	TIGD6	C19orf62	AGPAT6	SLIT1	USP54	LOXL1	STXBP4	NELL2	MEGF6	LOXL3	ANKS3
117	1.0	TEX9	FAM124B	DUSP13	ASMT	SFRS17A	C21orf91	SETD5	FAM107A	C1orf111	CCDC85B	RBM41	BEX2	SYT17	TCHP	C7orf50	C6orf166	PRC1	KIAA1539	IKZF5	TTC14	CCDC131	CCDC11	CLEC1B	SCNM1	CCDC112	ZNF821	C8orf48	LRDD	TSPYL4	DBNDD2	ALS2CR11	RCOR3	CPNE7	C1orf65	C1orf190	ZNF250	KRT20	FASTKD5	FAM50B	THAP7	CCDC67	C10orf18	ZNF205	CARD9	APEX2	ZNF337	ZBTB5	C14orf140	ZNF426	ZNF638	FAM13C1	C20orf195	CALCOCO2	ZNF417	C10orf10	ZNF646	CCDC120	TCEANC	NINL
118	1.0	FAM113B	AP4E1	CROT	SLC1A5	PDZRN4	MYLK3	CABLES1	FAM75A7	NLRC4	ZIM2	MYL4	PALB2	CAMTA1	SLC9A8	C12orf35	SLA2	BBC3	CLCA2	SCN5A	KIAA1712
119	1.0	ELF5	EDN1	NOMO3	HBP1	PTPRT	STCH	NPPB	ZG16	CHRNA3	PTPRN	PPIC	SEMG1	NPR1	HRASLS3	RSRC2	TRIB2	C1QTNF1	CHRNA5	CSTF2T	GKAP1	SMCR7	MIF4GD	ZBTB22	FGFBP1	GABRD	GPX7	NME3	COL8A2	NPR3	CHRNB4	NPR2	NPPC	SNX19	FAM127A	CANT1	NBL1	KLHL26	WAC	FAM48A	KLHDC5	ARL4C	SGTA	CRELD2	COL8A1	NPPA	TFF1	GLT25D2	SERPINI2	RAI2	AREG	HAVCR1	SPINT1	NOTCH2NL	CD99	EAPP	ERP27	USMG5	UBQLN1	GKN2	SRGN	CHRNB2	TMEPAI	TMCO6	CCDC14	VIPR2	IGLC1	VIP	ADPGK	FAM127B	IGFBP6	SCG2	HK2	ATPIF1	ZDHHC3	ANKRD41	PTPRN2	CHRNA2	UBQLN2	SPPL2A	NOMO1
120	1.0	PLA2R1	DUSP22	MAPK1	MAPK8	RPS6KA4	MAP2K1IP1	HAL	HMMR	MAP3K13	MAPK12	GTPBP5	PLA2G1B	SIPA1L2	DUSP6	SNAI2	MAPK3	BLVRA	GRAMD3	MAPKAPK3	PLA2G2D	PLA2G2A	DUSP7	PLA2G2E	DUSP2	HNF4G	RHBDF2	DUSP19	PLA2G10	DUSP9	DUSP1	MAPK9	ELK4	MAPK13	MAPK11	PTPRR	KSR2	DUSP8	PLA2G12A	PLA2G5	C14orf100	DUSP3	DUSP5	MAPKAPK5	PLA2G2F	PTPN5	MAPK10	EEF2K	LIN28B	MAP2K3	MAPK14	DUSP4	DUSP10	PLA2G3	PTPN7	LAMTOR2	DUSP16
121	1.0	MFNG	MAML1	JAG1	DTX3L	DTX3	MAML3	NOTCH3	DLL1	DLL4	NEURL1B	MAML2	RFNG	DLK1	POFUT1	NOTCH4	CSHL1	JAG2	RBPJL	DLL3	LFNG	PARP9	NOTCH1	RBP3	NOTCH2
122	1.0	NXPH2	APBA1	CNTNAP3	NXPH1	CNTNAP3B	SYT13	NRXN1	RP11-111G23.1
123	1.0	NUP155	NUP54	NUP188	NUPL1	NUP210	BANF1	NUP205	NUP214	NUP35	NUP93	NUP88	AAAS	NUP62	NUP153	TPR	NUP50	NUPL2	HMGA1	PSIP1	RAE1	POM121
124	1.0	ZNF518	ATF7IP	TTC3	PRSS8	SLC12A4	KIAA1632	STBD1	SUSD1
125	1.0	LANCL1	PANK1	C22orf28	SIPA1L3	REEP6	SLAIN2	FER1L3	TBXAS1	FAM62A	NAPSA	SPR	ZC3H13	IL4I1	BSPRY	ATL3	CBLL1	ARL6IP2	WWC2	INPP5A	C12orf51	PGLYRP1	YWHAZ	SLCO4A1
126	1.0	CSTF3	PAPOLA	NFX1	U2AF2	CSTF2	NCBP2	PRPF6	HNRNPA0	NUDT21	SNRPB	SMC1A	LSM2	SFRS3	PRPF4	SNRPF	HNRPUL1	PRPF8	SRRM1	SF3A3	SF3A1	CD2BP2	SF3B4	HNRNPL	NCBP1	NHP2L1	HNRPD	FUS	SNRPA	CPSF1	CPSF3	EFTUD2	SNRPD3	SNRPA1	SFRS1	RBMY2FP	SNRPG	HNRPH2
127	1.0	PPIH	LSM6	PRPF3	LUC7L	SLU7	GPX4	LSM5	MRPL4	GRHPR	CCDC94	NARS2	LSM3	MRPL17	SNRPEL1	RAB7L1	SERF1A	LSM1	LSM7	CCDC49	PCID2	ADAT2	XAB2	BUD31	C9orf41	SART1	C20orf4	CCDC45	BUD13	DHX8	LSM4	RBMX2	RAB43	C9orf138	MYH13	SLC43A1	ZMAT2	C12orf65	PRPF18	PPIL3	WARS2	TIA1	RMND1	PRPF19	ATP9B	CWC22	TFIP11	CWF19L1	PATL1	PRPF31	SERF1B	PLRG1	CRNKL1	C21orf13	C4orf34
128	1.0	ORC4L	ORC5L	GINS4	CDC6	CDKAL1	GINS2	MCM3	MCM7	ORC2L	PSKH1	MCM5	RPA4	C16orf42	MCM4	DBF4	MCM2	CDC45L	CDT1	ORC6L	CLSPN	ORC1L	GINS1	CCDC5	MCM10	CDC7	MCM6	MCM8	ORC3L
129	1.0	FBXO34	FBXW2	FBXO15	FBXL8	FBXL6	FBXO16	FBXO32	FBXL7	FBXL3	FBXW4	FBXO7	SKP1A	FBXO25	FBXO17	FBXO45	FBXO41	FBXL4	FBXL5	FBXO4	FBXO8	FBXO6	FBXL2	FBXL14
130	1.0	LETM2	RBM3	FUCA1	ABCC6	SLC16A5	LRRN2	KIAA1797	IKBIP	VCL	LAP3	FAM18B2
131	1.0	RASL11B	SLC22A24	CEACAM5	C11orf16	EWSR1	LILRA3	C1orf71	MYO1F	NTNG2	MNS1	MVK
132	1.0	VPS33B	PTTG2	FBXO5	ANAPC1	TMEM135	APC2	CDC26	ANAPC5	FZR1	CDC23	UBE2E1	CDC16	UBE2D1	CDC27	ANAPC11	NDST2	UBE2C	ANAPC7	ANAPC4	NEK2	ANAPC10	PTTG1IP	CCNB1	ANAPC2
133	1.0	DEFA4	DEFA6	MC2R	MRAP
134	1.0	SSNA1	FREQ	SH3YL1	PIM2	SPAST	PRDM1	CHKB	TBCK	SUPT6H	METTL7A	MAF1	SLC47A1	NET1	DUSP14	SC5DL	GBP1	PI4KB	GRAMD1B	SLC13A1	CHN1	FNTB	DUSP21	LHX8	TCP11L2	STXBP2	DLAT	ACTR3B	PIP5K1A	SMAP1	DXO	IHPK1	C20orf191	EGR1	DOM3Z	SLC13A4	ZNF501	PRDM16	TBCA	PDPK2	PHLPPL	USP15	HMX3	GRTP1	GAS7	PNPLA7	SLC36A1	CAB39	RGL3	KIFC1	TREH	CPT1B
135	1.0	MEGF8	TNF	FAT	TNXB	SNAP91	PDIK1L	MCOLN3	PLCE1	COL3A1	PLEKHA3	BAG5	HIVEP2	DBT	CIAPIN1	DNAJB4	LGALS3BP	SSPO	HSPBP1	MT3	BCL2L2
136	1.0	NBPF23P	MRPL37	COG8	COG7	COG5	COG1	NBPF20	NBPF8	COG2
137	1.0	PHKA1	CPAMD8	TRPV2	ADCYAP1R1	PHKG2	PPEF2	CALM3	OBSCN	GLP2R	TSPAN33	MRPL20	CCP110	PTH2R	ADCYAP1	STYX	DUOX2	RALB	PPP1R3B	VIPR1	TRPV1	PPP1R3A	MYO10	PTHR1	CALCR	CALM2	GRK4	FKBP8	KCNQ4	GLP1R	ASPM	LRRIQ2	PPEF1	CALM1	EMP3	IQCB1	KCNN2	PCNT	CAMK4	SCTR	ARPP21	KCNQ2	CARHSP1	ACE2	ADD2	KCNQ3	PPP1R3C	KCNQ5	PHKG1	SCT	KIAA1683
138	1.0	GRID1	GRIN2B	SHARPIN	NLGN4X	DLG1	IL16	LPHN1	PTPRG	KCNA4	GRIN2C	SHANK1	KCNJ15	SLC25A46	GRIN3B	DLG4	KLHL17	DLG2	LRFN1	KCNA2	NHS	ATP2B4	SNTB2	MAGI2	GRIK1	GRIK4	GPR124	SNTA1	NRXN2	KRT35	CASK	NLGN3	LPHN2	GLS2	GRID2IP	KCND1	KCNJ12	DLG3	LRRC7	NLGN1	SSTR2	AKAP5	KCNA1	GRIN2D	SCN4A	ITPKC	PDSS2	KCNA5	NDOR1	INADL	GRID2	LRFN2	KCNJ16	KCND2	DLGAP1	SEMA4C	NRXN3	CRIPT	DLGAP2	ACCN3	GDA	LRRC1	SHANK2	KCNJ10	KCNJ4	SNTB1	CACNG2	NLGN2	KCNJ2	GUCY1A2	GUCY1B3	GRIN3A	GRIN1	CNKSR2	GRIK2	ABCA1	ZDHHC2	KCNJ8	GRIK5	KCNA3	SYNGAP1	C10orf38	GPR125	PDLIM3	SEMA4F	GRIN2A	ZDHHC7	SEMA4B	TJAP1	S100A3
139	1.0	ADCY3	ADORA1	EDG7	RGS14	OPRD1	EDG2	NGB	RGS17	PCP2	MTNR1B	GNA12	ADCY6	GDE1	RGS19	GNAT1	FFAR1	GPR26	OSTM1	GPSM2	ADCY1	TSHR	C5AR1	RGS5	GNAI1	PDE8A	SNX13	P2RY12	EDG5	OPRM1	PENK	RGS16	MTNR1A	ADCY2	RGS10	ATP1B2	MT1A	OPRL1	EDG3	RGS4	SCN8A	ADRA2A	GPR1	SSTR3	RASD1	DRD2	EDG8	FFAR2	PTPRU	PDYN	RGS18	GPSM3	GPR17	GNAO1	P2RY13	GPR50	RGS7	HTR1D	HTR1A	EDG1	GNA13	NUCB1	SLC5A5	HRH4	KLHL3	ADCY5	XPR1	GNAZ	GPR143	PTGS1	STOML3	FFAR3	RIC8A	CRHR1	RGS12	GNAI3	EDG6	RGS13	GNAI2	EYA2	ADORA3	LHB	PNOC	ZNF585B	DRD5	CNR1	TTC1
140	1.0	CLDN19	TJP1	GJB6	CLDN5	CLDN4	CLDN2	CLDN1	GJA8	GJA7	TJP3	MIP	GJB3	CLDN16	CLDN7	CLDN8	GJA3	CLDN6	CLDN3
141	1.0	TAF9BP2	SUPT7L	TAF5L	MIPEP	FRG1	PHF8	TAF6L	TAF2	AL356585.3	SUPT3H	TAF1	TADA2L	UHRF2	GCN5L2	ING2	ANP32E	TBP	TAF8	TAF5	TAF12	TAF9	NAP1L2	USP22	CHCHD2	RNASEH2A	ATG4D	ELP3	TAF9B	FAM107B	GDPGP1	TAF4	DR1	TADA3L	TAF6	CHD1	JARID1A	BPTF	TBPL2	TAF7	TAF3	TADA2B	TADA1L	TAF7L	PCNP	MRPL10	TASP1	GTF2B
142	1.0	KISS1R	MMP24	KISS1
143	1.0	CDH24	CDH17	BCL9L	CDH7	FSCN2	CDH15	CDH8	CDH10	CDH18	TBL1Y	PROP1	TCF7L1	BOC	VEZT	SOX17	PYGO2	AJAP1	CDH9	CDH11	ARVCF	BCL9	DSC3	CDH19	SOX1	TCF7	HIC1	CDH16	CDH6	CBY1	PYGO1	CA9	CTNNB1	CDON
144	1.0	NPFF	NPFFR1	NPFFR2
145	1.0	C1orf149	ACTR5	CCDC95	EPC2	HAGH	INO80D	YEATS4	C20orf20	ACTL6B	ACTR6	MRFAP1L1	SPON2	GATS	MORF4L1	EPC1	ACTL6A	DMAP1	EAF1	BRPF1	MORF4L2	ING3	CFDP1	ZNHIT1	HHAT	BRD8	PLSCR4	SRCAP	VPS72	RNFT1P3	RNFT1
146	1.0	BCL2	PMAIP1	MCL1	SIVA1	BCL2L12	TEGT	BCL2A1	BCL2L1	BNC1	GIMAP4	VRK2	BIK	TP53AIP1	AVEN	MOAP1	BNIP3L	BOK	BCL2L14	BNIP3	BAX	BNIP1	BCL2L10	GIMAP5	CPT1A	BCL2L7P1	BMF	BCL2L11	BECN1	HRK
147	1.0	PRPF38B	ZNF295	YWHAG	UCP2	HNRPCL1	ZC3H18	USP37	EML3	FAM82C	KRT37	ZC3HC1	SUV420H1	UCP3	FGD6	TMEM102	CAMSAP1L1	LRCH3	SMCR7L	KRT38	MICALL1	BAIAP2L1
148	1.0	CHAF1A	SUV39H1	ZNF217	SETD7	ZNF516	RCOR1	CDYL	C15orf41	WDR5	GATAD2A	NASP	HIST2H3C	NAP1L4	HIST1H3J	ARL5A	ZMYM2	EZH2	AOF2	HIST1H3E	HIST1H3A	HIST1H3C	LALBA	MTF2	PARP3	CENTB2	GATAD2B	AIRE	ASF1B	PRR14	HIST2H3PS2	ZMYM3	HIST1H3D	CBX5	CHAF1B	HMG20B	CBX1	RBBP7	JMJD3	KIAA0182	PHF21A	HTR4	HIST2H3A	BRDT	H3F3AP6	HIST1H3B	MLL3	ING4	CBX3	HIST1H3H	RBBP4
149	1.0	TINAG	HIST1H4H	TINF2	PEPD	H2AFB3	JMJD2A	HIST1H4J	DEPDC5	HAT1	NALCN	HIST1H2BA	JMJD2B	RPS6KA5	HIST1H4E	KIAA1086	TPP1	HDAC8	HIST1H4I	HIST1H1B	PTMA	PHF20L1	SIRT1	UHRF1	POT1	HIST3H3	L3MBTL	SFMBT1	TERF1	RAD51L1	CDY1B	ACD	HIST1H4K	LIPT2	PHF20	PADI4	HIST2H4B	TERF2IP	TERF2	PAPD4	HIST1H4L	DNTTIP2	HIST4H4	HIST1H4B	HIST2H2AC	ASF1A	SETD8	HIST1H2AA	CDY1	C17orf79	HIST2H4A	TP53BP1	HIST1H4A	HIST1H4F	RFX2	SMC6	CHD2	HIRA	HIST1H4D
150	1.0	CCL23	CCR2	CCL3	CCL2	CXCL11	CXCL10	CCL14	DPP4	CCL5	CCL7	CXCL13	BLR1	CCL8	DARC	CCL22	CCL11	CCL13	CXCR3	CCR4	CCBP2	CCL17	CXCL9	DPP8	CCR5	GPC2
151	1.0	CXCL12	IL32	CTSG	EDN3	MST1	CTSS	MMP11	HPN	KNG1	CXCL5	LYPD3	CTRB1	MAS1	RXFP4	APOH	BPI	ADAMTS4	AGR3	AGT	SERPINI1	SLPI	CTRB2	CTSK	SERPINB1	KLK1	AMBP	MMP7	AMOT	PLAT	KLK3	SEMG2	KLKB1	ELA1	F12	IGFBP3	SERPINA4	KLK6	DEFA1	CXCL3	CXCL1	CMA1	TFPI2	IGF2	PRSS2	CST5	IGFBP1	PRTN3	SERPINA3	LPA	SDC1	HGFAC	KLK13	F2RL3	ORM1	EDN2	CXorf40A	F2RL1	MSTP9	PLG	IL8RA	MMP26	FPRL1	TFPI	A2M	CAMP	CTRL	CXorf40B	SERPINB13	CXCL2	MT2A	IGFBP4	SERPING1	CTRC	KLK5	GP1BA	TGM1	ELA2	PRCP	ST14	CXCL6	MMP12	SERPINA1	SPACA3	IL8RB	F2R	PF4	SELP	MEP1A	DERL3
152	1.0	GALNT14	PLEKHA6	ATP2A3	CLINT1	TACSTD1	IL1RAPL1	MS4A5	MUC13	MUC2	SORL1	CEP170	GALNT12	TRPM3	SH3BGRL2	MUC5AC
153	1.0	NCLN	SEPSECS	TRAPPC11	CHRNA4	CCDC128	ATP13A3	ITPKB	GCC2	TDRD3	PHF14	BEST2	PGS1	CDS1	USP12	TULP4	KIAA1622	CD209	CNOT6L	C12orf30	BICC1	SMOX	C21orf59	SFRS8	MRPS15
154	1.0	KRTAP3-2	SMUG1	IHPK2	YIPF4	PHF1	AQP1	OTX1	YIPF3	STRBP	HOXA1	ZNF764	NTN4	FBXW5	MFSD3	C16orf48	ZC3H10	DBF4B	CNNM3	PHLDA1	FAM103A1	FLJ46365	EXD3	C2orf51	CTBP1-AS2	NEU4	RBM24	DLK2	HOXB9	C10orf62	THAP10	C12orf12	SPG7	CHIC2	WDR42A	C6orf165	C10orf54	RBPMS	FASTK	KIAA1984	ZNF440	ZNF439	ZNF581	ZNF101	BAHD1	DHRS1	THEG	ADAMTSL4	PDLIM4	SMCP	CPSF3L	CATSPER1	PGLS	FBXL18	C9orf100	SLC35A2	PLSCR1	KIAA0415	CCDC116	METT11D1	CDC42EP1	FAM76B	KRTAP4-12
155	1.0	CYP3A4	TCTE1	NSUN6	C9orf64	TTC36	STARD7	UGT2B7	HPD
156	1.0	DNAJC15	GMPR	MUC3B	ITFG1	RBL2	ST7	DNASE2B	JAGN1	NOP16	TMEM47	PIGV
157	1.0	HOXA2	NUFIP2	HOXC13	ZFP106	HELZ	HOXB13	ASCC3	RBM33	FAM98A	CLK3	C1orf63	CHD8	PBXIP1	MEIS1	ALPP	MCAT	STOM	KIAA1553
158	1.0	PRPF40B	C6orf151	CXorf34	GEMIN5	PRCC	RBM17	TXNL4B	IFT52	DDIT4L	NXF5	SFRS12	OVOL1	SIP1	USP39	FGD2	RBM7	RETN	GRINA	OVCH1	ARMC8	LSM10	AKNA	DDX42	CLEC19A	CREBRF	SLBP	GEMIN7	CASC3	ODF3	C16orf33	ZRSR2	GEMIN6	WTIP	PDCD7	CLPTM1L	TSEN2	WIBG	ZNF473	ZNF202	C14orf102	SFRS2IP	ARSF	RBMY1H	RBM25	CCDC104	DPH5	TSEN54	KIAA0907	RNUXA	NXF1	C19orf43	C21orf77	LSM11	RP9	AL353354.1	AADAT
159	1.0	AZGP1	SPP1	CAV3	ICAM4	FGB	CD53	TENC1	ITGB4	CLGN	ICAM2	ITGAX	ITGA4	ITGB8	SLC16A7	ITGA11	CD9	IGFBP2	NKX2-4	GULP1	ITGB1	TSPAN3	ITGAV	CD81	ITGAM	AMICA1	JPH2	ITGB6	LAMC3	ITGB7	LAMC1	BSG	CD151	ITGB1BP2	ITGA7	JAM3	PTGFRN	HBEGF	VCAM1	ITGA2	EMILIN2	NOV	CD46	CD44	FYTTD1	TNC	ITGAD	ITGAL	CAV2	MADCAM1	TSPAN7	ITGB2	P2RY2	ITGB3	VTN	LGALS8	CSK	CD47	CD63	EMILIN1	CD82	ITGAE	ITGA3	LAMB2	FUT4	ICAM3	ITGA10	NPNT	MATK	ITGA5	CD36	LAMA2	LAMB1	SIRPG	FGG	TSPAN4	ADAM2	JAM2	ESM1	ITGA2B	ITGB5	ITGA8	VNN2	AUP1	IBSP	LAMA5	CAPSL	ANGPTL3	ODZ2	RABGAP1	IGSF8	SLC16A3	COL6A3	ITGA6	EDIL3	ITGA9	ADAM9
160	1.0	DKK2	MESDC1	LRP5	LRP6	DKK4	MESDC2
161	1.0	POLR2L	HNRPK	POLR2J	HNRPF	HNRPM	HNRNPC	HNRNPU	SF3B2	HNRNPA2B1	GTF2F2	SNRPD1	THOC4	SF3A2	POLR2A	HNRPH1	DHX9	YBX1	HNRNPR	POLR2G	POLR2E	POLR2C	SF3B1	PTBP1	POLR2F	SNRP70	POLR2I	POLR2H	SF3B3	SNRPD2	RNPS1	GTF2F1	PCBP1	LDHAL6B	POLR2K	HNRNPA1	POLR2D	RAVER2	ASCC3L1	POLR2B	ZMAT3	IREB2
162	1.0	PEX11B	PEX6	PEX3	EXDL2	ABCD1	RBKS	PEX12	PEX10	PXMP3	PEX26	UNC45B	PEX13	PEX11A	PEX19	ABCD2	PXMP4	PEX1	PEX16	PEX14	DDO	SLC25A17
163	1.0	USP31	MRAS	RGL4	RAPGEF5	ZDHHC18	RRAS	RASGRP3	FAM118B	RASGRP4	RASGRP1	PIK3C2B	MOS	TMEM37	RASGRF1	KRAS	ERAS	RASGRP2	CCDC102A	RRAS2	NRAS	RASSF5	RAP1A	RASA2	RALGDS	RARRES3	RAPGEF3	ZBTB12	RASSF2	RASGRF2	ARID3C	RAP1GDS1	PIK3C3	PIK3C2G	RASIP1	RGL1	RIN1	ZFR	HRAS
164	1.0	STRN3	C11orf61	FAM40B	TRAF3IP3	CLDN12	CCM2	FAM40A	STRN4	CTTNBP2NL	MRPL50	PDCD10	STRN	SLMAP	SIKE1	FGFR1OP2	CTTNBP2	MST4	CCT6B	STK25	TMTC4
165	1.0	COL4A3	MFAP2	ELN	COLQ	COL9A3	PRIMA1	COL5A3	COL6A1	CD93	COL2A1	LACRT	COL5A1	LTBP1	FN1	NID1	SPARC	FGFRL1	NID2	MFAP5	WISP1	LAMB3	FBLN1	ZC3H7A	COL1A2	TMPRSS6	ANTXR2	GALNT6	MIA	HAPLN2	COL14A1	THBS1	SPAG1	MAG	CHAD	BCHE	LRG1	BGN	ACHE	COL7A1	PCOLCE	PDGFRL	FBLN2	COL9A1	FBN1	DCN	BMP3	DOK7	PLXDC1	LAMC2	FBN2	SAA2	BMP1	GP1BB	ITGA1	MUSK	COL1A1	LAMA1	GP9	COL13A1	LAMA3	PRELP	HSPG2	MMP9	WHSC1	IGFBP7	NT5E
166	1.0	MT-ATP8	ATP5D	ATP5F1	ATP5G1	MT-ATP6	TMCC1	ATP5L	ATP5E	SLC35A3	ATP5J	ATP5I	ATP5H	ATP5O
167	1.0	TMOD4	DGCR2	MYH7	ANKRD23	NEBL	MRPL41	C5orf33	SPRR2G	TRIM54	HADHA	TMEM139	THEM2	KIAA0157	SDHB	TNNI1	TIAL1	DECR1	TRIM55	TNNI2	ANKRD1	CKM	MYBPC3	MRPL19	PKD2L1	RCAN3	MYOM2	TNNC2	HIST1H1D	HNRPDL	HNRPAB	TMOD1	CHCHD3	TNNT3	CRIP2	CSRP3	TNNI3	MYOZ2	HDGFRP3	PLEKHF1	PCDH12	MYPN	GFM1	LMCD1	SMURF2	TNNT1	USP13	TNNI3K	TMSB10	IQWD1	TNNC1	TRIM63	MYL7	NEB	MYOZ3	CUEDC1	LDB3	TCAP	MYOZ1
168	1.0	LMX1A	PNLIPRP2	GRHL2	SSBP4	GRHL3	PECR	FKBP9L	PNLIP	IFT172	LHX1	LDB2	SSBP2	LHX9	ISL1	LHX3	ISL2	RNF12	CLPS	GRHL1	LHX4	LHX2	ACYP2
169	1.0	LEFTY2	ENG	TGFB3	FST	LEFTY1	THBS4	INHBB	TGFBR3	THBS3	FMOD	ACVR1C	TGFB2	ACVRL1	TGFB1	INHA	INHBA	PZP	VASN	COMP	NODAL	THBS2	LTBP3	INHBC
170	1.0	BCAT1	C1orf181	ANKRD27	ZNF510	RAB34	SMAD3	MTMR10	RNF111	ZNF329	TOB1	SOX5	LEMD3	ZEB2	FBXL12	NAT8B	ZDHHC4	SMAD4	KLHL9	KIAA1033	DLX1	ZNF251	FBXO3	ZNF83	APOOL	MAST4	PUM1	RNF123	FOXG1	SMAD2	FBXO30	STK11IP	SKI	RAB2B	GPNMB	CYP11A1	MKL2	TRIM62	RANBP6	RAB38	PARD3B	NUAK2	STAMBPL1	CAMSAP1	CXXC5	PSG2	FOXH1	SMAD1	ZBTB44	ABTB1	ST6GALNAC2	TM9SF2	TRIM35	ZNF107	ZNF41	HOXC8	HOXD13	C16orf57	ZBED5	ZSCAN4	EID2	TCTA	RAB30	PGGT1B	TSSK3	ZNF8	INPP4A	SVEP1	ZNF423
171	1.0	ZBTB11	CES3	BMP15	OC90	TGFBRAP1	UHMK1	ARHGAP31	ZFYVE16	TGFBR2	BMPR2	SMAD5	PREB	TGFBR1	FBXO24	SMAD6	ILKAP	STK35	KLHL1	LZTR1	ARL14	SOX13	SOX7	RASD2	FOXL1	SMURF1	SMAD7	ASH1L	ACVR2A	BMPR1B	WDR13	USP45	RRH	GDF6
172	1.0	PAPSS2	CDO1	C1orf41	VHL	RABL4	CCDC82	DGKI	ATE1	PKD1L3	OTUD7A
173	1.0	CRYBB2	CRYBA4	CRYBB1	CRYBA1	CRYBB3	CRYBA2
174	1.0	ABCG1	GUCA1B	ABCG4	GFRA4	DPY19L1	PSPN	GUCY2D	TRIM17	GUCA2B	DPY19L2	PLXNA2	KIAA1199	UGT1A9	UBTD1	PTK7	ABAT	HACE1	MEOX1	PAX1
175	1.0	FRMPD1	KBTBD10	TPMT	PLXNB3	SSX3	SSX7	SPOCK2	FMO4	BTBD3	PLXND1	SSX2	THSD1	SEMA4A	SEMA3E	SSX2IP
176	1.0	SLC4A2	MYLPF	CD320	MYBL2	MYBL1	TFDP1	GOLGA4	RNF144A	UNC84A	E2F4	TAGAP	LIN54	TSNAXIP1	LIN52	RBL1	RBBP9	TSNAX	HSBP1	LIN9	E2F2	PDAP1	LIN37	CSTB	PARK7	TFDP2	E2F5
177	1.0	MS4A3	CDKN1C	CCNF	ISCU	ELF4	CDK6	RAGE	IRX6	CDK2	CDKN1A	CCNE1	CIZ1	CCND3	LARP5	CDKN1B	CDC5L	RB1	CCND2	CHEK1	VSX2	BRCA1	E2F1	CREG1	CNOT7	NPDC1	GMNN	MTFMT	USP4	ARID3A	BAP1	FAM113A	CKS1B	INCA1	E2F3	CCNE2	SP2	GADD45A	ZNF227	CCNB1IP1	CDC2	IFI27	CUL1	CDKN2D	KLHDC9	CCNB3	CDC25A	SULT1B1	CDK3	CDKN2A	BTG3	SERTAD2	CCRK	CDC25C	CDKN2AIP	SKP2	CCND1	CKS1BP6	PLEKHA8	CDC34	FOXM1	CDK4	SERTAD1	C13orf15	RBBP8	CCNA1	CDKN3	ENC1	CCNJ	ALS2CR7	CRABP2	DMTF1	KIAA0329	MNDA	CCNA2	MYH8	PKIB	TTLL5	TBC1D23	PROCA1
178	1.0	PLA2G4A	XAGE1E	XAGE1C	XAGE1D	GPR172B	XAGE1B
179	1.0	AP4S1	OCM	CTSH	SST	DIO2	SPINK1	ZXDA	SFTPB	SSTR5	NRSN1	JMJD5	UBP1	LACTB2	AP4B1	KLRC4	USP20	DGKB	TFCP2L1	GSR	ZXDC	PCDHB5	RIMBP2	OCM2	PCYT2	FUT6	C18orf55
180	1.0	C2orf32	GCHFR	ARRDC3	GCH1
181	1.0	OSGEPL1	C1orf50	LRRC47	AHCY
182	1.0	TMEM223	EEF1G	EID2B	CENTA2
183	1.0	RPL27	RPS14	RPS13	RPS18P12	RPL36AL	RPS24	RPS16	RPS2	EIF3C	OSGIN2	RPL18A	RPL28	RPL23	RPS5	AGXT2	RPLP1	EIF5B	RPS18	DUSP23	RPL38	RPL31	RPS25	EIF2S2	GSAP	RPL23A	EIF3A	EIF2S1	RPL13AP25	RPL3	RPS3	C10orf97	RPL4	RPL12	RPL27AP	RPL10	RPL13A	RPL11	RPL24	RPL36	RPS4X	RPS9	RPL19	EIF3B	RPL10A	RPL14P1	RPLP0	RPS28	RPS17	RPSAP15	RPS7	C10orf28	RPL35	RPL14	RPS26	RPL6	RPLP2	RPL30	RPL35A	RPS19	RPS20	RPS19BP1	RPL7A	RPS10	ASRGL1	RPL18	C18orf22	MTMR14	C15orf39	NUDT2	RPL13	AC004453.8	RPL27A	RPL15P3	EIF4B	RPL15	RPL5	RPS23	RPS6	RPS15A	EIF2S3	RPS8	RPL7	RPL26	EIF3F	RPL22	RPL8	RPS11	RPL21	TXNDC12	RPS3A
184	1.0	RPS15	RPL26L1	EIF3D	RPL3L	RPL9	RPL37A	RPS12	CA10	ETF1	EIF3K	RPL34	FAU	RPL36A	RPL37	EIF3G	RPS4Y1	RPL41	GSPT2	EIF3H	EIF1AX	EIF4A2	RPL39	RPS21	RPL29	SNORA7A	RPL9P7	EIF4H	RPS29
185	1.0	SLC27A4	FAM57A	CMTM6	BAAT	SLC7A10	C21orf51	SLC7A5	SLC7A7	SLC3A2	RGR	ORMDL1	TMBIM4	DPEP1	ZNF670	GGTL3	SLC7A11	MFN1
186	1.0	IL17B	KCNJ1	NTSR2	PBEF1	EDNRA	PRKG2	BDKRB2	SPINK7	TAC1	GNG12	IL17RB	LCNL1	NLN	AVP	CCDC41	ACCN2	GNRH1	MT1G	GCGR	GRK5	GRK7	KCNJ6	DRD1IP	RGS9	OXT	KREMEN1	ACCN1	RHO	GUCY1B2	KCNJ3	PSCD4	KCNJ9	ACE	PDE6A	RDH5	ADRB2	HTR2A	RIC8B	ABHD5	TRH	GUSB	KEL	GNRHR	DRD1	ADORA2B	GAST	ENPEP	CHRM3	FRAS1	GRK1	KCNK2	ANPEP	NAALADL1	MS4A7	TBXA2R	RCVRN	ATP6V0A2	PTH	GCG	CCK	PTGDS	PLIN	PDE6B	OPRK1	AVPR2	STOML1	KCNJ5	CLIC6	DKK1	PTGER2	NTS	PRLH	GRM7	CES1	IFITM3	INTS4	AGTR1	ADORA2A	GRK6	IPCEF1	GRM5	ADRBK1	AMPD1	LHCGR	AGTR2	GRASP	FRMD4B	LOC100288160	PSCD3	POMC	FCGBP	TSHB	GRM1	ADRBK2	IL25
187	1.0	CD1D	CD74	ECHDC2	CD8B	CD4	MARCH4	P4HTM	CD200	HLA-DQA1	CTAG1B	MAGEC1	CTAG1A	CD8A	HCRTR2	CD200R1	HLA-DQB2	HCRTR1	HCRT
188	1.0	CYP4V2	UBE3A	UBE2L2	RSPRY1	RNF216	RNF5	BPY2C	DCUN1D1	NEDD4	PTCD1	UBE2D3	RNF25	ANXA13	UBE2D4	POLI	UBE2D2	ATCAY	UBE2G1	RNF19A	LONRF3	UBE2E2	TRIM5	UBE2L3	RNF144B	FTH1	RNF126	UBE2E4P	ELL3	NDFIP2	BPY2B	WWP1	HERC2	UBOX5	SCNN1G	RNF5P1	CUL9	SCNN1A	CCDC127	SCNN1D	RNF11	RNF141	ARRDC2	WWP2	NEDD4L	OTUB1	BEAN1	PHYHD1	RNF8	HERC1	NDFIP1
189	1.0	REG3A	REGL	TMEM179B	AMELX	FITM1	TRHDE
190	1.0	PRKACA	CASR	CACNA1S	NFAT5	TRPC3	CACNA2D1	PLCB4	ORAI1	ITPR1	CAMK2A	TRPC7	WDR92	PRKX	AHCYL1	SLC8A3	CAMK2G	CALML3	ANXA7	TRPC2	CACNA1H	ITPKA	CABP1	PRKCA	GCNT1	ITPR3	RYR2	PRKACG	TRPC4	ADD3	NFATC3	PYGB	TRPM2	CABP2	HOMER3	LRMP	SLC8A1	SLC8A2	CACNA1A	PLN	PRKACB	DLX3	RRAD	NRGN	HOMER1	CACNA1F	ATP2B3	CACNA1C	FOXP3	PLCB2	ITPR2	PLCB1	CACNG4	PPP3CC	NOXA1	PPP3CA	PDE3B	PRKCG	CABP4	PKIA	GPM6A	HSD3B2	PLCB3	SI	C11orf17	CACNA1E	C1orf116	CACNA1B	TRPC6	CAMK2B	TBC1D10C	PRKY	CACNB3	CACNA1G	FOXE1	AFAP1	EFHC1	CETN1	RCAN2	CHAT	LIPE	CACNB2	PRKCB1	BANK1	OCA2	PDE3A	NFATC4	PPP3CB	NFATC1	CACNA1D	C7orf16	GRIA4	PPP3R2	TRPC1
191	1.0	HRC	SLC30A4	C16orf5	TRDN	RYR3	RYR1	CCDC56	HINT2	ASPH
192	1.0	PTAR1	PIGX	VPS26B	TRAPPC1	ALPPL2	RAB32	RABGGTB	VPS33A	VPS8	GAA	AIG1	CLIC2	RFK	ZFYVE20	RABL3	TBC1D8	STX5	CHML	ALKBH7	YIPF2	C1orf121	SDR16C5	PMM1	RAB6IP1	TRAPPC3	SLC2A13	RUSC2	SLCO5A1	TMEM56	MICALCL	YIPF1	PIGM	MON1A	TRAPPC2P1	ANKRD34	TRAPPC2	C17orf32	RABAC1	TMEM97	MICAL3	VPS41	DAOA	YIF1B	CHM	RAB1A	YKT6	GOLGA5	IER3IP1	MRPS18C	KIF20A	YIF1A	TRAPPC4	RAB1C	RILP	TRAPPC6B	SMIM4	TRAPPC5	RAB7A	RAB4B	C10orf11	RAB17	GOSR2	CXorf9	BET1	YIPF6	CNNM2	YIPF5	FAM18B	SLC16A8	SCFD1	DAO	RAB11B	DDI2	RAB6C	FMO1	TMEM1	WDR91	TRAPPC2L
193	1.0	EFCAB1	RUSC1	CAPN5	NCK2	TEC	MARK2	TMEM115	PTK2B	NLK	PRKCQ	STK16	EFNA1	GDF11	ITFG2	ABL2	CHST15	CDC42BPA	METTL9	PSTPIP2	SNAI1	WFIKKN2	C14orf4	YES1	PDPK1	DMRT3	ACVR1	MARK3	CLIC3	BTK	PAK4	GNB1L	IL17RD	DACT2	RPS6KA6	EFNA5	MSTN	TNFAIP1	GSK3A	FKBP1B	EPHA8	EFNB2	COL11A1	SYT12	RPS6KA2	EFNA2	EPHA5	ACVR1B	MARK4	PRKCD	KIDINS220	GAK	RPS6KB2	PRKD2	MAP3K2	EPHB2	MAP3K11	PKN1	NTRK1	EFNA4	EPHA2	COL5A2	CSNK1G2	RPS6KA3	ACVR2B	PPP1R14A	PLEK	ANKRD7	EPHA7	PRKAA1	PTK2	RPS6KA1	EFNA3	BMPR1A	DOK2	EPHA6	ARMC4	CDK5	EPHA4	HCK	SPTY2D1	MCTP1	MRC1L1	FGFR1	CAPN11	MAPK15	NEUROD2	EFNB3	AGK	STEAP3	NOL11	NUDT7	CSNK1G1	RHBDL2
194	1.0	DEFB4	DEFB103A	DEFB4B	CCR6	DEFB103B
195	1.0	GALNT5	KAL1	SIRPA	C20orf185	PTHLH	ELP2	SNX2	PTPN2	MARCH8	EBI3	FOXK2	STAT3	CXCR4	TMEM62	EXT1	STAT2	JAK2	IRF5	LEPROT	SDC2	ERAP1	CR2	CD80	PDLIM2	RNF31	SNX4	ATXN2L	STAP2	JAKMIP1	MAGEA12	NDST1	SIGLEC10	HPGDS	HHLA3	NMI	C2orf30	GSS	ZBP1	CBL	FLT3LG	PTPRH	IRF3	EXT2	STAT5B	APOD	PLAUR	PURB	HK3	ICA1	ZNF467	GH1	RBCK1	BTLA	SORD	C1orf109	KITLG	C12orf23	PRG2	CD86	CDKL2	IL27RA	PTPN9	UBE2F	HDDC3	TRIM8	CISH	PIK3C2A	STS	TXNDC11	STAT6	SERPINB2	NEK3	IL27	STAT1	IRF9	CSF1	STAT4	CLEC11A	STAT5A	DUOX1
196	1.0	RAB35	UBASH3A	AGPS	KRT74	PTPRK	SLC2A2	ALK	IRF7	MEP1B	PDLIM5	GNPAT	MAPK8IP3	PPP2R5E	ARHGAP9	EPHB3	MAFA	MTIF2	EPHA1	MYLK	RNF6	MAP2K7	PDX1	MAP2K4	INSL6	FN3K	IRS4
197	1.0	PCDHA6	APP	BACE2	PLP1	PID1	LRP2BP	LPL	ABHD8	HSD17B10	SCN2B	APBB3	BRI3	SCN3A	APBA2BP	RG9MTD1	VGF	NOS1AP	LOXL2	APBA2	FUT1	BACE1	GTPBP1	CHL1	PCDH18	ITGB1BP1	LRP1	APH1A	PDIA3	LDLRAP1	SCN2A	SCN1B	LRP2	TNR	ST8SIA4	COL25A1	APBA3	ASGR2	CEL	ANK3	APH1B	PPAP2A	CHRNA7	NCAN	TM2D1	DAB1	AMBN	SYNJ2BP	MMP17	SCARF1	DCBLD1	VLDLR	FURIN	SCN4B	ST6GAL1	PRUNE2	ITM2A	CYP2G1P	APBB2	VWF	ST8SIA3	LRP8	ADAMTS1	PDZD2	LDLR	NCAM1	NCSTN	LIPC	ZP4	RELN
198	1.0	CPE	BAHCC1	SCN3B	CALR	SPARCL1	ATP2B2	RTN4R	PTPRZ1	CLSTN3	HTR3A	MAEL	PPIB	GABBR1	PDIA4	NCAM2	CLSTN1	APOB	ASGR1	APLP2	RAG1AP1	OPCML	CNTN2	LSAMP	MFSD7	CALU	CANX	LINGO1	CNTN6	RASAL1	CCDC114	PDIA6	SRGAP3	RCN2	YEATS2	NRCAM	APBB1	CNTN1	PSENEN	LMTK2	NFASC	HYOU1	DPP6	PRNP	TXNDC4	SPON1	ABHD11	PPP1R2	LMAN1	ADAM23	TG	NTM	HSP90B1	PSEN1	MTCH1	KIF1A	MTTP	SLC6A19	THY1	PSEN2	SCNN1B
199	1.0	PRKCZ	TRIB1	GLRX	PNMA1	ATOX1	SLC39A2	LENG1	ASAH2B	TCP10	F11R	ECT2	CDH5	MPP4	DSG3	ANKRD43	PAM	PVRL4	PARD6A	DSC1	LLGL1	PARD6B	ATP7A	MPP5	GUCY2F	CNTNAP4	PVRL3	GABRR3	FKBP10	CRTAM	DSG2	PNMAL1	ASAH2C	PKP4	P2RX4	PDE9A	FBXO21	CRB3	LLGL2	PHYHIPL	ODF1	ATP7B	DSC2	PVRL1	PNMA6B	PVRL2	SPAG4	TIAM1	SYTL3	P2RXL1	PNMA6A	JUP	PARD6G	PAMCI
200	1.0	C17orf37	PAX9	TMED6	ARHGAP28
201	1.0	GSCL	RNF4	TRPS1
202	1.0	SSB	VAC14	PI4KA	TDH	RAB3C	UGCG	SYT1	ABHD14A	MOBKL1B	RIMS2	FIG4	SH3GL2	DHX33	HACL1	PFKP	CTNS	KRT78	BAIAP3	MTMR2	SYN3	SEPT2	CYFIP1	RAB27B	CAPZA2	HN1	RAB6B	RAB8B	RASGEF1B	MSR1	CLCN7	ABHD14B	SEPT1	C9orf127	SARS	MLPH	KLHL10	SYT3	ZDHHC23	PRKAR2B	RIMS1	C20orf27	CLTB	LONP1	SYN1	DDX17	PHF2	RAB26	PRDM12	ANKRD13A	GCAT	TPD52L1	PIGR	NF1	RAB3IP	STXBP1	GPAM	MAP2	RAB33A	MRRF	NOS1	C2orf76	SYTL5	MATR3	MEX3B	FAM102A	TOM1L2	ARPC5L	SV2C	LMNB2
203	1.0	PAICS	RPH3A	WDR37	BIRC6	PHKB	SEPT4	SYN2	DPYSL2	FNBP1	MTHFD1L	EPB41L2	FUBP1	MARCKS	SP140	NIN	PTPRE	MAL2	NIPSNAP1	TMED4	PLXNA1	RAB3A	RAP1GAP	RAB10	LAPTM5	SH3GL1	MAP6	LIN7C	TPD52	SEPT5	ADD1	CAMK1D	UBE2V2	LIN7B	RTN3	AMPH	SIRT2	TPD52L3	ACO1	CAMK1	NCKAP1	PACS1	SEPT6	MFSD1	DCLK1	RAB37	CTBS
204	1.0	SLC1A4	ERVWE1
205	1.0	SYT16	SYT14
206	1.0	LYPLAL1	MRPL45
207	1.0	ITIH3	SPINT2
208	1.0	PXDN	CD207
209	1.0	HPS1	HPS4
210	1.0	CYP11B2	CYP11B1
211	1.0	POLG	POLG2
212	1.0	A1BG	AKAP4	PSD	FSIP1	ADIPOQ	CRISP3	GMFG	RFWD3	NHLRC2	CDH13	C9orf151
213	1.0	FAM131A	PHYHIP	MAGED4B	MAGED4
214	1.0	GLIS3	ZIC1	CHD7	TMTC2	TBX20	SUFU	C20orf23	GLI2
215	1.0	INSRR	PEAR1	ANGPT2	SH3BGRL3	ANGPT4	GRB7	INSR	PLCG1	SH3BGRL	SNAG1	AXL	PTPN11	ROS1	SH2B2	SIGLEC7	GAS6	TEK	PLCG2	KIT	ENPP1	VAV1	EREG	CSDC2	BTC	RET	PITPNM3	SH2D5	MAPK4	ERBB3	AOC3	AFAP1L2	DOK4	CSF1R	ADNP	PIK3R1	SLAMF1	HYAL2	ASTE1	DOK6	DOK1	LTK	NRG4	THOC5	GRB10	FLT3	GALNT1	CRKL	RASA1	NRG2	EGFR	SH2B1	SH2D2A	SHB	CMTM8	SLC30A6	SHC1	TIE1	PTPRJ	SOS2	LAT2	GALNT11	SHC2	NTRK2	TYRO3	ANGPT1	UCK1	GAB1	ERBB4	CLNK	CEACAM1	RAPGEF1	MST1R	ERBB2	MUC4
216	1.0	CTLA4	CD24L4	MS4A2	CD79A	CD28	LPIN2	DOK3	SH2D1B	SH2D1A	PTPRC	PECAM1	PAG1	CENTD3	SLA	DBNL	ITK	LRRC23	LY9	SYK	FCGR2A	FOLR1	CMTM3	CYP4F8	FCGR1A	PTPN22	GAB3	FCRL3	ZBTB7B	LIME1	CD2	FCER1A	SLAMF7	CLYBL	CD19	FCER1G	LAT	CD84	BLNK	GRAP2	NFAM1	GAB2	SLAMF6	GALNTL2	NCR1	SIT1	TRAT1	DAPP1	FYB	CD22	SH2B3	LAX1	LYN	CD244	NEURL4	CD48	SKAP1	ZAP70	CD72	MUC1	SEMA4D	LCP2	MS4A1	SPNS1	SH3BP2	CD5	ZGPAT	CD79B	GP6	IGJ	LCK	CD247	FCAR	CD38	SKAP2	CLEC4C
217	1.0	MYOCD	PPM1B	SPIN1	SAG	STK38	PHKA2	MAP1B	BSN	HIST2H2AB	SPIN2B	BCLAF1	LRP11	TUBB3	NAT2	PPP1R12A	CLNS1A	RPL7L1	PABPC4	LIMA1	CPNE1	SPIN3	SDC3	ARHGAP21	MYL12B	KCNAB1	FASN	TWISTNB	HIST1H1A	MYL6	THRAP3	SERBP1	PPM1A	S100A9	AP3D1	CSN2	TUBA1C	ZRANB2	NOLA3	PDE4D	PRMT5	PRPF4B	DHRS2	ACTBL2	H1FX	BOLA2B	ARHGEF12	ARRB1	CSDA	MAP7	TUBB2A	C11orf84	DGKE	NOLC1	NKTR	EEF1A2	RBM10	PPIAP22	VPS35	PFKFB3	CKAP4	HDGFRP2	DGKZ	MYO1C	ARR3	CENPF	LBR	CLIC1	ARD1A	POTEKP	PPIA	RAB11FIP5	TRPV4	TUBA8	MYH1	TMOD3	RNASE6	HIST1H1C	ARRB2	SCYL2	AP3B2	NAT1	TCOF1	CSNK1A1L	NSUN2	G3BP2	CDC2L5	SRPK2	LEO1	UAP1	ERH	SDHA
218	1.0	KCTD3	DGKG	STXBP5	INA	BACH2	LRP4	DGKH	CPNE8	LRP1B	CPA1	CNGA3	DPY30	PLA1A	ACACA	CD3EAP	DNAH3	KTN1	PTCH2	KIF26A	CNGB3	STK38L	TPM4	USP24	RGS3	CALD1
219	1.0	TRIM16	C11orf1	SLC38A3	SETDB1	DAP
220	1.0	SERTAD3	CD5L	IGHM	CHMP4C	ADRA1B	TBC1D19	PLAG1	IGHG2	HPR	CLU	CKAP2	CD40LG	CC2D1A	GJA12	PON1	VPREB1	CACNA2D2	PDE4B	KIAA1409	PNMA2	KRT72	ACPP	OR2T6	GDF10	DNTTIP1	FGA	TNS3	ZNF232	DNTT	CTSL1	APOL1	PAPPA	PKHD1	VPREB3	C20orf121	SPEF2	LTBP4	OR5H6	HP	GTPBP3	CP	CACNA1I	MPO	IGKV2-40	TF
221	1.0	LOR	KRT5	PRSS3	DMWD	TLN2	EVPL	CETP	CFH	APOC1	PSORS1C2	DERL1	KRT1	ALB	TTR	RBP4	CUBN	PLTP	ST13	APOA2	PRB3	IGHA1	QTRTD1	APOA1	HBE1	PRSS1	GIF	HBA1	HBA2	CDCP1	CTSC	RPE65	TST	CFP	RLF	SETX	KRT10	GPLD1	APOC3	APOA4	APOF	CFHR1	SH3BP5	KRT6A	PPBP	OR8D2	AHSG	GPR77	PI3	KRT14	APOE	SCARB1	ALOX12B	KRT9	GFAP	AMN	CST3	KRT16	CSTA	SCGB1A1	CST7
222	1.0	MAGT1	ARFRP1	TMEM85	TMEM64	VPS52	ALG10B	ATP2C1	ALG12	PERLD1	MND1	COG6	KMO	SLC35C2	SFT2D3	ALG6	POMT1	AP3S1	ALG8	GOLT1B	NPEPL1	PIGF	TM9SF3	ERN2	STT3B	TM9SF4	PIGG	POMT2	ALG5	SLC30A3	ASNA1	CLCN5	SLC39A9	GOSR1	ALG10	PPAPDC1B	FMO6P	CNIH4	ATP8A1	CWH43	SYS1	TMEM110	ALG3	ENTPD7	C18orf45	FA2H	PQLC1	PEMT	ATP13A1	MON2	ENTPD6	SVOP	ARFGAP1	CYB5R1	ALG9	MAN1B1	FDX1L	RER1	STX16	DULLARD	BET1L	PCSK7	RCE1	SEC22A	UNC50	TBC1D22A	FAM18A
223	1.0	CYP51A1	SLC7A14	ELOVL4	PIGT	SEL1L	OPRS1	ELOVL5	ALG1	GUK1	CYP3A43	DDOST	SCD	ALG11	ATP6V0B	CYP3A5	PIGS	TMED2	ELOVL6	GPSN2	SIL1	SACM1L	LSS	SLC35B4	HSD17B12	NSDHL	NKX6-1	MBOAT2	TMEM20	PHCA	TLOC1	PTPLA	SC4MOL	PIGO	SURF4	SGPP1	TMEM63A	SGPP2	PIGC	SLC29A3	CDIPT	SLC27A2	HPGD	LASS2	HSD17B7	SLC9A6	PIGN	SLC7A4	NUS1	REEP5	SLC24A6	SLC35E2B	PIGU	SQLE	PIGK	SLC35E2	TMEM30A	ULBP2	TMED10	PIGW	EPT1	ZMPSTE24	TMED5	GPAA1
224	1.0	ZC3HAV1	LRCH4	IFIT3	SAP25	AYTL2	CA8	TTLL12	IFIT1	IFIT2
225	1.0	SALL4	SYTL2	PPP1CA	ANG	KIAA1949	KIF14	SPRED1	GYS2	PPP1R15B	PHACTR1	PCDH7	C9orf75	C1orf114	PPP1R11	PIH1D2	FAM130A1	ZC3H12C	TOR1AIP1	NUBPL	KIAA0649	PPP1R37	ANKRD15	PHACTR3	TMEM16A	ANGEL1	SPDYA	TUSC3	PLCL2	MYO16	AKAP11	FXYD7	NOM1	PPP1CB	CPD	SLN
226	1.0	RAD17	CNOT8	FAM203A	POLD1	DSCC1	CHTF18	PRIM1	PRIM2	ZBED4	UNG	APEX1	CCNO	RBM23	POLE2	RMI1	LIG1	RFC1	RFC2	PRPF38A	RAD9A	RFC3	FAM7A1	STK40	POLD2	ATRIP	SEC23IP	RPA2	RPA3	RAD1	RFC4	TIGD1	HUS1	POLA1	POLB	RFC5	HELB	KIN	AICDA	TIPIN	POLD3	RPA1	POLD4	PCNA	POLM	PLCL1	HUS1B	DHX34	POLA2	ESCO1	POLDIP2	WDHD1	RAD9B	MUTYH	C5orf4	PGM2	TIMELESS	ANP32C	DNA2L
227	1.0	POLH	WDR76	MRE11A	RAD51AP1	TTLL9	DDB2	C2orf13	C6orf26	DCLRE1C	NLRP2	GAL3ST4	PIF1	ERCC4	PTS	MDC1	XRCC4	NEIL1	CHEK2	PMS1	XPA	NSMCE1	C2orf69	REV1	RAD50	ERCC1	POLK	BLM	POLL	RAD18	G6PD	DCLRE1A	NHEJ1	XRCC3	ERCC5	ATP5SL	FEN1	XRCC2	UBE2B	MSH6	PMS2CL	DTYMK	EXO1	LIG4	MSH3	TOP3A	MSH2	REV3L	MSH4	XDH	C6ORF26	NBN	HLTF	RECQL	RAD51	E4F1	NFKBIL2	MLH3	C1orf59	BTN1A1	WRNIP1	C19orf40	FNDC5	ZZZ3	RNF170	MLH1	XPC	PMS2	ZC3H11A	XRCC1	CCDC64	DMC1	MYO7B	TDRD9	ATMIN	RAD51C	IYD	EFHD2	SPO11	RAD52	MSH5	WRN	FANCM	TDP1	RAD51L3	BRIP1	ATR	NBEAL1	RAD54L	CD109	OGG1	ZNF84	ATM	UBE2A
228	1.0	PLCD3	TSKU	SKIL	USP25	THAP5	ZBTB3	MORC4	GDF3
229	1.0	COMMD6	COMMD1	COMMD4	COMMD7	COMMD3	COMMD5	COMMD8
230	1.0	TRAF6	TMEM109	C13orf33	DUPD1	OR10J1	TRAFD1	C11orf53	BRI3BP
231	1.0	TM7SF2	ARID3B	GPRIN1	PXN	CCDC80
232	1.0	CEACAM6	GDNF	CEACAM8	NRTN	GFRA1
233	1.0	CNGB1	ABCA4	PRPH2	ARL6	ROM1	ARL6IP6	ARL6IP4
234	1.0	CDY2B	PECI	CDY2A
235	1.0	QRSL1	PET112L
236	1.0	ATP1A2	TPT1
237	1.0	CHIA	GRWD1	PABPN1L	MRPL36	EIF4G3	MRPL11	MRPL12	GFPT2	EIF5	PARS2	MUS81	CDC123	SMPDL3B	EIF4E	ARHGAP15	AASDH	ATP6V1B2	EIF4G1	DDX5	RP11-592N21.1	EIF3CL	NARG1L	KRI1	EIF2S2P4	EIF2B4	ASNS	POLS	LSM12	MRPL23	EIF2B5	SNORD23	ABCE1	TMEM16K	POLR1B	GCLC	PUS1	NAF1	EIF3I	MRPL3	EIF2B2	SHQ1	GMPPB	MRPL13	PUS7	NOLA1	RPL7P1	RPL22L1	MRPL15	MRPL34	RP11-297B17.2	MRPS9	MDN1	MRPL27	TEX261	BRSK1	XYLB	FARSB	RPLP0P6	MRPL46	PWP1	POLR1C	LARP2	MRPS16	ABCF2	KIAA0664	MRM1	HIBCH	SOAT1	DRG1	MIOS	HISPPD2A	IMPDH1	SNORA67	POLR1A	DDX3Y	NOLA2	TYW1	DKC1	RPSAP58
238	1.0	CORO2B	OSTC	EFR3A	COX4NB	OR4C12	MAGED2	TOR1AIP2	SFXN4	ENDOU	TSC22D1	C2orf47
239	1.0	POR	CYP17A1	CYP2C9	CYP1A2	CYP2C19
240	1.0	ABCC4	NF2	C20orf59	RUNDC2A	SCHIP1
241	1.0	UPP2	OSBP2	ARMCX2	BFSP2	TRIOBP	BFSP1	VIM	UPP1
242	1.0	AP1S2	ZNF350	EPN1	EPS15L1	NECAP1	VPS37C	NECAP2	LRP3	TOM1	HIP1	DNAJC6	RABEP1	AP1B1	AP1M1	AFTPH	RABGGTA	TDO2	AP1G1	REN	RNF168	M6PRBP1	DPPA4	WISP2	REPS2	SPRY2	APPL2	TSG101	STAM	EGFL6	HRBL	SPRY1	RAB5B	RABGEF1	SCAMP3	ADAM19	EEA1	AP1M2	LAMP1	STAM2	DPYSL4	AP1G2	VPS37A	EHD1	SERINC1	CLTA	EPN2	RAB5A	SH3KBP1	SCAMP1	METAP1D	EPN3	HDC	SH3GLB2	IGF2R	NAGPA	AP1GBP1	GGA1	CLTC	BIN1	DYNC1LI1	PICALM	AP1S3	ASMTL	HIP1R	GALE	C4orf16	HGS	HUNK	OPTN	SH3GLB1	OCRL	RALBP1	EHD2	ADRB1	EPS15	VPS28	AP1S1	SCAMP5	ZNF749	M6PR	RAB22A	KIF3B	APPL1	SLC9A7	STON2	GLCCI1	SYNJ1	GGA3	NGFB	EHD3	NSF	AP2A2	RAB33B	MTMR12	ENTHD1	GGA2	RAB4A	CDS2	DNER	KIF13A
243	1.0	ALAS1	FAM73A	PXK	STAMBP	FAM73B
244	1.0	TPPP	HIST1H1T	GSK3B	CABYR	RGS22
245	1.0	DUSP11	GNL3L	MRPS11	CTSZ	MYEF2	MRPS14	TRIM71	GPKOW	RBMS3	FAM10A5	DDX58	GIN1	THEX1	PPP4R2
246	1.0	UXS1	CMC4	TCL1B	DLC1	MTCP1	TCL1A	AKT3	AKT1	AKT2	TCL6	THEM4
247	1.0	C11orf48	LYAR	PHF6	YTHDC2
248	1.0	PIWIL1	PIWIL3	LRRC4	EIF2C3	EIF2C4	PIWIL4	TNRC6B	METTL4	CYP24A1	PDCD1	CD274	PIWIL2	SLC7A9	PDCD1LG2	OTOP2	TMEM132B	TARBP2	DICER1
249	1.0	SLC16A2	SERPINA7
250	1.0	GRXCR1	TBC1D20	LMLN
251	1.0	RLBP1L1	ACTR1A
252	1.0	CHMP2B	C7orf30
253	1.0	USO1	MOSC1	MRPL47
254	1.0	ZNF710	ZNF366
255	1.0	SFT2D2	SIAH1	SFT2D1
256	1.0	DHRS4	JMJD1A	EEFSEC
257	1.0	HERPUD1	IMPA2
258	1.0	SIX1	GBA2	DDX43
259	1.0	JMJD1B	L1TD1	ZNF512B	FAM129B
260	1.0	ST3GAL2	C16orf45	ENO2
261	1.0	TFG	FAM123A	CHST14	RNF135
262	1.0	RBP2	LRAT
263	1.0	FAM192A	FECH	CCT3	XRCC6	IKBKAP	SUCLG1	DIMT1L	LRPPRC	DYNC1H1	WDR77	MMS19	HSPD1	FANCD2	AIFM1	RNPC3	PRKDC	C5orf25	DDX31	TRIM28	LMNA	NONO	C1QBP	KIAA1967	RIOK3	POLE	EP400	XPO5	COPZ2	TRUB1	XPOT	ETV3	MYC	TOP2A	DDX1	DDX3X	RPN1	SPTLC1	CAND2	PLOD2	FBL	U2SURP	CPA5	TOP1	IGF2BP1	ZNF281	GCN1L1	NOL5A	DDX39B	ATP5C1	HSPB1	TMPO	SMC4	GTF3C3	UBR2	ARL8B	GTF3C1	NCL	DNAJA2	TRRAP	PPP6C	MYBBP1A	RPN2	GTF3C4	HUWE1	CSE1L	RNASE2	COPG	MEIS3P2	DDX52	RPAP2	SMARCA5	RUVBL2	RNGTT	DPM1	DHX15	TUBA4A	HADHB	FOXL2	IDH3A	OAT	CCT6A	IGF2BP2	KPNA4	DPCD	KPNA2	UBR5	IPO7	STK32B	BAT1	XRCC5	RUVBL1	ARFGEF1	SMARCC1	CCT4	DDX20	MARS	BTBD1
264	1.0	DUS3L	ARL1	NCAPD2	CDR2	SQSTM1	TUBGCP6	TUBGCP3	SSR4	TUBG1	ALKBH4	KIAA0087	EIF4ENIF1	AMY1A	USP1	ATP1A1	NARF	MYCL1	ZNF2	CUL7	TUBGCP5	FBXW7	ROBO4	SEC61G	WSB2	ALKBH8	MAX	GANAB	GTF2I	ARHGEF2	ZNF382	DPM3	TUBG2	SHPRH	HEBP2	DNAJA3	BCR	ARL4A	SEC61A1	MICAL2	NCAPH2	ZFPL1	TRMT11	NANOG	PRR5L	AMY1C	PTPN14	FXYD2	SUMF2	DPF1	ATP5J2	NANOGP8	FAM101A	KIAA1875	FOLR2	MXD3	CCDC137	KIAA0133	SLIT2	POP7	C6orf167	ATP2A2	ZNF239	NFKBIL1	RNF34
265	1.0	NEIL2	GPBP1	EMB	MN1	NUPR1	EP300	NEDD1
266	1.0	NFKBIZ	TNIP3	LGALS7B	NFRKB	MRPL9	NFKB1	UNC5CL	LGALS7
267	1.0	GRSF1	MAP7D3	ROD1	XIRP2	C6orf108	FTSJ1
268	1.0	C4orf20	CAPN1	SH3BGR	GPT
269	1.0	KIRREL3	ZPBP	ZP2	NPHS2
270	1.0	TEX28P1	TEX28P2	UBAP1	TEX28	EPS8
271	1.0	CRX	M1AP
272	1.0	CNDP2	CNDP1
273	1.0	MSRB3	PSAT1
274	1.0	RAB3GAP2	PTPLAD1	ILK	IPO11	HEATR2	C11orf83	RAB3GAP1	SFXN1	XPO7	KRTCAP2	SAAL1	SAMHD1	TMEM33	FANCI	ARF6	C6orf211	ATXN10	UNC45A	PDS5A	TSPAN17	PDXDC2	TTC35	NUBP1	KIAA0776	CCDC59	WWC3	TFB2M	PRPSAP1	PHLDA3	CIAO1	KIAA1279	TMCO1	MRPS10	C19orf70	SERINC3	NCAPG2	BRP44	RPAP1	NCAPH	NEK6	C20orf24	GAS8	SEC63	CLPX	OTUD4	MAGEA6	NUBP2	WDR7	DMXL2	HTR1B	TK2	SSR1	NCAPG	GLS	BRF2	ABCD3	SRPRB	FASTKD2	TOMM22	MTFP1	CCDC47	DCXR	MRPL24	CAPG	TNPO2	TSSC1	XPO4	PDXDC1	ZW10	EML2	MLSTD2	UCK2	DNAJC11	NCDN	EHD4	KDELR2	SLFN11	WDR8	VEPH1	SSR2	TCEAL1	ARMC6	TIMM23	C13orf7	TBC1D24	STYXL1	MEST	NARFL	MAGED1	FAM96A	SSR3
275	1.0	OGFR	TMCO7	TBC1D15	YTHDF1	HEATR3	GSTK1	PTP4A3	TMEM41B	UBE4A	RPRD1A	ATP1B3	ATP1A4	HSD17B11	KIAA0406	ZNF294
276	1.0	C20orf54	HOMER2	SBK1	KLHDC10	INTS5
277	1.0	TMEM205	GAS2L1	GABRA5	RDX	KIAA0100	CNTN3	ACADSB
278	1.0	WFDC2	HSPBAP1	PTN	DFNA5	SLC25A36
279	1.0	PRKAG1	SLC2A4	HADH	PRKAG2	PCK2	SLC2A1	G6PC	PRKAG3	PCK1
280	1.0	REC8	PRAME	STAG1	STK19	PDS5B	NAGS	TMEM39B	WAPAL	STAG2	SYCP3	SMC1B	SLC29A1	ESPL1
281	1.0	NAV1	KIAA0556	TBC1D4
282	1.0	MRI1	PRND	DNAJC22	HS3ST3A1	HARS	RABL5	DCPS	CDC42BPB	EIF4EBP2	ZRF1	CCS	FAM100A	EIF3E	MBLAC1	EIF1	ATG9A	SLC30A1	NPBWR1	LDHD	ALPI	FAM185BP	GMPS	LTV1	PAIP1	RTCD1	RPL10L	CCDC12	SLC16A14	ERO1L	UGP2	PLA2G6	NOL9	LANCL3	EIF4G2	RHCG	C9orf140	CCDC86	C15orf44	PRMT3	MRPL39	EIF2A	ZBTB8OS	TSR2	PDCD4	GGACT	NDRG1	FAM185A	EIF1AY	RPS26P3	SDCCAG1	SLC20A2	TRMT6	SCN1A	ZNF650	MOCS2	HLCS	YRDC	KLHDC4	C9orf6	TMEM87A	SENP8	EEF1A1	PHB	NKX3-2	ADAT1	TTL	RPS26P6	PSPHL	MAGEB2	PABPC1	CPA4	C14orf172
283	1.0	GK5	MRPS27	C3orf19	ILF2	MRPS23	EIF2C2	LAS1L	SART3	DLX4	C3orf26	ELAVL1	IGF2BP3	NPM1	SLC4A5	PELP1	CCPG1	FMR1	TBL2	RBM4	RNF149	EIF4A3	RPS26P10	PABPC3	PTCD3	MCF2L	MOV10	DDX50	STOML2	WDR18	DDX39	DHX30	RPS26P8	TRIM56	RPS27L	GEMIN4	CNBP	ZNF326	DHX36	MRPS5	SLC25A3	FLG2	SARNP	STAU1	DDX47	ILF3	SYNCRIP	EIF2C1	DHCR7	FBXL13	HERC5
284	1.0	FIS1	C11orf54	FBXO9	RPS27A	ZNF385	UBASH3B	ABHD1	VPS36	HERC3	HAMP	CCDC50	PIB5PA	UBA52	UCHL3	ZRANB1	UBC	DNAJB2	SLC40A1	HECW2	TBC1D16	MARCH5	PM20D1	RNF43	SYAP1	DENR
285	1.0	NR5A1	TBX19	ZNF653
286	1.0	DNAJA4	C21orf55	C2orf39
287	1.0	NEUROD4	CDK2AP1
288	1.0	COMMD10	NAGLU
289	1.0	STC2	ADAM11
290	1.0	TSPY1	TSPY2
291	1.0	RASA4	RASA4B
292	1.0	MTFR1	STIL	PIN1
293	1.0	C2orf34	RNF208	FAM46D	AGRN	RHOXF2	FAM46B
294	1.0	CREBL1	ATF6B
295	1.0	LOC649034	PGA5
296	1.0	FAM20A	DYNLT1	FAM20C
297	1.0	PPAP2C	UNC119	FKBPL	CYB561D2	RUFY3	AAGAB	SRD5A3	CEP27	RP1L1	C16orf74	ARL3	RP2	BSND	CHST6	ARL2BP	UNC119B
298	1.0	BCL6B	ZBTB16	CCDC109B	LMTK3	BCL6
299	1.0	PPM1J	NUDCD3	C18orf25	UBE2I
300	1.0	C4orf15	CHUK	FAM92A1	TRIM44	NLRP4
301	1.0	IKBKE	HSDL2	NUDT9	PGRMC2	CISD2	CCDC58	FAM49B	TMED9	FAM128B	C6orf125	TMEM111	GLOD4	GLO1
302	1.0	LPP	C2orf28
303	1.0	DMN	SYNC1	HMOX1	NOSTRIN	GJB2	CNTN4	NOS3	HTR1F	CAPN2	POU3F3	DES	L1CAM	MAGI3	IFI6	TNNT2	FGD4	GJB1	PDZRN3	CDH2	GAS2	BST1	CAV1	ERBB2IP	CDH4	AQP3	GJA1	MYL2	CIB1	CCDC89	RAP2A	PTGS2	PLCXD2	NOS2A	MALL
304	1.0	VPS13B	USP34	ANKFN1	EXOC2	PDE8B
305	1.0	PDHB	PDHA2
306	1.0	C1orf34	C9orf52	CBWD3	CBWD5
307	1.0	GABARAPL2	HBG1	DNAH7	IRGQ	BCL2L13
308	1.0	ZNF43	SRY	ZNF208
309	1.0	IMMT	TIMM17A	LYPLA3	TSPYL1	SNORA32	NIPSNAP3A	ZNF33B	ZNF20	CCDC113	PPOX	HAP1	CRIP1P4	HJURP	EPHX2	C15orf29	MGEA5	ZNF691	C8orf33	COL9A2
310	1.0	IVNS1ABP	LUC7L2	NPM3	ECH1	BRD1	SNAPAP	CDK5RAP2	C10orf88	C20orf39	STMN4	C7orf36	ODF2L	ATRX	PBK	MARCH6	VOPP1	GOLGB1	GLRA2	CXorf27	PCLO	SLC27A6	HMOX2	GAPDHS	STAU2	KIF22	HABP4	C13orf34	C11orf2	KIF15	CRIP1	PIPOX	FEZ1	MAP1LC3A	SH3GL3	MYST2	GPRASP1	STT3A	FICD	ACTR1B	F8A1	ARMCX3	ATAD5	MBD6	EBAG9	CCDC99	KIAA1377	SCYL1BP1	SSFA2	IK	TOMM20	TXNDC9	DNAJB11	C9orf82	DEFA3	MTX2	GLYAT	PTPRS	MAGEA3	TAC3	SDCCAG3	MAN2A2	REG1B	PFDN1	C16orf24	CCRN4L	GPRASP2	BARD1	AKTIP	DUSP12	CHD3	GCSH	CHCHD6	DNAJC13	GIT1	ABCA2	DIS3L2	UCP1	TBC1D17	PFN2	SLC2A3	SNX24	IQCG	NAP1L5	HD	CU179654.1	CA12	FAM134A	BAT3	MAGEH1	FBP2	F8A3	SIRT6	C4orf17	PEO1
311	1.0	TNFRSF14	NEK9	DCLK3	PTPRO	TANK	TTN	FRAP1	AP2B1	ATP5A1	RIPK2	BMP2K	BRD4	ANXA2P3	CSNK1D	AP2A1	ASNSD1	PDCD6	EIF3J	AURKA	PDK3	BRD3	TUBA1B	SLC41A3	HRNR	AFF4	ANP32A	CAMKK1	CDK5R2	WEE1	ALDOA	RPS6KB1	CSNK1G3	ERF	TPTEP1	LIMK1	C8orf79	ATAD3B	AP2M1	ABCG2	CAMKK2	ATPAF1	EIF2AK4	G3BP1	ACTN4	PDHA1	MAP2K2	ROCK2	GRAMD1A	OTUD6B	ULK3	CRKRS	LRRC29	SGK	DYRK1A	PRKAB2	ADCK1	PRKAA2	CSNK1E	CAMK2D	SEC16A	CSNK1A1	SRRM2	ATP5B	TNIK	MLLT1
312	1.0	PYDC1	ANKRD6	HPS3	PER2	HS2ST1	COQ5	HEXIM2	ZNF44	CREM	GPD2	LIMS2	PSG3	C1orf165	RRBP1	MKKS	AURKAIP1	CCDC76	SETBP1	FAM63B	SMG6	TTC25	HPS6	NEFH	RAPGEF6	SLC18A2	SNRK	NR4A3	ZFAND6	MEA1	OCLN	C9orf7	BRSK2	RTDR1	H2AFY	TOB2	METTL1	KLRG1	NEK7	DHX58	PRKD3	TM4SF1	ECHDC3	SLC16A12	PER1	ERC1	CSNK2A2	CSNK2B	PER3	PPT2	ATF2	FIBP	RNF32	MITD1	SRBD1	MRC1	MTHFSD	CSNK2A1P	LY6G5B	SGK3	AFF1	PDK1	AKR1B10	PDK2	HPS5	PDP2	LEPROTL1	C1orf107	CABLES2
313	1.0	SDK1	PSG7	PRPF40A	ZNF341	FMNL2
314	1.0	SAV1	SLC7A2	SLC7A3
315	1.0	SLC16A13	TBC1D25	PHTF2
316	1.0	ETV5	ZNF418	APOL2	AR
317	1.0	HHIP	DISP1	GAS1	IHH	SHH
318	1.0	C14orf147	LAPTM4A	MRPL28	KIAA1543	RILPL2
319	1.0	DYNLL2	SCOC
320	1.0	AIPL1	NUB1
321	1.0	CHGB	CCDC92
322	1.0	GOLGA6L17P	GOLGA6L3
323	1.0	SEC14L5	SEC14L4
324	1.0	POPDC2	BTG2
325	1.0	DIP2C	BNC2	TBX4	DMBX1	AGGF1	GTDC1	FAM46A
326	1.0	OXCT1	N6AMT2	PRKAR1B
327	1.0	ABCB8	SAT2	ALDH2	SURF2	ARL15	TP53AP1	CNKSR3	C9orf9	GBP7	TCF25	B4GALT3	SEPHS1	FAM45B	C6orf62	FAM86C	SAT1	FAM45A	NDUFA4L2	GBP2	C9orf46	TMEM166
328	1.0	C20orf67	PPP4R1	RBPJ	HDAC9	DACH2	GATA1	GPS2	ZBTB6	NCOR1	PPIL1	CBFA2T3	SP4	HDAC3	CBFA2T2	ZMAT4	PPARD	HDAC5	HDAC10	HDAC4	GCM1	CTBP1	CORO2A	HEY2	BTBD14B	DGCR8	HR	ZBTB7A	NR1D2	LRRC45	THAP11	SNW1	DACH1	RUNX1T1	NR2E3	SPEN	NR1D1	HESX1	TBL1XR1	YY1	RUNX3	TBL1X	HDAC11
329	1.0	KLF16	SAP30	MNT	SUDS3	HDAC2	MXI1	RFXAP	SP3	TOP2B	HOPX	BCL11B	EBI2	HCFC1	SIN3A	FKHL18	BRMS1	ARID4A	SETD1A	MIZF	IKZF3	MBD3	TGIF2	PHF12	FKBP3	RFX5	MTA3	RORC	MXD4	DNMT3L	IKZF4	CHD4	MTA2	SMYD1	MDS1	IKZF1	SATB1	C3orf33	ZNF238	MIER1	IFRD1	SAP130	SIN3B	EED	KLF11	EFCAB6	MTA1	NFIX	KIF4B	KLF10	REST	DNMT3A	MBD2	IKZF2	EVI1	SUZ12	DNMT1	PRDM4	C3orf23	RBP1	MBD1	ASH2L	DNMT3B	AEBP2	SALL1	EZH1	ULK1	HDAC1	MBD3L1	ATF7IP2	HIF1AN	TXNIP	MXD1	CABIN1	RCOR2	MECP2	LBXCOR1
330	1.0	NKX2-5	CAMTA2
331	1.0	TUBA4B	ZFAND5	HSPA1L	ATAT1	MAP3K3	NFKBIE	MAP3K7IP2	HSPA2	C6orf134	ANKRD28	UBL4A	SLC1A3	CDC37	HEATR6	TBK1	TRADD	HSPA9	TNFRSF21	PDCD2	C9orf58	NKIRAS2	TNFRSF1A	MAP3K1	BAG2	CASP12	RELB	HSPA1A	MAP3K14	FKBP7	NFKBIA	HSPA5	IKBKB	MAP3K8	HSPA6	TUBB6	DNAJA1	REL	NFKBIB	IGHG3	HSPA1B	MYO1D	TUBA3D	NFKB2	MAP3K7IP1	RASAL2	CCDC28A	TSSK6	TUBA3C	COMMD9	IKBKG	MAVS	GLG1	TNFRSF1B	C3orf28	PFKL	OLR1	RARS	RIPK3	TNIP2
332	1.0	TTLL4	BAG4	TICAM1	AHSA2	ZNF322A	STRADA	TNFAIP3	TSPAN15	GSTA3	ERLIN1	HMGA2	MOXD1	STUB1	CARD11	RIPK1	STK11	GPR37	CARD10	NGFR	TRPC4AP	DPF2	HSPA4	SPRR3	COMMD2	MALT1	BTRC	EIF2AK2	HSP90AA2	OTUD7B	ALS2CR2	DYX1C1	ANKRD17	NKIRAS1	BCL10	TIMM50	PELI3	RPAP3	GRPEL2	TSC22D3	USP11	TNFRSF25	C9orf89	TIMM17B	SAPS2	UBE2Q1	FKBP5	MAP3K7	CYLD	BCL7A	USP9X	FBXW11	TLR3	SPAG9	TRIM38	NQO1	KIAA1161	HAO1	TNIP1	TRAF7	DNAJC3	RELA	POLRMT
333	1.0	EPB41	SEC14L1	TMEM24	MRP63
334	1.0	FGGY	PPP1R12C	SLC7A1	ITM2B	CLDN11	AK1	MYO1G
335	1.0	THAP2	ZFP2	PTPN12
336	1.0	SRL	FAM39B	BBS7	CINP	ALDOB	BLOC1S3	EXOC7	ADAM29	CLUAP1	PRMT7	BBS2	RALA	MTMR9	EXOC4	EXOC3	RTN4IP1	BLOC1S1	ZFYVE26	TTC8	ABI2	DPP3	EXOC6	BBS4	KIAA1731	MTMR7	EXOC6B	COLEC12	SULF2	C10orf78	BLOC1S2	MTMR8	EXOC8	HSCB	EXOC5	PCM1	ZNF490	TM4SF20	ACY1	PLDN	DTNBP1	CCDC22	EXOC1	FAM39E	PAX2	CCDC93	ARC	CNO
337	1.0	IPMK	FUT8
338	1.0	ACOT4	ACOT1
339	1.0	SEC23A	REEP2
340	1.0	CARNS1	TRIP12
341	1.0	EHF	NLRC3	ELF3	KRTAP11-1
342	1.0	CHST12	UGCGL1	PVR	LTF	PODXL2	CR1	LGALS1	UMOD	TIMP1	SECTM1	GYPB	ECE1	TAPBP	OLFM3	CD7	CD55	CD96	TPST1	LIM2	AP4M1	LCN1	SCARB2	MBL2	ITLN1	CACNG3	SUSD2	LGALS3	SEP15	DMP1	GBA	GGTLA4	MUC16	DPT	TFR2	PUNC	RHAG	IRF6	MYOC	C2	TNFRSF11B	MFI2	LMAN2
343	1.0	TXNDC10	RRP7A
344	1.0	CPS1	PPFIBP2	PKP2	INTS8	HPCAL4	ARHGAP32	KLC1	MARK1	VGLL1	SAMD12	MLYCD	DTX2	ITCH	PARD3	BCAR1	LRRC15	TSC2	CCNI	NUDT14	CGN	GCKR	RAF1	RACGAP1	IRS2	ARAF	KIF5B	RBJ	KIAA1598	NISCH	CRTC2	KLC2	PEBP4	BAD	SCEL	OIP5	PRKCI	PFKFB1	KIF23	UBE2S	PTPN21	YPEL2	USP8	KIF1B	SLC26A8	SH3RF1	TRIM26	STK10	ATP2A1	INSC	GCK	TRIM25	RNF41	BAIAP2	PEX5L	IRS1	ST5	MLLT4	MAP2K1	TP53BP2	TMCC2	COX7A1	PTPN3	PPP1R3D	FRMD4A	JUB	KIF5A	SPRY4	DSG1	BRAF	C9orf61	PIM3
345	1.0	KCNK3	CYP4B1	DFFA	ARHGEF28	MLXIPL	C1orf57	INPP5E	WDR68	PCTK1	FRMD6	ZFP161	YWHAQ	YAP1	RAPGEF2	MYCBP2	TRIM21	TPH1	FOXK1	SNF1LK	LMO7	DOCK7	MLK4	KCTD20	SLC4A7	EIF4E2	TLX2	MAP3K5	NGFRAP1	PANK2	TSC1	KIF5C	TCP11L1	ARHGAP4	TLK2	ASB13	RNF128	DENND3	ABLIM1	PKP1	MAP2K5	MPHOSPH1	PDRG1	HSPB6	WWTR1	FOXO1	HDAC7A	RHEB	SAMD4B	KIAA0802	YWHAH	FAM83G	RIOK1	CDC25B	KRT34	TESK1	TBCB	TJP2	FEZ2	AHNAK	SLC25A16	GREM1	NEK1	WDR6	SON	AANAT	PNPLA2	RICTOR	PPFIBP1	SLC25A6	MLXIP	RALGPS2	MYO18A	YWHAE	REM1	DSP	HECTD1	PDC	YWHAB	KIAA1546	KCNK15	PCTK2	FOXO3	SPIRE1	KCNK9	C3orf63	PFTK1	MDM4	KRT18
346	1.0	MAP7D2	TMEM9	C20orf30	SUMF1	TRSPAP1
347	1.0	AIP	COPS2	MTERFD1	PDE2A
348	1.0	C1orf168	SLC25A24	FDFT1
349	1.0	STARD3	MPI
350	1.0	SLC25A39	PDK4
351	1.0	RCHY1	ARL5B	WDPCP
352	1.0	FAM133A	UNC84B
353	1.0	ZMYND17	C10orf63
354	1.0	FAM125B	CDK10
355	1.0	ARID1B	COQ9	HTATIP	UPB1	C17orf49	RYBP	NUP62CL	MLL	MEN1	RBBP5	ING1	KLF1	BAZ1A	HCFC2	FOXC1	MRFAP1	JARID1B	UBN2	BAZ1B	C16orf53	KCTD10	RGS6	SMARCE1	FOXA2	SUB1	SMARCA1	SMARCB1	ACSL1	MYST1	UBTF	HOXB7	HOXA6	DYDC2	ANKRD50	FAM135B	EN2	OGT	SMARCA4	NAB2	KLF9	SSX1	MSL3L1	SS18	ARID1A	C18orf37	ARID2	MLL2	PDE11A	PITX2	NAB1	SMARCD2	TLE2
356	1.0	RANBP10	THSD7B
357	1.0	GNE	TDGF1	KLK10	CKMT2	GC	BBOX1	HMGB1P5	PLEKHA4	MRPS6	TSPAN13	TSPAN6	ZBTB45	HSPB3	NRBP1	ETHE1	MED31	OLFML3	ANKRD24	DDIT4	RIF1	C1orf103	DDN	AKR1C3	WDR62	SELENBP1	WWC1
358	1.0	CRCT1	CHRNB1	TRDMT1	HYLS1	MRPS12	FLYWCH1	TLE1	BTBD2	PPP1R8	HSPE1	PCDHA4	HES6	ORAI2	C11orf79	CRADD	PHF10	RGL2	RAB27A	RBM48	GSTO1	GSTM4	APLP1	C1orf174	MLLT3	GUSBP9	SULT2B1	PDZK1IP1	BRD7	MAP7D1	CCL18	GADD45G	CDKN2C	QTRT1	HBXIP	MAD2L1BP	ZNF24	NP	PAEP	UTP14A	TMSL6	LAMA4	AGR2	SERPINB9	COPS6	TP53I3	PSG9	PLEKHM1	THAP8	TGIF1	CRELD1	C5orf13	MPHOSPH6	SULT1E1	FXYD6	RSRC1	GDF9	TK1	CCDC90B	KLHL20	CRMP1	SMPD3	RNF10	GUSBL1	PAFAH1B3	ZFP64	GIPC2	CHMP7	UTY	COX17P1	S100A8	FXR1	SCO2	IGSF21	CCDC106	C14orf1	ANXA3	PSG1	COX17	DLEU1	PAPSS1
359	1.0	TFEB	TFEC
360	1.0	GNPDA1	AMDHD2
361	1.0	D2HGDH	ACTA2	GRAP	SPTBN1	LRRFIP1	SEL1L3	PCYT1B	ABRA	DHRSX	IQGAP1	PARVB	ACTG1	DNASE1	MYH9	BCAR3	FMN2	SSH2	ARPC1B	CTTN	ESX1	TUBA1A	DIAPH1	WIPF1	S100A11	AC114730.8	PARVG	NCALD	ACTC1	TPM3	CAPZA3	NFS1	NSMAF	NRK	HIST1H1E	CNN2	MYH10	PFN3	OTUD5	GSN	ESPNP	TMSB4Y	PARVA	ACTR3	PLA2G7	SSH3	ACTB	PFN4	B3GALT1	LMOD1	SPTAN1	LGALS13
362	1.0	PITPNA	HSDL1	NPHP3
363	1.0	C10orf82	ZNF414	HYI	TEX11	COL20A1	PCDH15
364	1.0	SORCS1	DHX29	C4orf27	CENTB5	SLC16A6	METT10D	PARP11	SLC30A5	MRPS31	C2orf33	NXF3	LXN	NXT2	NOVA2	AZU1	NXT1	SEC16B	AMMECR1	KIAA1107	NXF2B	SEC24A	DNAI1	AMMECR1L	PDCD2L	C14orf164	ENOPH1	ABCF1	USP33	TSTD1	SLC12A9	KIAA0090
365	1.0	PPCDC	SEC24C	GAMT	SOX6	GLE1L	RP11-22B23.1	LPIN1	ATG3	QRICH2	DDX12P	MFSD10	ACOT9	RANGRF	TNPO1	SPPL2B	DDX12	RGPD6	SCML2	RCC1	UQCC	RANP1	SEC24D	AKR7A3	TACC1	TMEM194A	SCYL1	MLLT10	ZC3H15	NGLY1	GSTT1	ATG12	AKR7L	MPST	ADSL	KPNA1	DDX19A	MRPL42	AIFM2	CETN3	DBI	ALAD	ANKZF1	ADAR	HTATIP2	RRAGD	RGPD7	SAC3D1	TTBK1	SEC31A	KIAA1009	MTHFR	PAFAH1B2	KTI12	WDR70	RMND5A	RRAGB	ARG2	TTK	KPNB1	LOH12CR1	BLZF1	OGFOD1	APOBEC3G	HORMAD1	DECR2	NUTF2	MTRF1L	TBCE	LONRF2	HSPE1P11	MPPED2
366	1.0	HSF2BP	HSF2
367	1.0	GPI	PARP14
368	1.0	KPNA6	ALDH6A1
369	1.0	EHHADH	SCP2	ACAA2
370	1.0	CSPG5	C6orf32	GOPC
371	1.0	MAP1S	PRRC1	TUT1	KIAA1429	C13orf8	UBE2QL1
372	1.0	TSPAN11	DYNC2LI1
373	1.0	ANKRD11	NR2C2AP	POU2F1	NR0B1	NCOA7	ZNF398	SREBF1	POU4F2	AHR	NR2C2	ESR1	DAP3	RPAIN	PRDM2	ANGPTL1	TCF20	POU2F2	SHD	CRIPAK	TMBIM1	NR2F2	AKAP13	NR3C1	PGR	PLAGL1	ESR2	SPDEF	ARNT	POU4F1	HIF3A	NR3C2	THRSP	NKX2-1	NR2C1	TRIM59	WIPI1	RNF14	GADD45B	NR5A2	REXO4	RFX4	FABP1
374	1.0	JMJD1C	NR2F1	PRMT2	TRIP4	NPAS2	WRB	NR1H4	TRIM33	THRB	RXRG	BTG1	TEAD2	EDF1	RARG	RXRB	NR1H3	PPARG	NCOA4	NR2F6	PPARGC1A	RORB	NR1I3	PNRC1	POU1F1	NCOR2	OASL	NSD1	NRBF2	NR0B2	NRIP1	NCOA6	TGS1	ANKRD25	ESRRB	ESRRA	IRX4	NCOA1	TDG	NR4A1	ESRRG	RARB	ABCC9	NCOA2	NCOA3	THRA	RARA	RXRA	TEAD1	PPARA	VDR	TMPRSS3	TRIM24	NR1I2	ZNF335	MECR	PNRC2	HNF4A	STAC3	NR1H2	PPARGC1B	PGAP1
375	1.0	C10orf4	C7orf24	TYRP1	GDPD2	ADPRHL2	USP6	DCT	C21orf33	SPCS2	DAGLA	ALS2CL	C17orf42	RGS11	KCNIP2	ANKRD44	KCND3	KCNIP4	TYR
376	1.0	NHLH1	TMEM53
377	1.0	GBF1	TMEM185B
378	1.0	ASCC2	IGSF9
379	1.0	CPNE3	QARS
380	1.0	C10orf58	KLHL8	BCMO1
381	1.0	EBF3	EBF2	SERHL2	RNF13	PTCH1	IHPK3	TDRD6
382	1.0	KLF3	KLF8	CTBP2	CASZ1
383	1.0	ENTPD1	RANBP9	MPHOSPH8
384	1.0	SP1	POGZ	C14orf106
385	1.0	MXRA5	NUDCD2	EIF1B
386	1.0	ATP6V0A4	PFKM	GLRB	GPHN	ARHGEF9
387	1.0	ALS2CR12	MCAM	AFF2	LY6G6D	NEU3	TUB	DDEF1	SH2D3C	CAST	DAG1	KCNV1	KCNB2	SNX17	NCKIPSD	DRP2	OPTC	RPP38	CD97	YTHDF2	MAP4K3	PRAM1	PANX1	ADAM15	SLC23A1	TRIM39	ZNF587	PTPRB	FUBP3	ELK3	CCKBR	DDR2	C6orf21	CD226	DDEF2	SRCIN1	ZNF274	PTPRF	PTPRA	SH3BP1	PIK3AP1	AVIL	CHRND	P2RX7	ARHGAP5	PDE6G	IFT80	DOCK1	FLNC	GBP3	LARGE	SOS1	SOCS7	SLC9A2	F2RL2	SH3PX3	ADAM12	DLGAP4	PTPN1	TGOLN2	MAP4K4	TPX2	ELMO3	MERTK	SRC	NEDD9	SHKBP1
388	1.0	LRRC4C	RABL2B	NTNG1	C3orf34
389	1.0	VPS37D	CEP55
390	1.0	STIP1	HSPA14
391	1.0	BPGM	GAPDH
392	1.0	C6orf48	SFXN3	CAPNS1	C8orf55	WSB1	SNORD52	CLTCL1	FAM120A	SEC61A2	ADCY8	ABCB11	ABCB4	ACCN4	HAX1	CLCA1	ACCN5
393	1.0	C14orf119	LRRCC1
394	1.0	CIR1	GPATCH1	C11orf31
395	1.0	DHTKD1	NETO2	KLHL18	TMEM134	C19orf56	MRPL32
396	1.0	TSPO	BZRAP1
397	1.0	C21orf2	MYO15A
398	1.0	GGT2	GGT3P
399	1.0	ZIC3	GLI3
400	1.0	POLR1E	HDX
401	1.0	JARID1D	JARID1C
402	1.0	CYP1B1	SAE1
403	1.0	RNPEP	ZFYVE9
404	1.0	DHX16	INS	PERQ1	CCDC55	IGSF1	LRRC3B	FGF20	CTGF	SMG7	C4BPA	CLCN2	GAL3ST1	C19orf6	NTF5	UBL5	CEP57	MEX3D	ARSE	CYP27A1	C1orf156	PDGFRB	N4BP2L2	NTRK3	FGF1	IGFBP5	PDGFA	GPC4	IGFALS	DAK	GPC3	KIAA0319	FGF2	FAM49A	FEM1B	RNF130	TBX21	ROR1	DOK5	CHMP1B2P	NTF3	C6orf47	NAV2	GLRA3	GPC1	FBXO44	USP47	COL18A1	BDNF	NDRG3	FSTL3	ARSA	N4BP2L1	GRB14	CLEC3B	SEMA3F
405	1.0	HMGN1	HMGN2P8	HMGN2
406	1.0	SLC35B2	MCTS1
407	1.0	SPRR1A	ACTA1	CCIN
408	1.0	ALOX5AP	ALOX5
409	1.0	KCTD17	LRRC18	RWDD4A
410	1.0	DALRD3	DGCR14
411	1.0	IDH2	TP53RK	IDH1	TPRKB
412	1.0	TUBB	HSPA8	PPCS	TUBBP2
413	1.0	EFHD1	TCHH	PLEKHJ1
414	1.0	PLEKHA2	PLEKHA1
415	1.0	CDPF1	EXOC3L	CPSF6
416	1.0	NUDT4	SLC34A3	C1orf96	RBM4B
417	1.0	HEXB	E2F7	AGBL2	TMEM51	GPATCH4	MAB21L2	AGBL3	FAM119A	IFT122	EME1	FARS2	LGTN	MKS1	MUT	MMAA	E2F8
418	1.0	BCKDHB	TMEM91
419	1.0	CUTL2	SHOX
420	1.0	SCRN3	SCRN1
421	1.0	KCTD5	GGPS1
422	1.0	PHB2	FLRT3
423	1.0	TRIP6	AFAP1L1
424	1.0	HMGB2	MS4A14
425	1.0	FAM178B	PHF23	MGAT4B	LRSAM1
426	1.0	CREBBP	ZBTB2	NFIA
427	1.0	REXO1L1	REXO2	REXO1L7P
428	1.0	TES	VASP	WIPF3	DNMBP	CRLF3	ERMAP	ACTL7A
429	1.0	PRODH2	CMTM4
430	1.0	VPS54	RCBTB2	COPS4
431	1.0	APC	RP1
432	1.0	ATP6V1D	PFDN6	ATP6V1G1	ATP6V1H	PFDN2	ATP6V1F	VBP1	ATP6V1C1	PFDN4	ATP6V1G2	ITPA	CNOT4	METTL21C	PFDN5	ATP6V0A1
433	1.0	GDPD3	GDPD1
434	1.0	FANCE	FANCF	DUS4L	SAMD3	CD52	C17orf70	FANCL	FANCB	CYP19A1
435	1.0	CHP2	SLC9A4	CHP1	SLC9A5
436	1.0	CCDC97	SFRS15	WBP4	DDX46	GPR88	WBP11	DIAPH2	WIPF2	CCDC123	SF1	PQBP1	PSPC1	KHDRBS2	NCKAP1L	RBMXL2	SFRS10	CHERP	TNRC15	FMNL1	ZNF207	C20orf42
437	1.0	BZW2	TAF1L	PSTPIP1	SGK494	C1orf9
438	1.0	ALG14	EMID1	ANKMY2	LRRC58	EMID2	DOLPP1
439	1.0	TRIT1	C8orf30A
440	1.0	EPM2A	NFU1
441	1.0	OLFM2	NBAS
442	1.0	CHMP4A	CHMP4B	MDP1
443	1.0	ZNRD1	SLC33A1
444	1.0	FOXP2	FOXP1	FOXP4
445	1.0	CACNG5	CACNG7
446	1.0	LGALS9B	UNC93A	LGALS9	SUNC1	LGALS9C
447	1.0	PRRX1	SS18L1	NEUROD1	ALX4	PHOX2A	MIA3	N4BP2	ARNTL	POU5F1	ELF2	KLF2	TCF7L2	MEF2A	GATA6	RORA	CLOCK	ZNF76	PIAS3	MAF	BCL3	SRF	BHLHB3	MEF2D	HAND2	FOS	SOX8	DLX5	SOX18	ONECUT1	ZFPM2	KLF13	MGMT	ELK1	RUNX1	IRF2	ARNTL2	CITED2	ETV1	PAXIP1	ETS2	JUN	POU3F2	CDX1	MITF	IRF4	PAX5	GABPA	BARX2	TRERF1	CITED4	TBX5	GATA4	VGLL4	PROX1	CDX2	ZNF148	GATA2	NEUROG1	NKX3-1	UTF1	ALX1	SOX10	GMEB2	IRF8	MEF2C	ZEB1	SOX9	VGLL2	ETS1	GATA5	FLI1	NFATC2	FOXO4	SPI1	SPIB	ETV4	KLF4	HEY1	CREB1	ZFHX3	SREBF2	ZNF639	LEF1	ZBTB17	CITED1	CEBPB	RUNX2	ATF1	ERG	PAX8	HOXB3	HNF1B	TWIST1
448	1.0	KRT2	KLF5	PML	PIAS4	PCAF	ZMYM5	C11orf65	SNIP1	DHCR24	KCNK1	TP53	PIAS2	MSX1	GMEB1	SUMO3	TFAP2C	RBM14	SENP6	EPAS1	SATB2	IRF1	MYB	TP53INP1	TP63	VHLL	SP100	SUMO1P3	SUMO2	PRRX2	RWDD3	PIAS1	NFYA	MTBP	NFYB	HIPK2	BHLHB2	CARM1	MKL1	IFI16	TACC2	TFAP2A	PPP1R13L	HIF1A	TFAP2B	WT1	MDM2	DAXX	KCTD1	TP73	JMY
449	1.0	CMPK	RRM1	RAB5C	SEC11A	ECHS1	ATG5	EPB41L5	PFAS	SAE2	ZNF675	RANBP1	KIAA0562	PDCD5	GLT8D3	YARS	BTF3	TAGLN2	BPNT1	MIF	RNF139	PRKAB1	PTGES3	UBE2V1	ASXL2	PGRMC1	RIPK5	ACLY	ACAT1	AKR1B1	APRT	TKT	MTPN	PDXK	UCHL1	UFM1	ACAT2	HINT1	MPG	CS	C19orf10	TXNDC17	TRMT112	CLPP	TARSL2	HSPA4L	EIF3M	CYB5R3	C9orf78	CAPZA1	NAT13	HPRT1	CACYBP	MAT2A	EEF1D	CISD1	TNFRSF10D	NUDT11	GCLM	CSDE1	COTL1	LRRC59	HIP2	CYCS	PLP2	TSN	FHL1	TATDN3	AK2
450	1.0	DAD1	TPP2	AFP	ICT1	TMEM4	KCTD12	C14orf156	ALDH9A1	C10orf118	ERP29	LTA4H	VMA21	PNPT1	KIAA0152	DDT	SEC23B	SBDS	ARMET	RAB21	GLRX5	LRRC40	NUDT5	MCC	PITPNB	APEH	TFAM	HLA-B	CUTA	KATNAL2	CKMT1B	SAR1A	ESD	TMA16	TFB1M	ADSS	C11orf58	C9orf32	RAB14	LAGE3	LYPLA1	CRYZ	AASDHPPT	MRPL14
451	1.0	S100A1	PLB1
452	1.0	SUV39H2	TTC5	CKAP5	CGGBP1
453	1.0	TMEM66	CEP350	APTX	IFIT5	MAPKBP1	SNX15
454	1.0	SLC22A1	PLEKHG4	SIRT7	MAD2L2	VRK1	CIITA	WFS1	SENP1	EGLN3	COPS5	CASKIN1	DCTN1	COPS7B	KIF17	LPXN	OS9	DYNLT3	EVI5	SERPINB4	SEC61B	CDC14C	RAG2	NRG3	DNAJB9	SNCG	EGLN1	WDR32	AP3B1	TCEA2	RANBP3	COPS7A	MLF1	RABIF	RNF38	ZNHIT3	RABEPK	MLX	SPATA2L	MYT1	ARHGAP19	KRT31	CALCOCO1	USF2	TOM1L1	RSU1	GORASP1	ADAM17	ACOT2	ADAM10	NELF	RB1CC1	KRT85	RECQL5	YLPM1	NFE2L2	SENP2	TMF1	CPNE6	ARFIP2	VRK3	CCDC42	PITPNM1	FUNDC2	NR4A2	KALRN	TIMP2	TMEM22	MTO1	UXT	COG4	CCDC53
455	1.0	TUSC2	FAM131C	WDR44	COL4A3BP	OPN1LW	STX18	DCX	ZNF10	MAPRE3	TFAP4	POU3F1	STOX1	KIAA1128	SNCB	CLIP2	RINT1	PMVK	OFD1	PRMT6	PARP2	ZNF91	PPP1R14B	MCFD2	METTL20	ANKRD54	IRF2BP2	MRPL54	BUB1	ZNF197	N4BP3	MAPRE2	CLIP1	PPP1R1A	CCDC88A
456	1.0	IARS	CBS	EIF5AP1	FDPS	PGAM2	NARG1	PKM2	SLC25A34	FAM62C	AGPAT1	ME1	C12orf10	AMN1	PKLR	GNPNAT1	GLUL	DLSTP	PGD	EEF1AL3	CAD	SOD2	ERGIC3	VDAC3	KARS	AARS	ACO2	WDR48	NARS	EIF2B1	TMEM87B	TUBB2B	KIAA1147	NAT5	VARS	HSPH1	PGK1	THOC2	ATP6V1A	RANBP5	FPGS	LARS	CCDC90A	SARS2	NPEPPS	CAPZB	SLC25A29	EIF2B3	EPRS	HMGCLL1	ACSS2	MTHFD1	TUBB4	AIFM3	FRY	ACSL4	AHSA1	GARS	TALDO1	EEF1B2	EIF6	DHDH	TUBB2C	HMGCS1	DARS	ABCF3	TUFM	PRDX2	HDLBP	FVT1	PMM2	MAT1A	DUS2L	GART	ARFGEF2	ABHD4	EEF2	RARS2	OLA1	KPNA5	OGDH	CTPS	GSPT1	KIAA0368	TUBB1	SRR	ACACB	SHMT1	DHRS11	ENO3	FARSA	TARS	IPO4	WARS	SFXN5
457	1.0	C20orf52	MPV17	UBE2G2
458	1.0	S100Z	S100P
459	1.0	NIPBL	KIAA0892
460	1.0	HRB	C16orf35
461	1.0	PHOSPHO2	CCDC135
462	1.0	SLC35B1	PAOX
463	1.0	UFC1	GSTCD
464	1.0	SREK1IP1	LRCH1
465	1.0	GYG2	GYG1	CRBN
466	1.0	ZNF259	BLCAP
467	1.0	RBFOX1	EYA4	YY1AP1	RAD54L2	TULP2	CCDC136	SIX2	RBM9	GON4L	ZHX3	FAT4	MYST3	SFRS16	QRICH1	DAZAP2	HECA	ELAVL3	ZBTB32	C1orf94	C14orf32	BATF2	NSUN4	SIX5	RC3H1	UNK	GCA	ZHX2	SIX4	EYA3	HSFX1	DCTN3	C10orf12	DMRTB1	PLEKHA5
468	1.0	ANKRA2	GPR84
469	1.0	DPYSL5	DPYS
470	1.0	RIN2	SLC13A2
471	1.0	ZNF579	NRL
472	1.0	LRRC6	ZMYND10	ZNF580	TSC22D4	DEGS2	MTHFS
473	1.0	CAP2	CAP1	TRMT5
474	1.0	UBE1DC1	UBE2Q2
475	1.0	PLA2G4C	S100A10	CD34	CHST4
476	1.0	SOBP	TNRC4
477	1.0	ZNF277P	SAMD8	FADS3	GPBP1L1	DPH3	NEUROG2	FAIM	C12orf31	PRKRAP1	SPSB1	RPL39P5	ACSL3	B3GALT4	NUDT3	PELI2	SENP3	ATPAF2	SLC35D1	PAPLN	ACADL	BLMH	C11orf68	ANKRD13B	SYNE1	PAIP2	NEDD8	SYBU	CNOT10	DYM	DCUN1D3	SLC25A5	LACE1	DHRS7	IGHMBP2	ZNF7	ZC3H7B	FMO5	CSN3	UBE2M	DHX35	FLCN	ASPG	CES2	CCBL1	C9orf19	ACSF3	TBX6	DEAF1	MPP7	PPM1D	C1orf179	CLN3	PRPF39	UROD	FAM151B	ERGIC1	TPPP3	APOBEC3D	MEMO1P	N6AMT1	IPO8	PA2G4	TRAM1	MRPL18	KIAA1432	BAT4	DDX19B	COX5A	NR2E1	C20orf43	ARHGEF4	WIZ	MAOA	ARHGEF40	INPP1	ATXN7L3	C11orf49	LIPT1	ATP6V0C	SYT8	FBXO18	DHPS	ACOX1	KATNAL1	PRPSAP2	APPBP1	ALDH5A1	CTSL2	AHCYL2	WBP5	SHROOM4	LPPR4	MOBKL2B	ST3GAL3	KEAP1	SLC25A28	MRPL43	C2orf29	MAFB
478	1.0	IMMP1L	SETD3	EIF3EIP	ZNF706	CHST13	NT5DC3	VPS39	CNTNAP5
479	1.0	FXC1	TIMM10	TIMM9
480	1.0	C20orf116	CDK5RAP3
481	1.0	LMX1B	EFHC2
482	1.0	ZNF410	MYO3A	GRINL1B
483	1.0	TMEM131	ORAI3
484	1.0	INSIG1	SCAP
485	1.0	C14orf124	PANK4
486	1.0	CTNNA3	ACTN3	RAVER1	NRAP	PDLIM1	MYOT	PIP4K2A	PIP5KL1	ACTN1	ACTN2	TNN	PIP4K2B	PIP5K1C	PIP5K1B	CTNNA2
487	1.0	ARHGAP1	RDH13
488	1.0	USH1G	USH1C	ANKS4B
489	1.0	ZNF289	COPA	COPB2	COPZ1	COPB1	ARCN1
490	1.0	STARD13	CIDEC	BBX	TRIM58	CIDEA
491	1.0	PICK1	SDCBP	GRIA2	CENTG1	SOX4	GRIA3	CADM1	C11orf41	CD6	GRIA1	PRLHR	CSPG4	EPB41L1	GRIP1	SLC6A2	SLC6A4	GFI1	GRIK3	SLC6A3	GRIPAP1
492	1.0	ELAVL4	RBMXL1	A1CF	CNN1	SAP30BP	WBP2	YTHDC1	SPG20	TPK1	DEFB1	PCBP4	MTAP	ZCCHC8	DOCK4	CUGBP1	ZCCHC4	CCNL1	SASS6	C1orf35	C10orf30	RBM12	CXorf56	KHK	MKLN1	NRG1	QKI	KCNH5	TSEN34	CENTA1	TRAP1	CHORDC1	C6orf203	FMNL3	SLC31A1	IBTK	DIDO1	HSD3B1	RALY	STRAP	C19orf29	CCL20	CCNL2	ZNF384	CUGBP2	GPATCH8	SRRT	RBM42	NAGA	ANKRD2	STIM2	TTC19	FAM115A	CDK11B	BCAS2	ELAVL2	KHDRBS3	UBE2W	SAFB	NRIP2	CWF19L2	DGKA	IGSF2	CDC2L2	TRA2A	PREX1	CTDSP1	POU3F4	DAZAP1	SNRPC	C16orf80	PTBP2	UBAP2L	PNN	GLIS2	RHEBL1	HMG20A	GALNT7	RBM11	C1orf19	BAT2	KHSRP	MSX2	MAGOHB
493	1.0	DDX4	SND1	TNPO3	IRX2	TXNRD2	RBBP6	CTDSP2	SNURF	ZNF584	DPH1	CCDC44	WDR33	FIP1L1	CMBL	SRXN1	C19orf2	HTATSF1	USP26	DTD1	NOL12	RBM39	ZNF689	PRMT1	POLDIP3	SNRPN	RSF1	CIRBP	SRPK1	C5orf22	EPHX1	CECR2	CCNY	SFRS18	CHTF8	PRM1	TAF15	SMNDC1	DDX21	WWOX	CAPRIN1	THOC3	C17orf39	NOVA1	TRAM2	SSU72	TCERG1	PUF60	SRPK3	TLE3	TRPT1	CPSF4	PCBP3	PAPD5	SYMPK	SNUPN	STAP1	SMYD2	HNRPLL	VPS53	C20orf11	PURA	THOC1	NUFIP1	CTCF	SMN2	SFPQ	ZNF74	RAD21	USP52	DEGS1	DSPP	KIAA0859	MBNL1	AMOTL1	BOLA3	DEK	SCCPDH	KIAA0460	WDR82	RBMS1
494	1.0	DPP9	C9orf95
495	1.0	IGLON5	NEGR1
496	1.0	RBM18	ALDH1L1
497	1.0	CBWD1	CBWD7
498	1.0	AP3M2	PARP10	C6orf153	PAF1	MTHFD2	NUDT12	PBLD	SLC38A11	RTF1	UMPS	C8orf53	C9orf114	FSD1	CDCA5	WDR45L	NAT6	TROAP	TTLL10	MRPS7	IDE	COQ3	UTX	MOGAT2	H1F0	SETD2	COQ7	FOLH1B	CPOX	UTP14C	PPA2	CYB5R2	ATXN7	SMC5	SMARCD1	DNASE2	SLC16A4	SECISBP2L	ARIH1	SMARCC2	HDDC2	CTR9	TLK1	CCDC63	UBE2H	CPA2	IWS1	SMYD5	COQ4	POLR1D	PDE10A	ACRC	FOXJ3	COQ10A	ATAD2	C9orf126	ELP4	ISCA1	HDAC6	SURF6	ELOF1	HIRIP3	RNF20
499	1.0	PDE7B	ANTXR1
500	1.0	NYNRIN	AGTPBP1
501	1.0	HCLS1	CA1	HS1BP3	DYNLL1
502	1.0	PDPN	CTNND2	AGER	OCIAD1	MIB1	GAD2	CELSR2	IGHE	HAAO	FABP7	SYP	SYTL1	SLIT3	EML1	ATP6V1B1	RND2	COBL	THSD7A	PTPN4	C18orf16	KMT2B	DAB2IP	CALCA	PLXNB2	IFFO1	NPHP4	CNN3	PTPRD	PLCD4	PPP1R1B	ANK2	SPHK1	ZDHHC16	CYP4F2	SNX3	AP3M1	ERC2	KPTN	DDX41	KIRREL	ROBO2	S100A12	MEOX2	LCP1	HOMEZ	LIG3	GTF2IRD1	PLK2	FNDC3A	DIP2A	GABBR2	PPFIA4	SOX11	FOXF2	DCC	GRIP2	RALGPS1	FMN1	RND1	GAD1	ABP1	INVS	NMT1	FNBP4	DNM3	IFT140	DSCAML1	PAX3	NBEA	RAG1	NCF1B	GM2A	TSSK2	TRAPPC6A	SEMA6A	KIAA1219	SPHK2	AGPAT4	SPTBN4	SEMA6D
503	1.0	NCF1	SELE	CHN2	RUFY2	PLD2	SYNJ2	PLXNB1	SLC44A4	USP6NL	PACSIN1	PKD1	ICAM5	VAV2	MDK	CD2AP	INPP5D	TGFA	VAV3	EVL	SH3PXD2A	CEACAM3	DENND1A	FASLG	MAGI1	RUFY1	DAB2	EPHA3	TNFSF11	TGFB1I1	MAPK8IP2	SH3RF3	CAPN3	MAP4	SPSB2	ANKS1B	ARHGEF7	PACSIN3	PTPRM	KHDRBS1	RBM35A	GALNT13	NPHP1	FLOT1	CAPN7	MICAL1	TNS1	PRKCH	PITPNM2	EFNB1	TRIO	PACSIN2	SORBS1	FAM125A	RIT1	ALCAM	ARHGAP12	SNX9	RIT2	ARHGEF1	CAPN9	CDH3	PRKD1	TLN1	NBR1	CAPN10	ARHGEF11
504	1.0	OBFC1	SDSL	TUBGCP4
505	1.0	PUS3	TIGD4	URM1	ATP10D	SMARCAD1	ATPBD1B	GUF1	ORMDL3	MAEA	RRM2	XAB1	PYCRL	TRMU	GINS3	NSMCE4A	DRG2	MSI1	PGBD3	ZCCHC7	PPIF	SRM	PNPO	MDH2	PC	SMC3	SELO	BTF3L4	NMNAT1	DDX6	CNOT3	EARS2	NPAT	THG1L	CDC14A	TAPT1	PGP	USP46	RP11-423H2.1	DOHH	C6orf157	ASL	C20orf77	CNOT1	PISD	ICK	C1orf69	ADHFE1	CNOT2	ZC3H14	CNOT6	PPTC7	ISCA2	YPEL4	IVL	PRUNE	DIP2B	ANKRD12	TMEM34	RQCD1	GBE1	WDR59	RDH8	RAD23B	USP10	NTHL1	NES	TMEM165
506	1.0	PTPLB	TAP1	TAP2	BCAP31	BCAP29
507	1.0	KCNE1	KCNQ1	KCNH2	KCNE4	KCNE2
508	1.0	ZNF598	ZIC4
509	1.0	AGPAT3	RAPGEF4	NAPG	SLC39A10
510	1.0	EMX2	EMX1
511	1.0	LRRC48	DCTN2	MARCKSL1
512	1.0	MGAT3	SAP30L	MINPP1	MBD4	ZNF521	PDCL	MTF1
513	1.0	FLG	PCSK6
514	1.0	HSPB7	HSPB8
515	1.0	CTNNA1	EPB41L3	CEP152	FAM84B
516	1.0	SOHLH2	ALS2CR8	TCEB3B	LMO3	NHLH2
517	1.0	HERC6	SLC26A11
518	1.0	LASP1	TTPA	MVP	BHMT	ALDH16A1
519	1.0	UNC5B	DAPK1
520	1.0	MORN3	INMT	ME3	UBAP2	KIRREL2
521	1.0	STK32C	RPRM
522	1.0	AMT	GLDC
523	1.0	FAM136A	TMEM77
524	1.0	ZCCHC10	ACIN1	RRAGA	TMLHE	ADH5	TARDBP	PQLC2	PARL	RRAGC	NUMA1
525	1.0	FAM96B	KLHL2	PMPCA	FBXO33	PSD3	POLE4	TBPL1	FAM86KP	BRAP	RRM2B	SUPV3L1	MCART1	C4orf14	PLEKHO1	TRAPPC9	PPIL4	ASCL2	MUC17	TYMS	MASTL	OXA1L	MRPL40	TROVE2	HEXIM1	GFM2	MFAP1	CHCHD9	EAF2	C1orf77	WDR16	MYNN	SERGEF	ZDHHC9	GPT2	WDR89	SUV420H2	TRIAP1	MAGEB16	BCAS1	PPIE	SMYD3	SET	ERAL1	DPAGT1	UBE1C	ZNF827	PAN3	NDNL2	PMPCB	ELAC2	CCDC43	RNMTL1	C6orf168	KLF12	LENG8	MRPL38	PARP1	C1GALT1	CTDSPL	GMPPA	TYW3	SMPD2	JTB	ATP6V0E1	CHRAC1	COG3	CRAT	PCCB	IDI1	OGFOD2	USP7	XRCC6BP1	CDK2AP2	NAT12	PASK	PCCA	SMS	TAT	LYPLA2P1	NUDT1	CDA	ZNF800	B4GALT1	SRP68	ZNF346	DFFB	XKR7	ETFB	LETM1	MARS2	ZNF703	EFTUD1	MOCS3	TELO2	MCRS1	ACAA1
526	1.0	STK36	FRMPD4
527	1.0	MAGEE1	UTRN	TNKS1BP1	DTNA	SNTG1	SNTG2	PGM5P1	SNX32
528	1.0	FLNA	CMIP
529	1.0	GORASP2	SPG21	CTPS2	OTP
530	1.0	HAS1	IARS2	SGK2	AFG3L2	CLPB	PPA1	CBWD2	CCNB2	PGM1	DPH2	SEPT9	SETD6	ATP6V0D1	ATXN2	ISYNA1	PPID	THNSL2	PHLPP	WDR45	SOD1	BCCIP	TMCO4	GLUD2	CTU2	TPI1	CARS	YSK4	ATIC	BIN3	RPTOR	ATP6V1E1	PCYT1A	FKBP1A	ACTR2	USP5	CORO6	PRDX5	CTH	CFL1	ADCK2	ABCC1	SORCS2	GRPEL1	CKS2	GOT1	MYO5B	GNB2L1	SAPS1	CBWD6	LCAT	KIF3A	GOLPH3L	VPS13A	GPD1	SPATA13	PROSC	MLST8	FH	NME2	PPM1G	AGL	ARG1	AKR1A1	DNM1L	MAPK7	UBE1	ENO1	TTC4	THADA	IMPACT	NANS	PPP1R7	EEF1E1	MYO1E	PIP5K3	SCYE1	ALAS2	FBXL20	GLUDP5	R3HDM1
531	1.0	SEC24B	ARMC3	VAPA	SLC35F5	MAK10	NACAP1	EDEM1	PIGB	LIPA	LTB4DH	CYB5B	RWDD1	PITRM1	SPCS3	CRLS1	HFM1	SPTLC2	TOMM40	HAS3	DCAKD	DNAJC21	SLMO2	KDELR1	SRP72	UCKL1	GK2	SV2B	ALDH3A1	ZDHHC15	MRPS2	SRP19	HEMK1	OSBP	CCDC75	GALT	KIAA0174	SNX30	SRP54	SAR1B	SGPL1	LYRM4	CARKD	OTC	CHCHD4	AARSD1	ABCG8	UBE2J2
532	1.0	ZC3H12A	C11orf73	BAG1	SLC25A26	FHOD1	VIMP	STMN2	MICA	ISOC1	LGALS4	PREP	CYP2E1	TRIM69	SLC39A11	CYHR1	ATG4B	PLCD1	CPNE2	UGCGL2	SLC24A4	SDCCAG8	ADA	SLC35E1	DYNC1I2	PRDX4	WHSC1L1	CD40	KRT33B	C2orf18	DGKD	CORO1A	LAG3	ZFAND2B	C14orf139	THOP1	LBP	MTMR4	ZNF287	GYPC	DNAJC14	CYB5A	C9orf25	DERL2	WDFY3	SCRIB	WDFY2	RTN2	AKR7A2	HERPUD2	FAM82B	ATG4A	HBD	OSGEP	GBAS	VPS4A	ERAF	MAGEA1	CYP1A1	TRUB2	MAGEA4	HBS1L	SLC15A1	PPIAP29	PTMS	LTA	GABARAPL3	DNAJC5	FKBP2	HBG2	DHFR	RGS20	ATG7	P4HA2	KCTD2	HLA-C	ISG15	LYZ	PRKCSH	ATP1B1	TSFM	PIP	CARD14	FBXO11	GNB2	PRF1	SLC30A7	KIAA0513	JPH1	C7orf20	BHLHB5	ZNF253
533	1.0	PRDX1	ATXN3	AK3	SYVN1	PHF17	TXN	C9orf103	HEBP1	SESN2	UBE2N	LGALS2	P4HB	XPNPEP3	TH	HOXC10	UBXD2	VCP	FAM108B1	SORT1	PLAA	TMEM120A	PEX5	TMEM43	OXSM	TAX1BP1	FANCC	MDH1	DNAJB1	RASSF1	UBE4B	RFPL4A	HMGCR	UBB	UBE2R2	S100A7	UBXD1	ABCB1	CA2	PARK2	ARF1	STMN1	SNCAIP	RCN1	ERN1	TPM3P4	HRSP12	RGPD4	PON2
534	1.0	TPBG	GIPC1
535	1.0	CAB39L	BCKDK
536	1.0	PHF7	KIAA1012
537	1.0	SDHD	SDHC	CORO7	TIMM44	DNAJC19
538	1.0	RBM22	LAMTOR4
539	1.0	HNF1A	SIM1	NPAS4	TNFSF8	RAB23	SIM2	TRIB3
540	1.0	PRKAR2A	PRKAR1A	AKAP7	AKAP14	C2orf88
541	1.0	ENAH	RAPH1	EPS8L2	C3orf10	ITSN1	PI4K2B	EPS8L1	ABI1	NCF1C	EPS8L3	WASL	WASF2	APBB1IP	CYFIP2	WASF3	WASF1	SPTA1	WAS	PFN1
542	1.0	STX11	DTNB	SLC38A2	ABI3BP	C1orf182
543	1.0	SLC4A1	ANK1	PMP22	SLC4A3	SLC4A4	MPZ	CA4
544	1.0	HMGCL	RECK	LMBR1L	FAM50A	C9orf117	KIAA1333	TOR1B	SLC7A6OS	TBX1	UBN1	PCSK2	ERGIC2	TMEM67	MRPS35	CNNM4	PIGZ	TMEM203	RAB40C	TNFSF5IP1	C2orf25	COX11	PAPD1	C6orf105	C1orf26	ELMOD1	C20orf3	LPHN3	C9orf85	DCTN6	MBTPS2	ABCC8	ZBTB1	APOBEC2	CNPY4	C1orf166	INDO	KIAA1191	ETNK1	ADAT3	OVGP1	MOSPD2	AGPAT9	STARD9	FAM116B	C9orf23	DNAJC12	ENDOV	C17orf61	GALR2	C14orf133	NHEDC2	FLJ35220	SLC37A2	FUNDC1	TXNDC14	LASS5	FAH	ZAN	LOXL4	C13orf1	IMPA1	COX15	RGMA	ETFDH	HMP19	SAMM50	C6orf106	CENTG3	GNB5	CRISPLD2	B3GNT4	SCO1	C16orf52	TCP10L	ACSL6	IMMP2L	BCAS3	MBD5	SLC25A38	ZFAND2A	BCS1L	CYB5D2	ANXA9	SLC25A19	RILPL1	GDAP1	TMEM38A	TMEM16H	MAN2A1	SLC25A20	FKRP	LETMD1	JMJD4	ZFAND3	SLC12A5	FBXO42	MLL5	COX19
545	1.0	GALNS	GLB1	NEU1
546	1.0	NRSN2	DEXI	GOLM1
547	1.0	BARX1	HOXB2
548	1.0	TRIM3	AUH	ZFHX4	DPYD
549	1.0	BRCC3	CCDC98	UIMC1
550	1.0	FKBP4	LOXHD1
551	1.0	MYL1	MYOM1	PPP1R12B	MICALL2	MYLK2	MYL3
552	1.0	KIAA1166	MZF1	CEP170L	CSRP2BP	C14orf135	USHBP1	TMED3	FAM193B	KAZN	SORBS3	GGNBP2	KIAA0408	CCDC33	FKBP6	BEGAIN	RALYL	ABHD2	FCHSD2	ZNF192	FBP1	DGCR6L	C19orf57	PRPH	FATE1	ZNF594	ING5	RFXDC1	ACCS	NME7	BLVRB	ZNF276	KIAA1217	KIAA0240	GTPBP10	HOOK1	MYO15B	DCTN5	LSG1	ZNF165	ANKRD36BP1	SPERT	RAD54B	LZTS2	FBF1	DYDC1	TEKT4	RIBC2	WDR47	TRIM37	TRIM29	KRT81	CCDC158	ZNF451	TSGA10	CCNK	C1orf216	JAKMIP2	GCC1	GPSM1	KRT15	TREX1	UBLCP1	RNF183	TRIM23	DDX26B	TRIM6	C9orf16	CCDC130	COASY	SSSCA1	RHPN1	GOLGA2	HOOK2	CEP70	C19orf50	CEP72	MBIP	MEF2B	ZSCAN16	IFT20	CEP63	CCDC19	KIAA0774	TMEM48	TRIM41	KCNRG	ABI3	KIAA1267	AMOTL2	TRAF3IP1	LDOC1	KRT19	USP2	EFCBP2	ZBTB25	DOT1L	MPP1
553	1.0	ZNF263	AIMP2	CUTC	LNX1	RPIA	TIFA	SPEF1	DPPA2	ZBTB43	C8orf32	NIF3L1	CCDC159	SRD5A1	VTA1	SALL2	ZCCHC11	RENBP	THOC7	CXADR	COIL	GNMT	ARL6IP1	FAM86B2	SPATA2	CEP76	DCTD	EIF5A2	NT5C2	NUDT18	INPP5K	ARMC7	PSME3	LNX2	THAP1	FXR2	PCBD1	ZBED1	KCTD13	FLAD1	MAGEB18	ARHGAP39	WDR25	PRMT8	EVI5L	SDCBP2	PLEKHF2	ENOX1	PRTFDC1	ZCCHC17	C22orf23	NAGK	APIP	PRPS1L1	ZMYND19	RAB3IL1	ZMIZ2	HSD17B14	KCTD4	ZBTB8	NADSYN1
554	1.0	PALLD	SPN	SELL	EMCN	CAPN6	SCYL3	PODXL	MSN	VIL2	SIGLEC1
555	1.0	KATNB1	KATNA1
556	1.0	TGM3	CALML5
557	1.0	SGTB	ATAD1
558	1.0	CSRP1	SPRYD5	PRKRIP1	C20orf72	ENOX2	EGFL8	SNX20
559	1.0	PIN1L	USP9Y	MBP	EFHA1
560	1.0	BNIP2	CENTD2	LRRK1	ZFP36L1	SYT11	NUMBL	DFNB31	RAB8A	GLMN	RAP1B	SMPD1	UNC5A	LST1	KCNIP3	PGA4	S100A13	NUMB	CRYAA	CNTNAP2	MSANTD1	MAPK8IP1	EXPH5	PIM1	SLC15A2	TRAK2	AQR	SSX4B	VPS24	KCNJ11	MAP3K6	SRI	JMJD6	SLC12A2	MAP2K6	SYTL4	MAP3K12	C21orf66	BNIPL	CHFR	RHBDL3	SNX1	TAX1BP3	C6orf15	NOSIP	DAPK2	LOX	SIAH2	C3orf15	TNFSF15	ITIH2	TRMT2A	ST8SIA2	RASA3	TNFAIP8	TRAF4	CDAN1	CASQ2	JARID2	HMG2L1	ZNF334	IAPP	PAK6	USH2A	OXSR1	SCAMP2	ACBD3	PKIG	FAM161A	SESN3	PDDC1	HSPB2	BAG3	UNC13D	WNK1	PLEKHB1	TNKS2	CCHCR1	MAN2B1	SNX6	UNC5C	PAPPA2	FNTA	CREB3L2	SPOCK3	PPP5C	JDP2	FABP4	MAST1	LNPEP	ZP3	EGR4	RIPK4	TRIM7	DYNLRB2	MYBPC1	PCSK1	PRB4
561	1.0	SNX5	TSPAN8	SYNE2	NCF4	TMOD2	TANC1	EPB49	MTR	UNC13A	CLIC5	LRP12	TAGLN	MYO5A	SCAPER	MYO7A	COL17A1	CACNB1	SH2D4A	GUCA1A	CRYGC	TSSC4	AIF1	ACTR10	SCN10A	SLC4A1AP	GJA5	CDH23	FBLIM1	PLEKHC1	ZDHHC17	ZNF354A	TWF1	RAB13	SPTBN2	LSP1	MYL6B	MTSS1	PPP1R9A	ANXA4	FABP3	S100A4	PKD2	SPTB	S100A2	CNTROB	PLS1	EPB42
562	1.0	CRB2	RTN4	PLD1	PRR5	MAP3K10	FHL2	CLIC4	S100B	FHIT	TRAIP	DSTN	MKI67	PAK2	DNAH1	RG9MTD2	MAPT	SLC1A6	MYO18B	INSM1	CDH1	REPS1	CRYAB	ITSN2	FLNB	FLOT2	PEBP1	CDK5R1	MKNK2	ROBO1	PHIP	ETV6	EMD	AMD1	ZYX	AKAP9	PAK7	ARHGAP17	PAK1	PRKCE	ANXA1	EHMT2	SLC26A6	PDCD6IP	DNM2	PPP1R15A	DTX1	VIL1	KIFAP3	DNM1	MMRN1	SLC5A1	TGM2	MME	TBRG4	DYSF	CAT	ROCK1	TFCP2	GIT2	OSBPL5	XPO6	SORBS2	PRRG2	TRIP10	CTNND1	SWAP70	PGAM1	TERT	ACP1	FANCA	ARHGEF6	MAPKAPK2	BRCA2	TWF2
563	1.0	CTSB	SDF2	GGT1	KIAA1109	PARP4	PLOD1	KCNMB1	BCAM	MBTPS1	COL6A2	ATP6AP1	GZMA	SLC7A8	ADFP	FTL	ECD	CRB1	TFRC	NRD1	CD58	CD14	CTSD	PTPRCAP	FAP	HBZ	SLC12A3	CXCR7	SPHKAP	ARL6IP5	GRN	LTB	CHGA	CTSE	IL8	NCR3	PSAP	TNFRSF10C	FBXO2	SERPINB3	PRAF2	GPR108	SLC11A2	RYK	LOC100133398	SDC4
564	1.0	GABRR2	TRPV5	DRD3	PTENP1	SNCA	ALOX12	AKAP10	FAIM2	SORCS3	BAI2	DYNC1LI2	TRPC5	ADAMTSL3	FPR1	AKAP12	GZMB	FSHR	PPL	MPDZ	PRKG1	DOPEY2	SGSM3	SLC39A7	SLC1A1	UBE2J1	XK	GUCY1A3	AKAP1	RGS2	GABRR1	SLC4A8	LCT	CALB1	KCNMA1	FABP6	TRPV6	CAMLG	CADPS2	PTCHD2	PDE6D	MYH2	LAMP2	SLC34A1	SLC9A3	SLC9A3R2	UBE1L	SLC9A1	BOLA1	SAMD14	ITM2C	PTPN13	MCF2	UBE2L6	KCNAB2	PLK3	MX1	GNB1	PSCD2	ICAM1	STMN3	CFTR
565	1.0	PRSS23	NCAPD3
566	1.0	BBS5	TLX3	HS6ST1	MRPS17
567	1.0	GLRX2	TXNRD1
568	1.0	AFF3	SDPR
569	1.0	RAB11FIP3	IGHA2	KRT77	ARF5	NUAK1	RAB11FIP4	ARFIP1
570	1.0	PLEKHB2	KRT82	KRT36	ELOVL1
571	1.0	ETV7	DMPK	SPAG5	C21orf7	SECISBP2	SRA1	VPS13D	GALNT10	ATP6AP2	CRYL1	RAB9A	PCSK5	C11orf60	HOXB6	CBFB	ZDHHC11	TRIM27	ATOH7	CENPJ	DUOXA1	AES	TSPYL2	TEAD4	EFEMP2	HOXC6	RNF157	RFX1	TTRAP	KCTD15	IL1F5	FCHO1	ZNF408	KIAA0692	FHL5	NME5	TRIM22	SBNO1	RERE	MAN1A2	UBE2Z	CIC	ITGB1BP3	HEYL	TEP1	CPEB4	ZFPM1	ZMYND11	PIR	YY2	C7orf26	MCOLN1	CHD6	ZDHHC1	RSPH3	HHEX	ATXN7L2	ANKRD39	ARHGEF10L	RCN3	CD177	ASB9	SIX6	MYST4	RMND5B	VSNL1	PLSCR3	ZZEF1	FXYD3	LIMD1	OTX2	SCRT1	ZNF608	TBX2	TOLLIP	TSSK4	TLE4	DHH	XXbac-B461K10.4	EVX1	SALL3	XAGE2	PYCR2	ZNF496	DNAL4	FAM101B	RFX3	GPC5	GSC	PDE4DIP	FHL3	DCHS1	TOP3B	OPLAH
572	1.0	CREBZF	PTP4A2	NFE2L3	MAFF	NFIB	TECPR1	ZNF331	ATF6	ZNF212	NKX2-3	NFE2	PTP4A1
573	1.0	ARRDC1	AC026271.5	FAM109A	GALNT2	BTBD9
574	1.0	ASB3	HEXDC	B9D2	OPA1	CD163	METTL2B	YME1L1	PRR13	KCMF1	RAB25	BRP44L	VDAC2	ANKRD13C	WASH3P	C16orf70	TBC1D5	SESN1	TNKS	SESTD1	TRIM2	GLRX3	DCTN4	GALK2	SH3D19	POLQ	HK1	TRO	ACADM	FAM46C	SERPINF1	DMD	MACF1	C6orf66	PLEKHG5	VDAC4	RAP2C	CTNNBIP1	HECW1	CD164	MAP1A	ETNK2	PRKRIR	GEM	DLG5	GABARAP	CPEB1	VPS29	STIM1	ANXA11	RUNDC3A	ABHD13	TESC	PIN4	CTSA	TBR1	GPR135	C16orf14	ANXA5	CPNE4	PRDX3	ZNF364	GNB4	PGM3	VPS26A	LRPAP1	LMNB1	UBE2O	C9orf163	CLEC4M	COL10A1	C7orf25	MAP3K7IP3	HN1L	RGS1	GATAD1	ACP6	MOB2	EHBP1	CPVL	EIF4EBP3	KIAA1549	AP3S2	KCNA6	C22orf25	C2orf44	TOR1A	TRIM9	FXN	SLC25A10	ACADVL	GOLGA1	TMEM132A	SPTBN5	PPM1F	CADPS	LIMS1	DYNLRB1	AQP4
575	1.0	KIF11	NMT2	KYNU	MLC1	NANP	METAP2	CENTG2	BICD2	SUGT1	DHODH	C9orf5	HSF1	BICD1	PDHX	ME2	C11orf56	C14orf129	MOBKL1A	HSD17B4	CCBL2	CACNB4	GADD45GIP1	PYGL	SEPT7	MKNK1	NUDT10	RAB11A	ENGASE	EIF4EBP1	DYNC1I1	NPC1	WDR4	DBR1	LYST	ANP32B	FTCD	MYT1L	ATG16L1	RCAN1	TUSC4	SYT9	KIF3C	ZSCAN5	GYS1	PYGM	ZMYM4	SPOP	FIGNL1	GLI1	HIPK3	DUS1L	DNAJC7	RPGR
576	1.0	CERK	FAM124A	XPNPEP1	RAPSN	ZIC2	HMX1	GTPBP2	SMG5	APOBEC1	IPP	MRPS24	SIRT4	DTX4	BTBD17	CCDC149	CRIM1	PIH1D1	LIX1L	N4BP1	DCD	HLX	ADI1	KCNIP1	NUDT6	TMEM214	NEURL	SH3BP5L	DGKQ	HSPB9	C14orf44	SARM1	TBC1D22B	CREBL2	COX4I2	C10orf83	METTL3	ZNF131	AGXT2L1	NKAP	RNASEH2B	TEKT3	RNF146	PAPL	SOLH	METTL14	AHI1	FAM91A1	CCDC85C	C6orf57	CHAC2	KIAA0913	HMBS	TCTEX1D2	MID1IP1	C14orf130	HISPPD1	COPS3	CTNNBL1	CPT2	PRODH	ANKFY1	PAH	ATRN	OSTF1	CCDC13	RFXANK	PYROXD1	FAM89A	AC004381.6	IFT88	TTC7B	TUFT1	NAT9	TFPT	OPN4	FBXO28	FAM58A	UPRT	MEPCE	SLC3A1	AC007318.5	LANCL2	MTX1	PREPL	PPIL2	TEKT2	NRF1	WDR79	OSBPL9	MYLIP	MYCBPAP	CCDC91	KIAA0196	INTS10	PSCD1	C13orf21	TAGLN3
577	1.0	DDI1	PACRG	TTC17	NFXL1	PROM1	PPP1R16A	REXO1	C12orf41	CCDC7	TMEM216	CACHD1	FOXN2	TRIM11	WDTC1	HCFC1R1	OSR2	SERF2	RADIL	KY	DNPEP	SFI1	PJA1	C3orf60	NBPF3	RNF138	CETN2	TINAGL1	LITAF	ZNF330	PEF1	RNF40	MIDN	PSCDBP	CXXC1	MED12L	MDFIC	TMEM11	RAI1	MYEOV2	ALDH7A1	ADCY10P1	ACP5	HIGD1B	ZFYVE19	T	ALG2	HIC2	IFRD2	MSL1	AMY2B
578	1.0	NFYC	ZNRF2	HIVEP1	ADIPOR2	ZCCHC6	MARCH7	ZNF219	TOPBP1	LMO4	CTNNAL1	LIPF	TDRD7	CXorf45	CRY1	PLD3	CREB5	PSMC3IP	TAZ	EYA1	CSRP2	FOXD3	NOL4	IRF2BP1	GABPB2	ARFGAP3	CUTL1	C17orf28	CCNDBP1	C9orf68	CRY2	MRPS18B	XBP1	KIFC3	DLX2	NFATC2IP	POU2AF1	DRGX	NR6A1	FOXA1	PITX1	VPS25	PGAM5	CTSF	PYCR1	LBX1	STON1	ASCC1	APOM	C1orf164	PHRF1	FKBP15	EGR2	NTAN1	MPPE1	ZNHIT4	PPRC1	USF1	MTMR15	TFAP2D	DRAP1	HDGF	RNF165	HOXC4	PHPT1	TACC3	PPP1R13B	CTCFL	COPS8	C8orf47	FAM60A	TRAK1	CDKL1	TSSK1B	KLHL5	KLF6	MAZ	TTF2	MYCN	C11orf30	CUEDC2	MSI2	BAZ2B	CDKN2B	ZMIZ1
579	1.0	C12orf26	CHMP6	VPS4B	SNF8	PTPN23	MAP3K15	CHMP2A
580	1.0	ARIH2	EML4	ARL4D	MSRA	CBR3
581	1.0	TIMM8B	TIMM13	TIMM8A
582	1.0	METT5D1	HNRPH3	CHAC1	ATPBD4	DARS2	LARS2	DNAJB5	RNF185	THUMPD1	BTBD10	NCOA5	ZNF444	PTRH2	MYCBP	MPDU1	SAP18	PNKP	C14orf153	API5	ASAH1	UBL7	RAD23A	ADSSL1	FAM98B	TOMM70A	SUMO4	TFE3	CDCA3	CKB	AMPD2	MAP1LC3B	HPCAL1	FOXA3	LSM14B	DDC	ATG10	NDN	SUCLA2	NIT1	ECSIT	TOE1	WTAP	C3orf31	VPS37B	PXMP2	RECQL4	COQ6	KPNA3	MBTD1	ULK2	ZHX1	PRSS12	QPCTL	QPRT	AGXT	USP30	PRPS2	RWDD2B	MRPS30	TBCC	UBAC1	MCM3AP	LIAS	TMEM55B	ADAMTS9
583	1.0	MLF2	RPGRIP1	C1orf27	PDSS1	FDXR	RPS6KC1	MGLL	FDX1	SNX27	RBM15B	ENSA	METAP1	GFER	MFN2	RNF167	TMEM186	TNFRSF6B	SPRR2A	MRPL22	COPE	SIRT3	SCG5	NKX1-2	BZW1	DHDDS	NME4	SUCLG2	SCG3	CMYA5	PHYH	SGSM2	SRPR	CIDEB	TRMT1	INTS1	PCSK9	WDR55	PEX7	HCCS	CEP135	SLC20A1	MYH4	COMT	PNKD	ANLN	TRAPPC13	TOMM7	ABCD4	C1orf123	INPP5B	MRPS18A	TBRG1
