1	1.0	COMMD6	NFKBIZ	TNIP3	COMMD1	COMMD4	COMMD2	NFRKB	COMMD7	COMMD3	COMMD9	COMMD5	COMMD8	MRPL9	NFKB1	UNC5CL
2	1.0	RFK	TBC1D8	RABGGTA	CHML	APPL2	YIPF2	ZNF594	PMM1	RAB5B	EEA1	RAB6IP1	RAB6B	SLC2A13	RAB8B	RAB5A	RUSC2	MICALCL	YIPF1	ANKRD34	RABAC1	MICAL3	YIF1B	CHM	RAB1A	MICAL1	GOLGA5	IER3IP1	OCRL	KIF20A	YIF1A	RAB1C	RILP	REEP5	RAB7A	RAB4B	GOLGA2	RAB22A	RAB33A	MAN2A1	YIPF5	SLC16A8	SYTL5	RAB11B	RAB6C	FAM18A	RAB4A
3	1.0	GRHL2	GRHL3	GRHL1
4	1.0	ZNF277P	TMEM131	SMG5	ZFP36	GRHPR	NARS2	DCP1A	SMPDL3B	MSI1	LSM1	ZCCHC7	N4BP1	CHCHD9	INTS6	FAM136A	SMG6	TMEM214	PPM2C	ORAI3	HFM1	IFITM2	CCDC45	SMG1	EDC4	DDX6	NAGS	SETX	ADAR	DXO	DOM3Z	EIF2A	SKIV2L	PDPR	DPP7	TMEM39B	SPATA20	XRN1	GNPTG	HECTD2	SLC43A1	C12orf65	PAPD5	TIPARP	DCP1B	AKR1A1	TMEM77	ATP9B	DCP2	USP52	UPF1	TTL	EFTUD1	KIAA0460
5	1.0	TTLL1	C18orf10	C19orf20	LRRC49	NICN1
6	1.0	PRR6	PPP1R10	ARID5B	ZNF174	ZNF687	ADARB2	ZNF768	ZSCAN12	ZNF362	RSBN1	RBAK	FAM120C	ZNF317	RREB1	ZNF592	ZNF462
7	1.0	NDUFA13	MT-ND5	NDUFC1	NDUFV1	NDUFS5	NDUFS8	NDUFA6	NDUFB7	NDUFB6	MT-ND2	MT-ND6	MT-ND4	NDUFB2	NDUFB8	MT-ND4L	NDUFA1	NDUFB1	NDUFV3	NDUFA12	MIR4461	MT-ND3	NDUFS6	NDUFS7	NDUFA7	NDUFA3	MT-ND1	NDUFB11	NDUFB3	NDUFB5	NDUFA11	NDUFA2	NDUFS4	NDUFC2
8	1.0	CD1D	CD74	ECHDC2	CD4	MARCH4	P4HTM	LY6E	FCRL3	HLA-DQA1	CTAG1B	MAGEC1	CTAG1A	ZAP70	HLA-DQB2	CD247	CD38
9	1.0	ANKRD23	KBTBD10	CTNNA3	ATP6V1B1	PLXNB3	ACTN3	PALLD	WFIKKN2	RAVER1	MYOM1	LRP12	NRAP	ANKRD1	PDLIM1	MAGI3	COL17A1	MAGI2	MYOT	PIP4K2A	PIP5KL1	MSTN	ACTN1	CDK5R2	ZYX	MICALL2	SPOCK2	PIP5K1A	LRRC7	CASQ2	ACTN2	BTBD3	TNN	ACTN4	PIP4K2B	MYPN	RAB13	PIP5K1C	PIP5K1B	DSCAML1	ADORA2A	CTNNA2	MYOZ3	PIP5K3	MYOZ1
10	1.0	SELE	VPS13D	MIB1	FAIM2	PODXL2	LGALS2	FADD	OPTC	SPRR1A	VCAN	SPN	PEA15	UMOD	TNFRSF6B	CLIC5	IFT57	FASLG	UNC5B	ECD	BID	CFLAR	MADD	TPST1	ACTA1	S100Z	SELL	S100A1	CASP8AP2	C14orf124	TNFSF15	GAS2	EMCN	VCAM1	TNFRSF25	CD44	CAPN6	TNR	SCYL3	FABP6	PODXL	AVIL	MADCAM1	TNFRSF10A	ANK3	LTB	CCIN	C6orf199	AHNAK	PARP2	DAPK1	MYH2	LTA	MSN	CD34	C14orf119	LRRCC1	S100P	UBE1L	SLC9A1	TNFRSF10B	PANK4	TNFSF10	NOL3	FAS	PLB1	VIL2	TNFRSF10C	CHST4	AMPD1	TNFRSF11B	ANXA4	S100A4	SIGLEC1	ICAM1	S100A2	SELP
11	1.0	PAICS	RPH3A	WDR37	BIRC6	PHKB	PI4KA	SEPT4	SYN2	DPYSL2	FNBP1	MTHFD1L	EPB41L2	FUBP1	MARCKS	RAB3D	RAB3B	SP140	NIN	PTPRE	MAL2	SYN3	CYFIP1	CNP	NIPSNAP1	TMED4	PLXNA1	HN1	RAB3A	RAP1GAP	RAB10	LAPTM5	SH3GL1	MAP6	SYT2	SYN1	LIN7C	TPD52	SEPT5	ADD1	CAMK1D	BAI1	HOOK3	UBE2V2	ATP2B1	LIN7B	RTN3	AMPH	NGEF	SIRT2	TPD52L3	ACO1	CAMK1	NCKAP1	PACS1	SEPT6	MFSD1	DCLK1	RAB37	TPD52L2	CTBS	TOMM34
12	1.0	MFAP4	SFTPA1B	DMBT1	SFTPA2	SFTPA2B	SFTPD
13	1.0	GPR83	NPY5R	NPY1R	PPY	NPY	PPYR1	NPY2R	PYY
14	1.0	IL7R	IL22RA1	IL20RA	IL12RB2	LIFR	IL15RA	IL10RB	MPL	IL11RA	IL6R	IL23R	IL13RA2	IL13RA1	IFNGR1	IL2RA	IL22RA2	CSF2RA	IL21R	IL10RA	IFNGR2	IL28RA	IL5RA	IL9R	OSMR
15	1.0	DAOA	DAO
16	1.0	XCL2	XCR1
17	1.0	HELLS	RNASE1	RNH1	ALDH18A1	ETFA	COPG2	AKAP8	GCDH	CYR61	OR10B1P	P4HA1	ALDH1B1	SLC25A1	MYO9B	PLOD3	TTC27	FBXW8	AKAP8L	ZNF121	PPT1	SLC25A11	TMEM170	ACOT8	ARF4	GSG2	MOGS	AASS	MYO9A	UBE3C	RPP30	PTGES2	IDH3B	SHOC2	CEPT1	MYO5C	C1orf25	DNAJB6	ABCB7	MRPS34	FAM153A	IPO13	SQRDL	HIGD1A	TUBGCP2
18	1.0	EPN1	EPS15L1	NECAP1	SLC44A4	PACSIN1	VWA5B2	SH3GL2	DPPA4	REPS2	STAM	C11orf68	EGFL6	HRBL	DPYSL3	SPRY1	DPYSL5	STAM2	DPYSL4	CPM	DPYS	SH3GL3	EHD1	CLTA	RASGEF1B	SH3KBP1	ARMET	HDC	NAGPA	C9orf127	BIN1	DNM1	PHF2	SH3GLB1	EPS15	PACSIN2	FAM125A	EGF	STON2	SYNJ1	SNX24	AP2A2	MTMR12	FAM102A
19	1.0	CD200	HCRTR2	CD200R1	HCRT
20	1.0	TUSC2	KRTAP9-3	SORCS1	DHX29	YARS2	C17orf59	SST	OPN1MW	OPN1MW2	SPATC1	SPZ1	WDR44	KRT32	KRTAP19-2	IPMK	OPN1LW	SSTR4	METT10D	PLK1	PARP11	ZNF10	MRPS31	SSTR5	JMJD5	C19orf25	SSTR1	SETD4	FUT8	XPO1	FBXO43	PPP1CC	SEPT1	DONSON	PHLDB1	KRTAP9-8	NOVA2	SSTR3	SSTR2	SNCB	KRT33A	KRTAP19-5	SEC16B	ZNF91	PPP1R14B	PRSS7	ZW10	ZNF365	KRTAP9-2	DNAI1	PDCD2L	WDR23	C14orf164	ENOPH1	PRSS16	MAD2L1	IRF2BP2	WDR85	MRPL54	RPS27	UBD	SLC12A9	CLIP1	PCYT2	GHSR	CCDC88A	FUT6
21	1.0	GALR2
22	1.0	SLCO3A1	SLCO1C1	PDZD3
23	1.0	RPS15	RPL26L1	RPL28	RPL38	RPL3L	RPL9	RPL37A	RPS12	CA10	ETF1	RPL34	FAU	RPL36A	RPL37	RPS4Y1	RPL41	GSPT2	RPL39	RPS21	RPL29	SNORA7A	RPL9P7	RPS29
24	1.0	ROPN1B	ROPN1	SPA17	ROPN1L	AKAP3
25	1.0	IL11	IL29	IL28B	IFNW1	IL13	IL5	IFNE	IFNA16	IL28A	IL20	IFNA10	IFNB1	IFNA2	EPO	IFNK	CLCF1	LIF	TSLP	IL24	IFNA6	IL4	IFNA13	IL23A	CTF1	IL15	IL22	IFNA8	CSF3	IL7	CSF2	IFNA4	IFNA14	IL20RB	TPO	IL21	IL26	IL2	PRL	IL19	IFNA5	IL3	IL10	IL9	IFNA21
26	1.0	RLN1	RXFP1	RLN2	RXFP2	RLN3
27	1.0	SLC4A1	ANK1	TSPY1	C16orf70	C11orf79	SLC4A3	CSRP2	TSPY2	GYPB	CTNNBIP1	GALNS	NKX1-2	MRPL42	PTPRCAP	CTSA	GLB1	MUT	RSRC1	MMAA	LAMP2	CCDC130	BCAS3	RHAG	NEU1	GUSBL1	CA4	C9orf6	TMPRSS3	EEF1A1	NKX3-2	PAPSS1
28	1.0	RDH5	KIAA1279	RGR	RLBP1	DPEP1	PLEKHF1	ZNF670
29	1.0	HIST1H2BF	H2AFX	ACTR8	HIST1H2BH	HIST1H2AD	HIST1H2BK	HIST1H2BB	TOX3	HIST3H2BB	H2AFZ	ENDOG	HIST1H2BE	HIST1H2AC	HIST1H2AK	BTAF1	HIST1H2BD	IPO9	HIST1H2BM	H2AFV	SMEK1	HIST2H2BE	KIAA0409	TOX	HMG1L1	HIST1H2BJ	LOC440926	HIST1H2BC	HIST2H2AA4	HIST1H2AM	H2BFS	PBRM1	HIST1H2AI	SMEK2	HIST1H2BO	HIST3H2A	H3F3B	HIST1H2AH	HIST1H2BI	HIST1H2BL	HIST1H2AG	HIST1H2AE	INOC1	HIST2H2BA	HIST1H2BG	HIST2H2BF	GPCPD1
30	1.0	BRS3	NMBR	GRP	NMB
31	1.0	KCNG3	KCNF1	KCNV2	KCNG4	KCNC1	KCNC2	KCNH1
32	1.0	AZIN1	OAZ1	OAZ3	OAZ2	ODC1
33	1.0	HDHD3	DDAH2	TRIP13	SIGLEC5	FAM69A	ARL11	KIAA1609	PLAC8	GLYCTK
34	1.0	RPP25	POP1	RPP21	RPP14	RPP40	POP5	POP4
35	1.0	ANGPT2	NCAPD2	ALX4	ANGPT4	FHIT	SAE2	SREBF1	SENP1	C11orf65	SNIP1	SP3	TEK	KCNK1	PIAS2	TTRAP	KCTD15	GMEB1	SUMO3	GUSBP9	HSF2BP	TFAP2C	IKZF3	PPM1J	SENP6	SATB2	SUMO4	TFEB	ETV6	CITED2	TP53INP1	CPEB4	TMBIM1	TP63	DNMT3L	CDX1	ZNF451	MITF	SP100	SUMO1P3	ZNF238	CITED4	SUMO2	NUDCD3	UCKL1	NCAPG	RWDD3	NKX3-1	SCNN1A	ALX1	SOX10	PIAS1	TIE1	DNMT3A	MTMR15	WIPI1	ACRC	SENP2	HIPK2	ANGPT1	DNMT3B	SALL1	NR5A2	BHLHB2	MKL1	FIGNL1	TFAP2A	PPP1R13L	SREBF2	TFAP2B	HSF2	LEF1	WT1	CITED1	C18orf25	DAXX	TFEC	UBE2I	KCTD1	TP73
36	1.0	ZFP91-CNTF	IFNG	IL6	LEPR	EPOR	CBLC	IL31RA	IL3RA	SOCS3	SOCS6	CRLF2	IFNAR2	IL12RB1	IFNWP18	SOCS2	IL12B	SOCS5	CSF2RB	OSM	SIGLEC6	IFNAR1	SOCS4	CRLF1	IL4R	IL2RB	LEP	CSH2	GHR	CSF3R	IL2RG	CNTFR	IL6ST	GH2	IL12A	PRLR
37	1.0	PIGQ	DPM2	PIGH	PIGA	PIGP	PIGY
38	1.0	GHRL	MLNR	GHRHR	MLN	GHRH
39	1.0	CYP4V2	UBE3A	RSPRY1	RNF5	BPY2C	NEDD4	PTCD1	KLF2	MLYCD	UBE2D3	DTX3L	ITCH	RNF25	UBE2D4	UBE2D2	ATCAY	UBE2G1	LONRF3	UBE2E2	TRIM5	RNF126	UBE2E4P	NDFIP2	BPY2B	WWP1	HERC2	UBOX5	RNF5P1	CCDC127	RNF11	RNF141	RNF14	BEAN1	PARP9	MEX3B	RNF8	HERC1	NDFIP1	BTBD1
40	1.0	WNT2B	WNT5A	WNT11	SFRP5	SFRP1	WNT10B	WNT7B	WNT9B	WNT10A	WNT2	WNT8B	WNT6	WNT9A	WNT8A	WNT7A	SFRP4	WNT3
41	1.0	DEFA4	DEFA6	MC2R	MRAP
42	1.0	CHRNA1	CHRNG	CHRNE
43	1.0	MCHR1	AGRP	ASIP	MC5R	PMCHL1	PMCH	MC3R	MCHR2	ATRNL1	MC4R	PMCHL2
44	1.0	ZSCAN21	SCAND1	ZSCAN20
45	1.0	CXCL5	CXCL3	CXCL1	IL8RA	CXCL2	CXCL6	IL8RB
46	1.0	KLRD1	B2M	HFE	KIR3DL2	LILRB2	KIR3DL1	KLRC3	CD1B	KIR2DL4	KLRC2	TRA	CD160	KLRC1	LILRA1	LILRB1	KIR2DS5	CD1E	CD1A	CD1C	KIR2DS2	HLA-L
47	1.0	TDH	GCAT
48	1.0	PRH2	MUC5B	HTN1	MUC7	PRR4	SMR3B	HTN3
49	1.0	MASP2	FCN3	FCN2	MASP1
50	1.0	RAET1G	ULBP1	HCST	RAET1E	ULBP3	KLRK1	MICB
51	1.0	FRMPD1	TPMT	FMO4	THSD1	TLN1
52	1.0	XYLT2	CA3	BST2	TMEFF2	ENAM
53	1.0	PNLIPRP2	PNLIP	CLPS
54	1.0	P2RX2	P2RX1	P2RX3
55	1.0	ARL6	ARL6IP6	ARL6IP4
56	1.0	KISS1R	MMP24	KISS1
57	1.0	NPBWR2	NPB	NPW
58	1.0	RAMP3	RAMP1	CALCB	ADM	ADMR	CALCRL	SLC31A2	RAMP2
59	1.0	TREM2	SIRPB1	TYROBP	NCR2	CLEC5A	TREM1
60	1.0	PBEF1	NEO1	RAPSN	GGT1	GTPBP2	LGALS9B	FAM50A	TBPL1	CSPG5	KCNE1	UNC5A	AIG1	TANC1	GOLGB1	MRPS35	C6orf32	PARG	PRDX4	RBM18	DSCAM	B9D1	MTMR2	GOPC	OSR2	APBA2	ADAT3	ALDH1L1	TRAV8-3	LGALS9	ELAC2	RNF144B	AGPAT9	DHDDS	STARD9	ADORA2B	DNAJC12	SUNC1	KCNH2	IQSEC1	TCTEX1D2	LGALS9C	ACBD3	NTN2L	TRBV7-2	NTN1	PAH	UNC5C	GPAM	TMEM38A	IFITM3	LYRM4	CCDC42	FAM18B	FUNDC2	NPC2	SLC2A3	CDKL1	UBE2L6	TEKT2	KCNE2
61	1.0	CHRNA3	CHRNA5	CHRNB4	CRELD2	CHRNB2	CHRNA2
62	1.0	UROS	ADAM33	ITPRIPL1	UBQLN4	PCDH17	QSOX1	ZG16B	CEND1	ANKRD13D	PLUNC	PCDH8	SPAG8	CDSN	CCDC107	CCDC134	DKK3	EPDR1
63	1.0	SERTAD3	ICAM4	CLU	KLK3	PDE4B	KRT72	DNTTIP1	TNS3	SERPIND1	DNTT	PAPPA	C20orf121	SPEF2	CP	MPO	IGKV2-40
64	1.0	LCNL1	PTGES	PTGDS	PTGER2
65	1.0	SPINK1	NRSN1
66	1.0	RTN4RL1	RTN4	OMG	DAAM1	SLC16A13	RAC2	SORCS3	RTN4R	NGFR	C20orf95	NTF5	ARHGEF3	TBC1D25	DIAPH3	ARHGEF19	KCNA2	RTN4IP1	FARP2	ST3GAL4	ARHGAP1	CHL1	CCDC102A	SPRED2	CIT	GMIP	ARHGAP29	C22orf39	ELMO1	CNTN6	RHOB	RAC3	ARHGEF5	PHTF2	NTF3	SRGAP1	RDH13	ICMT	RTKN	TRIO	DAAM2	CNKSR1	ARHGEF1	KCNA6	RAP1GDS1	PITPNM1	NGFB	DOCK2	RIPK4	MCF2	KCNAB2	ARHGEF18	PGGT1B	RHOA
67	1.0	GK3P	WFDC3	RNF113A	TTYH1	CYGB
68	1.0	IL1RL2	IL1F7	IL18RAP	IL18	IL18R1	IL18BP
69	1.0	FAM77C	LMO6	VANGL2	PRICKLE1	VANGL1	FUZ	PRICKLE2	C1orf89	INTU	CELSR1	KIAA0241
70	1.0	C17orf37	PAX9	TMED6	ARHGAP28
71	1.0	MCF2L2	MEGF10	ALMS1	VWA8	ZNFX1	AARS2
72	1.0	C3	VSIG4	CFHR3	IGHV4-39	CFHR5	OLFM4
73	1.0	HMGCL	MS4A7
74	1.0	IGLV4-69	IGLV2-18	IGLV6-57	C1QB	IGLV3-27	IGLV7-46	IGLV7-43	IGKV2-24	IGLV11-55	IGLV2-33	C1S	IGLV4-60	IGLV2-11	IGKV1D-42	IGKV1-5	IGLV10-54	IGLV2-23	IGHV7-81	IGHV1-69	IGLV8-61	IGKV4-1	IGLV3-12	IGLV3-22	IGLV1-40	IGLV1-36	IGLV3-16	IGLV4-3	IGLV3-25	IGLV5-37	IGLV1-44	IGLV5-45
75	1.0	LZTS1	SNAPC1	POLR3E	ZNF143	SNAPC2	SNAPC5	GTF3A	SNAPC3	GTF3C5	SNAPC4
76	1.0	SOX3	PAX6	TMEM68	SNRNP27	RAX	C19orf61
77	1.0	GPR26	HTR1D	HTR1A
78	1.0	DKK2	MESDC1	LRP5	LRP6	DKK4	MESDC2
79	1.0	CGA	CGB2	CGB5	CGB8	CGB	CGB7	FSHB
80	1.0	KCNG2	KCNS3	KCNG1	KCNB1
81	1.0	CCL23	CCRL1	CCR7	CCL19	CCR10	RP11-195F19.5	CCL25	CCR9	CCL27	CCL28
82	1.0	MATN3	MATN1	MATN4
83	1.0	DNAJC10	ZSWIM2	ACMSD	C18orf54	OTUB2	FAM156B	MAGEA11	TMEM29B	TMEM123
84	1.0	CNGB1	ABCA4	PRPH2	ROM1
85	1.0	TMEM179B	AMELX	FITM1
86	1.0	F9	F8	C4BPB	F10	GGCX	MGST3	PROS1	SERPINA10	IGK
87	1.0	HRC	SLC30A4	C16orf5	TRDN	RYR3	RYR1	CCDC56	HINT2	ASPH
88	1.0	ZNF607	IQUB	ZNF679	C18orf56	ZNF707	ZNF559	ZNF136	BAALC	MDFI	C19orf60	C20orf75	RP11-262H14.4	AQP5
89	1.0	NPFF	NPFFR1	NPFFR2
90	1.0	MED19	MED13	MED23	CDC2L6	MED11	FAM79A	MED8	C20orf142	MED30	MED13L	MED4	MED22	ACAD8	MED10	MED17	MED27	MED18	MED12	MED21	KANSL3	MED24	MED7	CDK8	MED26	MED15	MED28	MED14	GPR126	MED9	BARHL1	LEPRE1	MED6	MED16	MED29	MED20	CCNC	ZBTB9	MED1	KCTD9	DHRS7B	MED25
91	1.0	USH1G	USH1C	CDH23	ANKS4B	PCDH15
92	1.0	VSTM2L	MTERFD2	STAC2	ST6GALNAC6	CXorf20	ATXN1	ZNF488	ZCCHC13	FAM21D	ARID5A	SLC51A	AHDC1	C16orf77	CLEC4F	ZNF804A	SGMS1	SFRS14	KIAA2026	C17orf81	ACOT7	ZNF609
93	1.0	CD300LF	KLRB1	PTPN6	CLEC4A	CUZD1
94	1.0	EDG7	NGB	PCP2	RGS19	FFAR1	RGS5	GNAI1	P2RY12	EDG5	RGS16	ATP1B2	EDG3	RGS4	ADRA2A	GPR1	EDG8	FFAR2	PTPRU	RGS18	GNAO1	P2RY13	HRH4	KLHL3	GPR143	FFAR3	RIC8A	GNAI3	EDG6	RGS13	GNAI2	ADORA3	ZNF585B	CNR1
95	1.0	REG3A	REGL	TRHDE
96	1.0	OCM	GSR	OCM2
97	1.0	RAB31	MORN2	KBTBD4	B3GNTL1	IDUA	CRABP1	MPP3
98	1.0	PHC3	CBX2	NPTX2	YAF2	CBX7	PCGF5	FBXL10	L3MBTL2	BMI1	PCGF1	CBX8	BCOR	RING1	PHC2	PCGF6	PHC1P1	RNF2	THOC6	SCMH1	TOX4	C1orf128	RNASEL	TMEM70	NPTXR	CDC73	CBX4	PCGF2	E2F6	MGA	PCGF3	BSDC1	NPTX1	PHC1	ZBTB33
99	1.0	SSX3	SSX4B	SSX7	SSX2	RAB3IP	SSX2IP
100	1.0	JMJD1C	NR2F1	PRMT2	NR0B1	NCOA7	TRIP4	ZNF398	NPAS2	WRB	POU4F2	NR1H4	THRB	AHR	RXRG	BTG1	TEAD2	ESR1	RARG	RXRB	NR1H3	PPARG	NCOA4	DAP3	NR2F6	ANGPTL1	RORB	NR1I3	PNRC1	PLAGL1	POU1F1	ESR2	SLC16A2	OASL	NSD1	NRBF2	NR0B2	NRIP1	SERPINA7	NCOA6	TGS1	ANKRD25	THRSP	ESRRB	ESRRA	NCOA1	TDG	TRIM59	NR4A1	ESRRG	RARB	ABCC9	NCOA2	NCOA3	THRA	RARA	RXRA	PPARA	VDR	TRIM24	NR1I2	ZNF335	MECR	PNRC2	HNF4A	STAC3	NR1H2	PPARGC1B	PGAP1
101	1.0	POLR2L	GTF2E1	GTF2E2	NELFE	LYZL1	POLR2J3	C5orf37	TAF11	NDRG2	TAF4B	POLR2J	CCNT2	WHSC2	TCEA1P2	GTF2F2	GTF2A2	POLR2A	RNMT	GTF2A1	POLR2G	NELFB	CTDP1	CCNT1	POLR2E	POLR2C	TCEB3	RDBP	POLR2F	POLR2I	POLR2H	GTF2F1	LYZL2	SUPT4H1	POLR2K	POLR2D	ELL	POLR2B	TAF13
102	1.0	CCR3	CCL15	CCL3L1	CCL26	CCL24	CCL3L3
103	1.0	PHF5A	CLP1	SFRS9	SF4	SFRS7	CPSF2	MAGOH	SFRS2	PCF11	SNRPE	SF3B6	SFRS6	SFRS5	SFRS3	RBM8A	PCBP2	HNRPUL1	DHX38	SFRS11	PABPN1	CDC40	SFRS4	DDX23	WDR57	SNRPB2	DNAJC8	RBMX	U2AF1	CSTF1	HNRPA3	SF3B5	RBM5	UPF3B	RBM26	SFRS1	TXNL4A	CCAR1	CPSF7
104	1.0	SH2D1B	SH2D1A	LY9	SLAMF7	SLAMF1	CD84	CD244
105	1.0	GNA11	BDKRB1	PTGER3	CYSLTR1	AVPR1B	GRM2	GRM4	AVPR1A	HTR2B	ADRA1D	NTSR1	TACR1	GRPR	CNR2	GNA15	GNAQ	TAC4	HRH1	GRM6	CYSLTR2	TACR3	TACR2	CCKAR	GNA14	TRHR	OXTR
106	1.0	NSL1	CENPL	CDCA8	SPC24	CENPH	FAM33B	KNTC1	KIF2A	SPC25	CENPK	CENPO	MIS12	CASC5	CENPP	ERCC6L	CENPN	KIF18A	CORT	CENPT	CENPQ	KIF2B	MLF1IP	NUF2	MRGPRX2	SGOL1	DSN1	C18orf24	CENPM	SKA2	ZWINT	ZWILCH	C14orf48	NDE1	CENPI	CENPE
107	1.0	ZNF518	ATF7IP	TTC3	PRSS8	SLC12A4	KIAA1632	STBD1	SUSD1
108	1.0	NXPH2	NXPH1	SYT13	NRXN1
109	1.0	STX6	STX12	VTI1A	VPS33A	NAPA	ZFYVE20	RABL3	VAMP4	ENTPD2	NIT2	STX10	SYBL1	VPS11	STX7	SLC27A1	VPS18	MON1A	VTI1B	VPS41	MARCH2	YKT6	SNAP29	MRPS18C	CYBRD1	VAMP3	STX8	ALDH3B1	STX17	VPS16	D4S234E	VPS45	GHITM
110	1.0	APPBP2	C10orf137	SLC22A6	ODF3L1	PI4KAP1	KIF6	ZCCHC12	PI4KAP2	WDR24
111	1.0	CRHR2	CRH	UCN2	CRHBP	UCN	UCN3
112	1.0	GNAT3	GNGT2	GNG10	GNG3	GNG7	GNG8	GNG5	GNG13	GNGT1	GNB3	GNG4	GNG2	GNG11
113	1.0	GDAP1L1	ESAM	ZNF554	FCER2	SELPLG	MFAP3	MIOX	FSTL1	ALS2	KIAA0652	C12orf44	CRTAP	PALM	GP2	TXNDC5	AMY2A	SNX16
114	1.0	CXorf40A	CXorf40B	MT2A
115	1.0	RANBP2	CENPC1	CDC20	AHCTF1P	ITGB3BP	PMF1	RCC2	KIF2C	NUP98	SEH1L	NUP160	MAD1L1	NUP133	CLASP2	MAPRE1	RANGAP1	BUB3	PAFAH1B1	CLASP1	SGOL2	TAOK1	ADARB1	INCENP	NUP37	SEC13	CENPA	BUB1B	TMEM39A	BIRC5	NUP85	AURKB	NUDC	NUP107	NUP43	NDC80	AURKC	TNRC6C
116	1.0	ARMC2	IGLL1	SLC6A9	IGLV3-21	SAA4	SETDB2	C11orf46	AOAH	CDH12	RFXDC2	PLEKHK1	SCAF1	TGM4
117	1.0	COLQ	BCHE
118	1.0	COX6B1	COX8A	SURF1	COX6C	COX4I1	MT-CO2	COX7B	COX5B	COX6A1	COX7A2L	COX7C	MT-CO3	COX3	MT-CO1
119	1.0	LOC652694	IGHV	C1QC	C1R	FCGR2C	C1QA	IGLC2	PTX3	FCGR3A	HRG	IGHG4	IGHV4-31	FCGR3B	IGLV2-14	IGKC
120	1.0	DPY19L1	DPY19L2	ABAT
121	1.0	GAGE8	GAGE2A	GAGE4	GMCL1L	GAGE10	GAGE7
122	1.0	GPR151	GALR1	GAL	GALR3
123	1.0	FZD2	FZD5	FZD10	GIPC3	WNT3A	CER1	C6orf94	PORCN	FZD4	FZD6	FZD8	FZD3	SFRP2	FZD9	FZD7	WIF1	NDP	FZD1
124	1.0	MMP11	LYPD3	CTRB1	SERPINF2	AGR3	SERPINB12	CTRB2	ELA1	SERPINA3	KLK13	MMP26	A2M	KLK5	SERPINA1	SPACA3	DERL3
125	1.0	CXCL11	CXCL10	DPP4	CXCR3	CXCL9	DPP8	GPC2
126	1.0	SCAMP3	SCAMP1	SCAMP2	SCAMP5	SLC9A7	CDS2
127	1.0	IL17B	IL17RB	ST3GAL2	C16orf45	IL25	ENO2
128	1.0	CIITA	ZXDA	ZXDC
129	1.0	PECR	IFT172	ISL1	LHX3	ISL2	LHX4	ACYP2
130	1.0	ELAVL4	ACOT4	CIR1	PDSS1	RAD54L2	PPIL4	SREK1IP1	MORN3	USO1	LRCH1	MOSC1	LIX1L	TNFSF5IP1	C2orf18	HCFC1R1	C14orf44	ETNK1	TFAP4	SFRS18	KIFC3	TIMM8B	NKAP	MRPL47	ACOT1	FAH	GPATCH1	ANP32B	HMP19	ELAVL2	ACOT2	GALNT2	C11orf31	SCRT1	UBAP2	LETMD1	CU179654.1	IFRD2	BTBD9
131	1.0	PTAR1	RABGGTB	ALKBH7	SDR16C5	C17orf32
132	1.0	SIGLEC12	SIGLEC11	LILRB4	PILRA	SLAMF6	BTLA	CD33	TREML1	CMAS	C6orf25	LAIR1
133	1.0	KCNJ6	KCNJ3	KCNJ9	KCNJ5
134	1.0	PLA2G4B	CEP192	SHBG	C17orf65	SLC37A1	KLK4	C9orf24	MT1F
135	1.0	SERPINB8	SGCA	SGCD	SGCB	SGCG	SGCZ	SSPN	SGCE
136	1.0	HBP1	STCH	ZG16	HRASLS3	C1QTNF1	CSTF2T	GKAP1	SMCR7	GABRD	GPX7	FAM127A	CANT1	NBL1	SGTA	TFF1	GLT25D2	SERPINI2	UBQLN1	GKN2	TMCO6	IGLC1	FAM127B	SPPL2A
137	1.0	TRPC3	ORAI1	TRPC7	TRPC5	TRPC2	TRPC4	TRPM2	HOMER3	HOMER1	ITPR2	C1orf116	TRPC6	MX1	TRPC1
138	1.0	EDG4	BCL11A	PANX3	PCDH9	KIF13B	IDI2	HSF4	HELZ2	SENP7	POU2F3	ZNF443	SLC27A5	GPR23	OSBPL1A	RNASEN	OSR1	MTMR6	CSMD1	ARNT2	UTP6	PPAP2B	DNAH9	NKRF	WDR35
139	1.0	DZIP1	DAZ2	DAZ4	DAZ3	DAZL	NANOS1	DAZ1	DZIP3	PUM2	BOLL
140	1.0	UQCRH	UQCRC1	UQCR10	UQCRB	UQCRC2	UQCRQ	CYC1	MT-CYB	UQCRFSL1	UQCR
141	1.0	YIPF4	YIPF3	NTN4	EXD3	CTBP1-AS2	DLK2	C10orf54	SMCP	FBXL18	PLSCR1
142	1.0	SLCO5A1	YIPF6
143	1.0	NPPB	NPR3	NPR2	NPPC	NPPA
144	1.0	PRAME	STK19	SLC29A1
145	1.0	KAL1	IGSF1	HPN	RANBP10	IGFBP2	SDC2	WISP2	IGFBP5	PDGFA	IGFBP3	GPC4	IGFALS	NOV	IGF2	IGFBP1	GPC3	SDC1	HGFAC	VTN	GPC1	PAPPA2	TFR2	IGFBP4	COL18A1	ST14	ADAMTS1	IGFBP6	THSD7B	IGFBP7	TF
146	1.0	GNL3L	MRPS11	CTSZ	MRPS14	TRIM71	GPKOW	GIN1	PPP4R2
147	1.0	LETM2	FUCA1	ABCC6	SLC16A5	LRRN2	KIAA1797	IKBIP	VCL	LAP3	FAM18B2
148	1.0	PLXND1	SEMA4A	SEMA3E
149	1.0	TRAF3	EDARADD	RCBTB1	SUOX	TNFSF13B	CD27	TNFRSF4	TNFRSF17	TNFRSF13C	TNFSF14	TNFRSF13B	LTBR	TRAF5	PLEKHG3	ALPL	TNFRSF11A	LRRN1	EDAR	TNFSF13	TNFRSF12A	EDA	TNFRSF19	CD70	EDA2R
150	1.0	CDH7	CDH10	CDH18	CDH9	CDH19	CDH6
151	1.0	ZNF33A	GFPT1	SLK	CABC1	LSM14A	AAK1	DCK	NEK11	DCTPP1	NQO2	MAP4K2	AZI2	KIAA0528	TBKBP1	FAM83A	HIPK1	SNF1LK2	ADAM28	ZNF567	ACOX3	PDE4A	GAPVD1	MAP4K5	MAPK6	FRYL	TXNDC1	PKN3	PIP4K2C	ALPK3	KIAA0195	SPEG	MLTK	EIF2AK1	TAOK3	SIK3	PTPN18
152	1.0	CES3	OC90	BMPR2	FOXL1
153	1.0	C1QTNF3	C1orf163
154	1.0	CARD6	LEPREL4	TTBK2	TCEB3CL2	GFRA2	CHKA	USP18	CFHR4	GPR113	PRDM15	HOXA3	NPAS3	SMTN	SLC5A12	PATZ1	GAS2L2	OR10H2	LCORL	PINK1	GPR103	STAB2
155	1.0	CARD18	CARD16	CARD8
156	1.0	NBPF23P	MRPL37	COG8	COG7	COG1	NBPF20	NBPF8	COG2
157	1.0	UPP2	OSBP2	ARMCX2	BFSP2	TRIOBP	BFSP1	VIM	UPP1
158	1.0	RAB32	GAA	C10orf11
159	1.0	FBXW2	FBXO15	FBXL8	FBXL6	FBXO16	FBXL7	SKP1A	FBXO25	FBXO17	FBXL4	FBXL5	FBXO8	FBXO6	FBXL14
160	1.0	MS4A10	C10orf35	NIPA2
161	1.0	NUP155	NUP54	NUP188	NUPL1	NUP210	BANF1	NUP205	NUP214	NUP35	NUP93	NUP88	AAAS	NUP62	NUP50	NUPL2	HMGA1	PSIP1	RAE1	POM121
162	1.0	CCDC11	C10orf82	ZNF414	HYI	TEX11	COL20A1	EFHC1
163	1.0	PLAG1	IGHG2	GJA12	OR2T6	ZNF232	HP	CACNA1I
164	1.0	DYNLL2	MAP1B	ATG3	DYNC1LI2	CA1	ATG4B	MTR	ATP6V0A4	DYNLL1	CACNB1	C14orf139	MAP1A	PFKM	GABARAP	MAP1LC3B	WDFY3	GLRB	ATG10	ATG4A	GPHN	SCOC	CLIP2	CS	GABARAPL3	ZNF354A	GRIN3A	CA2	DNM3	ATG7	SLC25A20	ARHGEF9	GLUDP5
165	1.0	APBA1	CNTNAP3	CNTNAP3B	RP11-111G23.1
166	1.0	TMEM57	UBE1L2	SMAD9	CPXM2	KIAA0226	MAN1C1	ZNF557	EVC2	ZNF484	MTMR11	MGAT1
167	1.0	MT-ATP8	ATP5D	ATP5F1	ATP5G1	MT-ATP6	TMCC1	ATP5L	ATP5E	SLC35A3	ATP5J	ATP5I	ATP5H	ATP5O
168	1.0	NAT8B	SMAD4	DLX1	STK11IP	RAB2B	GPNMB	PSG2	TM9SF2	ZBED5	TCTA	TSSK3
169	1.0	HOXA2	HOXC13	HOXB13	MEIS1
170	1.0	MEGF11	NELL1	EFCAB4B	MYST3	EFEMP1	KIAA0515	RERE	ATN1	TEP1	FBLN5	ECM1	SOD3	MYST4	ZNF608	SLIT1	USP54	STXBP4	NELL2	MEGF6
171	1.0	MRC2	ZNF230	NDEL1	DIXDC1	CCSER1	C21orf45	ZNF211	ZNF17
172	1.0	DEFB4	DEFB1	DEFB103A	DEFB4B	CCNL2	CCR6	DEFB103B
173	1.0	CENTD2	DHX16	INS	KL	CCDC55	PDGFRA	FGF20	SNAG1	SMG7	S100A13	C9orf114	FRS3	UNC93A	UQCC	MEX3D	CYP27A1	C13orf34	IL17RD	C1orf156	PDGFRB	N4BP2L2	SARM1	MRPL16	FGF1	FGF7	SCN8A	FOXA3	HBZ	GPSM3	KIAA0319	FGF2	SH2B1	RNF130	C6orf47	SOS2	FRS2	FBXO44	AOF1	FGFR1	FGFR3	CCDC17	GRB14	LIAS	FGFR2
174	1.0	ABHD8	AMBN	ITM2A
175	1.0	DNAJC15	GMPR	MUC3B	ITFG1	RBL2	ST7	DNASE2B	JAGN1	NOP16	TMEM47	PIGV
176	1.0	POR	CYP17A1	CYP2C9	CYP1A2	CYP2C19
177	1.0	ARHGEF16	SHROOM3	SH2D3A	PACS2	RND3	ERRFI1	C1orf106	TNS4	FAM53B	PTOV1	GAN	SHCBP1	ARHGEF17	SIPA1L1	REEP4	CCDC101	SAMD4A	SHROOM1	ALS2CR13	REEP3	SH3BP4	LAD1	SASH1	C22orf9	CDC42BPG	SGK223	C6orf113	ANKS1A
178	1.0	PRKG2	PDE5A	ATP5G2	GUCY1B2	PRKG1	GUCY1A3	QPCT	GUCY1B3	TMEM242	C6orf35
179	1.0	ABCG1	ABCG4
180	1.0	GABRA3	GABRQ	GABRG2	GABRG3	GABRB2	GABRB1	GABRA1	GABRA6	GABRA2	GABRA4	GABRB3	GABRG1
181	1.0	HCN4	HCN1	HCN3
182	1.0	NDUFA10	NDUFB9	NDUFAF1	NDUFA4	NDUFA5	NDUFB4	NDUFAB1	NDUFA8	NDUFS3	ACN9	NDUFS2	NDUFA9	SP110	NDUFS1	NDUFB10	NDUFV2
183	1.0	DNAJC1	MT1H	SPAG7	BAT5	IFITM1	ATP5G3	C1orf160	ITIH4	TMEM147	PILRB	HM13	ABHD16A	GPRC5C
184	1.0	HIST1H4H	HIST1H4J	HIST1H4E	HIST1H4I	HIST1H4K	HIST2H4B	HIST1H4L	HIST4H4	HIST1H4B	HIST2H4A	HIST1H4A	HIST1H4F	HIST1H4D
185	1.0	PPAT	NOL10	MRPL2	IMP3	UTP3	HEATR1	WDR43	AK6	TBL3	RBM19	RCL1	NGDN	NAT10	NOC4L	UTP15	NOP58	RRP12	DHX37	NOL6	RPS7P1	MPHOSPH10	PDCD11	TSR1	C14orf21	KRR1	RIOK2	DDX10	AATF	UTP18	WDR3	CIRH1A	ESF1	ABT1	BMS1	WBSCR22	DDX49	ERO1LB	WDR46	PNO1	IMP4	PWP2	UTP11L	WDSOF1	MVD	NOB1	RSL1D1	UTP20	RRP9	WDR36	NOL14	BYSL	EMG1	FCF1
186	1.0	PAPSS2	CDO1	C1orf41	VHL	RABL4	CCDC82	DGKI	ATE1	PKD1L3	OTUD7A
187	1.0	ENG	FST	LEFTY1	INHBB	INHA	INHBA	NODAL	INHBC
188	1.0	VPS13B	SERGEF	USP34	ANKFN1	EXOC2	PDE8B
189	1.0	CRYBB2	CRYBA4	CRYBB1	CRYBA1	CRYBB3	CRYBA2
190	1.0	ACAN	MMP19	TNFAIP6	MMP20
191	1.0	LRBA	PLXNC1	GPX1	NPVF	C20orf46	TULP1	PCDHA7	CSMD2	TSKS	SHE	SLC22A3	DNASE1L2	DKKL1	ZDHHC16	SHD	FYN	SLC24A1	LTBP2	KIFC2	GPR63	HEXA	GSX2	OGN	BRPF3	GNS	CDKL5	NCKAP5	SEPN1	GPR45	SEMA7A	ABL1	HCN2	NEK8	GSTZ1	SCARF2	FAM110A
192	1.0	DDIT3	MAFK	FOSL1	IFI35	ATF4	FOSL2	NFE2L1	C10orf119	FOSB	C14orf80	CEBPD	CEBPE	ATF5	JUNB
193	1.0	HSP90AB1	ALLC	MRS2L	ENPP5	OMA1	IAH1	SLC25A32	METTL10	ABHD6	MSRB2	SLC16A9	CYB5R4	COX10	NAPEPLD	ALDH4A1	HDHD1A
194	1.0	SEMA3A	NRP2	SEMA3B	SEMA3C	SEMA3D	NRP1
195	1.0	FN1	GALNT6	MIA	LRG1
196	1.0	HRH2	ADRB3	HTR6	ADCY4	HTR7	GNAS	ADCY10	CHRM5	PTGDR	ADCY9	ADCY7	GNAL	HTR5A
197	1.0	PTK6	DYRK1B	SRMS	BMX	FRK	SHC4	VEGFC	ART1	VEGFA	DYRK2	FIGF	PDGFC	CLK4	HGF	STYK1	TXK	KDR	FLT1	VEGFB	PDGFD	PDGFB	FGR	IGF1	SHC3	BLK	PGF	CLK2
198	1.0	RAD17	POLD1	PRIM1	PRIM2	ZBED4	CCNO	LIG1	RFC2	PRPF38A	RAD9A	RFC3	FAM7A1	STK40	POLD2	SEC23IP	RPA2	RPA3	RAD1	RFC4	TIGD1	HUS1	POLA1	RFC5	HELB	AICDA	TIPIN	POLD3	RPA1	POLD4	PCNA	POLM	PLCL1	HUS1B	DHX34	POLA2	ESCO1	POLDIP2	RAD9B	MUTYH	C5orf4	PGM2	DNA2L
199	1.0	FOLH1	NNT	PDIA5	ARMC10	SDF4	TM9SF1	FAHD1	ACTBL1	MRVI1	C11orf59	ITFG3	TUBB8	FAAH	NUCKS1	MRPL44	DNAJB12	ALDH3A2	UBAC2	MRPS25	ATP12A	RAP2B	KBTBD3	SLC16A1	MTDH	FAM83F
200	1.0	PPAP2C	UNC119	FKBPL	CYB561D2	RUFY3	AAGAB	VGF	SRD5A3	CEP27	RASAL1	TP53I3	C16orf74	FXYD6	PPAP2A	ARL3	RP2	BSND	CHST6	ZFP64	ANXA3	ARL2BP	UNC119B
201	1.0	NFIC	TKTL2	ZCCHC14
202	1.0	TSEN34	TSEN2	TSEN54	C1orf19
203	1.0	TLR7	IRAK3	IL1RL1	IRAK4	NOX4	TLR1	FUT7	TLR8	TIRAP	TLR4	TLR6	IRAK1BP1	TLR10	SIGIRR	TLR2	PELI1	TLR5	MYD88	LY96	TMED7	IRAK1
204	1.0	ATP5SL	XRCC2	TDRD9	RAD51C	EFHD2	RAD51L3
205	1.0	CXCL12	CCR2	CCL3	CCL2	CCL14	CCL5	CCL7	CXCL13	BLR1	CCL8	DARC	CCL21	CCL22	CCL11	CCL13	CCR4	CCBP2	CCL17	CCR5
206	1.0	C1orf168	SLC25A24	FDFT1	FAM101A
207	1.0	FAM57A	BAAT	SLC7A10	SLC7A5	SLC7A7	SLC3A2	GGTL3	SLC7A11
208	1.0	GUCA1B	RGS9	GUCY2F	GUCY2D	GUCA1A	GUCA2B
209	1.0	ZC3HAV1	LRCH4	IFIT3	SAP25	AYTL2	CA8	TTLL12	IFIT1	IFIT2
210	1.0	KCNN1	HMGN3	PRG4	SLCO2A1	ZNF32	DENND1C	C21orf63	SPRYD4	KCNH7	FOXJ1	EXTL1	ZNF311	PANX2	LY6D	ZKSCAN3	GRB2
211	1.0	LYPLAL1	MRPL45
212	1.0	ARID1B	SMARCA2	UPB1	PER2	PCAF	ARNTL	CRY1	TRAPPC9	RFXAP	TOP2B	ING1	PHF10	DPF2	KLF1	CLOCK	CRY2	ACTL6B	MLLT10	EPAS1	BAZ1B	MOGAT2	KCTD10	FBXL3	SMARCE1	ARNTL2	CCDC43	C6orf168	NAP1L2	SMARCD1	SMARCA1	ACTL6A	USP11	SMARCB1	SMARCC2	CNTN3	REST	PER1	PER3	BCL7A	SMARCD3	SMARCA4	SSX1	DECR2	TACC2	SS18	ARID2	TIMELESS	PDE11A	SMARCD2	SMARCC1
213	1.0	ORC4L	ORC5L	GINS4	CDC6	CDKAL1	GINS2	MCM3	ORC2L	PSKH1	MCM5	RPA4	C16orf42	MCM4	DBF4	MCM2	CDC45L	CDT1	ORC6L	CLSPN	ORC1L	GINS1	CCDC5	MCM10	CDC7	MCM6	MCM8	ORC3L
214	1.0	LIN7A	RTN1	SLC1A2	GOT2	ALDOC	PRDX6	SYNGR1	NEFM	MPP2	SPINK5	FAM71C	SLC25A22	LGI1	MOG	CALB2	LCA5	RAB2A	ARF3	SLC6A12	LDHB	ADAM22
215	1.0	RAB11FIP2	OSBPL3	PFKFB2	TEAD3	TBC1D1	AKT1S1	ZFP36L2	KLC4	CRTC1	RAB11FIP1	CEP250	REEP1	PDZD11	MAST3	FAM53C	SHROOM2	TRIP11	PCTK3	LARP1	KLC3	SRGAP2	KIF1C	LSR	DENND4A	NADK	CROCC
216	1.0	PLA2R1	MAPK1	MAP2K1IP1	HAL	HMMR	GTPBP5	SIPA1L2	MAPK3	BLVRA	GRAMD3	PLA2G2D	PLA2G2E	HNF4G	RHBDF2	PLA2G10	PLA2G12A	PLA2G5	PLA2G2F	PLA2G3
217	1.0	NTSR2	NLN	NTS
218	1.0	PCDHA3	PCDHA5	PCDHA2	PCDHA12	PCDHA8	PCDHA11	CRK	PCDHA9	PCDHA1
219	1.0	TRAPPC1	CLIC2	TRAPPC3	TMEM56	TRAPPC2P1	TRAPPC2	TMEM97	TRAPPC4	TRAPPC6B	TRAPPC5	CNNM2	TMEM1	TRAPPC2L
220	1.0	NUFIP2	ZFP106	HELZ	ASCC3	RBM33	FAM98A	CLK3	C1orf63	CHD8	PBXIP1	ALPP	MCAT	STOM	KIAA1553
221	1.0	BMP15	GDF11	SNAI1	TGFBRAP1	UHMK1	ACVR1	ARHGAP31	TGFBR2	DACT2	FBXO3	PREB	TGFBR1	FBXO24	SMAD6	FKBP1B	ILKAP	STK35	ACVR1C	FBXO30	ACVR1B	ACVRL1	KLHL1	ARL14	ACVR2B	PLEK	RASD2	SMURF1	ACVR2A	BMPR1B	WDR13	USP45	RRH	GDF6
222	1.0	C8A	C8B	RFFL	C6	C7	C9	C5	MMEL1	C8G
223	1.0	GAS2L1	GABRA5	RDX	KIAA0100
224	1.0	PLEKHA6	ATP2A3	TACSTD1	IL1RAPL1	MS4A5	MUC13	MUC2	SORL1	CEP170	TRPM3	SH3BGRL2
225	1.0	PEX11B	ABCD1	PEX11A	PEX19	ABCD2	PXMP4	PEX16	SLC25A17
226	1.0	BRWD2	PJA2	VPRBP	AMFR	UBXD7	KLHL13	BRWD1	BRWD3	TOPORS	KLHDC3	UBR4	LRRC16	KLHL22	KBTBD7
227	1.0	RUFY2	EFNA1	EPHA3	EFNA5	TNFAIP1	EPHA8	EFNB2	EFNA2	EPHA5	EFNA4	EPHA2	EPHA7	EFNA3	EPHA6	EPHA4	EFNB3	RHBDL2
228	1.0	PNMA1	LENG1	ASAH2B	TCP10	MPP4	ANKRD43	PARD6A	LLGL1	PARD6B	MPP5	PNMAL1	ASAH2C	CRB3	LLGL2	PNMA6B	PNMA6A	PARD6G
229	1.0	CSTF3	PAPOLA	NFX1	U2AF2	CSTF2	HNRPK	TXNL4B	HNRPF	NCBP2	HNRPM	PRPF6	HNRNPC	HNRNPU	SF3B2	HNRNPA2B1	SNRPD1	THOC4	SF3A2	HNRNPA0	NUDT21	SNRPB	HNRPH1	DHX9	SMC1A	YBX1	LSM2	HNRNPR	PRPF4	SNRPF	PRPF8	SRRM1	SF3A3	SF3B1	PTBP1	SF3A1	CD2BP2	SNRP70	SF3B4	SF3B3	HNRNPL	SNRPD2	NCBP1	NHP2L1	HNRPD	FUS	SNRPA	PCBP1	CPSF1	CPSF3	EFTUD2	LDHAL6B	SNRPD3	SNRPA1	HNRNPA1	RAVER2	SNRPG	ASCC3L1	HNRPH2
230	1.0	TEX28P1	TEX28P2	UBAP1	TEX28	EPS8
231	1.0	IL32	PRTN3	FPRL1	CAMP
232	1.0	PLXNA2	KIAA1199	HACE1
233	1.0	RASL11B	SLC22A24	C11orf16	EWSR1	LILRA3	C1orf71	MYO1F	NTNG2	MNS1	MVK
234	1.0	BMP6	GREM2	GDF5	BMPER	BMP7	BMP4	CRIM2	CHRDL1	MGP	CHRDL2	BMP2	SOSTDC1
235	1.0	CACNA1S	NFAT5	CACNA2D1	PLCB4	ITPR1	WDR92	AHCYL1	ITPR3	NFATC3	CABP2	LRMP	CACNA1F	CACNA1C	FOXP3	PLCB2	PPP3CC	PPP3CA	CABP4	PLCB3	TBC1D10C	NFATC2	RCAN2	EGR4	OCA2	NFATC4	PPP3CB	NFATC1	CACNA1D	PPP3R2
236	1.0	PLCD3	ZMYM5	TSKU	SKIL	USP25	THAP5	ZBTB3	MORC4	GDF3
237	1.0	ZBTB11	SOX13	SOX7	SMAD7	ASH1L
238	1.0	STRN3	C11orf61	FAM40B	CLDN12	CCM2	FAM40A	STRN4	CTTNBP2NL	MRPL50	PDCD10	STRN	SLMAP	SIKE1	FGFR1OP2	CTTNBP2	MST4	CCT6B	STK25	TMTC4
239	1.0	SALL4	NANOG	NANOGP8
240	1.0	ZIC1	CHD7	TBX20	C20orf23	GLI2
241	1.0	SYTL2	PPP1CA	KIAA1949	SPRED1	PPP1R15B	PCDH7	C9orf75	C1orf114	PPP1R11	PIH1D2	FAM130A1	TOR1AIP1	PHACTR3	TMEM16A	ANGEL1	TUSC3	PLCL2	MYO16
242	1.0	COL4A3	MATN2	COL4A5	COL4A6	ANTXR2	COL4A4	COL4A1	BMP3	COL4A2	HABP2	SERPINE2	ITGA1	TGFBI
243	1.0	TRIM46	C8orf42	ARHGAP44	VAT1L	BASP1	SBF1	KIAA1244	PDE1B	C2orf55	PCSK1N	SBF2	ROGDI	MTMR1	MAT2B	CAMKV	KIAA1468	RAB15	NAPB	DIRAS2	PDE1A	HEATR5B	PLA2G12B	KIF21A	C14orf166	HSPA12A	VAT1	SEPT3	SYT5	KIF21B	SV2A	SEPT11	GLTP	ACSBG1	SEPT8
244	1.0	HHIP	DISP1	HHAT	GAS1	IHH	SHH	DHH
245	1.0	MFNG	MAML1	JAG1	DTX3	MAML3	NOTCH3	DLL1	DLL4	NEURL1B	MAML2	DLK1	POFUT1	NOTCH4	CSHL1	JAG2	RBPJL	DLL3	LFNG	NOTCH1	RBP3	NOTCH2
246	1.0	DBP	BATF3	CREB3L1	TEF	CREB3	CREB3L4	CEBPG	NFIL3	CREB3L3	HLF	BATF
247	1.0	MAS1	AGT	PRCP
248	1.0	CORO2B	TOR1B	KRTCAP2	ASAH1	TTC35	C19orf70	COX4NB	FASTKD2	MAGED2	UCK2	USMG5	VEPH1	TOR1A	TOR1AIP2	ENDOU	C14orf122	C2orf47	MFN1	KIAA0090
249	1.0	ZNF217	ZNF516	RCOR1	EBI2	MBD3	ZMYM2	MTA3	RORC	AOF2	CHD4	MTA2	SATB1	GATAD2B	RBP2	MTA1	ZMYM3	MBD2	SUZ12	HMG20B	RBP1	KIAA0182	MBD3L1	PHF21A	HTR4	LRAT
250	1.0	NEIL2	GPBP1	EMB	MN1	NUPR1	EP300	NEDD1
251	1.0	SMUG1	PHF1	STRBP	RBM9	ZC3H10	FAM103A1	FLJ46365	FKHL18	C2orf51	NEU4	RBM24	C12orf12	LZTS2	RBPMS	C1orf94	FAM46D	KIAA1984	PDLIM4	C9orf100	RHOXF2
252	1.0	MRAS	RRAS	RASGRP3	FAM118B	RASGRP4	RASGRP1	TMEM37	KRAS	RASGRP2	RRAS2	RASA2	RASGRF2	RASIP1	ZFR	HRAS
253	1.0	APP	BACE2	TM2D1	CYP2G1P
254	1.0	PTPRT	PTPRN	SNX19
255	1.0	NCLN	SEPSECS	CHRNA4	CCDC128	ATP13A3	GCC2	TDRD3	PHF14	BEST2	PGS1	CDS1	USP12	TULP4	KIAA1622	CD209	CNOT6L	C12orf30	BICC1	SMOX	C21orf59	SFRS8
256	1.0	LANCL1	PANK1	SIPA1L3	REEP6	SLAIN2	FER1L3	TBXAS1	FAM62A	SPR	ZC3H13	IL4I1	ATL3	CBLL1	WWC2	INPP5A	C12orf51	PGLYRP1	YWHAZ	SLCO4A1
257	1.0	RABL2B	C3orf34
258	1.0	OBSL1	AGA	CFB	C4B	PLA2G4F	PF4V1	IGDCC4	AMPD3	ZNF292	HPX	KRT13	APOC2	OR3A2	CTAGE5	KIAA0232	KRT6B	ITIH1	PCDH1	CFD
259	1.0	BCL2	PMAIP1	MCL1	SIVA1	BCL2L12	TEGT	BCL2A1	BCL2L1	BNC1	GIMAP4	VRK2	BIK	TP53AIP1	AVEN	MOAP1	BNIP3L	BOK	BCL2L14	BNIP3	BAX	BNIP1	BCL2L10	GIMAP5	CPT1A	BCL2L7P1	BBC3	BMF	BCL2L11	BECN1	HRK
260	1.0	CYP3A4	TCTE1	NSUN6	C9orf64	UGT2B7
261	1.0	ST8SIA2	ST8SIA4	ST8SIA3	NCAM1
262	1.0	ID1	MYOG	SCRT2	HES5	MYOD1	ELSPBP1	ZNF3	LYL1	BHLHB3	ASCL1	NKX2-2	OLIG2	ATOH1	TCF4	MYF6	HES1	PTF1A	ZNF876P	GARNL1	MYF5	CIB2	SP7	ID2	TAL2	BHLHB8	ASCL3	OLIG1	IFI16	TCF3	TCF21	MSC	ZNF626	ID3	HAND1	TWIST1
263	1.0	MS4A3	CDKN1C	CCNF	CCNB2	MCART1	CDK6	LRRC6	IRX6	CDK2	CDKN1A	CCNE1	CIZ1	CCND3	LARP5	CDKN1B	CCND2	CNOT7	MTFMT	CKS1B	INCA1	CCNE2	CCNB1IP1	CDC2	ZMYND10	IFI27	CDKN2D	ZNF580	KLHDC9	CCNB3	TSC22D4	CDC25A	MYT1	SULT1B1	CDK3	CCRK	SKP2	CCND1	CKS1BP6	FOXM1	CDK4	C13orf15	CCNA1	CDKN3	GADD45B	CCNJ	ALS2CR7	DEGS2	MTHFS	CRABP2	DMTF1	KIAA0329	MNDA	CCNA2	CCNB1	GSTM2	HERC5	MYH8	TTLL5	PROCA1
264	1.0	PSRC1	LRRC3	TPSAB1	TPSB2	EPX	TGDS	PLAGL2	NCK1	ASXL1	URB1
265	1.0	ZNF43	SRY	ZNF208
266	1.0	PLA2G4A	XAGE1E	XAGE1C	XAGE1D	GPR172B	XAGE1B
267	1.0	TMOD4	DGCR2	NEBL	MRPL41	SPRR2G	TRIM54	TMEM139	KIAA0157	TRIM55	TNNI2	MYBPC3	MRPL19	TNNC2	NKIRAS1	BRE	HDGFRP3	C19orf62	GFM1	LMCD1	SMURF2	USP13	IQWD1	TRIM63	NEB	CUEDC1	TCAP
268	1.0	FGB	ICAM2	ITGAX	ITGAM	AMICA1	JAM3	CD226	F13B	ITGAD	ITGAL	ITGB2	FUT4	ICAM3	FGG	ESM1	VNN2
269	1.0	PSCD4	IPCEF1	FRMD4B	PSCD3
270	1.0	RFWD2	SIPA1	RHBDD1
271	1.0	KCNIP3	APH1A	APBA3	PSENEN	APH1B	ARHGAP12	PSEN1	MTCH1	NCSTN	PSEN2
272	1.0	SLC4A2	MYLPF	CD320	E2F1	MYBL2	MYBL1	TFDP1	MRFAP1L1	GOLGA4	RNF144A	UNC84A	SP2	E2F4	TAGAP	LIN54	TSNAXIP1	LIN52	RBL1	RBBP9	TSNAX	HSBP1	LIN9	E2F2	PDAP1	LIN37	CSTB	PARK7	TFDP2	E2F5
273	1.0	ADCY3	PRKX	ADCY6	CACNA1H	ADCY1	PRKACG	ADCY2	PLN	PRKACB	HSD3B1	ATP2B3	CACNG4	PDE3B	HSD3B2	CACNA1E	CACNA1B	PRKY	CACNA1G	ADCY5	STOML3	LIPE	PDE3A
274	1.0	LOC649034	TBX1	PGA4	SPRY2	SERINC1	ARRDC1	AC026271.5	METAP1D	PGA5	UBE2S	BVES	FAM109A	INPP5B
275	1.0	RAB35	UBASH3A	KRT74	PTPRK	ALK	IRF7	MEP1B	ARHGAP9	EPHB3	MTIF2	EPHA1	MAP2K7	PDX1	INSL6	FN3K
276	1.0	ALAS1	FAM73A	PXK	STAMBP	FAM73B
277	1.0	ZBTB48	C7orf34
278	1.0	GDNF	GFRA4	RET	PSPN	NRTN	GFRA1
279	1.0	SDK1	PSG7	TPK1	PRPF40A	FMNL3	STIM2	ZNF341	FMNL2
280	1.0	CYBB	NCF1	NCF4	SYTL1	NCF1C	CYBA	NOXO1	NOX1	NCF2	NCF1B
281	1.0	MEGF8	TNF	FAT	TNXB	SNAP91	PDIK1L	MCOLN3	PLCE1	COL3A1	PLEKHA3	BAG5	HIVEP2	DBT	CIAPIN1	SSPO	HSPBP1	MT3	BCL2L2
282	1.0	GRK7	PDE6A	PDE6D	PDE6B
283	1.0	SUPV3L1	C17orf49	WDR5	ASCL2	MLL	MEN1	WDR5B	RBBP5	SENP3	HCFC1	HCFC2	SETD1A	WDR61	NME5	C16orf53	DYDC1	DTL	MYST1	N6AMT1	DYDC2	TFAP2D	WDR51B	ASH2L	JMJD3	MSL3L1	C18orf37	MLL2	MLL3	TASP1	ACAA1
284	1.0	C1orf32	USP43	CHST1	SFN	ARHGAP11A
285	1.0	HOXD3	RASSF4	HOXD8	NEUROD6	HOXD11	HMGB1	HOXB3
286	1.0	CNGA2	CNGA4
287	1.0	SLC27A4	CMTM6	C21orf51	ORMDL1	TMBIM4
288	1.0	CD53	CLGN	ITGA4	CD9	NKX2-4	ITGB1	CD81	LAMC3	LAMC1	CD151	ITGA7	PTGFRN	CD46	TSPAN7	LGALS8	CD63	CD82	ITGA3	LAMB2	LAMA2	LAMB1	TSPAN4	ADAM2	LAMA5	IGSF8	ITGA6
289	1.0	FREQ	PRDM1	TBCK	SLC47A1	DUSP14	SC5DL	GRAMD1B	SLC13A1	CHN1	FNTB	DUSP21	LHX8	TCP11L2	SMAP1	IHPK1	SLC13A4	ZNF501	PRDM16	PDPK2	HMX3	GRTP1	PNPLA7	SLC36A1	TREH	CPT1B
290	1.0	MRPS27	ILF2	MRPS23	LAS1L	SART3	DLX4	ELAVL1	IGF2BP3	SLC4A5	PELP1	CCPG1	FMR1	RPL7P9	TBL2	RBM4	RNF149	PABPC3	PTCD3	MCF2L	MOV10	STOML2	WDR18	DDX39	ZNF326	DHX36	MRPS5	FLG2	DDX47	EIF2C1	FBXL13
291	1.0	PTTG2	ANAPC1	TMEM135	APC2	CDC26	ANAPC5	FZR1	CDC23	UBE2E1	CDC16	UBE2D1	CDC27	ANAPC11	NDST2	UBE2C	ANAPC7	ANAPC4	NEK2	ANAPC10	PTTG1IP	ANAPC2
292	1.0	GUCA2A	SLC22A12	AKAP10	ABCC2	SLC22A9	SLC22A5	SLC17A1	TBC1D10A	SLC22A11	SLC4A8	SLC26A3	SLC9A3R1	SLC22A4	SLCO1A2	CLCN3	P2RY1	SLC9A3	SLC9A3R2	GUCY2C	SLC4A10	PDZK1
293	1.0	KCTD17	LRRC18	RWDD4A
294	1.0	C20orf185	STAT3	STAT2	PDLIM2	RNF31	MAGEA12	HHLA3	NMI	STAT5B	ZNF467	RBCK1	C1orf109	IL27RA	UBE2F	HDDC3	STAT6	STAT1	IRF9	STAT4	STAT5A
295	1.0	KCTD3	DGKG	STXBP5	INA	BACH2	LRP4	CSN2	DGKH	CPNE8	DHRS2	LRP1B	CPA1	CNGA3	DPY30	PLA1A	CD3EAP	DNAH3	KTN1	PTCH2	KIF26A	MYH1	CNGB3	TPM4	USP24	RGS3	CALD1
296	1.0	EIF3C	EIF3D	EIF5	EIF4EBP2	EIF2S2	EIF4E	EIF3E	EIF3A	EIF2S1	EIF4G1	EIF3J	EIF3K	ALPI	EIF3B	EIF3I	C10orf28	EIF3G	EIF3H	EIF1AX	EIF4A2	EIF4B	EIF2S3	EIF3F	EIF4H
297	1.0	C20orf54	HOMER2	SBK1	PAPL	KLHDC10	INTS5
298	1.0	F11	COL1A2	ADAMTS13	GP5	GP1BB	VWF	GP1BA	GP9
299	1.0	SNX22	DVL1	NKD1	TMTC3	FRAT2	DVL2	DVL3	TNFAIP8L1	FAM105B	CCDC88C	CXXC4	FRAT1	NKD2
300	1.0	CYP11B2	CYP11B1
301	1.0	FGF14	FGF21	FGF3	FGF18	FGF8	FGF17	FGF11	FGF5	FGF13	FGF22	FGF6	FGF12	FGF10	FGF19	PHEX	FGFR4	FGF4	FGF23	FGF9
302	1.0	UBP1	TFCP2L1	C18orf55
303	1.0	HEXDC	C10orf4	GDPD2	ADPRHL2	GLRA2	PSD	C21orf33	RILPL2	GMFG	C7orf25	LPPR4
304	1.0	TMPRSS11E2	MMP15	SERPINE1	TMPRSS11E	PROC	THBD	SERPINA5	F2	PROZ	SERPINB6
305	1.0	ROBO3	FAM83C	DBC1	LECT1	TXNDC2	FAM169A	SMPDL3A	MOCOS	ABCA6	QDPR
306	1.0	TIMM17A	FXC1	TIMM22	TIMM10	CORO7	TIMM17B	TIMM44	DNAJC19	HAO1	TIMM23	TIMM13	TIMM8A	CHCHD4	TIMM9	COX19
307	1.0	FIS1	KLF5	ZFAND5	C11orf54	FBXO9	RPS27A	MICA	ZNF385	TOM1	FBXO5	CARD11	UBASH3B	RNF168	USP1	MALT1	POLI	ABHD1	OTUD7B	VPS36	ADAM19	HERC3	FAM108B1	CCDC50	IRF1	AIPL1	PIB5PA	UBA52	UCHL3	TAX1BP1	ZRANB1	UBC	DNAJB2	UBB	HECW2	TBC1D16	MARCH5	PM20D1	ZNF749	RNF43	APOBEC3G	OTUB1	ERN1	NUB1	SYAP1
308	1.0	FAM131A	PHYHIP	MAGED4B	MAGED4
309	1.0	RELT	SLC12A2	STK39	OTOF	SLC12A6	SLC12A1	OXSR1	AATK
310	1.0	FBXL11	EIF2AK3	HDAC9	HNF1A	SMO	BCL6B	SNX27	TRAF3IP3	PARP12	EIF4ENIF1	EHMT1	MAPK8IP3	ATF7	KMT2B	NPAS4	CYP1B1	CACNA1A	PPARGC1A	E2F3	SPTLC2	ERCC5	TNFSF8	DGCR8	ELF1	EBF1	WNK4	RAB23	GRLF1	CETN2	TNFRSF8	WNT16	ZMYND8	EPHB6	SIM2	GATA5	TRIB3	SAE1	SPEN	YY1	ARID1A	BCL6
311	1.0	SECISBP2	C1orf181	ANKRD27	RAB34	MTMR10	RNF111	FDX1	TOB1	SOX5	METAP1	LEMD3	EXPH5	ZEB2	RRBP1	RFX1	BAZ1A	ARFGAP3	SIL1	ZFYVE16	KIAA1033	SMAD5	ZNF83	MAN1A2	HEYL	RNF123	PAXIP1	FOXG1	SMAD2	SKI	PIR	CYP11A1	MKL2	TRIM62	RANBP6	TMED1	RAB38	PARD3B	STAMBPL1	CAMSAP1	NFIX	CXXC5	ZBTB44	ABTB1	MAN2B1	TRIM35	ZEB1	ZNF41	PNPLA2	CEP135	NAGK	HOXD13	HEY1	ZSCAN4	CHPF	EID2	AFF1	MCM3AP	DNAJC7	N4BP2L1	ZNF8	SVEP1	AMY2B
312	1.0	ENPEP	ANPEP	NAALADL1	FCGBP
313	1.0	SIRPA	RGS14	FGGY	ICAM5	MKNK2	MAPK8IP2	PPP1R12C	SLC26A6	SLC7A1	ITM2B	CLDN11	AK1	IFT140	CSF1	MYO1G
314	1.0	C6orf151	LSM10	SLBP	GEMIN7	C16orf33	GEMIN6	CLPTM1L	ZNF473	ZNF202	LSM11
315	1.0	NCAM2	OPCML	LSAMP	DPP6	PRNP
316	1.0	PSMB6	PSMC3	PSMF1	PSMD12	PSMC5	PSMB10	DERA	PSMD8	PSMA7	PSMB7	PSMA4	PSME4	PSMD10	PSMB8	UBE3B	PSMD4	PSMD6	PSMB2	SNRNP35	USP32	PAAF1	PSMD5	PSMC2	PSMD13	FHOD3	PSMC4	RBM45	PSMA3	PSMB4	TXNL1	PSMD2	NSUN5	PSMA5	C16orf72	SHFM1	UCHL5	PSMA2	MRPL30	USP14	PSMD9	PSMB3	PSMA1	PSMB1	PSMC1	PSMA6	TTC38	PSMB5	PSMD3	PSMC6	PSMB9	PSME1	POMP	PSMD1	PSME2	PSMD14	PSMD11	HTR1E	ABCB5	PSMD7
317	1.0	CDY2B	PEX6	PECI	CDY2A	PEX3	EXDL2	SIRT3	RBKS	PEX12	PEX10	PEX5	PXMP3	PEX26	PEX13	PEX7	PEX1	PEX14	DDO
318	1.0	FAM113B	AP4E1	CROT	PDZRN4	FAM75A7	ZIM2	MYL4	PALB2	CAMTA1	SLC9A8	C12orf35	SLA2	CLCA2	KIAA1712
319	1.0	TMCO7	TBC1D15	PTP4A3	TMEM41B	UBE4A	ATP1B3	ATP1A4	KIAA0406	ZNF294
320	1.0	CD5L	IGHM	HPR	ALB	RBP4	PLTP	CD40LG	PRB3	CA6	PON1	APOA1	VPREB1	RPE65	ACPP	CFHR1	ORM1	APOL1	FCGRT	VPREB3	OR5H6	SCARB1	AMN	IGJ
321	1.0	NEK9	RUSC1	SSB	MAP3K4	NCK2	TANK	TEC	MARK2	CLK1	FER	NLK	PRKCQ	STK16	SEZ6	MARK1	CAMK2G	ABL2	CHST15	BMP2K	CDC42BPA	RASGEF1C	METTL9	INPPL1	BRD4	MELK	C14orf4	CSNK1D	KIT	PDPK1	ASNSD1	BTK	AURKA	PAK4	BRD3	HRNR	ADK	AFF4	ANP32A	GSK3A	WEE1	COL11A1	SYT12	RPS6KA2	MARK4	ALDOA	CSNK1G3	LIMK2	GAK	TPTEP1	PRKD2	MAP3K2	DOK1	EPHB2	LIMK1	MAP3K11	PKN1	NTRK1	ATAD3B	CAMKK2	ATPAF1	EPHB1	EIF2AK4	RPS6KA3	PPP1R14A	G3BP1	PDHA1	PKMYT1	MAP2K2	RPS6KA1	BMPR1A	DOK2	GRAMD1A	OTUD6B	CAMK2B	CDK5	ULK3	HCK	SPTY2D1	EPHB4	CRKRS	MCTP1	MRC1L1	LRRC29	DDR1	DYRK1A	NEUROD2	ADCK1	PLK4	STEAP3	NUDT7	HSH2D	CSNK1E	TNK2	SEC16A	TNK1	CSNK1A1	TESK2	SRRM2	MLLT1
322	1.0	TSPYL1	SNORA32	NIPSNAP3A	ZNF33B	ZNF20	CCDC113	PPOX	HAP1	CRIP1P4	TNNT3	EPHX2	C15orf29	MGEA5	ZNF691	C8orf33	COL9A2
323	1.0	PCDHA6	PID1	LRP2BP	APOH	SCN3A	CUBN	NOS1AP	GTPBP1	GIF	ITGB1BP1	LRP1	LDLRAP1	SCN2A	LRP2	LPA	DAB1	SYNJ2BP	VLDLR	SCN4B	LRP8	LIPC	SCGB1A1	RELN
324	1.0	MAGT1	ARFRP1	TMEM85	CYP51A1	ALG10B	SLC22A1	ATP2C1	ALG12	ELOVL4	PERLD1	SLC35C2	PIGT	OPRS1	ELOVL5	ALG6	POMT1	ALG1	GUK1	ALG8	CYP3A43	PIGF	TM9SF3	ERN2	DDOST	STT3B	SCD	ALG11	ATP6V0B	TM9SF4	PIGG	POMT2	CYP3A5	PIGS	ELOVL6	ALG5	GPSN2	LSS	SLC35B4	HSD17B12	NSDHL	ALG10	TMEM20	PHCA	TLOC1	ATP8A1	PTPLA	SC4MOL	PIGO	CWH43	SYS1	TMEM110	SURF4	SGPP1	TMEM63A	SGPP2	ALG3	PIGC	ENTPD7	FA2H	PEMT	SLC29A3	ATP13A1	MON2	SLC27A2	ENTPD6	HPGD	LASS2	HSD17B7	CYB5R1	ALG9	MAN1B1	SLC9A6	PIGN	RER1	SLC24A6	SLC35E2B	PIGU	DULLARD	SQLE	PIGK	SLC35E2	PIGW	TBC1D22A	EPT1	ZMPSTE24	GPAA1
325	1.0	TINAG	TINF2	PEPD	H2AFB3	JMJD2A	HAT1	NALCN	HIST1H2BA	JMJD2B	KIAA1086	HIST1H1B	PHF20L1	UHRF1	POT1	HIST3H3	L3MBTL	SFMBT1	TERF1	RAD51L1	CDY1B	ACD	PHF20	PADI4	TERF2IP	TERF2	PAPD4	DNTTIP2	HIST2H2AC	ASF1A	SETD8	HIST1H2AA	CDY1	RFX2	SMC6	CHD2
326	1.0	CCDC6	PPP2R4	CCT3	AXIN2	CWC15	CCT7	IER3	LCMT1	PPP2R3C	PPP2R3A	PPP2R2A	CCNG1	ISYNA1	PPP4C	MRPS26	PPP2R5E	ARL2	PPP2R2C	PPP2CA	IGBP1	FGFR1OP	PPP2R3B	BCORL1	PPP2CB	MID1	PDCL2	PPP2R1A	PPP2R2D	RPS6KB2	DHRS4	PPP2R5B	RAB18	JMJD1A	TLX1	CCT2	FTCD	PPP2R5C	TBCD	MOBKL3	BEST1	PPP2R2B	MINA	PPP2R1B	EEFSEC	CCT5	FAM13C1	LENG4	CCT6A	AXIN1	PPP2R5A	PPME1	TBCC	AHCYL2	CCT8	MID2	STK24	PPP2R5D	TCP1	TIPRL	CCNG2	KIAA1524	CCT4
327	1.0	CASR	SLC8A3	ANXA7	PRKCA	GCNT1	ADD3	SLC8A1	SLC8A2	SPAG1	DLX3	NRGN	THOC5	NOXA1	PRKCG	GPM6A	KCNE4	AFAP1	CHAT	PRKCB1
328	1.0	COL23A1	FERMT3	THUMPD3	LSM8	FAM63A	ISOC2
329	1.0	VAMP1	SYT4	SNAP25	SYPL1	SLC17A7	SLC6A1	STX2	STX1B	SNAP23	STXBP3	VAMP2	SLC14A2	ATP4B	SLC18A3	STX3	STXBP6	SYT7	SNPH	STX4	SYT6	STX1A	UNC13B	SYCN	PRRT2	SCGN	TXLNB	DOC2A	CPLX2	CXorf15
330	1.0	CXorf27	GAPDHS	FICD	F8A1	MAGEA3	HD	F8A3
331	1.0	MYH7	C5orf33	HADHA	THEM2	SDHB	TNNI1	TIAL1	DECR1	CKM	PKD2L1	RCAN3	HIST1H1D	HNRPDL	HNRPAB	TMOD1	CHCHD3	CRIP2	CSRP3	TNNI3	MYOZ2	PCDH12	TMSB10	TNNC1	MYL7
332	1.0	PHKA1	PHKA2	CNN1	PHKG2	CALML3	TSPAN33	GYS2	MRPL20	CCP110	ADCYAP1	STYX	RALB	RYR2	TBC1D9	PPP1R3B	PYGB	MPZ	PYGL	VIPR1	PPP1R3A	MYLK2	MYO10	PTHR1	AKAP5	CALCR	C20orf27	FKBP8	ASPM	PCNT	CAMK4	GYS1	PYGM	CARHSP1	CTRC	CRHR1	AKAP11	ADD2	PPP1R3C	PHKG1	CABIN1	PPP1R3D	SCT
333	1.0	AGPS	PTS	GNPAT	FNDC5	IYD
334	1.0	CASP1	DIABLO	IL1A	CASP3	STK4	CASP8	BFAR	BIRC3	STK3	NAIP	IL1F10	CASP4	HTRA2	GOLGA7	CASP9	DEF8	NLRP1	MZB1	CASP10	IL1R1	BIRC7	NOD2	CASP6	B3GNT1	TNFAIP8L2	APAF1	MINK1	WNK3	DEDD	CASP14	PYCARD	CASP2	DEDD2	GOLGA3	ARID4B	LATS2	NLRP12	IL1R2	NOD1	MAP4K1	BIRC8	ELMO2	BIRC2	CSN1S1	XAF1	CASP5	CASP7	BIRC4	IL1RN	IL1B	NUCB2
335	1.0	TCF23	BHLHA9	ATOH8	TCF12	OLIG3	ASCL4
336	1.0	C1orf149	ACTR5	CCDC95	EPC2	INO80D	C20orf20	GATS	MORF4L1	EPC1	DMAP1	EAF1	MORF4L2	ING3	ZNHIT1	BRD8	PLSCR4	RNFT1P3	RNFT1
337	1.0	GRXCR1	TBC1D20	LMLN
338	1.0	PIK3CD	PIK3R2	PIK3C2B	PIK3CG	ERAS	PIK3R4	PIK3R3	PIK3CA	PIK3R5	PIK3C3	PIK3C2G	C17orf38	PIK3CB	SEC14L2
339	1.0	PRKACA	GAD2	SLC4A4	GUSB	GJA5	PKIA	SI	C11orf17	AKAP14	AANAT	CETN1	CACNB2	C7orf16
340	1.0	GABARAPL2	HBG1	DNAH7	IRGQ	BCL2L13
341	1.0	CEP350	APTX	MAPKBP1	ZNF639
342	1.0	FRMD5	SSRP1	EAF2	TH1L	ASB8	ENDOV	FLJ35220	AAMP	TCEB1	SUPT5H	CDK9	ZMYM6	MDFIC	PRPSAP2	TCEB2	SUPT16H
343	1.0	DISC1	C6orf182	GNPTAB	CCDC141	CCDC24	TIAM2	PPM1E	MPPED1	OLFM1
344	1.0	GRSF1	MAP7D3	ROD1	XIRP2	C6orf108	FTSJ1
345	1.0	ASB6	ASB12	CUL5	ASB7	ASB2	RNF7	ASB1
346	1.0	FHOD1	BBS7	ALDOB	BBS2	DPP3	BBS4	FLOT1	HSCB	TM4SF20	ACY1	PAX2
347	1.0	SSNA1	AP4S1	SPAST	TRAPPC11	LPIN2	SORBS3	SLC1A5	MYLK3	PRODH2	CABLES1	NLRC4	KIRREL3	RANBP3	AP4B1	AP4M1	KIRREL	ITGA2	CACNG3	GRAP2	DCC	NLRP3	NPHS2	CMTM4	APOE	SLC1A4	SPNS1	ERVWE1	LDB3
348	1.0	DMN	SYNC1	DAG1	DTNB	DRP2	MAGEE1	C20orf3	SNTB2	DMD	C1orf182	SNTA1	KCNJ12	C14orf133	SCN4A	NIT1	UTRN	LARGE	DTNA	SNTB1	SNTG1	ABCA1	SNTG2	PGM5P1	MAST1	PDLIM3	LOXL3	SCN5A	SNX32
349	1.0	CIAO1	GAS8	MRPL24	SLFN11	NARFL	FAM96A
350	1.0	SLC45A1	DDX27	FTSJ3	PAK1IP1	PES1	RRP15	NMD3	WDR12	DDX54	ZNF622	MKI67IP	DDX56	BXDC2	DDX24	RBM13	NOC3L	NOL1	RRP1B	MRTO4	RBM28	BXDC5	KIAA0020	BOP1	ZNF593	MAGEB4	GNL3	SDAD1	NSA2	BXDC1	GNL1	GTPBP4	NIP7	RBM34	TMEM9B	NLE1	C15orf15	NVL	CEBPZ	GNL2	EBNA1BP2	PPAN-P2RY11	DDX18	NOC2L	SLC10A7	TEX10	WDR74	DDX55	SLC45A2
351	1.0	C12orf26	CHMP4C	PROM1	CHMP4A	CHMP6	SLC7A6OS	ZNF142	CHMP4B	VPS37C	SYT17	VPS4B	SNF8	PIGZ	MDP1	CHMP5	TSG101	MRPS7	VPS24	CC2D1A	VPS37A	VPS37D	CHMP2B	NXN	VPS25	PDCD6IP	VPS4A	CHMP1B2P	PTPN23	VPS37B	VPS28	MITD1	RAB17	MLXIP	GLCCI1	C7orf30	MAP3K15	CHMP2A	CEP55	KLF6	FABP3
352	1.0	OSTC	EFR3A	OR4C12	SFXN4	TSC22D1
353	1.0	ABCC4	NF2	C20orf59	SGSM3	RUNDC2A	LZTR1	SCHIP1	ANKRD15	ACADSB	SAMD14
354	1.0	GNE	CRCT1	TRDMT1	HYLS1	MRPS12	TDGF1	BTBD2	KLK10	CKMT2	PCDHA4	ORAI2	GC	CRADD	BBOX1	RBM48	GSTM4	APLP1	MLLT3	HMGB1P5	CCL18	CDKN2C	HBXIP	MAD2L1BP	PLEKHA4	MRPS6	ZNF24	TSPAN6	NP	PAEP	TMSL6	HSPB3	LAMA4	NRBP1	BOC	SERPINB9	ETHE1	COPS6	PSG9	PLEKHM1	OLFML3	C5orf13	MPHOSPH6	SULT1E1	ANKRD24	GDF9	TK1	CCDC90B	KLHL20	DDIT4	SMPD3	RNF10	RIF1	C1orf103	PAFAH1B3	DDN	CHMP7	IGSF21	AKR1C3	CCDC106	C14orf1	WDR62	SELENBP1	WWC1	COX17	MLL5	DLEU1
355	1.0	A1BG	CRISP3
356	1.0	C20orf12	GFI1B	PDZD4	ZNRF3	AGPAT6	ANKS3
357	1.0	C11orf48	LYAR	DHX57	PHF6	YTHDC2
358	1.0	CLDN19	TJP1	GJB6	CLDN5	GJA8	GJA7	GJB3	CLDN16	CLDN8	CLDN6	CLDN3
359	1.0	PLOD1	SRD5A1	LOXL2	PDIA3	SLC12A3	DCBLD1
360	1.0	ABR	EDNRA	EDN3	EDN1	OPRD1	ADRA1B	BDKRB2	TAC1	AVP	GRK5	OXT	RHO	GRM8	PTGIR	CHRM2	HTR2C	ACE	ADRB2	HTR2A	OPRM1	PENK	TRH	GPRASP1	KEL	CCKBR	CHRM1	CMA1	CHRM3	ADRA1A	GRK1	PDYN	KCNK2	EDNRB	TBXA2R	RCVRN	EDN2	OPRK1	AVPR2	GRM7	LTB4R	AGTR1	GRK6	GRM5	ADRBK1	LHCGR	PTAFR	TTC1	F2R	ADRBK2
361	1.0	LEFTY2	TGFB3	THBS4	TGFBR3	THBS3	FMOD	TGFB2	TGFB1	PZP	VASN	COMP	THBS2	LTBP3
362	1.0	GGN	FANCE	FANCF	DUS4L	CD52	C17orf70	GGNBP1	FANCL	FANCB	FANCA
363	1.0	CHAF1A	SUV39H1	CEACAM6	PFAS	UMPS	ITPKB	POPDC2	MYB	LBP	SPCS2	DNASE2	ZDHHC23	RIMS1	PUS7	C17orf42	CEACAM8	ETFDH	RFWD3	CENTG3	BTG2	IWS1	CHAF1B	CLEC4M	IRF6	LTBP4	MRPS15	CEACAM1	FBXO42	STMN3	C9orf151
364	1.0	DIO2	USP20
365	1.0	EBF3	ATOH7	EBF2	SERHL2	RNF13	PTCH1	PHRF1	IHPK3	MICAL2	C3orf23	RNF165	ZMYM4	XXbac-B461K10.4	EVX1	TDRD6	BAZ2B	OPLAH
366	1.0	ADFP	ABHD5	XDH	BTN1A1	PLIN
367	1.0	PEAR1	TENC1	SH3BGRL	APBB3	EREG	BTC	ERBB3	DOK4	ASTE1	DOK6	NRG4	NRG2	EGFR	SH2D2A	CMTM8	SLC30A6	SHC2	APBB2	ERBB4
368	1.0	PPFIBP2	PKP3	CDH15	CDH5	UNC13A	PCLO	DSG3	DSC1	PTPRD	PPFIA2	PKP1	PPFIA1	ERC2	PTPRM	PTPRF	PTPRA	GALNT13	DSG2	GALNT1	GALNTL2	PKP4	ARVCF	P2RX4	PPFIA4	DSC3	DNAJC13	PPFIA3	NYNRIN	AGTPBP1	GIT1	DSC2	MUC1	CDH3	DSP	P2RXL1	JUP	DSG1
369	1.0	SNAPAP	BLOC1S3	PRMT7	BLOC1S1	KIAA0240	METTL3	EBAG9	C10orf78	BLOC1S2	ZNF490	PLDN	DTNBP1	CNO
370	1.0	MRPL4	MRPL36	MRPL11	MRPL17	MRPL23	MRPL3	MRPL13	LASS5	MRPL15	MRPL34	MRPS9	MRPL27	MRPL46	MRM1	LETM1
371	1.0	USP40	DDB2	PTRF	VARS2	MNAT1	ERCC3	ERCC8	PGBD3	CDK7	GTF2H2	XPA	RRN3	GTF2H5	ERCC1	TTF1	TAF1A	ERCC2	GTF2H2C	GTF2H1	UBTF	TAF1B	CCNH	XPC	TAF1C	GTF2H4	GTF2H3
372	1.0	C6orf48	WFS1	CAPNS1	C8orf55	XPNPEP3	CLINT1	WSB1	SNORD52	TJP3	CLTCL1	GRN	ADCY8	ABCB11	INTS4	PSAP	ABCB4	HAX1	CLCA1	KIAA0513	SLC11A2	RYK
373	1.0	C11orf73	SAMD8	VPS54	GPS1	ITPK1	GFER	COPS5	TMEM67	RCBTB2	COPS7B	COPS4	COPS2	COPS7A	MTERFD1	COPS3	MYEOV2	COPS8	DOT1L
374	1.0	LOR	EVPL	CTSH	PSORS1C2	SPRR2A	SPRR3	SFTPB	PI3	CSTA
375	1.0	CPS1	KCNK3	CYP4B1	DFFA	ARHGEF28	ISCU	MLXIPL	C1orf57	PCTK1	FRMD6	YWHAQ	MYCBP2	TRIM21	TPH1	EPB41L3	FOXK1	SNF1LK	DOCK7	MLK4	SLC4A7	DOCK4	TLX2	PANK2	UCP2	DCTN6	KIF5C	PI4KB	TLK2	RASGRF1	GEM	EML3	KIAA1598	CRTC2	CEP152	FAM82C	MPHOSPH1	AKAP13	SAMD4B	KRT37	ZC3HC1	YWHAH	GBF1	FAM83G	FBXO45	SUV420H1	RIOK1	CDC25B	UCP3	KRT34	TESK1	TMEM185B	TJP2	FGD6	GREM1	TPD52L1	SON	SMCR7L	PPFIBP1	MICALL1	RALGPS2	YWHAE	REM1	HECTD1	PDC	YWHAB	KCNK15	PCTK2	SPIRE1	COX7A1	KCNK9	EDC3	PFTK1	RIN1	SPRY4	MDM4
376	1.0	PVR	FABP7	FAM20A	DYNLT1	TROAP	C2orf69	HSPB9	SCRN3	CD96	DOC2B	SCRN1	FAM20C	BHLHB5
377	1.0	GDF7	BMP8B	CHRD	BMP5	BMP8A	TWSG1	NOG	AMH	TLL1
378	1.0	TRIM16	C11orf1	SLC38A3	SETDB1	DAP
379	1.0	ZNF510	ZNF251	MAST4	SMAD1	RAB30
380	1.0	DUS3L	GAMT	GLE1L	VRK1	MFSD10	ACOT9	NXF5	RANGRF	TNPO1	SPPL2B	RGPD6	SCML2	RCC1	RANP1	SLC16A6	AKR7A3	TMEM194A	RAG2	SCYL1	XPOT	ZFYVE26	RANBP5	ZC3H15	POU3F1	AKR7L	NUP153	NXF3	KPNA1	DDX19A	AIFM2	CETN3	NXT2	ALAD	KLRC4	HTATIP2	SPATA2L	RRAGD	RGPD7	TTBK1	ARHGAP19	NXT1	SRP19	TPR	PRMT6	TNPO2	NELF	ZC3H14	CCDC22	NXF2B	CCDC104	KPNB1	QPRT	LOH12CR1	ANKRD54	OGFOD1	VRK3	TMEM48	RNUXA	NUTF2	NXF1	MTRF1L	ARFGEF1	MSL1	MPPED2
381	1.0	PDS5A	REC8	CDCA5	STAG1	PDS5B	WAPAL	CCDC63	STAG2	SYCP3	SMC1B	RAD21	ESPL1
382	1.0	CTLA4	CD24L4	MS4A2	CD79A	CD28	AXL	SH2B2	ZDHHC18	DOK3	PTPRC	PAG1	CENTD3	SLA	PLCG2	ITK	LRRC23	SYK	FCGR2A	VAV1	FOLR1	CMTM3	CD80	FCGR1A	PTPN22	GAB3	AOC3	ZBTB7B	LIME1	CD2	CSF1R	FCER1A	CLYBL	CD19	FCER1G	LAT	BLNK	NFAM1	GAB2	NCR1	SIT1	TRAT1	DAPP1	FYB	CD22	SH2B3	SHB	LAX1	LYN	CD86	SKAP1	CD72	SEMA4D	LCP2	UCK1	BANK1	MS4A1	SH3BP2	CLNK	CD5	ZGPAT	CD79B	GP6	LCK	FCAR	SKAP2	CLEC4C
383	1.0	GALNT14	GALNT12	MUC5AC
384	1.0	DUSP11	MYEF2	TROVE2	PC	PCCB	RBMS3	FAM10A5	DDX58	PURA	PCCA	GBE1	THEX1
385	1.0	COBL	DBNL	CYP4F8	NEURL4
386	1.0	AP1S2	NECAP2	LRP3	AP1B1	AP1M1	AFTPH	AP1G1	REN	M6PRBP1	RABGEF1	AP1M2	AP1G2	IGF2R	AP1GBP1	GGA1	AP1S3	C4orf16	AP1S1	M6PR	GGA3	GGA2	DNER	KIF13A
387	1.0	PICK1	SHARPIN	SDCBP	GRIA2	ACCN2	ACCN1	SOX4	PVRL4	GRIA3	GRIK1	GRIK4	GRID2IP	GRM3	GRIA1	FRAS1	GRID2	PRLHR	GRIP2	STOML1	CSPG4	SLC6A5	GRIK5	GRIP1	PRLH	SLC6A2	SLC6A4	GFI1	GRIK3	GRIA4	GRIPAP1
388	1.0	ITIH3	SPINT2
389	1.0	TRIM31	SETD5	SOX30	BANP	BAMBI	SPATA2	ZFAND6	C5orf55	UBXD5	FAM120B	DLG7	RFX3	AASDHPPT	ZNF646
390	1.0	VIMP	SYVN1	SEL1L	UBXD6	CYP2E1	ASPSCR1	UBXN2B	NPLOC4	UBXD2	VCP	VCPIP1	DERL2	FAF1	ANKZF1	HERPUD2	UBXD4	FAM32A	ZFAND1	UBE4B	SAMD3	UBXD8	UFD1L	UBXD1	UBXN1	UBXD3	NSFL1C	YOD1	CYP19A1
391	1.0	MUS81	FAM119A	EME1	FARS2	NHLRC2
392	1.0	TAF9BP2	TAF10	SUPT7L	TAF5L	FRG1	PHF8	TAF6L	TAF2	AL356585.3	SUPT3H	TAF1	TADA2L	UHRF2	GCN5L2	ING2	ANP32E	TBP	TAF8	TAF5	TAF12	TAF9	ATG4D	TAF9B	FAM107B	TAF4	TADA3L	TAF6	SP8	CHD1	JARID1A	BPTF	TBPL2	TAF7	TAF3	TADA2B	TADA1L	TAF7L	PCNP
393	1.0	PRKAG1	SLC2A4	CIDEC	HADH	PRKAG2	PCK2	ACACA	SLC2A1	G6PC	CIDEA	PRKAA1	PRKAB2	AKR1B10	PRKAG3	PCK1
394	1.0	OVGP1	PROL1	STATH
395	1.0	METTL4	CYP24A1	TMEM132B	TARBP2
396	1.0	EYA4	SIX2	C4orf27	EYA1	SIX1	SIX3	GBA2	LACTB2	DDX43	RC3H1	SIX6	SIX4	SOBP	EYA3	EYA2
397	1.0	PIGX	C7orf24	TYRP1	RGS17	TMEM115	OSTM1	TPBG	DCT	OPRL1	RNF38	PIGM	DAGLA	C6orf106	GIPC1	PNOC	TYR
398	1.0	DUSP22	MAPK8	MAP3K13	MAPK12	DUSP6	MAPKAPK3	DUSP7	DUSP2	DUSP9	DUSP1	MAPK9	MAPK13	MAPK11	PTPRR	DUSP8	C14orf100	DUSP3	DUSP5	MAPKAPK5	MAPK10	MAPK14	DUSP10	PTPN7	DUSP16
399	1.0	GSCL	RNF4	TRPS1
400	1.0	SH3BGRL3	SH2D5	GALNT11	ERBB2	MUC4
401	1.0	SLC16A7	BSG	PPIL2	SLC16A3
402	1.0	ZNF227	CDKN2A	CDKN2AIP	PLEKHA8
403	1.0	KRTAP3-2	FAM124B	ASMT	SFRS17A	AQP1	OTX1	CRX	BEX2	HOXA1	ZNF764	EBI3	FBXW5	MFSD3	C16orf48	DBF4B	CLDN2	CNNM3	KREMEN1	PHLDA1	M1AP	NRL	NPDC1	HOXB9	LRDD	C10orf62	THAP10	SPG7	CHIC2	WDR42A	C6orf165	SFI1	C1orf65	C18orf45	FASTK	ZNF440	ZNF439	THAP7	TRPV6	ZNF581	ZNF101	ATXN7L2	BAHD1	DHRS1	ZBTB24	TINAGL1	THEG	ADAMTSL4	ZNF205	PTCHD2	CPSF3L	CATSPER1	DKK1	PGLS	PVRL2	SLC35A2	ZNF426	KIAA0415	CCDC116	ZNF417	CDC42EP1	FAM76B	KRTAP4-12	ZBTB25
404	1.0	TFG	MAP1S	C6orf57	TLE3	PRRC1	FAM123A	TUT1	CHST14	KIAA1429	C13orf8	UBE2QL1	RNF135
405	1.0	TPPP	HIST1H1T	GSK3B	CABYR	RGS22
406	1.0	D2HGDH	PTPRO	PCYT1B	ABRA	DHRSX	PARVB	ACTG1	SETD6	DNASE1	FMN2	SSH2	CORO1A	AC114730.8	PARVG	NCALD	EPS8L3	CAPZA3	CNN2	UGT1A9	PFN3	FMN1	IMPACT	ESPNP	PARVA	TSTD1	SSH3	ACTB	PFN4	B3GALT1	LMOD1	LGALS13
407	1.0	TM7SF2	ARID3B	GPRIN1	PXN	CCDC80
408	1.0	SEMG1	PLAU	KLK1	KLK2	SEMG2	SERPINA4	RARRES3	TGM1	ACR
409	1.0	MTMR9	MTMR7	MTMR8
410	1.0	EHF	NLRC3	ELF3	KRTAP11-1
411	1.0	RHOJ	ARHGDIG	RHOG	GDI2	RHOF	ARHGDIA	RHOBTB2	ARHGDIB	RHOT2	STK17B	RHOT1	RHOBTB1	RHOH	GDI1	RHOV	RHOD	RHOC
412	1.0	DNAJA4	C21orf55	C2orf39
413	1.0	UXS1	CMC4	TCL1B	DLC1	MTCP1	TCL1A	AKT3	AKT1	AKT2	TCL6	THEM4
414	1.0	AZGP1	ITGAV	P2RY2	ITGB3	ITGA5	IBSP	ANGPTL3	EDIL3
415	1.0	POLR3A	GTF3C2	BDP1	ZNRD1	MAF1	MASTL	POLR1E	LPHN3	POLR3H	POLR3F	POLR3B	BRF1	GTF3C3	HDX	SLC33A1	GTF3C1	POLR3G	CDC14A	MAN2C1	POLR3K	GTF3C4	ASL	POLR1D	POLR1C	POLR3C	POLR1A	POLR3D
416	1.0	TEX9	DUSP13	C21orf91	C1orf111	CCDC85B	C7orf50	KIAA1539	CCDC131	SCNM1	CCDC112	ZNF821	C8orf48	TSPYL4	C1orf190	FASTKD5	FAM50B	CCDC67	C10orf18	CARD9	ZNF337	ZBTB5
417	1.0	PPP1R16A	CDH24	CXorf26	FSD1	INDO	TXNRD1	ANKMY2	LRRC58	RGMA	FAM101B	LY6H
418	1.0	FUNDC1	PDE9A	PHYHIPL
419	1.0	PARP4	HEBP1	ATP6AP1	HBE1	HBA1	HBA2	TTPA	HBD	MVP	ERAF	BHMT	HBG2	ALDH16A1	FABP1	LOC100133398
420	1.0	CDH17	BCL9L	FSCN2	CDH8	TBL1Y	TCF7L1	VEZT	SOX17	PYGO2	AJAP1	BCL9	SOX1	TCF7	HIC1	CDH16	CBY1	PYGO1	CA9	CTNNB1	CDON
421	1.0	IKBKE	HSDL2	PGRMC2	CISD2	CCDC58	FAM49B	TMED9	FAM128B	C6orf125	TMEM111	GLO1
422	1.0	C12orf4	GDAP2	MRPS33	C7orf43	C14orf50	DPEP2	CARS2	TMEM50A	SRFBP1	PLBD2	C4orf29	MPND
423	1.0	CREBL1	MBTPS1	MBTPS2	CPT2	ATF6B
424	1.0	LTF	FUT1	ITLN1	CEL	ST6GAL1
425	1.0	MMP1	HAPLN1	ADAMTS5	BCAN	MMP10	MMP3	MMP8	MMP13
426	1.0	TTC28	ATXN7L1	ZNF862
427	1.0	TIAF1	HTRA1	SCIN	FAM55B	MYO1A	MYH14	TPM2	KRT7	UACA	SRP9	MYO3B	DST	SPECC1	SERPINH1	GSTM1	UGDH	SMU1	SAFB2	C20orf160	FLII	WDR1	ABLIM3	S100A6	DUT	SPECC1L	CORO1B	RAI14	GMFB	NEXN	DAPK3	LUZP1	FUSIP1	GSTP1	SSBP1	SVIL	SYNPO	CFL2	TAOK2	CORO1C	LRRFIP2	LRP10	GSTM3
428	1.0	EHHADH	SCP2	ACAA2
429	1.0	RPL27	RPS14	RPS13	RPS18P12	RPS24	RPS16	RPS2	OSGIN2	RPL18A	RPL23	RPS5	AGXT2	RPLP1	EIF5B	RPS18	DUSP23	RPL31	RPS25	GSAP	RPL23A	RPL13AP25	RPL3	RPS3	C10orf97	RP11-592N21.1	RPL4	RPL12	RPL27AP	RPL10	RPL13A	RPL11	RPL24	RPL36	RPS4X	RPS9	RPL19	RPL10A	RPL14P1	RPLP0	RPS28	RPS17	RPSAP15	RPS7	RPL35	RPL14	RPS26	RPL6	RPLP2	RPL30	RPL35A	RPS19	RPS20	RPS19BP1	RPL7A	RPS10	RPL18	C18orf22	MTMR14	RPL13	AC004453.8	RPL27A	RPL15P3	RPL15	RPL5	RPS23	RPS6	RPS15A	RPS8	RPL7	RPL26	RPL22	RPL8	RPS11	RPL21	RPS3A
430	1.0	ZCCHC10	UCHL5IP	ATPBD1C	TTN	AK3	ACIN1	DIMT1L	C12orf41	AIFM1	C3orf26	DDX31	NONO	USP49	TRIM11	GALK2	FAM100A	RRAGA	DCD	WDTC1	EXOC4	NOL8	TREX2	THOC7	RBM39	ETV3	PRPF4B	LUC7L3	DDX3X	BAG2	TSPAN13	U2SURP	ZNF410	DDX21	ZNF281	DDX50	ZBTB45	SGK494	TMLHE	MYO3A	TMPO	NOLC1	TNFAIP8	SMC4	DNALI1	ADH5	FAP	DNAJA1	DNM2	MED31	FAM91A1	C8orf79	CHD9	TK2	TRMT112	MYBBP1A	CDK11B	PXMP2	RASAL2	SLC35B1	TARDBP	ARL4A	GRINL1B	RECQL5	TRMT11	DDX52	CDC2L2	FOXJ3	RPAP2	SMN2	MED12L	ARHGEF40	ZCCHC17	LYPLA2P1	GDAP1	ELL2	PQLC2	C2orf44	PARL	KATNAL1	SLC3A1	MTSS1	ADCY10P1	PNN	KPNA4	RRAGC	KPNA2	HDAC6	UBR5	NUMA1	HIGD1B	PAOX	N4BP3	PPIG	MYCBPAP	DDX20
431	1.0	GRIN2B	MYH11	CAMK2A	MAPK8IP1	RALA	ITPKA	RAB27A	PRKAR2A	PRKAR1A	ATP2B4	AKAP4	OXCT1	FGD4	ACCS	C21orf66	AKAP7	RAB11A	CDH2	FSIP1	AKAP9	AKAP1	C3orf15	PRKAR2B	PLCB1	FLNC	N6AMT2	CACNG2	RAPGEF3	PTPN5	GRIN1	GRIK2	CDH4	NF1	GAP43	PPP5C	MAP2	C2orf88	MAP2K3	ARC	DUSP4	NOS1	C10orf38	MAP2K1	RAP2A	GRIN2A	PRKAR1B	GRM1	PLCXD2
432	1.0	RBMXL1	CUTC	LNX1	RPIA	TIFA	SPEF1	DPPA2	ZBTB43	C8orf32	NIF3L1	FKBP6	RALYL	CCDC159	C6orf166	FBP1	VTA1	C10orf30	ZCCHC11	RWDD1	RENBP	ALS2CR8	COIL	GNMT	CEP76	DCTD	EIF5A2	NME7	BLVRB	GTPBP10	MYO15B	NT5C2	RAD54B	NUDT18	INPP5K	ARMC7	LMO3	PSME3	LNX2	THAP1	FXR2	PCBD1	ZBED1	KCTD13	MAGEB18	WDR25	SDPR	SPG21	KHDRBS3	CTPS2	PRMT8	EVI5L	SDCBP2	PLEKHF2	ENOX1	C19orf50	MBIP	C22orf23	APIP	DHPS	ZMYND19	RAB3IL1	KCNRG	HSD17B14	KCTD4	MAPRE2	NHLH2	EFCBP2	ZBTB8	NADSYN1
433	1.0	MYOCD	PPM1B	SPIN1	SAG	STK38	HIST2H2AB	SPIN2B	WDR77	BCLAF1	LRP11	NAT2	CLNS1A	PABPC4	CPNE1	SPIN3	ARHGAP21	KCNAB1	FASN	TWISTNB	HIST1H1A	SERBP1	PPM1A	AP3D1	TUBA1C	ZRANB2	NOLA3	PDE4D	DDX1	ACTBL2	H1FX	BOLA2B	CSDA	IGF2BP1	MAP7	TUBB2A	C11orf84	DGKE	NKTR	RBM10	VPS35	PFKFB3	HDGFRP2	LBR	CLIC1	ARD1A	POTEKP	RAB11FIP5	TRPV4	TUBA8	WDR26	HIST1H1C	C17orf79	SCYL2	AP3B2	NAT1	TCOF1	CSNK1A1L	NSUN2	CDC2L5	SRPK2	ERH	SDHA
434	1.0	SMAD3	ZNF329	ZDHHC4	KLHL9	ST6GALNAC2
435	1.0	NXPH3	ALS2CR12	AFF2	CAST	DRD4	CELSR2	CD97	SULT2B1	PALM2	SHANK3	AFAP1L2	EFS	APOL5	ID4	RHOU	MEPE	SRCIN1	SH3BP1	DOCK3	PAX7	EXTL3	ZPBP	RIN3	ZP2	SNX7	P4HA3	AKAP6	PDIA2	TYRO3	GLTSCR1	DUSP15	TDRD1	DLGAP3	PHACTR2	ISG20L2
436	1.0	TRAF6	TMEM109	C13orf33	DUPD1	OR10J1	TRAFD1	TARSL2	C11orf53	BRI3BP
437	1.0	MRE11A	RAD51AP1	C2orf13	C6orf26	DCLRE1C	PIF1	ERCC4	MDC1	RMI1	RFC1	CHEK2	MBD4	PMS1	BRCA1	RAD50	BAP1	BLM	RAD18	DCLRE1A	NHEJ1	XRCC3	FEN1	MSH6	PMS2CL	ATRIP	DTYMK	EXO1	LIG4	MSH3	TOP3A	MSH2	REV3L	MSH4	C6ORF26	NBN	HLTF	RECQL	RAD51	NFKBIL2	MLH3	C1orf59	ZZZ3	MLH1	PMS2	ZC3H11A	CCDC64	DMC1	ATMIN	RAD52	MSH5	WRN	FANCM	TDP1	BRIP1	ATR	RAD54L	CD109	OGG1	ZNF84	ATM
438	1.0	CCR8	CCL4L2	CCL1	CCL16	CCR1	CCL4L1
439	1.0	SNX26	CDC42SE2	OPHN1	DOCK9	ARHGAP27	SLC26A10	CDC42	CDC42EP4	DOCK8	FGD3	PLEKHG2	TBC1D3C	CDC42EP5	ARHGAP10	CDC42EP2	FNBP1L	CDC42EP3	TBC1D3	CDC42SE1	FGD1	ARHGAP24	DEF6	RAC1	ATPBD3
440	1.0	XCL1
441	1.0	TNFRSF18	HIVEP3	TNFRSF9	TNFSF4	WDR65	TNFSF18	TNFSF9	NT5DC2	FCRLA	USP53	TRAF2	PPIL5
442	1.0	PTGFR	HPGDS	HK3	PTGER1
443	1.0	YY1AP1	FAM193B	GON4L	ZHX3	FAT4	C11orf41	SFRS16	QRICH1	TMEM159	HECA	SYBU	ZNF276	PUM1	ZC3H7B	DMBX1	ZBTB32	GPATCH8	FAM48A	BATF2	BTG3	KLF11	TTC19	SIX5	WNK2	UNK	GCA	ZHX2	C2orf3	GMEB2	OTX2	PHPT1	R3HDM2	FAM46B	METT11D1	HSFX1	DCTN3	PLEKHA5	R3HDM1
444	1.0	ARHGAP26	ADIPOR2	RBBP6	TRPM6	WNT4	RAB3C	AMHR2	TMEM216	TLX3	PDLIM5	L1CAM	SYNE1	MAP3K6	PKN2	MAP2K6	TRPM7	RAB27B	ZNF655	ROBO4	INHBE	ADIPOQ	CRKL	JARID2	CHRAC1	PAK6	RAB26	HS6ST1	CDH13	KRT14	PTPN14	MIB2	WWP2	ISG15	ALDH7A1	G3BP2	TP53BP2	ADIPOR1	RPH3AL	SLIT2	C12orf11
445	1.0	PIWIL1	PRKRAP1	EIF2C2	PIWIL3	LRRC4	EIF2C3	EIF2C4	PIWIL4	TNRC6B	PDCD1	CD274	PIWIL2	SLC7A9	PDCD1LG2	OTOP2	DICER1
446	1.0	CPAMD8	TRPV2	ADCYAP1R1	PPEF2	CALM3	OBSCN	GLP2R	PTH2R	TRPV1	CALM2	GRK4	KCNQ4	GLP1R	LRRIQ2	PPEF1	CALM1	EMP3	IQCB1	KCNN2	SCTR	ARPP21	KCNQ2	ACE2	KCNQ3	KCNQ5	KIAA1683
447	1.0	CPE	BAHCC1	SCN3B	SPARCL1	ATP2B2	CLSTN3	SCN2B	PPIB	GABBR1	CLSTN1	APLP2	RAG1AP1	MFSD7	CALU	LINGO1	SCN1B	PDIA6	SRGAP3	RCN2	CNTN1	NFASC	HYOU1	TXNDC4	SPON1	ABHD11	PPP1R2	HSP90B1	THY1
448	1.0	KLF16	ANKRD11	C21orf7	SAP30	C20orf67	PML	PPP4R1	SP1	RBPJ	DACH2	GATA1	MNT	GPS2	ZBTB6	NCOR1	PPIL1	SUDS3	HDAC2	CBFA2T3	SP4	MXI1	SLC38A11	ZBTB16	HDAC3	CBFA2T2	ZMAT4	CBFB	PPARD	HOPX	HDAC5	MEF2A	TRIM33	BCL11B	SIN3A	HDAC10	HDAC4	BRMS1	FCHO1	IKZF5	ARID4A	HDAC8	TGIF2	MEF2D	POGZ	PHF12	RFX5	PROP1	SBNO1	GCM1	CTBP1	NR6A1	C14orf106	CORO2A	NR2F2	HEY2	IKZF4	NCOR2	SMYD1	MDS1	IKZF1	CCDC109B	C3orf33	LMTK3	MIER1	HR	SAP130	ZBTB7A	SIN3B	NR1D2	EFCAB6	GATA2	GTF2IRD1	LRRC45	THAP11	KLF10	SNW1	IKZF2	ANKRD50	DACH1	RUNX1T1	EVI1	PRDM4	NR2C1	MBD1	NR2E3	HDAC1	NR1D1	ATF7IP2	HESX1	TBL1XR1	HIF1AN	ZNF652	TXNIP	GSC	RCOR2	RUNX3	TBL1X	MECP2	LBXCOR1	HDAC11
449	1.0	TBC1D19	CKAP2	CACNA2D2	KIAA1409	GDF10	PKHD1
450	1.0	CTSG	KNG1	F3	SERPINI1	SERPINB1	AMBP	AMOT	PLAT	KLKB1	F12	KLK6	F13A1	TFPI2	CPB2	F2RL3	F2RL1	SERPINC1	PLG	TFPI	F5	SERPING1	ELA2	MMP12
451	1.0	TUBA4B	HSPA1L	TICAM1	ATAT1	MAP3K3	NFKBIE	TNFAIP3	MAP3K7IP2	C6orf134	GSTA3	ERLIN1	ANKRD28	C4orf15	MOXD1	RIPK2	RIPK1	CDC37	HEATR6	CARD10	TRPC4AP	TBK1	TRADD	JMJD1B	HSPA9	TNFRSF21	L1TD1	C9orf58	KIAA0692	NKIRAS2	TNFRSF1A	MAP3K1	RELB	MAP3K14	RPL10L	NFKBIA	BCL10	TIMM50	PELI3	CHUK	IKBKB	MAP3K8	HSPA6	TUBB6	EEF1A2	RPS27L	REL	NFKBIB	IGHG3	FAM92A1	C9orf89	TRIM44	ZNF512B	MYO1D	TUBA3D	NFKB2	MAP3K7IP1	SAPS2	TRAF3IP2	CCDC28A	TUBA3C	NLRP4	MAP3K7	CYLD	IKBKG	MAVS	TLR3	SPAG9	INVS	TRIM38	TRAF1	GLG1	KIAA1161	FAM129B	TNFRSF1B	TNIP1	RARS	RIPK3	TNIP2
452	1.0	LAMB3	ZC3H7A	COL7A1	COL5A2	LAMC2	BMP1	LAMA3
453	1.0	EXOSC8	PARN	C1D	FOXN3	LIPG	XRN2	HSD11B1	EXOSC5	SKIV2L2	MPP6	RPE	KIAA0372	DIS3	EXOSC7	TATDN1	ARHGAP18	EXOSC2	NRM	EXOSC6	C21orf56	EXOSC10	EXOSC4	MKRN1	USP21	FOXRED1	EXOSC9	PTPMT1	MTMR3	C15orf23	LRRC8D	EXOSC3	ZNF558	UPF3A	SMPD4	CDK5RAP1	EXOSC1	UPF2	WBSCR18	HIATL1
454	1.0	PRPF38B	ZNF295	YWHAG	HNRPCL1	USP37	TMEM102	CAMSAP1L1	LRCH3	KRT38	BAIAP2L1
455	1.0	PRCC	IFT52	OVOL1	FGD2	ZC3H18	RETN	GRINA	ARMC8	AKNA	DDX42	CLEC19A	CASC3	ODF3	WTIP	WIBG	C14orf102	SFRS2IP	RNPS1	ARSF	RBM25	KIAA0907	RBMY2FP	GALNT7	C19orf43	C21orf77	RP9	AL353354.1	ZMAT3	IREB2
456	1.0	PPIH	LSM6	PRPF3	LUC7L	SLU7	GPX4	LSM5	CCDC94	LSM3	SNRPEL1	RAB7L1	SERF1A	LSM7	CCDC49	PCID2	ADAT2	XAB2	BUD31	SART1	C20orf4	BUD13	DHX8	LSM4	RBMX2	RAB43	C9orf138	MYH13	ZMAT2	PRPF18	PPIL3	WARS2	TIA1	RMND1	PRPF19	CWC22	TFIP11	PATL1	PRPF31	SERF1B	PLRG1	CRNKL1	C21orf13	C4orf34
457	1.0	EIF1AD	PBX2	PBX1	HOXA5	CCDC88B	HOXB1	HOXC9	GMNN	HOXA9	HOXA13	PBX3	PITPNC1	HOXA7	HOXD10	HOXA11	HOXD9	HOXA10	MEIS2	MLKL	PKNOX2	AGTRAP	PKNOX1	CDX4	HOXD4	HOXB4	HOXB8	ZDHHC7	MEIS3
458	1.0	FAM107A	CEP170L	USHBP1	ADAM29	GGNBP2	KIAA0408	CCDC33	SOHLH2	TCHP	BEGAIN	PRC1	DGCR6L	PRPH	FATE1	LRRC4C	ABI3BP	CLEC1B	TTC8	KIAA1217	DBNDD2	ABI2	ANKRD36BP1	SPERT	TCEB3B	FBF1	TEKT4	RIBC2	WDR47	TRIM37	RCOR3	TRIM29	KRT81	CPNE7	SLC25A25	ZNF250	KRT20	C1orf216	JAKMIP2	GCC1	KRT15	EXOC8	PCM1	TREX1	NTNG1	OBFC1	APEX2	C9orf16	RHPN1	HOOK2	CEP72	C14orf140	ZNF638	IFT20	CCDC93	C20orf195	CALCOCO2	KIAA0774	ABI3	C10orf10	SDSL	KIAA1267	CCDC120	AMOTL2	TRAF3IP1	LDOC1	KRT19	USP2	TUBGCP4	NINL
459	1.0	PUS3	POLH	TTLL9	PAF1	RP11-22B23.1	ELP2	FAM86KP	DSCC1	DDX12P	SMARCAD1	BRD2	VPS8	CHTF18	UBE2N	HAGH	RTF1	AGBL2	DDX12	TRMU	PFDN6	AGBL3	JARID1D	YEATS4	SUV420H2	NSMCE1	BIN3	REV1	ACTR6	POLK	PFDN2	PLAA	SETD2	FOLH1B	VBP1	SPON2	UBE2B	ZNF710	USP22	ENY2	OXSM	BRPF1	SMPD2	SAC3D1	ELP3	C20orf191	ASF1B	PFDN4	ZNF366	CTR9	CFDP1	TUBG2	KIAA1009	KTI12	C20orf77	RNF170	SRCAP	STAP1	NAT12	MYO7B	VPS72	PFDN5	ATAD2	ANKRD12	WDHD1	ELP4	LEO1	JARID1C	KIFC1	USP10	ING4	MRPL10	MARS2	TBCE	ELOF1	NES	RNF20	UBE2A
460	1.0	IL16	KCNJ15	KCND1	ITPKC	KCNJ16	KCND2	KCNIP2	KCND3	KCNIP4
461	1.0	TMEM66	CCDC44	ABCB8	SAT2	SURF2	TP53AP1	CNKSR3	IFIT5	GBP7	TCF25	B4GALT3	SEPHS1	SNX15	FAM86C	SAT1	GBP2	C9orf46	TMEM166	ABCD4
462	1.0	TES	CCDC97	ENAH	SFRS15	WBP4	RBM17	RAPH1	DDX46	C3orf10	GPR88	VASP	EVL	LPP	CDPF1	WBP11	DIAPH2	WIPF3	DIAPH1	DNMBP	ABI1	C2orf28	C5orf22	WIPF2	NAPSA	CCDC123	CHTF8	SF1	CAPRIN1	WASF2	PQBP1	PSPC1	APBB1	NCKAP1L	CRLF3	APBB1IP	CYFIP2	CHERP	ERMAP	EXOC3L	FMNL1	ZNF207	CPSF6	ACTL7A	WASF1	GAS7	WAS	PFN1	KHSRP
463	1.0	WFDC2	HSPBAP1	PTN	DFNA5	SLC25A36
464	1.0	PKP2	INTS8	WDR68	KLC1	VGLL1	SAMD12	LMO7	RABEP1	PARD3	EIF4E2	PAM	LRRC15	NAV1	MARK3	TSC2	TSC1	NUDT14	ATP7A	CGN	GCKR	RAF1	MRPL52	CNTNAP4	TCP11L1	IRS2	ARAF	RNF128	KIF5B	RASSF8	RBJ	PVRL3	KLC2	HDAC7A	BAD	OIP5	PRKCI	PFKFB1	CDHR2	KIAA0556	RAB11FIP4	MAST2	KIF23	VAMP8	YPEL2	HUNK	ESPN	USP8	ANKRD7	KIF1B	SLC25A16	FBXO21	TRIM26	ODF1	STK10	PVRL1	SLC25A6	GCK	KSR1	BAIAP2	SPAG4	TIAM1	KIAA1546	FOXO3	MLLT4	NOL11	RAB33B	TBC1D4	C3orf63	FRMD4A	PAMCI	KIF5A	BRAF	PIM3
465	1.0	NLGN4X	DLG1	PTPRG	KCNA4	GRIN2C	SLC25A46	GRIN3B	DLG4	DLG2	GPR124	NRXN2	NLGN3	GLS2	DLG3	NLGN1	KCNA1	PDSS2	KCNA5	LRFN2	SEMA4C	NRXN3	CRIPT	GDA	LRRC1	KCNJ10	KCNJ4	NLGN2	KCNJ2	GUCY1A2	ZDHHC2	KCNA3	GPR125	SEMA4F	SEMA4B	TJAP1	S100A3
466	1.0	JAK2	LEPROT	DUOX2	ERAP1	CBLB	JAKMIP1	NUSAP1	CBL	IRF3	TYK2	JAK3	GH1	KITLG	JAK1	C12orf23	CDKL2	TRIM8	CISH	STS	TXNDC11	NEK3	SOCS1	CLEC11A	DUOX1
467	1.0	SETD7	HIST2H3C	HIST1H3J	HIST1H3E	HIST1H3A	HIST1H3C	HIST2H3PS2	HIST1H3D	HIST2H3A	BRDT	H3F3AP6	HIST1H3B	HIST1H3H
468	1.0	MMP7	MMP16	TIMP4	MMP14	SPOCK1	MMP17	LCN2	TIMP3	SPOCK3	MMP2	MMP9	MMP25
469	1.0	FGFRL1	HAPLN2	PDGFRL	DOK7	MUSK
470	1.0	C4orf20	CAPN1	SH3BGR	GPT
471	1.0	HLA-DRA	HLA-DOB	TRBV7-9	HLA-F	HLA-H	CD3D	TRDV2	HLA-DRB3	HLA-DMA	HLA-DPB1	HLA-DQB1	HLA-DMB	HLA-DPA1	TRAV29DV5	CD3E	HLA-DRB1	HLA-DOA	CD3G	HLA-DRB5	TRAV20	TRBV19	HLA-G	HLA-DRB4	HLA-E	TRAV8-4	TRBV12-2	TRAV19	HLA-DQA2
472	1.0	RAB3GAP2	PTPLAD1	IPO11	HEATR2	C11orf83	RAB3GAP1	OGFR	XPO7	SAAL1	SAMHD1	TMEM33	FANCI	C6orf211	ATXN10	UNC45A	TSPAN17	YTHDF1	PDXDC2	NUBP1	KIAA0776	WWC3	PHLDA3	TMCO1	MRPS10	NCAPG2	HEATR3	GSTK1	NCAPH	C20orf24	SEC63	MAGEA6	NUBP2	WDR7	DMXL2	HTR1B	RPRD1A	BRF2	SRPRB	TOMM22	CCDC47	DCXR	CAPG	XPO4	PDXDC1	MLSTD2	DNAJC11	NCDN	EHD4	TMEM11	SSR2	ARMC6	HSD17B11	TBC1D24	STYXL1	SSR3
473	1.0	SEC24C	TMEM64	SEC24B	SEC23A	SLC7A14	ZNF289	COG6	COPA	KMO	SFT2D3	GOLT1B	NPEPL1	STX5	ERGIC3	SEC24D	TMED2	COPE	SACM1L	ASNA1	COPZ2	GOSR1	SLC30A5	NKX6-1	DOPEY2	COPB2	CNIH4	SEC23B	PQLC1	KDELR1	CDIPT	SEC31A	COG3	ARFGAP1	COPZ1	REEP2	COPG	SLC7A4	VPS53	COPB1	SEC24A	STX16	ARCN1	GOSR2	CXorf9	SNX30	SAR1B	MEPCE	BET1	ARF1	IL27	BET1L	SCFD1	TMED10	RCE1	SEC22A	TMCC2	FMO1	XKR7	WDR79	COG4
474	1.0	PRIMA1	ACHE
475	1.0	CTSS	CPN2	RXFP4	SLPI	SERPINB4	CPN1	CTSK	CTSC	CST5	CTSL1	SERPINB13	SERPINB3	CST7
476	1.0	C2orf32	GCHFR	ARRDC3	GCH1
477	1.0	HAMP	NRSN2	SLC40A1	B3GNT4	DEXI	GOLM1	ZFAND3
478	1.0	LMX1A	ELF2	SSBP4	FKBP9L	IL1F5	LHX1	LDB2	SSBP2	LHX9	RNF12	LMO2	LDB1	SSBP3	LMO1	GATA3	TAL1	LHX2
479	1.0	MZF1	ZNF263	GLIS3	ZNF219	ZNF193	ZNF192	TMTC2	ZNF434	STK36	ZNF165	SUFU	ZNF167	MID1IP1	RCN3	MBTD1	ZNF446	SLC25A38	ZSCAN16	ZNF496	FRMPD4
480	1.0	KRT5	PRSS3	DMWD	F7	TLN2	CFH	APOC1	CR1	DERL1	TTR	ST13	APOA2	SACS	QTRTD1	PRSS1	TST	CFP	APOC3	APOA4	APOF	DMP1	SH3BP5	KRT6A	PPBP	FGA	OR8D2	AHSG	GPR77	C4A	CFI	C2	CST3	KRT16	C3AR1
481	1.0	GPBP1L1	FAM131C	TRPV5	TULP2	CETP	KCNMB1	GNPDA1	UBN1	CCDC7	HERPUD1	AMDHD2	SALL2	TSPAN3	IMPA2	CXADR	KRIT1	ELAVL3	MRPS18B	SLC1A1	CEACAM5	NBPF3	C14orf32	CALB1	POU4F1	IMPA1	NSUN4	ARHGAP39	RNF183	CD177	RMND5B	PRUNE2	PRTFDC1	TMSB4Y	C10orf12	ZMIZ2	CUEDC2	CCDC91	C13orf21
482	1.0	ELF5	NOMO3	CCDC136	PPIC	RSRC2	TRIB2	MIF4GD	ZBTB22	FGFBP1	SCG5	ZFPM2	NME3	COL8A2	MLLT6	KLHL26	WAC	KLHDC5	C19orf10	ARL4C	COL8A1	RAI2	AREG	HAVCR1	LAT2	SPINT1	NOTCH2NL	CD99	EAPP	ERP27	SRGN	C11orf49	TMEPAI	CCDC14	VIPR2	VIP	ADPGK	SCG2	HK2	ATPIF1	ZDHHC3	SPTBN4	ANKRD41	PTPRN2	UBQLN2	NOMO1
483	1.0	PRRX1	PYDC1	CREBBP	PHOX2A	BACH1	MIA3	CREB5	RAGE	ALKBH4	CCDC76	MAFG	NFE2L3	MAFF	MAF	TECPR1	FOS	SNRK	TCF20	ETS2	JUND	JUN	MAFA	TSC22D3	BARX2	H2AFY	UTF1	HOXD12	ATF2	ETS1	ATF3	NFE2L2	CCDC98	SPI1	SPIB	JDP2	NFE2	ZBTB2	NFIA	CEBPB	ATF1	UIMC1	ERG	HNF1B	MAFB
484	1.0	EGFL7	MFAP2	ELN	COL9A3	COL5A3	COL6A1	COL2A1	LACRT	COL5A1	LTBP1	NID1	ITGA11	SPARC	NID2	MFAP5	WISP1	ECE1	FBLN1	OLFM3	ZBTB1	TMPRSS6	COL14A1	THBS1	MAG	CHAD	LOX	BGN	FKBP10	LOXL4	PCOLCE	FBLN2	GGTLA4	DPT	COL9A1	FBN1	DCN	ITGA10	PLXDC1	CD36	FBN2	LOXL1	COL1A1	LAMA1	MYOC	FCN1	COL13A1	PRELP	HSPG2	WHSC1	NT5E
485	1.0	CMPK	RRM1	DAD1	RAB5C	SEC11A	ECHS1	TPP2	CLIC4	SFXN1	AFP	PREP	ICT1	NASP	RANBP1	FABP5	MRPL40	TMEM4	PDCD5	YARS	BTF3	KCTD12	C14orf156	TAGLN2	MIF	ALDH9A1	UBE2V1	PDIA4	SEPT2	ERP29	FKBP3	PGRMC1	LTA4H	RIPK5	VMA21	PNPT1	COQ7	KIAA0152	ACAT1	AKR1B1	APRT	TFRC	DDT	CREBL2	TKT	SBDS	MTPN	NPEPPS	RAB21	AKR7A2	PDXK	SLC35B2	UCHL1	GLRX5	MCTS1	LRRC40	ACAT2	NUDT5	HINT1	MCC	PITPNB	TXNDC17	APEH	CLPP	HLA-B	HSPA4L	CUTA	KIF4B	KATNAL2	CKMT1B	TBCA	SAR1A	HPRT1	ESD	TMA16	ADSS	CACYBP	XPR1	EEF1D	C11orf58	GCLM	GLOD4	C9orf32	CSDE1	RAB14	TSFM	COTL1	LRRC59	PYCR2	LAGE3	CRYZ	PLP2	TSN	FHL1	MRPL14	TATDN3	AK2	ZNF253
486	1.0	CHST12	UGCGL1	TMEM62	NUDT9	C10orf118	TFB2M	ZNF287	APOD	SUSD2	TFAM	C13orf1	UBE1DC1	TFB1M	COMT	UBE2Q2	POLRMT	KIR3DS1
487	1.0	HEXB	LGTN
488	1.0	TXNDC10	RRP7A
489	1.0	NR5A1	TBX19	ZNF653
490	1.0	NFYC	ZYG11B	AP3M2	POU2F1	COQ9	HPS3	SAP30BP	GLRX2	REXO1	CXorf45	POU5F1	MIPEP	TYMS	ADAMTSL3	HEXIM1	EXT1	FOXD3	C18orf16	MRPL22	RAB40C	POU3F3	MSX1	SOX2	KRT82	FOXC1	TAF1L	NEURL2	CREG1	SLC39A9	HPS6	DGKQ	SOX8	DLX5	ZER1	SOX18	HMGB2	RPAIN	CAND2	FEM1C	POU2F2	DLX2	POU2AF1	DRGX	GSTT1	DNPEP	WWTR1	POU3F2	EMID1	LRRC41	SUB1	C1GALT1	PITX1	ACTR10	KRT36	ZNHIT3	CTSF	NPAT	EMID2	VGLL4	STON1	RNF138	ZNF148	PRRX2	EGR2	GDPGP1	FAM161A	USF2	DIP2A	SOX11	ZNF330	PPRC1	FOXF2	NFYA	DR1	USF1	NKX2-3	VGLL2	DRAP1	NFYB	SMS	TFPT	HOXC4	POU3F4	ETV4	NAB2	TMEM16H	C8orf47	TEAD1	USP33	MAZ	HPS5	PITX2	NAB1	MSX2	HIC2	GTF2B	MS4A14
491	1.0	GALNT5	C9orf117	NKX2-5	LUM	MSANTD1	PTP4A2	RND2	CNNM4	NDST1	ALG14	CAMTA2	ZNF331	EXT2	PPM1L	ZNF212	TBX5	MTX2	MEOX2	KRT31	ARHGEF10L	SAMM50	DGKB	CHCHD6	RND1	CREB3L2	ANXA9	DOLPP1	PCDHB5	FKRP	MTX1	MEOX1	PTP4A1	PAX1
492	1.0	HPS1	HPS4
493	1.0	DDX51	CHIA	PABPN1L	EIF4G3	DEPDC5	MRPL12	PARS2	CDC123	PIGB	ARHGAP15	AASDH	DDX5	EIF3CL	NARG1L	KRI1	EIF2S2P4	EIF2B4	ASNS	POLS	LSM12	FBL	EIF2B5	SPATA5	NOL5A	ABCE1	TMEM16K	POLR1B	C17orf39	NAF1	EIF2B2	SHQ1	GMPPB	NOLA1	RPL7P1	LIPT2	MDN1	TEX261	BRSK1	XYLB	COQ4	RPLP0P6	PWP1	LARP2	MRPS16	ABCF2	KIAA0664	DHX15	HIBCH	LARP7	DRG1	MIOS	HISPPD2A	IMPDH1	SNORA67	DDX3Y	NOLA2	PABPC1	TMED5	C14orf172	TYW1	DKC1	RPSAP58
494	1.0	KCNJ1	SDF2	ADORA1	EDG2	MTNR1B	GNG12	GNA12	PLP1	GNRH1	GDE1	GNAT1	F11R	GCGR	CXCR4	C4BPA	HSDL1	DRD1IP	FPR1	PMP22	TSHR	C5AR1	GULP1	BRI3	LRFN1	RG9MTD1	SNX13	RIC8B	ASGR1	BACE1	MTNR1A	RGS10	STT3A	NRD1	GNRHR	DRD1	CLCN7	GAST	CD14	CANX	SCARB2	RASD1	DRD2	GPSM1	GPR17	ASGR2	GPR50	RGS11	RGS7	GBA	CHRNA7	CADPS2	CD47	ATP6V0A2	EDG1	GCG	CCK	GNB5	GNA13	ADRB1	NUCB1	FURIN	IL8	CLIC6	SIRPG	SAA2	BOLA1	GNAZ	PTGS1	CES1	ITM2C	RGS12	ZP3	CAPSL	HCRTR1	LDLR	LHB	PRAF2	AGTR2	RIMBP2	DRD5	MFI2	ZP4	POMC	TSHB	MEP1A
495	1.0	POLG	POLG2
496	1.0	INPP5E	ETV5	ZNF418	APOL2	AK5	FAM116B	SPDEF	ZNF313	SYT16	SYT14	CPNE6	AR
497	1.0	STX11	TRIM69	EFHD1	SLC38A2	TAP1	KRT33B	TAPBP	ZFAND2B	TAP2	TCHH	PLEKHJ1	MAGEA1	MAGEA4	SEC14L1	TMEM24	ZFAND2A	TSPO	HLA-C	BZRAP1	MRP63
498	1.0	SAV1	TSPAN11	CINP	IMMP1L	SLC7A2	CLUAP1	CNPY4	USP6	SLC7A3	ALS2CL	PHOSPHO2	NAGLU	IMMP2L	CCDC135	DYNC2LI1	ANKRD44
499	1.0	ODF2L	CHP2	MARCH6	SLC9A4	FAM178B	PIPOX	PHF23	CHP1	PRSS23	ELL3	REG1B	MGAT4B	PDDC1	PPIAP29	ZNF598	SLC9A5	LRSAM1	ZIC4	NCAPD3	PHYHD1	GPR108	KIAA0892
500	1.0	RIN2	NR2C2AP	TTLL4	BAG1	BAG4	IHPK2	FKBP4	KIAA1333	GLRX	APOBEC1	GLMN	ATOX1	AHSA2	STRADA	HSPB7	LST1	DNAH1	STUB1	CRYAA	STK11	GPR37	HSF1	PIM1	GZMA	STARD13	KRT1	HSPA4	DYNC1I2	SIM1	AIP	NR2C2	CDH1	PTGES3	LGALS7B	CRYAB	EIF2AK2	HSP90AA2	APOBEC2	ALS2CR2	TRIM58	IGHA1	APOB	CHORDC1	DYX1C1	LOXHD1	CRYGC	HSPB6	ITGB1BP2	VHLL	NR3C1	HSPB8	GRPEL2	GBAS	HIF3A	NUAK2	NR3C2	SEC61A2	SLC5A1	HSPB2	BAG3	PTMS	UBE2Q1	FKBP5	SLC34A1	WDR6	DNAJC5	SOX9	SLC13A2	ATP7B	PDE2A	ACCN4	HIF1A	KRT9	TRAF7	ACCN5	LGALS7	ANP32C	C9orf61
501	1.0	FECH	CTNNA1	OPA1	VPS26B	HSPD1	ZNF322A	E2F7	STIP1	SFXN3	HSPA8	VDAC2	UBL4A	METTL7A	INPP5D	LMNA	APEX1	DNAJC6	USP26	WDR16	HK1	NARF	CXorf56	TRIAP1	C20orf116	FLOT2	SMYD3	SORT1	TOMM70A	CASP12	SERINC3	DHRS7	PLOD2	SORCS2	HSPA1A	PRKRIR	FKBP7	FAM120A	HSPA5	MSR1	FAM84B	PDRG1	HSPB1	CDK5RAP3	RPAP3	UFM1	PGAM5	TMEM43	KRT10	PPCS	HSPA1B	FANCC	DNAJB1	MMRN1	TM4SF1	TGM2	MME	TSSK6	S100A7	HSPA14	KDELR2	WIZ	RUVBL2	NQO1	C3orf28	IRAK2	DPCD	OLR1	ACADVL	ALOX12B	KIAA0133	DNAJC3	TERT	XRCC5	RCN1	RUVBL1	ZNF239	NFKBIL1	E2F8
502	1.0	NOTUM	WNT1
503	1.0	PXDN	CD207
504	1.0	EMILIN2	EMILIN1
505	1.0	SPINK7	LOC100288160
506	1.0	TTC36	HPD
507	1.0	KIAA1731	COLEC12	EXOC1
508	1.0	NPNT	ITGA8	ODZ2
509	1.0	FAM192A	ARL1	IKBKAP	SQSTM1	TUBGCP6	SUCLG1	LRPPRC	MMS19	FANCD2	SSR4	TUBG1	TRIM28	KIAA1967	IQGAP3	MCM7	ATP1A1	EP400	XPO5	TRUB1	SMC2	RPN1	SPTLC1	ASS1	FBXW7	SARS	GANAB	UBR2	GTF2I	SLC25A13	ARHGEF2	LONP1	PELO	RPN2	MRPS22	MAPKAP1	HUWE1	CSE1L	DNAJA3	SEC61A1	NCAPH2	SLC25A12	FXYD2	DPM1	DPF1	OAT	ATP5J2	IGF2BP2	KIAA1875	ATP2A2	IQGAP2	MARS	RNF34
510	1.0	SOX6	WDR76	GLYR1	XRCC6	PARP10	C6orf153	JAZF1	CDYL	PBLD	NLRP2	C15orf41	GAL3ST4	ZNF44	GATAD2A	SUPT6H	FOXK2	NPM1	RPS6KA5	C8orf53	POLE2	NAP1L4	BCCIP	POLE	EPM2A	TPP1	TTLL10	ARL5A	NFU1	PTMA	PRMT5	IDE	MRFAP1	JARID1B	TOP2A	UTX	SIRT1	CPOX	UTP14C	TOP1	LALBA	SMC3	MTF2	PPA2	CYB5R2	DHX30	PARP3	SMC5	CUTL2	CHCHD2	RNASEH2A	ACSL1	CENTB2	TRRAP	HIST1H1E	PRR14	GPD1	POLE3	TLK1	MRPS2	NME2	CBX5	CPA2	BAT4	CSNK2A2	CSNK2B	SHOX	CBX1	SMYD5	PDE10A	RBBP7	SRBD1	RICTOR	SMARCA5	COQ10A	RNGTT	KLF9	TP53BP1	CSNK2A1P	PPP1R7	LY6G5B	B4GALT1	ISCA1	PHB	SURF6	C6orf167	NBEAL1	HIRIP3	ZNF703	TLE2	CBX3	HIRA	RBBP4
511	1.0	GRID1	SRL	VAC14	NANP	DFNB31	RAB8A	UGCG	SYT1	RAB11FIP3	ABHD14A	MOBKL1B	CCDC41	EXOC7	COL4A3BP	CNTNAP2	FCHSD2	DHX33	CABP1	TRAK2	KLHL17	MYO5A	CTNS	CALCA	CADM1	EXOC3	C11orf56	KRT78	BAIAP3	NHS	KCNJ11	KCNH5	SYTL4	SH2D4A	AUH	CAPZA2	CASK	C6orf15	CPEB1	DAPK2	ZDHHC6	RABIF	ABHD14B	RTN2	AP3M1	MLPH	KLHL10	SYT3	DYNC1LI1	CLTB	NRCAM	DDX17	INADL	SESN3	PRDM12	SCNN1D	ACCN3	UNC13D	SEMA4G	WNK1	ANKRD13A	PIGR	EPB41L1	PTPN9	SYT9	RNF40	CACNB3	ZSCAN5	FOXE1	SPTBN2	KCNJ8	MYL6B	STXBP1	SYTL3	SYNGAP1	MRRF	EHD3	C2orf76	PCSK1	GRASP	SPTB	TOM1L2	SV2C	SCNN1B	LMNB2	SEMA6D	BRK1
512	1.0	INSRR	MET	CAPN5	PTK2B	GRB7	INSR	PLCG1	PTPN2	PTPN11	FLT4	IGF1R	FES	ENPP1	PITPNM3	NTRK3	THAP2	ZFP2	PIK3R1	PTPRH	KHDRBS1	LTK	GRB10	RASA1	DOK5	SOS1	SHC1	PTK2	BCR	NTRK2	PTPN1	PIK3C2A	CAPN11	IRS1	GAB1	RAPGEF1	PTPN12	MST1R
513	1.0	PLD2	MCAM	CAV3	NEU3	SH2D3C	ARHGAP32	ITGB4	PKD1	HMOX1	NOSTRIN	CD2AP	GJB2	CNTN4	ITGB8	PECAM1	NOS3	HTR1F	BCAR1	CAPN2	YES1	DES	SH3PXD2A	CEACAM3	CLIC3	NPHP4	TNNT2	NPHP3	RUFY1	ADAM15	GJB1	RPS6KA6	DAB2	TNFSF11	TGFB1I1	SH3RF3	JPH2	ITGB6	ITGB7	CAPN3	CDCP1	WASL	DDR2	PRKCD	PACSIN3	BST1	TNC	CAV2	NPHP1	CAPN7	ARHGAP5	PDE6G	CSNK1G2	PTPN21	CSK	CAV1	TNS1	ITGAE	PRKCH	PITPNM2	DYSF	EFNB1	SORBS1	MATK	DGKA	SLC9A2	SH3PX3	ADAM12	GJA3	MPZL1	AQP3	ALCAM	MAPK15	ITGB5	GJA1	MYL2	SORBS2	CAPN9	BDNF	PRKD1	SRC	KIAA1219	NEDD9	CAPN10	CSNK1G1	PTGS2	ITGA9	NOS2A	MALL	ADAM9
514	1.0	C20orf52	MPV17	UBE2G2
515	1.0	RBMXL2	SFRS10
516	1.0	TRIM39	TRIM17	UBTD1
517	1.0	LRRC3B	FEM1B
518	1.0	TUBB	TUBBP2
519	1.0	GLRA3	NDRG3
520	1.0	CRB2	IQGAP1	AP2B1	SYNE2	VAV2	SESN2	TMOD2	SESN1	CD59	VAV3	AP2A1	POLQ	PDCD6	SPSB4	CTTN	FLNB	RACGAP1	CLN5	TUBA1B	SLC41A3	MEA1	SPSB2	RTDR1	PPP1R9B	NUBPL	AP2M1	FLNA	DHX58	SLC26A8	SPDYA	NCR3	CAMK2D	SLC6A10P	PPP1CB	CPD	SLC6A8	KRT18	SPTAN1	SLC5A7
521	1.0	SSH1	PRDX1	GK5	SPTBN1	GRWD1	PLS3	DBN1	LUC7L2	LRRFIP1	SEL1L3	CBR1	C3orf19	C14orf147	FSCN1	MYO6	TUBB3	PPP1R12A	DLD	C1QL3	ATP5A1	DLSTP	LIMA1	ARPC5	SLC25A21	LAPTM4A	MYH9	MYL12B	MYL6	THRAP3	ANXA2P3	ACTG2	SLC35D1	ARPC3	C1orf77	ARPC1B	MRPL28	NAT6	PLEC1	SRSF10	ACTR2	EIF4A3	KRT17	RPS26P10	CFL1	MPRIP	ABLIM1	MYL12A	SAPS3	ANXA6	DDX39B	ACTC1	MYO1B	CAPZB	RPS26P8	KIAA1543	SSFA2	PCMT1	SRP14	PPIAP22	NRK	DNAJA2	ARPC2	SLC25A3	MYO1C	SARNP	AP2S1	IMPDH2	PAWR	TTLL3	PPIA	KRT8	SLC25A4	ILF3	MYH10	OTUD5	TUFM	TMOD3	KRT27	HADHB	GSN	ARPC1A	SHMT2	MATR3	HGD	BAT1	ACTR3	PDLIM7	ATAD3A	PHGDH	TPM1	ARPC5L	AARSD1
522	1.0	DPP9	INMT	C9orf95	KIRREL2
523	1.0	OSGEPL1	C1orf50	LRRC47	AHCY
524	1.0	TMEM9	C20orf30
525	1.0	CHN2	PPHLN1	HTATIP	IMMT	IVNS1ABP	NPM3	SLC25A26	BRD1	PIAS4	CDK5RAP2	C20orf39	C7orf36	ATRX	PBK	VOPP1	PTPRZ1	MKKS	LPL	RBM23	GSTO1	SLC27A6	C1orf174	HMOX2	SCAPER	PLXNB2	STAU2	UBL7	BRD7	MAP7D1	HABP4	KIF15	GADD45G	CACNB4	ING5	FEZ1	MAP1LC3A	ACTR1B	C9orf25	ATAD5	FTH1	MBD6	AGR2	CCDC99	KIAA1377	IK	STC2	LPPR3	SRRT	TOMM20	TXNDC9	DNAJB11	C9orf82	GLYAT	PTPRS	HMG2L1	CRELD1	TAC3	SDCCAG3	MAN2A2	PFDN1	C16orf24	OFD1	CCRN4L	GPRASP2	BARD1	RECQL4	STAR	PTH	AKTIP	PRG2	DUSP12	CHD3	FAM135B	OGFOD2	ULK2	PLSCR3	MBD5	NAT9	ABCA2	DIS3L2	UCP1	KIAA1549	ADAM11	NIPBL	FXR1	IQCG	NAP1L5	FAM134A	BAT3	CADPS	MAGEH1	FBP2	C7orf20	CDKN2B	SIRT6	C4orf17
526	1.0	FAM203A	TRIT1	C8orf30A	C17orf61	APOM	FAM45A
527	1.0	TRMT2A	ATG16L1
528	1.0	C10orf88	ARMCX3
529	1.0	MAPT	PIN1L	USP9Y
530	1.0	CTSB	RECK	SPP1	LMBR1L	CD8B	MST1	CD93	IGHE	CTGF	MARCH8	PCSK2	DEFA5	MT1G	APCS	SLC39A11	BCAM	LGALS1	GAL3ST1	COL6A2	BPI	ADAMTS4	TIMP1	SECTM1	APBA2BP	HLA-A	CR2	KIR3DL3	CD7	PLA2G2A	CD55	JPH3	XK	ITGB1BP3	PLA2G4C	PCDH18	LIM2	LCN1	DEFA1	ITIH2	MBL2	HBEGF	S100A10	PLAUR	FYTTD1	PRSS2	PROCR	DEFA3	COL25A1	IAPP	USH2A	LGALS3	CD8A	SEP15	MUC16	NCAN	CHGA	MSTP9	CTSE	CTRL	PUNC	JAM2	ITGA2B	AUP1	FBXL2	FSTL3	ARSA	FBXO2	CRP	COL6A3	THPO	TMEM22	CLEC3B	SDC4	PF4	LMAN2
531	1.0	EFCAB1	PCBD2	PLEKHA2	FLYWCH1	PLXNB1	PRKCZ	TRIB1	SNX2	ALOX12	CLDN4	SLC39A2	ITFG2	MDK	CENTG1	ELMOD2	ROS1	CLCN2	TGFA	C19orf6	PLA2G1B	PSTPIP2	CLDN1	UBL5	CEP57	CSDC2	IFI6	ARSE	PLEKHA1	GNB1L	PRAM1	CNN3	MPDZ	MAPK4	SNX4	CD6	STAP2	PTPRB	MIP	NISCH	ADNP	FLT3LG	GABRR3	KIDINS220	KPTN	CRTAM	CAMLG	TBX21	ROR1	CDH11	COL11A2	PTPRJ	ADAM17	ADAM10	RNF6	ARMC4	ABP1	ADAM23	ATP2A1	PTK7	CIB1	USP47	ABCG5	IL1RAP	NBR1	PDZD2	AGK	SEMA6A	PTPN3	LAMTOR2	SEMA3F
532	1.0	MXD4	TCP10L
533	1.0	CAB39L	BCKDK
534	1.0	CDR2	FOLR2
535	1.0	CENPB	TIGD6
536	1.0	GPATCH4	MAB21L2	JMJD4
537	1.0	C6orf203	STRAP
538	1.0	ZNF579	LY6G6D	TUB	DDEF1	LPHN1	KCNV1	SHANK1	SYP	KCNB2	SNX17	SNX12	NCKIPSD	SIGLEC7	EML1	ECT2	GAS6	RPP38	RIMS2	DENND1A	YTHDF2	CENTB1	CNTNAP1	MAP4K3	PANX1	SLC23A1	ZNF587	FUBP3	ELK3	LPHN2	HYAL2	C6orf21	RP1L1	GRIN2D	ZNF274	PNMA2	FLT3	PIK3AP1	PRX	CXCR7	CHRND	P2RX7	IFT80	DOCK1	DLGAP1	GBP3	DLGAP2	SHANK2	SCARF1	SOCS7	F2RL2	DLGAP4	TGOLN2	MAP4K4	TPX2	ELMO3	ST5	MERTK	MYRIP	ASB16	JUB	SHKBP1	CNGA1
539	1.0	PDPN	BAZ2A	SYNJ2	AGER	A1CF	USP6NL	OCIAD1	SUV39H2	TTC5	HAAO	TRAIP	THSD7A	PTPN4	IFFO1	PLCD4	ANK2	ZNF7	MAP4	CYP4F2	GSS	SNX3	CUGBP2	DDX41	DDEF2	NFS1	SNX8	HMGN2P8	S100A12	AIRE	HMGN2	VPS13A	HOMEZ	LIG3	ALOX5AP	TOM1L1	NKX2-1	FOXH1	RALGPS1	HOXC8	GAD1	PAX3	NBEA	RAG1	GM2A	TSSK2	CKAP5	ALOX5	BRCA2	CGGBP1	ARHGEF11
540	1.0	SGTB	CRIM1	TMEM203	C9orf23	ZAN	CRISPLD2	C16orf52	ATAD1	AC007318.5
541	1.0	GDPD3	GDPD1
542	1.0	ENTPD1	RANBP9	MPHOSPH8
543	1.0	BCAT1	IARS2	SGK2	SEC14L5	FBXO33	KYNU	ATPBD4	CTDSP2	C12orf10	YME1L1	C9orf103	MGLL	DPH2	SLC35F5	REXO1L1	GPD2	MUC17	C1orf34	SUGT1	MAK10	SRXN1	FIG4	NSMCE4A	WDR45	SLC24A4	REXO2	GFM2	TMCO4	PI4K2B	LTB4DH	SLC30A1	WDR45L	KIAA1147	C1orf121	MAGEB16	C9orf52	CCBL2	HERC6	SDHC	LACE1	MBOAT2	FMO6P	NUDT10	ADCK2	ABCC1	MOSPD2	SLC16A14	ALKBH8	CTDSPL	SLMO2	GGT2	MDH1	TRMT1	GGPS1	SORD	ZDHHC15	PROSC	SLC26A11	SLC16A12	AMMECR1	TUSC4	MSRA	XRCC6BP1	SEC14L4	AMMECR1L	DUS2L	TTC4	THADA	NUDT11	SLC20A1	REXO1L7P	PDK4	ABHD4	PRPS2	SOAT1	HORMAD1	C22orf25	CARKD	NANS	UNC50	TRMT5	DUS1L	PDP2	PARP14	GGT3P	COQ2	HSPE1P11	AADAT
544	1.0	TTC17	SESTD1	UFC1	HACL1	UGCGL2	TDO2	SLC15A2	PAPLN	COX11	C1orf26	CLCN5	FAM86B2	PPAPDC1B	GSTCD	CKB	GYG2	ETNK2	COX4I2	EPN3	C7orf26	NHEDC2	SLC37A2	FLAD1	SRPK3	ASMTL	GALE	METTL1	KLRG1	COX15	WDR4	ASB9	PRODH	SCO1	SLC25A39	CYB5D2	RILPL1	GYG1	ME3	CRBN	TRIM7	COX17P1	WIPI2	SLC12A5	OSBPL9	AGPAT4	LEPROTL1	C1orf123
545	1.0	TMEM223	EEF1G	EID2B	CENTA2
546	1.0	MAP7D2	SUMF1	TRSPAP1
547	1.0	APC	RP1
548	1.0	MBP	EFHA1
549	1.0	ZNF2	ZNF382
550	1.0	C6orf105	ACADM
551	1.0	NOL12	KIAA1191
552	1.0	CCNDBP1	ZNF334
553	1.0	KLF3	KLF8	CTBP2	CASZ1
554	1.0	IFT122	SPO11
555	1.0	SRPK1	PRM1	C20orf42
556	1.0	C2orf34	RNF157	AGRN
557	1.0	IARS	CBS	EIF5AP1	PGAM2	NARG1	PKM2	SLC25A34	NAP1L1	FAM62C	AGPAT1	ME1	PKLR	ORMDL3	GFPT2	PGD	EEF1AL3	CAD	PFKP	VDAC3	AARS	CNDP2	ACO2	WDR48	NARS	PPIF	EIF2B1	ATP6V1B2	TMEM87B	PITRM1	TUBB2B	NAT5	VARS	HSPH1	PGK1	MDH2	THOC2	SPCS3	CORO6	PRDX5	ATP6V1A	PDHB	FPGS	CRLS1	LARS	CCDC90A	GPI	HAS3	GCN1L1	GCLC	SLC25A29	EIF2B3	EPRS	HMGCLL1	ACSS2	MTHFD1	SAPS1	CBWD6	TUBB4	AIFM3	FRY	ACSL4	GK2	GARS	EEF1B2	EIF6	DHDH	TUBB2C	HMGCS1	DARS	ABCF3	FARSB	PRDX2	GAPDH	HDLBP	FVT1	PMM2	MAT1A	KIAA0174	TUBA4A	GART	ARFGEF2	IDH3A	EEF2	RARS2	OLA1	KPNA5	CTPS	GSPT1	KIAA0368	IPO7	SRR	MYO1E	ACACB	SHMT1	ENO3	FARSA	TARS	IPO4	WARS	SFXN5
558	1.0	CAP2	NET1	CAP1	PHLPPL	RGL3
559	1.0	PDZRN3	LSP1	CCDC89
560	1.0	DDI1	FDPS	TXNRD2	FADS3	TIGD4	ATXN3	DARS2	MTHFD2	RFT1	ISOC1	AMT	GNPNAT1	HSPA2	ADRM1	XAB1	GLUL	RBM15B	IDH2	CCDC149	EPB41	PPID	GLRX3	PRMT9	RIOK3	MYO18B	KARS	GLDC	PLEKHB2	CARS	RAD23A	QRSL1	MIZF	PET112L	GIYD2	FKBP1A	CARNS1	TP53RK	POLL	UBE1C	NGLY1	MSRB3	IDH1	SARS2	UBE2M	CECR5	ATXN7	SEC61G	THAP4	DBI	ZNF259	THOC3	ELOVL1	CMYA5	KCNQ1	MPG	BLCAP	OSGEP	SLX1B	GPLD1	JTB	INTS1	TBCB	ERGIC1	RFPL4A	TALDO1	RPUSD2	UBLCP1	MTHFR	BCAS2	RP11-423H2.1	KIF3C	PASK	FKBP2	TRIP12	PPTC7	PRUNE	KCTD2	SERPINB2	LIN28B	OGDH	RAD23B	PSAT1	PNKD	NR4A2	CTSL2	NSF	TUBB1	FBXO11	TIMP2	DDI2	EFHC2	DHRS11	TPRKB	TRAPPC13	DCLRE1B
561	1.0	C10orf58	THUMPD1	KLHL8	WDR55	BCMO1	ARRDC2
562	1.0	METT5D1	EDEM2	C12orf31	TUBGCP3	SPSB1	HRB	CUL3	RPL39P5	ACSL3	NUDT4	B3GALT4	KIF14	PELI2	ARL15	BZW2	ATPAF2	ACADL	BLMH	TTC14	DHTKD1	COMMD10	CNOT10	DYM	CIRBP	ZNF706	SLC34A3	TBC1D22B	BRP44	TMEM134	BZW1	CCDC12	FMO5	FLCN	LXN	ASPG	CES2	C9orf19	MPP7	PPM1D	C1orf179	C1orf96	PRPF39	UROD	FAM151B	APOBEC3D	MEMO1P	CUL4A	NDRG1	C19orf56	ATRN	NAT13	KIAA1432	C20orf43	PRSS12	TBX2	MAOA	NTM	INPP1	ATXN7L3	LIPT1	BLZF1	ATP6V0C	VPS39	CNTNAP5	RBM4B	WBP5	MOBKL2B	ST3GAL3	MRPL32	KEAP1	C16orf35	TOMM7	LONRF2	ALAS2
563	1.0	HCLS1	HS1BP3
564	1.0	PHB2	FLRT3
565	1.0	KCTD20	KIAA0802
566	1.0	PHYH	ACSL6
567	1.0	C6orf62	NDUFA4L2
568	1.0	ATXN2	GOLGA6L17P	GOLGA6L3
569	1.0	EED	EZH1
570	1.0	ELMOD1	THG1L
571	1.0	DDX4	SS18L1	TNPO3	ZNF584	DPH1	WDR33	FIP1L1	C19orf2	DRG2	HTATSF1	SASS6	DTD1	KHK	MKLN1	NRG1	QKI	ZNF689	RSF1	TRAP1	CECR2	CCNY	RBM3	TAF15	DIDO1	RALY	WWOX	C19orf29	ZNF384	NOVA1	TRAM2	SSU72	TCERG1	ANKRD2	PUF60	PRMT3	UBE2W	CPSF4	SAFB	PCBP3	SYMPK	CWF19L2	HNRPLL	IGSF2	THOC1	NUFIP1	CTCF	CTDSP1	DAZAP1	SFPQ	ZNF74	PTBP2	DSPP	UBAP2L	KIAA0859	GLIS2	TNRC4	RHEBL1	HMG20A	LYPLA1	AMOTL1	BOLA3	DEK	WDR82	RBMS1
572	1.0	PRPF40B	CXorf34	IRX2	GEMIN5	SNURF	RBM41	DDIT4L	YTHDC1	SFRS12	PCBP4	SIP1	USP39	CCNL1	C1orf35	RBM12	RBM7	SNRPN	OVCH1	CREBRF	SMNDC1	SLC31A1	IBTK	GEMIN4	ZRSR2	RBM42	KHDRBS2	PDCD7	FAM115A	SNUPN	NRIP2	TNRC15	KIAA1107	RBMY1H	TRA2A	DPH5	SNRPC	CWF19L1	C16orf80	RBM11	MAGOHB	SCCPDH
573	1.0	CSRP1	FOXA2	PPT2	EN2	EGFL8	T
574	1.0	ETV7	USP31	RGL4	RAPGEF5	PITPNA	RGL2	GBP1	CCNI	MOS	ARHGAP4	RAPGEF6	ANKRD17	PEBP4	RHEB	RASA3	NRAS	EXOC6B	RASSF5	RAP1A	FAM49A	KSR2	HISPPD1	RALGDS	ZBTB12	RAPGEF4	CNKSR2	FNTA	RIT1	PAK3	RASSF2	RIT2	PEX5L	ARID3C	RGL1
575	1.0	MXRA5	NUDCD2	EIF1B
576	1.0	HS2ST1	TNIK
577	1.0	C1QBP	STK32B
578	1.0	ECHDC3	ATP5B
579	1.0	DIP2C	BNC2
580	1.0	TBX4	FAM46A
581	1.0	NEUROD4	AMY1A	CDK2AP1	AMY1C
582	1.0	RNPEP	ZFYVE9
583	1.0	MLC1	ATP1A2	TPT1	METTL21C
584	1.0	RCHY1	ARL5B	WDPCP
585	1.0	RPL7L1	CD164	ARRB1	ARR3	RNASE6	ARRB2
586	1.0	PRND	RPL36AL	DNAJC22	RABL5	SETD3	ATG9A	NPBWR1	LDHD	NETO2	KLHL18	LTV1	PSTPIP1	RTCD1	NOL9	TRIM56	CNBP	CCDC86	PDCD4	RP11-297B17.2	GGACT	ASRGL1	NT5DC3	C1orf9	RPS26P3	C15orf39	NUDT2	SLC20A2	MOCS2	KLHDC4	TMEM87A	ADAT1	RPS26P6	MAGEB2	TXNDC12
587	1.0	MRI1	HS3ST3A1	DPH3	NEUROG2	FAIM	HARS	RRS1	AMN1	DCPS	CDC42BPB	ZRF1	TMEM51	EDEM1	NUDT3	SOD2	CCS	MBLAC1	EIF1	BPNT1	ANKRD13B	NEDD8	FBXO32	FAM185BP	GMPS	DCUN1D3	PAIP1	IGHMBP2	USP16	CSN3	C2orf33	ERO1L	ADSL	UGP2	DNAJC21	PLA2G6	PUS1	CCBL1	ACSF3	TBX6	DEAF1	LANCL3	EIF4G2	CUL4B	RHCG	C9orf140	CLN3	C15orf44	MRPL39	ZBTB8OS	RPL22L1	TSR2	TPPP3	EIF3M	FAM185A	EIF1AY	STAU1	TRAM1	DDX19B	COX5A	RNASE2	SDCCAG1	NR2E1	ARHGEF4	TRMT6	SCN1A	ZNF650	HLCS	FBXO18	YRDC	C9orf126	APPBP1	ALDH5A1	SENP8	SHROOM4	PSPHL	SLC25A28	MRPL43	CPA4	C2orf29
588	1.0	TUBA1A	PLA2G7
589	1.0	FIBP	RNF32
590	1.0	DDX26B	CEP63
591	1.0	AGGF1	GTDC1
592	1.0	YAP1	DENND3
593	1.0	ATP6V1D	ATP6V1G1	ATP6V1H	ATP6V1E1	BBX	ATP6V1F	GOT1	TMEM120A	ATP6V1C1	ATP6V0E1	ATP6V1G2	ITPA	ATP6V0A1
594	1.0	ERGIC2	PYROXD1
595	1.0	SPHK1	SPHKAP
596	1.0	SLIT3	ROBO2
597	1.0	GRAP	RG9MTD2
598	1.0	RLBP1L1	ACTR1A
599	1.0	RNF208	DAZAP2
600	1.0	ALDH2	FAM45B
601	1.0	NUP62CL	OGT
602	1.0	ARG1	ARG2
603	1.0	PSCDBP	PSCD1
604	1.0	MLF2	PMPCA	STMN2	PTHLH	DRD3	CALR	LGALS4	STMN4	AP3S1	GPSM2	AKAP12	FSHR	HSD17B10	HTR3A	PLCD1	ADA	DMRT3	SLC30A3	CTU2	YSK4	ABCC8	PLEKHG5	RAP2C	OLFM2	PDE8A	SLC39A7	PHIP	SIGLEC10	THOP1	MT1A	RGS6	ARHGEF12	ANKS1B	DNAJC14	VPS29	RGS2	RUNDC3A	SUCLG2	ABHD13	ARF5	CCDC158	PRKCE	LCT	SLC4A1AP	FBLIM1	HJURP	PMVK	ARFIP1	PCSK9	GNB4	TXLNA	PLEKHC1	VPS26A	LRPAP1	RSU1	PPM1G	FDX1L	ZDHHC17	PLEKHB1	AGPAT3	MCFD2	CD48	TWF1	SLC5A5	RGS1	ACP6	MOB2	LMAN1	DHFR	RGS20	TG	INSC	GIT2	P4HA2	FBXO28	OSBPL5	GIPC2	CMIP	AP3S2	PRKCSH	MTTP	PPP1R9A	TMEM132A	GNB2	RABGAP1	PRF1	VAPB	GNB1	PSCD2	SLC6A19	NAPG	SLC39A10	SLC6A3	PRB4	SPHK2	ARHGEF6	EPB42	PON2	ADAMTS9
605	1.0	RASA4	RASA4B
606	1.0	AQR	SPOP
607	1.0	UNG	POLDIP3	AFF3
608	1.0	RNPC3	TMEM186
609	1.0	SFT2D2	SFT2D1
610	1.0	GORASP2	TMED3	OTP
611	1.0	ZIC3	GLI3
612	1.0	CNOT8	CBWD3	BTF3L4	CNOT3	SECISBP2L	CBWD5	CNOT4	CNOT1	BCAP29	CNOT2	CNOT6	RQCD1
613	1.0	FAM125B	CDK10
614	1.0	MYL1	MYL3
615	1.0	KIF11	SH3YL1	PPA1	PIM2	LPIN1	ALPPL2	CHKB	EVI5	PDHX	ME2	HSD17B4	CAMKK1	EXOC6	STXBP2	KLF12	DLAT	ACTR3B	RABEPK	KIF3A	NPC1	EXOC5	UBE2R2	USP15	PRR5L	NEDD4L	CAB39	HIPK3	PRKAA2	ENTHD1	FBXL20
616	1.0	AZU1	TTK
617	1.0	WDR22	FBXO22	FBXW4	RBX1	DDB1	CUL1	DET1	FBXO4
618	1.0	UTP14A	PSG1
619	1.0	UBN2	HOXB7
620	1.0	KLHL2	MGAT3	KPNA6	PNPO	NMNAT1	PGP	ALDH6A1	ZNF521	CDA	RDH8	MTF1
621	1.0	CERK	ZCCHC6	ZIC2	PACRG	HMX1	GALNT10	CRYL1	DALRD3	IPP	ANKRA2	MRPS24	KCMF1	SIRT4	NCOA5	DTX4	C11orf60	PTRH2	CACNG5	BTBD17	DGCR14	ZDHHC11	C14orf153	DUOXA1	FOXN2	ZMYND17	BARX1	PIH1D1	MAEL	ZCCHC4	C10orf63	PHF7	MFAP1	IRF2BP1	C21orf2	CACNG7	HLX	C9orf85	C9orf68	NHLH1	NEURL	SH3BP5L	FAM133A	EN1	TMEM53	LSG1	DHX35	KIAA1012	UNC84B	C3orf60	AGXT2L1	RNASEH2B	RNF146	CCDC114	SOLH	ZDHHC1	METTL14	UNC45B	PYCR1	LMX1B	LBX1	YEATS2	HHEX	WTAP	RBM22	KIAA0913	FKBP15	HMBS	C14orf130	FNDC3A	ARL6IP5	HBS1L	CTNNBL1	LAMTOR4	ANKFY1	EXOD1	DPYD	GATAD1	FAM89A	AC004381.6	IFT88	GPR84	HDGF	CXXC1	TAT	OPN4	UPRT	XPO6	ZNF800	USP30	ACOX1	MBNL1	ZFYVE19	MRPS17	MYO15A	TMEM55B	MOCS3	HOXB2	KIAA0196	TAGLN3	MCRS1
622	1.0	EIF3EIP	APOOL	CHST13
623	1.0	C9orf5	KIF3B
624	1.0	SETBP1	SET
625	1.0	ASCC2	IGSF9
626	1.0	MTFR1	STIL
627	1.0	CPNE3	QARS
628	1.0	FOXP2	FBXL12	FOXP1	FXYD3
629	1.0	HAS1	FAM96B	CLPB	POLE4	FDXR	METTL2B	URM1	ATP10D	ARMC3	DNAJB5	IDH3G	PGM1	VAPA	ATPBD1B	GUF1	RRM2	SEPT9	NACAP1	PYCRL	ATP6V0D1	GINS3	THNSL2	SOD1	LIPA	GLUD2	SRM	FAM63B	CYB5B	GPT2	WDR89	MOBKL1A	PCYT1A	CTH	SEPT7	H1F0	GRPEL1	SELO	DCAKD	AMPD2	CLPX	CKS2	MYO5B	GMPPA	ATF6	LCAT	DAK	SRP72	GOLPH3L	PPP6C	TAPT1	AHSA1	SV2B	ALDH3A1	SPATA13	CRAT	C3orf31	FH	HEMK1	USP46	DOHH	C6orf157	UBE2H	ICK	C1orf69	ADHFE1	MEIS3P2	NUS1	STK38L	CDK2AP2	RRAGB	SMIM4	CNDP1	DNM1L	MAPK7	UBE1	ISCA2	OSBP	IVL	CCDC75	GALT	SRP54	AGXT	SGPL1	TMEM34	WDR59	OTC	MYH4	TMEM30A	ANLN	SCYE1	ABCG8	NTHL1	UBE2J2	TMEM165	HRSP12
630	1.0	VPS52	NUDT12	MAEA	DAGLB	C9orf9	ZNF827	SNORD23	SLC16A4	EARS2	ARIH1	MKS1	TRPT1	HDDC2	SVOP	PISD	RMND5A	C20orf11	BCS1L	YPEL4	DIP2B
631	1.0	EPS8L2	EPS8L1
632	1.0	TNFRSF14	ASB3	ILK	AFG3L2	TRIM3	DCTN2	SAP30L	PPP1R8	BRAP	METAP2	WBP2	DSTN	MKI67	PAK2	HIP1	PRKDC	DCTN1	DHODH	SDCCAG8	CHGB	INSM1	TH	CD40	PDCD2	TRO	HOXC10	BTRC	C6orf66	C14orf129	ESX1	ADSSL1	WIPF1	RPTOR	USP5	MKNK1	DPAGT1	TFE3	AP3B1	AMD1	PMPCB	UBE2L3	ZBP1	TSSC4	MPST	HPCAL1	PIN4	EMX2	PPP1R15A	EIF4EBP1	ECSIT	CHAC2	HIP1R	TOE1	MPI	DYNC1I1	KIAA0649	CENPF	OPTN	PGM3	HEBP2	LYST	HMGCR	KPNA3	PAFAH1B2	CAT	MAP3K7IP3	PIN1	SMYD2	FBXW11	ABCB1	EIF4EBP3	FOXL2	PDCL	TRIP10	TRIM9	SWAP70	PFN2	MRPS30	HIP2	UAP1	S100A8	NOM1	DENR
633	1.0	ACTA2	PRR5	BSN	CBWD2	ATG5	DYNC1H1	TXN	C5orf25	P4HB	SLC1A3	SDC3	BPGM	BCAR3	PHLPP	S100A9	PRKAB1	TPI1	PAIP2	ATP1A3	BCAS1	VDAC4	PRMT1	ATIC	SLC25A5	ACLY	S100A11	EMD	ATP5C1	TPM3	ANXA1	EHMT2	GNB2L1	ARL8B	NSMAF	NCL	CKAP4	DNAJB4	MLST8	TBRG4	IPO8	PA2G4	CAPZA1	SYNCRIP	ENO1	LDHA	SGK	TNFRSF10D	PFKL	FXN	CYCS	ZNF346	DFFB	TPM3P4
634	1.0	TNKS	TNKS1BP1	LNPEP
635	1.0	C2orf25	PAPD1
636	1.0	DHCR24	TP53	MTBP	MDM2
637	1.0	LRRK1	C9orf163
638	1.0	BCKDHB	TMEM91
639	1.0	C1orf166	FLG	ARL6IP2	ROR2	PCSK6	WNT5B
640	1.0	PDE7B	ANTXR1
641	1.0	AIF1	LCP1
642	1.0	EPHX1	TTC7B	SRP68
643	1.0	TXNDC14	SLC25A19	MRPS18A
644	1.0	KRT2	NEUROD1	N4BP2	CREM	SLC2A2	TCF7L2	GATA6	RORA	ZNF76	PIAS3	BCL3	SRF	SNAI2	HAND2	EDF1	FHL5	ONECUT1	KLF13	MGMT	PRDM2	ELK1	RUNX1	IRF2	CNTN2	HMGN1	NFATC2IP	ETV1	CRIPAK	ZFPM1	FOXO1	PGR	IRF4	PAX5	GABPA	TRERF1	ELK4	GATA4	ARNT	SERTAD2	PROX1	CDX2	NEUROG1	IRF8	MEF2C	ENC1	FLI1	FOXO4	KLF4	TSSK4	CREB1	ZFHX3	ZBTB17	RUNX2	PAX8	JMY	ZNF423
645	1.0	TSPAN8	SLC15A1	ATP1B1
646	1.0	CYB5A	CYP1A1
647	1.0	KLHL12	HPCAL4	DTX2	SPRYD5	KLHDC2	TRIM32	PRKRIP1	C20orf72	ENOX2	SNX20	TCEANC	C1orf107
648	1.0	TLE1	HES6	UTY
649	1.0	BNIP2	ZFP36L1	PLD1	PERQ1	DCLK3	MAP3K10	GABRR2	RPS6KA4	FRAP1	PTENP1	SNCA	RAP1B	WASH3P	AURKAIP1	MAP3K5	NGFRAP1	HPCA	DAB2IP	PDK3	PEBP1	CENTA1	MAP3K12	SLC18A2	PPP1R1B	KRT35	MAP2K5	RRAD	DUSP19	OCLN	PAK1	RPS6KB1	GABRR1	ERF	BRSK2	RBM35A	KIFAP3	ABCG2	LMTK2	GPRIN2	MYLK	FEZ2	CDC25C	RCAN1	ROCK2	SH3RF1	APPL1	NMT1	EEF2K	MRC1	RNF41	FABP4	PTPN13	MAP2K4	GLI1	PLK3	DYNLRB2	SGK3	PDK1	PDK2	ACP1	IRS4	STMN1	MAPKAPK2	CABLES2	RHPN2
650	1.0	CBWD1	CBWD7
651	1.0	FAM39B	FAM39E
652	1.0	RYBP	PLEKHO1	MYCL1	MYC	MAX	USP7	MXD1	MXD3	MYCN
653	1.0	ZNF350	SPAG5	SND1	CREBZF	FBXO34	SRA1	UBE2L2	TOPBP1	ELF4	FHL2	CTNNAL1	HOXB6	PLD3	PSMC3IP	HMGA2	TAZ	TRIM27	PSG3	CENPJ	INSIG1	AES	TEAD4	ZCCHC8	HOXC6	MYNN	RB1	GABPB2	CUTL1	CHEK1	VSX2	RBM14	NFIB	GADD45GIP1	EZH2	USP4	RFXDC1	ARID3A	RNF19A	XBP1	EGLN1	FAM113A	NR4A3	NDNL2	GADD45A	FOXA1	YY2	BRCC3	PARP1	BTBD14B	TSGA10	CHD6	DDC	FAM82B	CDAN1	PURB	IFRD1	THAP8	RSPH3	RFNG	TGIF1	EGR1	TOB2	NTAN1	E4F1	NAV2	HOXA6	GCSH	CDC34	DNMT1	IRX4	SERTAD1	ZNF107	EMX1	RBBP8	XRCC1	TMF1	AEBP2	MEF2B	ULK1	TACC3	SUMF2	PPP1R13B	CARM1	CTCFL	TLE4	SALL3	REXO4	TTF2	RELA	C11orf30	RFX4	FHL3	UXT	PKIB	ZMIZ1
654	1.0	ZC3H12A	NMT2	DMPK	CTNND2	SYT11	NUMBL	COQ5	HEXIM2	BAI2	TRIP6	TBC1D5	LIMS2	NUMB	CASKIN1	XRCC4	SLC1A6	C1orf165	GZMB	CPNE2	PPL	IRF5	SH3D19	CDC14C	MYO7A	SERPINF1	PHACTR1	MAGI1	NRG3	CDK5R1	JMJD6	SNCG	DCX	CHFR	MTMR4	SNX1	TAX1BP3	NOSIP	DLG5	C2orf30	SIAH2	LASP1	SCRIB	WDFY2	NUAK1	TRAF4	SCN10A	RASSF7	DTX1	KCNMA1	C16orf14	ANXA5	NDOR1	CPNE4	SCNN1G	CUL9	PLK2	RASSF1	SIAH1	HGS	PKIG	BCAP31	PRKD3	GABBR2	ERBB2IP	RALBP1	GORASP1	TNKS2	CCHCR1	SNX6	VSNL1	TFCP2	NEK1	RB1CC1	KRT85	YLPM1	METTL20	FAM58A	PARK2	ARFIP2	FXYD7	KIF1A	KALRN	GFAP	PPM1F	CBR3	LIMS1	LATS1	SNCAIP	CNTROB	AQP4	INPP4A	RGPD4	CFTR	SLN
655	1.0	SNX5	CD163	C22orf28	S100B	RAPGEF2	RAB25	EPB49	ITSN1	TAGLN	REPS1	DGKD	NEFH	ROBO1	LAMP1	MYOM2	EPN2	PPP1R12B	PAK7	ARHGAP17	ARHGEF7	BSPRY	ZC3H12C	CLTC	PICALM	VIL1	MYL9	DGKZ	LGALS3BP	LMNB1	EHD2	ROCK1	WASF3	ERC1	USP9X	NEFL	FNBP4	SNX9	TNNI3K	SPTA1	PRRG2	CTNND1	RHOQ	PGAM1	MYBPC1	PKD2	TWF2
656	1.0	ZNF675	GLT8D3	ASXL2	COQ3	TRUB2	C19orf40	C9orf78
657	1.0	TESC	RAI1
658	1.0	STK32C	RPRM
659	1.0	KIAA1166	HIVEP1	RBFOX1	FAM124A	MARCH7	PLEKHG4	LMO4	BBS5	TDRD7	CSRP2BP	PRR13	C14orf135	PCSK5	EGLN3	KAZN	PNKP	CACHD1	ABHD2	TSPYL2	NEIL1	LPXN	EFEMP2	CUGBP1	NOL4	CDC5L	C19orf57	C17orf28	FAM46C	NUDT6	ZNF408	SRI	HECW1	ARL6IP1	SERF2	TRIM22	RADIL	CDCA3	MYST2	HOOK1	KY	ALS2CR11	CIC	DCTN5	ANXA11	NME4	CCNK	MLX	C1orf164	POLB	CLDN7	PPP1R37	LITAF	TRIM23	PEF1	MYT1L	TRIM6	MIDN	CEP70	TNNT1	TOLLIP	TRAK1	CCDC19	XAGE2	TRIM41	DOCK10	TRAPPC6A	PREPL	DMRTB1	AFAP1L1	ALG2	PDE4DIP	TBC1D23	TOP3B	CCDC53
660	1.0	EPB41L5	API5	ATG12	RNMTL1	TGM3	CALML5	CISD1	NUDT1
661	1.0	MAD2L2	VPS33B	KIF17	DYNLT3	STX18	IGLON5	MAPRE3	WDR32	TCEA2	STOX1	STIM1	MLF1	KIAA1128	RINT1	CALCOCO1	DNAL4	BUB1	GTPBP3	MTO1	MSI2	PPP1R1A
662	1.0	XPNPEP1	HNRPH3	CHAC1	PSD3	C1orf27	ECH1	MND1	LARS2	PHF17	ZFP161	STARD3	RNF185	C4orf14	BTBD10	DCUN1D1	ZNF444	MINPP1	MPDU1	MFN2	CENTB5	SPG20	CMBL	TRIM2	OXA1L	MTAP	LYPLA3	TACC1	ADI1	ZDHHC9	KCNIP1	ITSN2	KRT77	PPIE	DNAJB9	ATXN2L	ERAL1	C9orf41	G6PD	CPA5	PAN3	ARL4D	C10orf83	PJA1	LENG8	ZNF131	MRPL38	LSM14B	TEKT3	TYW3	SULF2	AHI1	SUCLA2	KCTD5	NAGA	CCDC85C	CIDEB	CUL2	ZNF364	MPPE1	DBR1	SHPRH	KIN	COQ6	WRNIP1	AGL	CRMP1	NBAS	OSTF1	COL10A1	IDI1	ZHX1	HN1L	WDR70	SSSCA1	CPVL	TUFT1	PREX1	QPCTL	C16orf57	LYZ	RWDD2B	MTHFSD	SYT8	DEGS1	ABCF1	PCSK7	CAND1	PDHA2	CCDC137	NEGR1	UBAC1	SCO2	POP7	NRF1	BAT2	MYLIP	INTS10	TBRG1
663	1.0	PPCDC	ANKRD6	RPGRIP1	SIRT7	RRM2B	HSPE1	AIMP2	QRICH2	BRP44L	BICD2	MYCBP	ARF6	ARIH2	KIAA0562	SAP18	KIAA0087	SDHD	RNF167	BICD1	SEC61B	RNF139	CCDC59	FAM98B	PRPSAP1	TOMM40	EML4	RPAP1	TUBGCP5	NEK6	WSB2	OTUD4	NDN	GPR135	FBXO41	SRPR	SSR1	GLS	DPM3	NEK7	ABCD3	MTFP1	CYB5R3	RFXANK	TSSC1	ZFPL1	HCCS	MAT2A	WDR8	TCEAL1	PRPS1L1	TBC1D17	DHCR7	C13orf7	SLC25A10	EEF1E1	MEST	MARCKSL1	MAGED1	ZNF197	ETFB	DYNLRB1	PLS1	RPGR	TELO2
664	1.0	SLC35E1	MCOLN1
665	1.0	KATNB1	KATNA1
666	1.0	LRRC48	KIAA1109	RPS6KC1	PTPLB	RNF216	SMPD1	ANKRD13C	NPR1	SLC7A8	DCTN4	WHSC1L1	TMEM205	LAG3	C11orf2	ASB13	BNIPL	UBE2J1	RHBDL3	COG5	GYPC	CD58	SH3GLB2	CCL20	C9orf7	SGSM2	ICA1	PRDX3	STARD7	COASY	TRIM25	ULBP2	LANCL2	CARD14	MEFV	SLC30A7	WDR91	MPP1
667	1.0	ZNRF2	CHRNB1	B9D2	NFXL1	ATP6AP2	LIPF	ANG	IGHA2	RAB9A	TSPAN15	CENTG2	ENSA	CYHR1	MTG1	OS9	ANXA13	FTL	PDZK1IP1	UBR1	MACF1	KIF22	CRB1	TTC25	CRIP1	QTRT1	CCDC92	UBE2Z	FBXO7	CUL7	ZMYND11	CTSD	FOXP4	SCYL1BP1	RLF	SCEL	SCG3	TBR1	ENGASE	SCAP	ASCC1	ZFHX4	ANKRD39	ZNHIT4	EGLN2	UBE2O	MRPL18	CCDC13	EML2	EHBP1	ZZEF1	ARHGEF15	LIMD1	MYO18A	FAM60A	PIP	GOLGA1	ACP5	TSSK1B	KLHL5	SPTBN5	GPC5	JPH1	CA12	IL33	DCHS1	PEO1
