1	1.0	5176	3924	9360	10699	11053	5074	4780	11912	12277	2919	7961	8741	13726	10194	4408	13099	2492	12143	2143	2258	5913	291	3771	4282	9461	1019	2174	413	5673	102	6426	4050	12459	14288	9555	9536	9261	11940	13520	7718	3516	978	9106	8616	4273	9508	7296	1353	2959	2184	7043	9022	4528	905	5349	8931	8583	5110	6811	3632	10162	13654	4456	7670	7573	13462	1615	9	1296	13781	14482	10079	1272	12880	11998	3357	9192	13822	11315	481	10469	7336	12769	8080	1283	8993	3112	7500	4855	6037	3982
2	1.0	2595	12587	12922	559	5396	2611	6881	8325	5475	14453	7164	11057	13360	12076	13424	9223	2823	12111	11403	11092	13586	14329	12519	12358	9115	3850	7683	8843	7698	6303	6364	10564	750	2004	11838	5388	10056	7399	7962	14334	8551	1951	9002	13472	3266	5656	6419	14497	4377	10507	3202	1284	3546	7702	10845	3500	3013	1720	3093	8412	9941	9414	12223	10639	5828	5166	11653	10718	374	6873
3	1.0	13987	9539	4269	2845	9090	11099	7637	14094	12770	5701	4107	2197	10513	9711	13364	6941	8270	8418	8862	1055	12561	13714	6739	14291	7414	915	3084	2260	14417	8342	9225	2622	2605	1437	10339	8873	2970	12025	13723	12281	1653	8791	12185	11897	249	2832	13633	14573	4720	6354	13151	4734	1022	5807	4738	2232	11371	3440	5776	954	3193	10617	12043	11631	2372	11554
4	1.0	8170	8254	12996	629	4369	6814	9361	14570	2094	10579	13407	84	11155	1817	4943	7719	5543	3433	7151	13122	2365	4964	9937	8154	10919	1176	4270	6270	9371	12882	11108	11830	710	6521	6611	10396	12728	14449	1917	3782	14457	1041	2217	12686	11418	13454	5425	13239	4954	2690
5	1.0	2658	10534	9034	4249	13547	7343	13429	9387	2206	1851	14196	13080	8615	1503	6206	11600	7196	816	9357	6444	11043	7106	869	3880	4075	3010	4521	4137	11711	7851	4001	11292
6	1.0	4261	14669	1202	275	13525	11983	80	13366	13065	7549	7776	1292	12350	10956	1391	912	9378	8439	675	4218	14081	6735	12062	1189	14405	863	7338	11477	1474	12144	5525	9691
7	1.0	2616	5111	885	9243	1345	11782	4471	9306	2189	12399	11505	1548	8883	3089	10832	4862	9446	9520	9840	12828	11319	6938	2551	9393	7584	2798	6038	13272	2674	8810	12020
8	1.0	3617	9320	10730	2195	11227	3043	1902	12854	12586	4922	7156	12295	2139	1270	1678	734	8965	12886	1791	9358	14337	385	3170	10789	4153	6275	1802	12666	7316	11965
9	1.0	6855	6555	4803	1214	3902	10492	13192	13561	8925	7082	8405	9785	10036	6063	9234	11293	6875	9552	7751	3437	5816
10	1.0	12877	12955	8176	4908	877	11255	5700	62	8951	7188	10019	12287	11590	11318	14053	12084	12336	10897	14364	1567
11	1.0	4364	2225	10974	4092	9202	8634	8247	9850	13918	1487	4799	8598	12357	1016	9021	13031	13252	8975
12	1.0	12534	4717	11090	12079	13799	4255	13571	2439	53	13299	11126	2153	5755
13	1.0	14413	1212	1224	6587	12515	4183	11724	3187	11407	14492	3295	10126
14	1.0	4258	14469	1707	11103	5447	671	4688	8113	1290	8260	1654
15	1.0	7562	4239	12251	8506	4406	2720	8859	14396	7036	14073	11020
16	1.0	3467	13992	10853	5704	12674	7345	4430	13024	10399	14279	13521
17	1.0	13207	12937	5628	5146	1827	13863	9282	638	8018	6366
18	1.0	4060	466	1319	1364	13116	6306	2076	12856
19	1.0	6819	6424	12193	14024	13699	916	4488	2355
20	1.0	1097	3210	13086	12700	7745	5789	13420
21	1.0	2442	8340	7717	1207	6474	11989	1413
22	1.0	10700	14224	14	8065	9655	5916	6860
23	1.0	1434	5639	5787	10446	6092	409	3051
24	1.0	631	5392	8203	13023	13039	8856
