1	1.0	ANXA8L1	ANXA3	ANXA4	ANXA6	ANXA8	ANXA13	ANXA11	ANXA10	ANXA9	ANXA1	ANXA2	ANXA7	ANXA5
2	1.0	OR2Z1	OR52A5	OR6C4	OR2J3	OR2V2	OR1F1	OR7A10	ATP1B1	OR4S1	GPC4	OR6C70	OR6C3	OR4F15	GPR55	OR2B6	OR6C76	ATP1B4	OR8H3	P2RY11	OR1L1	OR9Q1	OR8K3	OR2T4	OR11H6	OR6C68	OR5B2	OR10AG1	LHFPL4	GPC2	OR4C12	GPC3	OR1L6	OR7A17	GPC6	ATP4B	OR10A3	GPC1	OR1L4	TMEM161A	LHFPL3	OR2A12	OR1K1	OR1D2	P2RY10	OR6C6	GPR35	OR1A2	IGSF21	OR2B2	OR8K5	OR4N5	GPR132	P2RY14	OR13C8	GPR153	OR7D2	OR10C1	OR5M10	OR52B6	OR11H2	OR9Q2	OR6C65	OR52I1	LHFPL1	TCF3	OR6M1	OR7A5	OR6C75	OR4C6	OR9G4	OR2B3
3	1.0	EVA1B	NRIP1	PMCH	SLC35G6	AURKAIP1	SLC35G3	LXN	CXorf36	TMEM263	HNMT	SHISA9	ETAA1	IFI35	SLC35G5	GPRC5D	DACT3	FARP1	SCARA3	TMEM51	RARRES1
4	1.0	DEFB107A	C20orf144	TEX38	TEX19	SECTM1	C17orf100	PATE2	BIK	DEFB116	SPATA33	C1orf162	C1orf185	C10orf99	DEFB131	DEFB106A	EDDM3A	DEFB106B	MS4A13	GML	KRTAP7-1	C12orf71	WFDC9	EDDM3B	C17orf107	SMIM6	TEX22	PRR9	DEFB107B	LELP1	SPACA7	C5orf47	C16orf86	CCER2
5	1.0	AFP	LILRB4	TMEM261	FAM178B	CMTM5	OSTN	C11orf87	TAS2R60	SNN	IFNG	LRRC41	KIR2DS5	KIR2DS1	KIR2DL5A	CCDC117	CD99	IZUMO1	TAS2R50	MBP	RNASE4	ANG	TAS2R10	GC	CXCL11	SWSAP1	TAS2R41	MIEF2	KIR2DP1	UPK2	KIR2DL3	TREML1	APOC4-APOC2	AFM	GIP	TAS2R31	TYROBP	CCL22	LILRB1	KIAA1210	TAS2R7	KIR2DL1	PRIMA1	MPZL1	RNASE12	TBATA	RNASE1	KIR2DL2
6	1.0	KRTAP10-6	TMEM176B	IL18BP	BCL2L14	IL23A	SPATA32	KRTAP10-2	MCEMP1	C1orf186	KRTAP10-10	KRTAP10-11	IL13	TEX101	KRTAP2-1	GOLGA8G	MS4A6E	SPATA31D1	TMEM176A	PPP1R3F	SCGB1A1	TMEM217	DDN	TEX29	ZBP1	IL11	LYPD4	KRTAP10-7	PATE3	KRTAP10-3	KRTAP2-2	FAM205A	KRTDAP	KRTAP10-5	ENAM
7	1.0	ADAM30	RFX2	ADAM10	ADAM22	ADAM2	ADAM9	ADAM32	RFX5	ADAM28	RUSC1	ADAM8	RFX7	ADAM15	ADAM21	ADAM20	ADAM33	ADAM23	RFX6	ADAM17	ADAM12	ADAM19	RFX3	RFX1	ADAM7	ADAM29	RFX4	ADAM11	ADAMDEC1
8	1.0	FAM217B	THRSP	NDUFC2	GPR179	FAM222B	SETBP1	FAM217A	INS-IGF2	AMER3	FAM222A	AMER1	BGLAP	CYTL1	MTDH	HCRT	PNOC	BRI3BP
9	1.0	JKAMP	SYCP3	CRHR2	DLGAP1	DLGAP3	PLEKHJ1	GHRHR	GIPR	GIPC2	FREM1	SAMD10	VIPR1	DLGAP4	TPM3	PTH1R	GIPC3	TNFAIP8L1	BANF1	VIPR2	TMSB10	CALCRL	FRMPD1	ADGRF2	SCTR	ADGRF4	DLGAP2	GLP1R	GLP2R	GCGR
10	1.0	FAM71E1	MS4A10	AKAP5	CDRT4	FAM71F2	FAM71F1	C1orf115	FAM71D	LIF	FAM71E2	COPRS	TP53TG5	FAM170A	SLAMF9	C9orf24	SPACA1	LSMEM1
11	1.0	TOR1AIP2	IL17RD	FAM187B	PRRG3	NRSN1	WISP1	LYG2	NT5C1B	TMEM178A	PRRG1	CLPS	BTN3A1	FAM167A	MS4A4A	EDAR	SLC48A1	KCNMB3	EMID1	FAM199X	KCNMB1	IL17RA	TRIM14	COL26A1	HOMEZ	CEP85L	LYG1	CRYBA2	PTGER1	TRIM69	CRYBA4	LECT1	IL17F	KCNMB2	PRRG2	PRR14L	IGFBP6	CRYBB2	KNOP1	ZNF365	MAML3	CRYBB3	NT5C1A	FBXO46	CLDN7	IFFO2	KIAA1549	STC2	STC1	ENDOD1	TRIM16	GCHFR
12	1.0	C6orf25	CABS1	UCN	S100PBP	TMEM95	SPN	CCDC184	IQCF6	LY6G6C	LY6D	C17orf74	PRM3	ISM2	CMTM1	ZNF586	C4orf36	TMEM190
13	1.0	SCAMP4	SCAMP5	SCAMP2	SCAMP1	UBR7	SCAMP3	PKP1	RBPMS2	RBPMS
14	1.0	SEMA6D	SEMA4F	SEMA4B	SEMA6C	SEMA3C	SEMA3A	ATP5J2	SOCS6	SEMA3D	SEMA6A	ARHGEF40	CSF3R	MRPS35	SEMA4D	SEMA3B	TPM4	PPL	MRPS22	SEMA3E	SEMA4A
15	1.0	HOMER2	HOMER3	ITGA8	BRMS1L	DCDC2C	STAT5B	MTSS1	FAM160A2	ITGA6	ATP6AP2	EVL	GPLD1	FRMD8	RP1L1	FERMT3	C12orf4	HOMER1	SHF	BIN3	RIN1	VCL	FAM45A	FRMD3	FERMT2	STAT6	SHE	DCDC2	MTSS1L	BAIAP2	SLC41A3	PARVA	RUNDC3B	CTNNA1	TADA3	HTT	VASP	STAT5A	POU2F2	FERMT1	NKD1	ITGA2B	STAT2	PLEKHM2	PARVB	FAM160A1	GAS2L1	ITGAV
16	1.0	CCDC105	MAP10	C1orf189	THEGL	PTTG1IP	CDCA3	SPATA24	RTP2	CCDC14	LMNTD2	CCDC60	C19orf45	C12orf56	MZB1	C2orf73	ALS2CR12	CEP126	PMFBP1	HEATR9	PROSER3	TMEM101	AKNA	ODF1	TEX26	CCDC24	CCDC169	TEPP	C10orf82	AKAP14	C10orf67	PPP1R32	C6orf118	CXorf38	WDR93	TMEM187	C4orf45	CCDC78	C10orf53	FAM47A	C3orf84	C10orf90	RTP1	TMEM232	LKAAEAR1	VIMP	TMEM236	FAM47E	C1orf87	C9orf135	SPATS1	C10orf107
17	1.0	PRG4	SPRED1	CHST13	CHRNA10	FGG	TMEM39B	SFTPA1	GLYCTK	ANGPTL1	CHRNA2	SGCG	FRS3	CHRNA4	ATP1B3	FRS2	MAPK8IP2	TNFAIP2	RFNG	FCN3	FGL2	CHRNB3	MESDC2	MFAP4	FGL1	CHRNB1	CHRNA3	PLXDC2	TMCC2	DOK2	ATP1B2	FAM43A	CHRNA1	MUC5AC	ANGPTL6	GABRA5	TTYH3	CHRNA5	CFHR3	TOMM22	COL11A2	FCN2	INA	CHRNG	MUC5B	CHRFAM7A	DOK1	SFTPA2	ANGPTL2	CHRNA7	COL1A1	ANGPT1	KRT20	TTYH2	ANGPT4	MUC6	TEKT2	OTOG	TMEM39A
18	1.0	MED1	NEUROG1	CHCHD10	SOCS3	NEUROG2	FERD3L	PTF1A	NEUROD1	CHPF	FAM73A	LYL1	EXOC3L2	ZCCHC4	ATP5S	FAM73B	HAND2	NEUROD2
19	1.0	C20orf196	KRTAP27-1	CCDC54	IL36B	KRBA1	AMTN	MRAP	C16orf54
20	1.0	MAGEB4	MAGEB1	MAGEA1	MAGED2	MAGED4	MAGEA11	MAGED4B	MAGEA4	MAGEL2	MAGEB5	MAGEB18	MAGEB10	MAGEH1
21	1.0	FAM64A	AMELX	C20orf173	PPP1R17	ITGB3BP	C2orf82	C1orf159	C21orf62	C20orf195	MGARP	C18orf42	C9orf129	TMEM140	AMELY	FANCD2OS	PIP	MAMLD1	EVI2A	NRN1L	C6orf132	IL21	CTXN3	C4orf48	C9orf152	WIZ	EVI2B	S100A7	UTS2	TMEM171	CCDC107	SELPLG	CTXN2	SPATA45	TRAT1	CD177	NAT14	IL9	TAS2R16	C2orf72	C6orf222	TMEM213	COX8C	C4orf46	TMEM40	MYCT1	KIAA0040	KRTAP13-4	CTXN1	UTS2B	KIAA1551	PINLYP	KNSTRN	PLAC9	DYNAP	TAC4
22	1.0	CCL26	C2orf40	AKAP12	TMSB15B	FCER1G	SPOCK2	HLA-DPB2	LILRA1	KIAA1462	FXYD3	CD247	KITLG	PRR16	FXYD1	FCAMR	CD300LD	ARMCX5	IL22	FXYD2	CD3D	LILRB3	THPO	LCN1	AHDC1	XCL1	CCSER2	CD74	PLN	KIAA1671	IL17RC	SLAMF8	KIAA1211L	TAC1	LSP1	CEP68	PROSER2	MUSTN1	FXYD6	KCNE1	C9orf91	TREML4	CCL23	CD300A	TMSB15A	KCNE4	MFAP2	RCSD1	RIPPLY3	XCL2	TMEM108
23	1.0	HNRNPUL1	ATCAY	HNRNPU	BNIP2	BNIPL	SUGP2	HNRNPUL2
24	1.0	TMEM125	PRR35	FAM219B	CD7	EMX2	RLN3	ESM1	FAM212B	DDIT3	INSL5	MARVELD3	MISP	SMIM19	ZNF750	NUFIP2	FAM212A	RLN1	CCL25
25	1.0	BASP1	KRTAP13-3	KRTAP13-1	KRTAP2-3	PATE1	SPEM1	KRTAP13-2	LSMEM2	WFDC6	C1orf64	AHSP	CYS1	C2orf16	TM4SF19	KRTAP3-1	TNFRSF17	KRTAP10-9	SCGB3A2	C6orf47	LY6K	KRTAP3-2	KRTAP3-3	CD160	KRTAP2-4	TMEM191B	KRTAP4-2	MS4A3	C16orf90	LYNX1	C6orf201	APOBR	SPESP1	KRTAP24-1	DEFA5	C16orf92	KRTAP25-1	KRTAP8-1	C1orf141	KRTAP15-1	GFY	C19orf71
26	1.0	SLC16A13	PLB1	POU5F1B	TSPAN15	SIM2	NDEL1	ARRDC4	ACE	TSPAN9	UBAP1	SLC16A2	SLC16A6	LMBR1	TXNIP	ACE2	CDCP2	IQCD	TSPAN33	DCDC2B	TSPAN8	NDUFB8	SLC16A5	TACR2	PLIN3	SLC16A10	LMBR1L	SLC16A3	BIN2	CCDC87	MFRP	SIM1	BRMS1	FRMPD4	KCP	APBB1IP	PARVG
27	1.0	TMEM239	ADIG	CSN3	C10orf128	MUC21	HILPDA	FAM24A	WFDC10A	SPATA25	LYPD8	CXCL17	PRR30	DEFB112	C4orf26	FAM156B	FSCB	DEFB113	PCP4L1	DEFB128	KRTAP9-4	DEFB110	OOSP1	PLET1	C9orf131	KRTAP4-1	WFDC13	DEFB119	C11orf86	C3orf62	PSORS1C2	TSACC	KNCN	DLEU7	ERICH4	PRR32	C20orf141	KRTAP9-6	WFDC10B	IGIP	C19orf81	CCER1	BEX5	BEX1	GYPA	KHDC1	ENHO	C6orf15	TMEM88B	INSL4	SMIM17	C22orf46	C4orf19	KRTAP9-3	DEFB125	DEFB129	OOSP2	HYPM	KRTAP9-8	COLCA2	KRTAP9-2	DEFB130	UCN2	C19orf33	TNP1	SAP25	GAPT	CLPSL2	NREP	BEX2	DEFB126	C11orf94	FAM24B	SFT2D3	CEND1	HJURP	DEFB118	C11orf91
28	1.0	C11orf74	APOLD1	C18orf21	GKN1	SLAMF7	QRFP	PIANP	UPK3BL	NCMAP	NFAM1	C14orf79	PLA2G2C	C8orf22	C1orf94	UPK3B	TMEM215	FAM174A
29	1.0	CPNE7	ITIH4	PARP2	DPYS	VWA5B1	SCIN	CAPG	VIL1	DPYSL4	PARP1	SVIL	CPNE6	HSPA12A	LRFN1	ADAL	HAL	AVIL	RANBP17	DPYSL2	GPSM1	CPNE4	FAM91A1	EFCAB9	ITIH1	OPTC	DPYSL3	STK11IP	SCUBE3	VILL	PARP3	CRMP1	ITIH2	PARP15	ZMYND10	ADGRA2	CPNE3	THUMPD2	SCUBE1	FLRT2	GSN
30	1.0	GNG5	TNFAIP8L3	GNG12	RUNX3	RUNX2	MRPL48	RSBN1	MXD3	C4B	GP9	PROM1	LRP11	TNFAIP8	MAFK	FAM114A2	SLC2A4RG	ZNF704	ZNF395	NTRK2	NFE2L3	UPK1A	CD109	CDC42SE2	NFE2	CHIC1	NRL	TMSB4X	CDC42SE1	PER3	NFIL3	RUNX1	RSBN1L	PROM2	UBN1	FAM114A1	TNFAIP8L2	CNEP1R1	HAND1	MAFG	PZP	TMEM170A	NYX	SLC46A2	CGN	CNPY3	KIAA0319L	A2ML1	TMEM242	NFE2L2	SPRYD7	DBP	MXD1	A2M	WBP11	CHIC2	BANF2	STARD3NL	KANSL1
31	1.0	MARCH11	ALDOA	MARCH9	MARCH7	MARCH4	ALDOB	MARCH2	LSM14A	LSM14B	MARCH10	ALDOC	MARCH8
32	1.0	LYPD2	ZNF326	C16orf74	TNFRSF13B	LY6E	C3orf52
33	1.0	NOMO2	CCDC90B	MBD1	CLN8	MMP19	YTHDC1	HMOX1	CLEC17A	PDRG1	SLCO4C1	RNF152	PAM	MMP7	YTHDF1	PURB	MMP1	MMP20	MBD2	MMP11	PURG	TNRC18	MBD3	DCT	MMP17	NDRG1	MMP24	NDRG4	RNF208	MMP27	MFN1	NDRG3	NUP133	MMP10	MMP21	NOMO1	MMP25	MYC	MMP26	NIPAL4	MMP12	FBXO31	MLF1	MMP16	RNLS	NOMO3	MMP23B	OBFC1	MMP3	B3GALT6	HMSD	SLC16A14	ARNT	GRIN1	MRPL54	MMP8	SIAH3	ARRDC5	YIPF3	SYTL2	H1FOO	NIPAL1	EBF2	RTN3	TCEB2	TTC38	SBNO2	HNRNPK	YTHDF3	MRPL45	YTHDF2	ZNF645	RAD51C	RNF182	MMP13	ITGB5	SBNO1	CLASRP	HAS2	PURA
34	1.0	PITPNM2	PITPNB	PITPNM3	PITPNA	PITPNC1
35	1.0	MUL1	MORN5	MYLIP	ALS2CL	RSPH1	RSPH10B2	RNF34	NEURL1	TRPV6	ELMOD2	MORN1	MORN4	MORN3	NEURL1B	RSPH10B
36	1.0	TAF15	CPB2	EXD3	RANGRF	MORN2	MEX3D	TTLL12	DAO	QDPR	DIRC2	CPE	PI4K2A	PBLD	TPH1	CPD	KCNC4	TTC14	ANKRD34C	SLC17A7	KCTD9	SCN5A	DCTN5	GSTM2	HPGDS	SPNS1	DLK1	PYROXD1	DNER	KCNU1	RHOBTB3	FAM173B	VWDE	AGGF1	JOSD1	HOOK2	SEPHS2	DYNLRB2	ABHD15	PNPLA8	TNN	WDR83OS	ATXN3L	WDYHV1	KCNT1	CHMP4B	PXMP4	KLC1	SLC35D2	PEBP4	GSTM1	MLYCD	RBM34	YBEY	SCN4A	KCNC2	TMOD4	ISOC2	DCTN6	CCIN	HEATR5B	LRPPRC	CAMTA2	SQSTM1	MFSD7	ATP1A4	MEX3B	AK7	CHERP	MRPL21	PSME3	CHMP4C	KCNH1	ALKBH1	RNH1	NCLN	DLL3	SCUBE2	GRINA	CBLB	SLC17A8	SHKBP1	TPH2	FLVCR1	MYH2	KLHDC7B	CPM	LRP6	DYNLRB1
37	1.0	HBG2	IRF2BP2	RTKN2	TERF2IP	SRFBP1	SLC16A4	MRPL44	HBB	TMEM246	IRG1	PEX11B	PATL2	TOMM7	L3HYPDH	ROMO1	PEX11A	HBE1	SPTSSB	MRPS23	PMF1	URB2	CHCHD5	SCEL	RNF212B	HBG1	NXF5	INSIG2	NXF1	HIRIP3	NUGGC	TMEM42	WIPF2	PMF1-BGLAP	HBD	WDR73	OSGIN2	SUPT7L
38	1.0	GLB1L3	PAPPA2	COPS8	SLC3A2	TMEM50B	PM20D2	GLA	GLB1L2	NAGA	GLB1L	GLB1	MEST
39	1.0	TOE1	CA5B	PARN	CA8	NOA1	PNLDC1	CA3	PREPL	CA1	CA9	CA4	CA14	CA13
40	1.0	FAM120C	PHTF2	OSTM1	STARD3	INO80E	FOLR3	AGTRAP	NRM	GOLGA2	SPDYE2B	SYPL1	SPDYE3	UBALD2	FOLR1	GNG8	CADPS	SPDYE2	SPDYC	SPDYE4	C1orf50	IZUMO1R	FOLR2	SYP	UBALD1	SPDYE5	SPDYE1	SYPL2	SPDYE6	FAM177B	SYNPR	SPDYA
41	1.0	DEFB108B	C15orf62	SCGB1C2	IFI27	PDPN	C1orf111	C16orf71	LCN9	ERVV-2	TUSC1	TNFSF4	GHRL	C11orf52	GOLGA6L9	RNASE13	SCGB1C1	TMEM156	ERVMER34-1	FAM170B	C12orf60	GOLGA6L10	ERV3-1	SCT	IGJ	MTL5	PTMS	COX14	C1orf100	SMCO3	LNP1	ERVV-1	C2orf78	EMCN	IQCJ	DKKL1	PRAP1	LAT2	C19orf38	IL4	MAPK1IP1L
42	1.0	RIMS1	GALT	NUPL1	B3GAT1	MRPL18	TMEM14C	B3GNT9	STAG3L4	ARNTL	SREBF1	AFMID	APPL2	PPAPDC3	BPIFC	PLTP	BPI	DET1	TFE3	B3GALT1	USF2	MYCL	MGAT2	SREBF2	B3GAT2	PNPLA1	SSX2IP	TFEB	B3GALNT2	ADGRL3	MED13	B3GNT8	RCAN2	NDUFAF2	NPR3	MCUR1	USF1	MAX	B3GALT2	NKD2	PFDN1	MMP2	MMGT1	TMEM68	TSPAN13	CNIH2	SF3B1	SMPD4	TCEB3CL2	RADIL	CXorf56	LYSMD3	LDB1	KIAA0930	MED23	PLA2R1	SPG20	GRN	PPP1R21	MITF	WASF3	LBP	NDRG2	B3GAT3	RBPJL	ENPP4
43	1.0	HPS1	BTG2	SDHC	C2orf76	COMMD8	CC2D1B	BTG4	P2RX2	DPEP1	SH2D3C	DPEP2	P2RX3	SNAPIN	C9orf72	COMMD6	BTG3	SMCR8	COMMD1	CSTB	P2RX1	ELP6	CSTA	DPEP3
44	1.0	ADGRL1	EPX	PTGS1	MROH2A	ATF7	SYTL3	CNTNAP2	NXF2	RABIF	NTN4	FNIP1	NTNG2	MPO	NXF2B	MED20	CNTNAP5	ASUN	KANSL2	SZT2	NTNG1	TOB1	ARMC1	TMEM131	FRMD4B	NOXO1	SH3GLB1	ATF6B	ATF2	NXF3	FRMD5	AMPH	NTN1	FBXO48	FNIP2	NTN3	UHRF1BP1L	PTGS2	CNTNAP4	BLOC1S4	TOB2	MFGE8	PPP1R9A	EPB41	EPB41L2	EPB41L4A	FRMD4A	BTG1	ITGB1	BCAR3	NRP2
45	1.0	NGF	WHAMM	OTOP1	SAA2	HAVCR2	PNMA5	NCR3LG1	DDIT4	IL18R1	IGFBP4	CENPT	BTNL8	GREB1L	COX7A1	PGF	FAM171B	DSEL	CDCA8	SIGLEC9	AKIP1	SAYSD1	DIABLO	MFF	FAM171A2	GGT6	VEGFA	AKAP6	NTF3	TMEM251	ITFG3	BDNF	COX16	FAM133B	FAM171A1	ARPP19	SLC22A31	KATNBL1	ATP6V0E2	NUMA1	FIGF	DISC1	OR10T2	C1orf109	C3orf38	NTF4	VEGFB	FAM195B	NANS	OR5I1	EPPK1	HABP4	BAK1	CBLN1	FAM198B	SAA4	OR1J2	TMEM211	IFITM1	DDIT4L	CEP152	NRBF2	FOSL2	CCM2	MT-ND6	GEMIN4	TMEM25	FUT2	FAM195A	CCDC73	SLAIN2	SAA2-SAA4	IL1RAP	C9orf116	MAP1S	USHBP1	CCDC85B	TMEM91	CASC5	EBI3	IFITM2	LAMP1	CHTOP	STMN3	SLC7A6OS
46	1.0	ACRBP	LEP	LYPD3	CCDC160	LYPD5	CEACAM3	CCDC185	KISS1	AMBN	CYHR1	SERTAD1	FAM228A	CDCA5	SMCO1
47	1.0	FNDC9	FAM180B	TSPAN32	PSRC1	COX7B	DSN1	AKAP2	KIR2DS4	IAPP	KRCC1	IL37	GMNC	IL17REL	TREML2	GUCA2B	FLG2	UIMC1	C11orf24	AKAP3	POM121L12	MPL	CHGB	G0S2	KIR3DL3	ZNF483	RPRM	LCN10	RTP5	HRNR	CHGA	COX7B2	RSRP1	PNRC1	C6orf89	RPRML	CSHL1	VRTN	PNRC2	CD28	TMEM81	C10orf12	RGCC	REC114	TMEM174	LYPD1	GUCA2A	CENPU	ARMCX6	PPP1R26	NRGN
48	1.0	HMOX2	NADK2	UBXN11	SS18	ZCWPW2	HAS1	SS18L2	ZSWIM7	GIMAP8	AOC3	HEBP1	RBM44	GUCD1	AAED1	GIMAP1-GIMAP5	MFSD2B	SS18L1	PLD6	ENTHD2	CLCA4	THYN1	THEM5	OIP5	CLCA1	DBF4B	ADHFE1	C11orf68	GIMAP7	GIMAP4	FAM186A	TYMP	LRRC14B	PARP6	OSGIN1	NTPCR	ADPRM	GIMAP2	TMEM43	APOA4	HENMT1	MIS18A	GIMAP6	SURF2	GIMAP1	NOXRED1	RNF214	RSAD2	AOC2	SPRR3	AOC1
49	1.0	ENC1	KLHL24	KLHL2	LRRC61	COPE	PLEK2	RHBDL2	KLHL32	RHBDL3	SPOPL	KLHL18	KBTBD4	BTBD1	KLHL33	KCNH4	BTBD2	BTBD8	KBTBD7	BTBD9	GAN	BTBD3	KLHL31	KBTBD6	KLHL40	KLHL34	KLHL5	KLHL42	KBTBD2	BTBD6	KBTBD12	KLHL15	KCNH3	HNRNPF	KLHL6	KLHL35	KBTBD8	TUT1	KCNH2	KBTBD13	KCNH8	KCNH5	KBTBD3	KLHL11	NAA40	KCNH6	SPOP	KLHL17	FER1L5	KLHL23	KLHL38	KCNH7	KLHL26	KLHL36	KLHL3	TBCC
50	1.0	GBP5	ELFN2	COG6	FUT3	LIMD2	GRM3	BHMT	FUT9	ALPI	NT5C3B	CSRP2BP	PKP3	LRFN4	CREB3L3	GBP3	ATL2	MAN2A1	ENPP2	CHMP4A	FOLH1	SEC23IP	GRM5	NT5C3A	ATL1	CNOT11	RMI1	RCN3	BTBD19	GABBR2	PKP4	MUT	FUT5	TAS1R3	ZUFSP	CREB3L4	VTI1A	SLC15A3	ATL3	CTNND2	GPRC6A	MRPL22	SAT2	GRM2	AQP8	POMGNT1	INTS3	GBP6	CACNA2D3	TAS1R2	TXNDC16	FUT6	DIP2B	CASR	FUT4	NAGPA	FUT7	FUT11	ENOPH1	SNAPC3	MAN2B1	MCM10	MAN2B2	SPSB4	TRIM64C	GBP2	MAN2A2	GRM6	SLC15A4	RNF25	GPKOW	PLD4	MICU3	AADACL2	FUT10	GBP1	MGAT1	CREB3L1	CTNNB1	GBP7	LPGAT1	GBP4	JUP	PXDN
51	1.0	NEB	L3MBTL4	ZNF821	GRHL3	PDE4DIP	TAL1	MGAT4B	FAM102B	PHC1	TOMM20	PHACTR1	GAS2L2	UNC80	HIF1A	GRHL1	ELMO1	PHACTR4	PHACTR2	EPAS1	TFCP2	COX4I1	TFCP2L1	SPTSSA	PHACTR3	TMA16	UBP1	L3MBTL3	TOMM20L	AKAP10	CEBPE	FAM102A	GRHL2
52	1.0	TMEM143	C22orf15	CREBL2	INSIG1	TNFRSF11A	TM6SF1	NCOA5	FAM129A	TMEM35	MAP1B	FITM1	FYB	GLT6D1	HYPK	ELSPBP1	PARPBP	CENPN	GLYATL3	C1orf177	GBGT1	LTBR	NECAB3	ITLN2	TMEM170B	HPS4	SH2D5	FAM81B	GLMP	TAF1A	STRA6	GCOM1	PXDC1	NAT16	NEU3	BST1	ABO	TM6SF2	FAM129C	P2RX4	MKRN2OS	FAM81A	COX7A2L	BSPH1	FUOM	C5orf49	TTYH1	TMEM132B	ANKH	KIAA1257	ERICH6B	TNFRSF6B	STEAP1	CCDC83	TMEM132A	P2RX6	TMEM243	TUSC2	TNFRSF4	TCHP	TMEM132C	CD38	CCDC23	CARD9	FAS	SIDT1	EVC2	P2RX5	IDO2	CD27	ERICH6	TMEM132D	CD40	R3HDM4	STEAP1B
53	1.0	OR4F5	MGST1	OR11A1	XKR6	OR2T5	BOD1	PTGDR2	ZMYM2	OLIG1	AGER	OR4K14	HEY1	EDNRA	BHLHE23	OR4P4	ATOH7	OR1N2	TFAP2D	SKOR2	OR2A42	SEMA6B	OR4K1	OR4L1	KAL1	OR2A1	ZMYM3	OR1E2	OR4D6	OR10A6	MSC	HEYL	OR1E1	OR2T29	NR2F1	OR4K17	GPR27	OR2B11	BHLHE22	BCL7B	ID4	OR2W1	ZSWIM5	ARL14EPL	SEMA4G	DACH2	MRPS30	SKIDA1	XKR4	ELL2	DACH1	CD200	MICALCL	BOD1L1	OLIG2	ATP5J	TPM2	VSIG8	TCF24	MBD3L1	MC1R	ATOH1	NDUFB10	SEMA7A	S1PR5	ZSWIM8	ELL	OR2H2	BCL7C	QRICH1	NEURL2	OR4C3	RUNDC1	OLIG3	GPR61	S1PR4	OR2AT4	NEUROD6	OR2G6	ZSWIM6	OR13J1	TSPAN18	OR4C15	NTSR2	OR1L8	OR4A5	OR11G2	MSGN1	OR14I1	OR9A2	SKOR1
54	1.0	GLIPR1L1	CRISPLD1	CRISP3	R3HDML	GLIPR1L2	PI16	CRISP2
55	1.0	CHRNA6	GABRE	GABRG2	GABRB1	SHROOM3	SESTD1	GABRA2	GABRA3	CADM1	NDUFA7	HTR3E	GABRP	ST7	HTR3C	GABRQ	KRT85	GABRA6	CHRND	GABRG3	GABRG1	FCN1	GABRA4	GPR137	NEXN	GABRB2	CHRNB2	GLRB	GLRA2	CLEC12B	DLGAP5	CHRNB4	KRT7	CMYA5	GABRR3	SOCS4	NTM	KRT78	SHBG	HS6ST2	DGCR8	GABRD	GABRA1	TMEM9	GLRA4	GABRR1	GLRA1	ST7L	SOCS5	GABRR2	HTR3A
56	1.0	MRPS2	ASL	SEPT11	SEPT9	QPCT	SLC26A8	CHI3L2	CHIT1	SLC7A9	OVGP1	FRY	NIF3L1	SEPT7	CHIA	PNPO	FRYL	SEPT14	CPSF6	CHI3L1	SLC26A1	SEPT3	SEPT4	FAIM2	SEPT1	RMND1	SLMAP	SLC26A2	ADGRA3	HK2	HK3	FBXO16	GCK	SDHAF2	SLC26A5	FURIN	SEPT10	NUFIP1	SEPT6	GLTP	XPA	SEPT8	LEMD3	GGA1	ERMP1	SAT1	TOMM40L	SEPT12	HK1	SLC26A3	SEPT2	SLC17A6	MAGT1	SEPT5	SLC26A4	HKDC1	PCSK4	SLC26A9
57	1.0	BLOC1S2	ENPP7	FAM214A	TAF4	POU4F2	ENPP3	ENPP1	TRPC1	HMX1	NANOG	TMEM38A	SMG9	FAM126B	RBM26	GPALPP1	WAPAL	TXLNB	RCAN3	MLX	NKX3-2	XYLT2	DONSON	TFR2	RIC8B	NPAS2	BZW1	POU3F3	NAALADL2	GCNT1	SNAPC1	NAALAD2	NAALADL1	NCKAP1L	WASF1	GRAMD4	POU3F1	MED22	XYLT1	SCOC	TYR	GCNT2	PATL1	BNIP1	SAMD4B	GCNT3	TAF4B	POU4F1	RBPJ	A4GALT	WASF2	ENPP5	MAU2	SAP30	POU4F3	GCNT7	TYRP1	ZNF609	FAM214B	CREB5	POU3F2	CPQ	GCNT4
58	1.0	PPP2R3C	ADCY6	PDE3A	ADCY1	PDE6A	PDE3B	ADCY4	PDE4C	JPH4	PDE9A	ADCY5	ADCY9	PDE1B	PDE4A	PDE1C	PDE4D	CNGA2	GUCY1A3	JPH2	PDE2A	PDE5A	PDE4B	ADCY2	ADCY7	ADCY8	PDE7A	PDE6C	DNAH11	DNAH10	PDE10A	PDE8A	JPH1	PDE11A	PDE8B	JPH3	PDE7B	PDE6B	PDE1A
59	1.0	NLRP2	RBCK1	KCNQ5	KCNMA1	NLRC5	PPP1R37	KCNA4	SLC35C1	KCNV2	KCNG1	FKBPL	EDC4	KCNC3	UBXN6	KCNA10	KCND3	DAGLB	MFSD1	TRAF4	KCNA6	SLC44A2	TTC16	UBTFL1	HOOK3	PCBD1	DCN	SLC44A4	KCNQ1	RFFL	TNXB	KCNA1	KCND2	RAI1	MEX3A	TNC	CHAD	LRRC16A	KCNA3	KCNG3	NLRP4	KCNQ4	TNR	NLRP14	NLRP8	KCNQ2	NOD1	GSTA4	METTL20	KCNA7	KCNG2	TENM1	JMJD8	SCAF11	KCNB2	GCN1L1	KCNQ3	NLRP11	SVEP1	KCNB1	SLC44A1	FRA10AC1	TENM4	LRRC34	RSAD1	KCNS2	WIF1	KCNA5	KCNT2	TENM2	SLC44A3	SLC9C1	RYR1	SLC44A5	TENM3	NLRP5
60	1.0	OR52E4	OR4F21	OR1N1	OR51T1	OR10A5	OR52K1	OR11H4	OR5P3	OR3A3	OR51E2	OR4E2	OR52J3	OR5H15	OR2T8	P2RY13	OR2L2	OR7D4	OR5M8	F2RL3	OR13A1	OR5H14	OR10V1	OR51E1	OR1D5	OR8H2	OR10J3	OR14A16	OR5R1	OR4Q3	OR6B1	OR4D5	OR10W1	OR51V1	P2RY12	OR6S1	OR2A14	OR3A1	OR51I2	OR51A7	OR2F1	OR2A25	FFAR4	OR9G9	OR4F16	OR10A4	OR2F2	OR4F29	OR2AK2	OR3A2	OR4M2	OR1A1	OR52E8	OR1S2	OR5K2	OR10J1	OR10Q1	OR5V1	OR4F3	OR51L1	OR5K4	OR1C1	OR4C13	OR4B1	OR8U1	OR10A2	OR52H1	OR4F6	OR5K1	OR2AE1	OR6C1	OR1G1	OR51A4	OR1S1	OR7E24	OR8U8	OR13G1	OR6V1	OR2C3	OR51I1	OR52B2	OR14J1	OR5H1
61	1.0	FAH	HGD	MARC2	ELMO2	XDH	NIPSNAP3B	GSTT2	SUGCT	WSCD2	NMRAL1	NIPSNAP1	WSCD1	NUDT18	MAOA	NBR1	ACMSD	AS3MT	GPHN	BTD	HAAO	SLC17A4	UGT2A2	PXDNL	OXCT2	NIPSNAP3A	MOCS2	UGT2B17	FBXO3	MARC1	NOX4	ASAH2	MANBA	AOX1	UGT2A1	ALKBH3	MIOX	TPP1	TAZ	KLC3	MTA2	METTL12	CLPP	OXCT1	ASAH2B	PNPT1	DHRS4L2	MOCS1	SLC50A1	ASMT	QPRT	CLYBL	SERHL2
62	1.0	IL1RN	CCL17	IFNA10	CLCF1	PAG1	IFNA5	ZNF197	KIR3DL1	KLRG2	IL10	IFNA17	GPR62	GPHB5	IL1B	EPOR	IFNA4	NKX2-5	IL21R	IFNA7	IL36RN	TIFAB	IFNA6	PYCARD	IFNA21	MS4A4E	MSLN	MUM1L1	IL36G	KIAA2022	IFNE	IFNA16	IL20	FGFBP3	IFNLR1	MUM1	IFNA1	GTF2I	RHBDD2	CD40LG	IL2RB	IL9R	IFNA13	CARTPT
63	1.0	KIAA1045	AVEN	MZT2A	SYNC	WFDC1	FAM132B	FBXL8	FAM132A	CLRN1	C10orf35	MAS1L	OR56A4	CCDC138	FSIP1	HAUS8	C18orf54	BANP	ZP3	TMEM121	MEDAG	RGSL1	CCDC148	OR13C3	PEA15	CCDC57	TEX43	C11orf16	OR56A5	MS4A15	OR8B12	RD3L	SAMD9L	CARD17	MFSD3	C5orf30	C4orf17	RBM43	OR56A1	EFCAB12	KIAA0753	MZT2B	CARD18	SPATA7	PRAMEF18	C11orf88	FANCE	SPICE1	CFAP221	TMEM220	C19orf25	TNIP3	WBP1L	MS4A5	SEPN1	TMEM168	BAD	HAPLN1	OR52W1	MS4A1	C20orf96	MTBP	CCDC89	RITA1	FANCB	C7orf72	FAM181A	NDP
64	1.0	MTIF3	HAUS2	CCDC127	BLOC1S5	C14orf80	TMEM229A	MSMP	RGS7BP	GPBP1L1	C7orf43	FAM134A	IRF6	PRRT1	C17orf62	ALOX5AP	C2orf44	CCDC125	SIRPD	MACC1	HBQ1	GPS2	HAUS7	OR8J1	GPBP1	RD3	FAM204A	CCDC66	GTSE1	VOPP1	TNFSF15	NSMF	TEX36	SYCE2	IMPG1	CENPQ	TMEM229B	SAA1	FAM89A	FANCC	C9orf9	OR8J3	JMY	MEI1	PTN	CCDC162P
65	1.0	PHLDB1	LIMA1	CCZ1B	RGS20	KERA	NF2	FAM109A	PHLDB3	NCSTN	BCHE	RGS19	TAS1R1	CCZ1	FAM120B	LMOD3	LINGO2	PHLDB2	CYFIP1	LRFN3	TMOD3	PLEKHH1	TASP1	DOCK8	DOCK10	MICAL1	ISLR2	ZFYVE27	UNC13D	GRM1	RGS13	CNN2	MSN	PLEKHA6	LINGO3	EXOC7	RDX
66	1.0	SYT4	GMFB	SPTBN5	CPNE9	EDEM1	CCDC47	EDEM2	SRY	SKP2	STX19	SOX8	DENND2A	PCSK5	DENND2D	DIDO1	WDR4	GINS4	DPP7	TESC	MACF1	DENND5B	DENND1A	KIAA0907	SLITRK4	SOX12	CWC15	DENND4A	SOX4	IVNS1ABP	PYGL	SLC39A11	IPP	SOX9	CBLC	DENND5A	MTMR11	EPM2A	PHF20L1	LCLAT1	PLA2G15	PISD	TAF9B	ASPM	CPNE2	PLEKHA1	SPTBN1	FAF1	SLC37A4	DENND1B	ADARB1	MAN1C1	NELFE	KLHL30	CPNE8	SLC35A1	AGL	SLC7A11	DENND1C	MAN1A1	TAF7L	CLPTM1	PTBP1	ST5	REC8	PRSS16	PRCP	STARD5	SLC7A13	SDF2L1	CLPTM1L	MADD	MAN1A2	DENND2C	ADARB2	GBE1	GNPTG	ASH2L	GMFG	ECD	MTAP	C9orf64	RANBP3	TDRD3	SOX10	MAN1B1
67	1.0	VASH1	ZC2HC1A	CENPJ	UNC119B	BBS5	KIAA1841	GUCY1A2	SCN8A	UFSP2	UNC119	KIAA1683	PARP12	AGBL5	VASH2	PKD2L2	CEMIP	SESN1	IFIT1B	OSCP1	AGBL3	SCN10A	PPP2R3A	AGTPBP1	AGBL4	ADPGK	CFAP36	CEP290	SESN2	CEP131	IFT43	ALOX12B	NUF2	AGBL1	AGBL2	SPAG17	COMMD2	SESN3	PPP2R3B	SCAPER	CAMSAP2	HHATL	LRRC56	FKTN
68	1.0	SPEF1	POLR1E	CCDC61	RASIP1	ADCY3	IFT52	CCDC77	TCTEX1D4	CEP44	CLUAP1	NPHP4	RPGRIP1	TTC26	TRAF3IP1	PHOSPHO2	FAM221B	C2CD3	IFT57	NWD2	C8orf37	SPATA4	FOPNL	ADPRHL2	CCDC65	CFAP57	CEP164	WDR35	MKS1	IFT140	BBS1	TTC30B	NUDT1	B9D1	SAXO2	EFHC2	PACRG	BBS9	C2orf81	MCOLN3	CHMP3	ITPR2	TPPP2	PKHD1	IFT172	CCDC38	TCTEX1D1	RPGRIP1L	BBS7	CCDC40	PDE6D	GUCY1B3	ITPR3	DNAAF2	TTC21A	DNALI1	ARMC9	C20orf194	TMEM67	DENND6B	TRIM67	FAM188B	CEP95	CCDC81	CEP104	C6orf165	TTC21B	TTC30A	CFAP69	TPPP	TTC29	CC2D2B	IQCE	OFD1	IFT22	TMEM216	ZC2HC1B	DNAAF5	PIBF1	DRC7	IFT46	ITPR1	BBS2	MCOLN2	DRC1	MVP	CC2D2A	CEP19	IQUB	LZTFL1	B9D2
69	1.0	GREB1	SPIDR	ZP1	ZP4	RELB	NOL11	RELA	ZCCHC2
70	1.0	ERI2	ERI3
71	1.0	PALD1	PHOSPHO1
72	1.0	NFYA	PLD2
73	1.0	ZNF677	ZNF569	ZNF614	ZNF284	ZNF133	ZNF668	ZNF484	ZBTB32	ZSCAN4	ZSCAN5B	ZNF599	ZNF45	ZNF436	ZSCAN29	ZNF22	ZNF808	ZNF7	ZNF226	SNAI2	MAGI2	ZXDC	ZFP62	ZNF112	ZNF286A	ZBTB7B	ZNF43	ZSCAN21	ZNF286B	REPIN1	ZNF500	ZNF227	ZIK1	ZNF396	ZNF79	GLI4	ZFP64	ZNF774	ZNF337	ZNF473	ZNF585B	ZNF235	ZNF490	ZNF239	ZKSCAN4	ZNF629	ZNF354A	REST	ZNF782	ZNF559	ZSCAN5A	ZNF662	ZNF83	PLEKHA8	ZNF479	ZNF23	ZNF182	ZNF263	ZNF625
74	1.0	GLUD1	GLUD2
75	1.0	DRGX	HOXD3	ENPP6	HOXC4	HOXB13	NKX1-1	MEOX2	CRX	OTX2	HOXC10	MSX2	HOXA1	HOXC6	HOXA13	POU6F2	NKX2-6	BARHL2	NKX6-1	HMX3	HOXA5	HOXD9	HOXC5	HOXB2	PAX6	ALX1	LBX2	HOXA9	MSX1	EN1	HOXB4	HOXA3	HOXD8	ALX3	CDX1	NKX2-8	CDX4	GBX1	DBX1	HMX2	HOXA4	DLX6	NKX2-1	HHEX	HOXA6	MEOX1	NKX3-1	POU1F1	UNCX	HOXD11	ESX1	NKX6-2	VSX2	EVX1	POU5F1	HOXA10	NKX1-2	BSX	BARHL1	HOXB6	HOXB5	DLX5	BARX2	ALX4	HOXB3	EVX2	GBX2	OTX1	CDX2	EN2	NKX2-3	HOXA11	EMX1	NOTO	PAX4	HOXA2	HOXA7	HOXC8	DBX2	PROP1	ISX	HOXC13	HOXD13	HOXB7	MNX1	HOXC11	HOXD1	DLX2	ARX	HOXD10	TLX3
76	1.0	VENTX	RHOXF2B	PITX1	HESX1	RHOXF2	GSC	RHOXF1	DUX4	PITX2	DPRX	MIXL1	PITX3	CHCHD4	GSC2	HOXD12	RAX	OTP	POU6F1	DMBX1	DUXA	LBX1
77	1.0	VGLL3	VGLL1	VGLL2
78	1.0	LIX1	SPRY1	MBD3L3	MBD3L5	SPRY2	MED27	MBD3L4	NFATC4	MBD3L2	LIX1L	SPRY4
79	1.0	ARPIN	SREK1IP1	RMI2	TMEM201	MED18	DDA1	MTERF2	TMEM8A	CCDC84	MAGEA6	BHMT2	CCAR2	TYSND1	LAMTOR4	BCAS4	BPIFB4	TMEM45B	STK19	MYDGF	PSMG3	TTI2	PFN1	DCDC1	SLC35E4	MED25	ZG16	HAUS3	TEX11	C14orf1	TEN1	MRPL41	WIPF3	CCDC169-SOHLH2	LAMTOR5	A4GNT	CCAR1	BATF2	BABAM1	RBM24	ZMYND15	TXLNGY	RNF183	MGAT3	TMEM8B	BRWD1	GLTSCR1	HAUS4	SNRNP48	C11orf31	SNRNP25	GON4L	GHDC	HEATR3
80	1.0	NUB1	FAM57A	ZCCHC14	CP	DNMT3L	SRXN1	ST3GAL3	ST3GAL6	YY1AP1	ST6GALNAC5	GDAP1	FTCD	TREX2	ST3GAL1	MED12L	ST6GALNAC6	ST3GAL4	ST3GAL2	CENPI	ZNF385B	TMEM214	ST6GALNAC2	FBXO7	FAM57B	ST8SIA1	GLMN	THAP4	ST8SIA6	SPHKAP	ST6GAL2	TMEM45A	ST8SIA2	ST6GALNAC4	ST6GALNAC1	ST6GALNAC3	ST6GAL1	ST8SIA3	ST3GAL5	ORC6	GLT8D1	AQP12A	SAAL1	FOCAD	MRPL34	ST8SIA4	PDCD7	ST8SIA5	GLT8D2
81	1.0	SYNGR4	SYNGR1	SYNGR2
82	1.0	NMB	C16orf46	TMEM204	ZCCHC16	EID1	GRP	SMIM1	PNMA3	PNMA6A	SLX4IP	TMEM240	HMGA2	C8orf59	TMEM202	ZMYM6NB	KIAA0586	CCDC17	SMIM10	C17orf67	C19orf66	C12orf40	SNX21	TMEM154	GOLGA8O	BCL2L10	KDF1	SLN	SYCE3	TMEM119	BEND2	C2orf80	ZCCHC12	CD99L2	IGSF6	MLLT11	CSF1	TMEM37	GPBAR1	BOLA3	NMS	TCOF1	SYCE1L	BCL2L12	PNMA2	GOLGA8B	CENPW	PRR29	C15orf39	STMND1	TOMM5	CYYR1	GNRH2	MUC12	C12orf75	PRLH	SNAPC2	MOAP1	TEX12	CLDND2	TEX15	C11orf96	TRIQK	TMEM221	SLC51B	C21orf58	C8orf88	C1orf127	RAD54B	MPLKIP	OMP	C17orf89	SYCN	VMAC	TMEM218	PPP1R35
83	1.0	SCN4B	NBPF12	NBPF9	PRRT3	REP15	CD58	TCTA	NBPF3	ADM2	FAM197Y7	C19orf67	HMGN3	RAI2	C4orf32	TNFSF10	PRR15	NPB	COX8A	NPW	NPPB	GPR162	CDK11A	FAM86C1	BAALC	SPACA4	NBPF6	MAP6D1	MFAP5	NBPF15	MARCKS	FAM159B	KIAA1644	XIRP1	CAMK2N1	NBPF10	EPO	NDUFB6	NBPF14	RFXAP	NBPF11	NDUFA3	FYTTD1	ECM1	C10orf54	C3orf80	C1orf210	NPFF	TMEM238	ADM	NBPF4	C2orf88	CAMK2N2	KIAA0101	CIART	FANCF
84	1.0	ARID1A	SCRG1	ARID3B	SNX19	STEAP2	PRR5	ZCCHC10	C14orf2	KIAA2026
85	1.0	PATE4	FAM220A	SPRR4	TMCO2	TMEM253	HCST	MACROD2	SCIMP	CDH26	KPRP	LY6G6D	TRNP1
86	1.0	PTPN5	FLNB	SMARCC1	PTPN3	SLC9A4	UTY	SMARCD1	RNF41	SETD1A	SLC9A3	ZBTB17	OSBP2	SMYD1	ZBTB7A	PODN	KHDRBS3	SLC9A5	KHDRBS2	YIPF6	SENP3	SLC9A8	OSBPL8	MEF2C	ZBTB8A	ZBTB3	ELAC1	CIB4	MEF2A	ZBTB44	SNAPC4	ZBTB8B	RNGTT	SLC9A2	ZBTB33	ZBTB41	ZC3H6	SLC9A9	POP4	FER1L6	MEF2B	MEF2D	YIF1B	SMARCC2	OSBPL5	HAT1	LRG1	ZBTB14	LRRC8B	LINGO1	MLLT3	ZBTB39	SLC9A1	SMYD5	MEF2BNB-MEF2B	SIX1	MLLT1	TRIM5
87	1.0	OAZ1	OR4X1	OR2L3	OR56B4	MEN1	OR5D16	SDC2	GPRC5B	PASD1	OR4X2	OR10S1	OR5D13	CACFD1	GPR82	OR11H1	OR52B4	OR6F1	OTOP3	PLXNA4	OAZ2	OR52M1	CBFB	HIST1H1A	OR8B8	OR4N2	PLA2G2A	CREB1	C19orf52	PLA2G10	OR51S1	OR1Q1	AMN	OR7G3	OR52E2	LDLRAD1	SATB2	HIST1H1B	CCDC28B	OR10J5	OR5B17	MRPL42	GATAD2A	OR13F1	ATF1	ADTRP	OR5B3	FABP1	OR8G5	SDC4	CD274	OR5B21	EVPL	MED30	GPR171	COL4A5	OR2AG2	OR4F13P	SATB1	OR8B4	GPR31	OR52A1	OR1J4	CCDC28A	OR6Q1	OR2T11	OR2G3	OR8G1	OR8D4	ROM1	HPX	OR2T1	PIGR	OR5H2	HES7	HIST1H1T	OR51A2	OR2L13	DAXX	OR9K2	BHLHA9	FCER1A
88	1.0	TTLL2	TTLL9	TTLL11	TTLL5	TTLL4	TTLL3	TTLL10	TULP4
89	1.0	MT-ND5	MT-CO1	MKL2	MT-ATP6	MT-CO3	MT-ND4	MT-ND1	MT-CYB	MT-CO2
90	1.0	ADGRL4	EDIL3	ATF6	SLC43A3	LTBP1	CTNNA3	PLEKHM3	SLC43A1	SUSD1	MIER3	GAS6	MIER1	MAGEB17	ADGRB2	FLOT1	FAT1	PEAR1	MSL3	VCAN	RCN2	FBLN7	EYS	DLL1	PSMD5	LTBP4	APH1A	SYAP1	BZRAP1	CRB1	HSPBP1	ACBD3	ELFN1	LTBP3	FBLN1	LRRC24	HEG1	OIT3	CRELD1	ZMYND11	FBLN2	JAG1	SMG8	UMOD	FBN3	CLOCK	NELL2	ANP32D	SLMO1	CD93	FAM135B	LTBP2	SNED1	EFEMP1	SLC43A2	PROS1	MATN2	NPNT	CELSR1	B3GNTL1	CD248	ENAH	HMCN2	PRELID1	FBLN5	EGFL6	EGFL7	HMCN1	ELMSAN1	ADGRE2	THBD	CUBN	NKRF	MEGF6	SLMO2	MAGEE1	DLL4
91	1.0	SUN3	LRP8	CHMP7	RCOR1	SUN1	RCOR2	PLOD1	PHF6	ALOX5	ZBTB24	SSR1	NOTCH2NL	TRIM55	MTA3	SPAG4	LRP2	FBXO24	RNF207	LRP4	RAB3GAP2	AGMO	NID2	RBM20	SUN5	TRIM63	RCOR3	DCAF12L2	TRERF1	EFEMP2	SUN2	MICU2
92	1.0	LTA	CKAP2	TMEM102	TNF	KCNMB4	CKAP2L	TBXA2R	LYVE1	FAM134B	TRAF3IP2
93	1.0	RAPGEF5	LMAN2L	RGL4	RAPGEF6	PACSIN3	HCLS1	RALGDS	BCL11A	CNN1	CAPZA3	RASGRP1	LMAN1	DOCK1	RALGPS1	EPS8L3	SKAP2	RASGRP3	RASGRP2	RASGEF1A	DOCK2	LMO2	TMED5	NCF1	PLEKHG2	CNKSR2	RAPGEFL1	RASA1	TMED1	PLA2G4A	GRAP	NF1	SPR	CRIP3	RASGEF1B	AKAP13	DOCK5	RHPN1	SLC12A4	RGL3	SH3RF3	RASA2	PSTPIP1	RASGEF1C	NOXA1	RASAL3	FNBP1L	DBNL	RASGRP4	LMO1	RALGPS2	RGL2	FNBP1	RGL1	TWF2	KNDC1	CDC25B	SLC12A5	CDC25C
94	1.0	MFSD12	NIPAL2	SERPINA12	SLC16A7	SLC10A1	SERPINF2	SLC16A1	SERPINB1	SERPINA11	SERPINE1	GLIPR2	SERPINA7	UBIAD1	GRIA2	EBF4	SERPINA6	SGMS2	SERPINB7	GRIN2B	GRIN3B	SERPINA1	GRIK2	SERPINE3	SERPINB2	SLC10A6	SERPINB3	SLC10A5	BCO2	SERPINB8	SLC23A3	SERPINB13	GRIN2D	SERPINA10	NTAN1	GRIN3A	GLOD4	WTAP	GRIA4	SERPINB9	BCO1	SERPINF1	SERPINB12	UGT2A3	OCM2	GRIK5	SLC10A2	GRID2	GGTLC1	KCNK18	SLC23A2	SERPINA9	UGCG	SERPIND1	PKDREJ	NIPA2	MTERF3	GRIA3	CBLL1	GRIK1	ATE1	GRIN2C	FRRS1	SERPINI1	GRIN2A	SERPINB11	MDM4	ESRP2	SLC16A12	SERPINB10	CARHSP1	SERPING1	SERPINA4	SERPINB5	B3GNT6	SLC10A3	NHLRC2	SERPINB4	SLC18A1	TEX30	GGTLC2	SERPINB6	VWA3A	GRID1	SLC13A2	RPE65	SERPINA5	SERPINC1	BACH1	MRPL14	SERPINE2	DCTPP1	GRIA1	SERPINH1	SERPINI2	THOC7	SLC10A4	SLC23A1
95	1.0	TNFRSF21	TSTD1	GLIPR1	TOR1A	PI15	VNN2	TRIM45	PTCD3	GHITM	CRISP1	NMRK2	COQ10A
96	1.0	SLC6A13	SLC6A6	SLC6A17	SLC6A15	SLC6A3	SLC6A16	SLC6A12	SLC6A19
97	1.0	ARNT2	MMP15	HOXC9	HOXB1	EAF2	FCHO1	TMEM259	GRXCR2	KRTCAP2	ANP32E	LDB2	USE1	HARBI1	TCEB3C	TWIST2	HR	SSBP2	KDM3B	FAM126A	CNFN	AKAP17A	EAF1	CPAMD8	ZNF862	HDGFL1	MMP14	UBXN4	ARNTL2	ERLIN2	BCAP31	RNF223	ZNF608	ZBED4	RCAN1	CLEC2A	FBXL3	R3HCC1L	BHMG1	C11orf30	SDHAF1	SSUH2	CLEC2D	MLXIP	HHIPL2	EVA1C	TCP11	MMP9	SSBP3	KIAA0430	SUPT20H	TMEM230	PRKRA	BHLHA15	BARX1
98	1.0	NATD1	UNC93B1	XRCC4	GDAP1L1	CMC4	YLPM1	MYOCD	MED12	HAUS1	UBL3	ZMYM1	STEAP3	ZBED6	KANSL3	CYBRD1	TMEM256	HPSE	HEPH	MRPS27	NCDN	PON2	STEAP4	ZBED1	JMJD1C	KDM3A	DEPDC1B	CRYAA	SMNDC1	RBM48	MMP28	PLAC8	MROH5	HPSE2	SOHLH2	KIAA1429	TXLNA	ZMAT4	SSBP4	COIL	PON3	PTPMT1	SYS1	TTR	MROH7	BPIFB2	CRAMP1L	NAGLU	MFNG	RFPL4A	HEPHL1	KXD1	ARGFX	CETP	R3HCC1
99	1.0	RTN4	HSPB3	SKIL	CMTM4	TPD52	NPC2	KRT13	TMEM55B	TMEM55A	SKI	SPARCL1	NRXN3	NRG2	HSPB6	STAU2	TPD52L3	KRT16	HTR3B	AMH	HTR3D	TPD52L1	BTN1A1	KRT15
100	1.0	MYH6	PXYLP1	DAGLA	CAPN5	MYH8	CAPN10	MBOAT4	TYW5	MACROD1	CAPN13	CAPN15	CAPN6	PORCN
101	1.0	PTPRK	PTPRF	PTPRS	PTPRO	PTPRQ	PTPN2	PTPRC	PTPN11	PTPRN	PTPRT	PTPN18	PTPRE	PTPN1	PTPN12	PTPN21	PTPRM	NFXL1	PTPN22	PTPRA	PTPN7	PTPRD	PTPN20	PTPN14	PTPRN2	GAR1	PTPRU	PTPRR
102	1.0	SHPK	SCARF1	LAMA1	SLITRK3	LAMC3	LRIT3	TRPV1	TMEM41A	HMGXB4	MEGF9	SNX24	LRRIQ1	LRRC3C	SLITRK5	FRAS1	SYTL5	DERA	LAMA5	NANP	RNF17
103	1.0	MPRIP	RHD	RERE	LYRM5	PCSK2	SLC12A1	INTS1	ITIH6	ITIH5	PCNX	GRM8	CNOT10	GFOD1	PCNXL3	TMEM181	TK2	PLEKHM1	GLS	GOLGA5	VWA5A	PCNXL4	COA6	NLRP9	SPG21	ADGRE5	XPO4	TM2D1	SAMD8	NLGN4Y	CRELD2	ZZEF1	PCSK1	PPAPDC2	LIMCH1	COMMD9	SLC37A3	KCTD16	RHCE	ADGRV1	GPR158	LAMTOR3	RHCG	LMOD2	COMMD7	CBX8	MMD	BBX	CES3	MMAB	SLC12A3	EPHX1	RGS12	ATXN10	STARD6	USH2A	CBX1	HGSNAT	LAMA3	TPP2	CCDC53	NUS1	MMD2	FRMPD2	CREB3	GRM4	ERMARD	PCNXL2	TMOD2	KCTD21	KIAA0226L	MMAA	TMOD1	KCNRG	MFSD2A	CES2	KYNU	ATP6V1G1	ATG2B	FAT3	CLEC4M	DDX26B	ITPKB	PRMT7	DCK	MDH1B	GAS7	SLC45A3	ALPK3	NOL8	GRM7
104	1.0	IL24	IFNK	MAP9	MARCKSL1	TMEM179B	MS4A12	MGP	AKAP7	BSN	ALB	FAM196B	BSND	VGF	SGOL2	C1orf116	IFNA2	SMIM3	GPR160	BRICD5	C14orf39	TMEM196	GLYAT	IL19	PTTG2	MS4A18	TMEM219	TAS2R39	CD83	APOL1	RAD51AP1	FIBIN	DEXI	CCDC71L	FAM196A	CAST	AJAP1	ICAM2	IQCC	TSGA10IP	IFNA8	TMEM159	MXRA7	PARM1	CECR6	GOLM1	BCL2L15	CCDC106	CCL15	IFNAR2	C1orf226	PLVAP	RNASE7	MARVELD1	IFNB1	C1orf168	SFTPC	C17orf58	CRLF2	PTTG1	PLGLB2	CRH	MLIP	EMD	UCMA	NOL7	C2orf71	KRTCAP3	RAET1E	SRGN	TMEM54	C1orf216	GKN2	NPPA	FOXP1	PLGLB1	TMEM158	ERMN	THEMIS2	PYDC1	CARD16	TCP10	SNAPC5	MLANA	PLEKHS1	MN1	POMC	TCP10L2	IFNA14	C1orf174	CCL1	SNX20	CCDC71	IL12A
105	1.0	FANCG	VN1R4	APOM	TUSC5	C19orf26	KIZ	GAL	SYNE4	C11orf53	SCAND1	IL6	CD33	TMEM71	CD3EAP	TINF2	RLN2	ZNF174	PROCA1	ZSCAN2	CXorf21	C14orf28	C11orf95	OTOS	CEACAM4	APOL5	C11orf84	TCAP	RHBDD3	VN1R2	SERTM1	TMEM87A	APOF
106	1.0	PSPH	MPV17L	GYG1	KCNV1	FUBP1	HAO1	KCNS3	CACNA1C	TMBIM4	GSTO2	SORL1	MCCC2	DNTT	LIPK	ALG8	TANGO2	AQP1	PCBP3	CACNA1S	C20orf24	EXOG	RMND5A	CMBL	HIF1AN	RMND5B	CACNA1G	UPF2	DEGS1	PPP6R1	SORCS3	CACNA1I	HTRA2	NOVA1	CACNA1D	LETM2	KCMF1	CACNA1E	CACNA1F	ASS1	PEMT	ORC5	KLC2	XYLB	GNPNAT1	SORCS1	CBL	CACNA1H	NDUFS8	FAM50B	GSTM5	LIPA	CAT	CACNA1B	PTGR1	NDUFAF1	MIP	HNRNPLL	NOVA2	GYG2	PTBP3	ATIC	NAA38	RHBDL1	SLC15A1	TBCCD1	GID8	SORCS2	IWS1	PXMP2	GSTT1	LETM1	SLC32A1	NOSIP	NDUFS2	KCNF1	TIMM8B	GIGYF2	COG2	LIPM	COQ7	CEP72	EIF3M	CLUH	TIMM9	ALG6	KDM8
107	1.0	NUDT8	HPD	DCUN1D2	ARMT1	PCMTD2	NDUFAF6	NUDT13	SLC35F5	THNSL2	ELOVL6	DDC	KMO	AQP9	CLASP1	SECISBP2L	ELOVL2	NDUFS7	TSPY2	GPATCH2	DCUN1D5	TIMELESS	PPT1	TSPY1	NDUFS3	TIMM13	SCP2D1	DAK	USO1	ELOVL4	TSPY8	TACO1	ESD	VAPB	ELOVL1	ELOVL5	DGCR14	LEO1	TSPY4	GRAMD3	SQLE	ALG9	METTL7B	CTNNBL1	SRBD1	EPC1	AADAC	TSPY3	PEX12	COQ4	NDUFS1	SLC22A14	ELOVL7	MAD2L1	RNF185	PPIP5K1	DHCR7	HSD3B7	EIF1AD	HDC	FLRT3	ELOVL3	DCUN1D3	SLC16A9	ENTPD8	NDUFA12	MAD2L2	NOP14	ALG3	VPS28	FAM50A	TMEM87B	TST	GOSR1
108	1.0	CDON	CISD2	NEO1	CNTN1	ERLIN1	GALNS	IGDCC4	MYBPC3	PLXND1	NDST2	NDST3	CATSPER3	COL14A1	L1CAM	DSCAML1	COL6A6	TTC17	DSCAM	EGFLAM	DDAH2	NDST4	PLXNB1	FNDC3B	SGSH	VWA2	GNS	ARSJ	NRCAM	PRTG	DMBT1	DCC	MYOM2	CDADC1	HS3ST2	NUDT4	KCTD13	MYOM1	HS3ST4	FNDC3A	BOC	HS3ST6	COL12A1	HS3ST1	ARSA	INPP4B	TLR10	MYOM3	GALNT8	KCTD8	TRPV4	TRABD	SDK1	FOXRED1	ITGA1	TTC24	IGSF22	SDK2	DDAH1
109	1.0	DVL3	EXTL3	SNX32	NUDT3	DVL2	EXT1	CCDC6	EXT2	SMG7	GYLTL1B	LGI2	EXTL1	LARGE
110	1.0	MAFA	CLEC2B	GRIPAP1	C4orf33	C16orf96	CHCHD3	ASIC5	SCNN1D	TMEM150A	PRG2	KLRC4-KLRK1	GAL3ST1	TMEM26	LEPR	MRPL10	MMACHC	DGCR2	SCNN1A	KLRD1	RASSF2	PRG3	KLRK1	GNGT2	CLEC1A	NANOS2	CD69	IL31RA	GPR88	FAIM
111	1.0	TOR1B	PCSK7	TTC39B	SLC7A4	CPB1	CTBS	KCTD10	RFESD	ZCWPW1	SH3BP4	SLC22A25	BCAP29	SH3BP2	DTD2	TECPR2	PIWIL2	TLR2	POLDIP2	LAMB1	LRRC37A3	LAMB3	ZNF592	SLC13A1	INTS7	PCK2	TRPC6	AMDHD1	TTC36	DNASE2	PIWIL4	B3GNT7	MATR3	SERF1B	KCTD1	KCTD14	FAT2	FICD	TNFAIP1	TXNDC12	PIWIL3	DGUOK	SLC13A3	ARRDC2	ACOT8	PIWIL1	KCTD2	PKD1	SLC8A2	HEMK1	MAP1A	FUCA2	FUCA1	AGO1	LYRM1	KCTD12	LRTM2	SLITRK2	FHAD1	CACNA2D4	AGO3	KCNN2	KCTD6	SLC3A1	UPP1	HIATL1	AIFM1	CPXM2	ARVCF	KCNN1	PNPLA2	GSTA1	NABP2	KCNK3	CNKSR3	NIPA1	MFSD9	AGO4	TTC39C	LAMB2	PLD3	NABP1	DNASE2B	LANCL2	GGT5	AGO2	PTRHD1	TTC39A	KLHDC7A	KCTD15	THBS1	OCM	NIPAL3	LANCL1	PCK1	PAMR1	CHSY3	LANCL3	KCTD18	TMEM120B	GGT7
112	1.0	NT5DC4	NT5DC2	CBX5	HNRNPH3	NT5DC1	GRSF1	OMA1	NT5DC3	ESRP1	LIN54	CBX4	HNRNPH1	RNF216	CBX3	NT5C2	HNRNPH2	CBX2
113	1.0	PLCB3	PLCZ1	PLCB2	PLCB4	PLCB1
114	1.0	RGS8	COMMD3	FAM21A	ITPKC	RGS6	UHRF1BP1	DCPS	SLC12A9	C16orf62	DENND6A	FAM21C	RHBG	UNKNOWN	KIAA1033	KIAA0226	SLC12A2	RGS16	LRRC38	SCARF2	FBXO10	CCDC93	CCDC22	HHIP	RGS10	RGS11	SLC12A8	LAMC1	SGMS1	RGS7	LAMB4	TMEM104	LRRC16B	LGI4	SWAP70	RGS18	KIAA0196	TRIM42	ACP2	FAT4	COMMD4
115	1.0	PLEK	HSPG2	RGS1	NLGN2	ASRGL1	HIP1	MFSD11	EIF4E3	MPDU1	MRPS7	GP1BA	PLEKHA2	RGS2	TG	CES5A	RAB11FIP2	DPYSL5	SPECC1	LRRC17	COA7	LRRN4	AGA	GAB1	NLGN3	CES4A	CHID1	HIAT1	SLC29A4	ACHE	PARG	SYTL4	RGS21	WDR60	SMTN	SMTNL2	COG5	DEF6	PLEKHG7	TAGLN3	NLGN4X	TRIM71	SNX29	ZNF212	RALGAPB	SLC45A4	SYF2	CES1	SLC35E2B	GNPTAB	RXFP2	DIXDC1	MICALL1	HEXA	NLGN1	GAB4	GNPDA2	PLEKHH2	WDR11	DAPP1	LMO7	CEL	SLC35A3	ZNF280B	WWTR1	WASH1	ITPKA	SLC45A1	SMTNL1
116	1.0	CLIC1	FBXO18	GGACT	THEM6	GET4	NQO1	NQO2	SDR39U1	NPL	SLC17A9	CLIC5	PEAK1	SLC5A8	EXOC3L1	TTF1	OGFRL1	POFUT2	ZC3H12D	CLIC4	SLC5A5	SCRN3	SERF1A	ABHD10	FTMT	SLC5A6	GATSL3	MT-ND3	CLIC2	MRPS11	FTHL17	MT-ND2	MBD4	RSPO2	LDHA	KIAA0513	YIPF4	ARRDC1	GBA	PAXBP1	ASAH1	FTL	C14orf159	SLFNL1	CLIC3	AXIN1	ZC3H12A	RGPD5	FANCI	SLC5A12	C1GALT1C1	GTPBP6	COMTD1	CISD3
117	1.0	LHX2	OS9	CRIP1	LAMA4	NUP210L	CNKSR1	PIEZO1	EHBP1L1	TES	PLBD1	HUS1	PRDM2	SAV1	GARNL3	ZFYVE19	PDLIM3	LMAN1L	SYNE1	RGS17	EPB41L5	C18orf8	PLBD2	DOCK4	AGPAT3	CYFIP2	DOCK7	ZMYND19	SPTA1	DOPEY2	PSTPIP2	SLC12A7	IMPAD1	EHBP1	ISL2	MICAL3	PRICKLE3	ZNF277	SLC12A6	NAV2	CNN3	RAP1GAP	MICAL2	PSEN2	TSEN2	LRRN3	NUP210	ZNF639	SYNE2	NEBL	NAV3	PLEKHA4	LHX9	ARHGEF33	ZBTB2	SYT8	RAD1	PARP4	ADAD1	HEXB	CSRP3	RAP1GAP2	MICALL2	XIRP2	AMIGO1	POP1	SPECC1L	CSRP2	UTRN	PRICKLE4	DMD
118	1.0	RASAL2	FCHSD1	NMNAT3	MXRA5	PTBP2	GAB3	LMAN2	CAPZA1	ZNF576	IPCEF1	SENP8	NCAPG	PARP14	SYDE1	PGAM4	SHQ1	GGA3	PIDD1	STAR	AVL9	NEDD9	ARPC5	EXOC6	PHF20	TAGAP	CAPZA2	INPP5A	ARPC5L	QPCTL	NMRK1	DOCK3	SYT17	SNAP91	TLN2	NSMCE4A	ARPC4	SH3PXD2B	CDC25A	DAB2IP	POGZ	SIPA1L3	DOCK9	HBP1	DDOST	PSEN1	SIPA1L1	EPS8	MCF2	CIC	ARG2	PIEZO2	CERKL	PYGM	DOPEY1	AGPAT4	NMNAT2	TLN1	AATF	WASL	NMNAT1	EXOC3	ATG5	ARHGAP19	CTTN	DOCK11	ZBTB9	SH3PXD2A	BPGM	ARHGEF39	PLEKHA5	NSMCE1	BCAS3	DOCK6	RPRD1B	DROSHA
119	1.0	AQP3	SLC7A8	EIF3A	DCUN1D4	TALDO1	HSF4	PODNL1	LPCAT4	HSF2	GPX6	NDC80	SNX2	RPA2	VPRBP	SLC7A7	AMD1	CHORDC1	GPX3	PLCXD1	SETD7	PAPSS1	VAMP5	SLC7A5	GPX4	GPX8	GPX2	MKRN1	NAPG	WWC2	PAPSS2	SLC35A5	FAR2	CAND2	STAG3	CKS1B	SUPV3L1	UNC50	GALK2	SLC35B4	PPP6R3	GPX7	SRL	SLC7A6	NOC4L	LARP4	RSL1D1	OTUD6B	RYR2	SLC26A10	LARP1B	VPS8	OTUD3	MFSD10	FBXL4	FBXL16	ABHD2	PDS5B	SLC4A1AP	SLC7A14	CKS2	GALK1	ZCCHC9	PPAP2C	NOL9	IST1	PNP	VPS16	PPTC7	SLC7A3	TFAM	HID1	SLC22A12	GPX5	GPX1	PPAPDC1B	STX11	KLHL29
120	1.0	PCGF5	UTP6	UTP14C	RAG1	IRX4	PKNOX1	DYSF	METTL5	IRX6	IKBKAP	EDF1	PKNOX2	SIX3	PBX2	SOX21	FMN1	KLHL25	SRP19	EXOSC5	PBX3	TGFBRAP1	DGKG	TGIF2	PBX4	TGIF1	IRX3	TBC1D24	OASL	SLC35B1	SIX2	SOX1	LRFN5	TGIF2LX	IRX5	IRX2	FBXO11	MKX	PBX1	FMNL2	TGIF2LY	TTC33	SIX6	NCOR2	ZMPSTE24	IRX1	AIFM3	CDKN2B	LAMA2
121	1.0	TFDP3	CAB39	SOX6	TFDP1	SIN3B	EIF3D	E2F8	ERCC1	SMARCD3	RTN4RL1	MKRN2	LUC7L3	NUDT6	SMARCD2	WBP4	ING1	DMTF1	ANAPC7	C7orf55-LUC7L2	E2F4	NCAPG2	MCM3AP	KLHL28	E2F7	PCGF6	TFDP2	AGPAT9	ALG5	SLC39A1	GTF3C5	BDP1	E2F6	NGLY1	SIN3A	KEAP1	TAF6L	TOX4	E2F2	CAB39L	LUC7L	TCEANC	KLHL22	UGDH	CNGB3	E2F3	CNGA4	RPRD2	ZC3H15	DNAH9	ING2	E2F1	E2F5	RPRD1A
122	1.0	MTMR2	MTMR7	TMEM222	SYT2	RHPN2	PXK	SLC24A2	TLR6	HSD3B1	DLC1	ARHGAP39	N4BP2	RBM28	GPR89A	MTMR12	MTMR10	SCAF8	MVK	PREP	MTMR8	RAD18	UBXN2A	DPP6	PAQR4	PAQR5	STARD13	DEPDC5	UGGT1	MTMR9	ACY1	LRRC55	PM20D1	SERINC5	SMPD1	SYT1	SOX2	SNX11	SNX9	MTM1	SMPDL3B	AGPAT5	PLA2G4B	SYT10	COG3	MTMR1	LRRC52	APTX	DOC2A	VPS36	UBASH3B	SYT11	KDM2B	ESYT3	ADIPOR1	PAQR3	MON1A	MTMR6	SERINC2	UBR1	CERK	RASAL1
123	1.0	PSAT1	COPS3	RNF217	ZFYVE1	ATG4A	TLE6	ZFYVE16	GCA	PDXK	RUFY1	PLEKHF1	CALR	CLGN	HGS	ZFYVE26	DOC2B	TLR3	ATG4B	RAD21L1	CALR3	SYT9	ZFYVE21	FGD1	RNF14	ZFYVE28	FGD2	MTMR4	ATG4D	RBSN	VPS54	TWF1	CAND1	FYCO1	ATRN	NOL6	ATG4C	EEA1	ZFYVE9	COL4A3BP	SMPDL3A	SNX33	RAD21	CANX	SLC8B1	ADAT1	PAXIP1	PLEKHF2	MTMR3	FGD5	RNF144A
124	1.0	HMGCLL1	SLC22A10	SLC22A16	CLCN7	CLCNKA	CLCN3	CNDP1	PIGW	NLN	THOP1	CLCNKB	SLC22A8	CLCN6	CLCN5	HMGCL	PIGT	CLCN4	SLC22A2
125	1.0	MAP1LC3C	GABARAP	MAP1LC3A	PRMT5	GABARAPL2	MAP1LC3B2	GABARAPL1	MAP1LC3B
126	1.0	CCNO	CCNB3	CCNE2	CCND2	CCNE1	CDC16	CCNI	LARP6	CCNI2	ING3	CCNA1	LRCH1	CCNB1	CCND1	CCNA2	CNTD2	ING5	CCNB2
127	1.0	HPS5	KLC4	CKMT1B	IYD	SLC6A1	CLEC4F	TTC19	CBFA2T2	PAPPA	APPBP2	B4GALT1	ABHD16B	SLC6A4	KCTD7	DTNB	KCTD17	SLC6A14	RWDD2A	KCNJ11	KCNN3	CKM	ENDOU	B4GALT6	APOD	SLC6A5	CERCAM	KCTD4	TRPM7	EGLN3	EGLN1	B4GALT2	NAAA	CKMT2	SUV420H1	MLEC	LMOD1	COLGALT1	GNE	NDUFA10	IFIT1	TRPC7	DCBLD1	B4GALT7	SLC6A7	CDIP1	RWDD2B	CKB	ALPK2	RHAG	SLC6A20	TRPM6	USP53	SLC6A9	SLC6A2	B4GALT3	SLC6A18	SLC6A11	B4GALT5	EEF2K	ZNF451	SLC6A8
128	1.0	ITIH3	OGFR	MTA1	FBN2	GSTM3	LITAF	LDLR	GSTP1	VPS37A	ADGRE1	MEGF11	ALKBH4	AEBP1	LRP1B	NOTCH2	ADGRE3	TPO	GSTA3	CRB2	CELSR3	CPN1	GSTA5	CPZ	NAGK	GSTA2	VWCE	LRRC37B	C1R	STAB1	MEGF10	GAS2L3	NID1	EGFL8	VLDLR	F7	PLOD3	JAG2	FBN1	CELSR2	CCBE1	LRP1	EGF
129	1.0	UROC1	MRPL9	SUMF2	PRSS54	LPO	RBM12B	EYA1	P4HA3	THUMPD3	YBX3	SUMF1	MKL1	WBP2NL	DYDC2	ALOXE3	SLC22A18	LIN28A	TFB2M	MME	EYA3	MCFD2	NUDT19	MTFP1	CTNND1	ECE2	AMZ2	ECEL1	P4HA1	DCAF12L1	MYRFL	AKAP1	GATSL2	RGS4	PLCXD2	SLC5A10	MOXD1	PTCHD2	LRP5	NAT2	FAXC	LIN28B	MRPS10	FBXO21	EYA4	VIT	ABHD14B	SLC37A2	KCTD5	UGT2B10	UGT2B28	DTNA	C7orf25	MMEL1	PGAM5	NAT1	DEAF1	SLC29A2	TOR3A	CFB	KCNK1	RPTN	PLEKHB2	CPEB4	UGT2B7	NSRP1	GCC2	PHEX	ABHD16A	NEIL3	KEL	NFKBIL1	FBXL12	KCNK15	EYA2	P4HA2	ALPK1	ECE1	GPAT2	RETSAT	RLTPR	OLAH	MGAT4A	TECPR1	ZNF462	SSBP1	USP54	TMEM2
130	1.0	KCNK12	AMZ1	CA6	RGS14	CA7	PAH	CA12	CA2	RWDD3	ASPH	RGS9	DLK2	RAPSN	GPSM2	NLRP3	RAB11FIP1	MINA	LRTOMT	PLCXD3	CA10	PDDC1	MTR	CPXM1	C14orf169	CA5A	C16orf13	CA11	SLC30A9	KCTD3
131	1.0	LRRC71	CFAP43	ODF3L2	RSPH6A	CFAP45	C4orf22	PIH1D2	CCDC13	RSPH9	CFAP99	KIAA0556	ROPN1L	PIH1D3	FGFR1OP	ATAT1	TTC8	TCTE3	TH	TCTEX1D2	CEP120	C4orf47	C16orf93	ROPN1B	ODF3B	HYDIN	C11orf65	GAS8	SPEF2	DLEC1	CFAP70	CCDC173	ENKUR	LRRIQ3	DZIP1L	FAM184A	CCDC37	MAATS1	CFAP58	IQCG	CCDC146	ODF3	RSPH3	DZIP1	SPAG16	DYNLT1	C21orf59	RSPH4A	IFT74	CCDC39	SPATA17	KIAA1279	SSNA1	DYNLT3	MYCBP	DYX1C1	CFAP61	C17orf105	CCDC113	CCDC112	CFAP74	CEP41	CCDC96	IFT81	PIH1D1	CCDC63	CFAP20	CCDC114	AXDND1	CXorf58
132	1.0	POC5	RSPH14	FAM184B	TMEM231	ELMOD3	RIBC1	TSNAXIP1	CCDC176	CCDC151	ARL2BP	HSPB11	RIBC2	FAM221A	IQCH	FAM227B	DNAAF3	CEP76	TPPP3	DYDC1	CCDC42B	TEX9	MYCBPAP	TTC9B	DPCD	ARMC2	CASC1	DYNC2LI1	DNAH14	CIITA	C15orf26	CFAP54	C22orf23	RIIAD1	LACTB	IFT20	LRRC43	STPG2	ZNF474	MNS1	ZMYND12	DNHD1	SPA17
133	1.0	ZNF343	ZNF324	ZNF217	ZNF470	ZBTB48	ZNF292	EGR1	ZNF768	AGAP3	ZNF775	RASL10A	ZNF648	ZNF688	ZNF646	ZSCAN18	ARHGAP11B	GZF1	ZNF541	MYNN	PRDM10	ZFP37	KLF6	ZBTB1	ZBTB40	EGR3	ZNF362
134	1.0	ZNF333	ZNF583	ZNF623	ZBTB49	GTF3A	ZNF665	ZNF732	ZBTB7C	IKZF3	ZNF420	ZBTB37	ZNF236	ZFX	ZNF25	ZNF611	ZNF287	ZNF502	ZNF260	ZBTB22	ZFP90	ZNF846	ZBTB16	ZNF180	PRDM16	ZNF429	ZNF101	ZNF28	ZNF175	ZNF14	ZFP28	ZNF696	ZNF699	ZNF816	ZNF146	ZNF248	ZNF582	HINFP	ZNF616	ZKSCAN8	ZBTB46	ZNF160	ZNF419	ZNF225	ZNF267	ZNF829	ZNF558	ZNF136	ZNF41	ZNF879	ZNF189	ZNF548	ZNF600	EGR2	ZNF837	ZBTB10	PRDM15	ZNF746	OSR2	ZNF486	PRDM14	MTF1	ZNF562	ZNF358	GFI1	HIVEP2	ZNF791	CTCFL	ZNF347	ZNF624	ZNF584	ZNF845	ZNF408	ZNF528	ZFY	ZNF425	MECOM	ZNF880	ZNF121	ZNF141	ZNF324B	FEZF2	ZNF384	ZNF415	ZNF71	ZNF556	ZNF844
135	1.0	ZNF491	SP7	SALL4	PLAGL1	ZNF230	FIZ1	ZIC1	ZNF711	SNAI1	PATZ1	ZNF320	ZNF784	ZNF24	ZNF526	ZNF26	FEZF1	ZIC4	ZNF142	SALL1	ZNF433	SALL3	ZNF610	ZIM2	OVOL2	ZFP92	PRDM12	ZNF615	EGR4	ZNF444	ZNF684	ZNF131	RREB1	ZNF728	ZNF787	PEG3	ZFAT	ZNF398	ZNF507	ZNF341	ZSCAN12	PRDM13	ZNF48	ZNF215	ZNF579	ZNF276	ZBTB42	MAZ	ZBTB43	VEZF1	GLIS2	KLF17	OVOL1	ZNF281	ZFP91	GFI1B	ZEB1	ZBTB45	ZNF335	ZNF781	SP5	ZNF20	ZNF223	ZEB2	ZFP57	ZBTB20	ZIC5	ZIC3
136	1.0	DESI1	PDSS2	EIF3E	CHAC1	BTF3L4	TAMM41	POLM	MNAT1	PI4K2B	STOM	RSF1	CCS	NOX1	GADL1	PHF3	TIMM22	IVD	GAD1	UROD	CH25H	IBA57	IMMP2L	OPLAH	FDFT1	TTPAL	NUDT7	CBWD2	EPC2	PRDX5	PICALM	ASNS	CSAD	HSDL2	DOLK	PAOX	HTRA1	HMBS	HTRA3	ZCCHC17	MRPL27	TIMM44	PHF21B	TIMM10	ALAD	LSS	REXO2	COQ6	RTF1	GGA2	ACAD8	BUB1B	GFER	TPK1	GATB	CBWD5	SMOX	GAD2	KDM5D	LCMT1	UBXN1	HTRA4	MPV17L2	SCD5	MEMO1	EHHADH	SCD	ACAD10	MRPS16	AASS	PCBP2	NADSYN1	YARS2	MRPL47	XRCC6BP1	TMEM165	CBWD7	GSTM4	SLC33A1	POLL	ATP5D	MRPL4	MTO1	NDUFAF7	NDUFA9	GRAMD1A	NDUFAF5	MPV17	TRMU	TMEM63A	PPOX
137	1.0	RBM10	ILVBL	IMMP1L	PCBP1	YPEL2	BOLA2	CDC73	NDUFAB1	ACAD11	CRYL1	TTLL7	ABCD3	PNKP	TOP1MT	ACBD4	REPS2	DHFRL1	MRPL17	OXSM	ACOX2	COQ2	PCMT1	FECH	CCNL2	GCH1	MRM1	SEPHS1	SLC47A2	TCF25	FKBP11	TFIP11	FMO3	YPEL5	AQP10	KDM1B	ETFA	HADH	REPS1	ETFB	MRPL15	OTUD5	ERO1L	EEF2KMT	ATPAF2	ACOX1	YPEL4	VTA1	MRPL11	GSS	RPIA	POLRMT	SCPEP1	HSD3B2	ACADL	HACL1	DEGS2	YPEL3	GRAMD1B	CPVL	YPEL1	XRCC6	AQP6	GTPBP3	ENTPD2	KDM4D	SCP2	FDXACB1	KDM5C	PITHD1	KHSRP	DHFR	FAF2	BOLA2B	SLC47A1	TTLL6	AQP5	KDM4E	ATP5O	NPHS2	BOLA1	GRAMD2	MPC1	THNSL1	PIGB	MRPS5	COX11	TOP1	CPOX	STOML3	LIAS	DHODH	STOML1	TSFM	KDM1A	JARID2	GLUL
138	1.0	LGALS13	CLC	LGALS14
139	1.0	SPACA5B	SGCZ	C10orf32	JTB	CDR2L	LYZL1	BLNK	LYZL4	SGCD	SASH1	SAGE1	KIAA1328	SPACA5	SMIM8
140	1.0	PPP2R5D	PPP2R5A	PPP2R5C	PPP2R5E	PPP2R5B
141	1.0	STAG1	STAG2
142	1.0	PGA3	PGC	PGA4	CTSE	CTSD	NAPSA	REN	PGA5
143	1.0	DIAPH2	SF1	CUL2	MYO6	MYO1C	RBM41	MYO5B	SEC22B	DGKA	MYO1A	PDZRN4	EPT1	SSRP1	TBPL1	IGF2BP2	DIAPH1	INF2	DAZ2	SENP7	MYO1H	MYO15A	CUL4A	NOX5	DAAM2	RAVER2	CEPT1	SLC35E1	MYO18B	G3BP1	DAAM1	ARFGEF2	MYO19	ARFGEF1	MYO1G	PMM1	ORC4	PMM2
144	1.0	ITPA	EIF4E	QKI	ZMYND8	RNF40	UBL4B	MAPRE3	TRIM3	CPN2	SETMAR	LRRC8C	AHSA1	ZC3H8	RBM25	DR1	GTF3C3	HNRNPCL3	LSM3	ARHGAP22	SNRPB	SLC35B3	TRIM38	NFYB	UBTD2	USP30	HNRNPCL1	MAPRE2	SDR16C5	SETD2	ZFAND4	UBTD1	EIF2B3	RAPGEF3	YEATS2	UFD1L	KCNAB2	EIF4E1B	TGS1	UBD	PDCD2	OXR1	SLC22A3	DHRS4	YEATS4	LRRC4B	SSB	GMPPB	CCDC94	NFYC	LUM	CMTR2	RFWD3	UHRF2	MYSM1	RNF20	DNAL1	RNF113A	LSM2	LRRIQ4	PTRH2	AKTIP	SLC9A6	CDIPT	PPM1M	ISG15	PCGF2	MOCOS	SH3RF2	TUBGCP3	FNTA	LRRC10	PHF12	HSF1	SHOC2	UNK	POLE4	LRRTM4	PHF21A	LRRC8E	RAPGEF4	SLIT2	ARHGAP24	LRRTM2	ZC3H4	EIF4E2	AIRE
145	1.0	HSD17B10	ESYT2	CTBP2	CAP1	GRHPR	SDS	PTPN6	FGD6	UNC13A	SH3YL1	LNX1	IDH3B	ADH7	SH3RF1	SPHK1	PDS5A	PTPN4	IPO9	CUL5	ADH1C	SLC7A2	ANKRD26	FLNC	IDH3G	PHGDH	UGGT2	MEIS2	UTP20	PPP2R2D	ADH1A	PLS3	ARPC1A	ADH6	MEIS1	RASA3	SERINC3	MEIS3	ADH4	STXBP5L	UNC13C	TOPBP1	TAF6	PGM1	SYT5	FGD3	SNW1	CHMP5	PPP2R2B	SERINC1	LRRC66	PTPRH	AGK	PPP2R2A	UCHL5	SMYD3	CTBP1	LRRC29	HSD17B4	FGD4	ADH1B	BUD13	OTOF	STXBP5	COG4	ANKRD33	PPP2R2C	PTPRB	FBXL14
146	1.0	OR52N4	BNIP3L	TP53I11	OR5L2	OR4K13	OR10G7	GPR151	OR10H1	CRTC2	OR4S2	SPRY3	OR5J2	LHFP	PTPRJ	OR2M7	OR6K6	TRABD2A	PTGIR	OR10Z1	OR4F17	OR5AC2	DCAF17	MSL2	OR10H5	OR51D1	PRAF2	OR2S2	VPS37D	POT1	CRTC1	PID1	OR10H4	OR51F2	GP1BB	OR10H2	STOX2	KCNJ13	EFNA3	GPR143	OR13D1	IGFBP7	SOST	BAG2	OR5K3	OR6A2	OR52L1	OR51B5	OR5AU1	OR5AN1	OR52N2	LYSMD4	OR14C36	OR10K2	OR8B3	TCAIM	OR5M9	OR13C4	GPR141	IFNAR1	OC90	OR4N4	OR10G9	OR2T10	OR1J1	NFAT5	GPR150	RILPL2
147	1.0	COL18A1	OR6K2	RTKN	RASSF4	LIMS3L	C3orf58	TMSB4Y	FAM43B	EFNA4	OAZ3	CSRNP3	CAPRIN2	LIMS3	BTNL2	BAG4	HECA	OR52I2	VWC2	GPR146	OTOP2	FEZ1	OR8D2	OR5M3	OR2H1	COL15A1	ATG13	DAP	DUOXA2	CSRNP2	PLA2G1B	NR0B1	OR2Y1	DUOXA1	OR11H12	ONECUT3	OR9I1	OR5W2	FEZ2	KIAA1143	NKAIN1	GPR148
148	1.0	SPNS3	SLC39A7	SLC39A8	SLC39A5	SLC39A4	SLC39A14	SLC39A13	SLC39A6
149	1.0	SCARB1	ASCC1	LLGL1	ITGA4	ITGA10	ITGA2	CBX7	CDO1	PLEKHH3	SLC13A4	GPR155	ATP5G2	LOXHD1	PLXNA2	SNX31	SFSWAP	KHNYN	FKRP	PKD1L1	ADGRL2	CBFA2T3	FUT8	DRP2	ITGB2	MATN1	RIMKLA	SLC39A9	F8	MBTPS2	ITGAD	TRPC4	RBBP8	MCOLN1	PDLIM1	ADGRF5	P4HTM	DTX1	KCTD11	SCARB2	COL6A3	NRP1	SUV420H2	MED14	ITGA11	COL7A1	SLC18A3	INTS2	ITGB6	CD36	KCNA2	FN1	COL21A1	PLXNA3	SYT15	SSR3	ITGA3	ATP5G3	SLC10A7	COL20A1	ITGA7	C6	CRIM1	PPRC1	SLC18A2	FAM210B	METTL9	ITGB7	ITGAE	SLC39A2	MIER2	ADGRG7	ATP5G1	ZNF280C	SPSB3
150	1.0	UNKL	CFP	THSD4	PARL	RMDN2	CHAF1A	ANO2	ADAMTS19	DTX4	ADAMTS9	ADAMTSL1	ADAMTSL4	TM2D2	POMP	PAPLN	ADAMTSL3	ADAMTS18	TBC1D19	ADAMTS12	GPATCH4	ADAMTS13	ADAMTS20	ADAMTS2	TDO2	ADAMTS16	ADAMTS17	GYS1	CNIH3	MATN3	ADAMTSL2	ADAMTS10	ANO1	PTS	TRIM41	GYS2	NAT8	SEMA5B	VKORC1L1	MATN4	ADAMTS6	ADGRB1	THSD7B	ADGRB3	RMDN3	THSD7A	GAS2	ADGRG4	AXIN2
151	1.0	OR10G4	TRABD2B	SOBP	ARL6IP1	SMKR1	SMIM12	THAP8	C1QL3	SPATA6	CEP295	TBC1D29	THAP1	SPRED3	MRPL35	C1QB	TEDDM1	TMEM106B	SZRD1	EIF4ENIF1	CBLN3	COL8A2	TEKT4P2	NDUFB3	TMEM106A	C1QTNF5	AFF1	C1QL2	TMEM248	MMRN2	CDC42EP1	DEDD2	CEP250	CDC42EP3	SH2D4B	MTFR1	CDCA2	C1QL4	SLAIN1	CPLX1	NDUFAF4	GOLGA4	C16orf52	MRPL57	EMILIN1	CBLN4	THAP3	TECTB	C1QTNF8	THAP5	GMNN	TOR1AIP1	CTAGE6	COL10A1	RRBP1	SUFU	C1QC	CXXC5	CTAGE9	CTAGE15	CTAGE4	FAM78A	C1QTNF3	COL8A1	SERBP1	VEZT	CBY1	CAPRIN1	TMEM106C	TSHZ3	THAP9	DKK4	GP2	SAPCD2	C1QTNF4	THAP7	C1QTNF7	C1QL1	SMIM15	G6PC3	CBLN2	THAP2	CTAGE1	C1QTNF2	CXXC4	THAP11	EMILIN2	DBF4	C1QTNF6	NXPE1
152	1.0	CHST8	TSHZ2	APBB1	NR0B2	TPGS1	ZMYM4	LIN37	KIAA1958	OR10R2	SAMD13	SCAF1	GAL3ST2	ATF7IP2	OR52R1	CHST10	ATF7IP	OR5T2	MVB12B	GATAD1	GAL3ST3	CCDC170	OSER1	OR6C74	GAL3ST4	OCIAD1	INTS10	COL5A1	RASSF6	AKIRIN2	NOG	DNASE1L1
153	1.0	PLEKHG1	FHL1	FHL5	FBLIM1	ARHGEF5	ARHGEF3	ZBTB4	RPN1	TSC2	ARHGEF9	FARP2	WWC1	LMO4	HIVEP1	LPP	LIMD1	ARHGEF16	FHL2	NGEF	LMCD1	ARHGEF25	TIAM1	WTIP	LDB3	TGFB1I1	NET1	PREX2	ABLIM3	IQGAP1	TIAM2	LHX6	ARHGEF10	LIMS2	LHX3	ARHGAP26	ARHGEF17	YAP1	ABR	RALGAPA2	LMO3	ZFPM1	LHX8	ZSCAN1	IQGAP2	PRICKLE1	DNMBP	ARHGEF4	TRIP6	RALGAPA1	ARHGAP32	SKAP1	LIMS1	ARHGAP11A	PXN	LHX4	RASGRF1	PLD1	ZNF219	LMX1B	PDLIM5	SIPA1L2	ARHGEF10L	CRIP2	SIPA1	LMX1A	FHL3	ARHGEF19	SORBS1	PDLIM7	PLEKHG6	ISL1	AJUBA	ABLIM2	PREX1	ARHGAP10	ZYX	RASGRF2	PLEKHG3	PRICKLE2
154	1.0	AZU1	TMPRSS12	PRSS33	TMPRSS5	TMPRSS11E	CTRB1	PRSS48	KLK11	KLK5	PRSS8	GZMK	PRSS57	GZMB	TMPRSS9	KLK7	KLK2	CTRC	SLC22A17	PRSS56	PRSS45	PRSS1	CMA1	TMPRSS13	TMPRSS7	KLK12	TMPRSS11B	TMPRSS3	PRSS46	CFD	KLK8	TMPRSS11A	PRSS53	PRSS27	TMPRSS11D	GZMH	TMPRSS11F	TPSAB1	F11	CTSG	CTRB2	TPSD1	GZMM	PRSS50	PRTN3	TPSB2	ACR	KLK10	CELA2A	PRSS22	KLK13	CELA3A	ELANE	OVCH2	PRSS42	KLK6	CELA1	KLK4	PRSS55	PRSS3	CELA3B	KLK15	KLK1	KLK14	GZMA	CTRL	KLK3	PRSS21	PRSS58	TPSG1
155	1.0	MASP2	PRSS38	PROC	F9	KCNJ2	CFI	TMPRSS2	HGFAC	C1S	TMPRSS15	HPR	PLAT	PLAU	PRSS12	KLKB1	TMPRSS6	OVCH1	HGF	TMPRSS4	F12	F10	CELA2B	KCNJ1	PRSS36	CORIN	HP	ST14	C1RL	F2	LPA	KLK9	MST1	PLG	HPN	HABP2	SLC5A3	APMAP
156	1.0	FABP5	KIAA1755	FABP7	PMP2	FABP2	RBP7	NFIC	FBXO32	KIAA2013	FBXO25	NFIX	RBP5	CLSPN	CRABP2	NFIA	RBP1	FABP12	FABP4	C2CD2	NFIB	CRABP1	FABP3	RBP2	FABP9
157	1.0	RPS14	MID1	RPL36A	REEP2	AIF1	ABHD17C	DSTN	TMX4	MYO1F	RPL22L1	SEC61G	DGKD	CFL1	RPS27L	AIF1L	KLHL1	REEP1	RPL37A	RPL30	SOX3	REEP6	TUBGCP4	EFHC1	DNAL4	RPS10-NUDT3	CFL2	CALB1	SUMO1	POLR2A	TLR1	TRPV5	REEP4	TRIM6-TRIM34	RPL22	TRIM59	RPL34	RPL39	TRIM8	BIRC7	EFCAB6	RPL27	SF3B5	YIPF1	CALB2	RPL39L	RPS24	RPS29	RPS27	RPL36AL	REEP5	DGKH	RPS10	SRD5A3	TTC32	MYH7	POLA1	DYNLL2	MYH3	DYNLL1	MYH1	RPL32	RNF175	ATP6V1F	RPL36	RPL6	REEP3	POLR2L	SUMO2	EFCAB3	RPL18	CDA	RPS28	PTAR1	TRIM56	RPL37	RPL14	RPL35	RPS17	SPATA21	RPS19	SUMO4	RPS21	ZNRD1	RPL35A	RPL13
158	1.0	PRPF38B	MAF1	HSFX2	TMEM63B	ASPN	MYH9	MBOAT1	HSFX1	LPCAT3	HSFY2	DNAH17	HACD2	DNAH3	TTLL13P	RPE	CRYZL1	FHIT	GTF2H3	VWA8	DESI2	UBLCP1	SUPT4H1	MBOAT7	MBOAT2	XIAP	MUTYH	RNF146	HMGCR	RNMT	SLC7A10	HSF5	ACPP	YIF1A	DDI1	ADAT3	TBCEL	TMTC2	CIAPIN1	BIRC8	FAM96A	EIF5B	RTCA	DNAH8	MYH10	PGM2	CTU1	MARCH1	SOWAHB	APEX1	FXN	AGXT	LRRC74A	VPS52	ORC2	NPHP3	MARCH5	NEMF	CDC123	SPCS3	EXOSC3	SURF1	TBCD	XRCC2	MAGI1	SCAF4	TMEM63C	SLC38A5	CEP170B	CNGA3	FIP1L1	RIN2	PIGL	MVD	UFL1	ARMC4	QTRTD1	ZFP36L1	TAF10	SPO11	SLC38A11	DCAF4L2	QTRT1	WRAP73	WDR66	STAB2	DPH5	HSFY1	THADA	SLC38A2	ABHD6	AGPAT6	RRS1	MYH15	RPEL1	XPC	YJEFN3	MARCH3
159	1.0	WBSCR17	GALNT2	SULT6B1	GALNT5	APC	GALNT1	GALNT3	SULT1C3	ITGAX	SELENBP1	TOR2A	DCBLD2	GALNTL5	GALNT18	DNMT3B	COL6A5	GALNT12	SULT1A2	SULT4A1	SULT1E1	SULT2A1	CACNA2D1	DNMT3A	CHST15	CLIC6	SULT1C4	GALNT10	SLC5A11	CACNA2D2	SULT1B1	GALNT11	COL22A1	GALNT16	SULT1A1	GALNTL6	COCH	SULT1A4	GALNT7	NEIL1	GRIK4	GALNT15	MRPL1	SULT2B1	GALNT9	GALNT6	SULT1A3
160	1.0	LGALS3BP	FAM173A	SLC1A4	KCNJ14	KIFAP3	SMS	TLL2	SLC1A2	MRPS18A	NHLRC3	ARSD	SPON1	HHIPL1	LOXL3	SSC5D	SLC1A1	KCNJ3	HS3ST3A1	C2	HS3ST5	KCNJ8	CD6	ZRANB1	KCNJ18	KCNJ6	HS3ST3B1	KCNJ10	EGLN2	CATSPER1	SLC34A3	SLC1A7	YBX1	SLC1A6	DNMT1	KCNJ12	COMP	UGT3A2	SLC9B2	THBS2	BLVRB	KCNJ5	SLC8A3	ADD3	BMP1	CSDC2	FST	MTHFSD	SLC1A5	KCNJ15	RMDN1	IGFN1	ACAN	PROZ	MFSD6L	THBS4	CD163L1	CD163	THBS3	SLC18B1	PLXNA1	PLXNB3	GRIK3	PRSS37	SLC8A1	SLC9B1	YBX2	CSMD3	AGRN	NELL1	INPP4A	COLGALT2	CATSPER4	LOXL4	SLC34A2	SSC4D	CD5L	KCNJ16	SLC5A4	SLC5A2	CATSPER2	KCNJ9	SLC34A1	MBNL1	SLC1A3	MFSD6	SLC5A9	LOXL2	MARCO	STS	MFN2
161	1.0	MRPS15	KCNK16	FUK	P3H1	KIAA1324	ADD1	TMEM241	SLC9C2	ABHD14A	SNX22	GLT1D1	NXNL2	SAXO1	AOAH	ARSK	ASPHD1	B4GALT4	ADD2	SULF2	IDS	PCSK9	KIAA1324L	GFOD2	ARSE	CREG1	ALKBH5	SULF1	P3H2	ASPHD2	TDRD5	KCNK10	TPMT	KCNK13	KCNK2	DYTN	KCNK4	KCNK17	EPHX3	IQCF2	VIPAS39	KCNK6	CREG2	ALKBH2	TERF2	KCNK9	NXN	P3H3
162	1.0	TRPC3	PKHD1L1	UGT1A7	ATPAF1	SPSB1	SLBP	SMG5	TPBG	UGT1A10	RNF220	SAC3D1	ACP5	B4GAT1	G2E3	MTX1	SLC35A2	ARSF	GSTCD	FADS6	RTCB	ARSH	ARSG	KCNJ4	PKD2L1	IFRD2	AMIGO3	UGT1A3	CENPB	UGT2B4	TRPC5	VDAC1	UGT1A9	STARD7	EDRF1	SMG6	PHF11	UFSP1	ARSI	C4orf29	CPTP	CISD1	VDAC3	UGT1A1	UGT1A4	AIDA	MTX2	VDAC2	PKD1L3	UGT2B15	BTBD17	CYB561A3	PNPLA4	UGT1A5	TMCO3	LRRC26	ITGB4	KBTBD11	DVL1	TCF7L2	UGT8	FAM188A	UGT1A8	PKD2	PNPLA3	B3GNT3	CYB561	UGT1A6	ARSB	C15orf41	TMEM65
163	1.0	TMEM138	FGF1	CCDC74B	FBXO27	OR6N2	ZHX2	GMEB1	OR51B6	CD302	FGF3	C1orf194	AFTPH	LRRFIP2	FGF10	TSPEAR	MYRIP	DEPDC1	HPS3	ABI3BP	TMEM150B	ATP6V1G2	FBXO17	ASXL3	GEMIN8	CLEC11A	HYAL4	DNTTIP1	CLEC9A	BTNL3	C16orf72	CLDND1	SPAM1	TMEM98	FGF11	FGF16	OR5L1	TMEM203	OR8I2	GMEB2	IL17D	HYAL1	FGF9	OR12D3	FGF14	OR5C1	NKPD1	HNF1B	FGF6	APOOL	FGF8	CLEC12A	KRT222	CINP	OR2T33	FGF22	FGF20	FGF4	OR6N1	ATXN1	SGCB	OR5H6	FGF13	FGF5	TEX264	C9orf172	SURF6	PCM1	GPR22	KLRC1	SCNN1G	HYAL3	HSPB9	OR2T6	FGF7	FGF12	PCP2	HYAL2	FGF2	FGF17	IRS2
164	1.0	BCL2L2	GATC	IGFBP5	CAV2	TMEM134	RASSF9	SPATS2	OR8B2	GNG2	CAV3	PCED1A	NANOS1	AMOTL1	MRPL37	ACOT6	EMB	FAM65C	FAM65B	RGMA	PLA2G2D	C2orf68	CTHRC1	CCDC51	ACOT4	ADAM18	CAV1	ACOT2	FAM69A	SPATS2L	OR10AD1	PLA2G2E	FCGR1A	KLRC3	HFE2	TDGF1	RGMB	BCL2	CABYR	CNPY2	C1orf95	TMEM254	FAM65A	OR7C2	BAAT	MYD88	AMOT	IGFBP3	ACOT1	C18orf63
165	1.0	JMJD7	LDHD	FMO5	ECI1	CYP8B1	UMPS	DCTD	ABHD5	PHF2	ACADVL	FAXDC2	MSMO1	MOGAT1	CS	SC5D	GLDC	AUH	SLC26A6	D2HGDH	AQP4	PRODH	DGAT2L6	CDYL	CYP7B1	AGPS	NOX3	MSRA	CHAC2	DGAT2	SAMM50	CYBB	GLYR1	SRM	VAC14	CYP7A1	MOGAT2	BCKDK	FMO2	SLC26A11	ACOX3	PTGIS	JMJD6	ACADM	CYP2E1	GCDH	ADSL	ECHDC1	FMO4	AWAT2	ACOXL	FMO1	CYP39A1	PRODH2	MRPL24	TM7SF2	CYP20A1	GART	MOGAT3	LBR	AWAT1	ABHD3
166	1.0	ACADS	CYP11A1	CYP4F12	CYP4F3	PRKAG1	CYP2U1	CYP4B1	CYP17A1	CYP2A6	JMJD4	PRKAG3	ETFDH	CYP26B1	CYP1B1	PDK2	CYP3A7	CYP2S1	PHF8	PRKAG2	TBXAS1	CYP4A22	CYP2B6	CYP4F2	CYP2A7	CYB5D2	PGRMC1	CYP2J2	CYP2C9	CYP2W1	ACAD9	CYP4F8	CYP2A13	CYP2C18	CYP11B2	CYP4F22	CYP27A1	CYP3A4	PDK1	HIBCH	CYP4Z1	CYP2C19	CYB5RL	CYP2R1	CYP27B1	CYP4F11	MRI1	CYP1A1	CYP3A5	CYP26C1	CYP4X1	CYP21A2	CYP2D6	BCAT1	CYP46A1	CYP2F1	PDK3	ACADSB	CYP26A1	CYP11B1	CYP19A1	NENF	CYP51A1	BCAT2	CYP24A1	PGRMC2	CYP27C1	CYP2C8	PDK4	CYP4V2	CYP3A43
167	1.0	PHF10	DPF2	DPF1
168	1.0	PHAX	DISP1	SLC17A1	TGFBI	SPOCD1	LMF2	DPY19L3	ISPD	RCN1	TRPV3	C1QBP	PTCHD1	PLOD2	NECAB2	LHPP	PTCHD4	MBNL2	DPY19L1	TCF7L1	PPARGC1B	HDDC3	MORC2	SARNP	CSDE1	POSTN	WAC	ZC3H12B	DIP2A	FAM136A	GNMT	ZC3H10	MBNL3	MORC4	FXR1	SLC22A23	VPS72	TRIAP1	ZGPAT	CDNF	SUZ12	SULT1C2	HEBP2	SLC17A3	DPY19L2	VWA3B	SLC35G2	KCNK5	STIL	ANTXR2	MRPS18C
169	1.0	KL	ATP5E	TDRKH	ALOX15B	MORC3	SERF2	GCKR	C17orf97	KIAA1919	ACYP1	TSTD2	MORC1	CUTC	FASTKD3	RNF224	FN3KRP	ACOT12	MIEN1	LCTL	EXOSC6	NEIL2	MRPL16	IQCF1	CENPV	C1orf53	ACRV1	CPEB1	CDCA7	SLC17A2	TMEM205	DEK	ANAPC4	HUS1B	RGN	FN3K	ACOT11	GUSB	C17orf53	RAPH1	GBA3	ATP5L2	ACOT7	S100G	MFSD4	KY	ACYP2	ERI1	LACTBL1	HOOK1	NOTUM	SNX14	SCFD2	ALOX12	LCT	FPGT	PPT2	KLB	FOXRED2	ALOX15	IQCF5	CDCA7L	KCNK7	AFAP1	DOK4	PEBP1
170	1.0	ENTPD5	ENTPD7	ENTPD4	ENTPD1	ENTPD3	ENTPD6
171	1.0	MOB1B	MOB3B	SMEK2	SMEK1	MOB3C	MOB2	MOB1A	MOB3A
172	1.0	PFKFB2	DUSP14	VPS33A	DUSP26	DUSP8	LRCH3	DUSP7	DNAJC6	DUSP16	ALDH1L2	DUSP2	STT3B	TRIT1	RPTOR	GNAI2	DUSP1	TMX2	VPS26B	DUSP10	CLINT1	SSH1	SSH2	DUSP22	TRIM10	ANKRD62	KIAA0020	DUSP13	EIF2B1	PANK3	WDR74	DUSP19	RHOBTB1	DUSP9	DUSP6	VPS26A	SSH3	GALE	GNA13	UCK2	STYX	ENTHD1	RNF103-CHMP3	DUPD1	DUSP28	PTEN	TGDS	DUSP21	ARPC1B	STT3A	DUSP4	GNAI3	TMTC3	PFKFB4	DUSP18	DUSP5	EIF2B4	EIF2B2	CBR4
173	1.0	SYT7	SYT3	ALDH8A1	ALDH3A2	JMJD7-PLA2G4B	CLCN1	RASA4B	ALDH7A1	ALDH5A1	TMED7-TICAM2	GNAZ	ALDH3A1	CBS	PDCD6IP	CTH	TNPO3	NIT2	ALDH3B2	SYT6	RPH3A	ALDH4A1	ALDH6A1	ALDH1L1	NFX1	SDR42E1
174	1.0	ZNF331	ZNF540	ZNF554	ZNF700	ZNF765	ZNF793	ZNF814	ZNF717	ZNF8	ZNF679	ZNF471	ZNF33B	PRDM4	ZNF780A	PRDM6	ZNF157	ZNF513	ZNF827	GLI3	ZNF785	ZNF253	ZNF714	ZNF587	ZNF565	ZNF438	ZNF575	ZNF676	ZNF181	SCRT2	KLF10	ZNF440	ZNF93	ZNF850	ZNF786	ZNF630	ZNF273	KLF9	ZNF443	KLF2	ZNF124	ZNF74	ZNF254	SALL2	KLF3	ZNF607	ZNF536	ZNF30	ZNF44	ZNF91	ZNF37A	ZNF573	KLF14	ZIM3	ZNF100	ZNF776	ZNF669	ZNF404	ZNF823	ZNF283	ZNF208	ZNF519	ZNF431	ZNF790	ZNF92	ZNF544	ZKSCAN2	ZNF90
175	1.0	ZNF33A	ZNF345	ZNF596	ZSCAN10	ZFP14	ZNF319	ZKSCAN7	ZNF567	ZNF557	ZNF652	ZNF200	ZNF383	ZNF84	ZNF683	ZNF266	ZNF445	ZNF619	ZNF234	SP1	ZNF177	BCL6	ZNF311	ZNF672	ZNF566	ZNF85	ZNF559-ZNF177	ZNF19	ZNF34	ZKSCAN5	ZNF710	ZNF705G	ZNF256	ZNF250	ZNF570	ZBTB47	ZSCAN20	ZSCAN31	ZNF70	ZNF577	ZNF461	ZNF780B	PRDM1	ZNF423	ZNF132	ZNF134	ZNF792	ZNF81	ZNF670	ZFP1	ZNF561	ZNF480	ZNF836	ZNF99	ZNF674	ZNF773	ZNF658	ZNF543	ZNF778	ZNF729	ZNF77	ZSCAN32	ZNF184	ZNF57	ZNF521	ZNF205	ZNF546	KLF4	ZNF454	ZFP69B	ZNF878	ZNF705A	ZNF529	ZNF805	ZNF264	ZNF705B	ZNF268	ZNF749	ZNF329	ZNF578	ZKSCAN3	PRDM5	ZNF154	ZNF705D	ZNF564
176	1.0	WT1	ZNF274	ZNF701	ZNF165	ZNF214	ZNF397	ZNF628	KLF7	ZNF675	ZNF2	ZNF708	ZNF772	PLAG1	ZNF835	KLF11	ZNF852	GLIS3	ZNF510	ZBTB26	ZNF467	ZNF18	ZNF224	KLF12	BCL11B	KLF13	ZNF777	ZSCAN26	ZNF718	ZNF552	ZNF740	ZNF350	IKZF1	ZNF671	ZNF572	ZNF10	SP4	ZNF697	ZSCAN23	ZNF418	ZNF691	KLF5	ZBTB12	ZNF709	ZNF551	ZNF524	ZBTB6	ZNF416	ZNF585A	MZF1	ZNF506	ZSCAN22	ZNF202	ZNF587B	ZNF501	IKZF4	ZSCAN30	GLI1	ZNF580	ZNF589	ZNF606	ZNF382	ZKSCAN1	ZFP2	ZNF605
177	1.0	ZNF620	ZNF735	ZNF233	ZNF334	ZNF841	ZNF737	ZNF613	ZNF417	ZNF439	ZNF304	ZNF549	ZNF493	ZNF296	ZNF430	ZNF192P1	ZNF516	ZNF517	ZNF595	PLEKHA3	ZNF626	ZNF547	ZNF257	ZNF221	ZNF300	ZNF222	ZNF107	ZNF32	ZNF660	ZNF574	SNAI3	ZNF813	RBAK	ZNF721	ZNF571	ZSCAN25	ZNF98	ZNF17	ZNF664	ZNF681	ZNF285	ZNF492	ZNF761	ZNF678	ZFP30
178	1.0	KLF1	ZNF76	YY2	ZFP82	YY1	ZBTB38	ZNF860	KLF16	ZFP69	ZNF426	GLI2	ZNF853	ZNF764	ZNF275	ZBTB34	ZNF143	ZNF763	E4F1	ZIC2	ZNF713	ZBTB18	ZNF527	ZNF468	ZNF497	ZNF563	ZFP42	ZNF317	ZNF799	ZNF812	ZNF530	ZNF16	ZNF653	ZNF594	ZNF460	ZNF12	ZNF35	PLAGL2	ZNF354B	ZNF322	ZNF534	ZXDA	ZNF555	ZNF485	ZNF155	ZNF550	ZFP3	ZNF514	ZNF229	ZNF251	ZNF771	ZNF442	ZNF449	ZNF410	ZXDB	ZNF367	ZNF692	ZNF366	ZNF766	SCRT1	ZNF627	HIC2	ZNF667	ZNF391	ZNF865	ZNF354C	ZNF641	GLIS1	ZNF441
179	1.0	HIC1	ZNF232	ZNF282	PRDM9	ZNF689	SP6	ZNF140	ZNF211	ZNF148	ZNF621	ZNF716	ZNF80	ZNF597	SP3	ZNF568	ZNF169	SP2	ZNF75A	ZNF736	SP9	KLF15	ZNF783	ZNF394	ZNF213	CTCF	ZNF114	ZSCAN9	ZFP41	ZNF649	ZNF682	ZNF407	HKR1	ZNF560	ZNF75D	ZSCAN16	ZNF195	ZNF117	OSR1	ZNF730	BCL6B	ZNF496	SP8	ZNF432	ZNF770	ZNF302	ZNF581	ZNF727	ZNF707	IKZF2
180	1.0	FAM193B	NINJ2	MYOD1	METRN	CDCA4	CACNG8	NINJ1	CCR10	RABEP2	ELL3	FAM193A	FJX1	SMDT1	MTCL1	CDR2	SERTAD2	ZNF839	TEX28	CYR61	NOL4L	IGSF5	INSC	C2orf42	GFRAL	METRNL	CD226	PHYHIP	GADD45GIP1	C2orf47	OAF	COBLL1	C5orf15	DCSTAMP	ZNF185	BAG5	CRB3	MYEOV2	ATP5I	PHYHIPL	FASTKD2	CACNG3	BTN3A3	COX6C	IL18RAP	IGFBP1	SIRPG	HDAC9	CRHBP	EVPLL
181	1.0	LCORL	BANK1	C3orf33	SP110	NDNF	GAREML	OR5AR1	FAM69C	MRGPRX4	WFDC3	CRTC3	DEF8	MB21D2	MRGPRX1	MYOG	OR6Y1	OR8D1	DOK3	C19orf12	ITM2A	OR2M2	FABP6	IGSF3	FGF21	OR5D18	CD80	TIMP3	EPN2	EDA	AMICA1	TAB3	MYF5	FGF19	PDGFB	OR51M1	OR51G1	OR5A1	VWC2L	MYF6	TCF23	AFF2	COL16A1	CNRIP1	NFATC1	SYNM	FAM122A	ZACN	NFATC2	AFF3	NFATC3	GPATCH2L	GPRC5C	FGF23	ITM2B	TMEM47	WFDC2	FAM69B	PAIP2B	FAM60A	FGF18	ITM2C	C1orf106	COX7A2	VTCN1	LCOR	OR2AG1	PDGFA	MAEL	LAMP3	TIMP2	COBL	OR10K1	NHLH1	OR10P1	LLPH	TIMP4	OR56B1	C7orf55	MB21D1	NCOA6	FAM13C	OR51F1	SPATA18
182	1.0	TNFSF13	TNFSF12-TNFSF13
183	1.0	PRSS23	BCL2L1	C22orf39	LYZL2	MRPL55	CCDC74A	INMT	MSL1	TET3	ATXN1L	CCP110	CFC1B	TP53I13	PRR12	EXOC3L4	LYZL6	GEMIN7	PTGDR	HEXIM2	SPACA3	FAM185A	SMIM20	NDUFB11	BCL2A1	CCDC43	CD101	PTOV1	LYRM9	CFC1	LYRM2	NDUFB2	CDKN1B	CYB561D1	OTOR	SCRN2	MIF4GD	MRPL50	ZSWIM3	PRSS35	SOSTDC1	PGLYRP3	CLEC1B	TM7SF3	WFS1	C11orf57	OCLN	EEPD1	ERICH2	C7orf26	CREM	MED15	IRS4	CCDC134	PPP1R8	BAX	CTGF	TET1	APCDD1	CCDC102B	C6orf120	MBLAC1	NPDC1	C1orf131	TLCD2	AAMDC	C19orf43	C7orf31	C17orf59	ATF3	TPRA1	FSIP2	PELP1	MRPS33	SPIRE1	ARHGAP27	NPM1	PTGFR	MARVELD2	XKR7	TRADD	VEGFC	HAUS6	TET2	MAGEC2	FASTK	PRLR	USMG5	NPM3	LYZ	MPHOSPH6	PET117	PGLYRP1	TMEM179	BLCAP	CST1	COA1	FUT1
184	1.0	CDKN1A	TMIE	P3H4	ZC3H13	BORA	ATN1	MB	C20orf27	C15orf61	DAND5	UQCR11	LZTS2	AMOTL2	ICAM1	HHLA2	CCDC64B	CRTAP	TSSC4	NHLH2	GREM1	NBL1	POLR3G	IQCJ-SCHIP1	LAG3	SIRPB2	GAS1	MINOS1-NBL1	OR2L8	GLYATL2	FBXO40	CIDEA	LEMD1	CER1	PRX	EPCAM	LAPTM4B	OR2M3	POLR3GL	SMIM4	MSANTD3	CDC42EP2	PANX2	GTF2IRD2	GLCCI1	XKR5	TMEM130	DOK7	NIN	TMEM173	FCGR3B	MANBAL	C1orf198	OPTN	SCG5	PERP	KIAA1467	GTF2IRD2B	OR8K1	FAM162A	DFFA	PPP1R14B	NDFIP2	DTNBP1	XKR8	PNMT	STOX1	RBP4	TEFM	CIDEC	FAM117B	XK	BRAT1	EPM2AIP1	TMEM183A	TMEM192	FANCA	RBFA	PLA2G3	TMEM223	C18orf32	CST3	GORAB	IQCK	GADD45G	DFFB	TMEM14E	LAPTM4A	FBXO43	CDKN1C	FAM162B	N4BP3	TMEM60
185	1.0	SLC2A8	HCN1	POLA2	PRKAR2A	NOS3	GGPS1	BUD31	MLLT10	NOS1	SPAG6	GLRX5	PGM3	MLLT6	ISG20L2	HCN2	KMT2A	SLC2A6	WDR34	CYB5B	REXO1L1P	SETD5	PAN2	PNPLA6	UBA1	KMT2D	HCN3	NSD1	ING4	SLC2A9	NME5	GPD1L	JADE1	GPD1	SETDB2	MAPRE1	PHF14	CYB5A
186	1.0	RPL23A	IPO13	HADHB	DNAH6	DCLRE1A	TLR9	GRPEL1	GSPT1	CEP350	CTPS2	RNF121	KDM5A	UBQLN3	NADK	FDX1L	DOHH	GLRX2	CHD9	OMD	NOC2L	PRKAR2B	SIRT1	CLIP2	BIRC3	SUOX	PRPF18	OTUD6A	LRRTM3	METAP1D	LRRC70	VCPKMT	JADE2	CERS6	FAM86B1	XPOT	MARCH6	NUP155	TXNL4A	PLCH2	IDI1	POLR1B	EPHX4	ANAPC1	IPO11	KMT2E	GRPEL2	TRIML1	TXNL4B	ACAT2	DTYMK	POLE2	TRIM17	SLC2A13	DHDDS	PPP2R1B	XPO5	HMGCS2	PRELP	SLIT1	FBXW5	FDX1	RANGAP1	ACAT1	ECM2	CLIP1	AKR1A1	IDI2	IBTK	PPP1R42	RPS11	ACAA2	SOWAHC	SLC2A14	BIRC2	AKR7A2	TATDN3	CNGA1	RABEPK	PNPLA7	DPH6	RPUSD4	CTPS1	KLHDC2	ERO1LB	SLC2A3	SLC36A2	NPLOC4	VPS18	APEX2	PLCD3	KDM5B
187	1.0	HIST2H4A	PPAN	HIST1H4D	HIST2H4B	HIST1H4L	HIST1H4K	HIST1H4B	HIST1H4E	HIST1H4H	HIST4H4	HIST1H4C	HIST1H4A	HIST1H4J	HIST1H4G	HIST1H4F	HIST1H4I
188	1.0	TRIM73	VPS35	HIST1H2BM	DNAJC28	HIST2H2BE	HIST2H2BF	HIST1H2BB	DIEXF	ANKRD13C	UBE2Q2	HIST1H2BN	SRI	HIST1H2BL	HIST1H2BO	HIST3H2BB	RPLP2	SDAD1	ABTB2	HIST1H2BE	HIST1H2BG	NAPB	HIST1H2BF	NAPA	COPZ2	HIST1H2BD	HIST1H2BA	COPZ1	TRIM74	HIST1H2BJ	HIST1H2BK	HIST1H2BH	HIST1H2BI	HIST1H2BC
189	1.0	TMED9	TRIM43	SEC14L1	CWF19L1	MCCC1	IPO4	TMED4	SEC14L5	TMED2	UCKL1
190	1.0	TTC7A	CPA4	CHADL	DDHD1	STXBP4	KDM2A	GIGYF1	MRRF	CPO	CPA1	DDHD2	TPCN1	KCNS1	CPA5	GPAM	PTGR2	SNX16	HPDL	PHYH	SFXN2	IDNK	PFAS	SLC26A7	DYNC1LI1	EMC9	GSTO1	CPA6	PHYHD1	CPA2	SOD3	CDKN2A	ISOC1	FAM206A	HAO2	PTGES3	EMC8	CPA3	DPP8	PIPOX	SOAT1	SLC15A2	SLC22A24	HSPBAP1	URI1	MEPCE	NDUFS6	CRLS1	TPCN2	AQP7	DGAT1	LIPN	ADI1	GNPAT	KCNG4	SOAT2	AQP2	PAICS	SFXN5	MTHFR	FLVCR2	DTX3	SLC39A10	ENDOG	SPRYD3	SCN9A	NDUFS4	GTF2E1	SNX10	SOD1	SCN11A	CLASP2	RYR3	LIPF	PCBP4	LIPJ	C2CD5	SFXN1	GSTZ1	SLC7A1	APIP
191	1.0	TDP2	SLC17A5	SCN2A	EIF3K	TDRD1	GGT1	CPT1A	AMACR	CRAT	PTGES2	ALDH18A1	GSTT2B	SLITRK1	COQ10B	OGFOD1	CPT1B	IL4I1	CROT	SLC24A5	CACNA1A	SCN1A	TMBIM1	LMBRD1	CPT1C	DDO	DZANK1	HNRNPL	GGH	SCN3A	CHAT	CPT2	DYNC1LI2	SLC22A9	NDUFA6	PCBD2	CHDH	KCNC1	SCN7A	NALCN	GGT2
192	1.0	OSBPL2	OSBPL6	OSBPL7	OSBPL9	OSBP	OSBPL1A	OSBPL11	ARHGAP8	PRR5-ARHGAP8	OSBPL10	OSBPL3	POMT2
193	1.0	KRT26	PVRL2	LRPAP1	EFNB3	STAU1	TSC22D3	EFNA5	SDC1	XKR9	OLFML3	LDLRAD2	TMCC1	TNNI1	OLFML2A	MAB21L2	MAB21L1	TSC22D1	ANGPTL5	KRT28	UNC5CL	SIGLEC15	ANGPTL4	EFNA2	OLFML2B	EFNB2	FGA	APLP1	OLFML1	TMEM194B	MRPS21	TSC22D2	LGALS2	EFNB1	TMEM194A	TMCC3	EFNA1	LGALS4	CDK5R2	CDK2AP2	CHRDL2	KRT25	OLFM3	TSC22D4	CDK2AP1	OLFM2	TAX1BP3	CDK5R1
194	1.0	CHST4	BVES	TNNI2	CHST2	DGCR6	GLCE	UBAP2L	ERBB3	SGCE	TNNI3	NAB1	MED24	TNNT1	NDUFB5	CHST5	LGALS9C	CUEDC2	DCST1	SH3BGR	CCDC50	PROX1	SCHIP1	MRPL51	GNGT1	CHST3	MED29	DGCR6L	CD86	SOGA1	C1orf43	RASSF7	CHRD	LGALS1	ID3	SYNE3	LGALS12	CHST7	FBXO28	GPM6B	NRG1	GPM6A	CHST6	TSHZ1	ZNF488	GPR142	ZNF318	ZNF503	SIRPA	TMEM9B	POPDC3	LGALSL	MAB21L3	PDGFRL	MTTP	CHST1	OR4A16	POPDC2	TWSG1	TNNT3	RASSF8	PROX2	TNNT2	DCST2	UBAP2	BTN3A2	TMEM8C	MRPS31
195	1.0	RSPRY1	CAPN11	EEF1B2	NAA60	MFAP1	RNF26	MYH11	TNS1	ETNK1	ADRM1	SLITRK6	NUDCD1	DNAH2	KLHDC8A	HINT3	ANKRD13D	KLHL10	RNF157	CPNE1	GALM	NFKBIZ	AIP	PGAM2	ANKMY1	KLHL4	MEX3C	PARK7	MDH1	MGRN1	TTC9C	ASB6	XPO7	DND1	TRIM48	CAPN12	DTX3L	TRIM28	KLHL41	PDC	EEF1D
196	1.0	L2HGDH	MYH13	SPPL2C	PTP4A2	CGRRF1	TRIM64	TTL	CTSL	ACPT	TMTC4	CTSS	TINAGL1	PTP4A3	TSPYL2	EFHB	TVP23B	PDCD5	TRMT112	MCM3	CTSV	TRIP4	TECRL	TVP23C	CDKAL1	ANKAR	GMDS	GLS2	TRIM77	PFDN6	TINAG	AMMECR1	ACP6	ZFP36	AMMECR1L	CTSH	SPPL3	HDHD1	MYO1E	UBR3	CTSK	NXT1	POLR3C	CTSF	IFT80	AARSD1	VPS29	MID2	RNF138	CTSZ	ABT1	CTSB	ADAT2	CARKD	ANKRD34B	CTSO	TPTE2	TSPYL1	SOWAHA	RPS25	LDHC	ASMTL	CAPNS1	PFDN2	SRD5A2	CTSW	RNF168	CDK5RAP1	TRMT2B	TSG101	CAPNS2	LRRC46	ZPR1	C9orf41	SRP68	HSPE1	CMTR1	TRIM64B	WARS2
197	1.0	EPHX2	CLVS1	CNNM2	SLC25A52	SNRPA1	BACE1	ICMT	SLC2A7	SLC36A1	HAGHL	TM9SF2	VPS41	ABAT	TBCB	CYB5D1	HMGCS1	SLC2A5	POLE	TM9SF3	FADS3	PGS1	H6PD	ACAA1	FADS1	FH	REXO1	SARDH	AGPAT1	OAT	EXOSC1	DMGDH	TYMS	ETNPPL	RRM2	PYCR1	AGXT2	OXNAD1	FPGS	PGD	SCGN	PHYKPL	RFK	GTPBP1	TM9SF1	ACLY	CNNM4	MAGI3	COQ3	RRM2B	CAD	PGP	ABHD11	C12orf10	BACE2	MTCH2	TM9SF4	HIBADH	AMIGO2	CNNM1	CCDC25	NPEPL1	PYCRL	TYW1B	LAP3	SLC2A12	G6PD	CNNM3	MRPL3	FUS	SLC2A11	HSD11B2	PYCR2	FADS2	GCSH	SKP1	HAGH	DCLRE1B	DCLRE1C
198	1.0	RHBDF2	KLHL14	SNIP1	DGKK	MAGOH	WDR19	ME3	SDSL	RHBDF1	MAGOHB	SLC38A1	IMPACT	DGKE	ISY1	DTD1	EMC2	NAP1L3	PRPF3	EMC4	PTCH2	MIOS	KLHL8	DMAP1	PCSK6	BAP1	LSM5	CAPN7	SLC24A3	IP6K3	DGKI	AMN1	FAR1	KLHL13	CNBP	CAPN14	NTMT1	TRMT6	SLC24A4	ATG7	HRSP12	SOX18	PIGM	SOX15	HTATSF1	SRRM1	ME1	MGLL	TTLL1	PIGN	VPS51	ANKLE1	CAPN9	TRAF6	TAB1	METTL23	PTCH1	METTL11B	PTCHD3	FHOD1	APEH	ISY1-RAB43	ABTB1	SOX17	NPC1	SNRPC	SETD3	UBR2	NPC1L1	ME2	THOC2	KLHL12
199	1.0	KCND1	ARG1	SLC24A1	HDDC2	DENND4C	VPS39	CPNE5	DENND3	PDCL	RRP12	TLR4	METTL16	LCAT	SLU7	SLC35F6	AGMAT	TLR7	ZMAT2	NIPBL	KLHL21	SOX11	TPTE	BECN1	NAA35	CHMP2B	KLHL7	NSUN7	STARD10	ANKZF1	UTP14A	DENND4B	TAF2	GINS1	ADAR	TBC1D20	SOX14	MMS19	STX10	ZCCHC13	HLCS
200	1.0	SLC30A4	SLC30A8	SLC30A1	SLC30A10	SLC30A7	SLC30A3	SLC30A2	SLC30A5
201	1.0	BRCA1	HACD3	PTP4A1	PIAS2	NACAD	NACA2	COASY	TRIM22	PIAS3	DPYD	FMNL1	TRAPPC3L	PIAS4	PIAS1	CAPS	TRMT10A	EPN3	LDHAL6A	TRMT10B	EPN1	H2AFB2	ZNRF1	ZNRF2	NUTF2	ANKRD45	UCK1	ZMIZ1	HCFC2	TRMT10C	H2AFB3	SLC9A7	ZC3H7B	H2AFZ	PSD4	PSD	NOTCH3	H2AFB1	H2AFV	ZMIZ2	STX16	EIF4G1	STON1-GTF2A1L	PFKL
202	1.0	CAP2	DGKQ	GNA11	SLC38A6	UBE4A	VPS33B	SLC38A7	NAP1L1	HMGB4	VAMP3	GINS2	HMG20B	PLCL1	MYO10	CAPN8	NOM1	UCHL1	PLCG1	STX5	ARCN1	LDHB	VAMP2	MON2	BDH2	DHRS1	NOC3L	KIAA0141	PFKM	RFT1	FBXL2	HMGB3	PRPF40B	TRRAP	CDC45	PLCG2	MEGF8	NAP1L4	TSPYL4	NAP1L2	CAPN2	EIF3C	RBM14-RBM4	PLCD1	CCDC130	CEP97	RTFDC1	GNAQ	DCXR	WDR45B	HMGB2	LRRC58	GNA14	MYO7B	SMYD2	HMGB1	EIF3CL	PLCE1	TSPYL5	CAPN1	PEF1	HMG20A	PTPDC1	SMYD4	PLCD4	TTC37	UNC45B	CWC22	PRPF40A	PDCL2	SNX18	LNX2	GNA12	METTL21A	KLHL9	ATG3
203	1.0	MIPEP	ERGIC1	IP6K2	STX7	CCNT1	LRRC30	KIAA1161	GAA	SLC38A4	RASA4	RNF19A	GANAB	IDH3A	PPAP2B	EHD4	PEX5	ALG2	IPMK	SV2C	FBXL13	SLC22A6	RANBP10	GNA15	RRAGC	MGAM	EDEM3	LRRC10B	LARP1	LRRC27	SNX1	C9orf3	ARPC4-TTLL3	SORD	SV2B	GNAT2	MCTP2	ALG11	CCND3	MCTP1	FBXL15	LRCH2	AKR1C1	DPP10	ANKIB1	SI	NIT1	SUCLG1	REV1	SBF2	EHD2	RNF144B	NAA50	RNF19B	PEX5L	ALDH9A1	MTCH1	IMPA1	NRROS	POLH	ADIPOR2	SBF1	GNAL	LRRC69	DCAF4L1	SPHK2	ALDH1A3	GNAS	PRKCSH	ERGIC2	SRR	ERGIC3	FBXW9	EHD3	TRIL	ARIH1	DECR1	SNX4	SNX3	NSDHL	ALDH1A1	ADH5	LRRC59	IMPA2	CLCN2	IP6K1	CUL9	VAMP7	FBXL17	ALDH1A2	UGP2	PPAP2A	ESYT1	GANC	ALDH1B1	SNX12	EHD1	ARIH2	PPAPDC1A
204	1.0	ZADH2	AKR1B1	ALDH16A1	PTPN23	FAP	AKR1C2	PTPRG	TAT	AKR1C4	SNX7	GPT	ALDH2	CCBL1	AKR1C3	AKR1D1	SNX30	CCBL2	LRRC2	ALDH3B1	GPT2	ACCS	ACCSL	DPP4
205	1.0	CT45A3	CT45A9	CT45A1
206	1.0	LPIN2	LPIN3	LPIN1
207	1.0	EZH1	SETD8	EZH2	SUV39H2	SETDB1
208	1.0	SLC25A15	SLC25A17	SLC25A28	SLC25A41	SLC25A34	SLC25A42	TNPO1	ITSN2	NAA16	SLC25A16	SLC25A2	SLC25A48	SLC25A32	SLC25A30	SLC25A14	SLC25A21	SLC25A36	NAA15	SLC25A11	SLC25A20	SLC25A45	SLC25A43	UCP1	DBR1	SLC25A33	PRMT8	DDB1	RBM15B	SLC25A4	AHCY	EIF2A	SLC25A12	UCP2	SLC25A31	AHCYL1	SLC25A37	SLC25A40	SLC25A3	CHKA	CHMP2A	SLC25A19	SLC25A39	SLC25A26	SLC25A29	SLC25A13	SLC25A22	SLC25A5	SLC25A44	SLC25A10	SLC25A1	TNPO2	SLC25A6	UCP3	SLC25A18	EIF3B	DECR2	SF3B3	WWOX	SLC25A38	AHCYL2
209	1.0	CAPN3	ANKRD36	CNOT2	ARHGAP25	ERCC4	VAMP8	SLC35B2	LENG8	PCGF3	CEBPZ	SOX7	NSFL1C	CTR9	MDH2	BTF3	PGM5	CPSF1	FBXL7	FBXO8	CCNG1	NCOA7	HSD17B7	SLC27A5	GAPVD1	TBC1D21	UBXN2B	NFKBID	RABL6	HPGD	PRPF39	SNF8	FBXL20	EPS15L1	HSD17B14	DIAPH3	SOS1	MPI	ALG1L2	PDCD2L	ATP6V1E1	KIN	LSM1	HSD17B8	ALG1	PANK1	RNF4	TRAPPC3	ITSN1	ALG1L	XAB2	POLI	RALYL	VPS53	ZBTB11	UCHL3	CCNG2	FMNL3	EBNA1BP2	LSM10	PANK2	CCNF	ATP6V1E2
210	1.0	BAG3	RACGAP1	SPTB	MON1B	MOB4	SPTBN4	ARHGAP9	FLNA	NPRL2	ARHGEF7	UNC13B	PLEC	ARHGAP1	DSCR3	STARD8	CLMN	ARPC2	PCLO	TMED3	EXOC6B	SPTBN2	SOS2	SLC27A2	PLA2G4D	SRF
211	1.0	RLBP1	PLCH1	NFU1	IDH2	NDUFV1	SDHA	APRT	MTHFD2	SLC38A3	SLC25A53	ACO2	ECH1	OXA1L	ADSS	MTHFD1	TIMM17B	MTRF1L	ECI2	EWSR1	MOSPD2	ADCK2	ADSSL1	SDHB	DBT	SCO2	GMPR	DLAT	CYB5R1	ECHDC2	TIMM17A	DLST	FAM58A	MAOB	MRPL13	DBI	PLCL2	ACBD7	SLC22A7	AMT	MTHFD1L	KDM4C	ACO1	ATP5C1	TSPYL6	MPST	COX10	LCMT2	PDHX	LACTB2	MTRF1	IREB2	SEC14L4	CLVS2	CHMP1B	VAT1	FLAD1	ECHS1	MTFMT	C12orf65	CYB5R2	OTC	CYC1	SCO1	HADHA	STOML2	CPS1	PINX1	DHTKD1	SLC35D1	ACBD5	ABHD1	PPCS	MTHFD2L	OGDH	COX15	LACE1	UQCRFS1	IMPDH2	CYB5R3	IDH1	IMPDH1	ECHDC3	SEC14L6	SEC14L3	CWF19L2	GCLC	SLC2A10	GMPR2
212	1.0	FAHD2B	FAAH2	CYP1A2	PPME1	DCTN1	PRPSAP1	GLRX	IGF2BP1	PCCA	GOT1	SUCLG2	PRKAB1	ACACB	ADCK3	BCKDHB	FBP1	FBP2	RTN4IP1	ACACA	FA2H	SVOPL	ADCK1	UPRT	SLC22A13	PRKAB2	CYCS	SUCLA2	PDHA2	FUBP3	GOT2	SV2A	CTSA	PRPSAP2	PHB2	ADCK4	SLC22A11	SLC25A51	ADCK5	FAHD2A	FAAH	FAHD1	ISCA2	ISCA1	SLC39A12	COX18	PDHB	GOT1L1	MSRB3	BCKDHA	SLC22A4	SLC22A5	PHB	LYPLA2	LONP2	SLC22A15	PDXP	MSRB2	ABHD4	MECR	LYPLA1	MSRB1	VAT1L	IDE	PDHA1	LYPLAL1	FASN	QRSL1
213	1.0	TMEM184B	TMEM184A	TMEM184C
214	1.0	OR4C16	ZNF843	C2CD2L	STAP1	OR11L1	GOLIM4	CDKN2AIP	FNDC5	CHCHD6	COA3	C14orf119	CD79A	C17orf104	TFPT	TMEM200A	OR52E6	VGLL4	OR52D1	TMEM59L	BCL9L	WISP2	OR5AS1	OR2M5	GFRA1	C16orf89	FNDC4	LDLRAD4	NCKAP5	NCKAP5L	LYSMD1	C16orf87	WISP3	RASSF10	HEXIM1	PPP1R15A	GAREM	KIAA0825	MMS22L	MVB12A	PLP2	TMEM123	C16orf45	TMEM178B	ARGLU1	CCDC142	MBD6	OR4C46	GFRA2	IL1RL2	C6orf203	TMEM198	PLP1	BTN2A2	PGLYRP4	QSER1	PPP1R15B	RILP	A1BG	DAZAP2	ANAPC15	FAM107A	OR2T12	OR52N5	APCDD1L	CD4	CARD14	MBD5	FADD	CRLF1	GIF	SHARPIN	PMEPA1	MIA	YAF2	TCN2	DAPL1	MEA1	TDRD12	CDC26	PDCD1LG2	VSTM2L	OR12D2	LTB4R2	PAGR1	TMEM150C	TIMP1	GFRA3	MLLT4	CDKN2AIPNL	OR4F4	PLEKHN1	IGSF23	CD96
215	1.0	OR6B2	LGALS3	NDUFA1	SDC3	NDUFB1	CACNG2	CT45A5	CNPY1	AUTS2	FBXO5	LYPD6B	PET100	GNG13	PTGFRN	IGF1	OR5AP2	TJAP1	CIDEB	GADD45A	PLLP	CACNG4	MID1IP1	AKIRIN1	FCGR3A	PKIB	DTHD1	TMEM177	NDUFB4	OR2W3	GADD45B	CST6	ARL14EP	LYSMD2	LYPD6	TPBGL	TMEM169	OR6B3	SPATA2	ARL6IP6	OR10G3	FOSL1	KTN1	TAPBPL	G6PC2	OR10X1	TNFSF13B	OR5T1	TACSTD2	SPATA2L	TMEM14B	INIP	OCIAD2	EPGN	TESPA1	LALBA	TICAM2	CDC42EP4	SAMSN1	HSF2BP	BAMBI	GKAP1	CD164	LECT2	CACNG5	LILRA3	CD200R1L	FAM122C	TPRG1L	NOS1AP	PIK3AP1	CACNG7	THAP10	FBRSL1	TNFSF12	C9orf16	CD164L2	ATF4	MRGPRX3	MED9	BCL9	OR52K2	NCCRP1	SUSD3	EBAG9
216	1.0	HM13	SPPL2B	SPPL2A
217	1.0	SEL1L2	MYO1B	PSMD13	DNPEP	COPG1	PDE12	MYO7A	RBM5	FMN2	RNF43	ANGEL1	RTN4R	SHMT2	CNOT6	UNG	ANGEL2	CSE1L	COPG2	CLP1	SPEN	IPO7	SLC38A10	SHMT1	MYH14	STAMBP	EIF4G3	SET	UXS1	SREK1	TLDC2	RBM15	YIPF7	CCRN4L	MYO5C	PSMD3
218	1.0	NCK1	ARHGAP4	SLC30A6	GRB2	SH3GL3	SH3D21	ABI1	NCF4	SH3GL2	SH3GL1	SRGAP2	NCK2	NCF2	SH3KBP1	SRGAP3	ABI2	SORBS2	SRGAP1	SH3D19
219	1.0	PACSIN1	CHN2	STAC3	RAPGEF1	BCR	ARHGEF28	STAC2	SH3BP1	ARHGAP44	ARHGEF6	ARHGAP30	ARHGAP36	ARHGAP20	TOM1	ARHGDIG	ARHGEF37	SORBS3	PLEKHG4B	LPXN	ARHGAP29	ARHGAP31	ARPC3	ARHGAP40	LASP1	ARHGAP35	PLA2G4E	SYDE2	MCF2L	ARHGEF12	RICTOR	ARHGAP6	IKZF5	POMT1	PLEKHG4	ECT2L	ARHGEF11	HMHA1	ARHGEF26	VAV3	NOSTRIN	ABI3	NPHP1	CD2AP	ATG2A	RALBP1	PEX13	SSU72	FAM13B	GRAP2	ARHGEF1	STAC	CHN1	RAPGEF2	ARHGAP15	PACSIN2	ARHGAP18	ARHGAP5	ZNF831	ARHGAP28	VAV1	ABLIM1	ARHGAP23	VAV2	STAM	ARHGAP17	ARHGDIA	ZBTB5	CAPZB	TOM1L1	IQGAP3	ECT2	ARHGAP12	CRK	LHX1	ARHGAP33	OPHN1	CRKL	ARHGAP42	AEBP2	SDF2	ARHGAP21	LHX5	STAM2	FCHSD2	GMIP	PLEKHA7	ARHGDIB
220	1.0	WIPI1	ALAS2	CCNL1	TP53I3	FLRT1	CFAP44	PIN1	PRPS1L1	UQCRC2	METTL21C	AZIN2	PRPS1	TBCE	RTN4RL2	CERS2	LRRC28	CERS3	CRYZ	AKR1B15	AKR1B10	PMPCA	ANAPC10	KCNAB1	IGF2BP3	GCAT	ALAS1	SLC36A4	CERS5	COPS4	CCNK	CHRAC1	RANBP9	PUM2	BGN	PTPRZ1	WDR45	SPTLC1	AKR7A3	RHOBTB2	LRRC40	SPTLC2	ODC1	TMED7	PRPS2	COQ5	SPTLC3	AKR1E2	ADK	AZIN1	PUM1	WIPI2	CERS4	LRCH4	GMPS	TMED10	KCNAB3	PGLS	LRSAM1
221	1.0	ABCC3	PCCB	SND1	AMPD2	SLC22A1	AASDH	RRAGD	SETD4	LRR1	HSPE1-MOB4	BPNT1	PIKFYVE	MBTPS1	RBKS	GK2	LRRN2	TCTE1	CCNC	SGSM1	DUSP27	GNAT1	PFKFB3	GPCPD1	VAMP1	PFKFB1	PTPN13	NDUFV2	AMPD1	NLRP1	UPB1	ZC3H7A	NLRC3	EMC3	YOD1	SGSM2	CCNT2	STX12	GNAT3	POLK	CLIP3	PDPR	LGMN	DHRS12	AADAT	AMPD3	DPP9	SVOP	HEATR1	IFT88	APOA1BP	ANAPC2	SGPL1	LRRC45	EMC1	GK	NLRP13	NOD2	ATRNL1	SNX8	UACA
222	1.0	NUP98	POLR2I	CNOT4	EMG1	POLR2F	NAT10	RPL26	EP300	RRP8	FAM96B	DERL1	TRIM6	DYNC1H1	DMC1	TRNT1	WHSC1	HCN4	TADA2A	TSR3	RPS16	NRD1	RPL5	RPL26L1	DHPS	ABHD17B	KLHL20	NME7	XRCC3	NMT2	RPL10L	KDM6A	SF3B2	ANKRD13B	TRIO	TRAPPC5	RPL19	PELO	N6AMT1	DNAH5	TRIM13	NMT1	SUMO3	POLR2G	ISCU	EFTUD1	DNAH1	DNAH12	HINT2	CHD6	DCP2	TADA2B	NIP7	NSA2	ZFP36L2	MPHOSPH10	RING1	SEC11C	DYNC2H1	RNASEH2A	DERL2	RAD51	RPS13	TAF9	RNF2	ABL1	CHPT1	DERL3	BUB1	TOP2A	LTN1	RPL10	SMARCA2	RPS26	CSNK2B	ERCC3	FBL	XPR1	SEC11A	GTF2H4	NMD3	PDZRN3	SCYL3	DNAJC13	METTL1	DNAH7	TRMT1	EXOSC2	ABHD17A	RPL13A	ARMC3	KDELR2	HIPK1
223	1.0	PCID2	PDCL3	GK5	HACD1	GPS1	RBBP6	METTL2B	NCAPD2	C21orf2	TRIM72	GRID2IP	METTL8	TRIM60	RRP1	ZRSR2	PPP4R1	EEF1G	TRMT61A	NARF	PRPF38A	RPLP1	OMG	CCNH	TRMT11	RRP1B	FHDC1	ZNF622	ATP6V1C2	ANKRD33B	PPM1J	PPCDC	MYO5A	PHF5A	PDSS1	NARFL	NFKBIB	DNAI2	NOTCH1	RXFP1	RQCD1	TRMT1L	MYCBP2	FHOD3	PPP2R1A	METTL2A	RER1	RAD51D	NUDC	EXOSC10	PROSC	RPS7	EIF1	UBE4B	SLC38A8	TRMT5	MTPAP	DPAGT1	TSKU	U2AF1	PIGK	TRAPPC1	DGKZ	ANKRD13A	KANK4	PSMD9	DUT	AIFM2	METTL18	VPS11	ANKRD40	NUDCD3	U2AF1L4	POLD2	DHX8	UTP3	VPS13B	SUPT5H	METTL6	VBP1	YIPF5	ASNSD1	PPAT	SRD5A1	TXNDC15	RSG1	EIF1B	TRAPPC4	SUPT6H	TBC1D31	RPL27A	CKAP5	SNCAIP
224	1.0	RPS5	LONRF2	KRR1	ASF1B	SLC25A25	ABCC2	CDK13	KDELR3	EML4	RPS20	GPI	TOP3A	CNOT8	TRIM4	REV3L	LATS1	CHD2	PUS7	LRRC6	AIMP1	PSMD4	ATAD5	ASCC3	GSPT2	SUPT16H	ESF1	PRIM1	TRIM11	NACA	ATR	ATAD2B	PIK3C2B	ATP6V1H	PSMC2	PRPF8	H2BFWT	VPS13C	XRN1	MCM6	CHD1	FEM1C	HIPK2	PES1	MAK16	PSD3	DDX3Y	RPL15	RRM1	TPI1	HINT1	TRIM35	GTF2H2C_2	MAP3K12	ASF1A	DUS3L	XRN2	H2BFM	SF3A3	TRIM62	CNOT7	COPA	GTF2B	IARS	MAP3K5	VPS13D	MDN1	PUS7L	ATP6V1C1	UTP18	GTF2H2	RPS9	VPS13A	RPS18	KDELR1
225	1.0	TRAPPC2B	IQSEC3	IGFALS	KHDRBS1	ZSWIM2	CLIP4	TLR5	PFDN5	PCNA	TAF3	PIGO	RNF135	TMEM30A	TRIM25	LRRC18	MRE11A	SENP6	PAPOLG	TMTC1	PPAN-P2RY11	METTL21B	PCGF1	RABGGTA	PHLPP2	PIGG	MYO18A	CDC27	INPP5J	INPP5K	UTP11L	ZNF598	MRPS12	TRIM21	TBC1D9	MYO1D	DRAP1	PUSL1	PIGA	SBDS	CDKL2	SF3A2	JADE3	NOL10	BYSL	TRMT2A	WRNIP1	TAF1L	COMMD3-BMI1	TATDN2	PTPN9	PAPOLA	BBS4	BMI1	LRIG3	RCL1	DDX23	RFPL4B	TUBGCP2	EIF4G2	STX2	HSD11B1L	INPP5E	STX1A	ASNA1	POLR3F	LRIG2	PAN3	PAPOLB	LRRC4	FLII	HSDL1	GP5	RAD23A
