1	1.0	SIDT1	EVC2
2	1.0	VGLL3	NINJ2	MYOD1	LGALS3	NINJ1	CCR10	SGCE	RABEP2	PET100	ELL3	TNNT1	NDUFB5	FJX1	CCDC50	CDR2	TEX28	TMEM177	CD86	NOL4L	C1orf43	C2orf42	SYNE3	C2orf47	OAF	GMNN	DCSTAMP	VGLL1	GPM6A	BAG5	ZNF488	OCIAD2	FASTKD2	VGLL2	BTN3A3	COX6C	OR4A16	IL18RAP	TWSG1	CRHBP	BTN3A2	TMEM8C	EVPLL
3	1.0	ADAM30	ADAM22	ADAM9	ADAM32	ADAM28	ADAM8	ADAM15	ADAM21	ADAM20	ADAM33	ADAM23	ADAM12	ADAM19	ADAM7	ADAM29	ADAM11
4	1.0	OR10G4	TMIE	TRABD2B	TSHZ2	MSL1	SPATA6	KIAA1958	AMOTL2	ICAM1	TSSC4	LAG3	PTOV1	NDUFB3	AFF1	CDC42EP1	CDC42EP3	EPCAM	OR8I2	IL1RL2	CDC42EP2	C7orf26	C7orf31	OR8K1	XK	TSHZ3	TEX264	NPM1	C9orf172	KLRC1	IGFBP1	LAPTM4A
5	1.0	MOB1B	TCTE1	NAPG	MOB3B	MOB3C	MOB2	MOB1A	LRRC45	NLRP13	MOB3A
6	1.0	NUB1	FAM57A	ZCCHC14	CP	DNMT3L	FTCD	MED25	TEX11	TMEM214	FAM57B	GLMN	TXLNGY	BRWD1	ORC6	GLT8D1	AQP12A
7	1.0	ADIG	CSN3	FAM24A	WFDC10A	CXCL17	PRR30	DEFB112	KRTAP9-4	DEFB110	OOSP1	DEFB119	C11orf86	PSORS1C2	KNCN	ERICH4	C20orf141	KRTAP9-6	WFDC10B	IGIP	CCER1	BEX5	BEX1	ENHO	C6orf15	TMEM88B	C22orf46	KRTAP9-3	DEFB125	OOSP2	KRTAP9-8	COLCA2	KRTAP9-2	DEFB130	C19orf33	SAP25	GAPT	BEX2	DEFB126	FAM24B	SFT2D3	CEND1	DEFB118
8	1.0	ZNF33A	ZFP14	ZKSCAN7	ZNF567	ZNF266	BCL6	ZNF311	ZNF85	ZNF256	ZNF250	ZSCAN31	ZNF577	ZNF461	ZNF780B	ZNF132	ZNF134	ZNF792	ZNF81	ZFP1	ZNF561	ZNF99	ZNF674	ZNF658	ZNF729	ZNF205	ZNF546	ZNF454	ZNF878	ZNF529	ZNF264	ZNF749	ZNF329	ZNF578	ZNF154	ZNF564
9	1.0	TSNAXIP1	PHOSPHO2	NUDT1	C4orf47	FAM227B	TTC9B	DPCD	CIITA	C22orf23	RIIAD1	LACTB	MNS1
10	1.0	WT1	ZNF619	ZNF700	ZNF765	GINS4	SP1	ZNF793	KLF7	KLF11	SP3	KLF12	PRDM6	KLF13	ZNF827	SP2	ZNF438	ZNF575	SCRT2	KLF10	KLF9	SP4	KLF2	LARP4	SALL2	KLF3	ZNF607	PLEKHA4	KLF5	HIVEP2	ZNF367	KLF14	KLF4	ZNF23	ZNF519	ZKSCAN2	ZNF263
11	1.0	CDC42SE2	CDC42SE1	TMEM170A	WBP11
12	1.0	PDE3A	PDE6A	PDE1B	PDE4A	PDE1C	PDE4D	PDE4B	PDE7A	PDE10A	PDE8A	PDE8B	PDE7B	PDE6B	PDE1A
13	1.0	C20orf196	KRTAP27-1	CCDC54	IL36B	KRBA1	AMTN	MRAP	C16orf54
14	1.0	LRRC71	CFAP43	ODF3L2	RSPH6A	C4orf22	PIH1D2	CCDC13	RSPH9	KIAA0556	ROPN1L	PIH1D3	FGFR1OP	ATAT1	TTC8	TCTE3	TCTEX1D2	CEP120	C16orf93	ROPN1B	ODF3B	GAS8	DLEC1	CCDC173	ENKUR	LRRIQ3	DZIP1L	FAM184A	CCDC37	MAATS1	CFAP58	CCDC146	ODF3	RSPH3	DZIP1	SPAG16	C21orf59	RSPH4A	CCDC39	SPATA17	KIAA1279	CFAP61	CCDC113	CFAP74	CEP41	CCDC96	IFT81	CCDC63	CFAP20	AXDND1
15	1.0	CTSL	CTSS	TINAGL1	CTSV	TINAG	CTSH	CTSK	CTSF	CTSZ	CTSB	CTSO	CTSW
16	1.0	GP9	CHIC1	CNEP1R1	NYX	CHIC2
17	1.0	OR2Z1	OR2J3	OR1F1	ATP1B1	OR4S1	GPC4	OR6C70	OR6C3	GPR55	OR2B6	OR6C76	ATP1B4	P2RY11	OR1L1	OR8K3	OR2T4	OR6C68	OR10AG1	GPC2	OR4C12	GPC3	OR1L6	OR7A17	GPC6	ATP4B	GPC1	OR1L4	TMEM161A	LHFPL3	OR2A12	P2RY10	OR6C6	GPR35	IGSF21	OR2B2	OR4N5	GPR132	P2RY14	OR7D2	OR5M10	OR9Q2	OR6C65	LHFPL1	TCF3	OR6M1	OR6C75	OR4C6	OR9G4	OR2B3
18	1.0	IL17RD	PRRG3	WISP1	TMEM178A	PRRG1	BTN3A1	EDAR	SLC48A1	KCNMB3	EMID1	KCNMB1	IL17RA	TRIM14	COL26A1	HOMEZ	CRYBA2	PTGER1	TRIM69	CRYBA4	LECT1	IL17F	PRRG2	PRR14L	IGFBP6	CRYBB2	ZNF365	CRYBB3	CLDN7	IFFO2	KIAA1549	STC2	STC1	TRIM16
19	1.0	BANK1	GAREML	OR5AR1	ZNF843	C20orf27	OR11L1	GOLIM4	FNDC5	C1orf194	COA3	C14orf119	CRTC3	DEF8	OR52E6	OR52D1	TMEM59L	OR2M7	OR5AS1	MB21D2	MYRIP	C16orf89	MYOG	FNDC4	TMEM150B	DOK3	OR2M2	LYSMD1	IGSF3	C16orf87	FGF21	RASSF10	HEXIM1	PPP1R15A	GAREM	KIAA0825	C16orf72	TIMP3	MMS22L	MVB12A	ARGLU1	CCDC142	AMICA1	MYF5	OR51M1	TCF23	TMEM198	PLP1	PGLYRP4	NFATC2	NFATC3	DAZAP2	GPRC5C	FAM107A	OR2T12	OR52N5	NDFIP2	PAIP2B	CBY1	FADD	FAM60A	SHARPIN	YAF2	TCN2	OR2AG1	MAEL	TDRD12	TIMP2	OR10P1	TIMP4	OR12D2	LTB4R2	C7orf55	TMEM150C	TIMP1	NCOA6	PLEKHN1	FAM13C
20	1.0	SPEF1	IFT52	TCTEX1D4	CLUAP1	SPATA4	FOPNL	CCDC65	CFAP57	CEP164	EFHC2	PACRG	CCDC38	TCTEX1D1	CCDC40	PDE6D	TTC21A	DNALI1	TMEM67	CEP104	C6orf165	TTC21B	TTC29	OFD1	IFT22	DNAAF5	PIBF1	DRC7	DRC1	IQUB
21	1.0	MGARP	NRN1L	CTXN3	C4orf48	WIZ	CTXN2	MYCT1	CTXN1
22	1.0	DIAPH2	SF1	PSMD13	CUL2	RBM41	UBE4A	DGKA	PDZRN4	SSRP1	CPSF1	DIAPH1	INF2	DAZ2	ZNRF1	ZNRF2	WDR74	RABL6	CUL4A	CLP1	SPEN	NOX5	DAAM2	IPO7	RAVER2	DAAM1	RNF4	RBM15	LNX2	PMM1	EIF4G1	PFKL	PMM2
23	1.0	TMSB15B	FCER1G	LILRA1	FXYD1	LILRB3	CEP68	TMSB15A	RIPPLY3
24	1.0	AFP	LILRB4	OSTN	TAS2R60	SNN	LRRC41	KIR2DS5	KIR2DS1	KIR2DL5A	TAS2R50	MBP	RNASE4	ANG	TAS2R10	GC	CXCL11	TAS2R41	KIR2DP1	KIR2DL3	TREML1	AFM	GIP	TAS2R31	CCL22	LILRB1	KIAA1210	TAS2R7	RNASE12	RNASE1	KIR2DL2
25	1.0	KIAA1462	MGP	SLX4IP	AKAP7	SGOL2	GOLGA8O	DEXI	PLN	BEND2	IQCC	TSGA10IP	IFNA6	NBPF10	CEACAM4	IFNAR2	GOLGA8B	CENPW	TOMM5	SRGN	C1orf210	RHBDD2
26	1.0	PHTF2	GOLGA2	SPDYC
27	1.0	DUSP14	DUSP26	DUSP8	DUSP7	DUSP16	DUSP2	STT3B	DUSP1	DUSP10	SSH1	SSH2	DUSP22	DUSP13	DUSP19	DUSP9	DUSP6	SSH3	GNA13	STYX	DUPD1	DUSP28	STT3A	DUSP4	DUSP18	DUSP5	CBR4
28	1.0	SERPINA12	SERPINF2	SERPINB1	SERPINA11	SERPINE1	SERPINA7	SERPINA6	SERPINB7	SERPINA1	SERPINE3	SERPINB2	SERPINB3	SERPINB8	SERPINB13	SERPINA10	SERPINB9	SERPINF1	SERPINB12	SERPINA9	SERPIND1	SERPINI1	SERPINB11	SERPINB10	SERPING1	SERPINA4	SERPINB5	SERPINB4	SERPINB6	SERPINA5	SERPINC1	SERPINE2	SERPINH1	SERPINI2
29	1.0	HOXD3	HOXC4	HOXC10	HOXA1	HOXA13	PAX6	HOXA9	MSX1	EN1	HOXB4	HOXA3	HOXA4	HHEX	NKX3-1	HOXA10	HOXB5	HOXB3	EN2	EMX1	NOTO	HOXA2	HOXA7	HOXB7	HOXD1	HOXD10
30	1.0	CA5B	CA8	NOA1	CA3	PREPL	CA1	CA9	CA4	CA14	CA13
31	1.0	MAGEB1	MAGED2	MAGED4	MAGED4B	MAGEL2	MAGEB5	MAGEB18	MAGEB10	MAGEH1
32	1.0	KRTAP13-3	WFDC6	C1orf64	LY6K	C6orf201	KRTAP24-1	DEFA5	C16orf92	KRTAP25-1
33	1.0	STAT5B	BIN3	FAM45A	STAT6	STAT5A	PLEKHM2
34	1.0	PPP1R17	C21orf62	IL21	C6orf222	KIAA1551
35	1.0	KLF1	ZNF76	YY2	ZFP82	ZIC1	YY1	KLF16	ZFP69	GLI2	ZNF853	ZIC4	GLIS3	ZNF143	ZIC2	ZFP42	ZNF653	ZNF460	PLAGL2	ZXDA	ZNF550	ZNF449	ZNF410	ZXDB	ZNF692	GLI1	ZNF641	GLIS1	ZIC5	ZIC3
36	1.0	TNFAIP8L3	TNFAIP8	FAM114A2	FAM114A1	TNFAIP8L2
37	1.0	CHRNA10	CHRNA2	CHRNA4	CHRNB3	CHRNB1	CHRNA3	CHRNA1	CHRNA5	CHRNG	CHRFAM7A	CHRNA7
38	1.0	OR11A1	OR2T5	PTGDR2	OLIG1	AGER	OR4K14	EDNRA	BHLHE23	ATOH7	OR1N2	TFAP2D	OR2A42	SEMA6B	OR4K1	OR4L1	OR2A1	OR1E2	OR4D6	OR10A6	MSC	OR1E1	OR2T29	OR4K17	GPR27	OR2B11	BHLHE22	BCL7B	ID4	OR2W1	SEMA4G	DACH2	MRPS30	DACH1	OLIG2	TPM2	MC1R	ATOH1	SEMA7A	S1PR5	OR2H2	BCL7C	NEURL2	RUNDC1	OLIG3	GPR61	S1PR4	OR2AT4	NEUROD6	OR2G6	OR13J1	OR4C15	NTSR2	OR1L8	OR4A5	OR11G2	MSGN1	OR14I1	OR9A2
39	1.0	C1QL3	TEDDM1	CBLN3	COL8A2	C1QTNF5	C1QL2	C1QL4	CBLN4	C1QTNF8	COL10A1	C1QC	C1QTNF3	COL8A1	C1QTNF4	C1QTNF7	C1QL1	CBLN2	C1QTNF2	C1QTNF6
40	1.0	ZNF623	ZNF665	ZNF732	ZNF25	ZNF287	ZNF260	ZFP90	ZNF846	ZNF433	ZNF101	ZNF175	ZNF14	ZFP28	ZNF696	ZNF816	ZNF146	ZNF616	ZKSCAN8	ZNF160	ZNF419	ZNF225	ZNF829	ZNF558	ZNF41	ZNF189	ZNF548	ZNF600	ZNF562	ZNF791	ZNF347	ZNF624	ZNF584	ZNF845	ZNF880	ZNF121	ZNF141	ZNF415	ZNF71	ZNF556
41	1.0	ENPP7	ENPP3	ENPP1	ENPP5
42	1.0	GABRB1	SHROOM3	SESTD1	NDUFA7	CHRND	GABRB2	GLRA2	SOCS4	DGCR8	GABRD	GLRA4	GLRA1	SOCS5
43	1.0	HACD3	PTP4A1	PFDN5	NACAD	NACA2	VAMP3	DPYD	TRAPPC3L	LDHAL6A	NUTF2	PANK3	FBXL2	ANKRD45	BYSL	RBM14-RBM4	ARFGEF2	TRAPPC3	ARFGEF1	UBR1
44	1.0	OR52E4	OR4F21	OR1N1	OR51T1	OR10A5	OR52K1	OR11H4	OR5P3	OR3A3	OR51E2	OR4E2	OR5H15	OR2T8	P2RY13	OR2L2	OR7D4	OR5M8	OR13A1	OR5H14	OR10V1	OR51E1	OR1D5	OR8H2	OR14A16	OR5R1	OR4Q3	OR6B1	OR4D5	OR10W1	OR51V1	P2RY12	OR6S1	OR2A14	OR3A1	OR51I2	OR51A7	OR2F1	OR2A25	FFAR4	OR9G9	OR4F16	OR10A4	OR2F2	OR4F29	OR2AK2	OR4M2	OR1A1	OR52E8	OR1S2	OR5K2	OR10J1	OR10Q1	OR5V1	OR4F3	OR51L1	OR5K4	OR1C1	OR4C13	OR4B1	OR8U1	OR10A2	OR52H1	OR4F6	OR5K1	OR2AE1	OR6C1	OR1G1	OR1S1	OR7E24	OR8U8	OR13G1	OR6V1	OR2C3	OR51I1	OR52B2	OR14J1	OR5H1
45	1.0	PXYLP1	ACP2
46	1.0	SCGB1C2	SCGB1C1	TMEM156
47	1.0	EVA1B	NRIP1	PMCH	SLC35G6	AURKAIP1	SLC35G3	LXN	CXorf36	TMEM263	HNMT	SHISA9	ETAA1	IFI35	SLC35G5	GPRC5D	DACT3	FARP1	SCARA3	TMEM51	RARRES1
48	1.0	HNRNPLL	PTBP3	C2CD5
49	1.0	OR2V2	OR7A10	OR8H3	LHFPL4	OR10A3	OR1K1	OR1D2	OR1A2	OR13C8	OR10C1	OR7A5
50	1.0	METTL5	SIX3	SRP19	TGIF1	SIX2	LRFN5	SIX6
51	1.0	AMELX	AMELY	C6orf132	SPATA45	KISS1	TMEM40	PLAC9
52	1.0	OR52A5	OR6C4	OR52J3	OR4F15	F2RL3	OR9Q1	OR10J3	OR11H6	OR5B2	OR3A2	NDUFB10	OR8K5	GPR153	OR2G3	OR52B6	OR11H2	OR51A4	OR52I1
53	1.0	CPT1A	CRAT	CPT1B	CROT	CPT1C	CHAT	CPT2
54	1.0	ERI2	ERI3
55	1.0	CCDC74A	INMT	TP53I13	OR10G7	SPRY3	GEMIN7	FAM185A	SAYSD1	OTOR	MED29	GLYATL2	TM7SF3	C16orf52	C11orf57	NFATC1	TMEM173	GPR143	TLCD2	C17orf59	ATF3	VEZT	ARHGAP27	FUT2	KIAA1328	SAPCD2	CHST1	CST3	CST1	STMN3	FUT1
56	1.0	UGT1A7	ATPAF1	UGT1A10	ACP5	GSTCD	FADS6	RTCB	UGT1A3	UGT1A9	UGT1A5	UGT8	FAM188A	UGT1A8
57	1.0	IL1RN	CCL17	IFNA10	PAG1	IFNA5	ZNF197	KIR3DL1	KLRG2	IL10	IFNA17	IL1B	EPOR	IFNA4	NKX2-5	IFNA7	IL36RN	TIFAB	IFNA21	IL36G	KIAA2022	IFNE	IFNA16	IL20	FGFBP3	IFNLR1	IFNA1	IL2RB	IL9R	IFNA13
58	1.0	OCIAD1	DNASE1L1
59	1.0	FAM214A	FAM214B
60	1.0	LCN9	GHRL	MTL5	SMCO3	MAPK1IP1L
61	1.0	TYR	TYRP1
62	1.0	TOE1	PARN	PNLDC1
63	1.0	DSN1	IL17REL	TREML2	UIMC1	AKAP3	CHGB	KIR3DL3	ZNF483	RTP5	CHGA	CSHL1	CD28	TMEM174	CENPU	ARMCX6	PPP1R26
64	1.0	GGACT	SH3BP4	PEAK1	ZC3H12D	ARRDC1	ZC3H12A
65	1.0	PITPNM2	PITPNB	PITPNM3	PITPNA	PITPNC1
66	1.0	FABP5	FABP7	PMP2	FABP2	CRABP2	RBP1	FABP12	FABP4	CRABP1	FABP3	RBP2	FABP9
67	1.0	SPNS3	SLC39A7	SLC39A8	SLC39A5	SLC39A4	SLC39A14	SLC39A13	SLC39A6
68	1.0	TDRKH	ERI1
69	1.0	C10orf128	LYPD8	PCP4L1	CLPSL2	NREP	HJURP
70	1.0	MED12	MAU2
71	1.0	OR2L3	OR4X2	OR10S1	OR5D13	GPR82	OR52B4	OR52M1	OR1Q1	OR5B17	OR4F13P	OR52A1	OR2T11	OR8D4	OR51A2
72	1.0	PATE4	PATE1	TNFRSF17	SPESP1	C1orf141	GFY
73	1.0	HOMER2	HOMER3	EVL	C12orf4	HOMER1	RIN1	SLC41A3	RUNDC3B	TADA3	HTT	VASP	ITGA2B	STAT2
74	1.0	SCARB1	ITGA4	ITGA2	CBX7	CDO1	GPR155	LOXHD1	PLXNA2	SNX31	SFSWAP	FKRP	PKD1L1	FUT8	DRP2	ITGB2	SLC39A9	MBTPS2	TRPC4	PDLIM1	DTX1	SCARB2	CD36	ITGA7	C6	MIER2	ADGRG7
75	1.0	MXD3	ZNF704	HAND1	SPRYD7	MXD1
76	1.0	SMIM1	TMEM240	HMGA2	SMIM10	SLN	C2orf80	IGSF6	TCOF1	BCL2L12	C12orf75	PRLH	TEX12	C11orf96	TRIQK	SLC51B	RAD54B	MPLKIP	SYCN
77	1.0	PTPRK	PTPRF	PTPRS	PTPRO	PTPRQ	PTPN2	PTPRC	PTPN11	PTPRN	PTPRT	PTPN18	PTPRE	PTPN1	PTPN21	PTPRM	PTPN22	PTPRA	PTPN7	PTPRD	PTPN14	PTPRN2	PTPRR
78	1.0	GKN1	SLAMF7	QRFP	PIANP	UPK3BL	NCMAP	PLA2G2C	C1orf94	UPK3B	TMEM215	FAM174A
79	1.0	TNFRSF4	IDO2
80	1.0	HEBP1	SS18L1	DBF4B	LRRC14B	APOA4	HENMT1	RNF214
81	1.0	IL21R	MSLN	CD40LG
82	1.0	ALDH8A1	ALDH3A2	ALDH7A1	ALDH5A1	ALDH3A1	CBS	CTH	NIT2	ALDH3B2	ALDH4A1	ALDH6A1	ALDH1L1
83	1.0	DCDC2C	RP1L1	DCDC2	TACR2	BIN2	KCP
84	1.0	ACRBP	LEP	LYPD3	CCDC160	LYPD5	CEACAM3	CCDC185	AMBN	CYHR1	SERTAD1	FAM228A	CDCA5	SMCO1
85	1.0	TMEM125	PRR35	FAM219B	CD7	EMX2	RLN3	ESM1	FAM212B	DDIT3	INSL5	MARVELD3	MISP	SMIM19	ZNF750	NUFIP2	FAM212A	RLN1	CCL25
86	1.0	ATF2	CREB5
87	1.0	TMEM239	MUC21	SPATA25	C4orf26	FSCB	PLET1	C9orf131	KRTAP4-1	C3orf62	TSACC	PRR32	C19orf81	C4orf19	UCN2	TNP1	C11orf94	C11orf91
88	1.0	MAMLD1	S100A7	TAS2R16
89	1.0	CRHR2	GHRHR	GIPR	FREM1	VIPR1	TPM3	PTH1R	VIPR2	CALCRL	SCTR	GLP1R	GLP2R
90	1.0	DEFB108B	C1orf111	TUSC1	RNASE13	FAM170B	C2orf78	C19orf38
91	1.0	PLAGL1	ZNF230	FIZ1	ZNF784	ZNF24	ZNF526	ZNF142	SALL3	ZNF610	PRDM12	ZNF444	ZNF728	ZNF341	MAZ	KLF17	OVOL1	GFI1B	ZEB1	ZBTB45	ZNF335	ZNF781	ZFP57	ZBTB20
92	1.0	SLC25A15	SLC25A17	SLC25A28	SLC25A41	SLC25A34	SLC25A42	TNPO1	ITSN2	NAA16	SLC25A16	SLC25A2	SLC25A48	SLC25A32	SLC25A30	SLC25A14	SLC25A21	SLC25A36	NAA15	SLC25A11	SLC25A20	SLC25A45	SLC25A43	UCP1	SLC25A33	PRMT8	RBM15B	SLC25A4	EIF2A	SLC25A12	UCP2	SLC25A31	SLC25A37	SLC25A40	SLC25A3	CHKA	CHMP2A	SLC25A19	SLC25A39	SLC25A26	SLC25A29	SLC25A13	SLC25A22	SLC25A5	SLC25A44	SLC25A10	SLC25A1	TNPO2	SLC25A6	UCP3	SLC25A18	EIF3B	DECR2	SF3B3	WWOX	SLC25A38
93	1.0	IDH2	ACO2	ADSS	ADSSL1	DBT	DLAT	CYB5R1	DLST	ACO1	COX10	PDHX	MTRF1	IREB2	C12orf65	CYB5R2	DHTKD1	OGDH	CYB5R3
94	1.0	GRHL3	GRHL1	TFCP2	UBP1	GRHL2
95	1.0	VPS35	HIST1H2BM	HIST2H2BE	HIST2H2BF	HIST1H2BB	HIST1H2BN	HIST1H2BL	HIST1H2BO	HIST3H2BB	HIST1H2BE	HIST1H2BG	HIST1H2BF	HIST1H2BD	HIST1H2BA	HIST1H2BJ	HIST1H2BK	HIST1H2BH	HIST1H2BI	HIST1H2BC
96	1.0	ANXA8L1	ANXA3	ANXA4	ANXA6	ANXA8	ANXA13	ANXA11	ANXA10	ANXA9	ANXA1	ANXA2	ANXA7	ANXA5
97	1.0	ALDOA	ALDOB	ALDOC
98	1.0	C11orf74	C20orf195	NFAM1	C14orf79	C8orf22	PINLYP
99	1.0	ZNF345	ZNF596	ZSCAN10	ZNF557	ZNF652	ZNF383	ZNF84	ZNF234	ZNF177	ZNF672	ZNF566	ZNF559-ZNF177	ZNF19	ZNF34	ZNF710	ZNF705G	ZNF570	ZBTB47	PRDM4	ZNF70	ZNF423	ZNF670	ZNF480	ZNF836	ZNF543	ZNF778	ZNF77	ZSCAN32	ZNF184	ZNF57	ZFP69B	ZNF805	ZNF268	ZKSCAN3	PRDM5
100	1.0	HNRNPUL1	ATCAY	HNRNPU	BNIP2	BNIPL	SUGP2	HNRNPUL2
101	1.0	SLC16A13	SLC16A2	SLC16A6	NDUFB8	SLC16A5	SLC16A10	SLC16A3
102	1.0	ELFN2	COG6	BHMT	LRRN4	CHMP4A	RCN3	TAS1R3	CREB3L4	GPRC6A	SAT2	TXNDC16	SNAPC3	CREB3L1	PXDN
103	1.0	SEMA4F	SEMA4B	SEMA6C	SEMA3A	SEMA6A	CSF3R	SEMA4D	SEMA4A
104	1.0	CLCF1	GPR62	GPHB5	GTF2I	CARTPT
105	1.0	PKP3	ZUFSP	CTNND2
106	1.0	TBXAS1	CYP2A7	CYP2J2	CYP2C9	CYP2W1	CYP2A13	CYP2C18	CYP2C19	CYB5RL	CYP2R1	CYP1A1
107	1.0	ARSD	GALNS	ARSF	ARSH	ARSG	KCNJ4	ARSK	SULF2	SGSH	IDS	GNS	ARSI	ARSJ	ARSE	SULF1	ARSA	ARSB
108	1.0	UBXN11	CLCA4	ADHFE1
109	1.0	BASP1	KRTAP13-1	SPEM1	KRTAP13-2	LSMEM2	CYS1	C2orf16	TM4SF19	KRTAP10-9	CD160	TMEM191B	KRTAP4-2	LYNX1	APOBR	KRTAP8-1	KRTAP15-1
110	1.0	COX7B	AKAP2	MPL	RPRM	COX7B2	RPRML	C10orf12
111	1.0	POU4F2	POU3F1	POU4F1	POU4F3
112	1.0	MRPL44	NXF1
113	1.0	VN1R4	APOM	TUSC5	SYNE4	TINF2	PROCA1	CXorf21	C14orf28	C11orf95	OTOS	C11orf84	RHBDD3
114	1.0	CHRNA6	GABRE	GABRG2	GABRA2	GABRA3	GABRP	GABRQ	GABRA6	GABRG3	GABRG1	GABRA4	GLRB	GABRR3	GABRA1	GABRR1	HTR3A
115	1.0	DLGAP1	DLGAP3	GIPC2	DLGAP4	GIPC3	BANF1	DLGAP2
116	1.0	HPS5	IYD	APOD	SUV420H1	GNE	NDUFA10	DCBLD1	KIAA0513
117	1.0	TMEM201	HEATR3
118	1.0	VENTX	RHOXF2B	PITX1	HESX1	RHOXF2	GSC	RHOXF1	DUX4	PITX2	DPRX	MIXL1	PITX3	CHCHD4	GSC2	HOXD12	RAX	OTP	POU6F1	DMBX1	DUXA	LBX1
119	1.0	MYH7	MYH3	MYH1
120	1.0	DVL3	DVL2
121	1.0	SCAMP4	SCAMP5	SCAMP2	SCAMP1	UBR7	PKP1	RBPMS2	RBPMS
122	1.0	HNRNPH3	GRSF1	HNRNPH2
123	1.0	SEMA6D	SEMA3C	SEMA3D	SEMA3B	TPM4	PPL	SEMA3E
124	1.0	RUNX3	RUNX2	RUNX1
125	1.0	COMMD3	FAM21A	C16orf62	FAM21C	KIAA1033	FBXO10	CCDC22	SWAP70	KIAA0196	COMMD4
126	1.0	C1orf189	SPATA24	LMNTD2	CCDC60	C12orf56	HEATR9	TMEM236
127	1.0	BLOC1S2	NANOG	GPALPP1	MED22	BNIP1	TAF4B
128	1.0	SCRG1	C14orf2
129	1.0	MARCH11	MARCH9	MARCH7	MARCH4	MARCH2	LSM14A	LSM14B	MARCH10	MARCH8
130	1.0	MT-ND5	MT-CO1	MKL2	MT-ATP6	MT-CO3	MT-ND4	MT-ND1	MT-CYB	MT-CO2
131	1.0	FAM102B	FAM102A
132	1.0	SLC10A1	MORC3	FASTKD3	SLC10A6	SLC10A5	RNF208	SLC10A2	SLC10A3	SLC10A4
133	1.0	MED1	SLC2A4RG	ZNF395
134	1.0	MMP19	MMP20	MMP11	MMP17	MMP24	MMP10	MMP21	MMP3	MMP8	MMP13
135	1.0	HIC1	ZNF282	ZNF689	SP6	ZNF140	ZNF716	ZNF597	ZNF736	SP9	KLF15	ZNF394	ZNF114	ZSCAN9	ZNF649	ZNF682	ZSCAN16	ZNF195	SP8	ZNF432	ZNF302	ZNF727
136	1.0	SYNGR4	SYNGR1	SYNGR2
137	1.0	VAPB	ACBD7
138	1.0	FAM71E1	MS4A10	AKAP5	CDRT4	FAM71F2	FAM71F1	C1orf115	FAM71D	LIF	FAM71E2	COPRS	FAM170A	SLAMF9	C9orf24	SPACA1	LSMEM1
139	1.0	TSC22D3	EFNA5	OLFML3	TNNI1	OLFML2A	OLFML2B	OLFML1	TSC22D2	EFNA1	OLFM2	TAX1BP3
140	1.0	RTKN2	SLC16A4	WDR73
141	1.0	SPRED1	TNFAIP2	INA	COL1A1	TEKT2
142	1.0	ZNF620	ZNF735	ZNF233	ZNF334	ZNF841	ZNF737	ZNF613	ZNF417	ZNF439	ZNF304	ZNF549	ZNF493	ZNF430	ZNF192P1	ZNF517	ZNF595	ZNF626	ZNF547	ZNF257	ZNF221	ZNF300	ZNF107	ZNF32	ZNF660	ZNF574	SNAI3	ZNF813	RBAK	ZNF721	ZNF571	ZSCAN25	ZNF98	ZNF17	ZNF664	ZNF681	ZNF285	ZNF492	ZNF761	ZNF678	ZFP30
143	1.0	FCHSD1	NCAPG	QPCTL	SNAP91
144	1.0	FGG	MAPK8IP2	FCN3	FGL2	MFAP4	FGL1	ANGPTL6	ANGPT1
145	1.0	CHST8	CHST13	CHST10	TTYH2
146	1.0	ZNF677	ZNF569	ZNF284	ZNF484	ZSCAN4	ZSCAN5B	ZNF599	ZNF45	ZNF436	ZNF22	ZNF808	ZNF7	ZNF226	SNAI2	ZFP62	ZNF112	ZNF286A	ZBTB7B	ZNF43	ZSCAN21	ZNF286B	REPIN1	ZNF227	ZIK1	ZNF79	GLI4	ZFP64	ZNF774	ZNF337	ZNF473	ZNF235	ZNF239	ZNF629	ZNF354A	ZNF559	ZNF662	ZNF479	ZNF182	ZNF625
147	1.0	NGF	WHAMM	FAM171B	DIABLO	FAM171A2	NTF3	BDNF	FAM133B	FAM171A1	NTF4	FAM198B	IFITM1	GEMIN4	SLAIN2	TMEM91	IFITM2
148	1.0	SUN3	SUN1	SPAG4	SUN2
149	1.0	KRTAP2-3	AHSP	KRTAP3-1	SCGB3A2	C6orf47	KRTAP3-2	KRTAP3-3	KRTAP2-4	C16orf90	C19orf71
150	1.0	ARRDC4	ACE	TSPAN9	ACE2	TSPAN33	TSPAN8	MFRP	PARVG
151	1.0	GNG5	GNG12	C4B	NTRK2	UPK1A	CD109	NFIL3	PZP	CNPY3	A2ML1	DBP	A2M
152	1.0	FLRT3	COG2	CEP72
153	1.0	MYH6	MYH8	MYH2
154	1.0	DEGS1	KCMF1
155	1.0	TOMM20	HIF1A	TOMM20L
156	1.0	ZNF343	ZNF217	ZNF470	ZBTB48	ZNF292	ZFX	ZNF768	ZNF775	RASL10A	ZNF648	ZNF688	ARHGAP11B	GZF1	ZNF541	PRDM10	ZFP37	ZFY	ZBTB1	ZBTB40	EGR3	ZNF362
157	1.0	CCNO	CCNB3	CCNE2	CCND2	CCNE1	CCNI	CCNA1	CCNB1	CCND1	CCNA2	CNTD2	CCNB2
158	1.0	CADM1	KRT85	FCN1	NEXN	CHRNB2	CLEC12B	CHRNB4	KRT7	CMYA5	NTM	KRT78	HS6ST2
159	1.0	TMEM63B	TMEM63C
160	1.0	GPX6	GPX3	GPX4	GPX8	GPX2	GPX7	GPX5	GPX1
161	1.0	NEUROG1	CHCHD10	SOCS3	NEUROG2	FERD3L	PTF1A	NEUROD1	LYL1	HAND2	NEUROD2
162	1.0	NCKAP1L	WASF3
163	1.0	DEFB107A	C20orf144	TEX38	TEX19	SECTM1	C17orf100	PATE2	BIK	DEFB116	SPATA33	C1orf162	C1orf185	C10orf99	DEFB131	DEFB106A	EDDM3A	DEFB106B	MS4A13	GML	KRTAP7-1	C12orf71	WFDC9	EDDM3B	C17orf107	SMIM6	TEX22	PRR9	DEFB107B	LELP1	SPACA7	C5orf47	C16orf86	CCER2
164	1.0	NUP210L	ZNF280B
165	1.0	NIF3L1	HK2	HK3	GCK	HK1	HKDC1
166	1.0	NUDT8	NUDT13	SLC35F5	ASS1	METTL7B
167	1.0	MUL1	MORN5	RNF34	ELMOD2	NEURL1B
168	1.0	ZNF274	ZNF701	ZNF165	ZNF214	ZNF397	ZNF148	ZNF628	ZNF675	ZNF2	ZNF708	ZNF772	ZNF835	ZNF852	ZNF510	ZNF467	ZNF18	ZNF224	ZNF777	ZSCAN26	ZNF718	ZNF552	ZNF350	ZNF671	ZNF572	ZNF10	ZNF697	ZSCAN23	ZNF418	ZNF691	ZNF709	ZNF551	ZNF416	ZNF585A	MZF1	ZNF506	ZSCAN22	BCL6B	ZNF202	ZNF587B	ZNF501	ZSCAN30	ZNF606	ZNF382	ZKSCAN1	ZNF707	ZFP2	ZNF605
169	1.0	UBAP1	PLIN3
170	1.0	HAS1	OSGIN1	HAS2
171	1.0	SLC6A13	SLC6A1	SLC6A6	SLC6A4	SLC6A14	SLC6A5	SLC6A17	SLC6A7	SLC6A15	SLC6A3	SLC6A16	SLC6A20	SLC6A12	SLC6A9	SLC6A2	SLC6A18	SLC6A11	SLC6A19	SLC6A8
172	1.0	POU5F1B	EPAS1	APBB1IP
173	1.0	ELMO2	SUGCT	WSCD2	WSCD1	NUDT18	ACMSD	AS3MT	GPHN	BTD	MARC1	NOX4	ASAH2	MANBA	METTL12	DHRS4L2	MOCS1	SERHL2
174	1.0	LRRC52	MDH1B
175	1.0	MUM1L1	MUM1
176	1.0	SNAPC1	GRAMD4
177	1.0	LTBP1	SUSD1	GAS6	FBLN7	LTBP4	LTBP3	FBLN1	HEG1	FBLN2	JAG1	UMOD	FBN3	CD93	EFEMP1	PROS1	MATN2	NPNT	HMCN2	FBLN5	EGFL6	EGFL7	ADGRE2	THBD	MEGF6
178	1.0	PHACTR1	PHACTR4	PHACTR2	PHACTR3
179	1.0	GPR89A	APTX
180	1.0	LTA	CKAP2	TMEM102	TNF	KCNMB4	CKAP2L	LYVE1	FAM134B	TRAF3IP2
181	1.0	DCUN1D2	DCUN1D5	DCUN1D3
182	1.0	HBG2	ROMO1	PEX11A	HBE1	HBG1	SUPT7L
183	1.0	GLYCTK	FAM43A	ATP5J2	SOCS6	ARHGEF40	MRPS35	MRPS22
184	1.0	CKS1B	RSL1D1	SLC4A1AP	CKS2
185	1.0	VPS8	HID1	STAB2
186	1.0	CCDC6	GYLTL1B	LARGE
187	1.0	ATP5L2	DOK4
188	1.0	ACADS	CYP11A1	CYP4F12	CYP4F3	CYP2U1	CYP4B1	CYP17A1	CYP2A6	CYP26B1	CYP3A7	CYP2S1	CYP4A22	CYP2B6	CYP4F2	ACAD9	CYP4F8	CYP11B2	CYP4F22	CYP27A1	CYP3A4	CYP4Z1	CYP27B1	CYP4F11	CYP3A5	CYP4X1	CYP21A2	CYP2D6	CYP46A1	CYP2F1	ACADSB	CYP26A1	CYP11B1	CYP19A1	CYP51A1	CYP24A1	CYP27C1	CYP2C8	CYP4V2	CYP3A43
189	1.0	SPDYE2B	SPDYE3	UBALD2	SPDYE2	SPDYE4	UBALD1	SPDYE5	SPDYE1	SPDYE6	SPDYA
190	1.0	FAM220A	SPRR4	TMCO2	TMEM253	MACROD2	CDH26	KPRP	MS4A3
191	1.0	ACPP	DCAF4L2
192	1.0	LANCL2	LANCL1	LANCL3
193	1.0	ENPP6	HOXC6	NKX2-6	NKX6-1	HOXD9	HOXB2	HOXD8	CDX4	NKX2-1	HOXA6	HOXC8	DBX2
194	1.0	C16orf46	TMEM261	FAM178B	GRP	RAI2	ALB	FAM196B	BSND	CCDC17	C14orf39	RAD51AP1	CCDC117	CCDC71L	FAM196A	TMEM119	MLLT11	PARM1	PRR29	STMND1	CRLF2	APOC4-APOC2	MUC12	PNRC2	TYROBP	TMEM158	TEX15	TMEM238	CCDC71	FANCF
195	1.0	FAM217B	THRSP	NDUFC2	GPR179	FAM222B	SETBP1	FAM217A	INS-IGF2	AMER3	FAM222A	AMER1	BGLAP	CYTL1	MTDH	PNOC	BRI3BP
196	1.0	ZNF614	ZNF133	ZNF668	ZBTB32	ZSCAN29	MAGI2	ZNF500	ZNF396	ZNF536	ZNF585B	ZNF490	ZKSCAN4	REST	ZNF782	ZSCAN5A	ZNF83	PLEKHA8
197	1.0	ENTPD5	ENTPD7	ENTPD4	ENTPD1	ENTPD3	ENTPD6
198	1.0	ELOVL6	ELOVL2	ELOVL4	ELOVL1	ELOVL5	ELOVL7	ELOVL3	ALG3
199	1.0	SLITRK3	HMGXB4	SLITRK5	NANP
200	1.0	IQSEC3	IGFALS	TLR5	LRCH3	RTN4RL2	NOC2L	RNF135	TMEM30A	TRIM25	LRRC18	MRE11A	RPTOR	PAPOLG	TMTC1	PPAN-P2RY11	PCGF1	PHLPP2	MYO18A	CDC27	INPP5J	INPP5K	SLC36A4	MRPS12	TRIM21	TBC1D9	PIGA	CHRAC1	NAA50	CDKL2	RHOBTB1	NOL10	TRMT2A	WRNIP1	TAF1L	TATDN2	PTPN9	PAPOLA	RHOBTB2	BBS4	LRRC40	LRCH1	DDX23	RFPL4B	TUBGCP2	EIF4G2	STX2	HSD11B1L	INPP5E	ARPC1B	TTC37	POLR3F	PAPOLB	LRRC4	FLII	HSDL1	RAD23A	PGLS
201	1.0	TFR2	NAALADL2	NAALAD2	NAALADL1	CPQ
202	1.0	ZNF331	ZNF540	ZNF554	ZNF814	ZNF717	ZNF8	ZNF679	ZNF471	ZNF33B	ZNF780A	ZNF157	ZNF785	ZNF253	ZNF714	ZNF587	ZNF565	ZNF676	ZXDC	ZNF181	ZNF440	ZNF93	ZNF850	ZNF630	ZNF273	ZNF443	ZNF124	ZNF74	ZNF254	ZNF30	ZNF44	ZNF91	ZNF37A	ZNF573	ZIM3	ZNF100	ZNF776	ZNF669	ZNF404	ZNF823	ZNF283	ZNF208	ZNF431	ZNF790	ZNF92	ZNF544	ZNF90
203	1.0	ADCY6	ADCY1	ADCY4	ADCY5	ADCY9	GUCY1A3	ADCY2	ADCY7	ADCY8
204	1.0	KRTAP10-6	TMEM176B	IL18BP	BCL2L14	IL23A	SPATA32	KRTAP10-2	MCEMP1	C1orf186	KRTAP10-10	KRTAP10-11	IL13	TEX101	KRTAP2-1	GOLGA8G	MS4A6E	SPATA31D1	TMEM176A	PPP1R3F	SCGB1A1	TMEM217	DDN	TEX29	ZBP1	IL11	LYPD4	KRTAP10-7	PATE3	KRTAP10-3	KRTAP2-2	FAM205A	KRTDAP	KRTAP10-5	ENAM
205	1.0	PDPN	C11orf52	GOLGA6L9	GOLGA6L10	SCT	IGJ	PTMS	LNP1	LAT2	IL4
206	1.0	PGA3	PGC	PGA4	CTSE	CTSD	NAPSA	REN	PGA5
207	1.0	GAS2L2	COX4I1
208	1.0	LYPD2	ZNF326	C16orf74	TNFRSF13B	LY6E	C3orf52
209	1.0	SPTSSA	TMA16
210	1.0	ACOT12	ACOT11
211	1.0	ARID1A	ARID3B	SNX19
212	1.0	OR52N4	BNIP3L	TP53I11	OR5L2	OR4K13	RASSF9	GPR151	OR10H1	CRTC2	OR4S2	LHFP	PTPRJ	OR6K6	TRABD2A	FAM65B	PTGIR	FABP6	OR4F17	DCAF17	MSL2	OR10H5	OR51D1	PRAF2	VPS37D	PDGFB	POT1	CRTC1	PID1	OR10H4	OR51F2	GP1BB	OR10H2	ZACN	EFNA3	OR13D1	KRT222	DUOXA2	IGFBP7	BAG2	OR5K3	OR6A2	OR52L1	OR5AN1	OR52N2	DUOXA1	LYSMD4	OR14C36	OR8B3	TCAIM	OR5M9	OR13C4	GPR141	IFNAR1	OR10G9	MB21D1	OR2T10	OR1J1	C18orf63	NFAT5	GPR150	RILPL2
213	1.0	PARP2	VWA5B1	PARP1	LRFN1	STK11IP	PARP3	ITIH2	PARP15
214	1.0	PPP2R3A	PPP2R3B
215	1.0	RAPGEF5	RGL4	RALGDS	RALGPS1	RASGEF1A	PLEKHG2	RAPGEFL1	RASA1	NF1	RGL3	RASGEF1C	RASAL3	FNBP1L	RALGPS2	RGL2	RGL1
216	1.0	SCIN	CAPG	VIL1	SVIL	AVIL	RANBP17	EFCAB9	VILL	GSN
217	1.0	DYNC1LI1	URI1
218	1.0	WBP4	GTF3C5
219	1.0	ZP1	ZP4
220	1.0	PCNX	PCNXL3	TMEM181	PCNXL4	COMMD9	PCNXL2
221	1.0	PCSK9	ALKBH5	NUF2
222	1.0	ZSWIM7	SPRR3
223	1.0	FGF1	FGF3	FGF10	FGF11	FGF9	FGF14	FGF6	FGF8	FGF22	FGF20	FGF4	FGF13	FGF5	FGF7	FGF12	FGF2	FGF17
224	1.0	SREK1IP1	RMI2	MTERF2	TMEM8A	CCDC84	YY1AP1	TYSND1	ZNF385B	ZG16	HAUS3	FBXO7	ST8SIA1	TMEM45A	RNF183	TMEM8B	SAAL1	SNRNP48	SNRNP25	PDCD7	GHDC	GLT8D2
225	1.0	MAS1L	ZP3	SAMD9L	TNIP3	WBP1L	TMEM168	HAPLN1	MTBP	NDP
226	1.0	CHPF	FAM73A	EXOC3L2	TTYH3	FAM73B
227	1.0	ACOT8	NIPAL4	GLTP	NIPAL1	NIPA1	NIPAL3
228	1.0	TTC39B	DTD2	TTC39C	TTC39A	GAS2
229	1.0	RPRD2	RPRD1A
230	1.0	MTSS1	ITGA6	SHF	SHE	MTSS1L	ITGAV
231	1.0	GPATCH4	TRIM41	NAT8
232	1.0	ALG8	ALG6
233	1.0	TXLNB	TXLNA
234	1.0	P3H1	ABHD14A	P3H2	P3H3
235	1.0	ZNF592	PTRHD1
236	1.0	ABHD15	KLC1	SLC35D2	KCNH1
237	1.0	YTHDC1	PDRG1	YTHDF1	YTHDF3	YTHDF2
238	1.0	CSRP2BP	TRIM64C	RNF25
239	1.0	HIST2H4A	PPAN	HIST1H4D	HIST2H4B	HIST1H4L	HIST1H4K	HIST1H4B	HIST1H4E	HIST1H4H	HIST4H4	HIST1H4C	HIST1H4A	HIST1H4J	HIST1H4G	HIST1H4F	HIST1H4I
240	1.0	EEF1B2	EEF1D
241	1.0	EDEM1	EDEM2	MAN1C1	MAN1A1	MAN1A2	MAN1B1
242	1.0	C6orf25	CABS1	UCN	S100PBP	TMEM95	SPN	CCDC184	IQCF6	LY6G6C	LY6D	PRM3	CMTM1	C4orf36	TMEM190
243	1.0	SREBF1	TFE3	USF2	SREBF2	TFEB	USF1	MAX
244	1.0	OSTM1	STARD3	SYPL1	SYP	SYPL2	STARD3NL	SYNPR
245	1.0	UFSP2	SESN1	SESN2	SESN3
246	1.0	CREB1	GATAD2A	ATF1	COL4A5	FCER1A
247	1.0	SLC3A2	TMEM50B	GLA	GLB1
248	1.0	FOLR3	FOLR1	IZUMO1R	FOLR2
249	1.0	HTR3E	ST7	HTR3C	SHBG	TMEM9	ST7L	GABRR2
250	1.0	PBX2	PBX3	PBX4	IRX3	MKX	PBX1	IRX1
251	1.0	PISD	TAF7L
252	1.0	FNDC9	FAM180B	TSPAN32	TMEM179B	KRCC1	GMNC	C11orf24	AHDC1	AJAP1	MXRA7	PNRC1	EMD	RGCC	MN1
253	1.0	NOMO2	TNRC18	NDRG1	NDRG4	NDRG3	NOMO1	NOMO3	SLC16A14
254	1.0	LYG2	CEP85L	LYG1	ENDOD1
255	1.0	RBP7	KIAA2013	RBP5	CLSPN	NFIB
256	1.0	HEPH	HEPHL1
257	1.0	TSPY2	TSPY1	TSPY8	TSPY4	TSPY3
258	1.0	PXMP4	CLYBL
259	1.0	EXOC3L1	B4GALT4	SARNP	CSDE1
260	1.0	RGS7BP	FAM134A	PRRT1	C17orf62	ALOX5AP	C2orf44	FAM204A	CCDC66	NSMF	JMY	PTN
261	1.0	SYTL3	NTNG1	ARMC1	TMEM131	FRMD4B	NOXO1	AMPH	PPP1R9A	FRMD4A
262	1.0	CCL26	C2orf40	AKAP12	SPOCK2	CD247	KITLG	FCAMR	CD300LD	ARMCX5	IL22	CD3D	XCL1	CCSER2	IL17RC	SLAMF8	KIAA1211L	TAC1	KCNE1	TREML4	CCL23	CD300A	KCNE4	RCSD1	XCL2	TMEM108
263	1.0	C1QBP	MBNL2	ZC3H12B	ZC3H10	SLC35G2
264	1.0	SOAT1	DGAT1	SOAT2
265	1.0	MID1	SRD5A3
266	1.0	ACAD11	CRYL1	ABCD3	ECI1	ACOX2	ACADVL	FKBP11	ETFA	CS	HADH	ETFB	ACOX1	ACADL	PRODH	MSRA	ACAD8	GLYR1	ACOX3	ACADM	GCDH	THNSL1	ACOXL	PRODH2
267	1.0	NLRP1	CEP170B
268	1.0	C15orf62	IFI27	C16orf71	ERVV-2	ERVMER34-1	C12orf60	ERV3-1	ERVV-1	IQCJ
269	1.0	HAVCR2	NCR3LG1	DDIT4	IGFBP4	BTNL8	PGF	SIGLEC9	MFF	VEGFA	AKAP6	ITFG3	COX16	KATNBL1	FIGF	OR10T2	VEGFB	FAM195B	NANS	OR5I1	EPPK1	HABP4	BAK1	CBLN1	OR1J2	DDIT4L	CEP152	NRBF2	FOSL2	TMEM25	FAM195A	USHBP1	EBI3	LAMP1	CHTOP
270	1.0	CCDC105	MZB1	CEP126	CCDC24	C10orf67	PPP1R32	TMEM232
271	1.0	GLIPR1L1	CRISPLD1	CRISP3	R3HDML	GLIPR1L2	PI16	CRISP2
272	1.0	GMFB	GMFG
273	1.0	TRPC3	SAC3D1	MTX1	VDAC1	STARD7	EDRF1	UFSP1	VDAC3	AIDA	MTX2	PKD1L3	PNPLA4	TMCO3	B3GNT3	C15orf41
274	1.0	TTLL2	TTLL9	TTLL11	TTLL5	TTLL4	TTLL3	TTLL10	TULP4
275	1.0	ZCCHC16	PNMA3	PNMA6A	C19orf66	ZCCHC12	PNMA2	SNAPC2	MOAP1
276	1.0	OR4F5	MGST1	BOD1	ZMYM2	OR10R2	HEY1	SAMD13	OR52R1	ZMYM3	OR5T2	CCDC28B	OR6C74	BOD1L1	TCF24	CCDC28A	QRICH1	OR4C3
277	1.0	FHL1	FHL5	FBLIM1	ARHGEF5	LPP	LIMD1	LMCD1	ARHGEF25	WTIP	PREX2	LHX6	ARHGEF10	LIMS2	LHX3	ARHGAP26	ARHGEF17	LMO3	LHX8	PRICKLE1	DNMBP	ARHGEF4	TRIP6	SKAP1	LIMS1	ARHGAP11A	RASGRF1	LMX1B	ARHGEF10L	CRIP2	ARHGEF19	SORBS1	ISL1	AJUBA	PREX1
278	1.0	GIMAP1-GIMAP5	GIMAP7	ADPRM	GIMAP2	GIMAP6	GIMAP1
279	1.0	CBX5	CBX8	CBX1	CBX4	CBX3	CBX2
280	1.0	MBOAT1	MBOAT2
281	1.0	PRG4	SFTPA1	SFTPA2
282	1.0	PYROXD1	GSTM1
283	1.0	SHPK	SCARF1	LRIT3	SNX24	FRAS1	DERA	RNF17
284	1.0	C2orf76	COMMD8	C9orf72	SMCR8	COMMD1	CSTB	CSTA
285	1.0	PIWIL2	PIWIL4	PIWIL3	PIWIL1	AGO1	AGO3	AGO4	AGO2
286	1.0	COPE	BTBD1	BTBD2	KLHL40	KLHL5	KLHL42	BTBD6	KLHL6	FER1L5	KLHL23
287	1.0	CCDC47	KIAA0907	FAF1
288	1.0	KCTD10	KCTD1	KCTD14	TNFAIP1	KCTD2	KCTD6	KCTD15	KCTD18
289	1.0	ALS2CL	RSPH1	RSPH10B2	MORN1	MORN3	RSPH10B
290	1.0	CREBL2	TMEM35	FAM81A	C5orf49	CCDC83	ERICH6
291	1.0	GPATCH2	TIMELESS
292	1.0	GNG2	ASIC5	SCNN1D	TMEM26	SCNN1A	GNGT2
293	1.0	HIST1H1A	HIST1H1B	HIST1H1T
294	1.0	DPYS	DPYSL4	DPYSL5	DPYSL2	FAM91A1	DPYSL3	CRMP1
295	1.0	NRSN1	NT5C1B	FAM167A	KCNMB2	MAML3	NT5C1A	GCHFR
296	1.0	FUT3	FUT9	FUT5	FUT6	FUT4	FUT7	FUT11	FUT10
297	1.0	HPDL	NDUFAF1	NAA38	RHBDL1
298	1.0	DDHD1	DDHD2
299	1.0	MRPS15	ASPHD1	CREG1	ASPHD2	IQCF2	VIPAS39	CREG2	TERF2
300	1.0	SQSTM1	NCLN
301	1.0	ZNF821	ELMO1
302	1.0	TMEM143	C22orf15	ITLN2	KIAA1257	CCDC23
303	1.0	SNX32	SMG7
304	1.0	CCDC90B	EBF2	SBNO2	HNRNPK	SBNO1
305	1.0	RFX2	RFX5	RFX7	RFX6	RFX1	RFX4
306	1.0	ATF7	RABIF	MED20	ASUN	KANSL2	TOB1	BLOC1S4	TOB2	BTG1
307	1.0	PON2	PON3
308	1.0	WBSCR17	GALNT2	GALNT5	GALNT1	GALNT3	GALNTL5	GALNT18	GALNT12	GALNT10	CACNA2D2	GALNT11	GALNT16	GALNTL6	GALNT7	GALNT8	GALNT15	GALNT9	GALNT6
309	1.0	BRMS1L	FAM160A2	BAIAP2	POU2F2	PARVB	FAM160A1
310	1.0	PLB1	IQCD	DCDC2B	CCDC87
311	1.0	C11orf68	PARP6
312	1.0	REEP2	REEP1	REEP6	REEP4	REEP5	REEP3
313	1.0	CPO	CPA1	CPA5	CPA6	CPA2	CPA3
314	1.0	NFXL1	GAR1
315	1.0	ZCCHC10	KIAA2026
316	1.0	CDON	NEO1	CNTN1	MYBPC3	L1CAM	EGFLAM	FNDC3B	PRTG	DCC	MYOM2	MYOM1	FNDC3A	BOC	MYOM3	SDK1	IGSF22	SDK2
317	1.0	POLR1E	C2CD3	ADPRHL2	C2orf81	PKHD1	ARMC9	IQCE
318	1.0	HOXB1	STAG3L4	MED13	PFDN1	MED23
319	1.0	WAPAL	XYLT2	BZW1	GCNT1	XYLT1	GCNT2	GCNT3	A4GALT	GCNT7	GCNT4
320	1.0	FRS3	FRS2	DOK2	COL11A2	DOK1
321	1.0	RCOR2	HSPBP1	MTA3	RCOR3
322	1.0	TMEM121	RBM43
323	1.0	ITGB3BP	C1orf159	PIP	TRAT1	UTS2B
324	1.0	DAGLA	MACROD1	CAPN15	CAPN6
325	1.0	ALOX15B	LACTBL1	ALOX12	ALOX15	KCNK7
326	1.0	DESI1	PI4K2B	TIMM13	TIMM10	CTNNBL1	AADAC	GATB	RNF185	MRPL47
327	1.0	FRY	FRYL
328	1.0	NATD1	NCDN	MROH5	HAUS4	MROH7	ARGFX
329	1.0	MCM10
330	1.0	KL	SERF2	CUTC	LCTL	EXOSC6	CENPV	GBA3	KY	GBA	LCT	KLB
331	1.0	FAM193B	LCORL	SP110	NDNF	METRN	CDCA4	C2CD2L	CDKN2AIP	FAM69C	CHCHD6	MRGPRX4	AUTS2	WISP2	COX7A1	MRGPRX1	GFRA1	FAM193A	SMDT1	C19orf12	ITM2A	SERTAD2	ZNF839	WISP3	OR5D18	CD80	EPN2	EDA	TAB3	OR4C46	CYR61	FGF19	GFRA2	VWC2L	IGSF5	MYF6	GFRAL	MRPL57	METRNL	C6orf203	CD226	GADD45GIP1	SYNM	COBLL1	C5orf15	FAM122A	ZNF185	RILP	CRB3	GPATCH2L	ANAPC15	MYEOV2	TMEM14B	FGF23	ITM2B	ATP5I	CD4	FAM69B	MT-ND6	CRLF1	GIF	FGF18	ITM2C	DAPL1	C1orf106	COX7A2	LCOR	FBRSL1	C9orf16	LAMP3	COBL	SIRPG	LLPH	VSTM2L	GFRA3	MLLT4	HDAC9	DBF4	SPATA18
332	1.0	HSPA12A	OPTC	ZMYND10	THUMPD2	SCUBE1	FLRT2
333	1.0	JPH4	JPH2	JPH3
334	1.0	HSPB3	CMTM4	KRT13	TMEM55B	TMEM55A	SPARCL1	NRXN3	NRG2	HSPB6	STAU2	KRT16	HTR3B	AMH	HTR3D	BTN1A1	KRT15
335	1.0	GAL3ST2	GAL3ST3	GAL3ST4	RASSF6
336	1.0	SCN4B	ADM2	NPB	FAM86C1	MAP6D1	MARCKS	XIRP1	EPO	NDUFB6	ADM
337	1.0	OSBPL2	OSBPL6	OSBPL7	OSBPL9	OSBP	OSBPL1A	OSBPL11	OSBPL10	OSBPL3
338	1.0	ST3GAL6	GDAP1	ST6GALNAC6	ST8SIA6	ST8SIA2	ST6GALNAC4	ST6GALNAC1	ST8SIA3	ST3GAL5	ST8SIA4	ST8SIA5
339	1.0	ACRV1	C17orf53
340	1.0	MFSD1	CHAD
341	1.0	HILPDA	FAM156B	DEFB113	DEFB128	WFDC13	DLEU7	GYPA	KHDC1	INSL4	SMIM17	DEFB129	HYPM
342	1.0	NBPF12	NBPF9	NBPF3	HMGN3	NBPF6	NBPF15	NBPF14	NBPF11	C10orf54	NBPF4
343	1.0	PCCA	ADCK3	ADCK1	PHB2	ADCK4	ADCK5	PHB
344	1.0	LRPAP1	EFNB3	LDLRAD2	SIGLEC15	EFNB2	EFNB1	KRT25
345	1.0	TAF4	MAGEA6	MAGEB4	MAGEA1	MAGEA11	MAGEA4	SAP30
346	1.0	CENPB	UGT1A1	UGT1A4	UGT2B17	UGT1A6
347	1.0	HOXC9	EAF2	PPAPDC3	LDB2	TCEB3C	CNFN	CPAMD8	HDGFL1	TCEB3CL2	R3HCC1L	BHMG1	SSUH2
348	1.0	COPS3	ATG4A	ERGIC1	IP6K2	LRRC30	SLC38A6	KIAA1161	GAA	AASDH	SLC38A4	RASA4	GCA	IDH3A	SLC38A7	SLC38A1	LRR1	IPMK	FBXL13	COASY	RRAGC	PIKFYVE	LARP1	RBKS	SNX1	LRRN2	ARPC4-TTLL3	ATG4B	VAMP2	NOC3L	ANKIB1	NIT1	PFKM	SBF2	RFT1	PRPF40B	CDC45	PEX5L	UCK1	ALDH9A1	IMPA1	NLRC3	NRROS	ATG4D	POLH	UCK2	SBF1	GNAL	YOD1	VPS54	ERGIC2	WDR45B	ERGIC3	LRRC58	ATG4C	ARIH1	DECR1	SNX4	SNX3	ALDH1A1	SMPDL3A	IMPA2	SNX33	IP6K1	ANAPC2	SGPL1	ADAT1	PRPF40A	SNX18	ATRNL1	SNX8	UGP2	ESYT1	ALDH1B1	SNX12	METTL21A
349	1.0	C17orf97	C1orf53	FTMT	GATSL3	ACOT7	FTHL17	SCFD2	SLFNL1	FOXRED2
350	1.0	PYGL	PYGM	AGL	GBE1
351	1.0	CA6	GSTP1	CA7	PAH	CA12	CA2	RGS9	GPSM2	NLRP3	GSTA5	CA10	CPXM1	CA5A	SHKBP1	CA11	KCTD3
352	1.0	STEAP4	STEAP2	PRR5	STEAP1
353	1.0	BTG2	BTG4	SZT2	BTG3
354	1.0	HMOX2	CDCA7	DEK	GIMAP4	CDCA7L
355	1.0	ZCCHC4	ATP5S
356	1.0	PRPF38B	MFAP1	NUDCD1	HINT3	SRL
357	1.0	MYOCD	UBL3	KDM3B	JMJD1C	KDM3A	SMNDC1
358	1.0	PRSS54	LPO	EYA1	THUMPD3	CLEC4F	WBP2NL	CBFA2T2	SLC22A18	EYA3	MCFD2	CTNND1	AMZ2	P4HA1	DCAF12L1	MYRFL	AKAP1	GATSL2	MOXD1	PTCHD2	FAXC	LIN28B	MRPS10	EYA4	VIT	C7orf25	CFB	PLEKHB2	NSRP1	GCC2	NFKBIL1	FBXL12	EYA2	GPAT2	RETSAT	OLAH	MGAT4A	TECPR1	USP54
359	1.0	SUMF2	KCNK12	AMZ1	RGS14	RWDD3	ASPH	RAPSN	RAB11FIP1	MINA	LRTOMT	PLCXD3	PDDC1	MTR	C14orf169	C16orf13	SLC30A9	TMEM2
360	1.0	CBLC	CBL
361	1.0	LDHD	D2HGDH	CYP7B1	AGPS	CYP7A1	PTGIS	CYP2E1	CYP39A1	CYP20A1
362	1.0	AGGF1	WDR83OS
363	1.0	EPX	PTGS1	MPO	PTGS2
364	1.0	XPO4	ATG2B
365	1.0	BOLA3	PPP1R35
366	1.0	AOC3	AAED1	THYN1	RSAD2	AOC2	AOC1
367	1.0	TNFRSF11A	FYB	PARPBP	NECAB3	NAT16	NEU3	TTYH1	ANKH	TMEM243	TCHP	TMEM132C	FAS	TMEM132D	CD40
368	1.0	SLC45A4	SLC45A1
369	1.0	HSF4	HSF2	HSF1
370	1.0	DCT	LRP6
371	1.0	PSPH	GTF2E1
372	1.0	MS4A12	TMEM159	BCL2L15	C1orf226	MIEF2	C17orf58	MLIP	C2orf71	TCP10	PLEKHS1	PRIMA1	TCP10L2
373	1.0	PLCB3	PLCZ1	PLCB2	PLCB4	PLCB1
374	1.0	IRX4	PKNOX1	IRX6	PKNOX2	TGIF2	TGIF2LX	IRX5	IRX2	TGIF2LY
375	1.0	NT5C2
376	1.0	KIAA1324	GLT1D1	KIAA1324L
377	1.0	SORCS3	SORCS1	SORCS2
378	1.0	NADK2	PLD6	THEM5	TMEM43	SURF2
379	1.0	ADAM10	ADAM2	RUSC1	ADAM17	RFX3	ADAMDEC1
380	1.0	TFDP3	TFDP1	E2F7	E2F2	E2F1
381	1.0	TOMM7	URB2	RNF212B	INSIG2	TMEM42
382	1.0	DCTN5	PEBP4	PSME3
383	1.0	TAT	GPT	ALDH2	CCBL1	CCBL2	ALDH3B1	GPT2	ACCS	ACCSL	DPP4
384	1.0	CHMP7	RCOR1	LRP2	FBXO24	SUN5	TRERF1	MICU2
385	1.0	SMG9	DONSON	SCOC
386	1.0	NDEL1	LMBR1	LMBR1L	BRMS1
387	1.0	COA7	WDR11
388	1.0	GRIA2	EBF4	GRIN2B	GRIN3B	GRIK2	SLC23A3	GRIN2D	NTAN1	GRIN3A	GRIA4	GRIK5	GRID2	MTERF3	GRIA3	GRIK1	GRIN2C	GRIN2A	MDM4	GRID1	BACH1	DCTPP1	GRIA1
389	1.0	CLN8	NEIL2	S100G	OBFC1
390	1.0	ARPIN	MED18	LAMTOR4	TREX2	STK19	PSMG3	PFN1	DCDC1	SLC35E4	C14orf1	TEN1	A4GNT	CCAR1	ZMYND15
391	1.0	ADGRL1	MROH2A	ATF6B
392	1.0	ITIH4	RGS8	RGS2	RGS6	ITIH1	RGS10	RGS11	RGS7	RGS18
393	1.0	DISP1	DPY19L3	RCN1	PTCHD1	PTCHD4	DPY19L1	PPARGC1B	MORC2	DIP2A	DPY19L2
394	1.0	PPP2R3C	TBCCD1
395	1.0	EXTL3	EXT2	EXTL1
396	1.0	BSN	TMEM196	FIBIN	CECR6	KRTCAP3	TMEM54	C1orf216	ERMN
397	1.0	CHMP3	ITPR2	ITPR3	DENND6B	ITPR1
398	1.0	PNPO
399	1.0	PLOD1	RAB3GAP2
400	1.0	ATP5E	ACYP1	CPEB1	ACYP2
401	1.0	DYNLRB2	DYNLRB1
402	1.0	SLC7A10	SLC7A13	IWS1	SLC7A1
403	1.0	KCNJ14	KCNJ3	KCNJ18	KCNJ6	KCNJ10	KCNJ12	KCNJ5	KCNJ15	KCNJ16	KCNJ9	STS
404	1.0	KIAA1045	OR13C3	OR8B12
405	1.0	UBAP2L	TMEM106B	TEKT4P2	NDUFAF4	THAP5	NRG1	TMEM9B	TMEM106C	UBAP2
406	1.0	KRT26	ANGPTL5	KRT28	ANGPTL4	FGA	OR10AD1
407	1.0	MYH11	TTC9C
408	1.0	TMEM134	PCED1A	PRG2	ACOT6	RGMA	ACOT4	ACOT2	HFE2	RGMB	CNPY2	BAAT	ACOT1
409	1.0	HMX1	NKX3-2	WASF1	HOXB6	NKX2-3	WASF2
410	1.0	RTN4	SKIL	NPC2	SKI
411	1.0	GLB1L3	PAPPA2	PM20D2	GLB1L2	NAGA	GLB1L	MEST
412	1.0	TTLL12	TH	DYNLT1	CAMTA2	DYNLT3
413	1.0	RMND5A	RMND5B	GID8
414	1.0	MUC5AC	MUC5B	MUC6	OTOG
415	1.0	PARP12	PKD2L2	PKD2L1	CEMIP	COMMD2
416	1.0	SYNC	FAM132B	FAM132A	MS4A15	CARD18	PRAMEF18	MS4A5	OR52W1	MS4A1	FANCB
417	1.0	GIGYF1
418	1.0	B4GALT1	B4GALT6	B4GALT2	B4GALT7	B4GALT3	B4GALT5
419	1.0	SS18	SS18L2
420	1.0	SCAF4	RIN2	TSG101
421	1.0	SFXN2	SFXN5	SFXN1
422	1.0	CPSF6	NUFIP1	LEMD3	SAT1
423	1.0	MIEN1	TMEM241	AOAH	GUCD1	TYMP	NTPCR
424	1.0	ATP6V1G1
425	1.0	NEB	MGAT4B	AKAP10	CEBPE
426	1.0	FAM64A	C20orf173	C9orf129	CCDC107	KNSTRN
427	1.0	KCNV2	METTL20
428	1.0	KYNU	QPRT
429	1.0	CDKN1A	FBXO27	P3H4	BORA	CACNG8	AMOTL1	C17orf104	TMEM200A	HHLA2	CRTAP	GNG13	NHLH2	GREM1	FAM65C	NBL1	ATP6V1G2	FBXO17	GEMIN8	CACNG4	MINOS1-NBL1	NDUFB4	CST6	BTNL3	MIF4GD	CER1	LEPR	PRX	TPBGL	MRPL50	IL17D	PHYHIP	NKPD1	STOX2	QSER1	A1BG	PHYHIPL	PNMT	STOX1	CACNG3	SAMSN1	LECT2	CACNG5	SURF6	FAM65A	AMOT	HSPB9	NHLH1	PRLR	OR56B1	CDKN1C	IRS2
430	1.0	TRIM55	TRIM63
431	1.0	ENTHD2	OIP5	MIS18A	ASMT
432	1.0	EPM2A
433	1.0	SNX14	PPT2
434	1.0	CACNA1C	CACNA1S	CACNA1G	CACNA1I	CACNA1D	CACNA1E	CACNA1F	CACNA1H	CACNA1B
435	1.0	NQO1	NQO2	SLC5A8	SLC34A3	DNMT1	BLVRB	SCRN3	SERF1A	SLC5A6	SLC5A11	SLC18B1	FTL	SLC34A2	RGPD5	SLC5A4	SLC5A12	SLC5A2	SLC34A1	MBNL1	COMTD1	SLC5A9	ZNF451
436	1.0	MTIF3	GPBP1L1	HBQ1	GPBP1
437	1.0	MEX3D	GPSM1	JMJD8	NLRP11
438	1.0	ESRP1	HNRNPH1
439	1.0	CHMP4B	CHMP4C
440	1.0	RFESD	TRPC6	SERF1B
441	1.0	ZNF319	RPN1	ZNF683	ZNF445	ZNF211	ZNF296	SYNE1	ZNF516	ZBTB26	PLEKHA3	BCL11B	ZNF513	PRDM1	ZNF740	ZNF222	ZNF646	PEG3	IKZF1	ZNF507	ZNF786	CTCF	ZFPM1	PRDM13	ZSCAN1	ZNF212	IQGAP2	ZBTB12	ZBTB2	ZNF524	ZBTB6	KLF6	ZFP91	ZNF496	ZNF705A	IKZF4	ZNF705B	ZNF580	ZNF589	ZNF705D	IKZF2
442	1.0	TPD52	TPD52L3	TPD52L1
443	1.0	AQP1	ISOC1	MIP	AQP2
444	1.0	SOX12	SOX11	SDF2L1
445	1.0	ACPT	ACP6
446	1.0	MMP7	MMP1	MMP27	MMP25	MMP26	MMP12	MMP16	MMP23B	HMSD	SIAH3
447	1.0	RHBDF2	RHBDF1	TAF2
448	1.0	NUPL1	KRTCAP2	BPIFC	PLTP	BPI	RNF223	LBP	TMEM230
449	1.0	SVEP1	TENM2	TENM3
450	1.0	MRPS11	FANCI
451	1.0	GTF3A	ZBTB7C	IKZF3	FEZF1	ZNF611	EGR1	PRDM16	ZIM2	ZNF699	ZNF615	HINFP	ZBTB46	ZNF136	ZSCAN12	EGR2	ZNF837	ZNF579	PRDM15	ZNF746	PRDM14	MTF1	ZBTB43	GFI1	MECOM	FEZF2	ZNF844
452	1.0	TK2	DNASE2	DGUOK	DNASE2B	DCK
453	1.0	ABAT	OAT	ETNPPL	AGXT2	PHYKPL
454	1.0	MFSD11	MPDU1	HEXA	GNPDA2
455	1.0	KCTD16	KCTD21	KCNRG
456	1.0	ZFYVE1	ZFYVE16	PDXK	RUFY1	PLEKHF1	ZFYVE26	ZFYVE21	FGD1	ZFYVE28	FGD2	MTMR4	RBSN	FYCO1	ZFYVE9	TBC1D20	PLEKHF2	MTMR3	FGD5
457	1.0	LRRC61	TBCC
458	1.0	HLA-DPB2	FXYD3	FXYD2	LCN1	CD74	KIAA1671	LSP1	PROSER2	MUSTN1	FXYD6	C9orf91	MFAP2
459	1.0	ST3GAL3	ST6GALNAC5	ST3GAL1	ST3GAL4	ST3GAL2	ST6GALNAC2	ST6GAL2	ST6GALNAC3	ST6GAL1
460	1.0	KIAA1755	NFIC	NFIX	NFIA
461	1.0	CTBS	SMG6	C4orf29	CPTP	VDAC2	CYB561A3	ITGB4	KBTBD11	PNPLA3	CYB561
462	1.0	CLPP	SLC50A1
463	1.0	MOGAT1	DGAT2L6	DGAT2	AWAT2	MOGAT3	AWAT1
464	1.0	NXF2B	SH3GLB1	FRMD5	FBXO48
465	1.0	HSFX2	HSFX1	HSFY2	HSF5	HSFY1
466	1.0	MATR3	HEATR5B
467	1.0	MEF2C	MEF2A	MEF2B	MEF2D	MEF2BNB-MEF2B	SRF
468	1.0	GRM3	MAN2A1	NAGPA	MAN2B1	MAN2B2	MAN2A2
469	1.0	SYT7	SYT2	ESYT2	SYT3	CTBP2	GRHPR	JMJD7-PLA2G4B	RASA4B	UNC13A	SH3YL1	IDH3B	SPHK1	DOC2B	IDH3G	PHGDH	SYT9	ACY1	RASA3	SERINC3	SYT1	UNC13C	SYT5	SYT10	SERINC1	LRRC66	SYT6	AGK	RPH3A	CTBP1	ESYT3	CCNF	SDR42E1
470	1.0	AKR1B1	LRRC28	AKR1C2	AKR1B15	AKR1C4	AKR1C1	AKR1C3	AKR1D1	AKR1E2	AADAT
471	1.0	MRPS7
472	1.0	FAM126B	ARNTL	NPAS2
473	1.0	PLEK	GAB1	DEF6
474	1.0	XKR6	ZSWIM5	XKR4	ZSWIM8	ZSWIM6
475	1.0	GNG8	CADPS
476	1.0	CIAPIN1	MARCH5
477	1.0	GSPT1	PCNA	GPI	LATS1	AIMP1	GSPT2	SUPT16H	PSMC2	POLR2G	FEM1C	PES1	SF3A2	RPL15	GTF2H2C_2	MAP3K12	UBA1	COPA	IARS	ABL1	GTF2H2	FBL	RPS9	TRMT1	RPS18	RPL13A	HIPK1
478	1.0	TMEM41A	LAMA5
479	1.0	SPECC1	SMTN	SMTNL2
480	1.0	NCK1	ARHGAP4	SLC30A6	GRB2	SH3GL3	ABI1	NCF4	SH3GL2	SRGAP2	NCK2	NCF2	SH3KBP1	SRGAP3	ABI2	SORBS2	SRGAP1	SH3D19
481	1.0	RNF207	DCAF12L2
482	1.0	AGTRAP	NRM	HAUS6
483	1.0	SLC44A2	SLC44A4	SLC44A5
484	1.0	NUDT6	ANAPC7	AGPAT9	UGDH
485	1.0	SLC13A1	SLC13A3	ERMP1
486	1.0	MAP10	CCDC138	C18orf54	C19orf45	PEA15	C2orf73	ALS2CR12	AKNA	TEPP	CCDC78	C10orf53	LKAAEAR1	C1orf87	C9orf135	SPATS1
487	1.0	ELSPBP1	LTBR	BSPH1	TNFRSF6B
488	1.0	LMBRD1	HNRNPL	DYNC1LI2
489	1.0	IGFBP5	STAU1	MRPS21	CDK5R2	HPX	GPR88	CDK5R1
490	1.0	RCAN2	SAMD4B	RBPJ	RBPJL
491	1.0	MKL1	MME	ECE2	ECEL1	MMEL1	PHEX	KEL	ECE1
492	1.0	OR6B2	NDUFA1	NDUFB1	CT45A5	CT45A3	DAND5	UQCR11	LZTS2	CD79A	TFPT	FBXO5	BCL9L	PTGFRN	OR5AP2	LDLRAD4	NCKAP5	CIDEB	CT45A9	GADD45A	NCKAP5L	MID1IP1	FCGR3A	PKIB	DTHD1	OR2W3	GADD45B	LYSMD2	TMEM123	C16orf45	MBD6	TMEM169	OR6B3	ARL6IP6	OR10G3	SMIM4	MSANTD3	CT45A1	TMEM130	TAPBPL	MANBAL	OR10X1	OPTN	TACSTD2	SPATA2L	INIP	TESPA1	TICAM2	CARD14	MBD5	RBP4	TEFM	HSF2BP	PMEPA1	CD164	MIA	LILRA3	CD200R1L	RBFA	CD164L2	ATF4	CDC26	GADD45G	MRGPRX3	FAM162B	MED9	N4BP3	OR52K2	TMEM60	EBAG9
493	1.0	ARG2	STARD5
494	1.0	SOD3	SOD1
495	1.0	PDE4DIP	UNC80
496	1.0	RNF26	DNAH2	KLHDC8A	KLHL10	EFCAB6	AIP	ANKMY1	KLHL4	MEX3C	MDH1	ASB6	XPO7	DND1	TRIM48	CAPN12	TRIM56	KLHL41	PDC
497	1.0	NUDT3	EXT1	LGI2
498	1.0	ASCC1	SLC13A4	P4HTM	ITGAE	ZNF280C
499	1.0	EPHX1	CREB3
500	1.0	KCNH8	KCNH5	NAA40	KCNH6
501	1.0	NAB1	CSRNP3	BTNL2	HECA	RASSF7	COL15A1	CSRNP2	ONECUT3	RASSF8	GPR148
502	1.0	SKOR2	MICALCL	ATP5J	VSIG8	MBD3L1	SKOR1
503	1.0	BCAS4	LAMTOR5
504	1.0	RPS5	LONRF2	KRR1	ASF1B	SLC25A25	CDK13	KDELR3	EML4	TOP3A	CNOT8	TRIM4	PUS7	LRRC6	PSMD4	UBLCP1	ASCC3	TRIM11	NACA	ATR	ATAD2B	PIK3C2B	ATP6V1H	PRPF8	TRIM8	H2BFWT	VPS13C	XRN1	MCM6	CHD1	HIPK2	PSD3	HINT1	TRIM35	ASF1A	DUS3L	XRN2	H2BFM	SF3A3	TRIM62	CNOT7	MAP3K5	VPS13D	PUS7L	ATP6V1C1	UTP18	KDELR1
505	1.0	ZC2HC1A	KIFAP3	UNC119B	BBS5	UNC119	CATSPER1	LRRC56
506	1.0	SGCZ	JTB	MESDC2	SGCD
507	1.0	CNOT10	LAMTOR3	BBX	ERMARD	PRMT7
508	1.0	KCNQ5	KCNA10	KCNA6	RAI1	MEX3A	KCNA3	KCNQ4	KCNG2	KCNQ3	KCNA5	KCNT2	SLC44A3
509	1.0	ASL	CHI3L2	CHIT1
510	1.0	MAFA	JKAMP	SAMD10	FRMPD1	ADGRF2	ADGRF4	GCGR
511	1.0	SNX29	SYF2	SLC35E2B
512	1.0	RNF224	ARRDC5
513	1.0	NOVA1	ORC5	FAM50B	EPC1	NOVA2	FAM50A
514	1.0	SMIM3	COX14	KRTAP13-4
515	1.0	MYO6	MYO1C	MYO5B	MYO1A	IGF2BP2	MYO1D	MYO1H	MYO15A	MYO18B	MYO19	MYO1G
516	1.0	CLRN1	OR56A4	OR56A5	IRF6	RD3L	OR56A1	OR8J1	IMPG1
517	1.0	ZRSR2	TLR1	U2AF1	U2AF1L4
518	1.0	TPH1	TPH2
519	1.0	HPGDS	JOSD1	ATXN3L
520	1.0	CPNE9
521	1.0	DTX3
522	1.0	SLITRK4
523	1.0	FITM1	HYPK	TAF1A	ZCCHC2
524	1.0	PGM2	YJEFN3
525	1.0	PSRC1	KIR2DS4	IL37	G0S2	LCN10	NRGN
526	1.0	PRRT3	C19orf26	C11orf53	TMEM202	TMEM71	VGF	SYCE3	GPBAR1	C15orf39	C1orf127	APOF
527	1.0	PALD1	PHOSPHO1
528	1.0	FAM187B	CLPS	MS4A4A	ODF1	AKAP14	KNOP1	FBXO46
529	1.0	LPXN	FHL2	LDB3	TGFB1I1	ABLIM3	ABLIM1	ARHGAP17	ARHGAP32	PXN	LHX4	LHX1	PDLIM5	LMX1A	FHL3	ARHGAP21	LHX5	PDLIM7	ABLIM2	ZYX
530	1.0	IAPP	GUCA2B	FLG2	C6orf89	TMEM81	GUCA2A
531	1.0	RELB	NOL11	RELA
532	1.0	FAIM2	TMBIM1	GRINA
533	1.0	ADCY3	TTC26	GUCY1A2	FAM221B	NWD2	TECPR2	WDR35	IFT140	BBS1	B9D1	BBS9	IFT172	BBS7	GUCY1B3	CCDC53	TMOD2	ZC2HC1B	BBS2	MCOLN2	CC2D2A	LZTFL1	B9D2
534	1.0	INO80E	TMSB4X	PER3	CGN	KIAA0319L	TMEM242
535	1.0	IRG1	OSGIN2
536	1.0	FAM129A	GCOM1	FAM129C	CARD9
537	1.0	LRP8	FBN2	LITAF	ZBTB24	ADGRE3	SSR1	NOTCH2NL	CPN1	MLEC	CPZ	LRP4	VWCE	CDIP1	VLDLR	NID2	FBN1	CCBE1	EFEMP2
538	1.0	LRRC16A	SCAF11	RSAD1
539	1.0	TNFRSF21	TSTD1	GLIPR1	TOR1A	PI15	VNN2	TRIM45	PTCD3	GHITM	CRISP1	NMRK2	COQ10A
540	1.0	B3GALT1	PNPLA1	B3GALNT2	B3GNT8	NPR3	B3GALT2	UHRF1BP1L	KIAA0930
541	1.0	MAP1LC3C	GABARAP	MAP1LC3A	PRMT5	GABARAPL2	MAP1LC3B2	GABARAPL1	MAP1LC3B
542	1.0	HBB	PEX11B	HIRIP3	HBD
543	1.0	GPAM	PHYH	GNPAT
544	1.0	HPD	NDUFAF6	DDC	KMO	CLASP1	NDUFS7	NDUFS3	SRBD1	NDUFS1	HDC	NDUFA12
545	1.0	PDE3B	PDE9A	CNGA2	PDE6C	PDE11A
546	1.0	LRRC16B	TRIM42
547	1.0	LIMD2	ALPI	NT5C3B	FOLH1	NT5C3A	VTI1A	INTS3	PLD4
548	1.0	RHD	RHCE	RHCG
549	1.0	P2RX2	P2RX3	P2RX1
550	1.0	GRIPAP1	C4orf33	CHCHD3	MRPL10	MMACHC	RASSF2	CLEC1A	IL31RA	FAIM
551	1.0	SLC2A8	HCN1	PRKAR2A	NOS3	GGPS1	NOS1	SPAG6	GLRX5	ISG20L2	HCN2	KMT2A	SLC2A6	WDR34	CYB5B	REXO1L1P	PAN2	KMT2D	SLC2A9	NME5	CYB5A
552	1.0	CLCN7	CLCNKA	CLCN3	CLCNKB	CLCN6	CLCN5	CLCN4
553	1.0	ATN1	MB	C15orf61	CCDC64B	IQCJ-SCHIP1	FBXO40	CIDEA	LAPTM4B	XKR5	PERP	KIAA1467	FAM162A	DFFA	DTNBP1	XKR8	CIDEC	BRAT1	TMEM183A	TMEM192	PLA2G3	TMEM223	DFFB	TMEM14E	NPM3	FBXO43
554	1.0	GGA3	AVL9	INPP5A	C18orf8	ARPC4	CIC	NUP210	BCAS3
555	1.0	ITIH3	PAPPA	TFB2M	NUDT19	ABHD16B	RWDD2A	LRP5	NAT2	ABHD10	SLC37A2	NAAA	NAT1	RPTN	RWDD2B	ABHD16A	ZNF462	SSBP1
556	1.0	TMEM170B	R3HDM4
557	1.0	SGCG	PLXDC2
558	1.0	RPL39	RPL39L	POLR2L	CDA	PTAR1
559	1.0	PKP4	CTNNB1	JUP
560	1.0	GLMP	P2RX4	P2RX6	P2RX5
561	1.0	SPACA5B	GLYATL3	LYZL1	LYZL4	SPACA5
562	1.0	XKR9	UNC5CL	APLP1
563	1.0	SNX22	NXNL2	GFOD2	TDRD5	TPMT	DYTN	EPHX3	NXN
564	1.0	G2E3	PHF11
565	1.0	RBCK1	NLRC5	PPP1R37	TRAF4	TTC16	GCN1L1
566	1.0	RTP2	RTP1
567	1.0	LLGL1	PAM	ADGRL2	ADGRF5	NRP1	ITGB6	SYT15	SSR3	ITGA3	CRIM1	ITGB7	ITGB5
568	1.0	SCP2D1	ESD	XYLB	PEX12	TST
569	1.0	SCN2A	SCN1A	SCN3A
570	1.0	CFP	THSD4	ADAMTS19	ADGRB2	ADAMTS9	ADAMTSL1	ADAMTSL4	PAPLN	ADAMTSL3	ADAMTS18	ADAMTS12	ADAMTS20	ADAMTS2	ADAMTS16	ADAMTS17	OIT3	ADAMTSL2	NELL2	SEMA5B	MATN4	ADAMTS6	ADGRB1	THSD7B	ADGRB3	THSD7A
571	1.0	TSTD2	PEBP1
572	1.0	NXF2	NXF3
573	1.0	PIGW	PIGT
574	1.0	KHNYN	ARRDC2	SPSB3
575	1.0	GGH
576	1.0	ITPA	ZMYND8	UBL4B	SETMAR	RBM25	DR1	LSM3	ARHGAP22	TRIM38	UBTD2	ZFAND4	UBTD1	YEATS2	UFD1L	UBD	YEATS4	LRRC4B	SSB	CCDC94	CMTR2	UHRF2	RNF113A	LSM2	PTRH2	CDIPT	ISG15	MOCOS	TUBGCP3	FNTA	POLE4	SLIT2	ZC3H4
577	1.0	CACFD1	PLXNA4	CBFB	PLA2G2A	PLA2G10	LDLRAD1	SATB2	OR5B3	OR8G5	FEZ1	EVPL	SATB1	PLA2G1B	GPR31	OR8G1	ROM1	OR2T1	PIGR	FEZ2	HES7	BHLHA9
578	1.0	LPCAT3	MBOAT7	MBOAT4	PORCN
579	1.0	PPP2R5D	PPP2R5A	MLLT6	PPP2R5C	PPP2R5E	PPP2R5B
580	1.0	SLC43A3	SLC43A1	MAGEB17	APH1A	SYAP1	LRRC24	SLC43A2	MAGEE1
581	1.0	OR5D16	COL18A1	SDC1	OTOP3	LIMS3L	C3orf58	FAM43B	EFNA4	OR5AC2	LIMS3	OR2S2	OR52I2	VWC2	OTOP2	CD274	OR8D2	OR5M3	KCNJ13	DAP	OR2Y1	OR5W2	KIAA1143
582	1.0	NDUFS8	NDUFS6	NDUFS2	NDUFS4
583	1.0	NKX1-1	POU6F2	BARHL2	HMX3	HOXC5	LBX2	CDX1	DBX1	HMX2	DLX6	POU1F1	NKX6-2	POU5F1	NKX1-2	BSX	BARHL1	DLX5	BARX2	EVX2	MNX1	TLX3
584	1.0	HPSE	HPSE2	HHIPL2	CETP
585	1.0	IRF2BP2	TERF2IP	L3HYPDH	SPTSSB	CHCHD5	SCEL	NUGGC	PMF1-BGLAP
586	1.0	UBR3	TPTE	TPTE2	METTL11B	UBR2
587	1.0	MAFK	NFE2L3	NFE2	NRL	PROM2	MAFG	SLC46A2	NFE2L2	BANF2
588	1.0	RANGRF	YBEY
589	1.0	POLR2A
590	1.0	FANCG	MAP9	SCAND1	IL6	CD33	IFNA2	GLYAT	RLN2	ZNF174	APOL1	ICAM2	ZSCAN2	GOLM1	RSRP1	APOL5	RNASE7	TCAP	PLGLB2	CRH	UCMA	VN1R2	PLGLB1	TMEM221	SERTM1	TMEM87A	POMC	IFNA14
591	1.0	AIF1	AIF1L	EFCAB3
592	1.0	NLRP9	ZZEF1	LMOD2
593	1.0	SLC7A4	BCAP29	PPAPDC2	AIFM1	TCEB2
594	1.0	CALR	CLGN	CALR3	GALM	CANX
595	1.0	MRPL48	RSBN1	RSBN1L	KANSL1
596	1.0	HCST	SCIMP	LY6G6D	TRNP1
597	1.0	NCOA5	STEAP1B
598	1.0	NAP1L1	NAP1L4	TSPYL4	NAP1L2	SMYD2	TSPYL5	SMYD4	UNC45B
599	1.0	ARHGAP30	ARHGAP36	ARHGDIG	CAPZA3	DOCK1	ARHGAP31	ARHGAP40	ARHGAP35	ARHGAP6	IKZF5	ABI3	RALBP1	DOCK5	ARHGAP15	ZNF831	ARHGAP28	ARHGDIA	TOM1L1	ARHGAP33	PLEKHA5	ARHGDIB
600	1.0	HAAO	TAZ
601	1.0	SEPT11	PRDM2	POGZ	AMIGO1	POP1
602	1.0	CENPT	ARPP19	ATP6V0E2	NXF5
603	1.0	EMC9	EMC8
604	1.0	TNFSF4	C1orf100	TP53TG5	PRAP1
605	1.0	MFN1	SMPD4	MRPL54	MRPL45	SUPT20H
606	1.0	EPB41	EPB41L2	NRP2
607	1.0	OTOP1	IL18R1	IL1RAP	CCDC85B
608	1.0	NCAPG2	TFDP2
609	1.0	LIPN	LIPF	LIPJ
610	1.0	TMEM222	PLA2G15
611	1.0	LGALS3BP	LOXL3	SSC5D	CD6	SPOCD1	IGFN1	CD163L1	CD163	VPS72	LOXL4	SSC4D	CD5L	LOXL2	MARCO
612	1.0	DPEP1	DPEP2	ELP6	DPEP3
613	1.0	FNIP1	FNIP2
614	1.0	PLBD1	PLBD2
615	1.0	OR56B4	SDC2	GPRC5B	OR4N2	OR51S1	OR52E2	OR10J5	OR13F1	FABP1	SDC4	OR5B21	OR2AG2	OR8B4	OR6Q1	OR9K2
616	1.0	ATXN1L	STAP1	TBC1D29	HPS3	CLEC11A	CDKN1B	CLEC9A	LEMD1	CTHRC1	TMEM98	TMEM203	ERICH2	PRG3	IRS4	NIN	APOOL	CLEC12A	AAMDC	KLRC3	PPP1R14B	PELP1	PCM1	TRADD	PDCD1LG2	MPHOSPH6	CDKN2AIPNL	COA1	CD96
617	1.0	PLEKHA2	GAB4	PLEKHH2	DAPP1
618	1.0	PLCXD1	UNC50
619	1.0	TSPEAR	GAL3ST1
620	1.0	SNX16
621	1.0	SF3B5
622	1.0	ZNF860	E4F1	ZNF527	ZNF468	ZNF497	ZSCAN20	ZNF812	ZNF530	ZNF16	ZNF594	ZNF12	ZNF35	ZNF354B	ZNF322	ZNF534	ZNF485	ZNF155	ZFP3	ZNF514	ZNF229	ZNF251	ZNF771	ZNF366	ZNF766	ZNF627	ZNF667	ZNF391	ZNF865
623	1.0	YPEL2	YPEL5	YPEL4	YPEL3	YPEL1
624	1.0	E2F8	E2F4	E2F6	E2F3	E2F5
625	1.0	CREB3L3	GBP3	BTBD19	ATL3	GBP6	ENOPH1	SPSB4	GBP2	GPKOW	GBP1	GBP7	GBP4
626	1.0	CMBL	IDNK	PEMT
627	1.0	FHAD1	KCNN1
628	1.0	SLITRK6	CAPN5	CAPN10	CAPN13
629	1.0	KLHL24	KLHL32	RHBDL3	SLC22A25	KCNH4	BTBD8	KBTBD12	KCNH3	HSPBAP1	PXDNL	KLHL35	KCNH7
630	1.0	PFAS	DDO
631	1.0	RCAN3	PHC1
632	1.0	UPF2	PPP6R1	MEPCE
633	1.0	ANKRD34C	SCUBE3	SCUBE2
634	1.0	STAB1	AK7
635	1.0	SULT6B1	SULT1C3	SULT1A2	SULT4A1	SULT1E1	SULT2A1	CHST15	SULT1C4	SULT1B1	SULT1A1	SULT1A4	SULT1C2	SULT2B1	SULT1A3
636	1.0	C17orf74	ISM2	ZNF586
637	1.0	KERA	NF2	FAM109A	NCSTN	FAM120B	LRFN3	ISLR2	MSN	EXOC7	RDX
638	1.0	UFL1
639	1.0	AKIP1	GGT6	TMEM251	DISC1	CCDC73	CASC5
640	1.0	GPR162	CDK11A	THPO	RFXAP	FYTTD1	VRTN	HCRT
641	1.0	PCBP3	GGA1	GIGYF2
642	1.0	CEP250	CTAGE6	CTAGE9	CTAGE4
643	1.0	FRMD8	VCL	FRMD3	FERMT2	FERMT1
644	1.0	RAD21L1	SLC37A4	RAD21
645	1.0	SCN8A	SCN5A	SCN10A	SCN4A
646	1.0	SLC7A8	DCUN1D4	SNX2	SLC7A7	CHORDC1	PAPSS1	SLC7A5	WWC2	PAPSS2	SLC35A5	CAND2	SAMM50	SLC7A6	NOC4L	RYR2	SLC26A10	MFSD10	IST1	SLC7A3
647	1.0	PLEKHH3	RBBP8	PKD2
648	1.0	CAV2	CAV3	NANOS1	PLA2G2D	CAV1	OR2H1	PLA2G2E	NANOS2	MYD88	CHRDL2	OC90
649	1.0	USE1	ZNF608	ZNF609
650	1.0	CEP295	SZRD1	C1orf177	FAM81B	MTFR1	CDCA2	TBXA2R	FUOM	ERICH6B	COL5A1	TUSC2	C9orf116	EMILIN2
651	1.0	HAUS8	C14orf80	MSMP	RGSL1	TEX43	MFSD3	EFCAB12	GPS2	HAUS7	C11orf88	CFAP221	TEX36	SYCE2	SEPN1	RITA1	C7orf72	CCDC162P
652	1.0	PSEN2	PSEN1	SLC35A1	GNPTG	SLC35A3
653	1.0	DNAH17	DNAH11	DNAH10
654	1.0	KLHL2	KBTBD8	KLHL11	ASH2L	KLHL26	KLHL3
655	1.0	NR2F1	ELL2	ELL
656	1.0	CPNE4	C9orf64
657	1.0	DOPEY2	TSEN2	SSU72	UTRN	DMD
658	1.0	ARNT2	MMP15	YLPM1	HAUS1	ANP32E	CYBRD1	SSBP2	FAM126A	DEPDC1B	EAF1	CRYAA	MMP14	ARNTL2	ERLIN2	BCAP31	SSBP4	PTPMT1	CRAMP1L	MMP9	SSBP3	BARX1
659	1.0	MRPL9	PKHD1L1	FAM173A	CKMT1B	SMS	MRPS18A	HHIPL1	KCNJ8	EGLN2	DTNB	KCTD17	KCNJ11	KCNN3	CKM	SLC9B2	CERCAM	KCTD4	KCTD5	FST	CKMT2	RMDN1	ACAN	MFSD6L	CISD1	PLXNA1	PLXNB3	GRIK3	UGT2B7	SLC8A1	SLC9B1	CSMD3	AGRN	INPP4A	COLGALT2	CATSPER4	CKB	FAM210B	TLR10	USP53	MFSD6	MFN2
660	1.0	COQ10B
661	1.0	CPE	PI4K2A	CPD	MRPL21	CPM
662	1.0	KCNK16	ADD1	ADD2	KCNK2	KCNK4	KCNK6	KCNK9
663	1.0	TRIM28
664	1.0	CHAC1	IBA57	FDFT1	NUDT7	DAK	DOLK	LSS	MAD2L1	DHCR7	ATP5D	NOP14	TMEM87B
665	1.0	ZNF583	ZBTB49	ZNF420	ZBTB38	ZNF502	ZBTB22	ZBTB16	ZNF180	ZNF429	ZNF28	ZNF248	ZNF582	ZNF267	ZNF879	OSR2	ZNF486	ZNF358	CTCFL	ZNF408	ZNF528	ZNF425	ZNF384
666	1.0	RNF216
667	1.0	RASAL2	OS9	ZNF576	HUS1	IPCEF1	SHQ1	NEDD9	TAGAP	IMPAD1	CDC25A	DAB2IP	EPS8	ARHGAP19	CTTN
668	1.0	KCNK10	KCNK13	KCNK3	KCNK17	KCNK5
669	1.0	DDI1
670	1.0	TLL2	NHLRC3	SPON1	C2	KCTD7	COMP	LRRC37A3	THBS2	ELFN1	FAT2	CELSR3	FICD	BMP1	PROZ	THBS4	KCNN2	CPXM2	THBS3	NELL1	EGFL8	THBS1	OCM	PAMR1
671	1.0	TNXB	TNC	TNR	TENM4	LRRC34
672	1.0	HSD17B10	CAP1	LENG8	NSFL1C	BTF3	HSD17B7	UBXN2B	HPGD	PRPF39	EPS15L1	HSD17B14	PANK1	UCHL5	ITSN1	XAB2	VPS53	COG4	ANKRD33	PANK2	FBXL14
673	1.0	FBXO18	THEM6	TTF1	OGFRL1
674	1.0	RIMS1	NKD2	TFCP2L1
675	1.0	MPV17L	PXMP2
676	1.0	DPP7	PRSS16	PRCP
677	1.0	CACNA1A	TPCN2	SCN7A	NALCN
678	1.0	SLC37A3
679	1.0	MFSD12	NIPAL2	ERLIN1	IGDCC4	SGMS2	DSCAML1	IFIT1B	TTC17	DSCAM	DDAH2	UGT2A3	PLXNB1	KCTD11	PKD1	KCNK18	UGCG	PKDREJ	NIPA2	FUCA1	DMBT1	SLC18A3	CDADC1	NUDT4	KCTD13	FN1	NHLRC2	PLXNA3	VWA3A	SLC10A7	PLD3	SLC18A2	INPP4B	KCTD8	TRPV4	THOC7	DDAH1
680	1.0	ENC1	DGKK	DENND3	KLHL1	KLHL33	KLHL28	KLHL8	GAN	KLHL31	KLHL21	IPP	KLHL15	DGKH	KLHL7	KEAP1	KLHL30	KLHL22	KLHL12
681	1.0	SLC9A4	SLC9A3	SMYD1	SLC9A5	YIPF6	SLC9A8	SLC9A2	SLC9A9	SLC9A6	HAT1	SLC9A1	SMYD5
682	1.0	PTPN5	PTPN3	PTPN6	PTPN4	PTPN12	PTPRH	PTPRU	PTPRB
683	1.0	MTMR2	MTMR7	MTMR8	MTMR9	MTM1	MTMR1	MTMR6
684	1.0	PACSIN3	HCLS1	BCL11A	RASGRP1	RASGRP3	RASGRP2	LMAN1L	EPB41L5	TMED5	NCF1	CNKSR2	SPTA1	TMED1	GRAP	SPR	RHPN1	SH3RF3	NOXA1	RASGRP4	WWTR1	CDC25C
685	1.0	BHMT2	MRPL41	WIPF3	BABAM1	RBM24	COIL	SYS1	GLTSCR1	R3HCC1
686	1.0	ZMYND19	PSTPIP2	ZNF277	SH3PXD2B	TAGLN3	SH3PXD2A
687	1.0	NMB	CMTM5	KIZ	GAL	C11orf87	IFNG	C12orf40	CD99	KDF1	IZUMO1	CSF1	TMEM37	SYCE1L	SWSAP1	UPK2	KIR2DL1	MPZL1	TMEM218	TBATA
688	1.0	SRXN1	MED12L	THAP4	FOCAD	C11orf31	MRPL34
689	1.0	LRRFIP2	MAB21L2	MAB21L1	MRPL42	MAB21L3	IGFBP3
690	1.0	VAMP8	TMED9	USP30	TRIM43	CUL5	NFKBID	ADH6	SEC14L1	CWF19L1	MCCC1	IPO4	TMED4	SMYD3	PPM1M	LRRC29	HSD17B4	PHF12	PHF21A	SEC14L5	ARHGAP24	TMED2	UCKL1	AIRE
691	1.0	RAB11FIP2	SYTL5	CBLB
692	1.0	RBM44	HEMK1	FAM186A
693	1.0	POC5	RSPH14	FAM184B	TMEM231	CFAP45	ELMOD3	RIBC1	RPGRIP1	CCDC176	CCDC151	C8orf37	ARL2BP	HSPB11	RIBC2	FAM221A	IQCH	DNAAF3	CEP76	TPPP3	DYDC1	CCDC42B	TEX9	MYCBPAP	RPGRIP1L	IQCG	ARMC2	CASC1	DYNC2LI1	DNAH14	IFT74	C15orf26	CFAP54	IFT20	LRRC43	STPG2	ZNF474	MVP	ZMYND12	DNHD1	SPA17
694	1.0	NFU1	SDHA	MTHFD2	ECH1	MTHFD1	MTRF1L	UMPS	ECI2	SDHB	CYCS	AUH	ECHDC2	FAM58A	CDYL	MRPL13	SLC22A7	AMT	HIBCH	ATP5C1	ECHS1	MTFMT	CYC1	HADHA	STOML2	ECHDC1	CPS1	MTHFD2L	COX15	LACE1	UQCRFS1	IDH1	ECHDC3
695	1.0	KCNMA1	FKBPL	DCN	NLRP14	NLRP8	NOD1	KCNB2	KCNB1	RYR1	NLRP5
696	1.0	VPS37A	RIC8B	INTS7	ANAPC4
697	1.0	PARP14	NELFE	PARP4
698	1.0	TTC7A
699	1.0	SEC61G	RPS29	SPCS3
700	1.0	ATF6	PLEKHM3	FLOT1	PHF6	VCAN	RCN2	PSMD5	FAM135B	NKRF
701	1.0	SLC30A4	SLC30A8	SLC30A1	SLC30A10	SLC30A7	SLC30A3	SLC30A2	SLC30A5
702	1.0	CLEC2B	C16orf96	KLRC4-KLRK1	KLRD1	KLRK1	C1orf50	CD69
703	1.0	MNAT1	HTRA2	HTRA1	HTRA3	PHF21B	GFER	HTRA4	GSTM4
704	1.0	MARCH1	MARCH3
705	1.0	KCNS3	PCMT1	GLUD1	AQP10	OTUD5	VTA1	PAOX	AQP6	AQP5	NPHS2	GRAMD2	GLUD2	STOML3	KCNF1	STOML1	KDM1A
706	1.0	RFFL	MYLIP	NEURL1	TRPV6
707	1.0	STARD6	NABP2	NABP1
708	1.0	CAB39	CAB39L
709	1.0	ATP5G2	ATP5G3	ATP5G1
710	1.0	BCL2L2	CCDC74B	BCL2A1	ASXL3	BAX	RRBP1	CINP	BCL2	SCNN1G
711	1.0	PLEKHM1	KIAA0226L
712	1.0	FBXL8	C10orf35	FSIP1	BANP	CCDC57	C11orf16	FANCE	FAM181A
713	1.0	TAF15	UROC1	OGFR	GSTM3	RGS4	AMDHD1	B3GNT7	GSTA3	HOOK2	TRPM7	EGLN3	EGLN1	UGT2B10	UGT2B28	DEAF1	SLC29A2	GSTA2	TOR3A	GSTA1	MEX3B	NEIL3	ALPK2	CELSR2	RHAG	ALPK1	TRPM6	RLTPR	EEF2K
714	1.0	ENPP2	GRM5	GABBR2	GRM2	POMGNT1	TAS1R2	MICU3	AADACL2
715	1.0	MSL3	FBXO3
716	1.0	TPCN1	DZANK1
717	1.0	ZSCAN18	PLD1	AEBP2
718	1.0	PIAS2	PIAS3	PIAS4	PIAS1	ZMIZ1	ZMIZ2
719	1.0	SLC12A1	SLC12A9	SLC12A2	SLC12A3
720	1.0	ADH7	ADH1C	ADH1A	ADH4	PGM1	ADH1B
721	1.0	DNTT	POLM	POLL
722	1.0	AVEN	MZT2A	C4orf17	MZT2B	C20orf96
723	1.0	GLCE	PTGDR	MRPL35	DEPDC1	EIF4ENIF1	OCLN	MARVELD2	PDGFRL
724	1.0	ADAMTS13	CNIH3
725	1.0	DSTN	RPL22L1	CFL1	RPL37A	RPL30	CFL2	CALB1	RPL22	RPL34	CALB2	RPS24	MGRN1	RPL6	RPL14	RPL35	HSPE1
726	1.0	VASH1	CENPJ	DYDC2	KIAA1841	AGBL5	MEGF11	VASH2	OSCP1	AGBL3	AGTPBP1	AGBL4	CFAP36	CEP131	AGBL1	AGBL2
727	1.0	TM9SF2	TM9SF3	PYCR1	TM9SF1	MTCH2	TM9SF4	PYCRL	PYCR2
728	1.0	REP15	CD58	TCTA	FAM197Y7	C19orf67	NPW	SPACA4	POM121L12	FAM159B	KIAA1644	CAMK2N1	PLVAP	NDUFA3	ECM1	C3orf80	CLDND2	NPFF	C2orf88	OMP	CAMK2N2	KIAA0101	CIART
729	1.0	PTBP2	DOCK7	DOCK3	SYT17	TLN2	DOCK9	HBP1	TAF9B	ADAD1	DOCK11	DOCK6
730	1.0	DENND2A	DENND5B	DENND1A	DENND5A	DENND1B	DENND1C	MADD
731	1.0	SPSB1	SMG5	TPBG	B4GAT1	IFRD2	AMIGO3	TCF7L1	TRPC5	DVL1
732	1.0	CAPN3	PLCL1	NOM1	PLCG1	GAPVD1	PLCG2	CAPN2	PLCD1	PLCE1	CAPN1	PLCD4	CWC22	ATG3
733	1.0	CFAP99	HYDIN	C11orf65	SPEF2	CFAP70	SSNA1	MYCBP	DYX1C1	C17orf105	CCDC112	PIH1D1	CCDC114	CXorf58
734	1.0	CHAF1A	ANO2	DTX4	POMP	ADAMTS10	ANO1
735	1.0	DENND6A
736	1.0	APPL2	LYSMD3
737	1.0	RBM34	CLASP2
738	1.0	SYT4	RHPN2	SRY	ARHGAP39	N4BP2	MTMR12	MTMR10	DIDO1	WDR4	MVK	STARD13	DEPDC5	UGGT1	MTMR11	LCLAT1	PM20D1	SERINC5	SMPD1	TOPBP1	SMPDL3B	ADARB1	SLC7A11	PLA2G4B	COG3	DOC2A	UBASH3B	SYT11	ADARB2	MON1A	SERINC2	CERK	RASAL1	SOX10
739	1.0	RACGAP1	NMNAT3	LMAN2L	LMAN2	CAPZA1	ZBTB4	TOM1	WWC1	CNN1	LMAN1	EPS8L3	PIDD1	ARPC5	EXOC6	PHF20	CAPZA2	ARPC5L	ARHGAP9	PLA2G4A	DDOST	AKAP13	YAP1	PIEZO2	RASA2	NMNAT2	TLN1	WASL	NMNAT1	ARPC2	ATG5	ZBTB9	ARHGAP42	ARHGEF39	RANBP3	RPRD1B	DROSHA
740	1.0	MPRIP	GLS	SPG21	MAP1A	MFSD2A	CHSY3	ALPK3
741	1.0	PCID2	SEL1L2	COPG1	MYO7A	NCAPD2	GRID2IP	RBM5	HMGB4	FMN2	HMG20B	FMN1	RNF43	FHDC1	EPT1	ATP6V1C2	ARCN1	RQCD1	CNOT6	MYCBP2	HMGB3	UNG	FHOD3	CSE1L	COPG2	NUDC	EXOSC10	UBE4B	CEPT1	EIF4G3	NUDCD3	SREK1	TLDC2	POLD2	HMG20A	SUPT5H	PPAT	FHOD1	SUPT6H	PSMD3
742	1.0	TG	NLGN3	CES4A	CES1	NLGN1	CEL
743	1.0	ERCC1	VPS52	TAF6L	TAF10
744	1.0	SKP2	NDC80	FAR2
745	1.0	SLC1A4	SLC1A2	SLC1A1	SLC1A7	SLC1A6	SLC1A5	SLC1A3
746	1.0	CCP110	SMIM12	SOSTDC1	WFS1	MED15	NPDC1	MRPS33
747	1.0	CMC4	MYDGF	ZNF645
748	1.0	ZNF324	ZBTB17	AGAP3	ZBTB8A	ZBTB44	SNAPC4	ZBTB8B	MYNN	ARHGAP8	PRR5-ARHGAP8	LRRC8B	MLLT3
749	1.0	PPT1	SLC22A14	MAD2L2
750	1.0	LHX2	CRIP1	TES	PDLIM3	ISL2	MICAL3	PRICKLE3	MICAL2	CRIP3	LHX9	MICAL1	CSRP3	MICALL2	XIRP2	CSRP2	PRICKLE4
751	1.0	TNS1	PGAM2
752	1.0	TMEM38A	FCHO1	POU3F3	UBXN4	POU3F2
753	1.0	IFIT1	RSPO2
754	1.0	WIPI1	ABCC3	PCCB	AMPD2	CFAP44	PRPS1L1	METTL21C	PRPS1	HSPE1-MOB4	ALDH1L2	GNAT1	CLINT1	VAMP1	REV1	EIF2B1	AMPD1	GALE	EMC3	ENTHD1	STX12	GNAT3	TMED7	POLK	PRPS2	UXS1	AMPD3	DPP9	SVOP	HEATR1	IFT88	APOA1BP	TGDS	WIPI2	TMTC3	EIF2B4	EIF2B2
755	1.0	EIF4E	MAPRE3	CPN2	MAPRE2	SETD2	EIF2B3	KCNAB2	EIF4E1B	GMPPB	LUM	DNAL1	LRRIQ4	LRRC8E	EIF4E2
756	1.0	TCF7L2	CATSPER2	CAMSAP2
757	1.0	DAO	SLC17A7	SLC17A2	SLC17A4	CHERP	SLC17A3	SLC17A8
758	1.0	PAQR4	PAQR5	ADIPOR1	PAQR3
759	1.0	NR0B2	MVB12B	CAPRIN2	GATAD1	INTS10	NR0B1
760	1.0	CRYZL1	SURF1	STX11
761	1.0	SLBP	SLC35A2	TTC36	TXNDC12
762	1.0	PLEKHG1	ARHGEF3	ARHGEF9	ARHGEF16	MCF2L	NGEF	TIAM1	ARHGEF11	NET1	TIAM2	ARHGEF1	PLEKHG6	RASGRF2	PLEKHG3
763	1.0	CDCA3	C10orf107
764	1.0	SLITRK1
765	1.0	C1orf168	SFTPC	GKN2	NPPA	C1orf174
766	1.0	PGAM4	BPGM
767	1.0	MCCC2	GADL1	IVD	GAD1	CSAD	GAD2	EHHADH	ACAD10	NDUFAF7	NDUFA9	NDUFAF5
768	1.0	GP1BA	TRIM71
769	1.0	PBLD	MMAB	MLYCD
770	1.0	HS3ST3A1	HS3ST5	NDST2	NDST3	HS3ST3B1	CATSPER3	NDST4	HS3ST2	HS3ST4	HS3ST6	COL12A1	HS3ST1
771	1.0	INSIG1	CD38
772	1.0	TMEM204	C8orf59	PRR16	ZMYM6NB	KIAA0586	BCL2L10	CD99L2	C21orf58	C8orf88	C17orf89
773	1.0	LIX1	SPRY1	MBD3L3	MBD3L5	SPRY2	OR51G1	MED27	OR5A1	MBD3L4	NFATC4	MBD3L2	LIX1L	SPRY4
774	1.0	CCZ1B	CCZ1	PLEKHA6
775	1.0	SLC17A5	KLHL34	SLC17A6
776	1.0	OXA1L	ACACA	EWSR1	MOSPD2	ADCK2	GMPR	TYMS	RRM2	DBI	PLCL2	SEC14L4	RRM2B	PINX1	TYW1B	IMPDH2	IMPDH1	SEC14L6	GMPR2
777	1.0	DENND2D	ST5	DENND2C
778	1.0	C1orf116	TMEM219	CD83	HRNR	CCDC106	REC114	CARD16	LYPD1
779	1.0	TET3	HEXIM2	NDUFB11	POLR3G	POLR3GL	CLEC1B	GOLGA4	GTF2IRD2	CREM	TET1	C1orf198	C1orf131	CXXC5	GTF2IRD2B	SERBP1	EPM2AIP1	THAP10	C18orf32	TET2	MAGEC2	CXXC4	SUSD3
780	1.0	TMEM39B	TOMM22	TMEM39A
781	1.0	BVES	TNNI2	DGCR6	ERBB3	TNNI3	MED24	CUEDC2	DCST1	PROX1	SCHIP1	MRPL51	DGCR6L	ID3	FBXO28	GPM6B	TSHZ1	FAM78A	POPDC3	POPDC2	TNNT3	PROX2	TNNT2	DCST2
782	1.0	GDAP1L1	STEAP3	GRXCR2	MRPS27	HARBI1	TWIST2	HR	ZNF862	PLAC8	ZBED4	CLEC2A	FBXL3	TTR	C11orf30	SDHAF1	CLEC2D	EVA1C	NAGLU	TCP11	RFPL4A	PRKRA
783	1.0	SRFBP1	PATL2
784	1.0	SEPT14	SEPT3	SEPT4	SEPT6	XPA	SEPT8	SEPT12	MAGT1	SEPT5
785	1.0	GAB3	STAR	NSMCE4A	EXOC3
786	1.0	NUP133	RTN3
787	1.0	PCBP1	SEPHS1	TIMM22	UROD	IMMP2L	PRDX5	ASNS	MRPL11	RPIA	HMBS	ZCCHC17	MRPL27	ALAD	KHSRP	MPV17L2	PCBP2	YARS2	XRCC6BP1	SLC33A1	MRPL4	CPOX	LIAS	TMEM63A	PPOX
788	1.0	OR6K2	OR6F1	RTKN	OAZ2	RASSF4	TMSB4Y	OR10Z1	AMN	OAZ3	BAG4	GPR146	OR1J4	OR5AU1	OR11H12	OR9I1	OR4N4
789	1.0	SPTBN5	FLNB	SPTB	SPTBN4	FLNA	PLEC	SPTBN1	CLMN	SPTBN2
790	1.0	EXD3	KCNA4	EDC4	KCNC3	UBXN6	UBTFL1	TTC14	RHOBTB3	KCNA1	KCNG3	NLRP4	GSTA4	KCNA7	ATP1A4	FRA10AC1
791	1.0	BAG3	CHN2	SH3BP1	ARHGAP44	ARHGEF6	ARHGAP20	DLC1	SORBS3	MOB4	ARPC3	LASP1	PLA2G4E	SYDE2	VAV3	NOSTRIN	ATG2A	ARHGEF7	FAM13B	SH3GL1	UNC13B	ARHGAP1	CHN1	ARHGAP5	VAV1	STARD8	ARHGAP23	VAV2	STAM	ZBTB5	CAPZB	PCLO	ECT2	ARHGAP12	KDM2B	OPHN1	TMED3	EXOC6B	SDF2	STAM2	SLC27A2	PLA2G4D
792	1.0	STAG1	STAG3	STAG2	XPO5
793	1.0	C2orf82	C18orf42	EVI2A	C9orf152	EVI2B	UTS2	SELPLG	IL9	C2orf72	KIAA0040	TAC4
794	1.0	NDUFA6	MFSD7	FLVCR2	FLVCR1
795	1.0	TSC2	FARP2	LMO4	GARNL3	LMO2	RAP1GAP	SIPA1L3	SIPA1L1	RALGAPA2	PSTPIP1	RALGAPA1	LMO1	RAP1GAP2	SIPA1L2	SIPA1	NSMCE1	PRICKLE2
796	1.0	PARK7
797	1.0	GYG1	BOLA2	TAMM41	LIPK	NOX1	SLC47A2	CH25H	OPLAH	TTPAL	EPC2	PICALM	HSDL2	HSD3B2	DEGS2	COQ6	RTF1	GGA2	GTPBP3	BUB1B	SCP2	LIPA	CAT	UBXN1	SCD5	BOLA2B	SCD	SLC47A1	GYG2	ATIC	BOLA1	MTO1	GSTT1	MRPS5	LIPM
798	1.0	PFKFB2	GK5	TRIM73	CLIP4	VPS33B	VPS33A	UBQLN3	DNAJC28	C21orf2	DNAJC6	TRIM60	PPP4R1	DIEXF	TRMT61A	GK2	ANKRD13C	TRIT1	DUSP27	UBE2Q2	CCNH	TRMT11	ZNF622	TMX2	VPS26B	METTL21B	ANKRD33B	PFKFB3	SRI	PPCDC	DMGDH	PDSS1	TRIM10	PFKFB1	NOTCH1	ANKRD62	KIAA0020	DGKI	UTP11L	RPLP2	SDAD1	SBDS	SCGN	ABTB2	EIF1	VPS26A	NAPB	MTPAP	DPAGT1	NAPA	COPZ2	KANK4	PSMD9	CEP97	RNF103-CHMP3	VPS11	ANKRD40	RCL1	CLIP3	PTEN	COPZ1	UTP3	DHRS12	TATDN3	TRIM74	STX1A	SRD5A1	PFKFB4	GK	EIF1B	UACA	KLHL9
799	1.0	EHBP1L1	EHBP1	NAV2	SYNE2	NAV3	DIXDC1	MICALL1	SPECC1L	SMTNL1
800	1.0	FAH	HGD	GSTT2	OXCT2	OXCT1
801	1.0	EID1	MARCKSL1	CD3EAP	SNX21	TMEM154	NMS	MARVELD1	PYDC1	VMAC
802	1.0	B3GAT1	MRPL18	B3GNT9	MGAT2	B3GAT2	SSX2IP	AKAP17A	PATL1	MMP2	LDB1	B3GAT3	BHLHA15
803	1.0	RBM10	PLCH1	ILVBL	IMMP1L	TOP1MT	OXSM	COQ2	TIMM17B	MRM1	TCF25	HACL1	TIMM17A	PITHD1	PIGB	PPCS	TOP1	GART	GLUL
804	1.0	MUTYH	MVD
805	1.0	LYRM5	COA6	GPR158
806	1.0	TOMM40L
807	1.0	SLC26A8	SLC26A4
808	1.0	DNAH6	DYNC1H1	DNAH3	DNAH8	DNAH5	DNAH1	DNAH12	CNGA3	PPP1R42	PNPLA7	DNAH9	DNAH7
809	1.0	CTNNA3	ENAH
810	1.0	PTCH2	PTCH1	PTCHD3	NPC1	NPC1L1
811	1.0	RGS1	RGS20	RGS17	RGS19	RGS16	RGS21	LINGO2	PDE5A	DOCK8	DOCK10	UNC13D	RGS13
812	1.0	SLC16A7	CISD2	SLC16A1	GLIPR2	UBIAD1	FN3KRP	BCO2	DNMT3B	GLOD4	FN3K	BCO1	CACNA2D1	DNMT3A	OCM2	GUSB	GGTLC1	SLC23A2	ATE1	FRRS1	ESRP2	SLC16A12	CARHSP1	MORC4	GGTLC2	SLC13A2	RPE65	C14orf159	HEBP2	MRPL14	TRABD	SCAPER	TTC24	SLC23A1
813	1.0	PRSS38	RBM12B	YBX3	SUMF1	LIN28A	SDR39U1	MTFP1	KCNJ2	CFI	SLC22A17	MRPL16	IQCF1	YBX1	SLC5A10	HUS1B	HPR	SLC8A3	ADD3	ABHD14B	CSDC2	PRSS53	MTHFSD	MT-ND3	PGAM5	KCNJ1	PRSS50	PRSS36	YIPF4	KCNK1	HOOK1	HP	PRSS37	YBX2	C1RL	HPN	SLC5A3	KCNK15	C1GALT1C1	APMAP	IQCF5	PRSS21
814	1.0	CCDC61	CCDC77	CEP44	NPHP4	TRAF3IP1	IFT57	MKS1	TTC30B	SAXO2	MCOLN3	TPPP2	IFT43	DNAAF2	C20orf194	TRIM67	FAM188B	CEP95	CCDC81	TTC30A	TPPP	CC2D2B	SPAG17	TMEM216	IFT46	CEP19
815	1.0	ANKZF1	HLCS
816	1.0	RPL23A	POLR2F	NAT10	TRNT1	TSR3	RPS16	DHPS	NME7	XRCC3	PRIM1	RPL10L	TRIO	TRAPPC5	PELO	SUMO3	EFTUD1	DTYMK	CHD6	TPI1	MPHOSPH10	RNASEH2A	DERL2	RPS13	TAF9	CHPT1	TOP2A	RPL10	PDZRN3	DNAJC13	EXOSC2	KDELR2
817	1.0	ANGPTL1	RFNG	TMCC2	CFHR3	FCN2	ANGPTL2	KRT20	ANGPT4
818	1.0	TDP2	SPNS1
819	1.0	COG5
820	1.0	SLC35C1	KCNQ1	KCNQ2	KCNS2
821	1.0	PRR12	CENPN	CDR2L	TMEM229A	HPS4	SH2D5	BLNK	C1orf109	COX7A2L	SAGE1	TPRA1	TMEM229B	SMIM8
822	1.0	C20orf24
823	1.0	MEN1	TPGS1	LIN37	ATF7IP2	C19orf52	ATF7IP	OSER1	AKIRIN2	NOG	DAXX
824	1.0	TRAPPC2B	QKI	DGKQ	DNPEP	RPS20	SLC35B2	SEC22B	ADRM1	PCGF3	TRIM77	SOX7	FMNL1	MDH2	TBPL1	FBXO8	STX5	LDHB	DBR1	SLC27A5	DDB1	AHCY	SENP7	DIAPH3	MEGF8	SOS1	AHCYL1	MPI	PDCD2L	ATP6V1E1	KIN	EIF3C	COMMD3-BMI1	SNW1	SLC35E1	SLC9A7	G3BP1	AKTIP	EIF3CL	BMI1	RALYL	ZBTB11	ASNA1	CCNG2	FMNL3	ORC4	LSM10	ATP6V1E2	AHCYL2
825	1.0	CAP2	MIPEP	STX7	GNA11	ANKRD36	CNOT2	HSD3B1	RBM28	ERCC4	SCAF8	GNA15	IKBKAP	GINS2	SH3RF1	CEBPZ	UBXN2A	CTR9	GNAT2	CCND3	PGM5	FBXL7	UCHL1	DPP10	BDH2	DHRS1	SLC35B1	TBC1D21	TRRAP	SNF8	FBXL20	GNAZ	MTCH1	TAF6	ALG1L2	DCAF4L1	GNAS	LSM1	GNAQ	DCXR	SRR	GNA14	FBXW9	HSD17B8	TRIL	ALG1	ALG1L	POLI	NSDHL	PTPDC1	UCHL3	VAMP7	STXBP5	RRS1	EBNA1BP2
826	1.0	GGT1	GGT2
827	1.0	AQP7	SPRYD3
828	1.0	KIAA1919	MFSD4
829	1.0	EDIL3	MIER3	MIER1	DLL1	BZRAP1	CRB1	SMG8	CLOCK	ANP32D	SLMO1	LTBP2	B3GNTL1	PRELID1	ELMSAN1	SLMO2
830	1.0	TUT1
831	1.0	CLIC1	KLC4	APPBP2	CLIC5	ISPD	CLIC4	FBXO21	CLIC6	CLIC2	MT-ND2	MBD4	SLC18A1	CPEB4	NEIL1	CLIC3
832	1.0	SLC29A4
833	1.0	DCTN6	RBM20
834	1.0	SLC3A1
835	1.0	TDRD1	GSTT2B	GSTO1	IL4I1	PHYHD1	PIPOX	GSTZ1
836	1.0	TNFSF10	PRR15	COX8A	NPPB	BAALC	MFAP5	CAST	CYYR1	NOL7	RAET1E	SNAPC5	MLANA
837	1.0	RHBDL2	SPOPL	KBTBD4	KBTBD7	BTBD9	BTBD3	KBTBD2	KCNH2	SPOP
838	1.0	INTS1	RGS12
839	1.0	CEP350	CTPS2	FDX1L	GLRX2	CHD9	PRKAR2B	HCN4	JADE2	IDI1	POLR1B	EPHX4	TRIM17	SLC2A13	DHDDS	HMGCS2	FDX1	RANGAP1	HCN3	IDI2	NSD1	SLC2A14	CNGA1	JADE1	CTPS1	SLC2A3	MAPRE1
840	1.0	MASP2	PROC	F9	TMPRSS2	HGFAC	C1S	TMPRSS15	PLAT	TPO	PLAU	PRSS12	KLKB1	TMPRSS6	OVCH1	DTNA	HGF	TMPRSS4	F12	COLGALT1	F10	CELA2B	CORIN	C1R	ST14	F2	LPA	KLK9	MST1	PLG	F7	HABP2
841	1.0	JMJD7	SLC22A10	SLC22A16	SLC22A6	SVOPL	SLC22A13	SLC22A3	FUBP3	SV2A	CTSA	SLC22A11	SLC22A8	LRRC69	SLC39A12	SLC22A4	SLC22A5	SLC22A12	SLC22A2
842	1.0	NOXRED1	HHATL
843	1.0	OGFOD1
844	1.0	PDCL	NSUN7
845	1.0	HNRNPF	KBTBD3
846	1.0	TRPC1	GPLD1	RADIL
847	1.0	OMA1
848	1.0	SEPT7	SEPT2
849	1.0	RNF40	SMARCC1	TRIM3	UTY	SMARCD1	RNF41	SETD1A	ZC3H8	NFYB	ZBTB7A	PODN	ANKRD26	SENP3	TBCEL	DHRS4	ELAC1	CIB4	NFYC	RNGTT	ZBTB41	ZC3H6	RFWD3	RNF20	YIF1B	SH3RF2	SMARCC2	LRG1	ZBTB14	LINGO1	MLLT1	TRIM5
850	1.0	LGALS13	GMEB1	CLC	SPATS2	LGALS14	OR8B2	MRPL37	EMB	ABI3BP	SH3BGR	GNGT1	C2orf68	FGF16	GMEB2	LGALS1	AFF2	FAM69A	LGALS12	SPATS2L	HNF1B	AFF3	FCGR1A	TDGF1	LGALS2	TMEM47	SIRPA	LGALSL	C1orf95	TMEM254	VTCN1
851	1.0	EZH1	SETD8	SETD5	EZH2	SUV39H2	SETDB1
852	1.0	UNC93B1	XRCC4	ZMYM1	DDA1	ZBED6	KANSL3	CCAR2	BPIFB4	TMEM256	TMEM45B	TTI2	ZBED1	RBM48	MMP28	MRPS23	CCDC169-SOHLH2	KIAA1429	BATF2	ZMAT4	BPIFB2	MFNG	KXD1	GON4L
853	1.0	GCKR	TMEM120B	SLC45A3
854	1.0	GLT6D1	GBGT1	STRA6	BST1	ABO	CD27
855	1.0	RBM26
856	1.0	PDCD2	UNK
857	1.0	ALAS2	PPME1	DCLRE1A	CCNL1	SND1	FLRT1	PIN1	AZIN2	TBCE	CERS2	CERS3	LRRC70	AKR1B10	CERS6	ANAPC10	KCNAB1	GCAT	ALAS1	CERS5	COPS4	CCNK	PUM2	BGN	WDR45	PRELP	SPTLC1	SGSM2	AKR7A3	C12orf10	SPTLC2	ODC1	ECM2	SPTLC3	AKR1A1	PDPR	AZIN1	AKR7A2	PUM1	CERS4	LRCH4	RPUSD4	KCNAB3	DCLRE1B	LRSAM1	DCLRE1C
858	1.0	SYCP3	PLEKHJ1	PROM1	TNFAIP8L1	TMSB10
859	1.0	LYZL2	LYZL6	SPACA3	CCDC43	SCG5	LYZ
860	1.0	GANAB	PEX5	ALG2	MGAM	SORD	ALG11	SI	ALDH1A3	ADH5	ALDH1A2	GANC
861	1.0	GALT	MLX	MITF
862	1.0	KDM2A
863	1.0	SAA2	MEDAG	CARD17	SAA4	SAA2-SAA4
864	1.0	TRIM59	YIPF1
865	1.0	FAT1	DLK1	DNER	SNED1	DLL3	DLL4
866	1.0	APBB1	THAP8	THAP1	SPRED3	SCAF1	THAP3	SUFU	THAP9	THAP7	THAP2
867	1.0	ISOC2
868	1.0	USO1	LEO1	SQLE	ALG9	SLC7A14	COQ7	VPS28	GOSR1
869	1.0	MYO1F	TRPV5
870	1.0	PTGR2	PTGR1	ADI1	APIP
871	1.0	PPAP2B	CLCN1	NLN	THOP1	PRKCSH	NOL6	CLCN2	PPAP2A	PPAPDC1A
872	1.0	PCSK2	PCSK1	PCSK4
873	1.0	ITGA10	APC	ITGAX	DCBLD2	COL14A1	MATN1	COL6A5	COL6A6	ITGAD	COL6A3	VWA2	KCTD12	ITGA11	COL7A1	COL22A1	COL21A1	COCH	COL20A1	ITGA1
874	1.0	EIF4E3
875	1.0	NT5DC4	NT5DC2	NT5DC1	NT5DC3	LIN54
876	1.0	MBD1	HMOX1	TMEM259	MYC	MCUR1	CNIH2
877	1.0	CNNM2	SLC25A52	SNRPA1	UQCRC2	PRPF18	POLE	METAP1D	PMPCA	PLCH2	IPO11	POLE2	CNNM4	COQ3	COQ5	IBTK	CNNM1	RABEPK	SLC2A12	SETDB2	GMPS	CNNM3	KLHDC2	FUS	VPS18	PLCD3
878	1.0	HMGCLL1	FAAH2	KHDRBS1	ZADH2	CCNT1	TP53I3	EHD4	ALDH16A1	TAF3	SV2C	PTPN23	FAP	PREP	EDEM3	LRRC10B	SENP6	PTPRG	CRYZ	CCNC	SV2B	FBXL15	SNX7	MKRN1	FH	IGF2BP3	DRAP1	EHD2	RANBP9	TMED7-TICAM2	PTPRZ1	PDCD6IP	SPHK2	CAND1	CCNT2	SNX30	HMGCL	TNPO3	EHD3	ADK	COL4A3BP	LONP2	FBXL17	TMED10	EHD1	NFX1
879	1.0	DOCK2	DOCK4	SLC12A7	SLC12A6	SLC12A4	SLC12A5
880	1.0	CCDC14	SPIDR	KIAA0753	CXorf38	TMEM220	C19orf25	C10orf90
881	1.0	TMEM140	FANCD2OS	TMEM171	TMEM213	COX8C	C4orf46
882	1.0	GATC	TM6SF1	MAP1B	PXDC1	TM6SF2	TMEM132B	TMEM132A	CCM2	MAP1S
883	1.0	POLA2	PDE12	BUD31	ANGEL1	SHMT2	ANGEL2	RRM1	SHMT1	GPD1L	GPD1	CCRN4L
884	1.0	CLEC17A	ZCWPW2	SLCO4C1	RNF152	PURB	SELENBP1	MBD2	PURG	MBD3	TMEM205	FBXO31	MLF1	RNLS	B3GALT6	ARNT	BTBD17	B3GNT6	TEX30	TTC38	PURA
885	1.0	CPNE1	CPNE2
886	1.0	FHIT	VWA8	XIAP	RNMT	EIF5B	CTU1	FXN	NEMF	TBCD	XRCC2	RNF175	FIP1L1	ZFP36L1	SPO11	DPH5
887	1.0	SPPL2C	TVP23B	PDCD5	TVP23C	AMMECR1	AMMECR1L	SPPL3	RTCA	ASMTL
888	1.0	PRSS23	LYRM2	CYB561D1	PRSS35	PTGFR
889	1.0	RNF217	TLE6	RNF19A	HGS	MCTP2	MCTP1	MON2	RNF144B	RNF14	RNF19B	ATRN	CUL9	GNA12	ARIH2	RNF144A
890	1.0	MTA1	ALOXE3	LDLR	ADGRE1	ALKBH4	AEBP1	LRP1B	NOTCH2	CRB2	DLK2	NAGK	MEGF10	AGMO	GAS2L3	NID1	PLOD3	JAG2	LRP1	EGF
891	1.0	EIF3K
892	1.0	HIF1AN	KDM8
893	1.0	HADHB	DCTN1	PRPSAP1	GLRX	GOT1	SUCLG2	SLC2A7	BCKDHB	DOHH	SLC36A1	HAGHL	FA2H	PGM3	TBCB	HMGCS1	SLC2A5	FADS3	H6PD	SUCLA2	ACAA1	FADS1	REXO1	EXOSC1	PDHA2	GOT2	OXNAD1	PRPSAP2	PGD	SLC25A51	ACAT2	ACLY	ISCA2	ISCA1	MAGI3	PDHB	FBXW5	GOT1L1	MSRB3	ABHD11	BCKDHA	ACAT1	ACAA2	G6PD	MSRB2	ABHD4	MSRB1	MRPL3	SLC36A2	SLC2A11	HSD11B2	IDE	PDHA1	FADS2	HAGH	QRSL1
894	1.0	NIPSNAP3B	NIPSNAP1	DCPS	RGN	LMOD1	NIPSNAP3A	ATXN10
895	1.0	SDHC	CC2D1B
896	1.0	FMO5	CYP8B1	FAXDC2	FMO3	NOX3	CHAC2	CYBB	FMO2	FMO4	FMO1
897	1.0	IFNK	GPR160	TAS2R39	IFNA8	CCL15	THEMIS2	CCL1	SNX20
898	1.0	CCDC148	SPICE1
899	1.0	CFC1B	EXOC3L4	SMIM20	CD101	LYRM9	SIRPB2	CFC1	SCRN2	SH2D4B	ZSWIM3	CTGF	APCDD1	C6orf120	SPIRE1	VEGFC	IQCK	FASTK	TMEM179
900	1.0	PDE4C
901	1.0	TBC1D19	SCAMP3	FBXO16	VKORC1L1
902	1.0	LRRC8C	SDR16C5	MYSM1	LRRC10	SHOC2	LRRTM4	LRRTM2
903	1.0	CPB1	GOLGA5	VWA5A	ADGRE5	TM2D1	SAMD8	CRELD2	ADGRV1	FUCA2	CES3	USH2A	HGSNAT	NUS1	FRMPD2	FAT3	CLEC4M	GAS7
904	1.0	PMFBP1	PROSER3	TEX26	CCDC169	C10orf82	C6orf118	WDR93	C4orf45	FAM47A	C3orf84	FAM47E
905	1.0	GREB1	GREB1L	MKRN2OS
906	1.0	PTP4A2	PTP4A3	EFHB	TECRL	ETNK1	ANKAR	GMDS	CARKD	SOWAHA	LDHC	CAPNS2	ZPR1	C9orf41
907	1.0	TGFBI	HDDC3	FXR1	TRIAP1
908	1.0	RNF157	FBXO11	NCOR2
909	1.0	SLC26A1	SLC26A2	SLC26A5	SLC26A3	SLC26A9
910	1.0	MON1B	STX19	GTF3C3	SDS	HNRNPCL3	SLC35B3	HNRNPCL1	KHDRBS3	SLC7A2	KHDRBS2	RAPGEF3	TGS1	IVNS1ABP	OXR1	NCOA7	DSCR3	FER1L6	PCGF2	OTOF	RAPGEF4
911	1.0	NUP98	RPS14	EMG1	RRP8	RBBP6	FAM96B	DERL1	TRIM6	DMC1	TADA2A	OMG	ABHD17B	ZFP36	YIF1A	TXNL4A	RPL19	N6AMT1	TRIM13	AARSD1	RER1	RAD51D	ISCU	TXNL4B	ADAT2	TADA2B	NIP7	NSA2	RING1	SEC11C	RPL36	DYNC2H1	RPL18	RAD51	VPS13B	DERL3	RPS26	CSNK2B	RPS17	ERCC3	DPH6	SEC11A	GTF2H4	SPATA21	RSG1	NMD3	METTL1	TRAPPC4	CMTR1	RPL35A	ARMC3	RPL13
912	1.0	NDUFAB1	ACBD4	MRPL17	ABHD5	ERO1L	GSS	SCO2	POLRMT	KDM4D	FDXACB1	KDM5C	FAF2	KDM4E	SCO1	ADSL	ATP5O	ACBD5	COX11	MRPL24	CWF19L2	JARID2	TIMM9	GCLC	SLC2A10
913	1.0	TMEM194B	GPR142	TMEM194A	CDK2AP2	CDK2AP1
914	1.0	C22orf39	MRPL55	C10orf32	NDUFB2	PGLYRP3	SASH1	C19orf43	FSIP2	USMG5	PET117	PGLYRP1	BLCAP
915	1.0	ADAT3	QTRTD1	QTRT1
916	1.0	GFOD1
917	1.0	MYCL	TSPAN13	SPG20
918	1.0	TTLL7	TTLL13P	TTLL6
919	1.0	CNTNAP2	CNTNAP5	NTN1	NTN3	CNTNAP4	MFGE8	ITGB1
920	1.0	HPS1	SH2D3C	SNAPIN	COMMD6
921	1.0	MFSD2B	CLCA1
922	1.0	LETM2	LETM1
923	1.0	ZC3H13	SDC3	CACNG2	CNPY1	LYPD6B	VGLL4	OR2M5	IGF1	TJAP1	PLLP	AKIRIN1	GAS1	OR2L8	ARL14EP	TNFSF13	PLP2	LYPD6	TNFSF12-TNFSF13	OR2M3	SPATA2	EEPD1	PANX2	COL16A1	GLCCI1	CNRIP1	BTN2A2	FOSL1	TOR1AIP1	KTN1	DOK7	G6PC2	PPP1R15B	TNFSF13B	OR5T1	EPGN	TMEM211	APCDD1L	SOST	LALBA	CDC42EP4	OR51B5	FAM117B	BAMBI	GKAP1	FAM122C	TPRG1L	FANCA	NOS1AP	PIK3AP1	MEA1	CACNG7	TNFSF12	GORAB	G6PC3	PAGR1	BCL9	THAP11	SLC7A6OS	NCCRP1
924	1.0	ASRGL1	PHLDB3	ATL1	TAS1R1	PARG	PHLDB2	CYFIP1	CASR	ZFYVE27	LINGO3
925	1.0	JPH1	MORN4
926	1.0	PPP2R2D	PPP2R2B	PPP2R2A	PPP2R2C
927	1.0	PVRL2	TMCC1	LGALS9C	FBXO32	TSC22D1	FBXO25	ADAM18	EFNA2	TMCC3	LGALS4	OLFM3	TSC22D4
928	1.0	STXBP4	MRRF	KCNS1	SLC26A7	CRLS1	KCNG4	SCN9A	SCN11A
929	1.0	BRCA1	TRIM22	CAPS	TRMT10A	EPN3	TRMT10B	EPN1	H2AFB2	HCFC2	TRMT10C	H2AFB3	ZC3H7B	H2AFZ	PSD4	PSD	NOTCH3	H2AFB1	H2AFV	DUSP21	STX16	STON1-GTF2A1L
930	1.0	PXK	SLC24A1	SLC24A2	SOX8	DCTD	RAD18	SLC24A3	SOX9	SLC24A4	SNX11	SNX9	SLC8B1	PAXIP1
931	1.0	CHST4	CHST2	CHST5	CHST3	CHST7	CHST6
932	1.0	LIMCH1
933	1.0	CDKN2A
934	1.0	RPL26	EP300	REV3L	WHSC1	ATAD5	RPL5	RPL26L1	ESF1	NMT2	SF3B2	ANKRD13B	NMT1	MAK16	HINT2	DDX3Y	RNF2	BUB1	MDN1	SMARCA2	VPS13A	ABHD17A
935	1.0	AGA
936	1.0	TMEM138	OR4C16	C3orf33	OR6N2	OR51B6	AFTPH	WFDC3	OR5J2	OR6Y1	OR8D1	MTCL1	HYAL4	DNTTIP1	CLDND1	SPAM1	CCDC51	TMEM178B	SOGA1	OR5L1	INSC	HYAL1	OR12D3	OR5C1	FCGR3B	WFDC2	CABYR	OR6N1	ATXN1	SGCB	OR5H6	OR7C2	GPR22	PDGFA	HYAL3	OR2T6	OR10K1	PCP2	HYAL2	OR4F4	IGSF23	OR51F1
937	1.0	ARL6IP1	SMKR1	C1QB	TMEM248	MMRN2	DEDD2	CPLX1	EMILIN1	TECTB	CTAGE15	DKK4	GP2	SMIM15	CTAGE1
938	1.0	CGRRF1	TRIM64	HACD1	TMTC4	METTL2B	TRIM72	METTL8	MCM3	RRP1	EEF1G	DTD1	CDKAL1	PRPF38A	PFDN6	RPLP1	HM13	RRP1B	PPM1J	PCSK6	BAP1	PHF5A	NFKBIB	IFT80	DNAI2	VPS29	MID2	RNF138	METTL2A	ATG7	PROSC	RPS7	SPPL2B	TRAPPC1	DGKZ	ANKRD13A	SPPL2A	AIFM2	METTL18	ANKLE1	RPS25	TAB1	CAPNS1	PFDN2	DHX8	RNF168	CDK5RAP1	TRMT2B	METTL6	VBP1	APEH	TXNDC15	TRIM64B	WARS2	SNCAIP
939	1.0	NTN4	NTNG2
940	1.0	HOXB13	MSX2	HOXA5	NKX2-8	MEOX1	HOXD11	EVX1	OTX1	CDX2	HOXA11	PAX4	HOXD13	HOXC11	DLX2
941	1.0	SENP8	AATF
942	1.0	CPB2	CPA4	PTGES3	SNX10
943	1.0	SECISBP2L
944	1.0	SOX3	SOX21	SOX1
945	1.0	TACO1
946	1.0	WFDC1	CCDC89
947	1.0	PHAX	CBFA2T3	RIMKLA	F8	WTAP	CBLL1	MBNL3	PPRC1	SLC39A2
948	1.0	LIMA1	TASP1	NEBL	RAD1	HEXB
949	1.0	EIF3E	CCNL2	MRPL15	CBWD2	CBWD5	LCMT1	MEMO1	CBWD7	MPC1	TSFM
950	1.0	ZNF200	ZBTB37	ZNF426	ZNF764	ZBTB34	ZNF763	ZNF563	ZNF799	ZNF773	ZBTB10	ZNF555	ZNF442	ZNF521	SCRT1	HIC2	ZNF354C	ZNF441
951	1.0	ENTPD2	ENTPD8
952	1.0	PPP6R3	OTUD6B	NOL9	DHODH
953	1.0	NMRAL1
954	1.0	XDH	UGT2A2	MOCS2	AOX1	UGT2A1	ALKBH3	MIOX	TPP1	ASAH2B	ALKBH2
955	1.0	NOL8
956	1.0	DRGX	MEOX2	CRX	OTX2	ALX1	ALX3	GBX1	UNCX	ESX1	VSX2	ALX4	GBX2	PROP1	ISX	HOXC13	ARX
957	1.0	TMEM14C	AFMID	SF3B1	CXorf56	GRN
958	1.0	NIPBL	CHMP2B	REC8
959	1.0	PCBD1	RYR3
960	1.0	UTP6	ABHD17C	HACD2	RPS27L	SUPT4H1	RPS10-NUDT3	SUMO1	BIRC7	APEX1	RPS27	RPS10	TTC32	ABT1	POLA1	ZFP36L2	RPL32	ATP6V1F	RPL37	RPS19	SUMO4	ZNRD1
961	1.0	RLBP1	CLVS1	FAHD2B	NDUFV1	MSMO1	SC5D	GLDC	MTHFD1L	FAHD2A	FAHD1	CLVS2	CYP26C1	ABHD1	TM7SF2	SEC14L3	LBR
962	1.0	NFYA	PLD2
963	1.0	SETD4	TMEM184B	TMEM184A	TMEM184C
964	1.0	NLGN2	CES5A	BCHE	ACHE	NLGN4X
965	1.0	MARC2	MAOA	MTA2
966	1.0	RPL36A	DNAL4	RPL36AL	DYNLL2	DYNLL1	RPS28	RPS21
967	1.0	ITPKC	LRRC38	SCARF2	LAMC1	LAMB4
968	1.0	SIN3B	SMARCD3	C7orf55-LUC7L2	MCM3AP	PCGF6	SIN3A	ING3	LUC7L	ING4	ING2	ING5
969	1.0	TMBIM4	SORL1	RSF1	DGCR14	KDM5D	PPIP5K1	EIF3M
970	1.0	TYW5
971	1.0	IL24	BRICD5	IL19	PTTG2	MS4A18	IFNB1	PTTG1	FOXP1	IL12A
972	1.0	APOLD1	C18orf21
973	1.0	RPE	RPEL1
974	1.0	MORN2	SLC17A1	ALOX5	TRPV3	NECAB2	RAPH1	FAM136A	SLC22A23	SYTL2	ZGPAT	ASAH1	AXIN1	SUZ12	MRPS18C
975	1.0	BCL2L1	HAUS2	CCDC127	BLOC1S5	C7orf43	SLAIN1	CCDC125	SIRPD	MACC1	RD3	GTSE1	VOPP1	TNFSF15	CENPQ	SAA1	FANCC	C9orf9	OR8J3	MEI1	NXPE1
976	1.0	GET4	ENDOU	SLC5A5	GNMT	ARVCF	SGMS1
977	1.0	KCND3	KCND2
978	1.0	RTN4IP1	UPRT	VAT1	LYPLA2	MECR	LYPLA1	VAT1L	LYPLAL1
979	1.0	OAZ1	OR4X1	PASD1	OR11H1	OR8B8	OR7G3	ADTRP	SKIDA1	CHRD	MED30	GPR171	MTTP	OR5H2	NKAIN1	OR2L13	MRPS31
980	1.0	CD177	NAT14	DYNAP
981	1.0	NOSIP
982	1.0	ZNF333	ZNF491	SP7	SALL4	ZNF232	ZNF711	SNAI1	PRDM9	PATZ1	ZNF320	ZNF26	ZNF236	ZNF621	ZNF275	ZNF80	ZNF713	SALL1	ZBTB18	ZNF568	ZNF317	FAM206A	OVOL2	ZFP92	ZNF169	EGR4	ZNF75A	ZNF684	ZNF131	RREB1	ZNF787	ZFAT	ZNF783	ZNF398	PLEKHA1	ZNF213	ZNF48	ZFP41	ZNF407	HKR1	ZNF215	ZNF560	ZNF75D	ZNF276	ZBTB42	VEZF1	ZNF117	OSR1	GLIS2	ZNF281	ZNF730	SP5	ZNF324B	ZNF770	ZNF20	ZNF223	ZEB2	ZNF581
983	1.0	WDR60
984	1.0	MMD	MMD2
985	1.0	PPP1R8	CCDC102B	MBLAC1
986	1.0	PNMA5	C5orf30	BAD
987	1.0	OR4P4	KAL1	HEYL	ARL14EPL	CD200	TSPAN18
988	1.0	HAO2	PAICS	EIF1AD
989	1.0	PACSIN1	STAC3	RAPGEF1	BCR	ARHGEF28	STAC2	RAPGEF6	ARHGEF37	PLEKHG4B	ARHGAP29	SKAP2	ARHGEF12	SH3D21	RICTOR	PLEKHG4	ECT2L	HMHA1	NPHP1	CD2AP	PEX13	GRAP2	STAC	RAPGEF2	PACSIN2	ARHGAP18	CRK	DBNL	CRKL	FNBP1	FCHSD2	GMIP	PLEKHA7
990	1.0	SEC23IP	MGAT1
991	1.0	DSEL	CDCA8	NUMA1	C3orf38
992	1.0	NMRK1	MCF2	DOPEY1	ARHGEF33
993	1.0	PDSS2	HAO1	BTF3L4	GSTO2	STOM	PHF3	REXO2	TPK1	SMOX	MRPS16	AASS	NADSYN1	MPV17
994	1.0	THEGL	TMEM101
995	1.0	EXOSC3	MAGI1	ARMC4	WRAP73	WDR66	ABHD6	AGPAT6
996	1.0	MXRA5	AGPAT3	GNPNAT1	AGPAT4	CNN2	LPGAT1
997	1.0	TENM1	SLC44A1	WIF1
998	1.0	ATP1B3	ATP1B2
999	1.0	KCNC4	KCTD9	GSTM2	VWDE	TNN	KCNT1	KCNC2	CCIN	RNH1
1000	1.0	AZU1	TMPRSS12	PRSS33	TMPRSS5	TMPRSS11E	P4HA3	CTRB1	PRSS48	KLK11	TTC19	KLK5	PRSS8	GZMK	PRSS57	GZMB	TMPRSS9	KLK7	KLK2	CTRC	PRSS56	PRSS45	PRSS1	CMA1	TMPRSS13	TMPRSS7	PLCXD2	KLK12	TMPRSS11B	TMPRSS3	PRSS46	CFD	KLK8	TMPRSS11A	PRSS27	TMPRSS11D	GZMH	TMPRSS11F	TPSAB1	F11	CTSG	CTRB2	TPSD1	TRPC7	GZMM	PRTN3	TPSB2	ACR	KLK10	CELA2A	PRSS22	KLK13	CELA3A	ELANE	OVCH2	PRSS42	KLK6	CELA1	KLK4	P4HA2	PRSS55	PRSS3	GTPBP6	CELA3B	KLK15	KLK1	KLK14	GZMA	CTRL	KLK3	PRSS58	TPSG1
1001	1.0	NLRP2	CPNE7	GBP5	MRPS2	KCND1	ITIH6	ITIH5	SEPT9	GRM8	KCNG1	QPCT	QDPR	PLEK2	DIRC2	AMACR	DAGLB	PTGES2	UHRF1BP1	LRFN4	ALDH18A1	KLHL18	LRRC17	LAMA1	HOOK3	CPNE6	RHBG	UNKNOWN	ADAL	CHI3L1	KIAA0226	HAL	HIAT1	KBTBD6	LAMC3	CNOT11	NBR1	KCNU1	SEPT1	RMND1	TRPV1	SLC24A5	SEPHS2	SLMAP	MUT	PNPLA8	CCDC93	MEGF9	SLC15A2	WDYHV1	CRELD1	PDE2A	SLC15A3	SDHAF2	MRPL22	HHIP	AQP8	HIATL1	FURIN	CACNA2D3	LAMA3	SEPT10	LRRIQ1	SLC12A8	LRRC3C	TPP2	DIP2B	KBTBD13	LRPPRC	CELSR1	GRM4	SLC22A9	RXFP2	PCBD2	CHDH	MMAA	KCNC1	TMOD1	TMEM104	GRM6	KLC3	SLC15A4	DTX3L	CES2	LGI4	ALKBH1	ADGRA2	CPNE3	KLHL17	PNPT1	SLC9C1	DDX26B	KLHL38	KLHL36	FAT4	PCBP4	KLHDC7B	GRM7
1002	1.0	TOR1AIP2	SOBP	ZHX2	FAM120C	ZMYM4	CD302	PTTG1IP	TMEM150A	TMEM246	LRP11	TMEM106A	FAM199X	GPR137	SLC22A31	CCDC170	DGCR2	GABRA5	DLGAP5	CCDC134	SPATA7	UBN1	ATG13	OR2T33	ZNF318	ZNF503	CAPRIN1	TMEM187	XKR7	OR10K2	FAM89A	C2CD2	VIMP	FAM177B
1003	1.0	PHLDB1	HSPG2	LAMA4	HIP1	CNKSR1	PIEZO1	OSBP2	PCSK5	SAV1	FGD6	LNX1	HIVEP1	SYDE1	ING1	ZFYVE19	TESC	PDS5A	PLAG1	ZKSCAN5	ATL2	MACF1	IPO9	FLNC	TLR7	OSBPL8	POMT1	CYFIP2	DENND4A	SOX4	CHID1	UGGT2	CCNG1	MEIS2	ZBTB3	UTP20	CNN3	RMI1	SYTL4	LMOD3	ARHGEF26	IQGAP1	GLI3	PLS3	LRRN3	ARPC1A	NPRL2	PHF20L1	LRRC55	RASGEF1B	ASPM	MEIS1	PLEKHG7	MEIS3	ZBTB33	STXBP5L	SOX2	TMOD3	POP4	PLEKHH1	CERKL	ABR	AGPAT5	FGD3	CPNE8	ZNF639	CHMP5	RALGAPB	SYT8	IQGAP3	GNPTAB	PTBP1	GRM1	SLC15A1	FGD4	ZNF219	OSBPL5	VPS36	BUD13	ECD	SOS2	MTAP	TWF2	ZBTB39	LMO7	KNDC1	TDRD3	CDC25B	WASH1	ITPKA	ARHGAP10	SIX1	POMT2
1004	1.0	ITGA8	RASIP1	L3MBTL4	TSPAN15	SIM2	ATP6AP2	C4orf32	TAL1	DET1	TXNIP	FERMT3	C17orf67	CENPI	CDCP2	ADGRL3	NDUFAF2	PMF1	SOHLH2	MMGT1	PYCARD	TMEM68	MS4A4E	SPHKAP	PARVA	L3MBTL3	GNRH2	MGAT3	RCAN1	YIPF3	CTNNA1	H1FOO	WIPF2	PLA2R1	MLXIP	PPP1R21	NKD1	EPB41L4A	SIM1	RNF182	FRMPD4	NDRG2	BCAR3	CLASRP	KIAA0430	GAS2L1	ENPP4
1005	1.0	KCNV1	ARMT1	FUBP1	PCMTD2	CHADL	TANGO2	THNSL2	CCS	AQP9	EXOG	SLC39A11	KLC2	GRAMD3	TIMM44	DPP8	LRRC74A	SLC22A24	GSTM5	COQ4	TMEM165	MTHFR	HSD3B7	SLC39A10	ENDOG	SLC32A1	GRAMD1A	SLC16A9	TIMM8B	CLUH
1006	1.0	UNKL	MORC1	RNF220	FUK	COPS8	NPL	SLC9C2	ZRANB1	PLXND1	SLC17A9	LMF2	KIAA1683	GIMAP8	SAXO1	TOR2A	POFUT2	PLOD2	UGT3A2	LHPP	UGT2B4	ADPGK	CEP290	NRCAM	POSTN	SUV420H2	MED14	WAC	ALOX12B	LRRC37B	LDHA	UGT2B15	GRIN1	NOTUM	KCNA2	PNPLA2	CDNF	PAXBP1	LRRC26	CFAP69	FPGT	GRIK4	RAD51C	VWA3B	METTL9	AFAP1	STIL	MRPL1	TMEM65	FOXRED1	CISD3	ANTXR2
1007	1.0	TOR1B	PCSK7	ADGRL4	RERE	PARL	RMDN2	SLC7A9	OVGP1	ZCWPW1	PEAR1	TM2D2	CHIA	SH3BP2	TLR2	POLDIP2	LAMB1	EYS	LAMB3	NLGN4Y	PCK2	TDO2	ACBD3	FAM173B	MCOLN1	ADGRA3	GYS1	SLC8A2	MATN3	ZMYND11	COMMD7	LYRM1	LRTM2	PTS	SLITRK2	CACNA2D4	GYS2	INTS2	UPP1	TMOD4	CD248	CNKSR3	MFSD9	LAMB2	HMCN1	GGT5	KLHDC7A	CUBN	RMDN3	PCK1	ITPKB	ADGRG4	AXIN2	FKTN	GGT7
1008	1.0	IPO13	MAF1	PHF10	EIF3A	CDC73	REPS2	BACE1	ICMT	DHFRL1	KDM5A	DESI2	CYB5D1	SETD7	REPS1	EEF2KMT	RNF146	PGS1	FAM86B1	AGPAT1	MARCH6	DPF2	SUPV3L1	AGXT	DPF1	KDM4C	TSPYL6	RFK	CDC123	GTPBP1	DHFR	PIGL	BACE2	NPEPL1	LAP3	ERO1LB	XPC	SKP1	KLHL29	KDM5B
1009	1.0	PSAT1	EPHX2	AQP3	CYP1A2	TALDO1	IGF2BP1	APRT	LPCAT4	PNKP	SLC38A3	PRKAG1	SLC25A53	PRKAB1	ACACB	JMJD4	FBP1	FBP2	PRKAG3	FECH	ETFDH	PHF2	GCH1	AMD1	CYP1B1	PDK2	PHF8	VPS41	PRKAG2	TFIP11	CNDP1	KDM1B	PRKAB2	VAMP5	ATPAF2	CYB5D2	PGRMC1	SARDH	SCPEP1	SLC26A6	AQP4	MAOB	GRAMD1B	PTPN13	CPVL	NDUFV2	FPGS	XRCC6	PDK1	MPST	UPB1	SLC35B4	LCMT2	FAAH	LACTB2	SRM	VAC14	MOGAT2	CHMP1B	FLAD1	COX18	BCKDK	SLC26A11	FBXL4	FBXL16	ABHD2	MRI1	CAD	PGP	JMJD6	OTC	BCAT1	ZCCHC9	PPAP2C	PNP	PDK3	PPTC7	HIBADH	AMIGO2	SLC35D1	CCDC25	NENF	TFAM	BCAT2	SLC22A15	PDXP	THADA	NOD2	PGRMC2	PPAPDC1B	GCSH	FASN	TRMU	PDK4	ABHD3
1010	1.0	PCGF5	POLR2I	CNOT4	ASPN	EIF3D	MYH9	RNF121	TMX4	NADK	RTN4RL1	MKRN2	MLLT10	LUC7L3	SMARCD2	DGKD	GTF2H3	DMTF1	NRD1	KLHL20	DGKG	HMGCR	TRIM6-TRIM34	BIRC8	FAM96A	NUP155	MYH10	RPL27	LPIN2	SLC39A1	BDP1	KMT2E	ORC2	DCP2	TOX4	LPIN3	DUT	SLC38A5	SUMO2	CNGB3	SOWAHC	CNGA4	ZC3H15	LTN1	XPR1	SLC38A2	SNRPC	SCYL3	MYH15	PHF14	LPIN1
1011	1.0	L2HGDH	PDCL3	MYO1B	UTP14C	TLR9	PODNL1	GRPEL1	ME3	GPS1	ZSWIM2	ABCC2	SLC22A1	SDSL	AHSA1	OMD	PIGO	SNRPB	CHD2	SIRT1	CLIP2	BPNT1	BIRC3	ISY1	SUOX	NARF	OTUD6A	MYO10	SGSM1	LRRTM3	NAP1L3	GNAI2	VCPKMT	RTN4R	LRCH2	RABGGTA	PIGG	XPOT	GPCPD1	MYO5A	KDM6A	NARFL	RXFP1	TRMT1L	KIAA0141	ZNF598	CDC16	PUSL1	ANAPC1	PPP2R1A	GRPEL2	LARP6	TRIML1	PIGM	JADE3	PPP2R1B	CCNI2	SLC38A8	TRMT5	ME1	MGLL	SLC38A10	LARP1B	TSKU	PNPLA6	PIGK	MYH14	STAMBP	SLIT1	OTUD3	HMGB2	MYO7B	HMGB1	SET	LRRC2	LRIG3	CLIP1	GTF2B	RPS11	LGMN	BIRC2	YIPF7	YIPF5	ASNSD1	ISY1-RAB43	GNAI3	LRIG2	PDCL2	PAN3	MYO5C	NPLOC4	GP5	APEX2	ME2	TBC1D31	THOC2	RPL27A	CKAP5
1012	1.0	EMCN	DKKL1
1013	1.0	RSPRY1	CAPN11	SOX6	MYH13	TTL	RAG1	DYSF	NAA60	TSPYL2	TRMT112	TRIP4	DGKE	EDF1	METTL16	GLS2	KLHL25	TUBGCP4	EXOSC5	EFHC1	PRPF3	SLU7	TGFBRAP1	MIOS	DMAP1	ANKRD13D	HDHD1	LSM5	MYO1E	TMTC2	NXT1	POLR3C	CAPN7	OASL	ALG5	SOWAHB	KLHL13	CNBP	TRMT6	NFKBIZ	NPHP3	SOX18	NGLY1	SRRM1	ANKRD34B	TSPYL1	SRD5A2	GINS1	TTC33	SRP68	ZMPSTE24	AIFM3	CDKN2B	LAMA2
1014	1.0	KLHL14	SNIP1	ARG1	MAGOH	WDR19	RRAGD	HDDC2	MAGOHB	DENND4C	TLR6	VPS39	ARHGAP25	RPA2	CPNE5	VPRBP	IMPACT	RANBP10	RRP12	TLR4	MBTPS1	EMC2	LRRC27	C9orf3	DPP6	LCAT	CAPN8	SLC35F6	AGMAT	TLR3	EMC4	CWC15	ZMAT2	TBC1D24	SUCLG1	IP6K3	AMN1	FAR1	CAPN14	NTMT1	BECN1	NAA35	SMEK2	SMEK1	HRSP12	GALK2	SOX15	ZC3H7A	HTATSF1	ADIPOR2	TTLL1	STARD10	TWF1	PIGN	CCDC130	UTP14A	DENND4B	VPS51	RTFDC1	PDS5B	CLPTM1	CAPN9	TRAF6	GALK1	TCEANC	PEF1	EEA1	METTL23	VPS16	ADAR	SLC38A11	CLPTM1L	LRRC59	FMNL2	PTPN20	LRRC46	EMC1	ABTB1	SOX17	SOX14	MMS19	SETD3	STX10	ZCCHC13
