1	1.0	EID1	MARCKSL1	MS4A12	SNX21	TMEM154	TMEM159	BOLA3	NMS	BCL2L15	CCDC106	C1orf226	MARVELD1	C17orf58	MLIP	C2orf71	PYDC1	CARD16	TCP10	PLEKHS1	TCP10L2	VMAC	PPP1R35
2	1.0	HOXD3	HOXC4	HOXB13	NKX1-1	MEOX2	CRX	OTX2	HOXC10	MSX2	HOXA1	HOXC6	HOXA13	POU6F2	NKX2-6	BARHL2	NKX6-1	HMX3	HOXA5	HOXD9	HOXC5	HOXB2	PAX6	LBX2	HOXA9	MSX1	EN1	HOXB4	HOXA3	HOXD8	ALX3	CDX1	NKX2-8	CDX4	GBX1	DBX1	HMX2	HOXA4	DLX6	NKX2-1	HHEX	HOXA6	MEOX1	NKX3-1	POU1F1	UNCX	HOXD11	NKX6-2	VSX2	EVX1	POU5F1	HOXA10	NKX1-2	BSX	BARHL1	HOXB5	DLX5	BARX2	ALX4	HOXB3	EVX2	GBX2	CDX2	EN2	HOXA11	EMX1	NOTO	PAX4	HOXA2	HOXA7	HOXC8	DBX2	ISX	HOXC13	HOXD13	HOXB7	MNX1	HOXC11	HOXD1	DLX2	ARX	HOXD10	TLX3
3	1.0	OR11A1	OR2T5	PTGDR2	OLIG1	AGER	OR4K14	EDNRA	BHLHE23	ATOH7	OR1N2	TFAP2D	OR2A42	SEMA6B	OR4K1	OR4L1	OR2A1	OR1E2	OR4D6	OR10A6	MSC	OR1E1	OR2T29	OR4K17	GPR27	OR2B11	BHLHE22	BCL7B	ID4	OR2W1	SEMA4G	DACH2	MRPS30	DACH1	OLIG2	TPM2	MC1R	ATOH1	SEMA7A	S1PR5	OR2H2	BCL7C	NEURL2	RUNDC1	OLIG3	GPR61	S1PR4	OR2AT4	NEUROD6	OR2G6	OR13J1	OR4C15	NTSR2	OR1L8	OR4A5	OR11G2	MSGN1	OR14I1	OR9A2
4	1.0	OR2Z1	OR52A5	OR6C4	OR2J3	OR2V2	OR1F1	OR7A10	ATP1B1	OR4S1	GPC4	OR6C70	OR6C3	OR4F15	GPR55	OR2B6	OR6C76	ATP1B4	OR8H3	P2RY11	OR1L1	OR9Q1	OR8K3	OR2T4	OR11H6	OR6C68	OR5B2	OR10AG1	LHFPL4	GPC2	OR4C12	GPC3	OR1L6	OR7A17	GPC6	ATP4B	OR10A3	GPC1	OR1L4	TMEM161A	CD200	LHFPL3	OR2A12	OR1K1	OR1D2	P2RY10	OR6C6	GPR35	OR1A2	IGSF21	OR2B2	OR8K5	OR4N5	GPR132	P2RY14	OR13C8	GPR153	OR7D2	OR10C1	OR5M10	OR52B6	OR11H2	OR9Q2	OR6C65	OR52I1	LHFPL1	TCF3	OR6M1	OR7A5	OR6C75	OR4C6	OR9G4	OR2B3
5	1.0	PGA3	IPO13	TFDP3	CAB39	SOX6	TFDP1	SIN3B	SLC17A5	E2F8	SMARCD3	PPP2R5D	NADK	PGC	RTN4RL1	MLLT10	LUC7L3	NUDT6	SMARCD2	WBP4	PGA4	ING1	DMTF1	PPP2R5A	ANAPC7	C7orf55-LUC7L2	E2F4	MLLT6	NCAPG2	MCM3AP	EPC2	KLHL20	CTSE	PPP2R5C	E2F7	PCGF6	SOX4	MKRN1	TFDP2	AGPAT9	NUP155	KLHL34	ALG5	LPIN2	SOWAHB	SETD5	GTF3C5	PHF20L1	E2F6	NGLY1	SIN3A	HMGCS2	KEAP1	CTSD	ING3	PPP2R5E	TAF6L	E2F2	LPIN3	CAB39L	LUC7L	NAPSA	KLHL22	UGDH	CNGB3	REN	E2F3	ING4	ZC3H15	PGA5	ING2	ASH2L	SLC17A6	E2F1	ECD	AGPAT6	ING5	PPP2R5B	E2F5	PHF14	LPIN1
6	1.0	MED1	NEUROG1	CHCHD10	SOCS3	NEUROG2	FERD3L	PTF1A	NEUROD1	FAM73A	LYL1	ZCCHC4	ATP5S	FAM73B	HAND2	NEUROD2
7	1.0	CCL26	C2orf40	AKAP12	SPOCK2	CD247	KITLG	FCAMR	CD300LD	ARMCX5	IL22	CD3D	XCL1	CCSER2	IL17RC	SLAMF8	KIAA1211L	TAC1	KCNE1	TREML4	CCL23	CD300A	KCNE4	RCSD1	XCL2	TMEM108
8	1.0	CCDC105	MAP10	C1orf189	THEGL	PTTG1IP	CDCA3	SPATA24	LMNTD2	CCDC60	C12orf56	MZB1	C2orf73	ALS2CR12	CEP126	PMFBP1	HEATR9	PROSER3	TMEM101	TEX26	CCDC24	CCDC169	TEPP	C10orf82	C10orf67	PPP1R32	C6orf118	CXorf38	WDR93	TMEM187	C4orf45	FAM47A	C3orf84	TMEM232	LKAAEAR1	VIMP	TMEM236	FAM47E	SPATS1	C10orf107
9	1.0	MFSD12	SERPINA12	SLC16A7	SLC10A1	SERPINF2	SLC16A1	SERPINB1	SERPINA11	SERPINE1	GLIPR2	SERPINA7	UBIAD1	GRIA2	EBF4	SERPINA6	SERPINB7	GRIN2B	GRIN3B	SERPINA1	GRIK2	SERPINE3	SERPINB2	SLC10A6	SERPINB3	SLC10A5	BCO2	SERPINB8	SLC23A3	SERPINB13	GRIN2D	SERPINA10	NTAN1	GRIN3A	GLOD4	GRIA4	SERPINB9	BCO1	SERPINF1	SERPINB12	OCM2	GRIK5	SLC10A2	GRID2	GGTLC1	KCNK18	SLC23A2	SERPINA9	UGCG	SERPIND1	MTERF3	GRIA3	GRIK1	ATE1	GRIN2C	FRRS1	SERPINI1	GRIN2A	SERPINB11	MDM4	ESRP2	SLC16A12	SERPINB10	CARHSP1	SERPING1	SERPINA4	SERPINB5	SLC10A3	NHLRC2	SERPINB4	TEX30	GGTLC2	SERPINB6	VWA3A	GRID1	SLC13A2	RPE65	SERPINA5	SERPINC1	BACH1	MRPL14	SERPINE2	DCTPP1	GRIA1	SERPINH1	SERPINI2	SLC10A4	SLC23A1
10	1.0	NATD1	UNC93B1	XRCC4	ARPIN	SREK1IP1	RMI2	CMC4	HAUS1	TMEM201	MED18	ZMYM1	DDA1	MTERF2	STEAP3	TMEM8A	CCDC84	ZBED6	KANSL3	MAGEA6	BHMT2	CCAR2	TYSND1	LAMTOR4	BCAS4	BPIFB4	TMEM256	TMEM45B	STK19	MYDGF	PSMG3	TTI2	PFN1	DCDC1	PON2	SLC35E4	ZBED1	ZG16	RBM48	MMP28	C14orf1	TEN1	MRPL41	SOHLH2	WIPF3	CCDC169-SOHLH2	KIAA1429	A4GNT	CCAR1	BATF2	ZMAT4	BABAM1	RBM24	COIL	ZMYND15	TXLNGY	RNF183	PON3	PTPMT1	SYS1	GLTSCR1	HAUS4	MROH7	BPIFB2	MFNG	RFPL4A	SNRNP25	KXD1	ARGFX	GON4L	GHDC	R3HCC1	HEATR3
11	1.0	CREB1	GATAD2A	ATF1	COL4A5	FCER1A
12	1.0	POU5F1B	TSPAN15	SIM2	NDEL1	ARRDC4	ACE	TSPAN9	UBAP1	LMBR1	TXNIP	ACE2	CDCP2	TSPAN33	EPAS1	TSPAN8	PLIN3	LMBR1L	MFRP	SIM1	BRMS1	FRMPD4	APBB1IP	PARVG
13	1.0	ANXA8L1	ANXA3	ANXA4	ANXA6	ANXA8	ANXA13	ANXA11	ANXA10	ANXA9	ANXA1	ANXA2	ANXA7	ANXA5
14	1.0	CHRNA6	GABRE	GABRG2	GABRB1	SHROOM3	SESTD1	GABRA2	GABRA3	NDUFA7	HTR3E	GABRP	ST7	HTR3C	GABRQ	GABRA6	CHRND	GABRG3	GABRG1	GABRA4	GABRB2	GLRB	GLRA2	DLGAP5	GABRR3	SOCS4	SHBG	DGCR8	GABRD	GABRA1	TMEM9	GLRA4	GABRR1	GLRA1	ST7L	SOCS5	GABRR2	HTR3A
15	1.0	JKAMP	SYCP3	CRHR2	DLGAP1	DLGAP3	PLEKHJ1	GHRHR	GIPR	GIPC2	FREM1	SAMD10	VIPR1	DLGAP4	TPM3	PTH1R	GIPC3	TNFAIP8L1	BANF1	VIPR2	TMSB10	CALCRL	FRMPD1	ADGRF2	SCTR	ADGRF4	DLGAP2	GLP1R	GLP2R	GCGR
16	1.0	IL21R	MSLN	MUM1L1	MUM1	CD40LG
17	1.0	SCAMP4	SCAMP5	SCAMP2	SCAMP1	UBR7	SCAMP3	PKP1	RBPMS2	RBPMS
18	1.0	FAM71E1	MS4A10	AKAP5	CDRT4	FAM71F2	FAM71F1	C1orf115	FAM71D	LIF	FAM71E2	COPRS	TP53TG5	FAM170A	SLAMF9	C9orf24	SPACA1	LSMEM1
19	1.0	IL17RD	PRRG3	NRSN1	WISP1	NT5C1B	TMEM178A	PRRG1	BTN3A1	FAM167A	EDAR	SLC48A1	KCNMB3	EMID1	FAM199X	KCNMB1	IL17RA	TRIM14	COL26A1	HOMEZ	CRYBA2	PTGER1	TRIM69	CRYBA4	LECT1	IL17F	KCNMB2	PRRG2	PRR14L	IGFBP6	CRYBB2	ZNF365	MAML3	CRYBB3	NT5C1A	CLDN7	IFFO2	KIAA1549	STC2	STC1	TRIM16	GCHFR
20	1.0	MT-ND5	MT-CO1	MKL2	MT-ATP6	MT-CO3	MT-ND4	MT-ND1	MT-CYB	MT-CO2	IQCF5
21	1.0	LRRC71	RSPH14	FAM184B	CFAP43	ODF3L2	RSPH6A	CFAP45	ELMOD3	RIBC1	C4orf22	PIH1D2	CCDC13	RSPH9	CFAP99	KIAA0556	ROPN1L	PIH1D3	CCDC176	FGFR1OP	CCDC151	ATAT1	TTC8	TCTE3	TH	TCTEX1D2	CEP120	RIBC2	C4orf47	C16orf93	FAM221A	IQCH	ROPN1B	ODF3B	HYDIN	C11orf65	GAS8	SPEF2	TPPP3	DLEC1	CFAP70	CCDC173	ENKUR	LRRIQ3	MYCBPAP	DZIP1L	FAM184A	CCDC37	MAATS1	CFAP58	IQCG	ARMC2	CCDC146	ODF3	RSPH3	DZIP1	CASC1	SPAG16	DYNC2LI1	DYNLT1	C21orf59	RSPH4A	IFT74	CCDC39	CIITA	C15orf26	SPATA17	KIAA1279	SSNA1	DYNLT3	MYCBP	DYX1C1	CFAP61	LACTB	C17orf105	CCDC113	LRRC43	CCDC112	STPG2	CFAP74	CEP41	CCDC96	ZNF474	IFT81	ZMYND12	PIH1D1	CCDC63	DNHD1	CFAP20	CCDC114	AXDND1	CXorf58
22	1.0	TMEM143	C22orf15	ITLN2	KIAA1257	CCDC23
23	1.0	TMEM125	PRR35	FAM219B	CD7	EMX2	RLN3	ESM1	FAM212B	DDIT3	INSL5	MARVELD3	MISP	SMIM19	ZNF750	NUFIP2	FAM212A	RLN1	CCL25
24	1.0	CHRNA10	TMEM39B	CHRNA2	CHRNA4	CADM1	CHRNB3	KRT85	CHRNB1	CHRNA3	FCN1	NEXN	CHRNA1	CHRNB2	CLEC12B	CHRNB4	KRT7	CHRNA5	CMYA5	TOMM22	CHRNG	NTM	KRT78	CHRFAM7A	CHRNA7	HS6ST2	TMEM39A
25	1.0	GKN1	SLAMF7	QRFP	PIANP	UPK3BL	NCMAP	PLA2G2C	C1orf94	UPK3B	TMEM215	FAM174A
26	1.0	CREBL2	TNFRSF11A	TM6SF1	FAM129A	TMEM35	MAP1B	FYB	PARPBP	C1orf177	NECAB3	FAM81B	GCOM1	PXDC1	NAT16	NEU3	TM6SF2	FAM129C	FAM81A	FUOM	C5orf49	TTYH1	TMEM132B	ANKH	ERICH6B	TMEM132A	CCM2	TMEM243	TUSC2	TCHP	TMEM132C	CARD9	FAS	SIDT1	EVC2	MAP1S	ERICH6	TMEM132D	CD40
27	1.0	AFP	LILRB4	TMEM261	FAM178B	OSTN	TAS2R60	SNN	LRRC41	KIR2DS5	KIR2DS1	KIR2DL5A	CD99	TAS2R50	MBP	RNASE4	ANG	TAS2R10	GC	CXCL11	TAS2R41	KIR2DP1	KIR2DL3	TREML1	APOC4-APOC2	AFM	GIP	TAS2R31	TYROBP	CCL22	LILRB1	KIAA1210	TAS2R7	RNASE12	RNASE1	KIR2DL2
28	1.0	C6orf25	CABS1	UCN	S100PBP	TMEM95	SPN	CCDC184	IQCF6	LY6G6C	LY6D	PRM3	CMTM1	C4orf36	TMEM190
29	1.0	MARCH11	ALDOA	MARCH9	MARCH7	MARCH4	ALDOB	MARCH2	LSM14A	LSM14B	MARCH10	ALDOC	MARCH8
30	1.0	PITPNM2	PITPNB	PITPNM3	PITPNA	PITPNC1
31	1.0	EVA1B	NRIP1	PMCH	SLC35G6	AURKAIP1	SLC35G3	LXN	CXorf36	TMEM263	HNMT	SHISA9	ETAA1	IFI35	SLC35G5	GPRC5D	DACT3	FARP1	SCARA3	TMEM51	RARRES1
32	1.0	HOMER2	HOMER3	ITGA8	STAT5B	MTSS1	ITGA6	EVL	C12orf4	HOMER1	SHF	BIN3	RIN1	FAM45A	STAT6	SHE	MTSS1L	SLC41A3	RUNDC3B	TADA3	HTT	VASP	STAT5A	ITGA2B	STAT2	PLEKHM2	ITGAV
33	1.0	RFX2	RFX5	RFX7	RFX6	RFX3	RFX1	RFX4
34	1.0	SPEF1	CCDC61	IFT52	CCDC77	TCTEX1D4	CEP44	CLUAP1	NPHP4	TTC26	TRAF3IP1	FAM221B	IFT57	SPATA4	FOPNL	CCDC65	CFAP57	CEP164	WDR35	MKS1	IFT140	BBS1	TTC30B	B9D1	EFHC2	PACRG	BBS9	TPPP2	IFT172	CCDC38	TCTEX1D1	BBS7	CCDC40	PDE6D	DNAAF2	TTC21A	DNALI1	C20orf194	TMEM67	TRIM67	FAM188B	CEP95	CCDC81	CEP104	C6orf165	TTC21B	TTC30A	TPPP	TTC29	CC2D2B	OFD1	IFT22	ZC2HC1B	DNAAF5	PIBF1	DRC7	IFT46	BBS2	DRC1	CC2D2A	CEP19	IQUB	LZTFL1	B9D2
35	1.0	FAM217B	THRSP	NDUFC2	GPR179	FAM222B	SETBP1	FAM217A	INS-IGF2	AMER3	FAM222A	AMER1	BGLAP	CYTL1	MTDH	HCRT	PNOC	BRI3BP
36	1.0	LYPD2	ZNF326	C16orf74	TNFRSF13B	LY6E	C3orf52
37	1.0	OR52E4	OR4F21	OR1N1	OR51T1	OR10A5	OR52K1	OR11H4	OR5P3	OR3A3	OR51E2	OR4E2	OR5H15	OR2T8	P2RY13	OR2L2	OR7D4	OR5M8	OR13A1	OR5H14	OR10V1	OR51E1	OR1D5	OR8H2	OR14A16	OR5R1	OR4Q3	OR6B1	OR4D5	OR10W1	OR51V1	P2RY12	OR6S1	OR2A14	OR3A1	OR51I2	OR51A7	OR2F1	OR2A25	FFAR4	OR9G9	OR4F16	OR10A4	OR2F2	OR4F29	OR2AK2	OR4M2	OR1A1	OR52E8	OR1S2	OR5K2	OR10J1	OR10Q1	OR5V1	OR4F3	OR51L1	OR5K4	OR1C1	OR4C13	OR4B1	OR8U1	OR10A2	OR52H1	OR4F6	OR5K1	OR2AE1	OR6C1	OR1G1	OR1S1	OR7E24	OR8U8	OR13G1	OR6V1	OR2C3	OR51I1	OR52B2	OR14J1	OR5H1
38	1.0	ADAM30	ADAM10	ADAM22	ADAM2	ADAM9	ADAM32	ADAM28	RUSC1	ADAM8	ADAM15	ADAM21	ADAM20	ADAM33	ADAM23	ADAM17	ADAM12	ADAM19	ADAM7	ADAM29	ADAM11	ADAMDEC1
39	1.0	ADIG	CSN3	HILPDA	FAM24A	WFDC10A	CXCL17	PRR30	DEFB112	DEFB113	KRTAP9-4	DEFB110	OOSP1	DEFB119	C11orf86	PSORS1C2	KNCN	ERICH4	C20orf141	KRTAP9-6	WFDC10B	IGIP	CCER1	BEX5	BEX1	KHDC1	ENHO	C6orf15	TMEM88B	INSL4	SMIM17	C22orf46	KRTAP9-3	DEFB125	DEFB129	OOSP2	HYPM	KRTAP9-8	COLCA2	KRTAP9-2	DEFB130	C19orf33	SAP25	GAPT	BEX2	DEFB126	FAM24B	SFT2D3	CEND1	DEFB118
40	1.0	PHTF2	GOLGA2	SPDYE2B	SPDYE3	UBALD2	SPDYE2	SPDYC	SPDYE4	UBALD1	SPDYE5	SPDYE1	SPDYE6	SPDYA
41	1.0	GLIPR1L1	CRISPLD1	CRISP3	R3HDML	GLIPR1L2	PI16	CRISP2
42	1.0	MAGEB4	MAGEB1	MAGEA1	MAGED2	MAGED4	MAGEA11	MAGED4B	MAGEA4	MAGEL2	MAGEB5	MAGEB18	MAGEB10	MAGEH1
43	1.0	DEFB108B	C15orf62	IFI27	C1orf111	C16orf71	ERVV-2	TUSC1	TNFSF4	RNASE13	ERVMER34-1	FAM170B	C12orf60	ERV3-1	COX14	C1orf100	ERVV-1	C2orf78	IQCJ	PRAP1	C19orf38
44	1.0	ATF7	SYTL3	CNTNAP2	NXF2	RABIF	NTN4	FNIP1	NTNG2	NXF2B	MED20	CNTNAP5	ASUN	KANSL2	NTNG1	TOB1	ARMC1	TMEM131	FRMD4B	NOXO1	SH3GLB1	ATF2	NXF3	FRMD5	AMPH	NTN1	FBXO48	FNIP2	NTN3	UHRF1BP1L	CNTNAP4	BLOC1S4	TOB2	MFGE8	PPP1R9A	EPB41	EPB41L2	EPB41L4A	FRMD4A	BTG1	ITGB1	BCAR3	NRP2
45	1.0	SPNS3	SLC39A7	SLC39A8	SLC39A5	SLC39A4	SLC39A14	SLC39A13	SLC39A6	SLC39A10
46	1.0	TTLL2	TTLL9	TTLL11	TTLL5	TTLL4	TTLL3	TTLL10	TULP4
47	1.0	FNDC9	HLA-DPB2	FXYD3	GMNC	C11orf24	FXYD2	LCN1	AHDC1	CD74	KIAA1671	LSP1	PROSER2	MUSTN1	FXYD6	C9orf91	MFAP2
48	1.0	NEB	L3MBTL4	ZNF821	GRHL3	MGAT4B	GRHL1	ELMO1	TFCP2	UBP1	L3MBTL3	AKAP10	CEBPE	GRHL2
49	1.0	MGARP	NRN1L	CTXN3	C4orf48	WIZ	CTXN2	MYCT1	CTXN1
50	1.0	RTN4	XKR6	SKIL	HEY1	HIST1H1A	NPC2	SKOR2	KAL1	ZMYM3	SKI	HEYL	NR2F1	CAPRIN2	HIST1H1B	GATAD1	ZSWIM5	XKR4	ELL2	MICALCL	ATP5J	VSIG8	TCF24	MBD3L1	ZSWIM8	ELL	AKIRIN2	NR0B1	ZSWIM6	TSPAN18	HIST1H1T	SKOR1
51	1.0	FGG	ANGPTL1	SGCG	MAPK8IP2	RFNG	FCN3	FGL2	MFAP4	FGL1	PLXDC2	TMCC2	ANGPTL6	FCN2	ANGPTL2	ANGPT1	KRT20	ANGPT4
52	1.0	EXD3	KCNQ5	KCNA4	SLC35C1	KCNV2	EDC4	KCNC3	UBXN6	KCNA10	TPH1	KCNA6	UBTFL1	KCNQ1	RHOBTB3	KCNA1	RAI1	MEX3A	KCNA3	KCNG3	NLRP4	KCNQ4	KCNQ2	GSTA4	METTL20	KCNA7	KCNG2	KCNQ3	FRA10AC1	KCNA5	KCNT2	SLC44A3	TPH2
53	1.0	TFR2	NAALADL2	NAALAD2	NAALADL1	CPQ
54	1.0	SEMA6D	SEMA4F	SEMA4B	SEMA6C	SEMA3C	SEMA3A	SOCS6	SEMA3D	SEMA6A	CSF3R	SEMA4D	SEMA3B	TPM4	PPL	SEMA3E	SEMA4A
55	1.0	GIMAP1-GIMAP5	GIMAP7	ADPRM	GIMAP2	GIMAP6	GIMAP1
56	1.0	SCGB1C2	PDPN	LCN9	GHRL	C11orf52	GOLGA6L9	SCGB1C1	TMEM156	GOLGA6L10	SCT	IGJ	MTL5	PTMS	SMCO3	LNP1	EMCN	DKKL1	LAT2	IL4	MAPK1IP1L
57	1.0	DCTN5	LMBRD1	HNRNPL	PEBP4	DYNC1LI2	PSME3
58	1.0	DRGX	VENTX	RHOXF2B	PITX1	HESX1	RHOXF2	GSC	RHOXF1	DUX4	ALX1	PITX2	DPRX	MIXL1	PITX3	CHCHD4	ESX1	GSC2	HOXD12	RAX	OTX1	OTP	POU6F1	PROP1	DMBX1	DUXA	LBX1
59	1.0	NT5DC4	NT5DC2	NT5DC1	OMA1	NT5DC3	LIN54	NT5C2
60	1.0	HNRNPUL1	ATCAY	HNRNPU	BNIP2	BNIPL	SUGP2	HNRNPUL2
61	1.0	BCL2L1	NGF	WHAMM	MTIF3	HAUS2	CCDC127	BLOC1S5	FAM171B	TMEM229A	DIABLO	GPBP1L1	FAM171A2	C7orf43	NTF3	BDNF	FAM133B	DEDD2	FAM171A1	SLAIN1	NTF4	SIRPD	HBQ1	FAM198B	GPBP1	IFITM1	VOPP1	TNFSF15	GEMIN4	CENPQ	TMEM229B	SLAIN2	FANCC	C9orf9	OR8J3	TMEM91	IFITM2	NXPE1
62	1.0	FAM102B	PHACTR1	PHACTR4	PHACTR2	PHACTR3
63	1.0	DESI1	HPD	PDSS2	ARMT1	CHAC1	HAO1	PCMTD2	NDUFAF6	BTF3L4	NUDT13	POLM	TANGO2	THNSL2	STOM	DDC	KMO	GADL1	CLASP1	GAD1	NDUFS7	CH25H	IBA57	OPLAH	FDFT1	TTPAL	NUDT7	PPT1	NDUFS3	PICALM	CSAD	SCP2D1	HSDL2	DAK	DOLK	USO1	ESD	LEO1	GRAMD3	TIMM44	SQLE	ALG9	TIMM10	LSS	REXO2	XYLB	COQ6	METTL7B	GGA2	SRBD1	BUB1B	AADAC	CAT	TPK1	SMOX	GAD2	PEX12	KDM5D	UBXN1	SCD5	MEMO1	SCD	NDUFS1	SLC22A14	ACAD10	MRPS16	MAD2L1	AASS	RNF185	NADSYN1	ATIC	DHCR7	HSD3B7	POLL	HDC	ATP5D	NDUFAF7	NDUFA9	SLC16A9	NDUFAF5	MPV17	ENTPD8	NDUFA12	TIMM8B	MAD2L2	NOP14	VPS28	TMEM87B	GOSR1
64	1.0	LTA	CKAP2	TMEM102	TNF	KCNMB4	CKAP2L	MACC1	TBXA2R	LYVE1	FAM134B	TRAF3IP2
65	1.0	BTG2	SDHC	C2orf76	CC2D1B	BTG4	P2RX2	SZT2	P2RX3	C9orf72	BTG3	SMCR8	CSTB	P2RX1	CSTA
66	1.0	EPX	PTGS1	MPO	PTGS2
67	1.0	POU4F2	POU3F3	POU3F1	POU4F1	POU4F3	POU3F2
68	1.0	DEFB107A	C20orf144	TEX38	TEX19	SECTM1	C17orf100	PATE2	BIK	DEFB116	SPATA33	C1orf162	C1orf185	C10orf99	DEFB131	DEFB106A	EDDM3A	DEFB106B	MS4A13	GML	KRTAP7-1	C12orf71	WFDC9	EDDM3B	C17orf107	SMIM6	TEX22	PRR9	DEFB107B	LELP1	SPACA7	C5orf47	C16orf86	CCER2
69	1.0	BLOC1S2	TAF4	NANOG	WAPAL	XYLT2	BZW1	GCNT1	MED22	XYLT1	GCNT2	PATL1	BNIP1	GCNT3	TAF4B	A4GALT	SAP30	GCNT7	GCNT4
70	1.0	PTPN5	PTPN3	PTPRK	PTPRF	PTPRS	PTPRO	PTPN4	PTPRQ	PTPN2	PTPRC	PTPN11	PTPRN	PTPRT	PTPN13	PTPN18	PTPRE	AGPAT5	PTPN1	PTPN21	PTPRM	NFXL1	PTPN22	PTPRA	PTPN7	PTPRD	PTPN20	PTPN14	PTPRN2	GAR1	PTPRU	PTPRB	PTPRR
71	1.0	FAM64A	AMELX	C20orf173	C2orf82	C18orf42	C9orf129	TMEM140	AMELY	FANCD2OS	EVI2A	C6orf132	C9orf152	EVI2B	UTS2	TMEM171	CCDC107	SELPLG	SPATA45	CD177	NAT14	IL9	C2orf72	TMEM213	COX8C	C4orf46	TMEM40	KIAA0040	KRTAP13-4	KNSTRN	PLAC9	DYNAP	TAC4
72	1.0	KLHL24	KLHL2	LRRC61	COPE	RHBDL2	KLHL32	RHBDL3	SPOPL	KLHL18	KBTBD4	BTBD1	KLHL33	KCNH4	BTBD2	BTBD8	KBTBD7	BTBD9	GAN	BTBD3	KLHL31	KBTBD6	KLHL40	KLHL5	KLHL42	KBTBD2	BTBD6	KBTBD12	KCNH3	KLHL6	KLHL35	KBTBD8	TUT1	KCNH2	KBTBD13	KCNH8	KCNH5	KLHL11	NAA40	KCNH6	SPOP	KLHL17	FER1L5	KLHL23	KLHL38	KCNH7	KLHL26	KLHL36	KLHL3	TBCC
73	1.0	PHLDB1	LHX2	LMAN2L	CRIP1	LAMA4	HIP1	HCLS1	CNKSR1	PIEZO1	EHBP1L1	TES	CNN1	CAPZA3	RASGRP1	SAV1	LMAN1	GARNL3	EPS8L3	ZFYVE19	RASGRP3	PDLIM3	LMAN1L	DOCK2	EXOC6	SYNE1	AGA	RGS17	EPB41L5	NCF1	DOCK4	CYFIP2	DOCK7	PLEKHG2	CNKSR2	SPTA1	SLC12A7	RASA1	EHBP1	ISL2	MICAL3	PRICKLE3	SLC12A6	NAV2	CNN3	RAP1GAP	MICAL2	SMTN	SMTNL2	PSEN2	LRRN3	CRIP3	PLEKHG7	AKAP13	PIEZO2	TASP1	SLC12A4	TRIM71	ZNF639	SYNE2	RASA2	NAV3	PSTPIP1	RALGAPB	SLC45A4	LHX9	MICAL1	SYT8	RAD1	NOXA1	GRM1	RASAL3	DIXDC1	CSRP3	MICALL1	RASGRP4	RAP1GAP2	MICALL2	XIRP2	CNN2	TWF2	SPECC1L	KNDC1	CDC25B	WWTR1	PRICKLE4	SLC12A5	CDC25C	SLC45A1	SMTNL1
74	1.0	BASP1	KRTAP13-3	KRTAP13-1	KRTAP2-3	PATE1	SPEM1	KRTAP13-2	LSMEM2	WFDC6	C1orf64	AHSP	CYS1	C2orf16	TM4SF19	KRTAP3-1	TNFRSF17	KRTAP10-9	SCGB3A2	C6orf47	LY6K	KRTAP3-2	KRTAP3-3	CD160	KRTAP2-4	TMEM191B	KRTAP4-2	C16orf90	LYNX1	C6orf201	APOBR	SPESP1	KRTAP24-1	DEFA5	C16orf92	KRTAP25-1	KRTAP8-1	C1orf141	KRTAP15-1	GFY	C19orf71
75	1.0	FAH	HGD	MARC2	ELMO2	NIPSNAP3B	GSTT2	SUGCT	WSCD2	NIPSNAP1	WSCD1	NUDT18	MAOA	NBR1	ACMSD	AS3MT	GPHN	BTD	SLC17A4	PXDNL	OXCT2	NIPSNAP3A	MOCS2	FBXO3	MARC1	NOX4	ASAH2	MANBA	AOX1	MIOX	TPP1	KLC3	MTA2	METTL12	CLPP	OXCT1	ASAH2B	PNPT1	DHRS4L2	MOCS1	SLC50A1	CLYBL	SERHL2
76	1.0	C20orf196	KRTAP27-1	CCDC54	IL36B	KRBA1	AMTN	MRAP	C16orf54
77	1.0	FANCG	NMB	TMSB15B	FCER1G	LILRA1	KIAA1462	IFNK	MAP9	GRP	MGP	SLX4IP	AKAP7	IL6	ALB	C11orf87	TNFSF10	PRR15	FXYD1	IFNG	SGOL2	NPPB	BAALC	LILRB3	TAS2R39	RAD51AP1	DEXI	CCDC71L	KDF1	CAST	PLN	ICAM2	BEND2	IGSF6	CSF1	IFNA8	TMEM37	GOLM1	CCL15	IFNAR2	CENPW	PRR29	STMND1	C1orf168	TOMM5	CEP68	CYYR1	SFTPC	CRH	RAET1E	SRGN	C1orf210	GKN2	NPPA	THEMIS2	TEX15	TMSB15A	C11orf96	TRIQK	SNAPC5	KIR2DL1	TMEM87A	RIPPLY3	POMC	MPZL1	C1orf174	CCL1	SNX20	CCDC71	APOF
78	1.0	TNFAIP8L3	LRP11	TNFAIP8	FAM114A2	CDC42SE2	CDC42SE1	UBN1	FAM114A1	TNFAIP8L2	TMEM170A	WBP11	ZCCHC2	R3HDM4
79	1.0	NUB1	FAM57A	ZCCHC14	CP	DNMT3L	SRXN1	ST3GAL3	ST3GAL6	YY1AP1	ST6GALNAC5	GDAP1	FTCD	TREX2	ST3GAL1	MED12L	ST6GALNAC6	ST3GAL4	ST3GAL2	CENPI	ZNF385B	MED25	HAUS3	TEX11	TMEM214	ST6GALNAC2	FBXO7	FAM57B	ST8SIA1	GLMN	THAP4	ST8SIA6	SPHKAP	ST6GAL2	TMEM45A	ST8SIA2	ST6GALNAC4	ST6GALNAC1	MGAT3	ST6GALNAC3	ST6GAL1	ST8SIA3	TMEM8B	ST3GAL5	BRWD1	ORC6	GLT8D1	AQP12A	SAAL1	SNRNP48	FOCAD	C11orf31	MRPL34	ST8SIA4	PDCD7	ST8SIA5	GLT8D2
80	1.0	GLB1L3	PAPPA2	COPS8	SLC3A2	TMEM50B	PM20D2	GLA	GLB1L2	NAGA	GLB1L	GLB1	MEST
81	1.0	NOMO2	CCDC90B	MMP19	CLEC17A	SLCO4C1	RNF152	PAM	MMP7	PURB	MMP1	MMP20	MBD2	MMP11	PURG	TNRC18	MBD3	MMP17	NDRG1	MMP24	NDRG4	MMP27	NDRG3	NUP133	MMP10	MMP21	NOMO1	MMP25	MYC	MMP26	MMP12	MLF1	MMP16	NOMO3	MMP23B	MMP3	HMSD	SLC16A14	ARNT	GRIN1	B3GNT6	MMP8	SIAH3	SYTL2	H1FOO	NIPAL1	EBF2	RTN3	TCEB2	TTC38	SBNO2	HNRNPK	MRPL45	RNF182	MMP13	ITGB5	SBNO1	CLASRP	PURA
82	1.0	ADGRL4	EDIL3	ATF6	SLC43A3	LTBP1	CTNNA3	PLEKHM3	SLC43A1	RCOR1	SUSD1	MIER3	GAS6	MAGEB17	ADGRB2	FLOT1	PHF6	VCAN	RCN2	FBLN7	EYS	DLL1	PSMD5	LTBP4	APH1A	SYAP1	BZRAP1	CRB1	HSPBP1	ACBD3	LTBP3	FBLN1	LRRC24	LRP2	HEG1	ZMYND11	FBLN2	JAG1	SMG8	UMOD	FBN3	CLOCK	ANP32D	SLMO1	CD93	FAM135B	LTBP2	SNED1	EFEMP1	SLC43A2	PROS1	MATN2	NPNT	B3GNTL1	CD248	ENAH	HMCN2	PRELID1	FBLN5	EGFL6	EGFL7	HMCN1	ELMSAN1	ADGRE2	THBD	NKRF	MEGF6	SLMO2	MAGEE1	DLL4
83	1.0	SNX14	PPT2
84	1.0	CBX5	CBX8	CBX1	CBX4	CBX3	CBX2
85	1.0	PNPLA8	DAGLA	CAPN5	CAPN10	MACROD1	CAPN13	CAPN15	CAPN6
86	1.0	SUMF2	PRSS54	LPO	RBM12B	EYA1	P4HA3	THUMPD3	MKL1	KCNK12	AMZ1	GSTM3	LIN28A	CA6	EYA3	MCFD2	CTNND1	GSTP1	AMZ2	RGS14	CA7	P4HA1	PAH	CA12	DCAF12L1	CA2	MYRFL	RWDD3	AKAP1	GATSL2	RGS4	PLCXD2	MOXD1	PTCHD2	LRP1B	NOTCH2	LIN28B	ASPH	RGS9	MRPS10	FBXO21	CRB2	DLK2	EYA4	RAPSN	GPSM2	VIT	KCTD5	UGT2B10	NLRP3	UGT2B28	DTNA	PGAM5	GSTA5	RAB11FIP1	DEAF1	SLC29A2	TOR3A	CFB	MINA	KCNK1	LRTOMT	PLCXD3	PLEKHB2	CA10	CPEB4	MEGF10	NSRP1	GCC2	PDDC1	MTR	CPXM1	NFKBIL1	PLOD3	JAG2	FBXL12	CELSR2	KCNK15	C14orf169	CA5A	EYA2	C16orf13	P4HA2	ALPK1	GPAT2	RETSAT	RLTPR	MGAT4A	CA11	TECPR1	SLC30A9	EGF	USP54	TMEM2	KCTD3
87	1.0	SYT4	RACGAP1	EDEM1	PTBP2	LMAN2	EDEM2	CAPZA1	TOM1	STX19	DENND2A	DIDO1	GINS4	TESC	GGA3	PIDD1	MACF1	PAQR4	ARPC5	DENND5B	SLC7A2	CAPZA2	DENND1A	ARPC5L	DOCK3	SYT17	IVNS1ABP	TLN2	ARPC4	DOCK9	DENND5A	HBP1	SSU72	DDOST	LCLAT1	PSEN1	TAF9B	ASPM	SPTBN1	DSCR3	ARG2	DENND1B	FER1L6	CERKL	PYGM	MAN1C1	NELFE	KLHL30	CPNE8	SLC7A11	NMNAT2	CLMN	TLN1	WASL	NMNAT1	DENND1C	MAN1A1	ARPC2	ATG5	PTBP1	ADAD1	DOCK11	MADD	MAN1A2	ARHGAP42	EXOC6B	SPTBN2	ARHGEF39	MTAP	RANBP3	DOCK6	RPRD1B	CLUH	MAN1B1	DROSHA
88	1.0	HBG2	IRF2BP2	RTKN2	TERF2IP	SLC16A4	HBB	TMEM246	IRG1	PEX11B	TOMM7	L3HYPDH	ARPP19	ROMO1	PEX11A	HBE1	SPTSSB	MRPS23	PMF1	URB2	CHCHD5	SCEL	RNF212B	HBG1	NXF5	INSIG2	HIRIP3	NUGGC	TMEM42	WIPF2	PMF1-BGLAP	HBD	WDR73	OSGIN2	SUPT7L
89	1.0	KRT26	PVRL2	LRPAP1	TNNI2	COL18A1	EFNB3	STAU1	TSC22D3	EFNA5	SDC1	ERBB3	SGCE	TNNI3	LIMS3L	OLFML3	LDLRAD2	TMCC1	NDUFB5	FAM43B	LGALS9C	TNNI1	EFNA4	OLFML2A	DCST1	SH3BGR	PROX1	GNGT1	TSC22D1	CSRNP3	ANGPTL5	LIMS3	KRT28	BTNL2	ADAM18	SIGLEC15	ANGPTL4	VWC2	EFNA2	OTOP2	LGALS1	OLFML2B	FEZ1	OR2H1	EFNB2	FGA	LGALS12	GPM6B	NRG1	OLFML1	OR10AD1	FCGR1A	MRPS21	COL15A1	TSC22D2	ATG13	DUOXA2	LGALS2	EFNB1	CSRNP2	PLA2G1B	SIRPA	TMEM9B	LGALSL	C1orf95	TMCC3	EFNA1	DUOXA1	LGALS4	ONECUT3	CDK5R2	KRT25	GPR88	PIGR	FEZ2	KIAA1143	OLFM3	TSC22D4	PROX2	TNNT2	DCST2	OLFM2	GPR148	TAX1BP3	CDK5R1
90	1.0	ACRBP	LEP	LYPD3	CCDC160	LYPD5	CEACAM3	CCDC185	KISS1	AMBN	CYHR1	SERTAD1	FAM228A	CDCA5	SMCO1
91	1.0	SCN4B	NBPF12	NBPF9	PRRT3	REP15	CD58	TCTA	NBPF3	ADM2	FAM197Y7	ZCCHC16	C19orf67	GAL	HMGN3	SMIM1	PNMA3	PNMA6A	TMEM240	HMGA2	C4orf32	TMEM202	NPB	COX8A	NPW	SMIM10	C17orf67	GPR162	C19orf66	FAM86C1	SPACA4	NBPF6	MAP6D1	C12orf40	MFAP5	GOLGA8O	SLN	SYCE3	NBPF15	C2orf80	ZCCHC12	MARCKS	GPBAR1	KIAA1644	XIRP1	TCOF1	CAMK2N1	SYCE1L	NBPF10	EPO	NDUFB6	BCL2L12	PNMA2	NBPF14	GOLGA8B	NBPF11	NDUFA3	ECM1	C10orf54	GNRH2	C12orf75	PRLH	SNAPC2	MOAP1	TEX12	CLDND2	NPFF	ADM	TMEM221	SLC51B	NBPF4	RAD54B	OMP	SYCN	CAMK2N2	TMEM218	CIART
92	1.0	COMMD3	FAM21A	C16orf62	FAM21C	KIAA1033	FBXO10	CCDC22	LRRC16B	SWAP70	KIAA0196	TRIM42	COMMD4
93	1.0	TOE1	CA5B	PARN	CA8	NOA1	PNLDC1	CA3	PREPL	CA1	CA9	CA4	CA14	CA13
94	1.0	MRPS15	TDRKH	KCNK16	P3H1	ADD1	SLC9C2	ABHD14A	SNX22	NXNL2	SAXO1	ARSK	ASPHD1	ADD2	SULF2	IDS	GFOD2	ARSE	CREG1	ALKBH5	SULF1	ERI1	P3H2	ASPHD2	TDRD5	KCNK10	TPMT	KCNK13	KCNK3	KCNK2	DYTN	KCNK4	KCNK17	EPHX3	IQCF2	VIPAS39	KCNK6	CREG2	KCNK5	ALKBH2	TERF2	KCNK9	NXN	P3H3
95	1.0	IL1RN	CCL17	IFNA10	CLCF1	PAG1	IFNA5	ZNF197	KIR3DL1	KLRG2	IL10	IFNA17	GPR62	GPHB5	IL1B	EPOR	IFNA4	NKX2-5	IFNA7	IL36RN	TIFAB	PYCARD	IFNA21	IL36G	KIAA2022	IFNE	IFNA16	IL20	FGFBP3	IFNLR1	IFNA1	GTF2I	RHBDD2	IL2RB	IL9R	IFNA13	CARTPT
96	1.0	PDE3A	PDE6A	PDE3B	PDE4C	PDE9A	PDE1B	PDE4A	PDE1C	PDE4D	CNGA2	PDE2A	PDE5A	PDE4B	PDE7A	PDE6C	DNAH11	DNAH10	PDE10A	PDE8A	JPH1	PDE11A	PDE8B	PDE7B	PDE6B	PDE1A
97	1.0	KIAA1045	SYNC	FAM132B	FAM132A	OR56A4	OR13C3	OR56A5	MS4A15	OR8B12	RD3L	OR56A1	CARD18	SPATA7	PRAMEF18	MS4A5	OR52W1	MS4A1	FANCB
98	1.0	CPNE7	SCIN	CAPG	VIL1	SVIL	CPNE6	HSPA12A	LRFN1	ADAL	HAL	AVIL	RANBP17	EFCAB9	OPTC	SCUBE3	VILL	ZMYND10	ADGRA2	CPNE3	THUMPD2	SCUBE1	FLRT2	GSN
99	1.0	GNG5	GNG12	C4B	GP9	NTRK2	UPK1A	CD109	CHIC1	NFIL3	CNEP1R1	PZP	NYX	CNPY3	A2ML1	DBP	A2M	CHIC2
100	1.0	KRTAP10-6	TMEM176B	IL18BP	BCL2L14	IL23A	SPATA32	KRTAP10-2	MCEMP1	C1orf186	KRTAP10-10	KRTAP10-11	IL13	TEX101	KRTAP2-1	GOLGA8G	MS4A6E	SPATA31D1	TMEM176A	PPP1R3F	SCGB1A1	TMEM217	DDN	TEX29	ZBP1	IL11	LYPD4	KRTAP10-7	PATE3	KRTAP10-3	KRTAP2-2	FAM205A	KRTDAP	KRTAP10-5	ENAM
101	1.0	C16orf46	RAI2	TMEM179B	BSN	FAM196B	BSND	VGF	CCDC17	C1orf116	GPR160	C14orf39	CDK11A	THPO	FIBIN	CCDC117	FAM196A	AJAP1	TMEM119	FAM159B	MLLT11	MXRA7	PARM1	CECR6	PLVAP	RFXAP	FYTTD1	MIEF2	CRLF2	NOL7	C3orf80	MUC12	KRTCAP3	TMEM54	C1orf216	TMEM158	ERMN	REC114	TMEM238	MLANA	C1orf127	C2orf88	MPLKIP	PRIMA1
102	1.0	INSIG1	GLMP	P2RX4	P2RX6	CD38	P2RX5
103	1.0	MUL1	MORN5	MYLIP	ALS2CL	RSPH1	RSPH10B2	RNF34	NEURL1	TRPV6	ELMOD2	MORN1	MORN4	MORN3	NEURL1B	RSPH10B
104	1.0	OAZ1	OR4X1	OR2L3	OR56B4	MEN1	OR5D16	SDC2	GPRC5B	PASD1	OR4X2	OR10S1	OR5D13	CACFD1	OR10R2	GPR82	OR11H1	OR52B4	OR6F1	RTKN	OTOP3	PLXNA4	OAZ2	RASSF4	OR52M1	CBFB	OR8B8	TMSB4Y	OR4N2	PLA2G2A	C19orf52	OR52R1	PLA2G10	OR51S1	OR1Q1	OR5T2	AMN	OAZ3	OR7G3	OR52E2	LDLRAD1	SATB2	CCDC28B	OR10J5	BAG4	OR5B17	ARL14EPL	OR13F1	ADTRP	OR5B3	OR52I2	GPR146	FABP1	OR8G5	SDC4	CD274	OR5B21	OR8D2	EVPL	MED30	GPR171	OR2AG2	OR4F13P	SATB1	OR8B4	GPR31	OR52A1	OR1J4	CCDC28A	OR2Y1	OR6Q1	OR2T11	OR11H12	OR8G1	OR8D4	ROM1	HPX	OR2T1	OR5H2	HES7	OR51A2	OR2L13	DAXX	OR9K2	BHLHA9
105	1.0	HSPB3	UBAP2L	CMTM4	TPD52	SCAF1	KRT13	TMEM55B	TMEM55A	SPARCL1	NRXN3	NRG2	HSPB6	STAU2	TPD52L3	KRT16	HTR3B	AMH	HTR3D	TPD52L1	BTN1A1	KRT15	UBAP2
106	1.0	MYH6	CBLC	CBL	MYH8	MYH7	MYH3	MYH1	MYH2
107	1.0	MAFA	PRG4	SPRED1	CHST8	CHST13	SFTPA1	GREB1	GLYCTK	FRS3	ATP1B3	FRS2	TNFAIP2	CHST10	CHPF	GAL3ST3	DOK2	ATP1B2	EXOC3L2	FAM43A	MUC5AC	ATP5J2	TTYH3	ARHGEF40	CFHR3	COL11A2	INA	CLEC1A	RASSF6	MRPS35	MUC5B	DOK1	SFTPA2	COL1A1	MRPS22	TTYH2	MUC6	TEKT2	OTOG
108	1.0	TMEM239	FAM220A	C10orf128	MUC21	SPRR4	SPATA25	LYPD8	TMCO2	C4orf26	FAM156B	FSCB	PCP4L1	DEFB128	PLET1	C9orf131	KRTAP4-1	TMEM253	WFDC13	C3orf62	TSACC	DLEU7	PRR32	C17orf74	C19orf81	ISM2	HCST	MACROD2	GYPA	SCIMP	C4orf19	CDH26	ZNF586	KPRP	MS4A3	UCN2	LY6G6D	TNP1	CLPSL2	NREP	TRNP1	C11orf94	HJURP	C11orf91
109	1.0	UNKL	PHAX	PKHD1L1	CISD2	DISP1	SLC17A1	DAO	GALNT5	APC	SLC13A4	GALNT1	MIER1	ATP5G2	GALNT3	SLC17A9	LMF2	ZCWPW1	DPY19L3	CBFA2T3	TOR2A	DCBLD2	ISPD	GALNTL5	RCN1	TRPV3	C1QBP	POFUT2	PTCHD1	RIMKLA	PLOD2	SLC17A2	NECAB2	WTAP	LHPP	PTCHD4	MBNL2	DPY19L1	RBBP8	PPARGC1B	MORC2	GALNT10	POSTN	CBLL1	CISD1	WAC	ZC3H12B	DIP2A	FAM136A	ZC3H10	MBNL3	NUFIP1	GALNTL6	SLC22A23	COCH	CRISP1	VPS72	NABP2	ZGPAT	CDNF	ATP5G3	NABP1	SAT1	SUZ12	PPRC1	SLC17A3	DPY19L2	VWA3B	CHSY3	SLC39A2	TRABD	SLC35G2	ATP5G1	ANTXR2	ZNF280C	GALNT6	MRPS18C
110	1.0	KL	SERF2	C17orf97	CUTC	LCTL	EXOSC6	CENPV	C1orf53	FTMT	ACOT11	GUSB	GATSL3	GBA3	ACOT7	KY	FTHL17	GBA	SCFD2	LCT	KLB	SLFNL1	FOXRED2
111	1.0	PKP3	PKP4	ZUFSP	CTNND2	ARVCF	ALKBH1	CTNNB1	JUP
112	1.0	GRIPAP1	TMEM150A	OSTM1	STARD3	INO80E	FOLR3	SYPL1	FOLR1	GNG8	CADPS	C1orf50	IZUMO1R	FOLR2	SYP	SYPL2	FAM177B	STARD3NL	SYNPR
113	1.0	C11orf74	ITGB3BP	C1orf159	C20orf195	APOLD1	C18orf21	SCRG1	PIP	MAMLD1	S100A7	TRAT1	TAS2R16	NFAM1	C14orf79	C8orf22	UTS2B	PINLYP
114	1.0	SLC16A13	PLB1	SLC16A2	SLC16A6	IQCD	DCDC2B	NDUFB8	SLC16A5	TACR2	SLC16A10	SLC16A3	BIN2	CCDC87
115	1.0	VN1R4	APOM	TUSC5	TSPAN32	C19orf26	CMTM5	KIZ	SYNE4	C11orf53	SCAND1	KRCC1	CD33	TMEM71	CD3EAP	TINF2	GLYAT	RLN2	ZNF174	PROCA1	IZUMO1	ZSCAN2	CXorf21	C14orf28	C11orf95	OTOS	CEACAM4	SWSAP1	APOL5	C11orf84	UPK2	TCAP	EMD	UCMA	RHBDD3	VN1R2	RGCC	SERTM1	MN1	TBATA
116	1.0	BRMS1L	DCDC2C	FAM160A2	ATP6AP2	GPLD1	FRMD8	RP1L1	FERMT3	VCL	FRMD3	FERMT2	DCDC2	BAIAP2	PARVA	CTNNA1	POU2F2	FERMT1	NKD1	KCP	PARVB	FAM160A1
117	1.0	MRPL48	RSBN1	MXD3	SLC2A4RG	ZNF704	ZNF395	RSBN1L	HAND1	SPRYD7	MXD1	KANSL1
118	1.0	RNF40	ZNF324	SMARCC1	SPTB	TRIM3	SLC9A4	UTY	SMARCD1	RNF41	SETD1A	SLC9A3	ZBTB17	OSBP2	SMYD1	BCL11A	GTF3C3	HNRNPCL3	SLC35B3	TRIM38	SPTBN4	NFYB	ZBTB7A	HNRNPCL1	OSBPL2	PODN	KHDRBS3	ZNF768	SLC9A5	AGAP3	ANKRD26	KHDRBS2	YIPF6	SENP3	SLC9A8	OSBPL8	POMT1	MEF2C	ZBTB8A	DHRS4	OSBPL6	ELAC1	OSBPL7	RASL10A	CIB4	MEF2A	ZBTB44	SNAPC4	NFYC	ZBTB8B	RNGTT	OSBPL9	SLC9A2	OSBP	ZBTB33	ARHGAP1	ZBTB41	OSBPL1A	ZC3H6	RFWD3	SLC9A9	GZF1	POP4	MEF2B	RNF20	OSBPL11	MEF2D	MYNN	ARHGAP8	ZBTB5	PRR5-ARHGAP8	YIF1B	OSBPL10	SH3RF2	SMARCC2	OSBPL5	OSBPL3	HAT1	LRG1	ZBTB14	SDF2	LRRC8B	LINGO1	MLLT3	SOS2	SLC9A1	SMYD5	MEF2BNB-MEF2B	ZBTB40	POMT2	SRF	MLLT1	TRIM5
119	1.0	MID1	RPL36A	REEP2	AIF1	DSTN	MYO1F	RPL22L1	SEC61G	DGKD	CFL1	AIF1L	REEP1	RPL37A	RPL30	SOX3	REEP6	DNAL4	RPS10-NUDT3	CALB1	TRPV5	REEP4	RPL22	RPL34	RPL39	TRIM8	RPL27	YIPF1	RPL39L	RPL36AL	REEP5	DGKH	RPS10	DYNLL2	DYNLL1	RPL32	RNF175	RPL6	REEP3	POLR2L	SUMO2	EFCAB3	CDA	RPS28	PTAR1	TRIM56	RPL37	RPL35	RPS19	SUMO4	RPS21
120	1.0	GBP5	FUT3	GRM3	FUT9	NT5C3B	CSRP2BP	CREB3L3	GBP3	MAN2A1	SEC23IP	NT5C3A	BTBD19	FUT5	ATL3	POMGNT1	GBP6	TAS1R2	FUT6	FUT4	NAGPA	FUT7	FUT11	ENOPH1	MAN2B1	MAN2B2	SPSB4	TRIM64C	GBP2	MAN2A2	RNF25	GPKOW	MICU3	AADACL2	FUT10	GBP1	MGAT1	GBP7	GBP4
121	1.0	RIMS1	GALT	FAM214A	NUPL1	B3GAT1	MRPL18	TMEM14C	B3GNT9	SREBF1	AFMID	APPL2	BPIFC	PLTP	BPI	TFE3	B3GALT1	USF2	MYCL	SREBF2	B3GAT2	PNPLA1	SSX2IP	TFEB	B3GALNT2	B3GNT8	RCAN2	NDUFAF2	NPR3	MCUR1	USF1	MAX	B3GALT2	NKD2	SAMD4B	TMEM68	TSPAN13	CNIH2	TFCP2L1	RBPJ	SF3B1	RADIL	CXorf56	LYSMD3	LDB1	KIAA0930	PLA2R1	SPG20	GRN	FAM214B	MITF	NDRG2	B3GAT3	RBPJL
122	1.0	NLRP2	RBCK1	KCNMA1	NLRC5	PPP1R37	KCNG1	FKBPL	KCND3	DAGLB	MFSD1	TRAF4	LRFN4	SLC44A2	TTC16	HOOK3	PCBD1	DCN	SLC44A4	RFFL	KCNU1	TNXB	KCND2	TNC	CHAD	LRRC16A	TNR	NLRP14	NLRP8	NOD1	TENM1	JMJD8	SCAF11	KCNB2	GCN1L1	NLRP11	SVEP1	KCNB1	SLC44A1	TENM4	LRRC34	RSAD1	KCNS2	DTX3L	WIF1	TENM2	RYR1	SLC44A5	TENM3	CLASP2	RYR3	NLRP5
123	1.0	UGT1A7	UGT1A10	UGT1A3	CENPB	UGT2B4	UGT2A3	UGT1A9	UGT2A2	UGT1A1	UGT1A4	UGT2B15	UGT2B17	UGT1A5	UGT2A1	UGT1A8	UGT1A6
124	1.0	ENPP7	ENPP3	ENPP1	ENPP6	HMX1	FAM126B	ARNTL	MLX	NKX3-2	NPAS2	NCKAP1L	WASF1	HOXB6	NKX2-3	WASF2	ENPP5	WASF3	ENPP4
125	1.0	ATP5E	MORC3	HMOX1	KIAA1919	ACYP1	TSTD2	MORC1	HAS1	RNF220	FASTKD3	FUK	FN3KRP	TGFBI	MIEN1	TMEM241	NEIL2	GIMAP8	MRPL16	IQCF1	ACRV1	AOAH	CPEB1	CDCA7	TMEM205	RNF208	DEK	GUCD1	RGN	FN3K	TCF7L1	HDDC3	C17orf53	THYN1	RAPH1	FBXO31	S100G	OBFC1	MFSD4	LYRM1	GIMAP4	ACYP2	TYMP	MBD4	MORC4	OSGIN1	NOTUM	FXR1	NTPCR	TRIAP1	FPGT	TMEM216	HEBP2	RAD51C	CDCA7L	HAS2	PEBP1
126	1.0	HNRNPH3	HNRNPF	GRSF1	ESRP1	HNRNPH1	HNRNPH2
127	1.0	SHPK	SCARF1	LAMA1	LAMC3	SCARF2	LRIT3	TRPV1	TMEM41A	MEGF9	CRELD1	SNX24	LRRIQ1	FRAS1	SYTL5	DERA	LAMA5	SLC9C1	RNF17
128	1.0	EXTL3	NUDT3	EXT1	CCDC6	EXT2	GYLTL1B	LGI2	EXTL1	LARGE
129	1.0	OTOP1	HAVCR2	NCR3LG1	DDIT4	IL18R1	IGFBP4	CENPT	BTNL8	GREB1L	COX7A1	PGF	DSEL	CDCA8	SIGLEC9	MFF	VEGFA	AKAP6	ITFG3	COX16	KATNBL1	NUMA1	FIGF	OR10T2	C3orf38	VEGFB	FAM195B	NANS	OR5I1	EPPK1	HABP4	BAK1	CBLN1	OR1J2	TMEM211	DDIT4L	CEP152	NRBF2	FOSL2	MT-ND6	TMEM25	FUT2	FAM195A	IL1RAP	C9orf116	USHBP1	CCDC85B	EBI3	LAMP1	CHTOP	SLC7A6OS
130	1.0	RHD	RERE	PCNX	SLC7A4	CNOT10	GFOD1	PCNXL3	TMEM181	TK2	GLS	BCAP29	VWA5A	PCNXL4	SPG21	TLR2	TM2D1	NLGN4Y	PPAPDC2	DNASE2	COMMD9	RHCE	ADGRV1	DGUOK	LAMTOR3	RHCG	MAP1A	LMOD2	COMMD7	FUCA2	MMD	BBX	CES3	STARD6	AIFM1	MMD2	FRMPD2	ERMARD	PCNXL2	TMOD2	TMOD1	DNASE2B	MFSD2A	CLEC4M	ITPKB	PRMT7	DCK	ALPK3
131	1.0	DPYS	DPYSL4	DPYSL5	DPYSL2	FAM91A1	DPYSL3	CRMP1
132	1.0	FABP5	KIAA1755	FABP7	PMP2	FABP2	RBP7	NFIC	FBXO32	KIAA2013	FBXO25	NFIX	RBP5	CLSPN	CRABP2	NFIA	RBP1	FABP12	FABP4	NFIB	CRABP1	FABP3	RBP2	FABP9
133	1.0	TNFRSF21	TSTD1	PIWIL2	PIWIL4	GLIPR1	PIWIL3	TOR1A	PIWIL1	PI15	AGO1	VNN2	TRIM45	AGO3	PTCD3	GHITM	AGO4	RNF216	NMRK2	COQ10A	AGO2
134	1.0	LIMA1	ELFN2	COG6	LIMD2	ASRGL1	BHMT	ALPI	ATL2	ENPP2	LRRN4	CHMP4A	PHLDB3	GRM5	HIAT1	ATL1	TAS1R1	RMI1	PARG	RCN3	GABBR2	TAS1R3	CYFIP1	CREB3L4	SLC15A3	GPRC6A	SAT2	GRM2	TXNDC16	CASR	ZFYVE27	SNAPC3	SLC15A4	LINGO3	CREB3L1	LPGAT1	PXDN
135	1.0	CPB2	CPA4	CPO	CPA1	PI4K2A	CPA5	CPD	CPA6	CPA2	PTGES3	CPA3	MRPL21	SNX10
136	1.0	HSPG2	RGS1	CCZ1B	RGS20	KERA	GP1BA	ITPKC	NF2	FAM109A	SPECC1	LRRC17	NCSTN	RHBG	CHID1	RGS19	RGS16	CCZ1	FAM120B	SYTL4	LMOD3	RGS21	LINGO2	CCDC93	PHLDB2	TAGLN3	LRFN3	TMOD3	PLEKHH1	DOCK8	DOCK10	LAMC1	ISLR2	GNPTAB	UNC13D	RXFP2	RGS13	LAMB4	MSN	PLEKHA6	LMO7	WASH1	EXOC7	ITPKA	RDX
137	1.0	SEPT9	SLC26A8	EXOG	CHI3L1	SLC26A1	SLC26A2	HK2	HK3	GCK	SDHAF2	SLC26A5	HK1	SLC26A3	SLC26A4	HKDC1	PCBP4	SLC26A9
138	1.0	DCUN1D2	TMBIM4	SORL1	PCBP3	ELOVL6	SECISBP2L	ELOVL2	TSPY2	SNX16	GPATCH2	DCUN1D5	TIMELESS	TSPY1	SORCS3	TIMM13	NOVA1	LETM2	ELOVL4	TSPY8	TACO1	ORC5	ELOVL1	ELOVL5	DGCR14	TSPY4	SORCS1	FAM50B	EPC1	GSTM5	CDC123	GATB	TSPY3	COQ4	ELOVL7	NOVA2	PPIP5K1	SORCS2	ELOVL3	DCUN1D3	LETM1	ALG3	FAM50A	TST
139	1.0	PLEK	CCDC47	NLGN2	GIGYF1	PLEK2	ERI2	PLEKHA2	TG	CES5A	COA7	KIAA0907	GAB1	NLGN3	BCHE	CES4A	ACHE	WDR60	COG5	DEF6	PLEKHA1	FAF1	NLGN4X	ERI3	SNX29	SLC35A1	SYF2	CES1	SLC35E2B	NLGN1	GAB4	PLEKHH2	WDR11	DAPP1	CEL	SLC35A3
140	1.0	SS18	MYOCD	MED12	UBL3	TMEM38A	SMG9	TXLNB	HEPH	USE1	DONSON	NCDN	KDM3B	KDM3A	SMNDC1	SCOC	TYR	LAMTOR5	TXLNA	ZNF608	MAU2	SDHAF1	TYRP1	ZNF609	HEPHL1	KIAA0430	SUPT20H
141	1.0	SAA2	CLRN1	C14orf80	RGS7BP	FAM134A	IRF6	PRRT1	C17orf62	ALOX5AP	C2orf44	CCDC125	GPS2	OR8J1	RD3	SAA4	SPICE1	FAM204A	CCDC66	GTSE1	NSMF	SYCE2	IMPG1	SAA1	FAM89A	SAA2-SAA4	JMY	MEI1	PTN
142	1.0	POC5	TMEM231	TSNAXIP1	RPGRIP1	PHOSPHO2	C8orf37	PALD1	ARL2BP	HSPB11	SAXO2	FAM227B	DNAAF3	CEP76	PHOSPHO1	DYDC1	CCDC42B	TEX9	TTC9B	RPGRIP1L	DPCD	DNAH14	CFAP54	CFAP69	C22orf23	RIIAD1	IFT20	MNS1	MVP	SPA17
143	1.0	TRPC3	TTC39B	SNX32	ATPAF1	SPSB1	SLBP	SMG5	TPBG	CTBS	KCTD10	SAC3D1	PLEKHH3	ACP5	B4GAT1	G2E3	MTX1	SLC35A2	GSTCD	FADS6	DTD2	RTCB	POLDIP2	IFRD2	TTC36	KCTD1	AMIGO3	KCTD14	TNFAIP1	TXNDC12	TRPC5	VDAC1	STARD7	KCTD2	EDRF1	SMG6	PHF11	UFSP1	SMG7	C4orf29	CPTP	VDAC3	B3GALT6	LRTM2	AIDA	MTX2	KCTD6	VDAC2	PKD1L3	BTBD17	CYB561A3	PNPLA4	MRPL54	PNPLA2	TMCO3	LRRC26	TTC39C	ITGB4	KBTBD11	DVL1	UGT8	FAM188A	TOMM40L	PKD2	PNPLA3	TTC39A	KLHDC7A	KCTD15	B3GNT3	CYB561	GAS2	C15orf41	KCTD18	TMEM65
144	1.0	VASH1	TTLL12	ADCY3	ZC2HC1A	KIFAP3	CENPJ	UNC119B	BBS5	DYDC2	ALOXE3	KIAA1324	KIAA1841	SCN8A	UFSP2	UNC119	GLT1D1	KIAA1683	NWD2	AGBL5	CATSPER1	MEGF11	TECPR2	KCNN3	VASH2	SESN1	IFIT1B	OSCP1	AGBL3	SCN10A	PPP2R3A	AGTPBP1	AGBL4	ADPGK	MCOLN3	CHMP3	CFAP36	PCSK9	ITPR2	ACAN	KIAA1324L	SESN2	LMOD1	PXMP4	CEP131	IFT43	ALOX12B	NUF2	ITPR3	AGBL1	DENND6B	CCDC53	KCNN1	CAMTA2	AGBL2	SPAG17	TCF7L2	ITPR1	MCOLN2	COMMD2	SESN3	PPP2R3B	SCAPER	STIL	CAMSAP2	HHATL	LRRC56	FKTN
145	1.0	RSPRY1	L2HGDH	RHBDF2	DGKK	KCND1	MYH13	SPPL2C	PTP4A2	TTL	ACPT	RHBDF1	NAA60	PTP4A3	DENND4C	TSPYL2	PCSK5	EFHB	RNF26	TVP23B	MYH11	PDCD5	TRMT112	TRIP4	TECRL	TNS1	ETNK1	TLR4	JPH4	TVP23C	ADRM1	ANKAR	DNAH2	GMDS	GLS2	KLHDC8A	AMMECR1	ACP6	AMMECR1L	KLHL8	SPPL3	DMAP1	ANKRD13D	HDHD1	PCSK6	KLHL10	LSM5	MYO1E	UBR3	RTCA	EFCAB6	JPH2	CALB2	RNF157	VPS29	KLHL15	RNF138	NFKBIZ	AIP	PGAM2	CARKD	ANKMY1	KLHL4	MEX3C	TAF2	TPTE2	MDH1	MGRN1	TTC9C	TSPYL1	ASB6	SOWAHA	XPO7	DND1	TRIM48	LDHC	ASMTL	SRD5A2	CAPN12	TSG101	CAPNS2	METTL11B	ZPR1	C9orf41	JPH3	HSPE1	UBR2	KLHL41	PDC
146	1.0	TMEM204	COX7B	AKAP2	C8orf59	PRR16	ZMYM6NB	KIAA0586	TMEM196	BCL2L10	MPL	CD99L2	RPRM	COX7B2	C15orf39	RPRML	C10orf12	C21orf58	C8orf88	C17orf89	FANCF
147	1.0	MPRIP	LYRM5	PCSK2	SLC12A1	GRM8	QPCT	CPB1	PLEKHM1	SLC7A9	PBLD	UHRF1BP1	DCPS	SLC12A9	GOLGA5	COA6	ADGRE5	XPO4	SLITRK3	FOLH1	SAMD8	CRELD2	KIAA0226	PCSK1	SLC12A2	CNOT11	LRRC38	LIMCH1	SLC37A3	KCTD16	HMGXB4	MUT	GPR158	VTI1A	MRPL22	HHIP	MMAB	SLC12A3	MLYCD	INTS3	USH2A	HGSNAT	CACNA2D3	LAMA3	SLC12A8	LRRC3C	TPP2	NUS1	DIP2B	GRM4	LRRC52	SGMS1	SLITRK5	GGA1	KCTD21	KIAA0226L	MMAA	MCM10	KCNRG	TMEM104	GRM6	CES2	KYNU	ATP6V1G1	PLD4	ATG2B	FAT3	DDX26B	NANP	ACP2	MDH1B	FAT4	GAS7	SLC45A3	NOL8	GRM7	QPRT
148	1.0	ALOX15B	PDE4DIP	RCAN3	PHC1	GAS2L2	UNC80	COX4I1	LACTBL1	ALOX12	ALOX15	KCNK7	GAS2L1	LRP6
149	1.0	TRABD2B	TSHZ2	APBB1	TPGS1	ZMYM4	ARL6IP1	SMKR1	SMIM12	LIN37	THAP8	C1QL3	SPATA6	KIAA1958	CEP295	TBC1D29	THAP1	SPRED3	SAMD13	C1QB	TEDDM1	C3orf58	SZRD1	GAL3ST2	ATF7IP2	CBLN3	COL8A2	TEKT4P2	NDUFB3	ATF7IP	C1QTNF5	MVB12B	C1QL2	TMEM248	MMRN2	CDC42EP1	CEP250	CDC42EP3	MTFR1	CDCA2	C1QL4	OSER1	CPLX1	NDUFAF4	OR6C74	EMILIN1	CBLN4	THAP3	TECTB	C1QTNF8	GAL3ST4	THAP5	GMNN	TOR1AIP1	CTAGE6	OCIAD1	COL10A1	SUFU	TSHZ1	C1QC	CXXC5	CTAGE9	CCDC83	CTAGE4	COL5A1	FAM78A	C1QTNF3	COL8A1	SERBP1	TSHZ3	NOG	DKK4	GP2	C1QTNF4	DNASE1L1	THAP7	C1QTNF7	C1QL1	SMIM15	G6PC3	TNNT3	CBLN2	THAP2	C1QTNF2	CXXC4	THAP11	EMILIN2	C1QTNF6
150	1.0	FHL1	ZNF217	FHL5	FBLIM1	ARHGEF5	ZBTB4	RPN1	TSC2	FARP2	WWC1	LMO4	ZNF292	LPP	LIMD1	ZNF296	LMO2	LMCD1	ARHGEF25	DOPEY2	WTIP	PREX2	IQGAP1	SIPA1L3	TSEN2	LHX6	ARHGEF10	SIPA1L1	LIMS2	ZNF688	ZNF646	PEG3	LHX3	ZNF507	ZSCAN18	ARHGAP26	ARHGAP11B	ARHGEF17	YAP1	RALGAPA2	LMO3	ZFPM1	LHX8	ZSCAN1	ZNF212	IQGAP2	PRICKLE1	DNMBP	ZBTB2	ARHGEF4	TRIP6	RALGAPA1	SKAP1	LIMS1	ARHGAP11A	LHX4	RASGRF1	PLD1	LMO1	ZNF219	LMX1B	KLF6	SIPA1L2	ARHGEF10L	CRIP2	SIPA1	LMX1A	ZBTB1	ARHGEF19	NSMCE1	SORBS1	PDLIM7	CSRP2	PLEKHG6	ISL1	AJUBA	UTRN	ABLIM2	PREX1	ARHGAP10	ZYX	DMD	EGR3	PRICKLE2
151	1.0	RUNX3	RUNX2	PROM1	MAFK	NFE2L3	NFE2	NRL	TMSB4X	PER3	RUNX1	PROM2	MAFG	SLC46A2	CGN	KIAA0319L	TMEM242	NFE2L2	BANF2
152	1.0	HMOX2	ZCWPW2	SS18L2	ZSWIM7	AOC3	HEBP1	RBM44	AAED1	MFSD2B	SS18L1	CLCA1	DBF4B	FAM186A	LRRC14B	APOA4	HENMT1	NOXRED1	RNF214	RSAD2	AOC2	SPRR3	ASMT	AOC1
153	1.0	TOR1AIP2	FAM187B	WFDC1	LYG2	CLPS	RTP2	MAS1L	CCDC14	MS4A4A	SPIDR	ZP3	TMEM121	MSMP	CCDC148	PEA15	ZP1	CEP85L	LYG1	SAMD9L	ZP4	RBM43	ODF1	KIAA0753	AKAP14	TMEM220	C19orf25	KNOP1	TNIP3	WBP1L	SEPN1	TMEM168	C10orf90	HAPLN1	RTP1	FBXO46	MTBP	CCDC89	ENDOD1	NDP
154	1.0	SYNGR4	SYNGR1	SYNGR2
155	1.0	MRPS2	ASL	CHI3L2	CHIT1	OVGP1	NIF3L1	SEPT7	CHIA	SEPT14	SEPT3	SEPT4	SEPT1	RMND1	ADGRA3	FBXO16	FURIN	SEPT10	SEPT6	XPA	SEPT8	LEMD3	SEPT12	SEPT2	MAGT1	SEPT5
156	1.0	PRPF38B	CAPN11	KLHL14	SNIP1	AQP3	ARG1	MAGOH	TALDO1	HDDC2	MAGOHB	GPX6	MFAP1	VPS39	CPNE5	DENND3	PDCL	ISY1	METTL16	GPX3	EMC2	SOX21	KLHL25	NAP1L3	LCAT	PRPF3	SLU7	HINT3	KLHL28	AGMAT	EMC4	PTCH2	MIOS	GPX4	GPX8	GPX2	ZMAT2	CAPN7	KLHL21	SLC24A3	SOX11	OASL	AMN1	ENTPD5	KLHL13	CAPN14	BECN1	SOX1	TRMT6	NAA35	SLC24A4	SOX18	KLHL7	SOX15	NSUN7	GPX7	SRL	SRRM1	TOX4	TTLL1	ANKZF1	PIGN	DENND4B	VPS51	CAPN9	ENTPD7	METTL23	VPS16	ADAR	PTCH1	PTCHD3	EMC1	ENTPD4	SLC22A12	ISY1-RAB43	SOX17	NPC1	ENTPD1	ENTPD3	SOX14	MMS19	GPX5	GPX1	NPC1L1	STX10	AIFM3	ENTPD6	KLHL12
157	1.0	POLR1E	UBXN11	RASIP1	C2CD3	PARP12	ADPRHL2	PKD2L2	PKD2L1	CEMIP	NUDT1	C2orf81	CLCA4	CEP290	PKHD1	ADHFE1	C11orf68	PARP6	ARMC9	IQCE	AFAP1
158	1.0	DSN1	IL17REL	TREML2	UIMC1	AKAP3	CHGB	KIR3DL3	ZNF483	RTP5	CHGA	CSHL1	PNRC2	CD28	TMEM174	CENPU	ARMCX6	PPP1R26
159	1.0	TDP2	SCN2A	STXBP4	TDRD1	GGT1	CPT1A	TPCN1	AMACR	NMRAL1	CRAT	PTGES2	ALDH18A1	GSTT2B	SLITRK1	COQ10B	OGFOD1	SFXN2	CPT1B	SCN5A	IL4I1	CPSF6	CROT	SLC24A5	SEPHS2	SLMAP	CACNA1A	SCN1A	TMBIM1	CPT1C	DDO	DZANK1	GGH	SCN3A	SCN4A	CHAT	CPT2	SLC22A9	NDUFA6	PCBD2	SFXN5	CHDH	ERMP1	KCNC1	DLL3	SCN7A	NALCN	GGT2	KLHDC7B	SFXN1
160	1.0	ADCY6	ADCY1	GUCY1A2	ADCY4	ADCY5	ADCY9	DNER	GUCY1A3	GUCY1B3	ADCY2	ADCY7	ADCY8	KBTBD3
161	1.0	PPP1R17	C21orf62	IL21	C6orf222	KIAA1551
162	1.0	ITIH4	RGS8	PARP2	INTS1	ITIH6	VWA5B1	RGS2	RGS6	PARP1	ITIH1	STK11IP	PARP3	RGS10	EPHX1	RGS12	RGS11	CREB3	ITIH2	RGS7	PARP15	RGS18
163	1.0	GMFB	RASAL2	SEPT11	FCHSD1	NMNAT3	MXRA5	OS9	GAB3	ZNF576	PLBD1	HUS1	IPCEF1	SENP8	PRDM2	NCAPG	SYDE1	SHQ1	STAR	AVL9	NEDD9	PHF20	TAGAP	INPP5A	C18orf8	PLBD2	QPCTL	ZMYND19	NMRK1	SNAP91	PSTPIP2	NSMCE4A	IMPAD1	ZNF277	SH3PXD2B	CDC25A	DAB2IP	POGZ	EPS8	MCF2	CIC	NUP210	DOPEY1	AGPAT4	NEBL	AATF	PLEKHA4	ARHGEF33	EXOC3	ARHGAP19	CTTN	ZBTB9	SH3PXD2A	BPGM	PLEKHA5	GMFG	AMIGO1	POP1	BCAS3
164	1.0	CAPN3	SLC25A15	SLC25A17	SLC25A28	SLC25A41	ANKRD36	SLC25A34	SLC25A42	TNPO1	ITSN2	NAA16	ERCC4	SLC25A16	SLC25A2	SLC25A48	LENG8	SLC25A32	SLC25A30	SLC25A14	PCGF3	SLC25A21	NSFL1C	SLC25A36	NAA15	MDH2	BTF3	SLC25A11	SLC25A20	SLC25A45	SLC25A43	PGM5	UCP1	CPSF1	FBXL7	FBXO8	STX5	DBR1	SLC25A33	PRMT8	SLC27A5	DDB1	RBM15B	SLC25A4	GAPVD1	TBC1D21	AHCY	UBXN2B	HPGD	EIF2A	PRPF39	SLC25A12	FBXL20	EPS15L1	HSD17B14	DIAPH3	SOS1	UCP2	SLC25A31	AHCYL1	MPI	SLC25A37	SLC25A40	SLC25A3	CHKA	CHMP2A	SLC25A19	ATP6V1E1	KIN	LSM1	SLC25A39	SLC25A26	HSD17B8	SLC25A29	PANK1	SLC25A13	SLC25A22	ITSN1	SLC25A5	SLC25A44	RALYL	VPS53	ZBTB11	UCHL3	SLC25A10	SLC25A1	TNPO2	FMNL3	SLC25A6	UCP3	SLC25A18	EIF3B	DECR2	SF3B3	WWOX	LSM10	PANK2	ATP6V1E2	SLC25A38	AHCYL2
165	1.0	FAM180B	IL24	PSRC1	KIR2DS4	IAPP	IL37	IFNA2	GUCA2B	FLG2	BRICD5	IL19	PTTG2	MS4A18	TMEM219	CD83	APOL1	POM121L12	G0S2	IQCC	TSGA10IP	LCN10	IFNA6	HRNR	RSRP1	PNRC1	RNASE7	IFNB1	C6orf89	PTTG1	PLGLB2	VRTN	TMEM81	FOXP1	PLGLB1	LYPD1	GUCA2A	IFNA14	KIAA0101	NRGN	IL12A
166	1.0	PCGF5	UTP6	RAG1	IRX4	PKNOX1	DYSF	METTL5	IRX6	IKBKAP	DGKE	PKNOX2	SIX3	PBX2	SUPT4H1	FMN1	SRP19	EXOSC5	PBX3	SLC35F6	TGFBRAP1	DGKG	TGIF2	PBX4	TGIF1	NIPBL	IRX3	SIX2	FXN	LRFN5	TGIF2LX	TTC32	IRX5	IRX2	FBXO11	MKX	GINS1	PBX1	FMNL2	TGIF2LY	TTC33	SIX6	NCOR2	ZMPSTE24	IRX1	CDKN2B	LAMA2
167	1.0	HPS1	COMMD8	DPEP1	SH2D3C	STEAP4	DPEP2	STEAP2	MROH5	SNAPIN	PRR5	COMMD6	COMMD1	ELP6	DPEP3
168	1.0	AVEN	MZT2A	FBXL8	PNMA5	C10orf35	CCDC138	FSIP1	HAUS8	C18orf54	BANP	MEDAG	AKIP1	C19orf45	RGSL1	CCDC57	TEX43	GGT6	C11orf16	TMEM251	CARD17	MFSD3	C5orf30	AKNA	C4orf17	EFCAB12	MZT2B	HAUS7	C11orf88	FANCE	CFAP221	TEX36	CCDC78	C10orf53	BAD	CCDC73	C20orf96	C1orf87	RITA1	C9orf135	CASC5	C7orf72	FAM181A	CCDC162P
169	1.0	ARID1A	ARID3B	SNX19
170	1.0	SLC7A8	DCUN1D4	WDR19	ABCD3	PNKP	TMTC4	NDC80	SETD4	SNX2	VPRBP	DCTD	IMPACT	SLC7A7	AMD1	BPNT1	CHORDC1	EDF1	CLGN	CDKAL1	PLCXD1	TFIP11	TMEM184B	PAPSS1	PIGW	VAMP5	CCNH	SLC7A5	SLC7A10	TLR7	SLC26A6	NXT1	POLR3C	SLC39A11	NAPG	STAG1	WWC2	PAPSS2	SLC35A5	FAR2	CAND2	IP6K3	FAR1	STAG2	CNBP	LRRC74A	ANAPC1	UNC50	SMEK2	SMEK1	GALK2	SAMM50	SLC35B4	RFK	ZC3H7A	TMEM184A	SLC7A6	NOC4L	LARP4	MGLL	RYR2	SLC26A10	LARP1B	SURF1	STARD10	UTP14A	CAND1	MFSD10	SLC26A11	FBXL4	FBXL16	ABHD2	MRI1	PDS5B	TMEM184C	SLC7A14	CLIP1	GALK1	PIGT	ZCCHC9	PPAP2C	IST1	TMEM165	UTP3	CCDC25	CDK5RAP1	THNSL1	SLC7A3	TFAM	ABTB1	THADA	COQ7	NOD2	SETD3	PPAPDC1B	ZCCHC13	STX11
171	1.0	SPACA5B	SGCZ	C10orf32	PRR12	NCOA5	JTB	FITM1	GLT6D1	HYPK	ELSPBP1	SPACA3	CENPN	CDR2L	GLYATL3	LYRM9	AGTRAP	GBGT1	LYZL1	NRM	LTBR	TMEM170B	HPS4	SH2D5	TAF1A	STRA6	BLNK	ATP6V0E2	BST1	ABO	LYZL4	SGCD	C1orf109	MKRN2OS	COX7A2L	BSPH1	TNFRSF6B	STEAP1	SAGE1	SPACA5	SMIM8	CD27	STEAP1B
172	1.0	MBD1	ARNT2	GDAP1L1	MMP15	HOXC9	HOXB1	YLPM1	EAF2	STAG3L4	FCHO1	TMEM259	GRXCR2	PPAPDC3	KRTCAP2	ANP32E	LDB2	DET1	CYBRD1	HPSE	MRPS27	HARBI1	TCEB3C	TWIST2	MGAT2	HR	SSBP2	JMJD1C	FAM126A	CNFN	AKAP17A	DEPDC1B	EAF1	CPAMD8	MED13	CRYAA	ZNF862	HDGFL1	MMP14	UBXN4	PLAC8	ARNTL2	ERLIN2	BCAP31	HPSE2	PFDN1	MMP2	MMGT1	RNF223	ZBED4	SSBP4	CLEC2A	FBXL3	R3HCC1L	BHMG1	TTR	C11orf30	SSUH2	CLEC2D	MLXIP	HHIPL2	EVA1C	CRAMP1L	NAGLU	LBP	TCP11	MMP9	SSBP3	CETP	TMEM230	PRKRA	BHLHA15	BARX1
173	1.0	CTSL	CTSS	TINAGL1	CTSV	TINAG	CTSH	CTSK	CTSF	CTSZ	CTSB	CTSO	CTSW
174	1.0	RAPGEF5	RGL4	RALGDS	RALGPS1	RASGRP2	RASGEF1A	RAPGEFL1	NF1	RGL3	RASGEF1C	FNBP1L	RALGPS2	RGL2	RGL1
175	1.0	TNFRSF4	IDO2
176	1.0	PCID2	SEL1L2	PDCL3	JMJD7	MYO1B	PSMD13	COPG1	GPS1	MYO7A	NCAPD2	C21orf2	GRID2IP	RBM5	FMN2	SGSM1	SETD7	RNF43	ATP6V1C2	ARCN1	MYO5A	RQCD1	SF3B5	DGKI	CNOT6	MYCBP2	UNG	FHOD3	WDR74	CSE1L	COPG2	NUDC	EIF1	IPO7	U2AF1	PIGK	MYH14	STAMBP	COMMD3-BMI1	CEP97	EIF4G3	HMGB2	SET	NUDCD3	SREK1	TLDC2	LGMN	SUPT5H	YIPF7	PPAT	EIF1B	MYO5C	SUPT6H	PSMD3	KLHL9
177	1.0	HIST2H4A	HIST1H4D	HIST2H4B	HIST1H4L	HIST1H4K	HIST1H4B	HIST1H4E	HIST1H4H	HIST4H4	HIST1H4C	HIST1H4A	HIST1H4J	HIST1H4G	HIST1H4F	HIST1H4I
178	1.0	ZFYVE1	PDXK	RUFY1	PLEKHF1	ZFYVE26	ZFYVE21	FGD1	ZFYVE28	FYCO1	ZFYVE9	PLEKHF2	FGD5
179	1.0	HIC1	KLF1	ZNF76	YY2	SP7	ZFP82	SALL4	ZNF232	ZNF282	ZNF689	SP6	ZNF140	ZNF211	GLI2	ZNF853	ZNF621	GLIS3	ZNF716	ZNF80	ZNF143	E4F1	ZNF597	SALL1	ZBTB18	SP3	ZNF527	ZNF468	ZNF497	ZNF568	ZSCAN20	ZFP42	BCL11B	ZNF812	ZFP92	SP2	ZNF75A	ZNF444	ZNF684	ZNF131	ZNF736	SP9	IKZF1	KLF15	ZNF783	ZNF398	ZNF394	ZNF213	CTCF	ZNF114	ZNF460	ZNF35	ZSCAN9	PLAGL2	ZNF354B	ZFP41	ZNF649	ZNF682	ZNF407	ZNF215	ZNF560	ZXDA	ZNF75D	ZNF276	ZNF550	ZFP3	ZNF514	ZNF229	VEZF1	ZNF251	ZNF771	ZSCAN16	ZNF195	ZNF117	OSR1	ZNF410	ZXDB	GLIS2	ZNF366	ZNF730	ZNF496	ZNF667	SP8	SP5	ZNF432	ZNF770	GLI1	ZNF865	ZEB2	ZNF302	ZNF354C	ZNF581	ZNF727	ZNF641	GLIS1	IKZF2
180	1.0	LIX1	VGLL3	CHST4	NINJ2	MYOD1	LGALS13	BVES	CLC	ZNF843	CHST2	NINJ1	LGALS14	CCR10	CRTC3	SPRY3	GEMIN7	VGLL4	PTPRJ	MB21D2	MED24	ELL3	TNNT1	MYOG	NDUFB11	CHST5	CD101	PTOV1	CUEDC2	CCDC50	TMEM106A	IGSF3	CDR2	MRPL51	TEX28	AFF1	CHST3	TMEM177	MED29	EDA	MYF5	SPATA2	OR51G1	C1orf43	MED27	ID3	AFF2	NFATC1	SYNM	SYNE3	OAF	CHST7	DCSTAMP	FBXO28	VGLL1	GPM6A	CHST6	APCDD1	NFATC2	AFF3	NFATC3	BAG5	C1orf131	APCDD1L	CDC42EP4	VEZT	POPDC3	VGLL2	NFATC4	CAPRIN1	LIX1L	VEGFC	POPDC2	IGFBP1	TWSG1	NPM3	FAM13C	TMEM8C
181	1.0	TET3	FAM120C	DGCR6	GLCE	MRPL37	PTGDR	MRPL35	EMB	DEPDC1	EIF4ENIF1	DGCR6L	CHRD	C16orf52	OCLN	RELB	TET1	NOL11	TDGF1	C17orf59	ZNF318	ZNF503	RELA	THAP9	MARVELD2	SAPCD2	PDGFRL	MTTP	CHST1	TET2	MAGEC2	MRPS31
182	1.0	ZNF33A	ZNF345	ZNF596	ZSCAN10	ZFP14	ZKSCAN7	ZNF567	ZNF557	ZNF652	ZNF200	ZNF383	ZNF266	ZNF234	ZNF177	BCL6	ZNF311	ZNF672	ZNF566	ZNF85	ZNF559-ZNF177	ZNF19	ZNF34	ZKSCAN5	ZNF710	ZNF764	ZNF705G	ZNF275	ZNF256	ZNF763	ZNF250	ZNF713	ZNF570	ZBTB47	ZNF563	ZSCAN31	ZNF317	ZNF70	ZNF799	ZNF577	ZNF461	ZNF780B	ZNF423	ZNF132	ZNF134	ZNF792	ZNF81	ZNF670	ZFP1	ZNF561	ZNF480	ZNF836	ZNF99	ZNF674	ZNF773	ZNF658	ZNF543	ZNF778	ZNF729	ZNF555	ZNF77	ZSCAN32	ZNF184	ZNF57	ZNF442	ZNF521	ZNF205	ZIM3	SCRT1	ZNF546	ZNF454	ZFP69B	ZNF878	ZNF529	ZNF805	ZNF264	ZNF268	ZNF749	ZNF329	ZNF578	ZKSCAN3	PRDM5	ZNF154	ZNF564
183	1.0	OR4F5	MGST1	BOD1	ZMYM2	OR52J3	MRPL44	OR4P4	F2RL3	SAYSD1	OR10J3	MESDC2	GPR137	SLC22A31	MRPL42	DISC1	SKIDA1	GABRA5	BOD1L1	OR3A2	NDUFB10	QRICH1	NXF1	OR4C3	OR2G3	OR51A4	C2CD2
184	1.0	ZNF677	ZNF569	ZNF614	ZNF284	ZNF133	ZNF668	ZNF484	ZBTB32	ZSCAN4	ZSCAN5B	ZNF599	ZNF45	ZNF436	ZSCAN29	ZNF22	ZNF808	ZNF513	ZNF7	ZNF226	NFYA	SNAI2	MAGI2	ZFP62	ZNF112	ZNF286A	ZBTB7B	ZNF43	ZSCAN21	ZNF286B	REPIN1	ZNF500	PLD2	ZNF227	ZIK1	ZNF396	ZNF79	ZNF536	GLI4	ZFP64	ZNF774	ZNF337	ZNF473	ZNF585B	ZNF235	ZNF490	ZNF239	ZKSCAN4	ZNF629	ZNF354A	REST	ZNF782	ZNF559	ZSCAN5A	ZNF662	ZNF83	PLEKHA8	ZNF479	ZNF23	ZNF182	ZNF263	ZNF625
185	1.0	ZNF331	ZNF84	ZNF619	ZNF540	ZNF554	ZNF700	ZNF765	ZNF793	ZNF814	ZNF717	ZNF8	ZNF679	ZNF471	ZNF33B	PRDM4	ZNF780A	PRDM6	ZNF157	ZNF785	ZNF253	ZNF714	ZNF587	ZNF565	ZNF438	ZNF575	ZNF676	ZXDC	ZNF181	SCRT2	KLF10	ZNF440	ZNF93	ZNF850	ZNF786	ZNF630	ZNF273	KLF9	ZNF443	KLF2	ZNF124	ZNF74	ZNF254	SALL2	KLF3	ZNF607	ZNF30	ZNF44	ZNF91	ZNF37A	ZNF573	KLF14	ZNF100	ZNF776	ZNF669	ZNF404	ZNF823	ZNF283	ZNF208	ZNF519	ZNF431	ZNF790	ZNF92	ZNF544	ZKSCAN2	ZNF90
186	1.0	AZU1	TMPRSS12	PRSS33	TMPRSS5	TMPRSS11E	CTRB1	PRSS48	KLK11	KLK5	PRSS8	GZMK	PRSS57	GZMB	TMPRSS9	KLK7	KLK2	CTRC	PRSS56	PRSS45	PRSS1	CMA1	TMPRSS13	TMPRSS7	KLK12	TMPRSS11B	TMPRSS3	PRSS46	CFD	KLK8	TMPRSS11A	PRSS53	PRSS27	TMPRSS11D	GZMH	TMPRSS11F	TPSAB1	F11	CTSG	CTRB2	TPSD1	GZMM	PRSS50	PRTN3	TPSB2	ACR	KLK10	CELA2A	PRSS22	KLK13	CELA3A	ELANE	OVCH2	PRSS42	KLK6	CELA1	KLK4	PRSS55	PRSS3	CELA3B	KLK15	KLK1	KLK14	GZMA	CTRL	KLK3	PRSS21	PRSS58	TPSG1
187	1.0	MASP2	PRSS38	PROC	F9	CFI	TMPRSS2	HGFAC	C1S	TMPRSS15	HPR	PLAT	PLAU	PRSS12	KLKB1	TMPRSS6	OVCH1	HGF	TMPRSS4	F12	F10	CELA2B	PRSS36	CORIN	HP	ST14	C1RL	F2	LPA	KLK9	MST1	PLG	HPN	HABP2
188	1.0	UROC1	MRPL9	HPS5	KLC4	CKMT1B	IYD	SMS	TLL2	OGFR	MRPS18A	NHLRC3	CLEC4F	SPON1	SUMF1	SLC22A18	APPBP2	B4GALT1	LDLR	EGLN2	VPS37A	ADGRE1	KCTD7	DTNB	KCTD17	KCNJ11	COMP	LRRC37A3	CKM	ENDOU	THBS2	FAXC	B4GALT6	APOD	AMDHD1	ADGRE3	TPO	B3GNT7	SSR1	CERCAM	FAT2	CELSR3	KCTD4	FICD	TRPM7	EGLN3	BMP1	EGLN1	B4GALT2	CKMT2	RMDN1	C7orf25	SUV420H1	COLGALT1	GNE	PROZ	NDUFA10	THBS4	DCBLD1	KCNN2	VWCE	B4GALT7	LRRC37B	CPXM2	THBS3	C1R	GSTA1	UGT2B7	CSMD3	AGRN	AGMO	NELL1	NID1	EGFL8	CKB	VLDLR	NEIL3	ALPK2	RBM20	F7	SLC5A3	CCBE1	RHAG	THBS1	TRPM6	USP53	PAMR1	OLAH	B4GALT3	EFEMP2	MFSD6	B4GALT5	EEF2K	MFN2
189	1.0	NUDT8	PSPH	MPV17L	GYG1	KCNV1	KCNS3	CACNA1C	GSTO2	MCCC2	DNTT	SLC35F5	LIPK	ALG8	CACNA1S	AQP9	C20orf24	RMND5A	CMBL	HIF1AN	RMND5B	CACNA1G	DEGS1	CACNA1I	CACNA1D	KCMF1	CACNA1E	CACNA1F	ASS1	PEMT	KLC2	GNPNAT1	SOAT1	SLC22A24	CACNA1H	NDUFS8	LIPA	CACNA1B	DGAT1	NDUFAF1	SOAT2	GYG2	NAA38	RHBDL1	SLC15A1	EIF1AD	PXMP2	GSTT1	NOSIP	KCNF1	LIPM	ALG6	KDM8
190	1.0	TTC7A	EIF3K	MRRF	AQP1	KCNS1	GPAM	PTGR2	HPDL	PHYH	IDNK	PFAS	SLC26A7	EMC9	GSTO1	PHYHD1	SOD3	CDKN2A	ISOC1	HAO2	EMC8	DPP8	PIPOX	SLC15A2	HSPBAP1	NDUFS6	AQP8	CRLS1	TPCN2	AQP7	PTGR1	ADI1	ISOC2	GNPAT	MIP	KCNG4	AQP2	PAICS	TBCCD1	MTHFR	FLVCR2	DTX3	ENDOG	SPRYD3	NDUFS2	SCN9A	NDUFS4	GTF2E1	SOD1	SCN11A	GSTZ1	APIP
191	1.0	SCARB1	LLGL1	ITGA4	ITGA10	ITGA2	CBX7	CDO1	GPR155	LOXHD1	PLXND1	PLXNA2	SNX31	SFSWAP	FKRP	PKD1L1	ADGRL2	FUT8	DRP2	ITGB2	MATN1	SLC39A9	MBTPS2	ITGAD	TRPC4	MCOLN1	PDLIM1	ADGRF5	P4HTM	DTX1	SCARB2	COL6A3	NRP1	SUV420H2	MED14	ITGA11	INTS2	ITGB6	CD36	KCNA2	SYT15	SSR3	ITGA3	SLC10A7	COL20A1	ITGA7	C6	CRIM1	FAM210B	METTL9	ITGB7	ITGAE	MIER2	ADGRG4	ADGRG7
192	1.0	CFP	THSD4	PARL	RMDN2	CHAF1A	ANO2	ADAMTS19	DTX4	ADAMTS9	ADAMTSL1	ADAMTSL4	TM2D2	POMP	PAPLN	ADAMTSL3	SH3BP2	ADAMTS18	TBC1D19	ADAMTS12	GPATCH4	ADAMTS20	ADAMTS2	LAMB3	TDO2	ADAMTS16	ADAMTS17	GYS1	MATN3	OIT3	ADAMTSL2	ADAMTS10	ANO1	PTS	TRIM41	GYS2	NELL2	NAT8	SEMA5B	VKORC1L1	MATN4	CNKSR3	ADAMTS6	ADGRB1	THSD7B	ADGRB3	CUBN	RMDN3	THSD7A	AXIN2
193	1.0	OR10G7	GPR143
194	1.0	DDHD1	DDHD2
195	1.0	CLEC2B	IGFBP5	TMEM134	SPATS2	OR8B2	PCED1A	PRG2	ACOT6	RGMA	MAB21L2	MAB21L1	C2orf68	CCDC51	LEPR	ACOT4	ACOT2	PRG3	SPATS2L	KLRC3	HFE2	RGMB	CABYR	CNPY2	TMEM254	MAB21L3	FAM65A	BAAT	CDK2AP2	IGFBP3	ACOT1	FAIM	CDK2AP1
196	1.0	TMEM138	FGF1	C3orf33	SOBP	OR6N2	SP110	ZHX2	GMEB1	OR51B6	CD302	FGF3	C1orf194	AFTPH	DEF8	LRRFIP2	FGF10	RABEP2	TMEM106B	HPS3	ABI3BP	TMEM150B	ATP6V1G2	CLEC11A	HYAL4	FGF21	DNTTIP1	CLEC9A	C16orf72	CLDND1	SPAM1	FGF11	FGF16	OR5L1	RASSF7	IL1RL2	GMEB2	IL17D	HYAL1	FGF9	OR12D3	GADD45GIP1	FGF14	NKPD1	HNF1B	FGF6	FGF8	CTAGE15	OR2T33	FGF22	FGF20	FGF4	ATXN1	SGCB	FGF18	FGF13	TMEM106C	FGF5	TEX264	C9orf172	SURF6	HYAL3	OR4A16	HSPB9	FGF7	OR10K1	FGF12	PCP2	HYAL2	FGF2	CTAGE1	FGF17	IRS2
197	1.0	XKR9	UNC5CL	APLP1
198	1.0	ENC1	RBM10	PLCH1	PHF10	IMMP1L	FUBP1	CDC73	NDUFAB1	APRT	TOP1MT	ACBD4	REPS2	DHFRL1	MRPL17	OXSM	COQ2	TIMM17B	FECH	TTLL13P	ABHD5	TCF25	GLUD1	DESI2	UBLCP1	CYB5D1	PLCB3	CS	REPS1	ERO1L	EEF2KMT	RNF146	VTA1	SCO2	POLRMT	FAM86B1	AQP4	PRODH	TIMM17A	DPF2	MAOB	GRAMD1B	DPF1	AMT	KDM4C	TSPYL6	PPP6R3	GLYR1	PITHD1	SRM	OTUD6B	DHFR	FLAD1	PLCZ1	MAGI1	PIGL	SCO1	ADSL	NOL9	ATP5O	NPHS2	BOLA1	ACBD5	PLCB2	PIGB	PPCS	GLUD2	TOP1	STOML3	DHODH	ERO1LB	MRPL24	PLCB4	PLCB1	GART	CWF19L2	GLUL	GCLC	SLC2A10
199	1.0	NIPAL2	IGDCC4	SGMS2	ARSF	ARSH	ARSG	DSCAML1	PCK2	TTC17	DSCAM	DDAH2	PLXNB1	KCTD11	PKD1	SLC8A2	ARSI	PKDREJ	NIPA2	FUCA1	KCTD12	COL7A1	DMBT1	SLC18A3	UPP1	NUDT4	KCTD13	FN1	COL21A1	PLXNA3	PLD3	SLC18A2	INPP4B	NIPAL3	PCK1	KCTD8	TRPV4	THOC7	ITGA1	DDAH1
200	1.0	CDON	WBSCR17	NEO1	CNTN1	ERLIN1	GALNS	MYBPC3	SULT1C3	ITGAX	NDST2	NDST3	CATSPER3	COL14A1	GALNT18	L1CAM	DNMT3B	KCNJ4	COL6A5	COL6A6	GALNT12	CACNA2D1	DNMT3A	EGFLAM	CHST15	NDST4	FNDC3B	SGSH	VWA2	GNS	ARSJ	NRCAM	CACNA2D2	PRTG	DCC	CACNA2D4	GALNT11	MYOM2	COL22A1	CDADC1	GALNT16	HS3ST2	SULT1A1	SULT1A4	PLXNB3	GALNT7	MYOM1	NEIL1	HS3ST4	FNDC3A	BOC	HS3ST6	COL12A1	HS3ST1	ARSA	GRIK4	SULT1C2	MYOM3	GALNT8	GALNT15	ARSB	SDK1	FOXRED1	TTC24	IGSF22	GALNT9	SDK2	SULT1A3
201	1.0	PRSS23	C22orf39	OR10G4	BCL2L2	GATC	CCDC74B	FBXO27	MRPL55	CCDC74A	C16orf96	ATXN1L	CFC1B	TP53I13	GNG2	ASIC5	SCNN1D	EXOC3L4	NANOS1	HEXIM2	TSPEAR	MYRIP	FAM185A	SMIM20	BCL2A1	KLRC4-KLRK1	GAL3ST1	FBXO17	ASXL3	GEMIN8	CFC1	LYRM2	TMEM26	NDUFB2	CDKN1B	CYB561D1	OTOR	SCRN2	LEMD1	MIF4GD	CTHRC1	PRX	SH2D4B	TMEM98	TMEM203	OR8I2	PRSS35	PGLYRP3	CLEC1B	TM7SF3	SCNN1A	GOLGA4	C11orf57	MRPL57	EEPD1	ERICH2	CREM	KLRK1	IRS4	CCDC134	BAX	SASH1	CTGF	NIN	C6orf120	RRBP1	GNGT2	AAMDC	OR8K1	CINP	NANOS2	ATF3	TPRA1	FSIP2	BCL2	PELP1	CBY1	SPIRE1	KIAA1328	PTGFR	PCM1	MYD88	TRADD	KLRC1	SCNN1G	HAUS6	CST3	IQCK	FASTK	USMG5	MPHOSPH6	PET117	PGLYRP1	BLCAP	CST1	COA1	DBF4	STMN3	FUT1
202	1.0	C4orf33	CHCHD3	MRPL10	MMACHC	DGCR2	KLRD1	RASSF2	CD69	IL31RA
203	1.0	TMEM222	NUP210L	CHADL	MFSD11	KDM2A	EIF4E3	SKP2	MPDU1	PARP14	MRPS7	GPR89A	PGAM4	DPP7	PNPO	RAB11FIP2	UPF2	DYNC1LI1	DENND6A	PXYLP1	PPP6R1	SLITRK4	AGPAT3	UNKNOWN	FAM206A	SLC29A4	IPP	CPNE4	EPM2A	CPNE1	PLA2G15	CPNE2	URI1	MEPCE	LIPN	PARK7	HNRNPLL	PARP4	APTX	PRSS16	PTBP3	PRCP	TYW5	HEXB	SLC7A13	GID8	HEXA	GNPDA2	GNPTG	GIGYF2	C9orf64	ZNF280B	TDRD3	LIPF	PCSK4	LIPJ	TRIM28	C2CD5	SLC7A1	PORCN
204	1.0	ZNF491	PLAGL1	ZNF230	FIZ1	ZIC1	ZNF711	GTF3A	SNAI1	PRDM9	PATZ1	YY1	ZNF320	ZNF784	ZNF24	IKZF3	ZNF526	ZNF26	FEZF1	ZNF611	ZNF860	KLF16	ZFP69	EGR1	ZIC4	ZNF142	ZIC2	SALL3	PRDM16	ZNF610	ZIM2	OVOL2	ZNF169	PRDM12	ZNF615	EGR4	RREB1	ZNF728	ZNF787	ZNF530	ZFAT	HINFP	ZNF16	ZNF341	ZNF653	ZNF594	ZSCAN12	ZNF12	EGR2	PRDM13	ZNF48	ZNF322	ZNF534	HKR1	ZNF579	PRDM15	ZNF746	ZNF485	MTF1	ZBTB42	ZNF155	MAZ	ZBTB43	GFI1	HIVEP2	ZNF449	ZNF367	KLF17	ZNF692	OVOL1	ZNF766	ZNF281	ZFP91	GFI1B	ZNF627	ZEB1	ZBTB45	ZNF335	ZNF781	ZNF391	ZNF20	ZFP57	ZBTB20	ZIC5	ZIC3	ZNF844
205	1.0	ZNF333	ZNF343	ZNF583	ZNF470	ZNF623	ZBTB49	ZNF665	ZNF732	ZBTB7C	ZBTB48	ZNF420	ZBTB37	ZBTB38	ZNF236	ZFX	ZNF25	ZNF426	ZNF287	ZNF502	ZBTB34	ZNF260	ZBTB22	ZFP90	ZNF846	ZNF433	ZBTB16	ZNF180	ZNF429	ZNF101	ZNF28	ZNF175	ZNF14	ZFP28	ZNF696	ZNF699	ZNF775	ZNF648	ZNF816	ZNF146	ZNF248	ZNF582	ZNF616	ZKSCAN8	ZBTB46	ZNF160	ZNF419	ZNF225	ZNF267	ZNF829	ZNF558	ZNF136	ZNF41	ZNF879	ZNF189	ZNF541	ZNF548	ZNF600	ZNF837	ZBTB10	OSR2	ZNF486	PRDM14	ZNF562	PRDM10	ZNF358	ZNF791	CTCFL	ZNF347	ZNF624	ZNF584	ZNF845	ZFP37	ZNF408	ZNF528	HIC2	ZFY	ZNF425	MECOM	ZNF880	ZNF121	ZNF141	ZNF324B	FEZF2	ZNF384	ZNF223	ZNF415	ZNF71	ZNF556	ZNF362	ZNF441
206	1.0	FAHD2B	CYP1A2	IDH2	SDHA	MTHFD2	PRKAG1	ACO2	ECH1	ADSS	MTHFD1	FBP1	FBP2	MTRF1L	UMPS	PRKAG3	RTN4IP1	ECI2	SVOPL	UPRT	PRKAG2	TBXAS1	SLC22A13	ADCK2	ADSSL1	SDHB	CYP2A7	DBT	GLDC	CYP2J2	DLAT	CYP2C9	AUH	CYP2W1	CYB5R1	FUBP3	ECHDC2	CYP2A13	DLST	FAM58A	CDYL	CYP2C18	MRPL13	SV2A	CTSA	SLC22A7	MTHFD1L	SLC22A11	HIBCH	ACO1	CYP2C19	ATP5C1	COX10	CYB5RL	PDHX	FAHD2A	CYP2R1	FAAH	MTRF1	VAC14	IREB2	FAHD1	VAT1	SLC39A12	COX18	CYP1A1	ECHS1	MTFMT	C12orf65	CYB5R2	CYC1	SLC22A4	BCAT1	HADHA	STOML2	ECHDC1	CPS1	DHTKD1	SLC22A5	MTHFD2L	LYPLA2	OGDH	COX15	BCAT2	SLC22A15	LACE1	UQCRFS1	MECR	LYPLA1	TM7SF2	MSRB1	VAT1L	CYB5R3	IDH1	LYPLAL1	ECHDC3	LBR
207	1.0	ACADS	CYP11A1	CYP4F12	CYP4F3	LDHD	CYP2U1	CYP4B1	FMO5	ECI1	CYP17A1	CYP2A6	CYP8B1	JMJD4	ETFDH	PHF2	ACADVL	CYP26B1	CYP1B1	FAXDC2	PDK2	CYP3A7	CYP2S1	PHF8	CYP4A22	MSMO1	MOGAT1	CYP2B6	SC5D	CYP4F2	CYB5D2	PGRMC1	D2HGDH	ACAD9	DGAT2L6	CYP4F8	CYP7B1	AGPS	CYP11B2	NOX3	CYP4F22	CYP27A1	MSRA	CYP3A4	PDK1	CHAC2	DGAT2	CYP4Z1	CYBB	CYP27B1	CYP4F11	CYP7A1	MOGAT2	BCKDK	FMO2	CYP3A5	CYP26C1	CYP4X1	ACOX3	PTGIS	JMJD6	ACADM	CYP21A2	CYP2E1	GCDH	CYP2D6	CYP46A1	CYP2F1	PDK3	ACADSB	FMO4	CYP26A1	CYP11B1	CYP19A1	NENF	AWAT2	ACOXL	CYP51A1	FMO1	CYP39A1	PRODH2	CYP24A1	PGRMC2	CYP20A1	CYP27C1	CYP2C8	PDK4	CYP4V2	MOGAT3	CYP3A43	AWAT1	ABHD3
208	1.0	TOR1B	RANGRF	FBXO18	GGACT	THEM6	SRFBP1	SH3BP4	PEAK1	SLC5A8	TTF1	LAMB1	ZC3H12D	PATL2	VWDE	TNN	YBEY	RSPO2	LDHA	ARRDC1	ZC3H12A	FANCI	COMTD1
209	1.0	SLC6A13	CLIC1	LRP8	ITIH3	SLC6A1	WBP2NL	TTC19	SLC6A6	FBN2	CBFA2T2	NQO1	PAPPA	NQO2	TFB2M	MME	SDR39U1	NUDT19	ABHD16B	MTFP1	LITAF	ECE2	SLC6A4	ECEL1	SLC6A14	RWDD2A	OGFRL1	ZBTB24	SLC5A10	AEBP1	LRP5	NAT2	SLC5A5	SCRN3	SERF1A	ABHD10	NOTCH2NL	SLC6A5	SLC37A2	SLC5A6	NAAA	CPN1	MT-ND3	CLIC2	MRPS11	MMEL1	MLEC	SLC6A17	CPZ	NAT1	NAGK	IFIT1	TRPC7	LRP4	SLC6A7	CDIP1	RPTN	SLC6A15	RWDD2B	PHEX	ABHD16A	SLC6A3	NID2	KEL	CLIC3	FBN1	RGPD5	SLC6A16	LRP1	SLC5A12	SLC6A20	ECE1	SLC6A12	GTPBP6	MBNL1	SLC6A9	SLC6A2	ZNF462	SLC6A18	SLC6A11	SSBP1	ZNF451	SLC6A19	SLC6A8
210	1.0	PAQR5	ADIPOR1	PAQR3
211	1.0	HSF4	HSF2	HSF1
212	1.0	POLR2I	GK5	TRIM64	UTP14C	HACD1	ME3	RBBP6	METTL2B	TRIM72	METTL8	RRP1	ZRSR2	PPP4R1	EEF1G	DTD1	NRD1	PRPF38A	RPLP1	OMG	HM13	TRMT11	RRP1B	CFL2	FHDC1	PPM1J	BAP1	PPCDC	PHF5A	NFKBIB	IFT80	NOTCH1	RXFP1	SLC39A1	NTMT1	MID2	METTL2A	ATG7	EXOSC10	PROSC	RPS7	PIGM	SLC38A8	DCP2	SPPL2B	ME1	MTPAP	DPAGT1	ANKRD34B	TSKU	TRAPPC1	DGKZ	ANKRD13A	SPPL2A	DUT	AIFM2	METTL18	SLC38A5	ANKLE1	RPS25	U2AF1L4	TAB1	CAPNS1	PFDN2	DHX8	RNF168	TAF9	TRMT2B	METTL6	VBP1	RPL14	YIPF5	LRRC46	SRP68	APEH	ERCC3	TXNDC15	SLC38A2	RSG1	PAN3	SCYL3	NPLOC4	TRAPPC4	ME2	TRIM64B	THOC2	CKAP5	WARS2	SNCAIP
213	1.0	PLEKHG1	SH3BP1	ARHGAP44	ARHGEF3	ARHGEF9	LPXN	HIVEP1	ARHGEF16	MCF2L	FHL2	NGEF	TIAM1	ARHGEF11	LDB3	TGFB1I1	NET1	ABLIM3	TIAM2	ARHGEF1	CHN1	ABR	ABLIM1	ARHGAP17	ARHGAP32	PXN	LHX1	PDLIM5	FHL3	ARHGAP21	RASGRF2	PLEKHG3
214	1.0	GTF2IRD2	GTF2IRD2B
215	1.0	CLPTM1	CLPTM1L
216	1.0	EZH1	SETD8	EZH2	SUV39H2	SETDB1
217	1.0	CLCN7	CLCNKA	CLCN3	CLCNKB	CLCN6	CLCN5	CLCN4
218	1.0	WT1	ZNF274	ZNF319	ZNF701	ZNF165	ZNF683	ZNF445	ZNF214	ZNF397	ZNF148	ZNF628	SP1	KLF7	ZNF675	ZNF2	ZNF708	ZNF772	PLAG1	ZNF835	KLF11	ZNF852	ZNF430	ZNF510	ZBTB26	ZNF467	ZNF18	ZNF224	KLF12	KLF13	ZNF777	PRDM1	ZNF827	ZSCAN26	ZNF718	ZNF552	ZNF740	ZNF350	ZNF222	ZNF671	ZNF572	ZNF10	SP4	ZNF697	ZSCAN23	ZNF418	ZNF691	KLF5	ZBTB12	ZNF709	ZNF551	ZNF681	ZNF524	ZBTB6	ZNF416	ZNF585A	MZF1	ZNF506	ZSCAN22	BCL6B	KLF4	ZNF705A	ZNF202	ZNF587B	ZNF501	IKZF4	ZSCAN30	ZNF705B	ZNF580	ZNF589	ZNF606	ZNF382	ZKSCAN1	ZNF707	ZNF705D	ZFP2	ZNF605
219	1.0	ZNF620	ZNF735	ZNF233	ZNF334	ZNF841	ZNF737	ZNF613	ZNF417	ZNF439	ZNF304	ZNF549	ZNF493	ZNF192P1	ZNF516	ZNF517	ZNF595	PLEKHA3	ZNF626	GLI3	ZNF547	ZNF257	ZNF221	ZNF300	ZNF107	ZNF32	ZNF660	ZNF574	SNAI3	ZNF813	RBAK	ZNF721	ZNF571	ZSCAN25	ZNF98	ZNF17	ZNF664	ZNF285	ZNF492	ZNF761	ZNF678	ZFP30
220	1.0	ADGRL1	PATE4	NADK2	DVL3	ASCC1	CLN8	YTHDC1	MROH2A	TRPC1	PDRG1	RNF224	ACOT12	RBM26	TAL1	FRY	GPALPP1	YTHDF1	DVL2	KHNYN	SMIM3	FRYL	TOMM20	ADAMTS13	DCT	F8	RIC8B	MFN1	HUS1B	HIF1A	SNAPC1	GRAMD4	ARRDC2	CNIH3	ADGRL3	WDR83OS	PLD6	ENTHD2	NIPAL4	THEM5	ATP5L2	OIP5	RNLS	ATF6B	MS4A4E	ZCCHC10	KIAA0513	SPTSSA	YIPF4	HOOK1	SMPD4	TMA16	TCEB3CL2	TMEM43	ARRDC5	RCAN1	YIPF3	TOMM20L	ASAH1	MIS18A	MED23	C14orf2	KIAA2026	SURF2	LANCL2	PPP1R21	YTHDF3	YTHDF2	LANCL1	ZNF645	FAM102A	LANCL3	CREB5	DOK4	CISD3	SPSB3
221	1.0	LGALS3BP	GALNT2	FAM173A	SLC1A4	SULT6B1	KCNJ14	SLC1A2	ARSD	YBX3	HHIPL1	LOXL3	SSC5D	SLC1A1	GET4	KCNJ3	HS3ST3A1	C2	HS3ST5	NPL	KCNJ8	CD6	ZRANB1	SPOCD1	KCNJ2	KCNJ18	SELENBP1	CLIC5	KCNJ6	HS3ST3B1	KCNJ10	SLC22A17	SLC34A3	SLC1A7	YBX1	SLC1A6	DNMT1	KCNJ12	UGT3A2	SLC9B2	CLIC4	BLVRB	SULT1A2	SULT4A1	SULT1E1	KCNJ5	SLC8A3	ADD3	SULT2A1	CLIC6	ABHD14B	SULT1C4	CSDC2	FST	MTHFSD	SLC1A5	KCNJ15	IGFN1	SLC5A11	MFSD6L	CD163L1	KCNJ1	SULT1B1	MT-ND2	CD163	SLC18B1	GNMT	PLXNA1	SLC18A1	GRIK3	PRSS37	SLC8A1	SLC9B1	YBX2	INPP4A	PAXBP1	COLGALT2	CATSPER4	FTL	C14orf159	LOXL4	SLC34A2	AXIN1	SSC4D	CD5L	KCNJ16	SLC5A4	SLC5A2	C1GALT1C1	APMAP	CATSPER2	KCNJ9	SLC34A1	SLC1A3	MRPL1	SULT2B1	SLC5A9	LOXL2	MARCO	STS
222	1.0	EXOC3L1	B4GALT4	SARNP	CSDE1
223	1.0	CNNM2	FAAH2	DCTN1	GLRX	SNRPA1	PCCA	GOT1	SLC38A3	OXA1L	SUCLG2	PRKAB1	ACACB	ADCK3	KDM5A	SLC2A7	BCKDHB	DOHH	GLRX2	ACACA	FA2H	EWSR1	ADCK1	TBCB	MOSPD2	SLC2A5	POLE	PRKAB2	CYCS	H6PD	SUCLA2	GMPR	AGPAT1	PDHA2	MARCH6	TYMS	VAPB	RRM2	GOT2	DBI	PLCL2	ACBD7	PGD	PHB2	ADCK4	SCGN	ADCK5	ACLY	ISCA2	SEC14L4	ISCA1	CNNM4	MAGI3	COQ3	RRM2B	PDHB	GOT1L1	MSRB3	BCKDHA	PINX1	CNNM1	NPEPL1	CNGA1	TYW1B	PHB	LAP3	LONP2	SLC2A12	G6PD	IMPDH2	CNNM3	KLHDC2	MSRB2	ABHD4	MRPL3	HSD11B2	IDE	PDHA1	IMPDH1	SKP1	SEC14L6	FASN	HAGH	KDM5B	QRSL1	GMPR2
224	1.0	EPHX2	RLBP1	CLVS1	NFU1	EIF3A	EIF3D	NDUFV1	LPCAT4	SLC25A53	BACE1	ICMT	TM9SF2	VPS41	ABAT	OTUD6A	TM9SF3	OAT	EXOSC1	ETNPPL	PYCR1	AGXT2	OXNAD1	SUPV3L1	FPGS	PHYKPL	SLC25A51	MPST	LCMT2	GTPBP1	LACTB2	TM9SF1	CLVS2	CHMP1B	OTUD3	PGP	ABHD11	OTC	BACE2	MTCH2	PPTC7	TM9SF4	HIBADH	SLC35D1	PYCRL	ABHD1	PDXP	FUS	PYCR2	GCSH	SEC14L3	KLHL29	DCLRE1C
225	1.0	HADHB	TLR9	GRPEL1	CEP350	CTPS2	UBQLN3	FDX1L	CHD9	OMD	SIRT1	CLIP2	GLRX5	PGM3	SUOX	PRPF18	NARF	HMGCS1	METAP1D	LRRC70	FADS3	VCPKMT	JADE2	FADS1	REXO1	XPOT	PDSS1	NARFL	CYB5B	PLCH2	DNAI2	TRMT1L	EPHX4	STAG3	PPP2R1A	IPO11	GRPEL2	ACAT2	DTYMK	POLE2	SLC2A13	UBE4B	DHDDS	PPP2R1B	XPO5	SLIT1	FBXW5	FDX1	C12orf10	RANGAP1	ACAT1	IBTK	RPS11	ACAA2	SOWAHC	SLC2A14	AKR7A2	TATDN3	GPD1L	ASNSD1	RABEPK	JADE1	GPD1	SETDB2	RPUSD4	CTPS1	SLC2A3	SLC36A2	SLC2A11	VPS18	FADS2	CYB5A
226	1.0	ALAS2	SLC30A4	PPME1	PRPSAP1	DCLRE1A	SLC25A52	IGFALS	CCNL1	SND1	AMPD2	PODNL1	IGF2BP1	TP53I3	FLRT1	SLC22A1	CFAP44	SLC30A8	PIN1	UQCRC2	AZIN2	SLC36A1	HAGHL	SLC30A1	TBCE	CERS2	NOC2L	LRRC28	CERS3	CRYZ	TCTE1	LRRTM3	AKR1B15	AKR1B10	PMPCA	CERS6	ACAA1	SLC30A10	FH	ANAPC10	SARDH	DMGDH	KCNAB1	IGF2BP3	GCAT	ALAS1	CERS5	COPS4	PRPSAP2	CCNK	CHRAC1	AMPD1	PUM2	BGN	UPB1	PTPRZ1	WDR45	SLC30A7	PRELP	SPTLC1	SGSM2	SLC35E1	AKR7A3	CAD	SPTLC2	SLC30A3	ODC1	COQ5	ECM2	SPTLC3	AKR1E2	SLC30A2	AKR1A1	PDPR	AZIN1	AMIGO2	AMPD3	PUM1	LRRC45	CERS4	LRCH4	LRIG2	NLRP13	PLCD3	TMED10	KCNAB3	DCLRE1B	LRSAM1	SLC30A5
227	1.0	OR52N4	BNIP3L	TP53I11	OR5L2	OR4K13	OR6K2	GPR151	OR10H1	OR4S2	OR5J2	LHFP	OR6K6	TRABD2A	PLA2G2D	PTGIR	OR10Z1	OR4F17	OR5AC2	DCAF17	MSL2	OR51D1	OR2S2	VPS37D	CCDC170	POT1	CRTC1	PID1	OR10H4	OR5M3	OR51F2	OR10H2	KCNJ13	EFNA3	PLA2G2E	CLEC12A	OR13D1	DAP	IGFBP7	OR5K3	OR6A2	OR52L1	OR5AU1	OR52N2	LYSMD4	OR7C2	OR9I1	OR10K2	TCAIM	OR5M9	OR13C4	GPR141	OR5W2	IFNAR1	OC90	NKAIN1	OR4N4	OR1J1	C18orf63	NFAT5	GPR150	RILPL2
228	1.0	SPRY1	CAV2	RASSF9	MBD3L3	CAV3	CRTC2	WFDC3	OR2M7	NAB1	OR2M5	MRGPRX1	FAM65C	OR6Y1	OR8D1	FAM65B	FABP6	OR5D18	OR10H5	PRAF2	MBD3L5	SPRY2	CAV1	PDGFB	OR5A1	FAM69A	CNRIP1	GP1BB	ZACN	KRT222	TMEM47	MBD3L4	WFDC2	SOST	BAG2	MBD3L2	OR51B5	OR5H6	OR5AN1	OR14C36	OR2AG1	GPR22	PDGFA	OR8B3	SPRY4	IL18RAP	OR2T6	LLPH	OR56B1	OR10G9	RASSF8	MB21D1	OR2T10	OR51F1	SPATA18
229	1.0	TRIM73	VPS35	HIST1H2BM	DNAJC28	TRIM60	HIST2H2BE	HIST2H2BF	HIST1H2BB	DIEXF	TRMT61A	UBE2Q2	HIST1H2BN	ANKRD33B	SRI	HIST1H2BL	HIST1H2BO	HIST3H2BB	ABTB2	HIST1H2BE	HIST1H2BG	NAPB	HIST1H2BF	NAPA	KANK4	PSMD9	HIST1H2BD	HIST1H2BA	VPS11	HIST1H2BJ	HIST1H2BK	SRD5A1	HIST1H2BH	HIST1H2BI	HIST1H2BC
230	1.0	NR0B2	AMOTL1	HECA	TMEM194B	INTS10	GPR142	TMEM194A	XKR7	AMOT	CHRDL2	PRLR
231	1.0	ILVBL	EIF3E	TTLL7	MNAT1	PI4K2B	CCNL2	RSF1	CCS	MRM1	SEPHS1	TIMM22	UROD	IMMP2L	MRPL15	CBWD2	PRDX5	ASNS	MRPL11	GSS	HTRA2	RPIA	HTRA1	HMBS	HTRA3	HACL1	ZCCHC17	MRPL27	PHF21B	ALAD	CTNNBL1	GFER	CBWD5	LCMT1	HTRA4	MPV17L2	TTLL6	PCBP2	YARS2	MRPL47	XRCC6BP1	CBWD7	GSTM4	MPC1	SLC33A1	MRPL4	COX11	GRAMD1A	EIF3M	TSFM	TRMU	TMEM63A	TIMM9	PPOX
232	1.0	PCBP1	YPEL2	BOLA2	ACAD11	CRYL1	TAMM41	ACOX2	PCMT1	NOX1	GCH1	PHF3	SLC47A2	IVD	FKBP11	FMO3	YPEL5	AQP10	KDM1B	ETFA	HADH	ETFB	OTUD5	ATPAF2	ACOX1	YPEL4	PAOX	SCPEP1	HSD3B2	ACADL	DEGS2	YPEL3	CPVL	YPEL1	RTF1	XRCC6	AQP6	GTPBP3	ACAD8	ENTPD2	KDM4D	SCP2	FDXACB1	KDM5C	KHSRP	FAF2	EHHADH	BOLA2B	SLC47A1	AQP5	KDM4E	GRAMD2	MTO1	MRPS5	CPOX	SLC32A1	LIAS	STOML1	KDM1A	JARID2
233	1.0	HSFX2	HSFX1	HSFY2	HSF5	HSFY1
234	1.0	BAG3	SPTBN5	SYT7	FLNB	SYT2	RHPN2	MON1B	HSD3B1	SDS	PTPN6	DLC1	N4BP2	RBM28	MOB4	SCAF8	UNC13A	SH3YL1	LNX1	IDH3B	MVK	SH3RF1	SPHK1	PDS5A	UBXN2A	SOX7	STARD13	ARHGAP9	FLNC	TMED5	IDH3G	DEPDC5	UGGT2	MEIS2	ZBTB3	UTP20	PPP2R2D	UGGT1	PLS3	ACY1	ARPC1A	NPRL2	LRRC55	UNC13B	PM20D1	PLEC	MEIS1	RASA3	SERINC3	MEIS3	SERINC5	SMPD1	STXBP5L	SYT1	UNC13C	TOPBP1	TAF6	SOX2	SNX11	SYT5	STARD8	SNW1	PLA2G4B	PPP2R2B	SYT10	PTPN12	SERINC1	COG3	LRRC66	PTPRH	PCLO	AGK	PPP2R2A	VPS36	UBASH3B	BUD13	SYT11	KDM2B	OTOF	TMED3	ADARB2	CCNG2	ESYT3	STXBP5	COG4	RRS1	ZBTB39	MON1A	SERINC2	CERK	RASAL1	SIX1	PPP2R2C
235	1.0	MTMR2	MTMR7	PXK	SLC24A1	SRY	ZFYVE16	SLC24A2	SOX8	TLR6	ARHGAP39	MTMR12	MTMR10	DENND2D	WDR4	RRP12	MTMR8	RAD18	RAD21L1	CWC15	DENND4A	MTMR9	SOX9	MTMR11	HRSP12	HTATSF1	SNX9	RBSN	MTM1	SMPDL3B	ADARB1	TWF1	MTMR1	ST5	DOC2A	RAD21	DENND2C	TBC1D20	MTMR6	UBR1	SOX10
236	1.0	ITPA	EIF4E	ZMYND8	UBL4B	MAPRE3	CUL2	CPN2	SETMAR	LRRC8C	AHSA1	RBM25	DR1	LSM3	TAF3	SNRPB	UBTD2	MAPRE2	SETD2	DGKA	ZFAND4	UBTD1	EIF2B3	RAPGEF3	YEATS2	UFD1L	KCNAB2	EIF4E1B	TGS1	UBD	PDCD2	YEATS4	LRRC4B	GMPPB	CCDC94	LUM	CMTR2	CUL4A	UHRF2	DNAL1	RNF113A	LSM2	LRRIQ4	PTRH2	AKTIP	CDIPT	ISG15	PCGF2	TUBGCP3	FNTA	SHOC2	UNK	POLE4	LRRTM4	LRRC8E	RAPGEF4	SLIT2	LRRTM2	ZC3H4	ORC4	EIF4E2
237	1.0	QKI	HSD17B10	ESYT2	MYO1C	ZC3H8	CAP1	FGD6	ARHGAP22	VAMP8	ADH7	TMED9	USP30	SDR16C5	CEBPZ	TRIM43	IPO9	CUL5	MYO1A	ADH1C	IGF2BP2	OXR1	SLC22A3	NCOA7	HSD17B7	SSB	ADH1A	NFKBID	ADH6	SEC14L1	SNF8	MYO1H	MYO15A	ADH4	CWF19L1	PGM1	MYSM1	FGD3	MCCC1	CHMP5	IPO4	MYO18B	TNPO3	TMED4	MYO19	SLC9A6	UCHL5	SMYD3	PPM1M	TRAPPC3	MOCOS	LRRC29	HSD17B4	FGD4	XAB2	ADH1B	POLI	LRRC10	PHF12	PHF21A	MYO1G	SEC14L5	ARHGAP24	ANKRD33	TMED2	UCKL1	FBXL14	AIRE
238	1.0	NUP98	RPS14	CNOT4	EMG1	POLR2F	CGRRF1	PPAN	RRP8	ABHD17C	FAM96B	DERL1	TMX4	TRIM6	HACD2	DMC1	TRNT1	MCM3	FHIT	HCN4	RPS27L	TSR3	PFDN6	ABHD17B	ZFP36	SUMO1	YIF1A	TXNL4A	BIRC7	TRIO	TRAPPC5	RPL19	PELO	N6AMT1	APEX1	TRIM13	AARSD1	RPS24	RAD51D	ISCU	RPS27	TXNL4B	ABT1	POLA1	ADAT2	NIP7	NSA2	ZFP36L2	RING1	SEC11C	ATP6V1F	RPL36	DYNC2H1	RPL18	RAD51	RPS13	VPS13B	DERL3	RPS26	CSNK2B	RPS17	DPH6	XPR1	SEC11A	GTF2H4	SPATA21	NMD3	MYH15	METTL1	ZNRD1	CMTR1	RPL35A	ARMC3	RPL13
239	1.0	DNAH6	RNF121	DYNC1H1	DNAH3	RPE	KLHL1	EFHC1	PGS1	TRIM6-TRIM34	EIF5B	DNAH8	MYH10	IDI1	POLR1B	CTU1	DNAH5	KMT2E	ORC2	DNAH1	DNAH12	NEMF	TRIM17	XRCC2	CNGA3	IDI2	ZFP36L1	PPP1R42	CNGA4	PNPLA7	DNAH9	DPH5	RPEL1
240	1.0	PACSIN1	CHN2	RAPGEF1	ARHGEF28	STAC2	RAPGEF6	ARHGAP30	PACSIN3	ARHGAP36	ARHGAP20	ARHGDIG	ARHGEF37	PLEKHG4B	DOCK1	ARHGAP31	SKAP2	ARPC3	PLA2G4E	ARHGEF12	RICTOR	ARHGAP6	IKZF5	PLEKHG4	ECT2L	TMED1	HMHA1	PLA2G4A	GRAP	ABI3	NPHP1	SPR	FLNA	RALBP1	PEX13	ARHGEF7	FAM13B	RASGEF1B	STAC	RAPGEF2	DOCK5	RHPN1	ARHGAP15	PACSIN2	ARHGAP18	ARHGAP5	ZNF831	ARHGAP28	SH3RF3	STAM	ARHGDIA	TOM1L1	IQGAP3	ECT2	ARHGAP12	CRK	DBNL	ARHGAP33	CRKL	AEBP2	FNBP1	LHX5	STAM2	SLC27A2	FCHSD2	PLA2G4D	PLEKHA7	ARHGDIB
241	1.0	STAC3	BCR	NCK1	ARHGEF6	ARHGAP4	SLC30A6	SORBS3	ARHGAP29	GRB2	ARHGAP40	LASP1	ARHGAP35	SYDE2	SH3GL3	SH3D21	ABI1	NCF4	SH3GL2	ARHGEF26	VAV3	NOSTRIN	CD2AP	ATG2A	GRAP2	SH3GL1	SRGAP2	NCK2	NCF2	VAV1	ARHGAP23	VAV2	CAPZB	SH3KBP1	SRGAP3	ABI2	OPHN1	SORBS2	SRGAP1	SH3D19	GMIP
242	1.0	COPS3	CAP2	ATG4A	VPS33B	SLC38A7	SLC38A1	NAP1L1	ARHGAP25	HMGB4	HMG20B	LRRN2	PLCL1	CAPN8	MAP1LC3C	NOM1	ATG4B	PLCG1	GABARAP	TBC1D24	HMGB3	MAP1LC3A	PRMT5	PRPF40B	GABARAPL2	PLCG2	NAP1L4	TSPYL4	EMC3	NAP1L2	CAPN2	PLCD1	CCDC130	RTFDC1	SMYD2	PLCE1	TRAF6	TSPYL5	CAPN1	PEF1	MAP1LC3B2	GABARAPL1	HMG20A	SMYD4	PLCD4	FHOD1	UNC45B	CWC22	PRPF40A	ATRNL1	MAP1LC3B	ATG3
243	1.0	DIAPH2	SF1	DGKQ	DNPEP	MYO6	RBM41	MYO5B	UBE4A	CNOT2	PFDN5	PIGO	SLC35B2	MYO10	FMNL1	CTR9	PDZRN4	EPT1	SSRP1	TBPL1	UCHL1	LDHB	DIAPH1	PIGG	INF2	DAZ2	BDH2	DHRS1	NOC3L	ZNRF1	SLC35B1	ZNRF2	PFKM	FBXL2	MYO1D	RABL6	ANKRD45	SENP7	TRRAP	CLP1	SPEN	NOX5	MEGF8	DAAM2	RAVER2	PDCD2L	EIF3C	RBM14-RBM4	CEPT1	GNAQ	DCXR	GNA14	FBXW9	G3BP1	MYO7B	HMGB1	DAAM1	EIF3CL	ARFGEF2	BMI1	RNF4	ALG1L	RBM15	ARFGEF1	ARPC1B	VAMP7	PDCL2	GMPS	LNX2	PMM1	EIF4G1	PFKL	PMM2
244	1.0	SLC2A8	HCN1	PRKAR2A	PDE12	NOS3	GGPS1	NOS1	SPAG6	ISG20L2	HCN2	KMT2A	ANGEL1	SLC2A6	WDR34	REXO1L1P	ANGEL2	PAN2	KMT2D	HCN3	NSD1	SLC2A9	NME5	CCRN4L
245	1.0	SYT3	CTBP2	GRHPR	ALDH8A1	ALDH3A2	JMJD7-PLA2G4B	CLCN1	RASA4B	PHGDH	CCNG1	ALDH7A1	ALDH5A1	TMED7-TICAM2	GNAZ	ALDH3A1	CBS	PDCD6IP	CTH	NIT2	ALDH3B2	SYT6	RPH3A	CTBP1	ALDH4A1	ALDH6A1	ALDH1L1	NFX1	CCNF	SDR42E1
246	1.0	TAF15	PCSK7	MORN2	SUN3	XDH	CHMP7	GCKR	MTA1	SUN1	FAT1	RCOR2	PEAR1	KCNC4	PLOD1	MSL3	ALOX5	KCTD9	GSTM2	HPGDS	ALKBH4	ZNF592	PYROXD1	INTS7	ANAPC4	TRPC6	GSTA3	SERF1B	TRIM55	MTA3	ELFN1	JOSD1	HOOK2	SPAG4	ACOT8	FBXO24	ATXN3L	KCNT1	RNF207	SLITRK2	FHAD1	GSTA2	GSTM1	SLC3A1	RAB3GAP2	KCNC2	TMOD4	CCIN	LRPPRC	CELSR1	STAB1	ALKBH3	GAS2L3	NIPA1	LAMB2	MEX3B	AK7	SUN5	TRIM63	PTRHD1	RCOR3	TLR10	DCAF12L2	OCM	TRERF1	SHKBP1	TMEM120B	SUN2	CPM	MICU2
247	1.0	MEX3D	PPP2R3C	ITIH5	QDPR	DIRC2	CPE	RFESD	SLC22A25	TTC14	NLRP9	ANKRD34C	SLC17A7	SPNS1	SLC13A1	DLK1	ZZEF1	FAIM2	MATR3	FAM173B	AGGF1	DYNLRB2	ABHD15	GPSM1	SLC13A3	WDYHV1	HAAO	HEMK1	CHMP4B	KLC1	SLC35D2	RBM34	ATXN10	HIATL1	DCTN6	HEATR5B	GLTP	SQSTM1	MFSD7	ATP1A4	MFSD9	CHERP	TAZ	CHMP4C	KCNH1	GGT5	LGI4	RNH1	NCLN	SCUBE2	GRINA	CBLB	SLC17A8	FLVCR1	GGT7	DYNLRB1
248	1.0	MOB1B	MOB3B	MOB1A	MOB3A
249	1.0	LYZL2	INMT	MSL1	ATN1	CCP110	MB	C15orf61	LYZL6	CCDC64B	TSSC4	CCDC43	LAG3	SIRPB2	GAS1	FBXO40	EPCAM	LAPTM4B	POLR3GL	ZSWIM3	SOSTDC1	WFS1	MED15	XKR5	PPP1R8	CCDC102B	MBLAC1	C1orf198	NPDC1	SCG5	TLCD2	PERP	KIAA1467	C19orf43	FAM162A	PPP1R14B	MRPS33	DTNBP1	XKR8	ARHGAP27	TEFM	FAM117B	BRAT1	TMEM183A	TMEM192	NPM1	PLA2G3	TMEM223	C18orf32	TMEM14E	LAPTM4A	LYZ	FBXO43	TMEM179
250	1.0	CDKN1A	TMIE	P3H4	ZC3H13	BORA	CACNG8	CACNG2	DAND5	UQCR11	LZTS2	AMOTL2	ICAM1	PET100	CRTAP	GNG13	NHLH2	GREM1	NBL1	POLR3G	IQCJ-SCHIP1	MTCL1	SCHIP1	CACNG4	MINOS1-NBL1	OR2L8	CST6	CIDEA	CER1	TPBGL	MRPL50	CD86	SOGA1	OR10G3	SMIM4	INSC	CDC42EP2	PANX2	C7orf26	PHYHIP	TMEM130	STOX2	DOK7	TMEM173	FCGR3B	A1BG	OR5T1	ZNF488	C7orf31	PHYHIPL	DFFA	LALBA	OR6N1	PNMT	STOX1	CACNG3	CIDEC	XK	LECT2	CACNG5	FANCA	CACNG7	TNFSF12	GORAB	NHLH1	DFFB	CDKN1C	N4BP3	CRHBP	BTN3A2
251	1.0	PYGL	AGL	MBOAT4	GBE1
252	1.0	MAF1	CPNE9	TMEM63B	ASPN	EEF1B2	MYH9	MBOAT1	ERCC1	LPCAT3	MKRN2	DNAH17	RPA2	CRYZL1	GTF2H3	VWA8	SLITRK6	NUDCD1	MBOAT7	DPP6	MBOAT2	TRIM77	TUBGCP4	XIAP	MUTYH	HMGCR	POLR2A	RNMT	SOX12	TLR1	ACPP	DDI1	ADAT3	TBCEL	TMTC2	CIAPIN1	BIRC8	FAM96A	TRIM59	PGM2	TPTE	MARCH1	CKS1B	AGXT	BDP1	RPS29	VPS52	PISD	GALM	NPHP3	CHMP2B	SRD5A3	MARCH5	SLC37A4	SPCS3	RSL1D1	EXOSC3	TBCD	VPS8	SCAF4	TMEM63C	CEP170B	FIP1L1	TAF7L	RIN2	SLC4A1AP	MVD	UFL1	ARMC4	REC8	CKS2	QTRTD1	TCEANC	TAF10	PNP	STARD5	SPO11	SLC38A11	DCAF4L2	IWS1	SDF2L1	FLRT3	RPRD2	QTRT1	WRAP73	WDR66	HID1	STAB2	ABHD6	COG2	CEP72	SNRPC	XPC	HLCS	YJEFN3	EEF1D	RPRD1A	MARCH3
253	1.0	TNFSF13	TNFSF12-TNFSF13
254	1.0	OR5AR1	OR11L1	GOLIM4	OR52E6	OR52D1	OR5AS1	OR2M2	GAREM	TIMP3	AMICA1	OR51M1	OR5C1	GPRC5C	OR52N5	PAIP2B	TIMP2	OR10P1	TIMP4	TMEM150C	TIMP1	NCOA6
255	1.0	FAM193B	LCORL	BANK1	NDNF	METRN	CDCA4	GAREML	C2CD2L	FAM69C	CHCHD6	MRGPRX4	C14orf119	C17orf104	AUTS2	TMEM59L	WISP2	GFRA1	FAM193A	FNDC4	SMDT1	DOK3	C19orf12	ITM2A	LYSMD1	SERTAD2	ZNF839	HEXIM1	CD80	PPP1R15A	BTNL3	MMS22L	MVB12A	PLP2	EPN2	TMEM178B	TAB3	OR4C46	CYR61	FGF19	NOL4L	GFRA2	VWC2L	IGSF5	C2orf42	MYF6	GFRAL	METRNL	C6orf203	CD226	TCF23	COL16A1	C2orf47	COBLL1	C5orf15	FAM122A	ZNF185	QSER1	CRB3	GPATCH2L	MYEOV2	FAM107A	FGF23	ITM2B	ATP5I	FASTKD2	CD4	FAM69B	CRLF1	FAM60A	GIF	BAMBI	ITM2C	C1orf106	COX7A2	VTCN1	LCOR	MAEL	COX6C	TDRD12	LAMP3	COBL	SIRPG	PDCD1LG2	VSTM2L	LTB4R2	C7orf55	GFRA3	HDAC9	EVPLL
256	1.0	NAT10	RPL26	EP300	REV3L	LATS1	WHSC1	TADA2A	RPS16	RPL5	RPL26L1	DHPS	NME7	XRCC3	NMT2	RPL10L	SF3B2	ANKRD13B	NMT1	SUMO3	POLR2G	EFTUD1	HINT2	CHD6	TADA2B	MPHOSPH10	RNASEH2A	DERL2	RNF2	ABL1	CHPT1	BUB1	TOP2A	MDN1	LTN1	RPL10	SMARCA2	FBL	PDZRN3	DNAJC13	DNAH7	TRMT1	EXOSC2	ABHD17A	RPL13A	KDELR2	HIPK1
257	1.0	CCNO	CCNB3	CCNE2	CCND2	CCNE1	CCNI	LARP6	CCNA1	LRCH1	CCNB1	CCND1	CCNA2	CNTD2	CCNB2
258	1.0	TRAPPC2B	BRCA1	HACD3	PIAS2	NACAD	NACA2	COASY	TRIM22	SEC22B	PIAS3	TRAPPC3L	PIAS4	PIAS1	CAPS	TMX2	TRMT10A	EPN3	LDHAL6A	TRMT10B	EPN1	H2AFB2	NUTF2	ZMIZ1	BYSL	HCFC2	TRMT10C	H2AFB3	SLC9A7	ZC3H7B	H2AFZ	PSD4	PSD	NOTCH3	H2AFB1	H2AFV	DUSP21	ZMIZ2	STX16	STON1-GTF2A1L
259	1.0	CT45A3	CT45A9	CT45A1
260	1.0	SHMT2	SHMT1
261	1.0	HMGCLL1	ZADH2	SLC22A10	SLC22A16	AKR1B1	ALDH16A1	PTPN23	FAP	AKR1C2	PTPRG	RBKS	CCNC	CNDP1	TAT	AKR1C4	SNX7	AKR1C1	DPP10	GPT	ALDH2	CCBL1	AKR1C3	NDUFV2	RANBP9	SLC22A8	NLRP1	MOB3C	MOB2	CCNT2	AKR1D1	SNX30	HMGCL	CCBL2	TMED7	LRRC2	ADK	ALDH3B1	GPT2	AADAT	ACCS	IMPA2	SGPL1	PGLS	ACCSL	DPP4	SLC22A2
262	1.0	DUSP14	DUSP26	DUSP8	DUSP7	DNAJC6	DUSP16	DUSP2	STT3B	GNAI2	DUSP1	DUSP10	SSH1	SSH2	DUSP22	DUSP13	PANK3	DUSP19	DUSP9	DUSP6	SSH3	GNA13	STYX	ENTHD1	DUPD1	DUSP28	STT3A	DUSP4	GNAI3	DUSP18	DUSP5	CBR4
263	1.0	WIPI1	ABCC3	PCCB	PFKFB2	SDSL	CLIP4	PTP4A1	PRPS1L1	VPS33A	METTL21C	LRCH3	PRPS1	RTN4RL2	HSPE1-MOB4	ALDH1L2	DPYD	GK2	ANKRD13C	TRIT1	RPTOR	DUSP27	ZNF622	GNAT1	VPS26B	METTL21B	RTN4R	PFKFB3	CLINT1	TRIM10	VAMP1	PFKFB1	ANKRD62	KIAA0020	SLC36A4	UTP11L	REV1	EIF2B1	RPLP2	SDAD1	SBDS	NAA50	RHOBTB1	UCK1	VPS26A	GALE	UCK2	TRMT2A	SLC38A10	COPZ2	STX12	RNF103-CHMP3	RHOBTB2	BBS4	ANKRD40	LRRC40	GNAT3	POLK	PRPS2	UXS1	CLIP3	PTEN	COPZ1	DHRS12	DPP9	SVOP	HEATR1	IFT88	PTPDC1	APOA1BP	TRIM74	TGDS	HSD11B1L	STX1A	WIPI2	TMTC3	PFKFB4	GK	LRRC4	EIF2B4	HSDL1	EIF2B2	METTL21A	UACA
264	1.0	LGALS3	SDC3	NDUFB1	CT45A5	CDKN2AIP	CNPY1	LYPD6B	PTGFRN	IGF1	OR5AP2	FJX1	TJAP1	GADD45A	PLLP	MID1IP1	AKIRIN1	WISP3	GADD45B	GLYATL2	ARL14EP	LYSMD2	TMEM123	LYPD6	TMEM169	OR2M3	ARL6IP6	MSANTD3	GLCCI1	PLP1	BTN2A2	FOSL1	KTN1	TAPBPL	G6PC2	PPP1R15B	RILP	TNFSF13B	ANAPC15	SPATA2L	TMEM14B	OCIAD2	EPGN	TESPA1	SAMSN1	RBP4	GKAP1	CD164	MIA	BTN3A3	FAM122C	TPRG1L	DAPL1	NOS1AP	RBFA	PIK3AP1	MEA1	THAP10	FBRSL1	C9orf16	CD164L2	ATF4	PAGR1	MRGPRX3	MLLT4	FAM162B	MED9	BCL9	NCCRP1	SUSD3
265	1.0	OR4C16	OR6B2	NDUFA1	STAP1	C20orf27	FNDC5	COA3	CD79A	TFPT	FBXO5	TMEM200A	BCL9L	HHLA2	C16orf89	LDLRAD4	NCKAP5	CIDEB	NCKAP5L	C16orf87	FCGR3A	PKIB	RASSF10	DTHD1	NDUFB4	OR2W3	KIAA0825	C16orf45	ARGLU1	CCDC142	MBD6	OR6B3	TMEM198	PGLYRP4	APOOL	MANBAL	OR10X1	OPTN	DAZAP2	TACSTD2	INIP	OR2T12	TICAM2	NDFIP2	CARD14	MBD5	FADD	HSF2BP	SHARPIN	PMEPA1	EPM2AIP1	LILRA3	YAF2	CD200R1L	TCN2	CDC26	OR12D2	GADD45G	CDKN2AIPNL	OR4F4	PLEKHN1	OR52K2	IGSF23	CD96	TMEM60	EBAG9
266	1.0	BIRC3	BIRC2
267	1.0	CALR	CALR3	CANX
268	1.0	RPS5	RPL23A	POLA2	KRR1	GSPT1	ZSWIM2	BUD31	EML4	GPI	TRIM4	CHD2	PRKAR2B	LRRC6	AIMP1	LRRC18	ATAD5	GSPT2	TMTC1	SUPT16H	ESF1	PRIM1	TRIM11	NACA	ATR	PIK3C2B	RABGGTA	PSMC2	KDM6A	H2BFWT	INPP5J	ZNF598	PUSL1	RER1	FEM1C	HIPK2	PES1	TRIML1	MAK16	DDX3Y	RPL15	TRMT5	RRM1	TPI1	PNPLA6	TRIM35	GTF2H2C_2	MAP3K12	DUS3L	UBA1	XRN2	H2BFM	SF3A3	LRIG3	RCL1	COPA	GTF2B	POLD2	TUBGCP2	EIF4G2	IARS	ATP6V1C1	GTF2H2	RPS9	VPS13A	MAPRE1	GP5	APEX2	RPS18	TBC1D31	RPL27A
269	1.0	LONRF2	IQSEC3	KHDRBS1	ASF1B	SLC25A25	ABCC2	CDK13	TLR5	KDELR3	RPS20	PCNA	TOP3A	CNOT8	RNF135	TMEM30A	PUS7	TRIM25	PSMD4	MRE11A	SENP6	ASCC3	PAPOLG	PPAN-P2RY11	PCGF1	ATAD2B	PHLPP2	ATP6V1H	MYO18A	PRPF8	CDC27	VPS13C	INPP5K	XRN1	MRPS12	TRIM21	TBC1D9	DRAP1	PIGA	MCM6	CHD1	CDKL2	SF3A2	PSD3	JADE3	NOL10	WRNIP1	HINT1	TAF1L	TATDN2	PTPN9	PAPOLA	ASF1A	TRIM62	CNOT7	DDX23	RFPL4B	MAP3K5	STX2	VPS13D	INPP5E	ASNA1	POLR3F	PUS7L	UTP18	PAPOLB	FLII	RAD23A	KDELR1
270	1.0	MIPEP	ERGIC1	IP6K2	STX7	GNA11	CCNT1	LRRC30	KIAA1161	GAA	RASA4	GANAB	IDH3A	PEX5	ALG2	IPMK	SV2C	FBXL13	RANBP10	GNA15	RRAGC	VAMP3	MGAM	GINS2	LRRC10B	ARPC4-TTLL3	SORD	SV2B	GNAT2	ALG11	CCND3	FBXL15	LRCH2	VAMP2	ANKIB1	SI	SUCLG1	KIAA0141	SBF2	RFT1	CDC16	EHD2	PEX5L	ALDH9A1	IMPA1	CCNI2	NRROS	POLH	ALG1L2	SBF1	GNAL	DCAF4L1	SPHK2	ALDH1A3	GNAS	ERGIC2	SRR	ERGIC3	TRIL	ALG1	NSDHL	ALDH1A1	ADH5	LRRC59	IP6K1	TTC37	ALDH1A2	ESYT1	GANC	EBNA1BP2	ALDH1B1
271	1.0	PSAT1	RNF217	SLC38A6	AASDH	SLC38A4	RRAGD	TLE6	RNF19A	GCA	PPAP2B	EHD4	LRR1	SLC22A6	PIKFYVE	PREP	EDEM3	MBTPS1	LARP1	HGS	LRRC27	SNX1	C9orf3	NLN	DOC2B	MCTP2	TLR3	MCTP1	GPCPD1	MON2	NIT1	SYT9	THOP1	RNF144B	RNF14	CDC45	FGD2	RNF19B	MTCH1	MTMR4	NLRC3	ATG4D	ADIPOR2	LRRC69	YOD1	VPS54	PRKCSH	WDR45B	LRRC58	ATRN	EHD3	NOL6	ATG4C	ARIH1	DECR1	SNX4	EEA1	SNX3	COL4A3BP	SMPDL3A	SNX33	CLCN2	ANAPC2	SLC8B1	ADAT1	CUL9	PAXIP1	FBXL17	SNX18	SNX8	MTMR3	UGP2	PPAP2A	GNA12	SNX12	EHD1	ARIH2	PPAPDC1A	RNF144A
