1	1.0	ZNF331	ZNF540	ZNF554	ZNF700	ZNF793	ZNF814	ZNF717	ZNF8	ZNF679	ZNF471	ZNF33B	ZNF780A	PRDM6	ZNF157	GLI3	ZNF785	ZNF253	ZNF714	ZNF587	ZNF565	ZNF676	ZXDC	ZNF181	SCRT2	ZNF440	ZNF93	ZNF850	ZNF630	ZNF273	ZNF443	ZNF124	ZNF74	ZNF254	ZNF30	ZNF44	ZNF91	ZNF37A	ZNF573	ZIM3	ZNF100	ZNF776	ZNF669	ZNF404	ZNF823	ZNF283	ZNF208	ZNF431	ZNF790	ZNF92	ZNF544	ZKSCAN2	ZNF90
2	1.0	SLC25A15	SLC25A17	SLC25A28	SLC25A41	SLC25A34	SLC25A42	TNPO1	ITSN2	NAA16	SLC25A16	SLC25A2	SLC25A48	LENG8	SLC25A32	SLC25A30	SLC25A14	SLC25A21	NSFL1C	SLC25A36	NAA15	SLC25A11	SLC25A20	SLC25A45	SLC25A43	UCP1	DBR1	SLC25A33	PRMT8	SLC27A5	DDB1	RBM15B	SLC25A4	AHCY	EIF2A	SLC25A12	UCP2	SLC25A31	AHCYL1	SLC25A37	SLC25A40	SLC25A3	CHKA	CHMP2A	SLC25A19	ATP6V1E1	SLC25A39	SLC25A26	HSD17B8	SLC25A29	SLC25A13	SLC25A22	ITSN1	SLC25A5	SLC25A44	VPS53	UCHL3	SLC25A10	SLC25A1	TNPO2	SLC25A6	UCP3	SLC25A18	EIF3B	DECR2	SF3B3	WWOX	LSM10	ATP6V1E2	SLC25A38	AHCYL2
3	1.0	OR6B2	LGALS3	NDUFA1	NDUFB1	CACNG2	CT45A5	CT45A3	CNPY1	UQCR11	LZTS2	CD79A	TFPT	FBXO5	LYPD6B	PTGFRN	OR5AP2	LDLRAD4	CIDEB	CT45A9	GADD45A	CACNG4	MID1IP1	AKIRIN1	FCGR3A	PKIB	DTHD1	NDUFB4	OR2W3	GADD45B	GLYATL2	ARL14EP	LYSMD2	TMEM123	LYPD6	MBD6	TMEM169	EPCAM	OR6B3	ARL6IP6	OR10G3	SMIM4	MSANTD3	CT45A1	TMEM130	KTN1	TAPBPL	G6PC2	TMEM173	MANBAL	OR10X1	TNFSF13B	OPTN	TACSTD2	SPATA2L	INIP	EPGN	OR2T12	TESPA1	LALBA	TICAM2	CARD14	MBD5	SAMSN1	RBP4	TEFM	HSF2BP	PMEPA1	CD164	MIA	EPM2AIP1	LILRA3	CD200R1L	FAM122C	RBFA	CACNG7	THAP10	C9orf16	CD164L2	GORAB	ATF4	CDC26	GADD45G	MRGPRX3	CDKN2AIPNL	FAM162B	MED9	BCL9	N4BP3	OR52K2	CD96	TMEM60	NCCRP1	SUSD3	EBAG9
4	1.0	CCDC105	THEGL	PTTG1IP	CDCA3	MZB1	CEP126	PMFBP1	PROSER3	TMEM101	TEX26	CCDC24	CCDC169	C10orf67	PPP1R32	C6orf118	WDR93	TMEM187	C4orf45	FAM47A	C3orf84	TMEM232	LKAAEAR1	VIMP	FAM47E	C10orf107
5	1.0	DRGX	HOXD3	HOXC4	HOXB13	MEOX2	CRX	OTX2	HOXC10	MSX2	HOXA1	HOXA13	NKX2-6	HOXA5	HOXB2	PAX6	ALX1	HOXA9	MSX1	EN1	HOXB4	HOXA3	HOXD8	ALX3	NKX2-8	CDX4	GBX1	HOXA4	NKX2-1	HHEX	HOXA6	MEOX1	NKX3-1	UNCX	HOXD11	ESX1	VSX2	EVX1	HOXA10	HOXB5	ALX4	HOXB3	GBX2	CDX2	EN2	HOXA11	EMX1	NOTO	PAX4	HOXA2	HOXA7	HOXC8	DBX2	PROP1	ISX	HOXC13	HOXD13	HOXB7	HOXC11	HOXD1	DLX2	ARX	HOXD10
6	1.0	HAVCR2	NCR3LG1	DDIT4	IGFBP4	BTNL8	PGF	SIGLEC9	MFF	VEGFA	AKAP6	ITFG3	COX16	KATNBL1	FIGF	OR10T2	VEGFB	FAM195B	NANS	OR5I1	EPPK1	HABP4	BAK1	CBLN1	OR1J2	TMEM211	DDIT4L	CEP152	NRBF2	FOSL2	MT-ND6	TMEM25	FUT2	FAM195A	USHBP1	EBI3	LAMP1	CHTOP	SLC7A6OS
7	1.0	IL17RD	PRRG3	WISP1	TMEM178A	PRRG1	BTN3A1	EDAR	SLC48A1	KCNMB3	EMID1	KCNMB1	IL17RA	TRIM14	COL26A1	HOMEZ	CRYBA2	PTGER1	TRIM69	CRYBA4	LECT1	IL17F	PRRG2	PRR14L	IGFBP6	CRYBB2	ZNF365	CRYBB3	CLDN7	IFFO2	KIAA1549	STC2	STC1	TRIM16
8	1.0	PDCL3	MYO1B	MYO6	SLC38A6	IGF2BP1	SLC38A4	MYO1C	MYO5B	NAP1L1	TAF3	SV2C	SLC22A6	PIGO	SENP6	LRRN2	MYO10	SV2B	MYO1A	IGF2BP2	PIGG	MYO5A	IGF2BP3	MYO1D	PRPF40B	MYO1H	MYO15A	NAP1L4	TSPYL4	EMC3	LRRC69	NAP1L2	MYH14	STAMBP	CCNT2	MYO18B	HMGB2	TNPO3	MYO7B	SMYD2	HMGB1	SET	MYO19	TSPYL5	EIF4G2	SMYD4	UNC45B	PRPF40A	MYO1G	PDCL2	MYO5C	SNX8
9	1.0	ITGB3BP	C1orf159	PIP	TRAT1	UTS2B
10	1.0	ZNF33A	ZNF345	ZNF596	ZSCAN10	ZFP14	ZKSCAN7	ZNF567	ZNF557	ZNF652	ZNF200	ZNF383	ZNF84	ZNF266	ZNF619	ZNF234	ZBTB38	ZNF177	BCL6	ZNF311	ZNF672	ZNF566	ZNF85	ZNF559-ZNF177	ZNF19	ZNF34	ZKSCAN5	ZNF710	ZNF764	ZNF705G	ZNF275	ZNF256	ZNF250	ZNF713	ZNF570	ZBTB47	ZSCAN31	PRDM4	ZNF317	ZNF70	ZNF799	ZNF577	ZNF461	ZNF780B	ZNF423	ZNF132	ZNF134	ZNF792	ZNF81	ZNF670	ZFP1	ZNF561	ZNF480	ZNF836	ZNF99	ZNF674	ZNF773	ZNF658	ZNF543	ZNF778	ZNF729	ZNF555	ZNF77	ZSCAN32	ZNF184	ZNF57	ZNF521	ZNF205	ZNF546	HIC2	ZNF454	ZFP69B	ZNF878	ZNF529	ZNF805	ZNF264	ZNF268	ZNF749	ZNF329	ZNF578	ZKSCAN3	PRDM5	ZNF154	ZNF564
11	1.0	TTLL2	TTLL9	TTLL11	TTLL5	TTLL4	TTLL3	TTLL10	TULP4
12	1.0	OR11A1	OR2T5	PTGDR2	OLIG1	AGER	OR4K14	EDNRA	BHLHE23	ATOH7	OR1N2	TFAP2D	OR2A42	SEMA6B	OR4K1	OR4L1	OR2A1	OR1E2	OR4D6	OR10A6	MSC	OR1E1	OR2T29	OR4K17	GPR27	OR2B11	BHLHE22	BCL7B	ID4	OR2W1	SEMA4G	DACH2	MRPS30	DACH1	OLIG2	TPM2	MC1R	ATOH1	SEMA7A	S1PR5	OR2H2	BCL7C	NEURL2	RUNDC1	OLIG3	GPR61	S1PR4	OR2AT4	NEUROD6	OR2G6	OR13J1	OR4C15	NTSR2	OR1L8	OR4A5	OR11G2	MSGN1	OR14I1	OR9A2
13	1.0	GLMP	P2RX4	P2RX6	P2RX5
14	1.0	CHRNA10	CHRNA2	CHRNA4	CHRNB3	CHRNB1	CHRNA3	CHRNA1	CHRNA5	CHRNG	CHRFAM7A	CHRNA7
15	1.0	RFX2	RFX5	RFX7	RFX6	RFX3	RFX1	RFX4
16	1.0	TSNAXIP1	PHOSPHO2	PALD1	NUDT1	C4orf47	FAM227B	PHOSPHO1	TTC9B	DPCD	CIITA	C22orf23	RIIAD1	LACTB	MNS1
17	1.0	GLIPR1L1	CRISPLD1	CRISP3	R3HDML	GLIPR1L2	PI16	CRISP2
18	1.0	FAM64A	C20orf173	C18orf42	C9orf129	TMEM140	FANCD2OS	EVI2A	C9orf152	EVI2B	TMEM171	CCDC107	SELPLG	CD177	NAT14	IL9	C2orf72	TMEM213	COX8C	C4orf46	KIAA0040	KRTAP13-4	KNSTRN	DYNAP	TAC4
19	1.0	PTPRK	PTPRF	PTPRS	PTPRO	PTPRQ	PTPN2	PTPRC	PTPN11	PTPRN	PTPRT	PTPN18	PTPRE	PTPN1	PTPN21	PTPRM	PTPN22	PTPRA	PTPN7	PTPRD	PTPN14	PTPRN2	PTPRR
20	1.0	ZNF677	ZNF569	ZNF614	ZNF284	ZNF133	ZNF668	ZNF484	ZBTB32	ZSCAN4	ZSCAN5B	ZNF599	ZNF45	ZNF436	ZSCAN29	ZNF22	ZNF808	ZNF513	ZNF7	ZNF226	NFYA	SNAI2	MAGI2	ZFP62	ZNF112	ZNF286A	ZBTB7B	ZNF43	ZSCAN21	ZNF286B	REPIN1	ZNF500	PLD2	ZNF227	ZIK1	ZNF396	ZNF79	ZNF536	GLI4	ZFP64	ZNF774	ZNF337	ZNF473	ZNF585B	ZNF235	ZNF490	ZNF239	ZKSCAN4	ZNF629	ZNF354A	REST	ZNF782	ZNF559	ZSCAN5A	ZNF662	ZNF83	PLEKHA8	ZNF479	ZNF23	ZNF182	ZNF263	ZNF625
21	1.0	MAMLD1	S100A7	TAS2R16
22	1.0	OR52N4	BNIP3L	TP53I11	OR5L2	OR4K13	RASSF9	OR10G7	GPR151	OR10H1	CRTC2	OR4S2	OR5J2	LHFP	PTPRJ	OR2M7	OR6K6	FAM65C	TRABD2A	FAM65B	PTGIR	FABP6	OR4F17	TMEM248	DCAF17	MSL2	OR10H5	OR51D1	PRAF2	VPS37D	PDGFB	POT1	CRTC1	VWC2	OR5A1	PID1	OR10H4	FAM69A	OR51F2	GP1BB	OR10H2	STOX2	KCNJ13	ZACN	EFNA3	CLEC12A	GPR143	OR13D1	KRT222	DUOXA2	SOST	BAG2	OR5K3	OR6A2	OR52L1	OR51B5	OR5AN1	OR52N2	DUOXA1	LYSMD4	OR14C36	OR10K2	OR8B3	TCAIM	OR5M9	OR13C4	GPR141	IFNAR1	OR56B1	OR10G9	MB21D1	OR2T10	OR1J1	C18orf63	NFAT5	GPR150	RILPL2	SPATA18
23	1.0	ADAM30	ADAM10	ADAM22	ADAM2	ADAM9	ADAM32	ADAM28	RUSC1	ADAM8	ADAM15	ADAM21	ADAM20	ADAM33	ADAM23	ADAM17	ADAM12	ADAM19	ADAM7	ADAM29	ADAM11	ADAMDEC1
24	1.0	SERPINA12	SERPINF2	SERPINB1	SERPINA11	SERPINE1	SERPINA7	SERPINA6	SERPINB7	SERPINA1	SERPINE3	SERPINB2	SERPINB3	SERPINB8	SERPINB13	SERPINA10	SERPINB9	SERPINF1	SERPINB12	SERPINA9	SERPIND1	SERPINI1	SERPINB11	SERPINB10	SERPING1	SERPINA4	SERPINB5	SERPINB4	SERPINB6	SERPINA5	SERPINC1	SERPINE2	SERPINH1	SERPINI2
25	1.0	SCN4B	NBPF12	NBPF9	NBPF3	ADM2	HMGN3	RAI2	C4orf32	NPB	COX8A	GPR162	FAM86C1	BAALC	NBPF6	MAP6D1	MFAP5	GOLGA8O	CAST	NBPF15	MARCKS	FAM159B	XIRP1	NBPF10	EPO	NDUFB6	NBPF14	GOLGA8B	NBPF11	C10orf54	TMEM238	ADM	MLANA	NBPF4	KIAA0101	FANCF
26	1.0	TMEM239	MUC21	SPATA25	C4orf26	FSCB	PLET1	C9orf131	KRTAP4-1	C3orf62	TSACC	PRR32	C19orf81	C4orf19	UCN2	TNP1	C11orf94	C11orf91
27	1.0	CAPN3	RNF217	SPTBN5	SYT7	SYT2	RHPN2	MON1B	SYT3	CTBP2	GRHPR	HSD3B1	DLC1	JMJD7-PLA2G4B	CLCN1	ARHGAP39	N4BP2	RASA4B	UNC13A	SH3YL1	WDR4	IDH3B	SPHK1	PDS5A	STARD13	DOC2B	FLNC	IDH3G	DEPDC5	PHGDH	UGGT2	UGGT1	SYT9	GAPVD1	ACY1	ARPC1A	NPRL2	TMED7-TICAM2	PM20D1	RASA3	SERINC3	GNAZ	SERINC5	SMPD1	SYT1	UNC13C	SOX2	SNX11	PDCD6IP	SYT5	SMPDL3B	ADARB1	SLC7A11	PLA2G4B	SYT10	SERINC1	COG3	LRRC66	SYT6	AGK	ATG4C	RPH3A	CTBP1	DOC2A	VPS36	UBASH3B	SYT11	KDM2B	ESYT3	SERINC2	CERK	RASAL1	NFX1	CCNF	SDR42E1
28	1.0	LRP11	PER3	CGN	KIAA0319L
29	1.0	C20orf196	KRTAP27-1	CCDC54	IL36B	KRBA1	AMTN	MRAP	C16orf54
30	1.0	AFP	LILRB4	TMEM261	OSTN	TAS2R60	SNN	LRRC41	KIR2DS5	KIR2DS1	KIR2DL5A	TAS2R50	MBP	RNASE4	ANG	TAS2R10	GC	CXCL11	TAS2R41	KIR2DP1	KIR2DL3	TREML1	APOC4-APOC2	AFM	GIP	TAS2R31	CCL22	LILRB1	KIAA1210	TAS2R7	RNASE12	RNASE1	KIR2DL2
31	1.0	FAM71E1	MS4A10	AKAP5	CDRT4	FAM71F2	FAM71F1	C1orf115	FAM71D	LIF	FAM71E2	COPRS	TP53TG5	FAM170A	SLAMF9	C9orf24	SPACA1	LSMEM1
32	1.0	WT1	ZNF274	ZNF620	ZNF735	ZNF233	ZNF701	ZNF165	ZNF334	ZNF214	ZNF397	ZNF841	ZNF737	ZNF148	ZNF613	ZNF628	ZNF417	ZNF675	ZNF2	ZNF439	ZNF304	ZNF708	ZNF549	ZNF772	PLAG1	ZNF835	KLF11	ZNF852	ZNF493	ZNF430	ZNF192P1	ZNF510	ZNF516	ZNF517	ZNF467	ZNF18	ZNF595	ZNF224	ZNF626	KLF13	ZNF777	ZSCAN26	ZNF547	ZNF718	ZNF552	ZNF257	ZNF221	ZNF300	ZNF350	ZNF222	ZNF107	ZNF32	ZNF671	ZNF572	ZNF10	ZNF660	ZNF574	ZNF697	ZSCAN23	ZNF418	ZNF691	SNAI3	ZNF813	RBAK	ZNF721	ZNF571	ZSCAN25	KLF5	ZNF98	ZBTB12	ZNF17	ZNF709	ZNF551	ZNF664	ZNF681	ZNF285	ZNF416	ZNF585A	MZF1	ZNF506	ZSCAN22	BCL6B	ZNF492	ZNF761	ZNF202	ZNF587B	ZNF501	ZNF678	ZSCAN30	ZNF606	ZNF382	ZKSCAN1	ZFP30	ZNF707	ZFP2	ZNF605
33	1.0	SLC16A7	SLC10A1	SLC16A1	TSTD2	GLIPR2	UBIAD1	GRIA2	FN3KRP	GRIN2B	GRIN3B	GRIK2	PURB	SLC10A6	ISPD	SLC10A5	BCO2	SLC23A3	GRIN2D	NTAN1	GRIN3A	GLOD4	GRIA4	FN3K	BCO1	OCM2	GRIK5	SLC10A2	GRID2	GGTLC1	SLC23A2	MTERF3	GRIA3	GRIK1	ATE1	GRIN2C	FRRS1	GRIN2A	MDM4	ESRP2	SLC16A12	CARHSP1	B3GNT6	SLC10A3	SLC18A1	TEX30	GGTLC2	NEIL1	GRID1	RPE65	BACH1	MRPL14	DCTPP1	GRIA1	TRABD	SLC10A4	SLC23A1	PURA	PEBP1
34	1.0	PSPH	CAB39	GYG1	EIF3A	JMJD7	FUBP1	CHADL	ALG8	RPA2	DIDO1	EXOG	PAQR4	PAQR5	LETM2	USO1	LEO1	TIMM44	CKS1B	DPP8	ALG9	GNPNAT1	SLC22A24	ENTPD2	RSL1D1	VPS8	CAB39L	SLC4A1AP	GYG2	SLC7A14	CKS2	PNP	SLC15A1	TMEM165	FLRT3	ENDOG	LETM1	SLC32A1	HID1	ENTPD8	ADIPOR1	STAB2	SLC22A12	ASH2L	GIGYF2	COG2	PAQR3	GTF2E1	MTAP	VPS28	CEP72	GOSR1	CLUH	ALG6
35	1.0	ADIG	CSN3	HILPDA	FAM24A	WFDC10A	CXCL17	PRR30	DEFB112	DEFB113	KRTAP9-4	DEFB110	OOSP1	DEFB119	C11orf86	PSORS1C2	KNCN	ERICH4	C20orf141	KRTAP9-6	WFDC10B	IGIP	CCER1	BEX5	BEX1	KHDC1	ENHO	C6orf15	TMEM88B	INSL4	SMIM17	C22orf46	KRTAP9-3	DEFB125	DEFB129	OOSP2	HYPM	KRTAP9-8	COLCA2	KRTAP9-2	DEFB130	C19orf33	SAP25	GAPT	BEX2	DEFB126	FAM24B	SFT2D3	CEND1	DEFB118
36	1.0	LANCL2	LANCL1	LANCL3
37	1.0	ADCY6	ADCY1	ADCY4	ADCY5	ADCY9	GUCY1A3	ADCY2	ADCY7	ADCY8
38	1.0	CCL26	C2orf40	AKAP12	SPOCK2	CD247	KITLG	FCAMR	CD300LD	ARMCX5	IL22	CD3D	XCL1	CCSER2	IL17RC	SLAMF8	KIAA1211L	TAC1	KCNE1	TREML4	CCL23	CD300A	KCNE4	RCSD1	XCL2	TMEM108
39	1.0	VGLL3	NINJ2	FBXO27	SOBP	BVES	NINJ1	SMKR1	CCR10	DGCR6	SGCE	RABEP2	PET100	GNG13	MED24	TSSC4	TMEM106B	NDUFB5	FJX1	MTCL1	FBXO17	CUEDC2	CCDC50	SCHIP1	MRPL51	GNGT1	TEX28	TMEM177	DGCR6L	TPBGL	CD86	SOGA1	NOL4L	C1orf43	CPLX1	INSC	C2orf42	ID3	C2orf47	GMNN	DCSTAMP	FBXO28	ZNF185	GPM6B	VGLL1	GPM6A	TSHZ1	BAG5	ZNF488	CTAGE15	GPR142	FASTKD2	FAM78A	POPDC3	VGLL2	STOX1	CIDEC	TMEM106C	BTN3A3	FBRSL1	C2CD2	COX6C	OR4A16	POPDC2	SMIM15	TWSG1	PCP2	TNNT3	CTAGE1	CRHBP	BTN3A2	TMEM8C
40	1.0	GLB1L3	PAPPA2	PM20D2	GLB1L2	NAGA	GLB1L	MEST
41	1.0	SYTL3	NTN4	NTNG2	NTNG1	ARMC1	TMEM131	FRMD4B	NOXO1	AMPH	PPP1R9A	FRMD4A	ITGB1
42	1.0	C16orf46	SMIM1	SLX4IP	TMEM240	HMGA2	SMIM10	C17orf67	SLN	SYCE3	C2orf80	IGSF6	TCOF1	BCL2L12	CENPW	PRR29	STMND1	TOMM5	GNRH2	MUC12	C12orf75	PRLH	TEX12	TEX15	C11orf96	TRIQK	TMEM221	SLC51B	RAD54B	MPLKIP	SYCN
43	1.0	GP9	CHIC1	CNEP1R1	NYX	CHIC2
44	1.0	ATF2	CREB5
45	1.0	OR52E4	OR4F21	OR1N1	OR51T1	OR10A5	OR52K1	OR11H4	OR5P3	OR3A3	OR51E2	OR4E2	OR5H15	OR2T8	P2RY13	OR2L2	OR7D4	OR5M8	OR13A1	OR5H14	OR10V1	OR51E1	OR1D5	OR8H2	OR14A16	OR5R1	OR4Q3	OR6B1	OR4D5	OR10W1	OR51V1	P2RY12	OR6S1	OR2A14	OR3A1	OR51I2	OR51A7	OR2F1	OR2A25	FFAR4	OR9G9	OR4F16	OR10A4	OR2F2	OR4F29	OR2AK2	OR4M2	OR1A1	OR52E8	OR1S2	OR5K2	OR10J1	OR10Q1	OR5V1	OR4F3	OR51L1	OR5K4	OR1C1	OR4C13	OR4B1	OR8U1	OR10A2	OR52H1	OR4F6	OR5K1	OR2AE1	OR6C1	OR1G1	OR1S1	OR7E24	OR8U8	OR13G1	OR6V1	OR2C3	OR51I1	OR52B2	OR14J1	OR5H1
46	1.0	EVA1B	NRIP1	PMCH	SLC35G6	AURKAIP1	SLC35G3	LXN	CXorf36	TMEM263	HNMT	SHISA9	ETAA1	IFI35	SLC35G5	GPRC5D	DACT3	FARP1	SCARA3	TMEM51	RARRES1
47	1.0	NKX1-1	HOXC6	POU6F2	BARHL2	NKX6-1	HMX3	HOXD9	HOXC5	LBX2	CDX1	DBX1	HMX2	DLX6	POU1F1	NKX6-2	POU5F1	NKX1-2	BSX	BARHL1	DLX5	BARX2	EVX2	MNX1	TLX3
48	1.0	GABRB1	SHROOM3	SESTD1	NDUFA7	CHRND	GABRB2	GLRA2	SOCS4	DGCR8	GABRD	GLRA4	GLRA1	SOCS5
49	1.0	EPX	PTGS1	MPO	PTGS2
50	1.0	TNFRSF11A	TM6SF1	FAM129A	MAP1B	FYB	PARPBP	NECAB3	GCOM1	PXDC1	NAT16	NEU3	TM6SF2	FAM129C	TTYH1	TMEM132B	ANKH	TMEM132A	TMEM243	TCHP	TMEM132C	CARD9	FAS	TMEM132D	CD40
51	1.0	ST3GAL3	ST3GAL6	ST6GALNAC5	GDAP1	ST3GAL1	ST6GALNAC6	ST3GAL4	ST3GAL2	CENPI	ST6GALNAC2	ST8SIA1	ST8SIA6	ST6GAL2	ST8SIA2	ST6GALNAC4	ST6GALNAC1	ST6GALNAC3	ST6GAL1	ST8SIA3	ST3GAL5	ST8SIA4	ST8SIA5
52	1.0	TMEM39B	CADM1	KRT85	FCN1	NEXN	CHRNB2	CLEC12B	CHRNB4	KRT7	CMYA5	TOMM22	NTM	KRT78	HS6ST2	TMEM39A
53	1.0	COPS3	ZFYVE1	TLE6	ZFYVE16	GCA	PDXK	RUFY1	PLEKHF1	PIKFYVE	HGS	ZFYVE26	TLR3	MCTP1	MON2	AMN1	ZFYVE21	FGD1	RNF144B	RNF14	ZFYVE28	FGD2	MTMR4	RBSN	VPS51	FYCO1	ATRN	EEA1	ZFYVE9	CUL9	TBC1D20	PLEKHF2	MTMR3	FGD5	GNA12	ARIH2	RNF144A
54	1.0	RBM10	PLCH1	IMMP1L	BOLA2	NDUFAB1	TOP1MT	ACBD4	REPS2	MRPL17	OXSM	COQ2	TIMM17B	FECH	CCNL2	ABHD5	GCH1	SEPHS1	TCF25	REPS1	MRPL15	ERO1L	SDHB	ATPAF2	MRPL11	GSS	SCO2	POLRMT	TIMM17A	DEGS2	PLCL2	AMT	GTPBP3	KDM4D	FDXACB1	KDM5C	PITHD1	SRM	VAC14	FAF2	MEMO1	BOLA2B	KDM4E	SCO1	ADSL	ATP5O	BOLA1	ECHDC1	MPC1	ACBD5	PIGB	PPCS	COX11	TOP1	LIAS	MRPL24	TSFM	GART	CWF19L2	JARID2	GLUL	GCLC	SLC2A10
55	1.0	HNRNPH3	HNRNPF	GRSF1	ESRP1	HNRNPH1	HNRNPH2
56	1.0	DLGAP1	DLGAP3	GIPC2	DLGAP4	GIPC3	BANF1	DLGAP2
57	1.0	GNG5	GNG12	C4B	NTRK2	UPK1A	CD109	NFIL3	PZP	CNPY3	A2ML1	DBP	A2M
58	1.0	TMEM125	PRR35	FAM219B	CD7	EMX2	RLN3	ESM1	FAM212B	DDIT3	INSL5	MARVELD3	MISP	SMIM19	ZNF750	NUFIP2	FAM212A	RLN1	CCL25
59	1.0	CREB1	GATAD2A	ATF1	COL4A5	FCER1A
60	1.0	TOE1	PARN	PNLDC1
61	1.0	BSN	CCDC17	C1orf116	CDK11A	TMEM196	THPO	FIBIN	CECR6	RFXAP	FYTTD1	MIEF2	NOL7	KRTCAP3	TMEM54	C1orf216	ERMN	PRIMA1
62	1.0	PITPNM2	PITPNB	PITPNM3	PITPNA	PITPNC1
63	1.0	RCAN2	SAMD4B	RBPJ	RBPJL
64	1.0	OAZ1	OR4X1	OR2L3	GPRC5B	PASD1	OR4X2	OR10S1	OR5D13	GPR82	OR52B4	OR52M1	OR4N2	OR51S1	OR1Q1	OR10J5	OR5B17	OR13F1	ADTRP	OR5B21	OR2AG2	OR4F13P	OR8B4	OR52A1	OR6Q1	OR2T11	OR8D4	OR5H2	OR51A2	OR2L13	OR9K2
65	1.0	IL1RN	CCL17	IFNA10	PAG1	IFNA5	ZNF197	KIR3DL1	KLRG2	IL10	IFNA17	IL1B	EPOR	IFNA4	NKX2-5	IFNA7	IL36RN	TIFAB	PYCARD	IFNA21	IL36G	KIAA2022	IFNE	IFNA16	IL20	FGFBP3	IFNLR1	IFNA1	IL2RB	IL9R	IFNA13
66	1.0	OR2Z1	OR2J3	OR1F1	ATP1B1	OR4S1	GPC4	OR6C70	OR6C3	GPR55	OR2B6	OR6C76	ATP1B4	P2RY11	OR1L1	OR9Q1	OR8K3	OR2T4	OR6C68	OR10AG1	GPC2	OR4C12	GPC3	OR1L6	OR7A17	GPC6	ATP4B	GPC1	OR1L4	TMEM161A	LHFPL3	OR2A12	P2RY10	OR6C6	GPR35	IGSF21	OR2B2	OR4N5	GPR132	P2RY14	OR7D2	OR5M10	OR11H2	OR9Q2	OR6C65	LHFPL1	TCF3	OR6M1	OR6C75	OR4C6	OR9G4	OR2B3
67	1.0	SFXN2	SFXN5	SFXN1
68	1.0	PPP1R17	C21orf62	IL21	C6orf222	KIAA1551
69	1.0	IL21R	MSLN	CD40LG
70	1.0	SNX32	SMG7
71	1.0	NGF	WHAMM	FAM171B	DIABLO	FAM171A2	NTF3	BDNF	FAM133B	FAM171A1	NTF4	FAM198B	IFITM1	GEMIN4	SLAIN2	TMEM91	IFITM2
72	1.0	DCDC2C	RP1L1	DCDC2	TACR2	BIN2	KCP
73	1.0	C6orf25	CABS1	UCN	S100PBP	TMEM95	SPN	CCDC184	IQCF6	LY6G6C	LY6D	PRM3	CMTM1	C4orf36	TMEM190
74	1.0	NR0B2	SKOR2	NR2F1	CAPRIN2	GATAD1	ELL2	MICALCL	ATP5J	VSIG8	MBD3L1	INTS10	ELL	NR0B1	SKOR1
75	1.0	DAGLA	CAPN5	CAPN10	MACROD1	CAPN13	CAPN15	CAPN6
76	1.0	ALDOA	ALDOB	ALDOC
77	1.0	COX7B	AKAP2	MPL	RPRM	COX7B2	RPRML	C10orf12
78	1.0	PDPN	SCT	IGJ	EMCN	DKKL1	LAT2
79	1.0	GPATCH4	TRIM41	NAT8
80	1.0	MYH6	MYH8	MYH7	MYH3	MYH1	MYH2
81	1.0	ACRBP	LEP	LYPD3	CCDC160	LYPD5	CEACAM3	CCDC185	AMBN	CYHR1	SERTAD1	FAM228A	CDCA5	SMCO1
82	1.0	YTHDC1	PDRG1	MORC1	YTHDF1	YTHDF3	YTHDF2
83	1.0	GIMAP1-GIMAP5	GIMAP7	ADPRM	GIMAP2	GIMAP6	GIMAP1
84	1.0	ANXA8L1	ANXA3	ANXA4	ANXA6	ANXA8	ANXA13	ANXA11	ANXA10	ANXA9	ANXA1	ANXA2	ANXA7	ANXA5
85	1.0	RBM26	FRY	FRYL
86	1.0	FAM217B	THRSP	NDUFC2	GPR179	FAM222B	SETBP1	FAM217A	INS-IGF2	AMER3	FAM222A	AMER1	BGLAP	CYTL1	MTDH	HCRT	PNOC	BRI3BP
87	1.0	TFR2	NAALADL2	NAALAD2	NAALADL1	CPQ
88	1.0	FAM102B	PHACTR1	PHACTR4	PHACTR2	PHACTR3
89	1.0	RTKN2	SLC16A4	WDR73
90	1.0	LYRM5	PXK	AASDH	SLC24A1	SRY	SLC24A2	SOX8	DENND4C	PDCL	RRP12	RAD18	SOX21	GPATCH2	TIMELESS	COA6	EMC4	PTCH2	SOX12	DMAP1	CWC15	CAPN7	SLC24A3	SOX11	MAOB	SOX9	SOX1	NAA35	SLC24A4	SOX15	NSUN7	SRRM1	SNX9	ANKZF1	TWF1	PIGN	TAF2	MCM10	SDF2L1	PTCH1	SNX33	PTCHD3	SLC8B1	EMC1	ECD	NPC1	NPC1L1	HLCS	SOX10
91	1.0	TPH1	CHMP4B	CHMP4C	TPH2
92	1.0	CBX5	CBX8	CBX1	CBX4	CBX3	CBX2
93	1.0	TMEM150A	OSTM1	STARD3	SYPL1	GNG8	CADPS	SYP	SYPL2	STARD3NL	SYNPR
94	1.0	DPYS	DPYSL4	DPYSL5	DPYSL2	FAM91A1	DPYSL3	CRMP1
95	1.0	HEBP1	SS18L1	DBF4B	LRRC14B	APOA4	HENMT1	RNF214
96	1.0	DCTN5	PEBP4	PSME3
97	1.0	HSPB3	CMTM4	KRT13	TMEM55B	TMEM55A	SPARCL1	NRXN3	NRG2	HSPB6	STAU2	KRT16	HTR3B	AMH	HTR3D	BTN1A1	KRT15
98	1.0	NADK2	PLD6	THEM5	TMEM43	SURF2
99	1.0	NT5DC4	NT5DC2	NT5DC1	NT5DC3	LIN54	NT5C2
100	1.0	SOAT1	DGAT1	SOAT2
101	1.0	FAM220A	SPRR4	TMCO2	TMEM253	MACROD2	CDH26	KPRP	MS4A3
102	1.0	CRHR2	PLEKHJ1	GHRHR	GIPR	FREM1	VIPR1	TPM3	PTH1R	VIPR2	CALCRL	SCTR	GLP1R	GLP2R
103	1.0	PLEKHG1	FHL1	FHL5	FBLIM1	ARHGEF5	ARHGEF3	TSC2	ARHGEF9	LPXN	HIVEP1	LPP	LIMD1	ARHGEF16	MCF2L	FHL2	NGEF	LMCD1	ARHGEF25	TIAM1	WTIP	ARHGEF11	LDB3	TGFB1I1	NET1	PREX2	ABLIM3	TIAM2	LHX6	ARHGEF10	LIMS2	LHX3	ARHGAP26	CHN1	ARHGEF17	ABR	RALGAPA2	LMO3	LHX8	ABLIM1	ARHGAP17	PRICKLE1	DNMBP	ARHGEF4	TRIP6	RALGAPA1	ARHGAP32	SKAP1	LIMS1	ARHGAP11A	PXN	LHX4	RASGRF1	ZNF219	LMX1B	PDLIM5	SIPA1L2	ARHGEF10L	CRIP2	SIPA1	LMX1A	FHL3	ARHGEF19	ARHGAP21	SORBS1	PDLIM7	PLEKHG6	ISL1	AJUBA	ABLIM2	PREX1	ARHGAP10	ZYX	RASGRF2	PLEKHG3	PRICKLE2
104	1.0	PACSIN1	STAC3	RAPGEF1	BCR	ARHGEF28	STAC2	NCK1	ARHGEF6	ARHGAP30	ARHGAP36	ARHGAP4	SLC30A6	ARHGDIG	ARHGEF37	SORBS3	PLEKHG4B	ARHGAP29	ARHGAP31	GRB2	SKAP2	ARHGAP40	ARHGAP35	PLA2G4E	SYDE2	ARHGEF12	SH3GL3	SH3D21	ARHGAP6	PLEKHG4	ABI1	ECT2L	NCF4	HMHA1	SH3GL2	ARHGEF26	VAV3	NOSTRIN	ABI3	NPHP1	CD2AP	PEX13	FAM13B	GRAP2	SH3GL1	ARHGEF1	STAC	SRGAP2	RAPGEF2	ARHGAP15	PACSIN2	NCK2	ARHGAP18	ARHGAP5	NCF2	ZNF831	ARHGAP28	VAV1	ARHGAP23	VAV2	ARHGDIA	SH3KBP1	CRK	SRGAP3	LHX1	ABI2	DBNL	ARHGAP33	OPHN1	SORBS2	CRKL	SRGAP1	LHX5	SH3D19	FCHSD2	GMIP	PLEKHA7	ARHGDIB
105	1.0	PHTF2	GOLGA2	SPDYE2B	SPDYE3	SPDYE2	SPDYC	SPDYE4	SPDYE5	SPDYE1	SPDYE6	SPDYA
106	1.0	SNAPC1	GRAMD4
107	1.0	LRRC61	COPE	RHBDL2	KLHL32	SPOPL	KBTBD4	BTBD1	BTBD2	KBTBD7	BTBD9	BTBD3	KLHL40	KLHL42	KBTBD2	BTBD6	KLHL6	KLHL35	KCNH2	SPOP	FER1L5	KLHL23	TBCC
108	1.0	FABP5	FABP7	PMP2	FABP2	FBXO32	FBXO25	CLSPN	CRABP2	RBP1	FABP12	FABP4	CRABP1	FABP3	RBP2	FABP9
109	1.0	MAGEB4	MAGEB1	MAGEA1	MAGED2	MAGED4	MAGEA11	MAGED4B	MAGEA4	MAGEL2	MAGEB5	MAGEB18	MAGEB10	MAGEH1
110	1.0	ERI2	ERI3
111	1.0	SCAMP4	SCAMP5	SCAMP2	SCAMP1	UBR7	SCAMP3	PKP1	RBPMS2	RBPMS
112	1.0	HOMER2	HOMER3	EVL	C12orf4	HOMER1	RIN1	SLC41A3	RUNDC3B	TADA3	HTT	VASP	ITGA2B	STAT2
113	1.0	EEF1B2	EEF1D
114	1.0	MGARP	NRN1L	CTXN3	C4orf48	WIZ	CTXN2	MYCT1	CTXN1
115	1.0	CHRNA6	GABRE	GABRG2	GABRA2	GABRA3	GABRP	GABRQ	GABRA6	GABRG3	GABRG1	GABRA4	GLRB	GABRR3	GABRA1	GABRR1	HTR3A
116	1.0	GKN1	SLAMF7	QRFP	PIANP	UPK3BL	NCMAP	PLA2G2C	C1orf94	UPK3B	TMEM215	FAM174A
117	1.0	KRTAP13-3	WFDC6	C1orf64	LY6K	C6orf201	KRTAP24-1	DEFA5	C16orf92	KRTAP25-1	GFY
118	1.0	KRTAP10-6	TMEM176B	IL18BP	BCL2L14	IL23A	SPATA32	KRTAP10-2	MCEMP1	C1orf186	KRTAP10-10	KRTAP10-11	IL13	TEX101	KRTAP2-1	GOLGA8G	MS4A6E	SPATA31D1	TMEM176A	PPP1R3F	SCGB1A1	TMEM217	DDN	TEX29	ZBP1	IL11	LYPD4	KRTAP10-7	PATE3	KRTAP10-3	KRTAP2-2	FAM205A	KRTDAP	KRTAP10-5	ENAM
119	1.0	POU4F2	POU3F3	POU3F1	POU4F1	POU4F3	POU3F2
120	1.0	EXD3	KCNQ5	KCNA4	EDC4	UBXN6	KCNA10	KCNA6	UBTFL1	KCNA1	RAI1	MEX3A	KCNA3	KCNG3	NLRP4	KCNQ4	KCNQ2	GSTA4	KCNA7	KCNG2	KCNQ3	KCNA5	KCNT2
121	1.0	DDHD1	DDHD2
122	1.0	SPEF1	IFT52	CCDC77	TCTEX1D4	CLUAP1	TTC26	SPATA4	FOPNL	CCDC65	CFAP57	CEP164	WDR35	BBS1	EFHC2	PACRG	CCDC38	TCTEX1D1	CCDC40	TTC21A	DNALI1	TMEM67	CEP104	C6orf165	TTC21B	CFAP69	TTC29	IFT22	DNAAF5	PIBF1	DRC7	IFT46	DRC1	IQUB
123	1.0	SYNGR4	SYNGR1	SYNGR2
124	1.0	DEFB107A	C20orf144	TEX38	TEX19	SECTM1	C17orf100	PATE2	BIK	DEFB116	SPATA33	C1orf162	C1orf185	C10orf99	DEFB131	DEFB106A	EDDM3A	DEFB106B	MS4A13	GML	KRTAP7-1	C12orf71	WFDC9	EDDM3B	C17orf107	SMIM6	TEX22	PRR9	DEFB107B	LELP1	SPACA7	C5orf47	C16orf86	CCER2
125	1.0	HAS1	OSGIN1	HAS2
126	1.0	LYPD2	ZNF326	C16orf74	TNFRSF13B	LY6E	C3orf52
127	1.0	RTN4	SKIL	HIST1H1A	NPC2	SKI	HIST1H1B	HIST1H1T
128	1.0	SLITRK3	HMGXB4	SLITRK5	NANP
129	1.0	KRTAP13-1	SPEM1	KRTAP13-2	LSMEM2	CYS1	C2orf16	TM4SF19	KRTAP10-9	CD160	KRTAP4-2	LYNX1	APOBR	KRTAP8-1	KRTAP15-1
130	1.0	STEAP4	STEAP2	PRR5	STEAP1
131	1.0	SPNS3	SLC39A7	SLC39A8	SLC39A5	SLC39A4	SLC39A14	SLC39A13	SLC39A6	SLC39A10
132	1.0	KL	SERF2	CUTC	LCTL	EXOSC6	CENPV	GBA3	KY	GBA	LCT	KLB
133	1.0	GRM3	MAN2A1	NAGPA	MAN2B1	MAN2B2	MAN2A2
134	1.0	SMG9	DONSON	SCOC	TYR	TYRP1
135	1.0	FGF1	ZHX2	GMEB1	CD302	FGF3	FGF10	HPS3	FGF11	FGF16	GMEB2	FGF9	GADD45GIP1	FGF14	FGF6	FGF8	FGF22	FGF20	FGF4	FGF13	FGF5	FGF7	FGF12	FGF2	FGF17
136	1.0	CLCF1	GPR62	GPHB5	GTF2I	CARTPT
137	1.0	PRG4	SFTPA1	FRS3	FRS2	DOK2	COL11A2	DOK1	SFTPA2
138	1.0	NMB	FAM178B	CMTM5	GRP	ALB	BSND	C11orf87	IFNG	C14orf39	RAD51AP1	CCDC117	CD99	CCDC71L	KDF1	IZUMO1	TMEM119	MLLT11	CSF1	TMEM37	PARM1	SWSAP1	UPK2	CYYR1	CRLF2	TYROBP	TMEM158	KIR2DL1	MPZL1	TMEM218	CCDC71	TBATA
139	1.0	HNRNPUL1	ATCAY	HNRNPU	BNIP2	BNIPL	SUGP2	HNRNPUL2
140	1.0	HPS1	COMMD8	DPEP1	SH2D3C	DPEP2	SNAPIN	ELP6	DPEP3
141	1.0	MARCH11	MARCH9	MARCH7	MARCH4	MARCH2	LSM14A	LSM14B	MARCH10	MARCH8
142	1.0	PDE3A	PDE6A	PDE4C	PDE1B	PDE4A	PDE1C	PDE4D	PDE2A	PDE5A	PDE4B	PDE7A	PDE10A	PDE8A	PDE8B	PDE7B	PDE6B	PDE1A
143	1.0	PCNX	PCNXL3	TMEM181	TK2	PCNXL4	COMMD9	COMMD7	PCNXL2	DCK
144	1.0	PRRT3	REP15	TCTA	C19orf67	TMEM179B	VGF	SMIM3	SPACA4	KIAA1644	CCDC106	C1orf226	PLVAP	C15orf39	ECM1	MLIP	C3orf80	REC114	MN1	C1orf127	C2orf88
145	1.0	OR2V2	OR7A10	OR8H3	LHFPL4	OR10A3	OR1K1	OR1D2	OR1A2	OR13C8	OR10C1	OR7A5
146	1.0	DVL3	DVL2
147	1.0	ARID1A	ARID3B	SNX19
148	1.0	SEMA4F	SEMA4B	SEMA6C	SEMA3A	SEMA6A	CSF3R	SEMA4D	SEMA4A
149	1.0	LIMA1	ASRGL1	CCZ1B	PHLDB3	ATL1	TAS1R1	CCZ1	PARG	PHLDB2	CYFIP1	TASP1	ZFYVE27	PLEKHA6
150	1.0	SLC3A2	TMEM50B	GLA	GLB1
151	1.0	WBSCR17	GALNT2	GALNT5	GALNT1	GALNT3	GALNTL5	GALNT18	GALNT12	GALNT10	CACNA2D2	GALNT11	GALNT16	THBS3	GALNTL6	GALNT7	GALNT8	GALNT15	GALNT9	GALNT6
152	1.0	PIWIL2	PIWIL4	PIWIL3	PIWIL1	AGO1	AGO3	AGO4	AGO2
153	1.0	TOMM20	HIF1A	TOMM20L
154	1.0	EDIL3	SLC43A3	SLC43A1	MIER3	MIER1	MAGEB17	FLOT1	VCAN	RCN2	DLL1	PSMD5	APH1A	SYAP1	BZRAP1	CRB1	LRRC24	ANP32D	SLMO1	LTBP2	SLC43A2	B3GNTL1	PRELID1	ELMSAN1	NKRF	SLMO2	MAGEE1
155	1.0	CPA4	CPO	CPA1	CPA5	CPA6	CPA2	PTGES3	CPA3	SNX10
156	1.0	TNFRSF4	IDO2
157	1.0	HNRNPLL	PTBP3	C2CD5
158	1.0	ACOT8	NIPAL4	GLTP	NIPAL1	NIPA1	NIPAL3
159	1.0	CCDC6	GYLTL1B	LARGE
160	1.0	UBXN11	CLCA4	ADHFE1
161	1.0	CPT1A	CRAT	CPT1B	CROT	CPT1C	CHAT	CPT2
162	1.0	VENTX	RHOXF2B	PITX1	HESX1	RHOXF2	GSC	RHOXF1	DUX4	PITX2	DPRX	MIXL1	PITX3	CHCHD4	GSC2	HOXD12	RAX	OTX1	OTP	POU6F1	DMBX1	DUXA	LBX1
163	1.0	NEB	ZNF821	GRHL3	MGAT4B	GRHL1	TFCP2	UBP1	L3MBTL3	AKAP10	GRHL2
164	1.0	ITIH4	RGS8	RGS2	RGS6	ITIH1	RGS10	EPHX1	RGS11	CREB3	RGS7	RGS18
165	1.0	KIAA1324	GLT1D1	KIAA1324L
166	1.0	AMELX	C2orf82	AMELY	C6orf132	UTS2	SPATA45	KISS1	TMEM40	PLAC9
167	1.0	NIF3L1	HK2	HK3	GCK	HK1	HKDC1
168	1.0	COMMD3	FAM21A	C16orf62	FAM21C	KIAA1033	FBXO10	CCDC22	LRRC16B	SWAP70	KIAA0196	TRIM42	COMMD4
169	1.0	NOMO2	PAM	TNRC18	NDRG1	NDRG4	NDRG3	NOMO1	NOMO3	SLC16A14
170	1.0	FNDC9	HLA-DPB2	FXYD3	GMNC	C11orf24	FXYD2	LCN1	AHDC1	CD74	KIAA1671	LSP1	PROSER2	MUSTN1	FXYD6	C9orf91	MFAP2
171	1.0	P3H1	ABHD14A	P3H2	P3H3
172	1.0	WAPAL	XYLT2	BZW1	GCNT1	XYLT1	GCNT2	GCNT3	A4GALT	GCNT7	GCNT4
173	1.0	BRMS1L	FAM160A2	ATP6AP2	GPLD1	FRMD8	FERMT3	VCL	FRMD3	FERMT2	BAIAP2	PARVA	POU2F2	FERMT1	NKD1	PARVB	FAM160A1
174	1.0	IRX4	PKNOX1	IRX6	PKNOX2	PBX2	PBX3	TGIF2	PBX4	IRX3	TGIF2LX	IRX5	IRX2	MKX	PBX1	TGIF2LY	IRX1
175	1.0	MAFK	NFE2L3	NFE2	NRL	PROM2	MAFG	SLC46A2	NFE2L2	BANF2
176	1.0	ELMO2	SUGCT	WSCD2	WSCD1	NUDT18	ACMSD	AS3MT	GPHN	BTD	MARC1	NOX4	ASAH2	MANBA	TPP1	METTL12	DHRS4L2	MOCS1	SERHL2
177	1.0	MT-ND5	MT-CO1	MKL2	MT-ATP6	MT-CO3	MT-ND4	MT-ND1	MT-CYB	MT-CO2
178	1.0	MMP7	MMP1	MMP27	MMP25	MMP26	MMP12	MMP16	MMP23B	HMSD	SIAH3
179	1.0	SLC16A13	SLC16A2	SLC16A6	NDUFB8	SLC16A5	SLC16A10	SLC16A3
180	1.0	PPP2R3A	PPP2R3B
181	1.0	FAM187B	LYG2	CLPS	RTP2	CCDC14	MS4A4A	SPIDR	TMEM121	FAM199X	CEP85L	LYG1	RBM43	ODF1	MACC1	KIAA0753	AKAP14	C19orf25	KNOP1	RTP1	FBXO46	ENDOD1	NDP
182	1.0	HSD17B10	ESYT2	LRRC8C	CAP1	FGD6	ARHGAP22	VAMP8	ADH7	TMED9	USP30	SDR16C5	TRIM43	IPO9	CUL5	ADH1C	SLC22A3	HSD17B7	SSB	ADH1A	NFKBID	HPGD	ADH6	SEC14L1	HSD17B14	ADH4	STXBP5L	CWF19L1	PGM1	MYSM1	FGD3	MCCC1	CHMP5	IPO4	TMED4	SLC9A6	PANK1	UCHL5	SMYD3	PPM1M	MOCOS	LRRC29	HSD17B4	FGD4	XAB2	ADH1B	LRRC10	PHF12	SHOC2	LRRTM4	PHF21A	SEC14L5	ARHGAP24	LRRTM2	TMED2	UCKL1	PANK2	FBXL14	AIRE
183	1.0	CA5B	CA8	NOA1	CA3	PREPL	CA1	CA9	CA4	CA14	CA13
184	1.0	EBF4	TNFRSF21	TSTD1	GLIPR1	TOR1A	PI15	VNN2	TRIM45	PTCD3	GHITM	CRISP1	NMRK2	COQ10A
185	1.0	SUMF2	MKL1	KCNK12	AMZ1	CA6	RGS14	CA7	P4HA1	PAH	CA12	CA2	RWDD3	ASPH	RGS9	DLK2	RAPSN	GPSM2	NLRP3	UGT2B28	RAB11FIP1	MINA	LRTOMT	PLCXD3	CA10	PDDC1	MTR	CPXM1	KCNK15	C14orf169	CA5A	C16orf13	P4HA2	CA11	SLC30A9	TMEM2	KCTD3
186	1.0	SCARB1	ITGA4	ITGA10	ITGA2	CBX7	CDO1	GPR155	LOXHD1	PLXNA2	SNX31	SFSWAP	FKRP	PKD1L1	ADGRL2	FUT8	DRP2	ITGB2	SLC39A9	MBTPS2	TRPC4	MCOLN1	PDLIM1	ADGRF5	DTX1	SCARB2	NRP1	SUV420H2	ITGA11	INTS2	ITGB6	CD36	KCNA2	SYT15	SSR3	ITGA3	ITGA7	C6	CRIM1	METTL9	ITGB7	ITGAE	MIER2	ADGRG7
187	1.0	TMEM143	C22orf15	ITLN2	KIAA1257	CCDC23
188	1.0	TMEM138	OR4C16	LCORL	C3orf33	OR6N2	LGALS13	NDNF	BORA	CCDC74A	OR5AR1	CACNG8	CLC	STAP1	LGALS14	TP53I13	OR51B6	FAM69C	AFTPH	C17orf104	WFDC3	TMEM200A	OR52E6	HHLA2	C16orf89	MYOG	ABI3BP	OR6Y1	OR8D1	ATP6V1G2	ITM2A	OR2M2	CLEC11A	IGSF3	HYAL4	FGF21	CLEC9A	CST6	BTNL3	C16orf72	CLDND1	TIMP3	SPAM1	EPN2	TMEM178B	AMICA1	TMEM98	MYF5	OR5L1	OR8I2	OR51M1	IL17D	HYAL1	OR12D3	PHYHIP	CNRIP1	OR5C1	C5orf15	HNF1B	APOOL	QSER1	A1BG	FCGR1A	GPRC5C	ITM2B	OR8K1	ATP5I	WFDC2	PHYHIPL	FAM69B	OR6N1	CACNG3	FADD	SGCB	BAMBI	XK	OR5H6	ITM2C	LECT2	TEX264	LCOR	GPR22	PDGFA	HYAL3	HSPB9	CST3	OR2T6	TIMP2	OR10K1	OR10P1	TIMP4	HYAL2	OR12D2	OR4F4	IGSF23	OR51F1
189	1.0	SUN3	SUN1	SPAG4	SUN2
190	1.0	KIAA1045	SYNC	FAM132B	OR56A4	CCDC148	OR13C3	OR56A5	MS4A15	OR8B12	RD3L	OR56A1	CARD18	PRAMEF18	SPICE1	MS4A5	OR52W1	MS4A1	FANCB
191	1.0	C2orf76	P2RX2	P2RX3	C9orf72	SMCR8	CSTB	P2RX1	CSTA
192	1.0	NDEL1	UBAP1	LMBR1	PLIN3	LMBR1L	BRMS1
193	1.0	ELOVL6	ELOVL2	ELOVL4	ELOVL1	ELOVL5	ELOVL7	ELOVL3	ALG3
194	1.0	CLRN1	RGS7BP	FAM134A	IRF6	PRRT1	C17orf62	ALOX5AP	C2orf44	CCDC125	OR8J1	FAM204A	CCDC66	NSMF	IMPG1	FAM89A	JMY	PTN
195	1.0	MIPEP	ERGIC1	IP6K2	STX7	KIAA1161	GAA	ACPT	RASA4	RNF19A	GANAB	IDH3A	ALDH8A1	ALDH3A2	PEX5	ALG2	IPMK	FBXL13	RANBP10	RRAGC	VAMP3	MGAM	LRRC10B	LRRC27	SNX1	C9orf3	PLCB3	ARPC4-TTLL3	SORD	GNAT2	MCTP2	ALG11	FBXL7	LRCH2	UCHL1	PLCG1	VAMP2	BDH2	DHRS1	ANKIB1	SI	NIT1	SUCLG1	ALDH7A1	SBF2	RFT1	ALDH5A1	EHD2	CDC45	RNF19B	PLCG2	FBXL20	PEX5L	ALDH3A1	ALDH9A1	IMPA1	ATG4D	CBS	POLH	SBF1	CTH	GNAL	ALDH1A3	GNAS	VPS54	PLCD1	PLCZ1	ERGIC2	DCXR	SRR	WDR45B	ERGIC3	NIT2	ALDH3B2	ARIH1	DECR1	ALDH4A1	SNX4	SNX3	NSDHL	ALDH1A1	ADH5	PLCB2	LRRC59	IP6K1	PLCD4	VAMP7	ALDH6A1	ALDH1A2	SNX18	PLCB4	ATRNL1	ALDH1L1	PLCB1	ESYT1	GANC	ALDH1B1	SNX12	METTL21A
196	1.0	DESI1	EIF3E	MNAT1	PI4K2B	RSF1	CCS	CBWD2	RNF146	TIMM13	HTRA2	HTRA1	HTRA3	DGCR14	PHF21B	TIMM10	CTNNBL1	GFER	GSTM5	AADAC	GATB	CBWD5	KDM5D	LCMT1	HTRA4	RNF185	YARS2	MRPL47	CBWD7	GSTM4	SLC33A1	TIMM9
197	1.0	MXD3	SLC2A4RG	ZNF704	ZNF395	HAND1	SPRYD7	MXD1
198	1.0	PYGL	PYGM	AGL	GBE1
199	1.0	HOXB1	STAG3L4	MED13	PFDN1	MED23
200	1.0	MRPL44	NXF1
201	1.0	FNIP1	SH3GLB1	FRMD5	FBXO48	FNIP2	EPB41	EPB41L2	BCAR3	NRP2
202	1.0	LGALS3BP	CLIC1	KLC4	FAM173A	RBM12B	CKMT1B	SMS	TLL2	OGFR	MRPS18A	YBX3	SPON1	HHIPL1	SUMF1	LOXL3	SSC5D	TTC19	NQO1	NQO2	APPBP2	SDR39U1	B4GALT1	CD6	MTFP1	KCNC4	CLIC5	EGLN2	SLC22A17	KCTD7	KCTD17	YBX1	CKM	SLC9B2	CLIC4	B4GALT6	AMDHD1	SERF1A	SLC8A3	ADD3	FBXO21	CERCAM	KCTD4	ABHD14B	EGLN3	BMP1	KCTD5	EGLN1	UGT2B10	CSDC2	B4GALT2	MTHFSD	CKMT2	MT-ND3	RMDN1	CLIC2	MRPS11	ACAN	COLGALT1	MFSD6L	THBS4	CD163L1	MT-ND2	MBD4	B4GALT7	CD163	KCNC2	PLXNA1	GSTA1	CPEB4	SLC8A1	YBX2	CSMD3	AGRN	CKB	ALPK2	LOXL4	SLC5A3	CLIC3	SSC4D	RGPD5	CD5L	RHAG	C1GALT1C1	APMAP	MBNL1	B4GALT3	MFSD6	B4GALT5	LOXL2	MARCO	MFN2
203	1.0	TFDP3	TFDP1	E2F8	RTN4RL1	LUC7L3	ING1	DMTF1	E2F4	NCAPG2	E2F7	PCGF6	SOX4	TFDP2	ALG5	E2F6	TAF6L	E2F2	E2F3	ZC3H15	ING2	E2F1	E2F5
204	1.0	CDC42SE2	CDC42SE1	TMEM170A	WBP11	R3HDM4
205	1.0	ZCCHC10	KIAA2026
206	1.0	LPCAT3	MBOAT7	MBOAT4	PORCN
207	1.0	PARP2	VWA5B1	PARP1	LRFN1	ADAL	STK11IP	PARP3	ITIH2	PARP15
208	1.0	CLEC2B	GRIPAP1	C4orf33	C16orf96	CHCHD3	KLRC4-KLRK1	MRPL10	MMACHC	DGCR2	KLRD1	RASSF2	KLRK1	CLEC1A	C1orf50	CD69	IL31RA	FAIM
209	1.0	OR4F5	MGST1	BOD1	LIN37	ZMYM2	OR10R2	HEY1	SAMD13	OR52R1	ZMYM3	OR5T2	CCDC28B	OR6C74	BOD1L1	TCF24	AKIRIN2	CCDC28A	QRICH1	OR4C3	DAXX
210	1.0	BLOC1S2	NANOG	GPALPP1	MED22	BNIP1	TAF4B
211	1.0	HEPH	HEPHL1
212	1.0	ZP1	ZP4
213	1.0	SLC17A5	DAO	SLC17A7	SLC17A2	SLC17A4	DDO	CHERP	SAT1	SLC17A3	SLC17A6	SLC17A8
214	1.0	PXYLP1	ACP2
215	1.0	DSN1	IL17REL	TREML2	UIMC1	AKAP3	CHGB	KIR3DL3	ZNF483	RTP5	CHGA	CSHL1	PNRC2	CD28	TMEM174	CENPU	ARMCX6	PPP1R26
216	1.0	NLRP2	RBCK1	KCNMA1	NLRC5	PPP1R37	TRAF4	TTC16	RFFL	NLRP8	GCN1L1	DTX3L
217	1.0	CSRP2BP	TRIM64C	RNF25
218	1.0	HSFX2	HSFX1	HSFY2	HSF5	HSFY1
219	1.0	HMX1	FAM126B	ARNTL	MLX	NKX3-2	NPAS2	WASF1	HOXB6	NKX2-3	WASF2
220	1.0	RCAN3	USE1	ZNF608	ZNF609	KIAA0430
221	1.0	HPS5	IYD	APOD	SUV420H1	GNE	NDUFA10	DCBLD1	KIAA0513
222	1.0	ACADS	CYP11A1	CYP4F12	CYP4F3	CYP2U1	CYP4B1	CYP17A1	CYP2A6	JMJD4	CYP26B1	CYP3A7	CYP2S1	CYP4A22	CYP2B6	CYP4F2	PGRMC1	ACAD9	CYP4F8	CYP11B2	CYP4F22	CYP27A1	CYP3A4	CYP4Z1	CYP27B1	CYP4F11	CYP3A5	CYP4X1	CYP21A2	CYP2D6	CYP46A1	CYP2F1	ACADSB	CYP26A1	CYP11B1	CYP19A1	CYP51A1	CYP24A1	PGRMC2	CYP27C1	CYP2C8	CYP4V2	CYP3A43
223	1.0	BRCA1	PIAS2	VPS33A	NACAD	NACA2	COASY	TRIM22	PIAS3	TRAPPC3L	PIAS4	PIAS1	CAPS	TMX2	VPS26B	TRMT10A	EPN3	LDHAL6A	TRMT10B	EPN1	H2AFB2	TRIM10	ANKRD62	NUTF2	PANK3	RPLP2	ANKRD45	VPS26A	ZMIZ1	HCFC2	TRMT10C	RNF103-CHMP3	H2AFB3	SLC9A7	ZC3H7B	H2AFZ	PSD4	PSD	NOTCH3	H2AFB1	H2AFV	DUSP21	ZMIZ2	ASNA1	STX16	STON1-GTF2A1L
224	1.0	STAT5B	BIN3	FAM45A	STAT6	STAT5A	PLEKHM2
225	1.0	TDP2	KCND1	KCNV1	HIP1	TMBIM4	EIF3K	STXBP4	EIF4E3	NAA60	QDPR	MRRF	GGT1	SLC7A9	DAGLB	KCNS1	PTGES2	PREP	ALDH18A1	PDLIM3	SLITRK1	COQ10B	OGFOD1	PFAS	SLC26A7	DENND6A	CPSF6	ANKRD13D	UNKNOWN	SOD3	CDKN2A	FAIM2	RMND1	PRICKLE3	SLC24A5	NAPG	SEPHS2	SLMAP	LRRC74A	TMBIM1	NLRP1	PLEKHG7	GGH	CRLS1	RYR2	PARK7	CEP170B	KCNG4	LRRC52	SLC22A9	NDUFA6	SQSTM1	TYW5	SLC7A13	IWS1	DTX3	TMEM104	TOMM40L	LGI4	LRRC45	NCLN	GRINA	NOD2	SOD1	CLASP2	MDH1B	PRICKLE4	GGT2	PCBP4	TRIM28	KLHDC7B	SLC7A1
226	1.0	IRF2BP2	TERF2IP	TMEM246	IRG1	L3HYPDH	SPTSSB	CHCHD5	SCEL	NUGGC	PMF1-BGLAP
227	1.0	XKR9	UNC5CL	MRPL50	APLP1	TMEM194B	TMEM194A	XKR7
228	1.0	EXTL3	NUDT3	EXT1	EXT2	LGI2	EXTL1
229	1.0	SEMA6D	SEMA3C	SOCS6	SEMA3D	MRPS35	SEMA3B	TPM4	PPL	SEMA3E
230	1.0	PCBP3	SNX16	NOVA1	ORC5	FAM50B	EPC1	NOVA2	FAM50A
231	1.0	DISP1	LMF2	DPY19L3	RCN1	PTCHD1	PLOD2	PTCHD4	DPY19L1	PPARGC1B	MORC2	WAC	DIP2A	FAM136A	CDNF	DPY19L2
232	1.0	TDRKH	LHPP	ERI1
233	1.0	HTR3E	ST7	HTR3C	SHBG	TMEM9	ST7L	GABRR2
234	1.0	DEFB108B	C15orf62	IFI27	C1orf111	C16orf71	ERVV-2	TUSC1	TNFSF4	RNASE13	ERVMER34-1	FAM170B	C12orf60	ERV3-1	COX14	C1orf100	ERVV-1	C2orf78	IQCJ	PRAP1	C19orf38
235	1.0	RUNX3	RUNX2	MRPL48	RSBN1	RUNX1	RSBN1L	KANSL1
236	1.0	FGG	MAPK8IP2	FCN3	FGL2	MFAP4	FGL1	ANGPTL6	ANGPT1
237	1.0	CREBL2	TMEM35	FAM81A	C5orf49	CCDC83	ERICH6
238	1.0	NUB1	FAM57A	ZCCHC14	CP	DNMT3L	SRXN1	FTCD	MED12L	MED25	TEX11	TMEM214	FAM57B	GLMN	THAP4	SPHKAP	MGAT3	BRWD1	ORC6	GLT8D1	AQP12A	FOCAD	C11orf31	MRPL34
239	1.0	KCNK16	KCNK10	KCNK13	KCNK3	ATP1A4	KCNK2	KCNK4	KCNK17	KCNK6	KCNK5	KCNK9
240	1.0	FUT3	FUT9	FUT5	FUT6	FUT4	FUT7	FUT11	FUT10
241	1.0	HBG2	ROMO1	PEX11A	HBE1	HBG1	HBD	SUPT7L
242	1.0	RBM44	MFSD2B	HEMK1	FAM186A	NOXRED1	RSAD2	HHATL
243	1.0	UROC1	MRPL9	PRSS54	LPO	EYA1	THUMPD3	CLEC4F	WBP2NL	CBFA2T2	SLC22A18	LIN28A	EYA3	MCFD2	CTNND1	KCNJ2	AMZ2	DTNB	DCAF12L1	KCNJ11	MYRFL	AKAP1	GATSL2	RGS4	SLC5A10	MOXD1	PTCHD2	FAXC	LIN28B	MRPS10	EYA4	VIT	TRPM7	SLC5A6	DTNA	C7orf25	PGAM5	DEAF1	SLC29A2	KCNJ1	TOR3A	CFB	KCNK1	PLEKHB2	UGT2B7	NSRP1	GCC2	NEIL3	NFKBIL1	FBXL12	EYA2	ALPK1	GPAT2	TRPM6	USP53	RETSAT	RLTPR	OLAH	MGAT4A	TECPR1	EEF2K	USP54
244	1.0	RIMS1	TRPC1	MYCL	NKD2	TSPAN13	TFCP2L1	YIPF3	RADIL	SPG20	MRPL45
245	1.0	C11orf68	PARP6
246	1.0	DCUN1D2	DCUN1D5	DCUN1D3
247	1.0	NIPSNAP3B	NIPSNAP1	CENPB	UGT2A2	UGT1A1	UGT1A4	NIPSNAP3A	MOCS2	UGT2B17	UGT2A1	MIOX	UGT1A6
248	1.0	ITIH3	FBXO18	THEM6	PAPPA	TFB2M	NUDT19	ABHD16B	TTF1	RWDD2A	OGFRL1	LRP5	NAT2	ABHD10	SLC37A2	NAAA	MLEC	NAT1	IFIT1	TRPC7	YBEY	RSPO2	RPTN	RWDD2B	ABHD16A	GTPBP6	ZNF462	SSBP1
249	1.0	TTC7A	AQP1	AQP9	EMC9	ISOC1	FAM206A	EMC8	AQP8	AQP7	MIP	AQP2	SPRYD3
250	1.0	RSPRY1	RNF26	MYH11	TRIP4	DNAH2	KLHDC8A	KLHL10	EFCAB6	AIP	PGAM2	ANKMY1	KLHL4	MEX3C	MDH1	TTC9C	ASB6	XPO7	DND1	TRIM48	CAPN12	TRIM56	KLHL41	PDC
251	1.0	ALS2CL	RSPH1	RSPH10B2	MORN1	MORN3	RSPH10B
252	1.0	GREB1	GREB1L	RELB	NOL11	RELA
253	1.0	ATF6	CHMP7	PLEKHM3	RCOR1	FAT1	PEAR1	MSL3	PHF6	ZBTB24	TRIM55	LRP2	FBXO24	JAG1	RNF207	LDHA	FAM135B	TMOD4	CCIN	SUN5	TRIM63	RCOR3	DCAF12L2	MEGF6	TRERF1	MICU2
254	1.0	PATE1	TNFRSF17	SPESP1	C1orf141
255	1.0	SLC44A2	SLC44A4	SLC44A1	WIF1	TENM2	SLC44A3	SLC44A5	TENM3
256	1.0	MUM1L1	MUM1
257	1.0	NRSN1	NT5C1B	FAM167A	KCNMB2	MAML3	NT5C1A	GCHFR
258	1.0	NATD1	ARPIN	MED18	STEAP3	CCDC84	TYSND1	LAMTOR4	TMEM256	TREX2	STK19	MYDGF	PSMG3	PFN1	DCDC1	SLC35E4	C14orf1	TEN1	MROH5	WIPF3	A4GNT	ZMYND15	HAUS4	MROH7	ARGFX
259	1.0	TSPY2	TSPY1	TSPY8	TSPY4	TSPY3
260	1.0	C17orf74	ISM2	ZNF586
261	1.0	FAM214A	FAM214B
262	1.0	ITGA8	MTSS1	ITGA6	SHF	SHE	MTSS1L	CTNNA1	ITGAV
263	1.0	ACOT12	ACOT11
264	1.0	MED1	NEUROG1	CHCHD10	SOCS3	NEUROG2	FERD3L	PTF1A	NEUROD1	LYL1	ZCCHC4	ATP5S	HAND2	NEUROD2
265	1.0	NLRP9	ZZEF1	LMOD2	ATXN10	TMOD1
266	1.0	SDHC	CC2D1B	OSGIN2
267	1.0	VASH1	ZC2HC1A	KIFAP3	CENPJ	UNC119B	BBS5	DYDC2	ALOXE3	KIAA1841	UNC119	AGBL5	CATSPER1	MEGF11	KCNN3	VASH2	OSCP1	AGBL3	AGTPBP1	AGBL4	CFAP36	CEP131	ALOX12B	NUF2	AGBL1	CAMTA2	AGBL2	SCAPER	CAMSAP2	LRRC56
268	1.0	SHPK	SCARF1	LRIT3	SNX24	FRAS1	DERA	RNF17
269	1.0	BASP1	KRTAP2-3	AHSP	KRTAP3-1	SCGB3A2	C6orf47	KRTAP3-2	KRTAP3-3	KRTAP2-4	C16orf90	C19orf71
270	1.0	PNPO	NDUFS8	NDUFS6	OMA1	NDUFS2	NDUFS4
271	1.0	BTBD8	KCNH3	KCNH8	KCNH5	NAA40	KCNH6	KCNH7
272	1.0	IGFBP5	TMEM134	OR8B2	PCED1A	PRG2	ACOT6	RGMA	ACOT4	ACOT2	PRG3	HFE2	RGMB	CABYR	CNPY2	BAAT	ACOT1
273	1.0	LMBRD1	HNRNPL	DYNC1LI2
274	1.0	FLNB	SPTB	ARHGAP44	OSBP2	SPTBN4	OSBPL2	OSBPL8	POMT1	MEF2C	OSBPL6	OSBPL7	MEF2A	FLNA	OSBPL9	PLEC	OSBP	ZBTB33	ARHGAP1	OSBPL1A	MEF2B	OSBPL11	MEF2D	ARHGAP8	ZBTB5	OSBPL10	OSBPL5	OSBPL3	SDF2	SOS2	ZBTB39	MEF2BNB-MEF2B	SIX1	POMT2	SRF
275	1.0	BCL2L2	CCDC74B	CAV2	GNG2	CAV3	ASIC5	SCNN1D	NANOS1	BCL2A1	ASXL3	GEMIN8	TMEM26	MIF4GD	PRX	CAV1	SCNN1A	BAX	RRBP1	GNGT2	CINP	NANOS2	BCL2	CBY1	MYD88	SCNN1G
276	1.0	C10orf128	LYPD8	PCP4L1	CLPSL2	NREP	HJURP
277	1.0	CFP	THSD4	ADAMTS19	ADGRB2	ADAMTS9	ADAMTSL1	ADAMTSL4	PAPLN	ADAMTSL3	ADAMTS18	ADAMTS12	MATN1	ADAMTS20	ADAMTS2	ADAMTS16	ADAMTS17	MATN3	OIT3	ADAMTSL2	PTS	NELL2	SEMA5B	CD248	MATN4	ADAMTS6	ADGRB1	THSD7B	ADGRB3	CUBN	THSD7A	AXIN2
278	1.0	SLC6A13	SLC6A1	SLC6A6	MME	ECE2	SLC6A4	ECEL1	SLC6A14	SLC6A5	MMEL1	SLC6A17	SLC6A7	CDIP1	SLC6A15	PHEX	SLC6A3	KEL	SLC6A16	SLC6A20	ECE1	SLC6A12	SLC6A9	SLC6A2	SLC6A18	SLC6A11	SLC6A19	SLC6A8
279	1.0	INSIG1	FITM1	HYPK	ELSPBP1	LTBR	TAF1A	STRA6	BST1	MKRN2OS	BSPH1	TNFRSF6B	CD38	CD27
280	1.0	SLC13A1	SLC13A3	ERMP1
281	1.0	RASAL2	NMNAT3	OS9	ZNF576	ZBTB4	PIEZO1	HUS1	IPCEF1	SENP8	SHQ1	GGA3	AVL9	NEDD9	PHF20	TAGAP	INPP5A	C18orf8	IMPAD1	ARPC4	CDC25A	DAB2IP	EPS8	CIC	NUP210	NMNAT2	AATF	WASL	NMNAT1	ZBTB2	ATG5	ARHGAP19	CTTN	ZBTB9	NSMCE1	BCAS3	RPRD1B	DROSHA
282	1.0	KRT26	PVRL2	MRPL37	EMB	TMCC1	LGALS9C	TSC22D1	ANGPTL5	KRT28	ADAM18	ANGPTL4	EFNA2	FGA	OR10AD1	TDGF1	LGALS2	SIRPA	C1orf95	TMCC3	LGALS4	OLFM3	TSC22D4
283	1.0	NLGN2	GIGYF1	TG	CES5A	NLGN3	BCHE	CES4A	ACHE	COG5	NLGN4X	SNX29	SYF2	CES1	SLC35E2B	NLGN1	CES2	CEL	SLC35A3
284	1.0	MFSD11	MPDU1	HEXA	GNPDA2
285	1.0	UFSP2	SESN1	SESN2	COMMD2	SESN3
286	1.0	AGTRAP	NRM	HAUS6
287	1.0	TNNI2	TSC22D3	EFNA5	SDC1	ERBB3	TNNI3	OLFML3	TNNI1	OLFML2A	DCST1	SH3BGR	PROX1	LGALS1	OLFML2B	LGALS12	OLFML1	TSC22D2	TMEM47	LGALSL	EFNA1	PROX2	TNNT2	DCST2	OLFM2	TAX1BP3
288	1.0	KCTD10	KCTD1	KCTD14	TNFAIP1	KCTD2	KCTD6	KCTD15	KCTD18
289	1.0	PLEK	PLEKHA2	GAB1	DEF6	GAB4	PLEKHH2	DAPP1
290	1.0	LRRC71	CFAP43	ODF3L2	RSPH6A	C4orf22	PIH1D2	CCDC13	RSPH9	CFAP99	KIAA0556	ROPN1L	PIH1D3	FGFR1OP	ATAT1	TTC8	TCTE3	TH	TCTEX1D2	CEP120	C16orf93	ROPN1B	ODF3B	HYDIN	C11orf65	GAS8	SPEF2	DLEC1	CFAP70	CCDC173	ENKUR	LRRIQ3	DZIP1L	FAM184A	CCDC37	MAATS1	CFAP58	IQCG	CCDC146	ODF3	RSPH3	DZIP1	SPAG16	DYNLT1	C21orf59	RSPH4A	CCDC39	SPATA17	KIAA1279	SSNA1	DYNLT3	MYCBP	DYX1C1	CFAP61	C17orf105	CCDC113	CCDC112	CEP41	CCDC96	IFT81	PIH1D1	CCDC63	CFAP20	CCDC114	AXDND1	CXorf58
291	1.0	B3GAT1	MRPL18	TMEM14C	B3GNT9	AFMID	APPL2	B3GAT2	SSX2IP	NCKAP1L	B3GALNT2	B3GNT8	NDUFAF2	NPR3	B3GALT2	SF3B1	CXorf56	UHRF1BP1L	LYSMD3	LDB1	KIAA0930	GRN	WASF3	B3GAT3
292	1.0	SS18	SS18L2
293	1.0	SCGB1C2	SCGB1C1	TMEM156
294	1.0	SCIN	CAPG	VIL1	SVIL	CPNE6	HSPA12A	HAL	AVIL	RANBP17	EFCAB9	OPTC	VILL	ZMYND10	ADGRA2	CPNE3	THUMPD2	SCUBE1	FLRT2	GSN
295	1.0	KERA	NF2	FAM109A	NCSTN	FAM120B	LRFN3	ISLR2	MSN	EXOC7	RDX
296	1.0	MRPS15	SLC9C2	ASPHD1	CREG1	ASPHD2	IQCF2	VIPAS39	CREG2	TERF2
297	1.0	C10orf32	PRR12	NCOA5	GLT6D1	CDR2L	GLYATL3	GBGT1	TMEM170B	HPS4	SH2D5	ABO	COX7A2L	SAGE1	SMIM8	FAM177B	STEAP1B
298	1.0	ARNT2	MMP15	HOXC9	YLPM1	HAUS1	EAF2	FCHO1	PPAPDC3	ANP32E	LDB2	CYBRD1	HPSE	MRPS27	HARBI1	TCEB3C	TWIST2	MGAT2	HR	SSBP2	FAM126A	CNFN	AKAP17A	DEPDC1B	EAF1	CPAMD8	CRYAA	ZNF862	HDGFL1	MMP14	UBXN4	ARNTL2	ERLIN2	BCAP31	HPSE2	MMP2	ZBED4	SSBP4	PTPMT1	CLEC2A	FBXL3	R3HCC1L	BHMG1	TTR	C11orf30	SSUH2	CLEC2D	HHIPL2	CRAMP1L	NAGLU	MMP9	SSBP3	CETP	BHLHA15	BARX1
299	1.0	PKP4	CTNNB1	JUP
300	1.0	CDON	NEO1	CNTN1	MYBPC3	NDST2	NDST3	CATSPER3	L1CAM	EGFLAM	NDST4	FNDC3B	NRCAM	PRTG	DCC	MYOM2	HS3ST2	PLXNB3	MYOM1	HS3ST4	FNDC3A	BOC	HS3ST6	COL12A1	HS3ST1	MYOM3	CATSPER2	SDK1	IGSF22	SDK2
301	1.0	CHPF	FAM73A	EXOC3L2	TTYH3	FAM73B
302	1.0	ALOX15B	DCT	LACTBL1	TCEB3CL2	ALOX12	ALOX15	KCNK7	LRP6
303	1.0	HMOX2	AOC3	CDCA7	DEK	AAED1	THYN1	GIMAP4	CDCA7L	AOC2	ASMT	AOC1
304	1.0	SPSB1	SMG5	TPBG	PLEKHH3	B4GAT1	G2E3	IFRD2	RBBP8	AMIGO3	TRPC5	PHF11	MRPL54	LRRC26	PKD2	FAM210B
305	1.0	ACRV1	RGN	C17orf53	LYRM1
306	1.0	ZNF333	ZNF583	PLAGL1	ZNF230	FIZ1	ZBTB49	ZNF711	GTF3A	SNAI1	ZBTB7C	ZNF320	ZNF784	ZNF24	IKZF3	ZNF420	ZNF526	ZNF26	ZNF236	FEZF1	ZNF611	ZIC4	ZNF502	COA7	ZBTB34	ZBTB22	ZNF142	ZBTB16	ZNF180	DOPEY2	SALL3	PRDM16	ZNF429	ZNF610	ZNF28	ZIM2	PRDM12	ZNF615	EGR4	TSEN2	ZNF728	ZNF248	ZNF582	HINFP	ZBTB46	ZNF341	ZNF267	ZSCAN12	ZNF879	EGR2	PRDM13	ZNF837	ZBTB10	ZNF579	PRDM15	ZNF746	OSR2	ZNF486	MTF1	MAZ	ZBTB43	ZNF358	GFI1	HIVEP2	CTCFL	GLIS2	KLF17	OVOL1	ZNF408	ZFP91	WDR11	GFI1B	ZNF528	ZEB1	ZBTB45	ZNF425	MECOM	ZNF335	ZNF781	ZNF324B	FEZF2	ZNF384	UTRN	ZFP57	DMD	ZBTB20	ZIC3
307	1.0	CLN8	ENTHD2	OIP5	MIS18A
308	1.0	MARC2	MAOA	FBXO3	ALKBH3	MTA2	CLPP	ASAH2B	PNPT1	SLC50A1
309	1.0	ANKRD34C	SCUBE3	SVEP1	SCUBE2	KLHL38
310	1.0	FAM43A	MUC5AC	MUC5B	MUC6	OTOG
311	1.0	CACFD1	PLXNA4	CBFB	PLA2G2A	PLA2G10	LDLRAD1	OR5B3	EVPL	GPR31	OR8G1	ROM1	OR2T1	HES7	BHLHA9
312	1.0	CTSL	CTSS	TINAGL1	CTSV	TINAG	CTSH	CTSK	CTSF	CTSZ	CTSB	ANKRD34B	CTSO	CTSW
313	1.0	EXOC3L1	B4GALT4	SARNP	CSDE1	PNPLA2	DVL1
314	1.0	ADGRL1	LLGL1	MROH2A	ADGRL3	ATF6B	COMMD6
315	1.0	SLC29A4	DYNLRB2	DYNLRB1
316	1.0	SLBP	CTBS	MTX1	SLC35A2	POLDIP2	TTC36	TXNDC12	VDAC1	STARD7	SMG6	UFSP1	C4orf29	CPTP	VDAC3	MTX2	VDAC2	CYB561A3	PNPLA4	ITGB4	KBTBD11	PNPLA3	B3GNT3	CYB561
317	1.0	LTA	CKAP2	TMEM102	TNF	KCNMB4	CKAP2L	TBXA2R	LYVE1	FAM134B	TRAF3IP2
318	1.0	POLR1E	RASIP1	C2CD3	ADPRHL2	C2orf81	PKHD1	ARMC9	IQCE
319	1.0	SPTSSA	TMA16
320	1.0	RNF224	KHNYN	ARRDC2	ARRDC5	SPSB3
321	1.0	ASL	CHI3L2	CHIT1	CHIA
322	1.0	PBLD	HAAO	PXMP4	MMAB	MLYCD	TAZ	QPRT	CLYBL
323	1.0	ZNF623	ZNF665	ZNF732	ZNF25	ZNF426	ZNF287	ZNF260	ZFP90	ZNF846	ZNF433	ZNF101	ZNF175	ZNF14	ZFP28	ZNF696	ZNF699	ZNF816	ZNF146	ZNF616	ZKSCAN8	ZNF160	ZNF419	ZNF225	ZNF829	ZNF558	ZNF136	ZNF41	ZNF189	ZNF548	ZNF600	PRDM14	ZNF562	ZNF791	ZNF347	ZNF624	ZNF584	ZNF845	ZNF880	ZNF121	ZNF141	ZNF223	ZNF415	ZNF71	ZNF556	ZNF441
324	1.0	ZSWIM7	CLCA1	SPRR3
325	1.0	LCN9	GHRL	MTL5	SMCO3	MAPK1IP1L
326	1.0	CD58	FAM197Y7	ZCCHC16	PNMA3	PNMA6A	NPW	C19orf66	C12orf40	ZCCHC12	GPBAR1	CAMK2N1	SYCE1L	PNMA2	NDUFA3	SNAPC2	MOAP1	CLDND2	NPFF	OMP	CAMK2N2	CIART
327	1.0	TRIM73	VPS35	HIST1H2BM	HIST2H2BE	HIST2H2BF	HIST1H2BB	DIEXF	ANKRD13C	UBE2Q2	HIST1H2BN	ANKRD33B	SRI	HIST1H2BL	HIST1H2BO	HIST3H2BB	ABTB2	HIST1H2BE	HIST1H2BG	NAPB	HIST1H2BF	NAPA	COPZ2	KANK4	PSMD9	HIST1H2BD	HIST1H2BA	COPZ1	TRIM74	HIST1H2BJ	HIST1H2BK	HIST1H2BH	HIST1H2BI	HIST1H2BC
328	1.0	CHST8	CHST13	GAL3ST2	CHST10	GAL3ST3	GAL3ST4	RASSF6	TTYH2
329	1.0	RHD	RERE	ITIH6	CNOT10	RHCE	LAMTOR3	RHCG	BBX	ERMARD	ITPKB	PRMT7
330	1.0	ARRDC4	ACE	TSPAN9	ACE2	TSPAN33	TSPAN8	MFRP	PARVG
331	1.0	POU5F1B	TSPAN15	SIM2	EPAS1	SIM1	FRMPD4	APBB1IP
332	1.0	CACNA1C	CACNA1S	CACNA1G	CACNA1I	CACNA1D	CACNA1E	CACNA1F	CACNA1H	CACNA1B	SCN9A
333	1.0	MED12	NEIL2	S100G	OBFC1	MAU2	SDHAF1
334	1.0	HIST2H4A	PPAN	HIST1H4D	HIST2H4B	HIST1H4L	HIST1H4K	HIST1H4B	HIST1H4E	HIST1H4H	HIST4H4	HIST1H4C	HIST1H4A	HIST1H4J	HIST1H4G	HIST1H4F	HIST1H4I
335	1.0	MID1	MYH9	MBOAT1	ERCC1	MYO1F	FHIT	SUPT4H1	MBOAT2	XIAP	POLR2A	RNMT	TRPV5	ACPP	DDI1	TRIM6-TRIM34	ADAT3	BIRC8	FAM96A	TRIM59	EIF5B	MYH10	CTU1	MARCH1	RPL27	FXN	RPS29	VPS52	ORC2	SRD5A3	NEMF	SPCS3	TBCD	XRCC2	RNF175	FIP1L1	SUMO2	QTRTD1	ZFP36L1	TAF10	SPO11	DCAF4L2	QTRT1	DPH5	MARCH3
336	1.0	DNAH17	DYNC1H1	PDE3B	DNAH3	PDE9A	CNGA2	DNAH8	DNAH5	CNGA3	PDE6C	DNAH11	DNAH10	PDE11A
337	1.0	CENPN	C1orf177	SAYSD1	CDCA2	C1orf109	C11orf57	FUOM	ERICH6B	C17orf59	VEZT	TUSC2	SIDT1	EVC2	C9orf116
338	1.0	PDE4DIP	PHC1	GAS2L2	UNC80	COX4I1
339	1.0	DYNC1LI1	URI1
340	1.0	KIAA1755	RBP7	NFIC	KIAA2013	NFIX	RBP5	NFIA	NFIB
341	1.0	CCDC47	KIAA0907	FAF1
342	1.0	C1QBP	MBNL2	ZC3H12B	ZC3H10	SLC35G2
343	1.0	GLCE	PTGDR	VGLL4	MRPL35	DEPDC1	ELL3	EIF4ENIF1	CCDC51	OCLN	SYNE3	ZNF318	ZNF503	CAPRIN1	MARVELD2	PDGFRL
344	1.0	SLC35C1	KCNG1	FKBPL	KCND3	MFSD1	DCN	KCNQ1	KCND2	TNC	CHAD	LRRC16A	KBTBD12	TNR	NLRP14	NOD1	SCAF11	KCNB2	KCNB1	LRRC34	RSAD1	KCNS2	RYR1	NLRP5
345	1.0	MYOCD	UBL3	KDM3B	JMJD1C	KDM3A	SMNDC1
346	1.0	DIRC2	SLC22A25	ABHD15	PNPLA8	KLC1	SLC35D2	MFSD7	KCNH1	FLVCR1
347	1.0	RPRD2	RPRD1A
348	1.0	FAM180B	IAPP	GUCA2B	FLG2	PTTG2	TMEM219	CD83	POM121L12	HRNR	PNRC1	C6orf89	PTTG1	VRTN	TMEM81	LYPD1	GUCA2A
349	1.0	PSAT1	HMGCLL1	ZADH2	CCNT1	CFAP44	AKR1B1	PPAP2B	EHD4	ALDH16A1	CALR	LRRC28	PTPN23	FAP	CLCN7	EDEM3	AKR1C2	CLGN	CLCNKA	LARP1	PTPRG	RBKS	CLCN3	CCNC	CNDP1	TAT	AKR1B15	NLN	AKR1C4	FBXL15	SNX7	CALR3	AKR1C1	DPP10	GPT	ALDH2	CCBL1	AKR1C3	NDUFV2	THOP1	RANBP9	CLCNKB	ZC3H7A	CLCN6	ADIPOR2	SPHK2	YOD1	CLCN5	CAND1	PRKCSH	AKR1D1	SNX30	HMGCL	EHD3	NOL6	CCBL2	TMED7	POLK	LRRC2	AKR1E2	ADK	ALDH3B1	GPT2	COL4A3BP	AADAT	HEATR1	SMPDL3A	ACCS	IMPA2	CLCN2	CANX	SGPL1	ADAT1	FBXL17	CLCN4	PPAP2A	PGLS	EHD1	PPAPDC1A	ACCSL	DPP4
350	1.0	PARP12	PKD2L2	PKD2L1	CEMIP
351	1.0	PHAX	CISD2	ASCC1	APC	SLC13A4	ATP5G2	ZRANB1	CBFA2T3	DCBLD2	RIMKLA	F8	WTAP	COL6A3	VWA2	CBLL1	MBNL3	COCH	ATP5G3	COL20A1	PPRC1	SLC39A2	ATP5G1	ZNF280C
352	1.0	SPRED1	GLYCTK	ATP1B3	TNFAIP2	ATP1B2	ATP5J2	ARHGEF40	INA	COL1A1	MRPS22	TEKT2
353	1.0	LHX2	CRIP1	PTBP2	TES	STX19	GP1BA	RGS17	DOCK7	DOCK3	SYT17	TLN2	ISL2	MICAL3	MICAL2	SIPA1L3	PSEN2	DOCK9	LRRN3	HBP1	CRIP3	PSEN1	SIPA1L1	TAF9B	SPTBN1	CERKL	TLN1	LHX9	MICAL1	SYT8	ADAD1	CSRP3	MICALL2	DOCK11	XIRP2	SPTBN2	CSRP2	DOCK6
354	1.0	VN1R4	APOM	TUSC5	SYNE4	TINF2	PROCA1	CXorf21	C14orf28	C11orf95	OTOS	C11orf84	RHBDD3
355	1.0	ARSD	GALNS	ADD1	SNX22	NXNL2	ARSF	ARSH	ARSG	KCNJ4	ARSK	ADD2	SULF2	SGSH	IDS	GNS	ARSI	GFOD2	ARSJ	ARSE	SULF1	TDRD5	TPMT	DYTN	ARSA	EPHX3	ARSB	ALKBH2	NXN
356	1.0	TAF15	MEX3D	HOOK3	GPSM1	JMJD8	NLRP11
357	1.0	EID1	MARCKSL1	SNX21	TMEM154	TMEM159	BOLA3	NMS	MARVELD1	C17orf58	C2orf71	SRGN	PYDC1	CARD16	TCP10	PLEKHS1	TCP10L2	VMAC	PPP1R35
358	1.0	EDEM1	EDEM2	MAN1C1	MAN1A1	MAN1A2	MAN1B1
359	1.0	UNC93B1	XRCC4	SREK1IP1	RMI2	TMEM201	ZMYM1	MTERF2	TMEM8A	YY1AP1	CCAR2	BPIFB4	TMEM45B	ZNF385B	ZG16	HAUS3	MMP28	FBXO7	CCAR1	BATF2	TMEM45A	RNF183	TMEM8B	SAAL1	SNRNP48	SNRNP25	PDCD7	GON4L	GHDC	HEATR3	GLT8D2
360	1.0	TMSB15B	FCER1G	LILRA1	FXYD1	LILRB3	CEP68	TMSB15A	RIPPLY3
361	1.0	MORN2	GCKR	SLC17A1	ALOX5	TRPV3	NECAB2	HUS1B	RAPH1	ATP5L2	HOOK1	SLC22A23	SNX14	SYTL2	ZGPAT	ASAH1	PPT2	AXIN1	SUZ12	DOK4	MRPS18C
362	1.0	AVEN	MZT2A	CCDC138	BANP	CCDC57	C5orf30	C4orf17	MZT2B	FANCE	BAD	C20orf96	FAM181A
363	1.0	CCDC90B	MBD1	HMOX1	TMEM259	MYC	MCUR1	CNIH2	EBF2	SBNO2	HNRNPK	SBNO1
364	1.0	DEGS1	KCMF1
365	1.0	MAFA	JKAMP	SYCP3	PROM1	SAMD10	TMSB4X	TNFAIP8L1	TMSB10	FRMPD1	ADGRF2	TMEM242	ADGRF4	GCGR
366	1.0	RANGRF	DNTT	CMBL	IDNK	PEMT
367	1.0	LRP8	MTA1	FBN2	GSTM3	LITAF	LDLR	GSTP1	ADGRE1	COMP	ALKBH4	AEBP1	LRP1B	NOTCH2	ADGRE3	TPO	SSR1	CRB2	NOTCH2NL	CELSR3	CPN1	GSTA5	CPZ	NAGK	LRP4	GSTA2	VWCE	MEGF10	AGMO	GAS2L3	NID1	EGFL8	VLDLR	NID2	PLOD3	JAG2	FBN1	CELSR2	CCBE1	LRP1	EFEMP2	EGF
368	1.0	MRPS2	SEPT9	SEPT7	SEPT14	SEPT3	SEPT4	ADGRA3	FBXO16	FURIN	SEPT10	SEPT6	XPA	SEPT8	SEPT12	SEPT2	MAGT1	SEPT5
369	1.0	ENPP7	ENPP3	ENPP1	ENPP5	ENPP4
370	1.0	FAM132A	HAUS8	C14orf80	MSMP	RGSL1	TEX43	MFSD3	EFCAB12	GPS2	HAUS7	C11orf88	CFAP221	TEX36	SYCE2	SEPN1	C10orf90	RITA1	C7orf72	CCDC162P
371	1.0	KDM2A	UPF2	PPP6R1	MEPCE	LIPN	GID8	LIPF	LIPJ
372	1.0	SGCZ	JTB	CENPT	MESDC2	ARPP19	ATP6V0E2	SGCD	SASH1	NXF5	MAP1S
373	1.0	RPL36A	SEC61G	AIF1L	SOX3	DNAL4	RPL39	YIPF1	RPL39L	RPL36AL	DYNLL2	DYNLL1	POLR2L	EFCAB3	CDA	RPS28	PTAR1	RPS21
374	1.0	ELFN2	COG6	LIMD2	BHMT	ALPI	LRRN4	CHMP4A	RCN3	TAS1R3	CREB3L4	GPRC6A	SAT2	TXNDC16	SNAPC3	CREB3L1	PXDN
375	1.0	TXLNB	TXLNA
376	1.0	C1QL3	TEDDM1	CBLN3	COL8A2	C1QTNF5	C1QL2	C1QL4	CBLN4	C1QTNF8	COL10A1	C1QC	C1QTNF3	COL8A1	C1QTNF4	C1QTNF7	C1QL1	CBLN2	C1QTNF2	C1QTNF6
377	1.0	MAP10	FBXL8	C10orf35	FSIP1	C18orf54	C19orf45	PEA15	C2orf73	C11orf16	ALS2CR12	AKNA	TEPP	SPATA7	CCDC78	C10orf53	C1orf87	C9orf135	SPATS1
378	1.0	ILVBL	PCBP1	TAMM41	LIPK	MRM1	SLC47A2	TIMM22	UROD	IMMP2L	EPC2	PRDX5	PICALM	ASNS	RPIA	HMBS	HACL1	ZCCHC17	MRPL27	ALAD	RTF1	GGA2	BUB1B	LIPA	CAT	TPK1	KHSRP	UBXN1	MPV17L2	SCD5	EHHADH	SCD	SLC47A1	PCBP2	NADSYN1	ATIC	XRCC6BP1	MRPL4	MTO1	GSTT1	MRPS5	CPOX	MPV17	LIPM	TMEM63A	PPOX
379	1.0	PCID2	SEL1L2	DIAPH2	SF1	DGKQ	PSMD13	DNPEP	CUL2	COPG1	MYO7A	RBM41	UBE4A	NCAPD2	GRID2IP	RBM5	ERCC4	FMN2	FMN1	DGKA	FMNL1	RNF43	CTR9	PDZRN4	FHDC1	EPT1	SSRP1	ATP6V1C2	CPSF1	STX5	ARCN1	LDHB	DIAPH1	INF2	DAZ2	NOC3L	ZNRF1	RQCD1	ZNRF2	PFKM	CNOT6	MYCBP2	UNG	FHOD3	WDR74	RABL6	CSE1L	SENP7	TRRAP	COPG2	NUDC	EXOSC10	CUL4A	UBE4B	CLP1	SPEN	NOX5	MEGF8	DAAM2	IPO7	RAVER2	PDCD2L	EIF3C	RBM14-RBM4	CEPT1	EIF4G3	FBXW9	DAAM1	EIF3CL	NUDCD3	COQ5	SREK1	RNF4	TLDC2	POLD2	RBM15	SUPT5H	YIPF7	PPAT	GMPS	LNX2	PMM1	EIF4G1	SUPT6H	PFKL	PSMD3	PMM2
380	1.0	SLC26A8	SLC26A1	SLC26A2	SDHAF2	SLC26A5	SLC26A3	SLC26A4	SLC26A9
381	1.0	MMP19	MMP20	MBD2	MMP11	PURG	MMP17	MMP24	MMP10	MMP21	MMP3	MMP8	MMP13
382	1.0	C20orf195	PINLYP
383	1.0	NUDT8	ARMT1	PCMTD2	NUDT13	SLC35F5	TANGO2	THNSL2	PPT1	SCP2D1	DAK	HAO2	ESD	ASS1	GRAMD3	SQLE	XYLB	METTL7B	SLC15A2	PEX12	ADI1	SLC22A14	MAD2L1	PAICS	MTHFR	DHCR7	HSD3B7	EIF1AD	SLC16A9	TIMM8B	MAD2L2	NOP14	TMEM87B	TST
384	1.0	FAM120C	INO80E	FOLR3	UBALD2	FOLR1	IZUMO1R	FOLR2	UBALD1
385	1.0	TOR1B	GGACT	SH3BP4	PEAK1	SLC5A8	ZC3H12D	KCNU1	ARRDC1	ZC3H12A	SLC5A12	COMTD1
386	1.0	LTBP1	SUSD1	GAS6	FBLN7	LTBP4	LTBP3	FBLN1	HEG1	FBLN2	UMOD	FBN3	CD93	EFEMP1	PROS1	MATN2	NPNT	HMCN2	FBLN5	EGFL6	EGFL7	ADGRE2	THBD
387	1.0	FAM156B	DEFB128	WFDC13	HCST	GYPA	SCIMP	LY6G6D	TRNP1
388	1.0	LRRC30	CCNO	CCNB3	GINS2	CCND3	RAD21L1	CCNE2	RTN4R	CCND2	CCNE1	CDC16	CCNI	LARP6	SLC37A4	MTCH1	CCNI2	NRROS	ING3	CCNA1	TRIL	LRCH1	CLIP3	CCNB1	CCND1	CCNA2	RAD21	TTC37	PAXIP1	CNTD2	ING5	CCNB2	UGP2
389	1.0	BTG2	ATF7	CNTNAP2	RABIF	MED20	BTG4	CNTNAP5	ASUN	KANSL2	SZT2	TOB1	NTN1	NTN3	BTG3	CNTNAP4	BLOC1S4	TOB2	MFGE8	BTG1
390	1.0	GALT	SREBF1	TFE3	B3GALT1	USF2	SREBF2	PNPLA1	TFEB	USF1	MAX	MITF	TCP11
391	1.0	ITPA	EIF4E	ZMYND8	RNF40	UBL4B	TRIM3	HSF4	CPN2	SETMAR	HSF2	RBM25	DR1	LSM3	SNRPB	TRIM38	UBTD2	SETD2	ZFAND4	UBTD1	EIF2B3	YEATS2	UFD1L	KCNAB2	EIF4E1B	UBD	YEATS4	LRRC4B	GMPPB	CCDC94	NFYC	LUM	CMTR2	UHRF2	DNAL1	RNF113A	LSM2	LRRIQ4	PTRH2	AKTIP	CDIPT	ISG15	TUBGCP3	FNTA	HSF1	UNK	POLE4	LRRC8E	SLIT2	ZC3H4	EIF4E2
392	1.0	SAA2	PNMA5	HBB	DSEL	MEDAG	CDCA8	AKIP1	PEX11B	GGT6	TMEM251	NUMA1	DISC1	C3orf38	PMF1	SAA4	HIRIP3	CCDC73	SAA2-SAA4	CASC5
393	1.0	RACGAP1	LMAN2L	LAMA4	RAPGEF6	LMAN2	CAPZA1	FARP2	WWC1	CNN1	CAPZA3	LMO4	SAV1	LMAN1	DOCK1	GARNL3	EPS8L3	ZFYVE19	LMAN1L	ARPC5	DOCK2	EXOC6	LMO2	CAPZA2	ARPC5L	RICTOR	DOCK4	CNKSR2	SPTA1	SLC12A7	PLA2G4A	SLC12A6	CNN3	RAP1GAP	AKAP13	YAP1	DOCK5	PIEZO2	SLC12A4	SH3RF3	ZNF639	RASA2	PSTPIP1	ARPC2	NOXA1	LMO1	RAP1GAP2	ARHGAP42	ARHGEF39	FNBP1	TWF2	KNDC1	CDC25B	SLC12A5	CDC25C
394	1.0	FCHSD1	NCAPG	SYDE1	QPCTL	SNAP91	AGPAT4	COQ7
395	1.0	PHLDB1	CNKSR1	EHBP1L1	SPECC1	AGA	EPB41L5	CYFIP2	EHBP1	NAV2	SMTN	SMTNL2	TAGLN3	TRIM71	SYNE2	NAV3	RALGAPB	DIXDC1	MICALL1	CNN2	SPECC1L	SMTNL1
396	1.0	C17orf97	GET4	C1orf53	DNMT1	ENDOU	SLC5A5	SCRN3	FTMT	GATSL3	ACOT7	FTHL17	GNMT	SCFD2	PAXBP1	FTL	SLFNL1	FOXRED2
397	1.0	C11orf74	APOLD1	C18orf21	NFAM1	C14orf79	C8orf22
398	1.0	WFDC1	MAS1L	ZP3	SAMD9L	TMEM220	TNIP3	WBP1L	TMEM168	HAPLN1	MTBP	CCDC89
399	1.0	PCGF5	RPS14	POLR2I	UTP6	CGRRF1	RRP8	ABHD17C	DSTN	TMX4	HACD2	RPL22L1	DMC1	MCM3	DGKD	CFL1	RPS27L	TSR3	EDF1	RPL37A	RPL30	GLS2	PFDN6	RPS10-NUDT3	CFL2	CALB1	ZFP36	SUMO1	DGKG	RPL22	RPL34	BIRC7	RPL19	PELO	N6AMT1	APEX1	TRIM13	CALB2	AARSD1	VPS29	RNF138	RPS24	RPS27	RPS10	TTC32	ABT1	POLA1	TOX4	ADAT2	NIP7	NSA2	ZFP36L2	MGRN1	RING1	RPL32	ATP6V1F	RPL36	DYNC2H1	RPL6	RPL18	RPL37	DERL3	RPL14	RPL35	DNAH9	RPS17	RPS19	SUMO4	HSPE1	NMD3	METTL1	ZNRD1	CMTR1	RPL35A	ARMC3	RPL13	LAMA2
400	1.0	PSRC1	KIR2DS4	IL37	IFNA2	APOL1	G0S2	TSGA10IP	LCN10	RNASE7	PLGLB2	PLGLB1	IFNA14	NRGN
401	1.0	MFSD12	NIPAL2	ERLIN1	IGDCC4	SGMS2	DSCAML1	IFIT1B	PCK2	TTC17	DSCAM	DDAH2	UGT2A3	PLXNB1	KCTD11	PKD1	KCNK18	UGCG	PKDREJ	NIPA2	FUCA1	KCTD12	COL7A1	DMBT1	SLC18A3	CDADC1	ARNT	NUDT4	KCTD13	FN1	COL21A1	NHLRC2	PLXNA3	VWA3A	SLC10A7	PLD3	SPAG17	SLC18A2	INPP4B	PCK1	KCTD8	TRPV4	THOC7	TTC24	FKTN	DDAH1
402	1.0	SLC7A4	BCAP29	TLR2	DNASE2	DGUOK	AIFM1	TCEB2	DNASE2B
403	1.0	FAH	HGD	GSTT2	NMRAL1	KCNH4	NBR1	PXDNL	OXCT2	ISOC2	CHDH	OXCT1
404	1.0	SLC45A4	SLC45A1	SLC45A3
405	1.0	TSHZ2	MEN1	OR5D16	SDC2	COL18A1	OR6K2	ZMYM4	KIAA1958	OR11H1	OR6F1	RTKN	OTOP3	OAZ2	RASSF4	LIMS3L	C3orf58	OR8B8	TMSB4Y	C19orf52	EFNA4	OR10Z1	OR5AC2	AMN	OAZ3	OR7G3	OR52E2	LIMS3	BAG4	MRPL42	OR2S2	OR52I2	GPR146	FABP1	OR8G5	SDC4	CD274	OR8D2	OR5M3	MED30	GPR171	KLRC3	DAP	IGFBP7	OR1J4	OR2Y1	OR11H12	OR9I1	OR5W2	OR4N4
406	1.0	SULT6B1	FASTKD3	FUK	TGFBI	SULT1C3	SELENBP1	DNMT3B	SULT1A2	SULT4A1	SULT1E1	SULT2A1	CACNA2D1	DNMT3A	TCF7L1	CHST15	HDDC3	SULT1C4	SLC5A11	SULT1B1	SULT1A1	MORC4	FXR1	SULT1A4	TRIAP1	C14orf159	SULT1C2	HEBP2	MRPL1	SULT2B1	ANTXR2	SLC5A9	SULT1A3
407	1.0	TRPC3	ATPAF1	SAC3D1	ACP5	GSTCD	FADS6	RTCB	EDRF1	AIDA	PKD1L3	TMCO3	UGT8	FAM188A	C15orf41	TMEM65
408	1.0	CBLC	CBL
409	1.0	METTL5	SIX3	SRP19	TGIF1	SIX2	LRFN5	SIX6
410	1.0	ZNF343	ZNF324	ZNF217	ZNF470	RPN1	ZBTB48	ZNF292	ZBTB37	ZFX	EGR1	ZNF768	ZNF296	AGAP3	ZNF775	RASL10A	ZNF648	ZBTB44	ZNF688	ZNF646	PEG3	ZBTB8B	ZNF507	ZSCAN18	ARHGAP11B	GZF1	ZFPM1	ZNF541	ZSCAN1	ZNF212	MYNN	IQGAP2	PRR5-ARHGAP8	PRDM10	ZFP37	KLF6	ZFY	ZBTB1	ZBTB40	EGR3	ZNF362	ZNF844
411	1.0	TRABD2B	TPGS1	NAB1	PLA2G2D	CSRNP3	SATB2	BTNL2	CCDC170	HECA	RASSF7	FEZ1	OR2H1	SATB1	PLA2G2E	UBN1	COL15A1	ATG13	CSRNP2	PLA2G1B	OR5AU1	ONECUT3	FAM65A	PIGR	FEZ2	OC90	KIAA1143	RASSF8	GPR148
412	1.0	GPAM	PTGR2	PHYH	KLC2	HSPBAP1	PTGR1	GNPAT
413	1.0	PCSK2	TTLL12	ADCY3	GUCY1A2	NWD2	DLK1	DNER	PCSK1	SLC37A3	GUCY1B3	SNED1	CCDC53	KBTBD3	DLL3	PCSK4	DLL4
414	1.0	CAPN11	KLHL14	SNIP1	ATG4A	VPS33B	C21orf2	HMGB4	HMG20B	PLCL1	CAPN8	MAP1LC3C	NOM1	ATG4B	GABARAP	TBC1D24	HMGB3	MAP1LC3A	PRMT5	GABARAPL2	ASPM	SOX18	HTATSF1	CAPN2	CCDC130	CEP97	RTFDC1	CLPTM1	CAPN9	PLCE1	CAPN1	PEF1	MAP1LC3B2	GABARAPL1	HMG20A	CLPTM1L	FHOD1	CWC22	SOX17	KLHL12	MAP1LC3B	KLHL9	ATG3
415	1.0	TMEM204	C8orf59	PRR16	TMEM202	ZMYM6NB	KIAA0586	BCL2L10	CD99L2	C21orf58	C8orf88	C17orf89
416	1.0	GDAP1L1	DDA1	ZBED6	KANSL3	MAGEA6	BHMT2	BCAS4	TTI2	ZBED1	RBM48	MRPL41	CCDC169-SOHLH2	KIAA1429	LAMTOR5	ZMAT4	BABAM1	RBM24	COIL	TXLNGY	SYS1	GLTSCR1	MFNG	RFPL4A	KXD1	R3HCC1
417	1.0	KIAA1462	C19orf26	C11orf53	TMEM71	TNFSF10	PRR15	BRICD5	NPPB	MS4A18	PLN	BEND2	CEACAM4	IFNAR2	C1orf168	SFTPC	RAET1E	C1orf210	GKN2	NPPA	FOXP1	SNAPC5	C1orf174	APOF
418	1.0	RPL23A	POLR2F	NAT10	RPL26	GSPT1	EP300	REV3L	TRNT1	LATS1	WHSC1	AIMP1	RPS16	ATAD5	RPL5	RPL26L1	DHPS	SUPT16H	NME7	XRCC3	PRIM1	NMT2	RPL10L	PSMC2	SF3B2	ANKRD13B	TRIO	TRAPPC5	NMT1	SUMO3	POLR2G	FEM1C	TRIML1	EFTUD1	MAK16	HINT2	CHD6	TPI1	GTF2H2C_2	MPHOSPH10	UBA1	RNASEH2A	DERL2	RPS13	IARS	TAF9	RNF2	ABL1	CHPT1	BUB1	TOP2A	MDN1	RPL10	SMARCA2	GTF2H2	FBL	PDZRN3	VPS13A	DNAJC13	TRMT1	EXOSC2	RPS18	ABHD17A	RPL13A	KDELR2	HIPK1
419	1.0	ATP5E	ACYP1	CPEB1	ACYP2
420	1.0	RAPGEF5	RGL4	HCLS1	RALGDS	RASGRP1	RALGPS1	RASGRP3	RASGRP2	RASGEF1A	NCF1	PLEKHG2	RAPGEFL1	RASA1	NF1	RASGEF1B	RGL3	RASGEF1C	RASAL3	FNBP1L	RASGRP4	RALGPS2	RGL2	RGL1
421	1.0	LRPAP1	EFNB3	LDLRAD2	FAM43B	SIGLEC15	EFNB2	EFNB1	KRT25
422	1.0	PRSS23	C22orf39	MRPL55	ATXN1L	EXOC3L4	HEXIM2	SMIM20	LYRM9	LYRM2	NDUFB2	DNTTIP1	CDKN1B	CYB561D1	SCRN2	SH2D4B	BLNK	ZSWIM3	PRSS35	PGLYRP3	TM7SF3	MRPL57	EEPD1	GTF2IRD2	CCDC134	CTGF	C6orf120	AAMDC	GTF2IRD2B	ATF3	FSIP2	PELP1	ATXN1	ARHGAP27	PTGFR	FASTK	USMG5	PET117	PGLYRP1	TMEM179	BLCAP	CST1	FUT1
423	1.0	SRFBP1	PATL2
424	1.0	RPS5	LONRF2	IQSEC3	KRR1	ASF1B	SLC25A25	ABCC2	CDK13	KDELR3	EML4	PCNA	GPI	TOP3A	CNOT8	TRIM4	RNF135	TMEM30A	PUS7	TRIM25	LRRC6	PSMD4	MRE11A	ASCC3	PAPOLG	GSPT2	PPAN-P2RY11	ESF1	PCGF1	TRIM11	NACA	ATR	ATAD2B	PIK3C2B	ATP6V1H	MYO18A	PRPF8	H2BFWT	VPS13C	INPP5K	XRN1	MRPS12	TRIM21	TBC1D9	PIGA	MCM6	CHD1	CDKL2	HIPK2	PES1	SF3A2	PSD3	DDX3Y	RPL15	WRNIP1	HINT1	TRIM35	TAF1L	MAP3K12	PAPOLA	ASF1A	DUS3L	XRN2	H2BFM	SF3A3	TRIM62	CNOT7	COPA	DDX23	RFPL4B	MAP3K5	STX2	VPS13D	INPP5E	POLR3F	PUS7L	ATP6V1C1	UTP18	PAPOLB	RPS9	RAD23A	KDELR1
425	1.0	XKR6	KAL1	HEYL	ZSWIM5	XKR4	CD200	ZSWIM8	ZSWIM6	TSPAN18
426	1.0	OTOP1	STAU1	IL18R1	OTOP2	MRPS21	CDK5R2	HPX	GPR88	IL1RAP	CCDC85B	CDK5R1
427	1.0	YPEL2	KCNS3	PCMT1	GLUD1	RMND5A	YPEL5	AQP10	KDM1B	RMND5B	OTUD5	YPEL4	VTA1	PAOX	AQP4	YPEL3	GRAMD1B	YPEL1	AQP6	AQP5	NPHS2	GRAMD2	GLUD2	STOML3	KCNF1	STOML1	KDM1A
428	1.0	UGT1A7	UGT1A10	UGT1A3	UGT2B4	UGT1A9	UGT2B15	UGT1A5	UGT1A8
429	1.0	CDKN1A	TMIE	P3H4	ZC3H13	INMT	ATN1	MB	C20orf27	C15orf61	DAND5	AMOTL2	AMOTL1	CCDC64B	CRTAP	NHLH2	GREM1	NBL1	IQCJ-SCHIP1	MINOS1-NBL1	OR2L8	CIDEA	LEMD1	CER1	LAPTM4B	PANX2	XKR5	DOK7	FCGR3B	PERP	KIAA1467	DFFA	PPP1R14B	DTNBP1	XKR8	PNMT	FAM117B	BRAT1	CACNG5	TMEM183A	TMEM192	FANCA	AMOT	PLA2G3	NHLH1	DFFB	TMEM14E	LAPTM4A	FBXO43	CDKN1C	IRS2
430	1.0	CCDC61	CEP44	NPHP4	TRAF3IP1	FAM221B	KIAA1683	IFT57	MKS1	IFT140	TTC30B	B9D1	SAXO2	BBS9	MCOLN3	TPPP2	IFT172	BBS7	IFT43	DNAAF2	C20orf194	TRIM67	FAM188B	CEP95	CCDC81	TTC30A	TPPP	CC2D2B	TMEM216	ZC2HC1B	BBS2	MCOLN2	CC2D2A	CEP19	LZTFL1	B9D2
431	1.0	SEPT11	GAB3	NUP210L	PLBD1	PRDM2	STAR	PLBD2	ZMYND19	NMRK1	PSTPIP2	NSMCE4A	ZNF277	SH3PXD2B	POGZ	MCF2	DOPEY1	NEBL	PLEKHA4	ARHGEF33	EXOC3	RAD1	SH3PXD2A	PLEKHA5	AMIGO1	POP1	ZNF280B
432	1.0	SYT4	CPNE9	DENND2A	DENND2D	DENND3	DENND5B	DENND1A	DENND4A	CPNE4	DENND5A	CPNE1	CPNE2	DENND1B	CPNE8	DENND4B	DENND1C	ST5	MADD	DENND2C	C9orf64
433	1.0	APBB1	THAP8	UBAP2L	THAP1	SPRED3	SCAF1	TEKT4P2	NDUFAF4	THAP3	THAP5	SUFU	TMEM9B	THAP9	THAP7	THAP2	UBAP2
434	1.0	PPP2R3C	JPH4	JPH2	JPH1	TBCCD1	JPH3
435	1.0	LIX1	CHST4	SPRY1	MYOD1	SDC3	CHST2	MBD3L3	SPRY3	MRGPRX1	TNNT1	CHST5	CDR2	CHST3	MED29	MBD3L5	EDA	SPRY2	SPATA2	OR51G1	MED27	CD226	AFF2	NFATC1	SYNM	OAF	CHST7	CHST6	NFATC2	AFF3	NFATC3	MBD3L4	CDC42EP4	NFATC4	MBD3L2	LIX1L	VTCN1	SAPCD2	OR2AG1	SPRY4	CHST1	IL18RAP	FAM13C
436	1.0	MSL1	CCP110	SMIM12	LAG3	PTOV1	FBXO40	SOSTDC1	WFS1	MED15	PPP1R8	CCDC102B	MBLAC1	NPDC1	C19orf43	FAM162A	MRPS33	NPM1	TMEM223	NPM3
437	1.0	DPP7	PRSS16	PRCP
438	1.0	HPDL	NDUFAF1	NAA38	RHBDL1	FLVCR2
439	1.0	ENTPD5	ENTPD7	ENTPD4	ENTPD1	ENTPD3	ENTPD6
440	1.0	HPGDS	JOSD1	ATXN3L	RBM34	LRPPRC
441	1.0	MUL1	MORN5	MYLIP	RNF34	NEURL1	TRPV6	ELMOD2	MORN4	NEURL1B
442	1.0	TET3	NDUFB11	POLR3G	AFF1	POLR3GL	CLEC1B	CHRD	GOLGA4	C7orf26	CREM	TET1	C1orf198	C1orf131	CXXC5	SERBP1	MTTP	TET2	MAGEC2	NKAIN1	CXXC4	MRPS31
443	1.0	TDRD1	AMACR	GSTT2B	GSTO1	IL4I1	PHYHD1	PIPOX	GSTZ1	APIP
444	1.0	ITPKC	LAMA1	LAMC3	LRRC38	SCARF2	TNXB	TRPV1	TMEM41A	MEGF9	CRELD1	LRRIQ1	LAMC1	SYTL5	LAMB4	KLC3	LAMA5	SLC9C1
445	1.0	SPATA6	CEP295	TBC1D29	SZRD1	ATF7IP2	NDUFB3	ATF7IP	MVB12B	FAM81B	CEP250	MTFR1	OSER1	TECTB	CTAGE6	OCIAD1	CTAGE9	CTAGE4	COL5A1	TSHZ3	NOG	DKK4	GP2	DNASE1L1	G6PC3	EMILIN2
446	1.0	HSPG2	RGS1	RGS20	LRRC17	RHBG	CHID1	HIAT1	RGS19	RGS16	SYTL4	LMOD3	RGS21	LINGO2	CCDC93	TMOD3	PLEKHH1	DOCK8	DOCK10	CASR	GNPTAB	UNC13D	RXFP2	RGS13	LINGO3	LMO7	WASH1	ITPKA
447	1.0	GBP5	CREB3L3	GBP3	BTBD19	ATL3	GBP6	ENOPH1	GBP2	GPKOW	GBP1	GBP7	GBP4
448	1.0	RHBDF2	SOX6	PTP4A2	DYSF	RHBDF1	PTP4A3	TSPYL2	EFHB	SMARCD2	TRMT112	TECRL	DGKE	METTL16	ANKAR	GMDS	KLHL25	EXOSC5	SLU7	SLC35F6	TGFBRAP1	ACP6	LSM5	NIPBL	MYO1E	OASL	RNF157	TRMT6	CHMP2B	CARKD	FBXO11	TSPYL1	SOWAHA	LDHC	REC8	GINS1	CAPNS2	ZPR1	TTC33	C9orf41	NCOR2	ZMPSTE24	STX10	AIFM3	CDKN2B
449	1.0	MTMR2	MTMR7	MTMR12	MTMR10	MTMR8	UBR3	MTMR9	TPTE	MTMR11	NTMT1	MTM1	TPTE2	MTMR1	METTL11B	UBR2	MTMR6
450	1.0	UNKL	TTC39B	CTNNA3	CHAF1A	ANO2	DTX4	POMP	TBC1D19	DTD2	ADAMTS13	CNIH3	SMG8	ADAMTS10	ANO1	CLOCK	VKORC1L1	ENAH	GGA1	TTC39C	LAMB2	TTC39A	GAS2
451	1.0	SCRG1	C14orf2
452	1.0	HPD	PDSS2	CHAC1	HAO1	NDUFAF6	BTF3L4	GSTO2	MCCC2	POLM	STOM	DDC	KMO	GADL1	CLASP1	IVD	GAD1	NDUFS7	CH25H	IBA57	OPLAH	FDFT1	TTPAL	NUDT7	NDUFS3	CSAD	HSDL2	DOLK	LSS	REXO2	COQ6	SRBD1	SMOX	GAD2	NDUFS1	ACAD10	MRPS16	AASS	POLL	HDC	ATP5D	NDUFAF7	NDUFA9	NDUFAF5	NDUFA12	KDM8
453	1.0	DUSP14	DUSP26	DUSP8	DUSP7	DNAJC6	DUSP16	ALDH1L2	DUSP2	STT3B	GNAI2	DUSP1	DUSP10	CLINT1	SSH1	SSH2	DUSP22	DUSP13	EIF2B1	DUSP19	DUSP9	DUSP6	SSH3	GALE	GNA13	STYX	ENTHD1	DUPD1	DUSP28	TGDS	STT3A	DUSP4	GNAI3	PFKFB4	DUSP18	DUSP5	EIF2B4	EIF2B2	CBR4
454	1.0	PRPF38B	SLC7A8	DCUN1D4	PNKP	SKP2	NDC80	SNX2	MKRN2	IMPACT	CRYZL1	SLC7A7	AMD1	PLCXD1	TFIP11	PAPSS1	PIGW	VAMP5	HINT3	SLC7A5	SLC7A10	HDHD1	TMTC2	NXT1	SLC39A11	WWC2	PAPSS2	SLC35A5	FAR2	CAND2	FAR1	CNBP	UNC50	GALK2	SAMM50	SRL	SLC7A6	NOC4L	LARP4	SLC26A10	SURF1	UTP14A	SCAF4	MFSD10	FBXL4	FBXL16	MRI1	PDS5B	RIN2	GALK1	PIGT	ZCCHC9	PPAP2C	IST1	CCDC25	TSG101	SLC7A3	TFAM	THADA	PPAPDC1B	ZCCHC13	STX11	TRMU
455	1.0	TMEM222	AQP3	ARG1	HDDC2	VPS39	PARP14	CPNE5	VPRBP	CHORDC1	PIDD1	LCAT	AGMAT	ZMAT2	BECN1	PLA2G15	ARG2	STARD10	NELFE	PTBP1	PARP4	HEXB	STARD5	VPS16	ADAR	ADARB2	SOX14	MMS19	TDRD3
456	1.0	KCNV2	KCNC3	PCBD1	METTL20	FRA10AC1	RYR3
457	1.0	KIAA1919	MIEN1	TMEM241	AOAH	TMEM205	GUCD1	FBXO31	MFSD4	TYMP	NTPCR
458	1.0	POC5	RSPH14	FAM184B	TMEM231	CFAP45	ELMOD3	RIBC1	RPGRIP1	CCDC176	CCDC151	C8orf37	ARL2BP	HSPB11	RIBC2	FAM221A	IQCH	DNAAF3	CEP76	TPPP3	DYDC1	CCDC42B	TEX9	MYCBPAP	RPGRIP1L	ARMC2	PDE6D	CASC1	DYNC2LI1	DNAH14	IFT74	C15orf26	CFAP54	OFD1	IFT20	LRRC43	STPG2	CFAP74	ZNF474	MVP	ZMYND12	DNHD1	SPA17
459	1.0	NXF2	NXF2B	NXF3
460	1.0	ENC1	DGKK	KLHL24	EIF3D	KLHL2	AIF1	PLEK2	KLHL1	ETNK1	RHBDL3	KLHL18	DESI2	KLHL33	TUBGCP4	EFHC1	KLHL28	KLHL8	GAN	KLHL31	KBTBD6	KLHL5	KLHL21	IPP	KLHL15	DGKH	KLHL7	KEAP1	KBTBD8	KLHL30	TUT1	KBTBD13	KLHL22	KLHL11	KLHL17	EIF3M	KLHL26	KLHL36	KLHL3
461	1.0	MPRIP	SLC12A1	GRM8	QPCT	NT5C3B	PLEKHM1	GLS	UHRF1BP1	DCPS	SLC12A9	ADGRE5	XPO4	FOLH1	SEC23IP	CRELD2	KIAA0226	NT5C3A	SLC12A2	CNOT11	LIMCH1	KCTD16	MUT	GPR158	VTI1A	MRPL22	HHIP	SLC12A3	INTS3	HGSNAT	CACNA2D3	LAMA3	SLC12A8	LRRC3C	TPP2	DIP2B	GRM4	SGMS1	KCTD21	MMAA	SPSB4	KCNRG	GRM6	PLD4	ATG2B	FAT3	FAT4	GAS7	MGAT1	GRM7
462	1.0	L3MBTL4	INTS1	VPS37A	RIC8B	INTS7	ANAPC4	RGS12
463	1.0	BAG3	GMFB	PTPN5	CHN2	PTPN3	SH3BP1	PACSIN3	ARHGAP20	TOM1	BCL11A	PTPN6	GPR89A	MOB4	GINS4	ARPC3	DPP6	PTPN4	SYNE1	LASP1	ARHGAP9	IKZF5	TMED5	CHI3L1	ZBTB3	TMED1	GRAP	IQGAP1	SPR	ATG2A	RALBP1	EPM2A	ARHGEF7	DDOST	UNC13B	RHPN1	AGPAT5	STARD8	STAM	PTPN12	PTPRH	CAPZB	TOM1L1	IQGAP3	PCLO	NFXL1	ECT2	APTX	ARHGAP12	PLD1	TMED3	AEBP2	EXOC6B	GMFG	GAR1	MON1A	STAM2	SLC27A2	WWTR1	PTPRU	PLA2G4D	PTPRB
464	1.0	BCL2L1	MTIF3	HAUS2	CCDC127	BLOC1S5	TMEM229A	GPBP1L1	C7orf43	DEDD2	SLAIN1	SIRPD	HBQ1	GPBP1	RD3	GTSE1	VOPP1	TNFSF15	CENPQ	TMEM229B	SAA1	TRADD	FANCC	C9orf9	OR8J3	MEI1	NXPE1
465	1.0	ANGPTL1	SGCG	RFNG	PLXDC2	TMCC2	CFHR3	FCN2	ANGPTL2	KRT20	ANGPT4
466	1.0	SMARCC1	SLC9A4	UTY	SMARCD1	RNF41	SETD1A	SLC9A3	ZBTB17	ZC3H8	SMYD1	NFYB	ZBTB7A	PODN	KHDRBS3	SLC9A5	ANKRD26	KHDRBS2	YIPF6	SENP3	SLC9A8	ZBTB8A	DHRS4	ELAC1	CIB4	SNAPC4	RNGTT	SLC9A2	ZBTB41	ZC3H6	RFWD3	SLC9A9	POP4	RNF20	YIF1B	SH3RF2	SMARCC2	HAT1	LRG1	ZBTB14	LRRC8B	LINGO1	MLLT3	SLC9A1	SMYD5	MLLT1	TRIM5
467	1.0	FANCG	TSPAN32	KIZ	GAL	SCAND1	KRCC1	IL6	CD33	CD3EAP	GLYAT	RLN2	ZNF174	ZSCAN2	MXRA7	RSRP1	APOL5	TCAP	EMD	UCMA	VN1R2	RGCC	SERTM1	TMEM87A	SNX20
468	1.0	NUDT6	ANAPC7	AGPAT9	KLHL34	NGLY1	UGDH
469	1.0	SLC1A4	KCNJ14	SLC1A2	NHLRC3	SLC1A1	KCNJ3	HS3ST3A1	HS3ST5	KCNJ8	KCNJ18	KCNJ6	HS3ST3B1	KCNJ10	SLC34A3	SLC1A7	SLC1A6	KCNJ12	LRRC37A3	UGT3A2	BLVRB	KCNJ5	FST	SLC1A5	KCNJ15	IGFN1	SLC18B1	GRIK3	PRSS37	SLC9B1	INPP4A	COLGALT2	CATSPER4	SLC34A2	KCNJ16	SLC5A4	SLC5A2	KCNJ9	SLC34A1	SLC1A3	STS
470	1.0	IDH2	SDHA	ACO2	ECH1	OXA1L	ADSS	MTRF1L	UMPS	ECI2	EWSR1	ADSSL1	DBT	GMPR	DLAT	CYB5R1	ECHDC2	DLST	FAM58A	CDYL	MRPL13	DBI	MTHFD1L	HIBCH	ACO1	ATP5C1	COX10	PDHX	MTRF1	IREB2	ECHS1	MTFMT	C12orf65	CYB5R2	CYC1	HADHA	STOML2	CPS1	DHTKD1	MTHFD2L	OGDH	COX15	LACE1	UQCRFS1	IMPDH2	CYB5R3	IDH1	IMPDH1	ECHDC3	QRSL1	GMPR2
471	1.0	ACAD11	CRYL1	ABCD3	LDHD	FMO5	ECI1	ACOX2	CYP8B1	DCTD	ETFDH	NOX1	PHF2	ACADVL	FAXDC2	FKBP11	FMO3	MSMO1	MOGAT1	ETFA	CS	HADH	ETFB	SC5D	ACOX1	GLDC	SCPEP1	AUH	HSD3B2	D2HGDH	ACADL	PRODH	DGAT2L6	CYP7B1	AGPS	CPVL	NOX3	MSRA	XRCC6	CHAC2	ACAD8	DGAT2	CYBB	SCP2	GLYR1	CYP7A1	MOGAT2	BCKDK	FMO2	SLC26A11	ABHD2	CYP26C1	ACOX3	PTGIS	JMJD6	ACADM	CYP2E1	GCDH	FMO4	THNSL1	AWAT2	ACOXL	FMO1	CYP39A1	PRODH2	TM7SF2	CYP20A1	MOGAT3	LBR	AWAT1	ABHD3
472	1.0	SCN2A	SCN8A	TPCN1	SCN5A	SCN10A	CACNA1A	SCN1A	DZANK1	SCN3A	FHAD1	TPCN2	SCN4A	KCNN1	PCBD2	KCNC1	SCN7A	NALCN	SCN11A
473	1.0	PKP3	ZUFSP	CTNND2
474	1.0	C1orf189	SPATA24	LMNTD2	CCDC60	C12orf56	HEATR9	C10orf82	CXorf38	TMEM236
475	1.0	SPACA5B	LYZL2	LYZL6	SPACA3	CCDC43	LYZL1	LYZL4	SCG5	SPACA5	LYZ
476	1.0	SPPL2C	ASPN	TTLL7	LPCAT4	TTLL13P	TVP23B	RPE	PDCD5	TLR4	VWA8	TVP23C	UBLCP1	AMMECR1	AMMECR1L	HMGCR	SPPL3	POLR3C	RTCA	PGM2	SOWAHB	SLC39A1	BDP1	NFKBIZ	SLC35B4	PPP6R3	EXOSC3	OTUD6B	MAGI1	TTLL6	ARMC4	CLIP1	ASMTL	NOL9	WRAP73	WDR66	ABHD6	AGPAT6	SNRPC	RPEL1	YJEFN3
477	1.0	TOMM7	URB2	RNF212B	INSIG2	TMEM42
478	1.0	TSPEAR	FAM185A	GAL3ST1	CTHRC1	TMEM203	ERICH2	IRS4	PCM1	COA1	DBF4	STMN3
479	1.0	NUPL1	KRTCAP2	BPIFC	PLTP	BPI	DET1	NUP133	MMGT1	RNF223	TMEM68	RTN3	PLA2R1	PPP1R21	LBP	RNF182	TMEM230
480	1.0	EPHX2	CLVS1	NFU1	SLC25A52	TALDO1	PODNL1	NDUFV1	TP53I3	SLC22A1	SLC25A53	BACE1	SUCLG2	UQCRC2	MTHFD1	FBP1	FBP2	TM9SF2	MBTPS1	VPS41	ABAT	CRYZ	TM9SF3	PMPCA	SUCLA2	ACAA1	FH	SARDH	OAT	EXOSC1	PLCH2	ETNPPL	PYCR1	SV2A	STAG3	AGXT2	FPGS	SLC22A7	IPO11	PHYKPL	SLC25A51	MPST	POLE2	UPB1	LCMT2	TM9SF1	ACLY	CHMP1B	PGP	ABHD11	BACE2	MTCH2	PPTC7	TM9SF4	HIBADH	SLC22A5	SLC35D1	PYCRL	ABHD1	ANAPC2	RABEPK	PDXP	FUS	PYCR2	GCSH	PLCD3	SEC14L3	DCLRE1B	DCLRE1C
481	1.0	LRRFIP2	TPD52	MAB21L2	MAB21L1	TPD52L3	MAB21L3	CDK2AP2	TPD52L1	IGFBP3	CDK2AP1
482	1.0	TNFAIP8L3	TNFAIP8	FAM114A2	FAM114A1	TNFAIP8L2
483	1.0	PLB1	IQCD	DCDC2B	CCDC87
484	1.0	CHMP3	ITPR2	ITPR3	DENND6B	ITPR1
485	1.0	IL24	IFNK	MAP9	MS4A12	MGP	AKAP7	SGOL2	GPR160	IL19	TAS2R39	DEXI	ICAM2	IFNA8	IFNA6	GOLM1	BCL2L15	CCL15	IFNB1	CRH	THEMIS2	POMC	CCL1	IL12A
486	1.0	GPX6	GPX3	GPX4	GPX8	GPX2	GPX7	GPX5	GPX1
487	1.0	C11orf52	GOLGA6L9	GOLGA6L10	PTMS	LNP1	IL4
488	1.0	OR10G4	SPATS2	ZNF843	CFC1B	ARL6IP1	C1orf194	CRTC3	ICAM1	GEMIN7	TMEM59L	OR2M5	C1QB	MYRIP	IGF1	FNDC4	TJAP1	TMEM150B	CD101	SIRPB2	PLLP	CFC1	GAS1	C2orf68	OTOR	MMRN2	CDC42EP1	TNFSF13	CDC42EP3	LEPR	TNFSF12-TNFSF13	OR2M3	IL1RL2	C16orf52	CDC42EP2	EMILIN1	GLCCI1	PLP1	SPATS2L	NKPD1	FOSL1	TOR1AIP1	NIN	APCDD1	PPP1R15B	OR5T1	DAZAP2	FAM107A	OR2T33	APCDD1L	NDFIP2	SPIRE1	GKAP1	TMEM254	TPRG1L	TCN2	SURF6	NOS1AP	PIK3AP1	MEA1	KLRC1	VEGFC	TNFSF12	C18orf32	IGFBP1	IQCK	PDCD1LG2	PAGR1	MPHOSPH6	THAP11
489	1.0	CPB2	CPE	PI4K2A	CPD	MRPL21	CBLB	CPM
490	1.0	MRPS7	PGAM4	TNS1	BPGM
491	1.0	TMEM63B	TMEM63C
492	1.0	RLBP1	CNNM2	DCTN1	PRPSAP1	GLRX	PCCA	GOT1	PRKAB1	ACACB	ADCK3	SLC2A7	BCKDHB	DOHH	SLC36A1	HAGHL	ACACA	FA2H	ADCK1	MOSPD2	HMGCS1	SLC2A5	POLE	METAP1D	PRKAB2	CYCS	REXO1	PDHA2	DMGDH	GOT2	ACBD7	PRPSAP2	PHB2	ADCK4	ADCK5	FAAH	PTPRZ1	ISCA2	SEC14L4	CLVS2	ISCA1	CNNM4	COQ3	PDHB	GOT1L1	BCKDHA	IBTK	PINX1	CNNM1	PHB	LONP2	SLC2A12	CNNM3	ABHD4	MRPL3	SLC36A2	HSD11B2	IDE	PDHA1	SEC14L6	FASN	HAGH
493	1.0	FAHD2B	FAAH2	CYP1A2	SLC22A10	SLC22A16	MTHFD2	PRKAG1	PRKAG3	RTN4IP1	CYP1B1	SVOPL	PDK2	UPRT	PHF8	PRKAG2	TBXAS1	SLC22A13	CYP2A7	CYP2J2	CYP2C9	SLC26A6	CYP2W1	FUBP3	CYP2A13	CYP2C18	CTSA	SLC22A11	SLC22A8	PDK1	CYP2C19	CYB5RL	FAHD2A	CYP2R1	FAHD1	VAT1	SLC39A12	COX18	CYP1A1	MSRB3	SLC22A4	PDK3	LYPLA2	SLC22A15	MSRB2	MECR	LYPLA1	MSRB1	VAT1L	LYPLAL1	PDK4	SLC22A2
494	1.0	BANK1	OR11L1	GOLIM4	CDKN2AIP	FNDC5	COA3	C14orf119	OR52D1	BCL9L	WISP2	OR5AS1	NCKAP5	DOK3	NCKAP5L	LYSMD1	C16orf87	RASSF10	HEXIM1	PPP1R15A	GAREM	KIAA0825	MMS22L	MVB12A	C16orf45	ARGLU1	CCDC142	OR4C46	TCF23	TMEM198	BTN2A2	PGLYRP4	RILP	OCIAD2	OR52N5	PAIP2B	CRLF1	FAM60A	GIF	SHARPIN	YAF2	COX7A2	MAEL	TDRD12	LTB4R2	TMEM150C	TIMP1	MLLT4	NCOA6	PLEKHN1
495	1.0	FAM193B	SP110	METRN	CDCA4	GAREML	C2CD2L	CHCHD6	MRGPRX4	AUTS2	DEF8	COX7A1	MB21D2	GFRA1	FAM193A	SMDT1	C19orf12	SERTAD2	ZNF839	WISP3	OR5D18	CD80	PLP2	TAB3	CYR61	FGF19	GFRA2	VWC2L	IGSF5	MYF6	GFRAL	METRNL	C6orf203	COL16A1	COBLL1	FAM122A	CRB3	GPATCH2L	ANAPC15	MYEOV2	TMEM14B	FGF23	CD4	FGF18	DAPL1	C1orf106	LAMP3	COBL	SIRPG	LLPH	VSTM2L	C7orf55	GFRA3	HDAC9	EVPLL
496	1.0	TMEM184B	TMEM184A	TMEM184C
497	1.0	ZNF763	E4F1	ZNF527	ZNF468	ZNF497	ZSCAN20	ZNF563	ZNF812	ZNF35	ZNF354B	ZFP3	ZNF514	ZNF229	ZNF251	ZNF771	ZNF442	ZNF366	SCRT1	ZNF667	ZNF865
498	1.0	AZU1	TMPRSS12	PRSS33	TMPRSS5	TMPRSS11E	CTRB1	PRSS48	KLK11	KLK5	PRSS8	GZMK	PRSS57	GZMB	TMPRSS9	KLK7	KLK2	CTRC	PRSS56	PRSS45	PRSS1	CMA1	TMPRSS13	TMPRSS7	KLK12	TMPRSS11B	TMPRSS3	PRSS46	CFD	KLK8	TMPRSS11A	PRSS53	PRSS27	TMPRSS11D	GZMH	TMPRSS11F	TPSAB1	F11	CTSG	CTRB2	TPSD1	GZMM	PRSS50	PRTN3	TPSB2	ACR	KLK10	CELA2A	PRSS22	KLK13	CELA3A	ELANE	OVCH2	PRSS42	KLK6	CELA1	KLK4	PRSS55	PRSS3	CELA3B	KLK15	KLK1	KLK14	GZMA	CTRL	KLK3	PRSS21	PRSS58	TPSG1
499	1.0	MASP2	PRSS38	PROC	F9	CFI	TMPRSS2	HGFAC	C1S	TMPRSS15	HPR	PLAT	PLAU	PRSS12	KLKB1	TMPRSS6	OVCH1	HGF	TMPRSS4	F12	F10	CELA2B	PRSS36	CORIN	HP	ST14	C1RL	F2	LPA	KLK9	MST1	PLG	HPN	HABP2
500	1.0	TOR1AIP2	PATE4	GATC	OR52A5	OR56B4	CMC4	OR6C4	OR52J3	FAM196B	OR4P4	OR4F15	F2RL3	TXNIP	TMEM106A	OR10J3	NCDN	OR11H6	PON2	OR5B2	CARD17	GPR137	SLC22A31	FAM196A	ARL14EPL	AJAP1	ELMO1	DLEU7	IQCC	SKIDA1	MRPS23	GABRA5	DLGAP5	OR3A2	NRG1	MS4A4E	NDUFB10	TLCD2	C7orf31	TPRA1	CCM2	OR8K5	TMEM191B	PON3	GPR153	OR2G3	KIAA1328	C9orf172	WIPF2	OR7C2	OR52B6	OR51A4	CHRDL2	OR52I1	BPIFB2	PRLR	RHBDD2	ZCCHC2
501	1.0	MOB1B	MOB3B	MOB3C	MOB2	MOB1A	MOB3A
502	1.0	SLC2A8	HCN1	POLA2	DNAH6	PRKAR2A	SIN3B	MAPRE3	PDE12	NOS3	CTPS2	GGPS1	SMARCD3	BUD31	RNF121	PPP2R5D	NADK	MLLT10	NOS1	SPAG6	CHD9	CHD2	PRKAR2B	HCN4	TADA2A	PPP2R5A	GLRX5	PGM3	MAPRE2	C7orf55-LUC7L2	MLLT6	ISG20L2	MCM3AP	KLHL20	JADE2	HCN2	PPP2R5C	KMT2A	ANGEL1	MKRN1	EZH1	FAM86B1	SHMT2	SLC2A6	WDR34	CYB5B	REXO1L1P	IDI1	POLR1B	LPIN2	SETD8	EPHX4	SETD5	DRAP1	ANGEL2	KMT2E	DNAH1	DNAH12	JADE3	TRIM17	SLC2A13	DHDDS	SIN3A	DCP2	PAN2	PPP2R5E	RRM1	LPIN3	SHMT1	PNPLA6	TADA2B	LUC7L	KMT2D	HCN3	IDI2	EZH2	NSD1	PPP1R42	CNGB3	SUV39H2	SLC2A14	ING4	SLC2A9	NME5	GPD1L	PNPLA7	JADE1	GPD1	SETDB2	XPR1	CTPS1	SLC2A3	PPP2R5B	CCRN4L	MAPRE1	DNAH7	PHF14	CYB5A	LPIN1	SETDB1
503	1.0	PGA3	PGC	PGA4	CTSE	CTSD	NAPSA	REN	PGA5
504	1.0	TRAPPC2B	CAP2	QKI	CNOT4	KHDRBS1	GNA11	HACD3	RAG1	AHSA1	PTP4A1	ANKRD36	CNOT2	PFDN5	RPS20	RBM28	ARHGAP25	SCAF8	SLC35B2	GNA15	SEC22B	DPYD	PCGF3	CEBPZ	UBXN2A	MDH2	BTF3	PGM5	TBPL1	TGS1	FBXO8	CCNG1	SLC35B1	SF3B5	TBC1D21	FBXL2	UBXN2B	PRPF39	SNF8	HRSP12	EPS15L1	UCK1	DIAPH3	SOS1	BYSL	MPI	ALG1L2	DCAF4L1	KIN	LSM1	COMMD3-BMI1	GNAQ	SLC35E1	GNA14	G3BP1	ARFGEF2	BMI1	ALG1	TRAPPC3	ALG1L	GTF2B	PCGF2	POLI	RALYL	ARFGEF1	ZBTB11	LTN1	CCNG2	FMNL3	PAN3	UBR1	EBNA1BP2	ORC4
505	1.0	TLR6	GTF3C3	SDS	HNRNPCL3	PCSK5	LNX1	SLC35B3	WBP4	IKBKAP	MVK	SH3RF1	HNRNPCL1	MACF1	SOX7	SLC7A2	RAPGEF3	TLR7	IVNS1ABP	MEIS2	PDCD2	OXR1	UTP20	PPP2R2D	NCOA7	PLS3	GTF3C5	PHF20L1	LCLAT1	LRRC55	PISD	MEIS1	MEIS3	TOPBP1	DSCR3	TAF6	FER1L6	SNW1	PPP2R2B	TAF7L	PPP2R2A	TCEANC	BUD13	FMNL2	OTOF	RAPGEF4	STXBP5	COG4	RRS1	ANKRD33	PPP2R2C
506	1.0	L2HGDH	MAGOH	GRPEL1	GPS1	CEP350	MAGOHB	FAM96B	TRIM6	UBQLN3	FDX1L	SIRT1	CLIP2	BIRC3	PRPF18	NARF	NAP1L3	YIF1A	NUP155	NARFL	TXNL4A	STAG1	STAG2	ANAPC1	RER1	RAD51D	ISCU	GRPEL2	SCGN	TXNL4B	DTYMK	XPO5	SEC11C	FDX1	RANGAP1	RAD51	RPS11	SOWAHC	BIRC2	VPS13B	TATDN3	RPS26	CSNK2B	DPH6	SEC11A	GTF2H4	SPATA21	KLHDC2	MYH15	NPLOC4	VPS18
507	1.0	IPO13	MAF1	PHF10	CDC73	SNRPA1	APRT	SLC38A3	ICMT	DHFRL1	KDM5A	GLRX2	GTF2H3	TBCB	CYB5D1	OTUD6A	SETD7	MUTYH	ADCK2	EEF2KMT	PGS1	H6PD	AGPAT1	CIAPIN1	MARCH6	TYMS	DPF2	RRM2	OXNAD1	SUPV3L1	AGXT	DPF1	PGD	KDM4C	MARCH5	TSPYL6	RFK	CDC123	HMGCS2	GTPBP1	DHFR	FLAD1	MAGI3	OTUD3	RRM2B	PIGL	OTC	MVD	PPIP5K1	NPEPL1	CNGA1	TYW1B	LAP3	G6PD	DHODH	ERO1LB	SLC2A11	XPC	SKP1	KLHL29	KDM5B
508	1.0	ME3	ME1	ME2
509	1.0	HIC1	ZNF491	SP7	SALL4	ZNF232	ZNF282	PRDM9	ZNF689	SP6	ZNF140	ZNF211	ZNF621	GLIS3	ZNF716	ZNF80	ZNF597	ZBTB26	SALL1	ZBTB18	SP3	ZNF568	BCL11B	OVOL2	ZFP92	ZNF169	SP2	ZNF75A	ZNF444	ZNF684	ZNF131	ZNF740	ZNF736	SP9	ZFAT	IKZF1	KLF15	ZNF783	ZNF398	ZNF394	ZNF213	CTCF	ZNF114	ZSCAN9	ZNF48	ZFP41	ZNF649	ZNF682	ZNF407	HKR1	ZNF215	ZNF560	ZNF75D	ZNF276	VEZF1	ZSCAN16	ZNF195	ZNF117	OSR1	ZNF524	ZNF281	ZNF730	ZNF496	SP8	SP5	ZNF432	ZNF770	GLI1	ZEB2	ZNF302	ZNF589	ZNF354C	ZNF581	ZNF727	IKZF2
510	1.0	KLF1	ZNF76	YY2	ZFP82	ZIC1	PATZ1	YY1	ZNF860	KLF16	ZFP69	GLI2	ZNF853	ZNF143	ZIC2	ZFP42	RREB1	ZNF787	ZNF530	ZNF16	ZNF653	ZNF594	ZNF460	ZNF12	PLAGL2	ZNF322	ZNF534	ZXDA	ZNF485	ZBTB42	ZNF155	ZNF550	ZNF449	ZNF410	ZXDB	ZNF692	ZNF766	ZNF627	ZNF391	ZNF20	ZNF641	GLIS1	ZIC5
511	1.0	ZNF319	ZNF683	ZNF445	ZNF765	SP1	KLF7	PLEKHA3	KLF12	PRDM1	ZNF827	ZNF438	ZNF575	KLF10	ZNF786	KLF9	SP4	KLF2	SALL2	KLF3	ZNF607	ZNF367	KLF14	ZBTB6	KLF4	ZNF705A	IKZF4	ZNF705B	ZNF580	ZNF519	ZNF705D
512	1.0	MPV17L	MYH13	PFKFB2	MXRA5	REEP2	RRAGD	SORL1	MFAP1	ZRSR2	PHF3	C20orf24	SECISBP2L	REEP1	LRFN4	ADRM1	TESC	SLITRK6	RAB11FIP2	NUDCD1	ATL2	TRIT1	REEP6	TRIM77	HIF1AN	ENPP2	SORCS3	SLITRK4	TLR1	CYB5D2	GRM5	AGPAT3	REEP4	TBCEL	TACO1	TRIM8	RMI1	VAPB	GABBR2	WDR60	KIAA0020	SSU72	PTPN13	CAPN14	SORCS1	SDAD1	SBDS	GALM	NPHP3	REEP5	SLC15A3	PLEKHA1	GRM2	LACTB2	U2AF1	POMGNT1	COQ4	SLC35A1	TAS1R2	CLMN	REEP3	UFL1	RCL1	PTEN	BCAT1	GRM1	U2AF1L4	SLC38A11	SORCS2	PXMP2	CNGA4	NENF	SLC15A4	PTPN20	LRRC46	GRAMD1A	GNPTG	BCAT2	NOSIP	MICU3	AADACL2	RANBP3	LPGAT1	UACA
513	1.0	TAF4	MORC3	CLEC17A	ENPP6	ZCWPW2	SLCO4C1	RNF152	TMEM38A	TAL1	GRXCR2	GIMAP8	MRPL16	MBD3	RNF208	MFN1	CDCP2	WDR83OS	MLF1	RNLS	CEP290	PLAC8	SOHLH2	PATL1	B3GALT6	BTBD17	GRIN1	SMPD4	NOTUM	RCAN1	H1FOO	TTC38	FPGT	SAP30	COMMD1	MLXIP	CEBPE	EVA1C	EPB41L4A	ZNF645	RAD51C	FAM102A	NDRG2	ITGB5	CLASRP	SUPT20H	PRKRA	GAS2L1
514	1.0	SLC30A4	SLC30A8	SLC30A1	SLC30A10	SLC30A7	SLC30A3	SLC30A2	SLC30A5
515	1.0	CDKAL1	CDK5RAP1
516	1.0	PCSK7	ADGRL4	CPNE7	XDH	ITIH5	RMDN2	CPB1	GFOD1	OVGP1	RFESD	TM2D2	GOLGA5	SH3BP2	VWA5A	TTC14	SPG21	TECPR2	KCTD9	TM2D1	EYS	SAMD8	SPNS1	ZNF592	NLGN4Y	TRPC6	SEPT1	PPAPDC2	RHOBTB3	MATR3	ACBD3	FAM173B	AGGF1	HOOK2	ADGRV1	GYS1	TNN	WDYHV1	KCNT1	ZMYND11	MAP1A	FUCA2	MMD	CES3	LRTM2	SLITRK2	GYS2	SLC3A1	UPP1	STARD6	HIATL1	USH2A	ARVCF	NUFIP1	NUS1	MMD2	DCTN6	HEATR5B	FRMPD2	TENM1	AOX1	CELSR1	LEMD3	TMOD2	CNKSR3	MFSD9	RNF216	KIAA0226L	AK7	HMCN1	TENM4	MFSD2A	GGT5	KYNU	ALKBH1	RNH1	PTRHD1	ATP6V1G1	CLEC4M	DDX26B	CHSY3	ALPK3	NOL8	GGT7
517	1.0	PKHD1L1	PARL	P4HA3	RNF220	COPS8	C2	NPL	RCOR2	SPOCD1	PLXND1	SLC17A9	ZCWPW1	ITGAX	PLOD1	SAXO1	IQCF1	TOR2A	COL14A1	LAMB1	GSTM2	POFUT2	PLCXD2	COL6A5	LAMB3	THBS2	COL6A6	PYROXD1	ITGAD	TDO2	B3GNT7	HSPBP1	GSTA3	SERF1B	VWDE	MTA3	ELFN1	FAT2	CLIC6	FICD	P4HTM	ADPGK	GUSB	PCSK9	SLC8A2	LMOD1	PROZ	ALKBH5	POSTN	MED14	CISD1	CACNA2D4	GSTM1	KCNN2	COL22A1	RAB3GAP2	LRRC37B	CPXM2	C1R	YIPF4	VPS72	STAB1	NABP2	NELL1	MEX3B	SLC13A2	RBM20	F7	TCF7L2	NABP1	GRIK4	FANCI	KLHDC7A	TLR10	RMDN3	THBS1	OCM	VWA3B	IQCF5	PAMR1	SHKBP1	AFAP1	ADGRG4	TMEM120B	STIL	FOXRED1	CISD3	ITGA1	ZNF451
518	1.0	FADS3	FADS1	ACAT2	ACAT1	ACAA2	FADS2
519	1.0	SMEK2	SMEK1
520	1.0	WIPI1	ALAS2	HADHB	PPME1	DCLRE1A	CCNL1	SND1	AMPD2	FLRT1	PIN1	PRPS1L1	LRR1	METTL21C	AZIN2	PRPS1	TBCE	CERS2	HSPE1-MOB4	CERS3	TCTE1	AKR1B10	GNAT1	ANAPC10	KCNAB1	GCAT	ALAS1	REV1	CERS5	COPS4	CCNK	CHRAC1	AMPD1	PUM2	BGN	NLRC3	WDR45	SPTLC1	SGSM2	AKR7A3	CAD	SPTLC2	GNAT3	ODC1	PRPS2	SPTLC3	PDPR	AZIN1	AMIGO2	AMPD3	DPP9	SVOP	IFT88	APOA1BP	PUM1	WIPI2	CERS4	LRCH4	NLRP13	TMED10	KCNAB3	LRSAM1
521	1.0	ABCC3	PCCB	IGFALS	ZSWIM2	CLIP4	TLR5	SLC38A7	LRCH3	RTN4RL2	OMD	NOC2L	LRRC18	SUOX	GK2	RPTOR	SGSM1	LRRTM3	TMTC1	LRRC70	DUSP27	METTL21B	CERS6	PFKFB3	RABGGTA	PHLPP2	XPOT	GPCPD1	CDC27	VAMP1	INPP5J	PFKFB1	KIAA0141	SLC36A4	ZNF598	PUSL1	NAA50	RHOBTB1	NOL10	PPP2R1B	PRELP	TRMT2A	SLC38A10	SLIT1	TATDN2	PTPN9	FBXW5	STX12	LRRC58	RHOBTB2	BBS4	C12orf10	LRRC40	UXS1	ECM2	LRIG3	AKR1A1	TUBGCP2	LGMN	AKR7A2	PTPDC1	HSD11B1L	ARPC1B	RPUSD4	LRIG2	TMTC3	GK	LRRC4	FLII	HSDL1	APEX2	RPL27A
522	1.0	HM13	SPPL2B	SPPL2A
523	1.0	GK5	UTP14C	WDR19	TLR9	SDSL	RBBP6	TMTC4	METTL2B	SETD4	SLC38A1	DNAJC28	METTL8	TRIM60	PPP4R1	BPNT1	ISY1	TRMT61A	EMC2	OMG	CCNH	VCPKMT	ZNF622	PPCDC	PDSS1	KDM6A	DNAI2	NOTCH1	RXFP1	TRMT1L	IP6K3	DGKI	UTP11L	PPP2R1A	METTL2A	PROSC	EIF1	PIGM	SLC38A8	TRMT5	UCK2	MTPAP	DPAGT1	MGLL	LARP1B	TSKU	TTLL1	PIGK	TRAPPC1	AIFM2	ANKLE1	VPS11	RPS25	ANKRD40	TRAF6	METTL23	UTP3	DHRS12	VBP1	YIPF5	STX1A	ASNSD1	APEH	SRD5A1	ISY1-RAB43	ABTB1	TXNDC15	EIF1B	SETD3	GP5	TRAPPC4	TBC1D31	CKAP5
524	1.0	NUP98	EMG1	TRIM64	TTL	HACD1	DERL1	TRIM72	RRP1	EEF1G	DTD1	NRD1	PRPF38A	RPLP1	PRPF3	TRMT11	RRP1B	ABHD17B	MIOS	PPM1J	PCSK6	BAP1	PHF5A	NFKBIB	IFT80	KLHL13	MID2	ATG7	RPS7	DGKZ	ANKRD13A	DUT	METTL18	SLC38A5	TAB1	CAPNS1	PFDN2	SRD5A2	DHX8	RNF168	TRMT2B	METTL6	SRP68	ERCC3	SLC38A2	RSG1	SCYL3	TRIM64B	THOC2	WARS2	SNCAIP
