1	1.0	1141	5176	2788	3049	9169	3408	871	691	5580	8211	6325	5844	2150	8715	7510	9170	3859	8336	4023	5510	1959	6845	7257	7259	6799	8978	7720	2062	1660	8036	3141	7034	396	6149	10238	10125	2309	5253	4280	836	6515	6269	1527	7538	7	9788	4962	5000	3746	9082	2836	9643	4296	4426	9412	1531	8500	8051	10410	10307	2191	8342	5133	1427	3367	4822	5780	2583	8069	9138	7643	9629	8577	5425	862	3441	8585	8078	9051	6898	2135	7075	6100	8525	5163	3621	3622	5201	9192	4729	8417	5830	5443	4663	686	1767
2	1.0	5171	10295	4048	127	766	5898	4704	7306	2593	4141	8499	284	4333	2857	7960	1497	1829	4233	3038	3565	2996	9577	6317	2141	2419	397	10432	8527	834	7633	9388	5689	9575	8208	2281	4194	245	10039	785	3396	2573	9538	9965	9790	1005	3617	9032	4744	6165	1631	7153	3697	734	2685	3600	3524	10013	93	4371	3283	161	4839	5223	7161	6196	6698	3968	2860	2863	559	10169	5119	10162	6622	7571	6553	1611	324	4842	10264	770	3623	3190	7023	6978	5531	4502	7108	4462	6372	1289	1971	4991	4549
3	1.0	623	9617	8424	10066	6595	9241	1261	2456	6859	1089	3947	6535	9854	5499	7227	7037	7131	10022	6388	1893	4282	796	5355	8865	3212	9383	6767	3676	5377	4003	2349	2348	9679	9128	347	186	2367	3893	3051	3872	1013	678	4196	208	3744	779	2053	10051	5671	7947	3757	2633	7860	2927	9237	10220	8289	7254	5345	7319	1980	5598	5484	6292	7708	8643	6195	7520	6358	9574	1517	6319	375	3060	470	4799
4	1.0	3591	8388	1263	4660	980	2845	3906	6127	3679	7171	7173	4611	8522	6703	1488	10023	4550	2940	10036	6419	1370	5394	7055	6187	1569	7983	2402	9496	8797	4197	1119	4966	1467	7756	5681	5863	8591	9352	1799	2446	8811	613	2628	7398	6800	3204	7647	9584	811	6717	8124	1958	8245	2044	520	6407	5083	1647	1063	1646	2891	943	9342	10181	5488	3338	2672	2600	6303	7032	4022	3963	3987	1352	6078
5	1.0	1348	6857	6837	2718	196	9102	10323	2694	10237	5749	2800	10252	6389	5643	6539	8096	5829	4724	6660	5455	8493	6206	4520	5058	9045	9548	7693	6020	9883	706	8965	7980	774	144	2877	7524	9355	6199	1355	9376	5519	5994	4444	2959	5659	10426	4791	7825	4811	6355	2844	6540	7607	6753	51	7725	809	8839	9885	6133	296	1872	7543	8398	4381	4999
6	1.0	597	5039	982	8210	6985	336	8743	7819	6891	6890	10385	9651	179	5211	5505	4659	5357	8095	497	6345	2520	3213	9039	5626	10335	4904	5236	3971	7738	9784	7750	9952	4888	7291	8107	9356	2445	3588	8142	2989	8853	8469	10228	1936	7359	1939	4465	5998	6862	2333	8951	4526	31	3802	3014	5224	355	5215	9438	5635	8646	4855	1413	7401	7403
7	1.0	6855	1226	153	7200	338	5112	8259	8153	3286	4241	115	5742	6126	6381	5139	7226	3656	9167	4342	9144	2805	3557	2524	4344	4162	3550	7077	8795	9402	4982	6321	7988	1322	7239	349	8929	8847	5458	8397	4213	9255	7866	6732	4443	1635	7623	8005	6094	4779	4398	4759	6794	6792	3381	6549	7600	1680	2358	7746	2699	8340	9579	1406	8311
8	1.0	3773	2901	9267	8250	2611	8603	337	9674	9856	10454	4109	9712	9053	7178	10412	3368	7450	3250	7596	6471	2138	1989	325	1464	7613	7751	7554	630	9603	7396	1217	6270	10287	5023	461	329	3741	99	4621	3330	10462	9820	5125	1973	9311	2498	5800	6243	842	7974	7064	942	6798	4911	8418	1388	6743	5810	6687	2252	6665	7688
9	1.0	6819	8171	8608	3711	1129	6280	2197	8106	4574	5745	10381	9013	7039	10457	3386	6264	7717	23	4000	4747	1470	3362	8611	6	3860	1713	9725	5007	1452	6970	1233	5389	2787	8553	8284	6885	8337	488	4448	2957	2184	4375	3205	2271	2216	7068	6657	4643	4214	1280	2181	3195	5791	8971	7528	6052	9692	6695	5550
10	1.0	1788	3922	6830	5508	5018	4180	8383	9103	2654	5661	6895	10456	4653	10026	9658	4615	3259	5823	7244	5583	518	1428	1580	1039	403	749	8734	6863	2264	2910	3879	3836	7608	7564	9007	6194	4507	8699	684	8471	1598	4230	3465	3394	6541	1994	2491	7314	3503	4523	5241	9410	6565	7527	9586	1479	9555	4998	6380
11	1.0	699	3638	6834	5191	2968	5078	10348	9752	2947	5640	10121	173	6920	8322	2323	2883	5416	9387	7158	9814	5624	3023	2984	182	1113	3975	343	6361	10344	6081	3834	10319	3810	2588	8332	381	261	10460	6630	8267	4508	7843	2331	6793	5342	4132	3505	6466	2533	8973	1914	7509
12	1.0	7812	6813	4647	3277	7223	2091	1907	7677	10103	9057	7303	3216	1710	1772	3105	8491	9834	9782	655	652	6909	3977	1033	5861	8436	560	8755	6611	6616	921	487	2784	8999	7589	3564	4713	3504	9218	2085	727	9791	4959	829	437	326	8725	2398
13	1.0	9123	3927	5037	8059	3908	3490	4186	9186	8349	8986	5525	9711	6232	2545	5350	3430	5720	45	7328	4125	7635	1501	6308	424	2116	1096	750	4275	612	1336	4500	4543	9530	9484	4682	783	4074	10094	2890	7992	4915	4762	645	1532	3960	2690	3031
14	1.0	3593	5220	9203	704	1201	9208	8463	5523	5473	3309	4769	6702	8546	3595	3551	3473	1074	754	7366	1256	9562	6324	1034	3664	992	6917	7665	79	5776	7704	1026	7444	3377	4392	56	7061	5615	10106	7046	3962	9944	8919	897	10086
15	1.0	8918	1867	8157	2599	8381	7030	8563	8300	7386	1986	9386	6082	7616	4740	4948	1658	4269	1752	1035	7290	637	9136	2939	1668	3519	7669	9766	229	1868	10225	9231	5952	4079	4755	8593	2397	5695	1006	922	9684	2251	8654
16	1.0	10042	9602	8278	399	7712	2326	4699	1856	8717	2262	8962	9468	912	4310	1176	2584	9274	2462	2386	7399	8596	4685	9028	9178	3725	3562	5347	6422	16	2339	6501	6117	4400	8890	4481	3961	8587
17	1.0	318	4320	8745	10045	10322	6727	5603	7228	8327	10458	10341	7715	3123	3432	2562	2171	3979	6366	582	1793	4881	7867	10395	1993	1021	3541	6658	6774	1724	8183	8856	5129	2108	2392	9968	8975	6155
18	1.0	2779	6962	9341	10328	2291	333	8429	7280	894	4220	1903	4341	5655	850	4145	3052	5625	5621	7982	7938	9979	3811	10336	5386	5147	2641	385	6527	3352	9213	332	1599	2213	9903	7162	9963
19	1.0	2848	9755	7164	3270	8299	4579	10239	10265	4512	7050	5949	2405	1504	4910	7551	6365	6188	8163	8166	3624	9521	10390	7353	3702	8531	4151	5424	6523	7339	2754	3376	7182	2791	1380	1538
20	1.0	9074	594	114	6747	6701	4044	2568	5434	4807	6645	10189	6761	8122	7512	1377	9787	5908	8592	7439	2288	3835	1090	8102	2153	5339	9623	9198	8027	3886	9924	3421	1242	2525	6198
21	1.0	4329	2735	8423	9334	9348	7221	3388	8404	4551	6662	5724	932	5867	409	1278	9378	8226	2879	2856	1864	7042	8532	5344	7707	7606	4407	5630	8958	8934	2517	5976	2794	7035
22	1.0	3065	8688	6728	5760	6341	4518	9406	7471	5862	1314	10337	6807	4253	2449	9080	7668	9005	4623	10010	3391	3884	1287	6568	19	6393	6560	3015	7469	6239	9436	2377	7402
23	1.0	8057	8744	575	2801	1900	6571	2206	4698	2549	6477	7260	4007	8271	914	7533	1448	442	5141	5533	1596	10038	3641	1849	3786	1705	4393	8730	8487	9922	9830	8976
24	1.0	1128	2474	10327	3929	3321	8488	5889	8780	5056	6664	1677	467	8657	200	8399	10133	610	2423	10391	5750	7967	7483	6954	7826	9214	5951	2233	828	8668
25	1.0	8503	9473	5179	9677	112	5620	5430	7078	2054	3255	3363	312	7191	9243	1338	10170	1933	1954	6442	242	4538	269	10033	3578	4687	5360	8456	7066	8660
26	1.0	6591	1145	3634	4243	8119	7382	6555	7499	4679	4123	8032	2307	429	185	1292	9275	3482	9083	10019	9845	4609	6093	8241	1880	3423	5637	6152	3445
27	1.0	8360	2590	3639	628	4326	4767	9917	4417	3175	43	8921	1379	2817	8512	9359	5739	3333	5468	10227	8354	5365	2410	1768	410	6193	8837	293	7689
28	1.0	2778	10304	7389	7340	9873	232	9919	4721	1745	7695	8925	9358	1865	125	10379	1627	5187	2896	5305	3110	9941	8706	6910	2376	648	6053
29	1.0	621	3921	3823	2453	9990	3069	9632	6764	10188	3103	1759	7536	8100	8636	5283	6675	2980	4606	1645	868	5229	6118	4522	8663
30	1.0	603	8600	7853	7955	7036	9491	7973	5479	4166	3456	3109	1960	3361	2567	4309	500	8375	8224	9504	6334	867	8809	5872	3093
31	1.0	9612	3320	9042	7229	84	10077	2325	7597	4124	4028	8377	3762	4198	6447	9986	3057	4077	3111	5268	8700	413	7901	1576
32	1.0	7287	3599	5331	8529	10470	4612	3009	7958	4690	7795	5984	8718	2621	9069	2979	2121	4439	3012	4667	9048	439	1458	6035
33	1.0	3776	9739	8348	8684	5943	7493	7496	933	10070	9372	9523	3403	6671	5677	9621	97	5833	3223	8702	6699	7540	4956
34	1.0	6011	4259	5042	1313	9901	9054	760	2544	5031	289	8721	2026	9287	342	452	920	6491	4976	512	5911	8319
35	1.0	854	4801	7094	3547	4668	5831	1328	7316	5456	7217	7138	979	1518	2039	10343	5256	8972	916	6474	7915	3932
36	1.0	3699	5595	7703	7447	6469	1601	3511	4010	9443	6992	8623	2743	8812	9878	4634	513	9592	6872	7667	1109
37	1.0	7803	6418	6674	1429	2067	6273	3209	2313	2394	2667	9940	1534	8761	8378	2103	8353	7367	5137	4723
38	1.0	9353	5382	3114	8888	4248	1707	1343	1735	4290	9134	2539	2006	2519	7172	3210	2350	8274	172	510
39	1.0	7441	9396	5250	5116	2407	5543	5022	2222	3582	5193	525	8937	1367	3525	504	2537	2066	4461
40	1.0	967	782	2129	8273	5713	5712	4396	1945	5740	406	5556	5481	102	8696	6749	5492	3130
41	1.0	7219	3168	6404	8238	3966	1492	4209	546	4020	5138	7106	1896	7846	4963	70
42	1.0	6398	1817	1624	320	2380	1957	9570	9194	9666	8401	9849	8483	10346	187	1655
43	1.0	10400	3392	3765	5754	9084	5478	6907	1038	6720	5907	7525	4604	3055	7407	935
44	1.0	2780	4316	2874	2598	8155	6499	6652	4240	4533	2812	8576	9970	9622	7060	6921
45	1.0	24	6426	3464	7642	3636	2925	8605	5741	9973	6047	5503	5875	2696	7124	3285
46	1.0	7966	147	10136	2907	10266	6546	8754	2843	7041	1103	7463	2378	1003	5680
47	1.0	1630	7337	2615	7296	2625	8624	7362	6566	1183	2619	7719	9428	9547	2107
48	1.0	8232	3667	4263	4170	772	4754	2482	15	9894	8551	10230	6609	8088	3292
49	1.0	2465	7297	1584	10281	472	3001	6912	2353	8453	4613	10100	2682	3983
50	1.0	5363	3958	1717	10157	7930	4250	6858	3125	10444	4084	2049	287	1828
51	1.0	2476	4177	7390	2557	535	9813	9403	1697	5203	6323	6700	6164	1020
52	1.0	1069	753	5728	2895	9245	8617	4619	108	3532	2142	3171	4032	6058
53	1.0	2239	4717	5340	7579	6996	52	9761	7417	4286	6918	1603	9934
54	1.0	1632	6289	2318	4640	7875	5685	10105	7994	5102	9596	1513	2810
55	1.0	5836	3920	8747	733	5108	327	10397	931	2211	8831	2371
56	1.0	4061	4926	8410	4722	3261	4018	8440	2151	7420	5744	2351
57	1.0	2201	7293	9159	3888	7625	6220	4589	5536	389	2071	221
58	1.0	4714	6343	8887	190	7313	1071	4503	6672	7535	7785	8540
59	1.0	4045	10075	9534	3945	4895	4515	10439	2985	9320	5999	3529
60	1.0	1977	1341	3573	262	7954	3528	6115	5915	423	9524	4961
61	1.0	7687	6497	10192	6577	6988	716	9728	6385	9033	5784
62	1.0	4174	1081	1157	4726	6009	5465	486	1514	6480	6290
63	1.0	1859	6550	4924	3681	609	379	5302	5337	433	5041
64	1.0	5063	898	2934	1967	5901	9664	2157	7985	4585	10463
65	1.0	3387	5199	9809	2714	6521	7775	8019	5769	9164	6338
66	1.0	7301	8578	8936	7766	5606	4978	6883	4587	4450
67	1.0	8192	8514	4265	9539	3013	6787	1535	367	4498
68	1.0	1068	9839	10331	3543	5441	3402	4844	1392	162
69	1.0	10089	7252	6460	8606	8307	9561	3096	1248	9593
70	1.0	4874	2486	2311	7479	7198	4772	2755	222	9981
71	1.0	5158	7576	7494	61	7437	8604	5527	9316
72	1.0	6587	4360	6000	10286	3252	1650	8768	4340
73	1.0	6823	9721	3446	4016	5948	2751	8475	1030
74	1.0	5959	3512	4823	3696	9807	588	489	10126
75	1.0	9731	6014	4925	5221	6984	6763	7796
76	1.0	5955	583	194	2283	8823	544	1906
77	1.0	9447	7261	5882	272	394	4202	171
78	1.0	8222	1125	4015	9835	4578	4343	3291
79	1.0	7864	9916	554	10418	7484	7767	8719
80	1.0	4175	8037	6286	7764	8479	1763	8130
81	1.0	6590	2653	6295	875	3572	80
82	1.0	3314	7234	1410	8597	2115	7349
83	1.0	8739	121	2180	9466	3738	5799
84	1.0	1555	8749	9362	1720	9141	6256
85	1.0	4237	2256	8712	4321	4595
86	1.0	128	1199	9545	47	3730
87	1.0	3496	7933	7653	10198	6438
88	1.0	3825	6247	8521	5526	9866
89	1.0	775	4258	5091	7004	1134
