1	1.0	1141	5176	3049	9169	3408	871	691	5580	8211	6325	5844	2150	8715	7510	1466	3859	8336	4023	5510	1959	9170	7257	7259	6799	8978	7720	2062	1660	8036	3141	7034	396	6149	10238	10125	2309	5253	4280	836	2788	6269	1527	7	9788	4962	5000	1338	3746	9082	1933	2836	9643	6845	9412	1531	8500	8051	10410	10307	2191	8342	5133	4538	1427	3367	4822	5780	2583	8069	9138	7643	9629	8577	3726	5425	862	3441	8585	8078	5648	6898	9051	2135	7075	6100	8525	5163	3621	3622	5201	9192	4729	8417	5830	5443	4663	686	1767
2	1.0	8253	2095	7225	6120	10213	4226	5076	7303	3554	1771	2963	7594	7611	7590	2152	8905	2247	2463	3935	1151	10052	2703	6993	3401	126	9980	6096	2499	5264	4871	2068	4499	7892	5015	1127	7139	3370	6707	6908	9384	4783	3172	2307	429	7539	2077	7887	3959	5324	7861	10223	4812	7148	2270	4959	9969	9536	8742	1876	5664	10251	251	2884	5542	7412	739	2589	7009	2478	961	5420	4689	2024	2431	3635	10367	4617	7208	7320	1310	2036	3181	1755	6024	6977	4505	3351	5204	10461	8241	6861	1043	9825	8992	1976	2085	3989
3	1.0	5171	4048	1497	766	4026	4704	7306	2593	4141	5908	284	4333	7960	127	8027	6010	3038	3565	9577	6317	2141	2419	397	10432	834	4807	7633	9388	5689	2288	9575	8208	2281	4194	7023	10039	245	8499	3396	2573	9538	9965	1242	1005	3617	9032	3697	6165	1631	7153	4744	734	2685	3600	3524	10013	4371	3283	161	4839	5223	7161	6196	6698	3968	2860	2863	559	10169	5119	6622	7571	6553	1611	9790	324	4842	10264	770	3623	3190	6978	5531	4502	7108	4462	6372	1289	1971	4991	4549
4	1.0	8423	7819	7221	497	8095	2520	5626	4904	932	7750	409	4888	8142	2856	8532	5998	7606	4407	8469	1413	2794	4329	597	982	6985	9651	7035	4659	2989	5505	10335	7738	9784	2445	3588	10228	1936	1939	7707	8951	31	3014	5976	5039	8210	336	8743	3802	10385	179	9039	3213	5236	5867	7291	8107	7359	5344	4526	5224	9438	2517	7401	7403	2735	9334	9348	6891	6890	5215	5211	8404	5357	6345	4694	3971	9952	1278	9356	8646	4465	6862	2333	5635	5630	355	8853	4855
5	1.0	5488	3906	8388	1263	2891	980	2845	9342	7032	7171	7173	112	4611	8522	6703	1488	10023	4550	2940	5430	10036	6419	6127	1370	5394	7055	6187	1569	7983	2402	9496	8797	4197	1119	520	1467	7756	5681	5863	8591	9352	1799	2446	9277	613	7398	6800	1954	9004	6442	9584	811	7647	6717	9481	8124	1958	4022	8245	2044	3204	6407	8456	5083	1647	1063	4660	943	10181	8660	3338	2672	2600	6303	8811	7066	5811	3963	3987	1352	6078
6	1.0	623	9617	10066	10144	9537	1261	2456	6859	1089	3947	6535	9854	5499	7227	7037	7131	887	10022	6388	6595	4282	796	1711	3212	6767	3676	5377	4003	2349	2348	9679	10220	9241	347	186	1019	10473	3893	6598	1893	2633	1013	145	678	3051	4196	208	3872	779	2053	149	5671	3060	7947	3757	1935	7860	10011	5484	8794	8289	7254	5345	7319	1980	9128	7624	2927	5598	6292	7708	6195	470	6358	7520	9574	1517	375	8643	9932	4799
7	1.0	6819	8171	8608	3711	1129	4747	760	2197	5031	4448	6052	4574	5745	10381	9013	5007	10457	3386	6264	7717	23	4000	7630	4414	6280	3195	3362	5042	289	8611	342	6	3860	452	1713	8106	1313	1452	6970	1233	5389	6491	2787	8553	8284	6885	8337	8971	9483	8952	2957	2184	8319	4375	6011	3205	7068	2271	1280	9901	1061	4214	2544	2181	6657	1470	1661	5791	2061	4976	488	9692	2216	6695	5550
8	1.0	9120	1323	2736	152	10299	4608	9368	1781	4322	4243	8741	9058	6161	3067	2195	3737	10024	5563	9301	4781	4164	5353	9914	5391	2300	7152	2221	7431	7470	3359	6871	5866	427	7194	1553	4090	10031	896	8066	3608	1330	2426	5779	7008	8330	8314	3685	3155	3132	10224	6865	7024	6402	5326	5618	6659	9763	1727	4752	7587	5421	7913	5422	5693	6259	3056	5868	351	6252	9435	8769	1002	377
9	1.0	7395	2731	10166	9096	9451	10231	130	6455	499	8135	5494	9631	9800	10020	9871	1832	5415	8864	6550	9288	1078	2885	2227	3692	1963	1524	541	2804	5922	545	2244	9145	7698	1460	5464	6583	422	5001	2813	3086	10174	5405	3366	263	3150	3336	8220	8335	8004	1810	9174	481	3383	8552	4730	3428	5263	8083	3681	5304	34	8764	10032	5530	2393	6070	1417	433	2090
10	1.0	1348	6857	6837	2718	196	9102	10323	2694	10237	5749	2800	10252	6389	5643	6539	8096	5829	4724	6660	5455	8493	6206	5058	9045	9548	7693	6020	9883	706	8965	7980	774	144	2877	7524	9355	6199	1355	9376	5519	5994	4444	2959	5659	10426	4791	7825	4811	6355	2844	6540	7607	6753	51	4520	809	8839	9885	6133	296	1872	7543	8398	7725	4999
11	1.0	6855	1226	153	7200	5112	8259	8153	3286	4241	115	5742	6126	6381	5139	7226	3656	4344	4342	9144	2805	3557	2524	9167	3210	4162	3550	3381	7077	8795	9402	4982	6321	7988	4779	349	8929	8847	5458	8397	2738	9255	7866	6732	4443	8311	7623	8005	6094	7239	4398	6794	6792	3114	4290	6549	7600	1680	2358	2539	7746	2699	8340	9579	1406
12	1.0	3773	2901	9267	8250	2611	8603	337	9674	9856	10454	4109	9712	9053	7178	10412	3368	7450	3250	7596	6471	2138	1989	325	1464	7613	7751	7554	630	9603	7396	1217	6270	10287	5023	461	329	3741	99	4621	3330	10462	9820	5125	1973	9311	2498	5800	6243	842	7974	7064	942	6798	4911	8418	1388	6743	5810	6687	2252	6665	7688
13	1.0	1788	3922	6830	5508	5018	4180	8383	9103	2654	5661	6895	10456	4653	10026	9658	4615	3259	5823	7244	5583	518	1428	1580	1039	403	749	8734	6863	2264	2910	3879	3836	7608	7564	9007	6194	4507	8699	684	8471	1598	4230	3465	3394	6541	1994	2491	7314	3503	4523	5241	9410	6565	7527	9586	1479	9555	4998	6380
14	1.0	10143	10142	5298	2904	10068	3374	5341	8891	2806	7879	7711	3453	793	8033	48	10182	6966	5358	9688	9544	2680	2502	5153	1421	141	6806	10305	10339	4620	1494	4924	9989	1859	7904	1987	10209	1983	3560	4933	2898	1625	4423	5302	6777	3221	1438	7583	537	1667	2693	2535
15	1.0	8256	3927	5037	8059	2908	3908	3490	4186	9186	8349	8986	5525	9711	2545	5350	3430	5720	45	7328	4125	7635	1501	6308	424	2116	1096	750	4275	1336	3031	4500	4543	9706	9484	4682	10094	4074	4915	2890	7992	4762	645	1532	3960	9123	2690	783
16	1.0	3593	5220	9203	704	1201	9208	8463	5523	5473	3309	4769	6702	8546	3595	3551	3473	1074	754	7366	1256	9562	6324	1034	3664	992	6917	7665	79	5776	7704	1026	7444	3377	4392	56	7061	5615	10106	7046	3962	9944	8919	897	10086
17	1.0	3759	339	8744	575	8057	2801	1900	6571	7092	2206	4698	2549	6477	7260	4007	6689	7696	8271	914	7533	1448	9272	442	8487	5141	5533	1596	10038	164	3641	1849	3786	1705	6392	863	4393	8730	4858	9922	9830	8976
18	1.0	5624	3638	6834	5191	10303	2739	5078	9752	5769	9164	5640	173	10344	2883	7158	838	699	3023	2984	8614	7775	343	6081	3834	10319	3810	2968	8267	223	4508	7843	5121	6793	5342	4132	3505	2588	2533	6338
19	1.0	8918	1867	4087	4269	9766	8381	7030	8563	5666	8300	6082	1986	3519	7386	7616	4740	4948	1658	9684	1035	7290	637	9136	2939	1668	9847	229	1868	10225	9231	5952	4079	4755	2397	5695	1006	922	2251
20	1.0	9602	8278	399	7712	2326	4699	1961	1856	8717	2262	8962	9468	912	4310	1176	2584	9274	2462	2386	7399	8596	4685	9028	9178	3725	3562	5347	6422	16	2339	6501	6117	4400	8890	4481	3961	8587
21	1.0	318	4320	8745	10045	10322	6727	5603	8327	10458	10341	7715	3123	3432	2562	2171	3979	6366	582	1793	4881	7867	10395	1993	1021	3541	6658	6774	1724	8183	8856	5129	2108	2392	9968	8975	6155
22	1.0	2848	9755	7164	7339	8299	4579	10239	10265	4512	7050	5949	2405	1504	7551	6365	6188	8163	8166	3624	9521	10390	7353	3702	8531	1436	4151	5424	6523	4910	2754	3376	7182	2791	1380	1538
23	1.0	2779	6962	9341	10328	2291	333	8429	7280	4220	1903	4341	5655	850	4145	3052	5625	5621	7982	7938	9979	3811	10336	5386	5147	2641	385	3352	9213	332	1599	2213	9903	7162	9963
24	1.0	3065	8688	6728	5760	6341	4518	9406	7471	5862	1314	10337	6807	4253	2449	9080	7668	9005	4623	10010	3391	3884	1287	6568	19	6393	6560	3015	7469	6239	9436	2377	7402
25	1.0	9122	7815	9532	10258	9670	5470	7119	7792	1050	6470	6940	3027	5310	3970	9892	1560	9085	2500	6976	692	6513	755	1131	10282	7103	5992	5558	7007	4945	5089	7562	10190
26	1.0	1128	8668	2474	10327	3929	3321	5056	8780	5889	6664	1677	467	8657	200	8399	10133	610	2423	5554	5750	7967	7483	5657	6954	7826	9214	5951	10391	2233	828	8488
27	1.0	8360	2590	3639	628	4326	4767	9917	4417	3175	43	8921	1379	2817	8512	9359	5739	3333	5468	10227	8354	5365	2410	1768	410	6193	8837	293	7689
28	1.0	9612	3320	9042	7229	84	10077	2325	7597	4124	4028	8377	3762	4198	6447	9986	3057	4077	3111	5268	8700	413	7901	1576
29	1.0	7287	3599	5331	8529	10470	3009	7958	4690	7795	5984	8497	8718	2621	9069	2979	2121	4439	3012	4667	9048	439	1458	6035
30	1.0	1328	7138	979	10343	7835	7915	854	4801	7094	5256	5456	6474	916	2039	3932	3547	4668	5831	7316	7217	1518	8972
31	1.0	3699	5595	7703	7447	6469	1601	3511	4010	9443	5614	8623	2743	8812	9878	4634	513	9592	6992	6872	7667	1109
32	1.0	1645	868	621	2980	3823	8100	8636	5283	6764	4522	2453	10188	6675	3921	1678	1759	4606	6118	3069	3103
33	1.0	6334	8375	3456	3109	603	7853	8600	1960	3361	9504	5872	3093	7955	2567	7036	4309	9491	5479	8809	6706
34	1.0	6591	7499	4679	10154	1145	1730	8032	9083	6152	1203	5637	7593	8936	6883	9845	185	7382	10019	9275	1880
35	1.0	7803	6418	6674	1429	2067	6273	3209	2313	2394	2667	9940	1534	8761	8378	2103	8353	7367	5137	4723
36	1.0	4174	6963	4726	9832	8885	1157	264	6009	7695	9941	125	10379	6719	486	7537	8725	2977	2398	4846
37	1.0	10070	3776	7493	9372	7496	6699	3223	9523	8702	3403	8348	6671	5943	8684	933	9621	4956	97	5833
38	1.0	7441	9396	5250	5116	2407	5543	5022	2222	3582	5193	525	8937	1367	3525	504	2537	2066	4461
39	1.0	7219	8136	1091	6404	8238	3966	1492	4209	546	3168	5138	7106	8	4020	7846	1896	70
40	1.0	6497	7491	10192	8434	4918	5260	716	4094	3426	9728	6385	9033	7181	7730	6988	221	6577
41	1.0	5172	5796	8031	2780	2812	2598	6499	4240	4533	4619	6653	108	9897	1649	1029	9622
42	1.0	6398	1817	1300	1624	8178	2380	9570	9194	9666	8401	9849	1655	8483	187	1879
43	1.0	7283	1315	1081	5300	5409	6290	4100	5979	3728	3443	6951	478	1571	3278	1374
44	1.0	967	782	2129	8273	5713	4396	5740	406	5556	5481	102	8696	6749	5492	3130
45	1.0	8232	3667	4263	4170	772	4754	2482	15	9894	8551	10230	6609	7882	8088	3292
46	1.0	5363	4977	10157	7930	2455	4250	1854	6858	9059	6122	10444	826	7197	1828
47	1.0	4714	6343	3712	6349	8887	190	7313	1071	1	4503	6672	7535	7912	7785
48	1.0	2476	4177	7390	2557	535	9813	9403	1697	5203	6323	6700	9960	6164	1020
49	1.0	10400	3392	7525	3765	9084	6907	1038	6720	5478	5754	7407	348	4604	935
50	1.0	9293	3546	2364	2318	5620	8567	5685	5333	6214	2196	10105	923	9542	3781
51	1.0	2465	7297	1584	10281	472	3001	6912	2353	8453	4613	10100	2682	3983
52	1.0	24	6426	3464	7642	3636	2925	8605	5741	9973	6047	5503	7124	3285
53	1.0	2610	8624	7362	6566	1183	6008	9428	2625	2619	10472	9547	2107
54	1.0	2239	4717	5340	7579	6996	52	9761	7417	4286	6918	1603	9934
55	1.0	8222	1635	6588	1125	9250	9835	4596	4015	4578	1808	4343	3291
56	1.0	6425	1216	1231	4192	7991	9943	1243	4995	4577	9225	435	4221
57	1.0	3446	9721	612	9803	2548	4017	9530	2301	4203	573	6232
58	1.0	10089	7252	6460	8606	1606	8307	9561	3096	9593	1248	3160
59	1.0	1977	1341	3573	262	7954	3528	6115	5915	423	9524	4961
60	1.0	5836	3920	9200	8747	3478	2211	5108	3040	8831	2371
61	1.0	6546	10136	2907	2843	7966	1103	2378	7041	1003	5680
62	1.0	2201	7293	6576	4901	9159	7625	6220	4589	5536	2071
63	1.0	5063	898	2934	1967	5901	9664	2157	7985	4585	10463
64	1.0	7933	3496	3738	10198	6438	121	2180	9466	8739	5799
65	1.0	4259	5448	9287	3388	8934	2026	1864	512	4551
66	1.0	5229	5232	7141	2930	9843	9990	9632	7536	4963
67	1.0	9600	7576	4070	8604	61	7494	5527	9316	9217
68	1.0	1068	9839	10331	3543	5441	3402	4844	1392	162
69	1.0	6289	4640	5102	7875	8664	1573	9596	1513	2810
70	1.0	5959	3512	4823	3696	9807	588	489	10126
71	1.0	10075	9534	2304	2985	10207	9320	5999	3529
72	1.0	8515	4891	453	6640	7463	6625	6957
73	1.0	4360	6000	10286	3252	1650	8768	4340
74	1.0	9386	8157	2599	8593	7669	1752	8654
75	1.0	7957	3200	5368	211	8480	9572	10222
76	1.0	780	3820	3745	1179	9869	7409	3409
77	1.0	9731	6014	4925	5221	6984	6763	7796
78	1.0	5955	583	194	2283	8823	544	1906
79	1.0	9447	7261	5882	272	394	4202	171
80	1.0	2895	4252	6140	7105	3171	1654	2142
81	1.0	4175	8037	6286	7764	8479	1763	8130
82	1.0	3314	7234	1410	8597	2115	7349
83	1.0	1164	1851	954	3844	2112	9776
84	1.0	10184	7087	6502	9254	9515	9880
85	1.0	554	10418	120	5873	7767	639
86	1.0	4874	2486	7198	2755	222	9981
87	1.0	5099	3237	4782	4208	8557	10360
88	1.0	1630	7719	7337	7296	2708
89	1.0	4237	2256	8712	4321	4595
