1	1.0	YRDC	MRTO4	POLD2	COMMD4	KIAA0020	GPN1	CECR5	GRPEL1	MRPL35	RPP30	GNL2	PRPF4	UBAP2L	NIP7	AATF	HEATR1	IFRD2	HSPA14	MRPL12	UCK2	PPP1R8	WDR3	RRS1	RNASEH1	UCHL5	MRPL11	DNAJC7	TOMM22	CTPS	PQBP1	TIMM10	NOP16	PPIH
2	1.0	C4orf6	HMP19	USH2A	MYT1L	SLC18A3	STMN4	HPCA	FEV	GFRA3	FAM163A	HMX1	NCOA4	ELAVL3	ALK	CRYBB2	OPRM1	ALX3	ZP2	CACNA1B	ACCN4	TLX2	PHOX2B	NPY2R	DBH	DKFZP434L187	SLC6A2	NTRK1	UGP2	MYCNOS	CHRNB4
3	1.0	HSPA8	ZNF674	RPL8
4	1.0	GNAT1	TULP1
5	1.0	UQCR11	RPL26	HSP90AA1	PSMA6	ATP5O	HNRNPA2B1	RPS9	RPL36AL	RPL36A	RPS24	ERH	COX7A2	ATP5J2	RPS7
6	1.0	RPSA	ATP5A1	RPL35	RPL4	RPS5	RPLP0	RPL29	RPL3	EIF3F
7	1.0	EIF3D	ATP5G2	ATP5B	RPL36	DAD1	PSMG2	COX5A	DYNLL1	C14orf166	NDUFC2	CSNK2B
8	1.0	CCDC72	CNBP	POMP	JTB	COX8A	VAPA	ATP5F1	PSMB3	SRP14	RPS15A	ATP5E	MMADHC
9	1.0	CENPA	MCM4	HJURP	CENPF	KIF2C	NCAPG2	MKI67	CDCA8	FANCI	OIP5	AURKB	BIRC5	ASF1B	KIF11	SPAG5	TK1	TTK	NDC80	MYBL2	NCAPG	KIF14	NCAPD2	KIF20A	SHCBP1	FBXO5	CENPN
10	1.0	SSX7	SSX5	MAGEA5	CXorf48	PAGE1	RNF17	MAGEB2	MAGEC2	BAGE	MAGEA1	SSX3	MAGEA4	SAGE1	KCNV2	GAGE1	MAGEB1	LOC441601	MAGEA8	SSX1	VCX2	MAGEA11	CTAG2	PAEP	MAGEC1	NAA11	GABRA6	GAGE3
11	1.0	TM4SF20	SLC17A4	PDZD3	APOBEC1	HTR4	SI	PPP1R14D	TUBAL3	MOGAT2	MS4A12	MUC3A	B3GALT5	CYP3A4	ATOH1	FAM55D	REG3A	DEFA5	A1CF	GUCA2B	C4BPA	GIF	FABP2	MEP1B	MAB21L2	MEP1A	ARSE	DPEP1	TBX10	LRRC19	PIWIL1	KRT12	CA7	SLC18A1	INSL5	SLC26A3	PIWIL2	GCG	DEFA6	MYO7B	REG1A	EPS8L3	GALNT8	ANXA13	GUCY2C	CHST5	NOX1	VIL1	PNLIPRP2	GUCA2A	REG1B	RNF186	CDHR2	BEST2	ALDOB	SLC3A1	MADCAM1	BTNL3	SLC28A2	AQP8	EDN3	TFF2	L1TD1	ERN2	SST	TRPA1	PYY	NOS2	REG1P	CDX1	MYO1A	NAT2	CTSE	FOXD2
12	1.0	CRYBB3	C3orf27	OR7C2	PPIL6
13	1.0	USP9Y	DDX3Y	EIF1AY	ZFY	KDM5D	TTTY2	TTTY15	UTY
14	1.0	HIST1H4A	HIST1H2AL	HIST1H3A	OR2B6	HIST1H2BI	HIST1H1B	HIST1H2BB	HIST1H2BN	HIST1H4L	HIST1H4E	HIST1H2AJ	HIST1H2BM	HIST1H2BO	HIST1H3I	HIST1H4F	HIST1H2AK	HIST1H3J	HIST1H2AI	HIST1H4D	HIST1H4B
15	1.0	VDAC2	PSMA1	HSPD1	CCT4	ATP5G3	GPX4	EIF3M	NDUFAB1	NCL	Morf4L2	NSA2	SET	TCEA1	KARS	SOD1	CCT8	PRDX1	CYCS	RAN	DYNLRB1	NARS	ATP5C1	XPO1	RPL22	GTF3A	QARS	SNRPD2	NDUFB5	PRDX6
16	1.0	LOC80054	GRIN2D	PROP1	SLC5A2	SPINT3	OR3A3	SLC1A7	SCNN1G	STAB2	PADI1	ONECUT2	ODF1	CCZ1	CHRM5	HAMP	CALCA	PRB4	PRB3	PNLIPRP1	DRD5	NPPA	MC2R	ADAMTS7	IGFALS	PRAMEF12	ADAM20	GEMIN7	ADH1A	GHRH	ALPPL2	NCR2	TCP10L	SLC28A1	AMN	CRX	HOXB1	CCL25	SMR3B	ZFHX2	HUNK	MYH15	OR1F1	ZNRF4	CACNA1F	LOC57399	MYO15A	TUBA4B	PDZD7	MAG	LOC100507164	TMPRSS15	KCNJ5	GJB4	WNT1	CORT	CCL27	LOC100507009	SFTPC	LILRA4	CACNA1I	TNR	SCN5A	SLC6A13	PEAK1	GCNT4	DNAH7	PDHA2	LILRP2	EXD3	NOS1	OR10H1	SCN10A	TRPV5	COL11A2	OR7C1	IRS4	TP53TG5	HTR6	TG	PDE11A	ALLC	CNGB3	C3orf51	OR2H2	CHRNA2	CSN2	PRB1
17	1.0	RIT2	LOC284244	NEUROD1	TMEM59L	SLC12A5	NRXN1	CSRNP3	APC2	ATRNL1	SNCB	ERC2	RIMS2	BSN	CDH7	SYN2	CALY	ELAVL4	KCNQ2	DPP6	DDX25	GABRA1	NRXN2	LOC157627	CDH10	SCN2A	DAB1	MYO16	BAI3	KCNA6	ATP1A3	NCAN	CELF3	NELL1	PAK3	OPCML	SPTBN4	FGF14	GABRG2	GNAO1	PAK7	AP3B2	ST8SIA3	UNC13A	NMNAT2	SV2C	GRIK5	RIMBP2	SEZ6L	PSD	ELAVL2	ASTN1	SNAP91	GDAP1L1	SLC8A2	TMEM151B	SYP	GABRB3	LRRTM2	BRSK2	GRM3	ACTL6B	CTNNA2	CADPS	PCDH8	PTPRN	MYT1	NLGN3	RFPL1-AS1	SULT4A1	SYN1	FAM131B	CDK5R2	FAIM2	HRH3	KCNB2	MAST1	CHST8	NOL4	GRIA2	RALYL	CBLN1	GRM2
18	1.0	HTR5A	GLRA2	GRIN2A	KCNJ6	GRM1	CNTN2	ACCN1	GRIA1	DLG2	CDH8	DGKB	GRM5	ATP2B3	CXorf1	NEUROD6	SLC17A6	NTSR2	CACNG2	ANKS1B	CA10	KCNV1	KCNIP1	PCSK2	KIAA1456	MAPK4	ST18	CACNG3	SCN1A	CRH	GRIN1	CARTPT	ADCY8	FRMPD4	HAPLN2	CRB1	KCNC1	IQSEC3	GRIA3	DGCR9	KIAA1045	PDYN	FEZF2	SCN2B	WSCD2	CNKSR2	SLC1A6	PRMT8	GPR6	GPR37L1	SLITRK3	PEX5L	CDH22	FAM5B	SLCO1C1	ADARB2	MOG	TBR1	JPH3	MEPE	CDR1	GABRD	NEUROD2	GAD2	SORCS3	ANKRD34C	DLGAP2	GPR17	PPFIA2	GNG5	CPNE6	BCAN	SPOCK3
19	1.0	TEKT2	RFX3	NXF2	RTDR1	CYP2A6	CCDC40	SOX21	DNAH6	C1orf129	WDR96	TSNAXIP1	BMP3	PACRG	FMO6P	KCNMB2	CYP2A13	SRGAP3	CROCC	C9orf68	SERPINI2	ZNF157	LRRC36	SLC26A4	C11orf16	KCNE1	ACSBG1	CCDC81	ACSM1	SPEF1	PIP	DNAH2	C20orf195	IQCH	SRD5A2	GPR135	DLEC1	TP73	C16orf71	DNAI1	KIAA1751	SPINLW1	ABCB11	HYDIN	TRAF3IP1	AKAP3	CCDC33	ABCA4	YSK4	TCP11	C6orf103	IL5RA	SEC14L3	GPR172B	BTG4	DNAH9	NKX2-1	ASCL3	TMEM212	EFCAB6	GRM7	FOXJ1	CDKL2	IQCA1	EFCAB1	DNAI2	CYP26A1	C15orf34	CNTN5	C10orf95	HSD17B3	LOC400084	RFX2	BAIAP3	AQP5	SLC13A3	TSGA10	SPAG8	FAM164C	DNAH3
20	1.0	ZNF593	WDR77	DDX27	CCDC86	MRPL48	SF3A3	FARSA	RCC1	FAM189B	C12orf10	MRPS2	PRPF31	NOP2	LSM2	CHCHD8	SIGMAR1	SAC3D1	POLR3E	NAA10	ICT1	PDCD5	TOMM40	DDX10	NUP62	C17orf81	PUS7	PPM1G	PMPCA	C19orf50	MRPL4	CLPP	SIVA1	MAK16	NXT1	DDX56	MRPS34	NAT10
21	1.0	MYOZ3	SNTA1	SLN	RBFOX1	ACTN2	DES	NRAP	CKMT2	MYLPF	ATP1A2	MYOT	PYGM	FBP2	CA3	MYL2	CASQ2	SYNPO2L	ART3	LDB3	MYOZ2	MYBPC2	TNNI1	KRT76	CKM	PGAM2	CASQ1	DUSP13	MYH1	TNNT3	SRPK3	MYOM1	TNNC2	HRC	SMPX	MTCH1	CACNG1	NEB	MYH7	MYH2	CSRP3	MYL1	ACTA1	DOK5	CACNB1	MYOZ1	TRDN	ANKRD2	RPL3L	HSPB3	MYF6	APOBEC2	MYL3	TPM3	ATP2A1	COX6A2	TCAP	AMPD1	CAV3	MYBPC1	CACNA1S
22	1.0	CEBPZ	MRPL13	GMPS	PRPS2	MTIF2	TFB2M	ITGB3BP	ACTL6A	DDX18	EEF1E1	CHORDC1	NAA38	WDR12	CETN3	RBM12	LRRC40	GTPBP4	SKIV2L2	NOC3L	MSH6	NUP43	CCNH	PPID	DNAJC8	UTP6	NUDT21	MRPS27	NUP107	CSNK2A1	FAM136A	RBBP8	ABCE1	NOL11	DNAJA2	SLC25A32	DIMT1	FEN1	NUP37	RBM34	MRPL39	EXOSC8	NDUFAF4	SEH1L	STIP1	MAGOH	ARMC1	MRPS30	SNRPC	NUP88	ANP32A	NUP54	VRK1	C12orf11
23	1.0	TMEM14B	NDUFB8	NHP2L1	EDF1	COX7A2L	NDUFA2	HIGD1A	SLIRP	C19orf53	EIF3I	UQCRC2	ATP5I	PSMB2	PSMD6	APEX1	PSMB7	TOMM20	NDUFB11	NDUFC1	TIMM8B	PPA1	PSMC5	NDUFS6	RSL24D1	MRP63	UFC1	NDUFA13	MRPL3	UBL5	TCEB1	TXNL4A	SNRPD3	OLA1	NDUFA6	COX5B	CNIH	HNRNPAB	PSMA3	DBI	MDH1	HBXIP	HMGN3	C2orf28	ATXN10	NEDD8	POLR2J	SSBP1	UQCRQ	PSMC2	COPS2	SF3B5
24	1.0	KRTAP4-7	IL37	KRTAP2-4	KRTAP9-9	KRT85	MT4	KRTAP1-3	MUC7	KRTAP1-1	KRT35
25	1.0	MMP9	IGF2R	TPD52L2	MAEA	CNN2	USP4	MAP2K3	CHST15	FAM53C	CHFR	PANK2	NCOA1	KIAA0430	ATP11B	ZDHHC18	RBM23	RALBP1	IFRD1	OSTF1	UBXN2B	FAM8A1	MKNK1	IL17RA	IRF2	CCDC28A	RHOT1	TCIRG1	CTDSP1	CTBS	FRAT1	MAPK1	USP10	C20orf43	BAZ1A	PPP2R3C	CKLF	PIAS1	TSEN34	MPP1	PARP8	PYGL	CHIC2	FOXO3	FBXW2	PPP3CA	PRKCD	RAF1	FLOT2	HBP1	SETD1B	FRAT2	CASC3	PTEN	PLEKHO2	WASF2	TNFRSF1A	LPGAT1	FAM134A	PPP2R5A	NFIL3	XPO6	MVP	C17orf62	KLHL2	JHDM1D	CFLAR	IL10RB	NRD1	LYST	PIM1	BACH1	SEC14L1	HAUS4	MARCH8	B4GALT5	DYSF	NUP214	VASP	ZCCHC6	RNF10	NARF	CYB5R4	SOD2	NQO2	MTMR6	TPST2	NRBF2	COL4A3BP	NDEL1	FAM129A	SLC31A2	USP15	CDC42EP3	KIAA0247	GBP2	NINJ1	CXCR1	OAZ2	QPCT
26	1.0	CYP7A1	C9	DAO	AFM	PRODH2	CFHR4	CRP	APOC4	TAT	LPA	DPYS	F13B	CYP4A11	HMGN2	LECT2	SLCO1B1	LPAL2	CCL16	F11	MASP2	CYP4A22	HAO2	TRMT5	SLC17A3	NR1I3	CYP2C19	PROZ	APOF	SPP2	CFHR5	FGF21
27	1.0	FNDC3A	UFM1	FAM18B1	SCAMP2	TMEM208	PRKCSH	SEC23B	LOC220594	SDF2L1	SLC38A10	SLC1A4	ALG8	ACBD3	TMEM109	UNC50	PSENEN	MIS12	CCDC90B	PDIA4	TMEM106B	ARMCX3	TMEM214	C19orf42	CREB3L2	SLC1A5	TBL2	B4GALT3	WIPI1	LMAN2	TCTN3	TXNDC15	COPG	NCSTN	ITFG1	KDELR1	MGAT2	TMCO1	MAN2A1	DNAJC1	ARL1	SND1	DERL2	CRELD2	TOR3A	PRKD2	TM9SF1	SEC24A	SRPRB	EIF2AK3	STT3A	PREB	SEC63	GOLGA5	DNAJB9	C1GALT1C1	PIGG	UBXN4	FKBP2	ABR	BTG2	HSPA13	SSR3	RNF167	USP16	IFT20	PIGK	CSNK1G3	C1orf9	CDK2AP2	MAN1A1	SNX6	SCFD1	GLT8D1	UBA5	TMED7	BET1	TMEM50B	ARFGAP3	FTSJ1	CDV3	DUSP5	PDIA5	CDR2	SEL1L	ATP13A1	ERGIC2	DNAJC10	CHST12	ZBTB38	C9orf95
28	1.0	CLK2	SUV420H1	DMTF1	RNF38	ZDHHC17	USP48	TIA1	THUMPD1	LEMD3	FBXO11	NKTR	METTL3	LOC100499177	MEX3C	DMXL1	CRBN	BBX	NFATC2IP	TRAF5	PRPF4B	PHIP	CDK11A	USP34	GOLGA8A	MBD4	FAM208A	GOLGA8B	CHKB	ZNF274	CNOT2	WDR11	CLK4	ZCCHC8	STX16	DNAJB14	SYNRG	FBXW12	RPL10	ZNF292	DKFZP586I1420	NSUN5P2	ATXN7	MTMR1	HAUS2	PAPD7	JMJD1C	ZNF148	GGNBP2	EPM2AIP1	ZNF24	FCHSD2	SETX	ATP8B1	CREB1	STX7	IRF3	FNBP4	SEC24C	AIP	BTAF1	LOC100506168	SMARCB1	RBM26	ZNF266	BPTF	PIKFYVE	SMC6	N4BP2L2	ZC3H7A	ANKRD49	OFD1	CROCCP2	KDM5A	CDC40	ZFC3H1	RBM6	PNISR	MPHOSPH8	AKAP17A	FAM13B	MORC3	NSUN5
29	1.0	GINS4	FANCG	POLA2	CIT	PKMYT1	TIMELESS	KIF20B	C17orf53	E2F1	CDC25A	PTTG3P	CLSPN	ORC1	BRCA1	POLQ	RAD54L	TRAIP	RECQL4	KIF18A	RFC5	C1orf112	PLK4	CDC25C	WHSC1	NCAPD3	C12orf48	BRIP1	ARHGAP11A	CCNF	CDT1	DSCC1	CENPI
30	1.0	CDH20	AOC4	HGC6.3	ACOXL	DOC2B	GLP1R	CEMP1	VHL	KCNQ4	PRKACG	IBSP	ADCY10	AMELX	PYY2	PRM2	FAM75C2	SEMG2	AMELY	CELA3B	TUBB4Q	LOC100507630	WFDC8	HEYL	FUT5	KCNQ1DN	FAM205B	RBP3	TEX28	PRSS50	IBA57	RS1	OR51E2	P2RX3	ADCYAP1R1	ASMTL-AS1	MBL1P	C22orf31	GCGR	AKAP4	BTF3P11	SMR3A	ADAM3A	RNLS	SSTR5	GSTTP1	KLF17P1	RAD21L1	FOXP3	DKFZP564C196
31	1.0	CCR6	KYNU	GPR18	BLK	AIM2	VPREB3	CD38	KIAA0125	IKZF1	MAP4K1	TRAF3IP3	IL2RA	IL3RA	STAG3	PTPN22	STAP1	DENND1C	IL21R	SP140	IGHD	RHOH	FAM30A	IL12B	TNFRSF4	IGKV1D-8	BTK	LILRB1	CD22	PDE4B	NCKAP1L	ACAP1	RGS13	PNOC	CCL22	KMO	IGFLR1	SLC2A5	GPR65	CD19	CD86	SKAP1	ITGB7	BPNT1	PVRIG	STAT4	PTPN7	ACP5	PIM2	TLR7	LAG3	LAX1	IL12RB2	LOC100508797	LY9	IGLV4-60	IGH@	CD180	IRF4	HCG26	IL10	GVINP1	PPP1R16B	EBI3	IL16	SLC15A3	KIAA0226L	TNF	CD72	IGLV6-57	PLA2G2D	IGKV3-20	CXorf21	FCGR2B	SPIB	HLA-DOB	CD69	MZB1	MFNG	P2RY10	IPCEF1	IGHV5-78	IGLV3-19	CR2	IGLV1-40	SIT1	CD226	BANK1	CD79B	FCER2
32	1.0	KRT13	SERPINB3	SPRR1A	PI3	KLK11	SCGB1A1	TRIM17	CALML3	CLCA2	TMPRSS11D	DSC3	SERPINB4	DSG1	RHCG	SCEL	VGLL1	SPRR2C	KRT6A	CRNN	LY6D	DSG3	KRT16	SPRR1B	S100A7	TMPRSS11E	SPINK5	MUC16	GPR110	KRT15	TNS4	SPRR3	KLK7	ARTN	IVL	PADI3	CRCT1	TGM1	IL36G	KLK8	KLK12	SPRR2B
33	1.0	CRYGA	MAML3	CRHR2	COL19A1	AVPR1B	LCN1	PPBPL2	BPIFA1	RBMXL2	MIP	LYZL6	CCDC70	GUCY2D	NPFFR1	LOC440792	PPYR1	DEFB126	CATSPERG	ADAMTS12	CHRNA4	CXorf27	CDKL5	CHRM4	CHAT	CST8	OR10J1	HSPC072	KCNC3	AGRP	SSTR4	KCNH4	PAX1	HIST1H4G	BTN2A3P
34	1.0	PRDM8	MYO3A	GKN1	ST8SIA2	CATR1	RXFP3	EDDM3B	BRD7P3	KIAA1967	FAM66D	DOT1L	APOL5	CYP2U1	OMP	FOXL1	PITPNM3	TSSK1B	TEX12	METTL19	OR12D3	OTOF	DRD3	DDX4	GHSR	C3orf36	ACTL7B	C8orf39	CLCA3P	SCT	TAS2R8	GSC2	SCRT1	PPY2	INSL6	C6orf27	NOX3	OTUD7B	OR3A1	HOXD12	BOK	OR11A1	TAS2R3	HTR7P1	BPESC1
35	1.0	GCKR	NR0B2	SOAT2	GBA3	UNC93A	SERPINA6	G6PC	THPO	HAVCR1	AMBP	ADH6	FAM186A	C8B	SLC17A2	SULT2A1	TM4SF5	FTCD	PRDM16	GAL3ST1	NR1H4	CPN2	HGFAC	OTC	MIA2	AGXT	C6orf208	ITPKA	C8A	C2orf72	MBL2	SLC7A9	UGT2B4	CA5A	SERPINF2	SERPINA10	CYP3A43	ITIH1	SARDH	HPR	SERPINC1	MTTP	HNF4A	NAT8	PROC	SLC38A3	ONECUT1	UGT2A3	C19orf80	HNF1A	AKR1D1	SLC19A3	PDZK1	MAT1A	PAH	LIPC	RHBG	SLC30A10	PON1	CPN1	ABCG5	SLC2A2	GATA4	TM4SF4	SCGN	TTPA	NPC1L1	KNG1
36	1.0	KIR2DS4	NCR1	KIR2DS5	CD160	KIR2DS1	KIR2DS3	KIR3DS1	KIR2DS2	TRAV8-3	KIR2DL4	LIM2	KIR2DL2	KIR3DL1	KIR3DL3	TKTL1	KIR2DL1	KLRC4	KIR2DL3	TRBV10-2
37	1.0	ADAR	MYH8	MAP6D1	MYOG	PTMA	MYH13	NEURL	MYH4	SLC2A4	SCN4A	POPDC2	SEP15	ARPC5	PABPC1	SEMA6C	MYF5	HYAL4	PGAM1	CAMK2A	IFNA6	PFKFB1	LRP1B	CHRND	LMO1	PPIB	CHRNA1	COPB1	TUBA8	ATP1B4	NPHP1	RAP1B	ENO1	CTNNA3	PDIA3	MYOD1	ARPC3	ACTL7A	ARPP21	KCNJ12	GOLPH3	TMBIM6	CLCN1	SIM1	HLA-DRA	SPTB	FBXO40	HIF1A	OBSCN	ACHE	AANAT	PABPC3	ITIH4	DDN	SEC61B	PPT1	HMGN1	CAMK2B	MSTN	SLC25A5	MYH7B	MYH3	TMEM123	MYBPH	AQP4	PPP1R3A	MYH6	CAPZA1	MYL4	COX6A1	C10orf92	MYLK3	CMTM6	CAP1	GRIP2	UCP3	SSR2	ACTR3	YWHAZ	PITX3	RAPSN	CDH15	RXRG	SLC38A4	ASB4	UPK3A	LBX1	CLIC1
38	1.0	GLTSCR2	RPS8	SPCS1	RPL13A	TPI1	RPL13	RPL12	PARK7
39	1.0	UBA52	RPS26	RPS15	PSMB4	NOP10	RPS27A	SERF2	HNRNPK	ATF4	RPL11	DDX5	HSPA5	RPS3	RPL9	TMSB10	RPS25	PTGES3	C20orf24
40	1.0	DHFR	TOPBP1	ASPM	RAD51AP1	GINS1	HMMR	STMN1	CKAP2	RNASEH2A	DBF4	PBK	CCDC99	EXOSC9	TRIP13	PRIM1	CDKN3	RFC3	TMPO	AURKA	NUP205	CDC20	GINS2	CCNA2	ATAD2	DTL	RFC2	CEP55	EZH2	DONSON	LMNB1	APOBEC3B	BUB1B	ORC6	DLGAP5
41	1.0	IL2RB	LCK	GZMH	KLRF1	GZMB	FAIM3	CD2	NELL2	CD3E	ICAM2	CD27	SUN2	TRDV3	PTPRCAP	KLRB1	KLRK1	TARP	SPOCK2	IL32	ITK	PIK3IP1	APOBEC3G	ITGAL	CCR7	PRF1	CD3D	CD247	CD8A	ZAP70	GZMK	RASGRP1	TRAC	CTSW	RUNX3	GZMA	CHIT1	GNLY	C11orf21
42	1.0	NDUFB1	PSMA4	SUMO1	NDUFA1	H2AFZ	RPS27L	TBCA	UBE2E1	COX7B	NDUFA4	C11orf58	COX6C	RBX1	SEC11A	SNRPE	HINT1	PFDN5	ATP5J	PSMA2	SNRPG	SRP9	RPL34	UQCRH	UQCR10	HMGB1
43	1.0	MAD2L1	RPA3	HAT1	TOP2A	MELK	NUSAP1	DNMT1	RUVBL2	MLF1IP	NASP	CCNB2	MCM2	TFDP1	SNRPA	TPRKB	H2AFX	CPSF6	ZWINT	NUDC	PRKDC	DKC1	DNAJC9	CKS1B	LSM4	RACGAP1	TPX2	PRC1	CDK1	PSMG1	CSE1L	CCNB1	RRM2	GMNN	RRM1	RFC4	SUPT16H	NUP153	DDX46	KPNB1	SAE1	SMC4	MTHFD1	MCM7	RPA1	HNRNPF	UBE2S	MCM3	UBE2C
44	1.0	PYCARD	PECAM1	RGS19	C5AR1	FAM65B	LY96	TGFB1	LTB	ADCY7	SLC7A7	DPYD	S100A12	BIN2	PLEK	RCBTB2	ARHGAP15	FGR	RASSF2	IRF1	GIMAP4	ALOX5AP	EVI2A	IL10RA	ZDHHC7	SH2B3	CTSS	GIMAP5	CLEC7A	DOCK2	TNFRSF1B	RUFY1	ARRB2	TRBC1	LSP1	GMFG	TLR2	GLIPR1	AIF1	NCF2	CD97	MNDA	ITGB2	BCL2A1	DUSP6	FLI1	LAT2	SLA	HLA-DRB6	CST7	FGL2	CSF2RB	SASH3	PTPRE	LST1	CCL5	EFHD2	GCA	EVI2B	SAMSN1	GIMAP6	SNX10	CECR1	FCN1	PPBP	CD48	C1orf38	ITGAM	FCER1G	SERPINA1	WAS	PTPRC	HCK	HMHA1	NKG7	SELL	LCP2	CASP1	LY86	CD37	PRKCB	RNASE6	CX3CR1	FCGR2A	LMO2	S100A9	CYTIP	CYBB	MYO1F	MS4A6A
45	1.0	RPL10A	EEF2	YBX1	EIF3H	EIF3E	EIF3K	NDUFB4	UQCRFS1	PHB2	ATP5H	C11orf10
46	1.0	CD79A	FLT3LG	TRGV5	SLAMF7	CD40LG	KIAA0748	LAIR2	TXK	TNFRSF17	CCR9	CD96	PTGDR	CD28	CTLA4	IL9	UBASH3A	GPR171	CCR4	SIRPG	TNFSF8	XCL1	CD8B	KLRD1	CRTAM	TBX21	FASLG	PYHIN1	TRD@	CD7	CXCR6	SH2D1A	LOC79015	IL21	CLEC2D	IL23A	IL4	IL2	CHI3L2	TRAT1	KLRG1	IL3	IFNG	SH2D2A	CD3G	IL22	NCR3	CD6	GZMM	GRAP2	ICOS	CD5	SLAMF1	CCR8	TCL1A	PDCD1	TRBC2	PAX5	CXCR3	CD1C	CXCR5	FCRL2	KLRC3
47	1.0	CYP2A7P1	HTN3	S1PR2	KCNH1	MAGEB4	LOC1720	SLC6A7	WNT8B	PPP1R2P9	MGC13053	C13orf41	LOC399904	MCF2L2	HTN1	ENTPD2	GTPBP10	CABP2	RAX	FGF8
48	1.0	RPS4X	RPS12	RPS18	EIF3L	RPS19	RPL24	EEF1G	RPS20
49	1.0	SSRP1	PIH1D1	IMP4	PRPS1	TUBG1	CIAPIN1	C11orf48	EIF4EBP1	SRM	COX4NB	RDBP	EMG1	PSMD3	TIMM23	MRPL17	TIMM13	PNO1	MRPS16	DNAJC2	RPS21	MRPL22	POLR2H	NUP85	POP7	MRPS15	HARS	EBNA1BP2	GLRX2	EIF2B1	UBE2M	PRMT5	RUVBL1	GAR1	PSMD13	PA2G4	IMP3	SF3B3	SNF8	PRPF19	PSME3	POLR3K	PSMC4	STRA13	POLR2F	PARL	C2orf47	POLR2C	ITPA
50	1.0	LILRA6	AOAH	CMKLR1	PILRA	TYMP	CFP	CLEC4A	NCF1C	PLXNC1	IGSF6	FFAR2	LILRB4	FCGR2C	AQP9	SPI1	EMR2	DOK2	TREM1	IL18RAP	TBXAS1	VAV1	MX2	TLR1	LRMP	VNN2	FPR2	FYB	HCAR3	CD300A	CCR1	LILRA2	ALOX5	SELPLG	APOBEC3A	LAIR1	P2RY13	CD84	NCF4	CXCR2	ITGAX	ARHGAP25	NPL	HSPA6	GPSM3	INPP5D	LILRB3	FCGR3B	CCR2	DPEP2	FMNL1	CYTH4	PTAFR	CSF3R	LILRB2	HK3
51	1.0	FLT1	LRRC32	PRND	TEK	ANGPT2	APLNR	NOS3	CHST1	NOTCH4	ERG	CALCRL	GJA4	LYVE1	SEMA3G	TIE1	GJA5	MEOX1	ANO2	ACE	KANK3	GGT5	RAMP2	FHL5	PCDH17	STARD8	DCHS1	NPR1	MEOX2	MERTK	SLCO2A1	ARHGEF15	FCN3	GPRC5B	EMCN	THSD7A	NRN1	TMEM100	MMRN1	ALDH1A2	CD34	SOX18	SOX17	PDGFB	CLDN5	ENPEP	ROBO4	KDR	GPR4	GRRP1	IL33	C8orf4	ZFPM2	SELE	MYCT1	CDH5	SV2B	CLEC1A	RASL12	RAPGEF4	EDNRB	RAI2	ALPK3	RAMP3	CXorf36	MYH11	ACVRL1	PDE2A	FAM124B	PTPRB	PCDH12	CAPN11	RASIP1	LHX6	FAM107A	CFI	MMRN2
52	1.0	SLC9A3	MAGEA6	TTR	FGF20	PRSS1	GC	MUC13	KCNJ16	APOH	PLA2G1B	TREH	TRMT112	CLDN6	KCNE2	LPPR1	FGG	NDST4	FGL1	CELA3A	SERPINA4	ITIH3	SLC22A7	HABP2	SMCP	BRDT	C8G	APOC3	DNASE1	HPD	ALPI	FOLH1B	HAO1	GABRR1	ATP4A	FABP1	CGA	MUC6	LEFTY1	PLG	LGSN	AKR1C4	CPB2	PGC	KCNJ13	ABCC2	FGA	SLC13A2	MAGEA3	SPAG11B	SERPINA7	CPS1-IT1	CDH9	SFRP5	HSD3B1	KCNH6	GABRB1	CLDN18	FGB	GABRA2	ZG16	SLC15A1	HIST1H1A	CA9	NPHS1	BHMT	UPK1B	GIP	SPANXC	F2	HSD3B2	POU1F1	PROX1
53	1.0	AHSG	SLC10A2	SLC12A3	SLC5A12	SLC13A1	CASR	TRPC7	SLC22A11	SLC22A13	SLC22A6	HCN4	ANGPTL3	SLC22A2	REN	CLCNKB	ATP4B	AQP6	NPHS2	SLC34A1	HRG
54	1.0	COX6B1	TXNL1	CAPNS1	EEF1B2	RPS14P3	BTF3
55	1.0	GAP43	TTYH1	APOA2	SYT2	CRYBA4	FABP7	PCYT1B	CALB1	SCG3	LEFTY2	CA14	ADAMTS20	SLCO1A2	DBC1	ZMAT4	PMEL	DAZL	PIPOX	FXYD7	LRAT	COL9A1	KIAA1661	SOX3	CER1	SRY	FOXD3	GCK	B2M	ADD2	MYL7	PCDH11Y	ANXA11	CHGA	GABRA5	FGF4	NPPB	C14orf162	TNNI3	ADCY2	C7orf16	CALCB	MAGEL2	MGAT4C	VRTN	CCKBR	KLKB1	CHCHD2	GRID2	LRRTM4	ACTN3	UTF1	PRDM14	CLDN10	CAMKV	SLC12A1	GDF3	GNG3	ITGB1BP3	NPY	LECT1	DCX	FOXH1	GUCA1A	LPAR4	CHST4	CRYBB1	B3GALT1	RPRM	SYN3	CRMP1
56	1.0	KIF4A	NEIL3	SMC2	RAD51	SKA1	CENPM	BUB1	CHEK1	PLK1	CENPE	FOXM1	ERCC6L	NCAPH	SPC25	TROAP	KIF23	FAM64A	EXO1	POLE2	GTSE1	DEPDC1	MCM10	STIL	CCNE2	CDC6	CDCA3	KIF18B	ESPL1	CDC45	KIF15	KIFC1	NEK2
57	1.0	VSX1	LRIT1
58	1.0	FMO1	SLAMF8	LGALS2	CCL13	F13A1	PLXDC1	HPGDS	C1QA	FCER1A	CSF1R	ADAMDEC1	LILRB5	C1QB	CD93	CCR5	FPR3	GUCY1A3	IGHM	ENPP2	VWF	CD209	CCL18	C2	CXCR7	TPSAB1	MS4A2	CCL2	IGLV2-23	SIGLEC1	TDO2	CD14	STAB1	VSIG4	CXCL11	TREM2	SDS	OLR1	MS4A4A	TNFAIP6	FCGR1B	CHI3L1	FOLR2	CCL21	ADORA3	PLAU	C3AR1	CD4	GPR116	IGLJ3	CXCL13	CXCL9	IDO1	MARCH1	P2RY14	ITM2A	SFRP4	AOC3	CD52	TPSB2	IGJ	TFEC	CLEC10A	PLVAP	SLCO2B1	TMEM176A	FPR1	APOC2	IGKV4-1	CPA3	CD163	LPL	CCL19	CCL8	IGKV1-5	CD36	HLA-DQA1	HLA-DQB1	PLA2G7	IGL@	APOC1	DARC	CPVL	COL10A1	ENTPD1	CCL4	ADAP2	TYROBP	CLEC3B	S100A8	IRF8	RGS1	C7	MSR1	MMP12	GPR183	VCAM1	FABP4
59	1.0	ABCD1	OR7A5
60	1.0	TMCO3	USP29
61	1.0	C8orf71	KRT36
62	1.0	AMBN	RAVER2	HOXD13
63	1.0	ITGA2	MCC	PCDH7	MMP28	ALDH3A1	GPR153	BAIAP2	INSL4	SERPINB7	EPHA2	RARG	EGFR	PSORS1C1	DLX5	COL7A1	CYP26B1	TFAP2A	SLC2A1	RCAN1	COL4A6	SULT1E1	SH3TC2	MUC1	BDKRB2	PTHLH	AKR1B10	ANXA10	EFNB1	CCNO	ISL1	CXCL6	SMAGP	MBOAT2	TNNC1	LIF	RGNEF	IL1RL1	RNF128	WNT7A	DLK2	PRSS3	EPB41L4A	FERMT1	ADORA2B	GPR39	RGS20	CYP1A1	PTGES	MAOA	PTP4A2	HCG4	ERBB2	MMP10	MOCOS	PPP4R4	PRSS12	KIAA0284	GPR126	CA12	ITGA3	TNNT1	HSF2BP	PLXNA2	SEC14L2	ARL4D	ULBP2	FLRT3	OTUB2	BACE2	WNT2B	BNC1	COL4A5	EFNA5	C9orf125	MARK1	ITGB8	PAQR5	GABRE	MDFI	RASSF9	SH2D4A	JAG2	FOXC1	PITX1	PMEPA1	A4GALT	SLC14A2	SEMA3F	BDKRB1	GPC1	TINAGL1
64	1.0	FOXF1	HOXB6	BMP4	AKR7A3	PLCE1	LAMB3	ASB9	WDR26	PCSK1	PTPRR	TNFRSF11B	HOXB7	SIM2	IGFBP1	PPARG	PVRL3	HOXA7	HOXB9	HOXA10	HOXA5	HOXA2	HOXB8	CHRM3	TMC7	HTR1D	HOXB3	CARD10	HMGA2	EPHB2	MECOM	HOXA11	HOXB5
65	1.0	NIPBL	CCNT2	BCOR	RAB33B	NAA16	TBC1D15	CCDC41	ZNF280D	CENPC1	ZNF518A	REV1	RBBP6	ANKRD26	C10orf137	ABCA11P	C4orf41	THAP9	ANGEL2	RLF	ACYP1	MLF2	PCF11	CALR	DENND4A	USPL1	HAUS3	NUPL1	VPS13A	NEMF	LARP7	RNF219	PTBP2	CEP63	ATG2B	ZNF23	ATXN3	MTRF1	ARMC8	PMS1	TTF1	RAD17	CEP57	TPP2	MDM1	SENP6	YTHDC2	TUBGCP5	KPNA5	NARG2	METTL21D	ALG13	MYNN	ZBTB11	CASP8AP2	TRIM13	NOL8	FAM178A	PRPF39	PEX1	ZNF236	STAG1	CCDC76	PPP1R11	C6orf162	MED23	UPF2	ZNF7	WDR33	PRPF38B	THUMPD2	NHLRC2	CLASP2	LIPT1	RIF1	RFC1	PPWD1
66	1.0	FTH1P5	CCPG1
67	1.0	ZHX2	RASSF4	ST8SIA1	SDPR	CADM1	NAP1L3	RECK	LTC4S	BACH2	APBA2	TCF4	DPP4	TRIB2	COPZ2	ST3GAL5	FXYD6	S1PR1	MME	CYP27A1	FAM49A	HEG1	VASH1	SGCE	TGFBR3	PLTP	MCTP1	HN1	UPP1	CSGALNACT1	CYP1B1	GAS7	ZEB2	FAM70A	NAGA	CLIC2	RORA	ATP10A	NID1	C5orf4	C13orf15	ALDH1A1	ZBTB16	AKR1C3	GYPC	EGR2	ARMCX1	LRRN3	MAL	S100B	CYTL1	TM7SF4	EPB41L3	CBX7	ITPKB	FCGRT	PHLDA2	CHMP7	SCARF1	LXN	EGR3	DOCK4	HGF	MAN1C1	RNF144A	TM6SF1	FRY	MAF	C1RL	ENG	CTSO	LEF1	LOC100507397	ARHGAP6	F2R	XYLT1	GUCY1B3	MEF2C	TCN2	RPS6KA2	ANPEP	CELF2	MARCH3	KCNJ2	RGL1	TOX	RNASE2	DSC1
68	1.0	GNA12	PRRG3
69	1.0	EWSR1	SMC1A	KHDRBS1	TYMS	CACYBP	G3BP1	RAD21	PHB	SRSF3	FDPS	CDC123	RBBP4	ENOPH1	UBE2V2	NOLC1	TIAL1	ATIC	SRRT	CDK4	POLR2B	TSN	PUF60	ANP32E	RRP1B	SLBP	FUS	HDAC2	NOP56	U2SURP	SSB	H2AFV	UTP18	SRSF1	MYC	TCERG1	PFDN4	CTSF	HNRNPR	USP1	ZNF146	AIMP1	SNRNP200	RSL1D1	PAICS	SNRPA1	SMS	DENR	MCM6	TMX1	SUZ12	KIAA0101	SNRPF	SYNCRIP	UBE2N	RABGGTB	PTTG1	TRIM28	CAPRIN1	DDX47	WBP11	DDB1	AHSA1	SFPQ	XPOT	DDX39A	CCT6A	CKS2	EIF3B	HMGB2	RPL26L1	HNRNPU	SRSF2	GGCT	GLRX3	PRPF40A
70	1.0	PSMD4	GTF2A2	CBX3	U2AF1	CNOT7	C1QBP	PSMD8	RANBP1	UFD1L	ZC3H15	HSPB11	NOL7	TARS	PTDSS1	RPF1	UBA2	CCT2	MTHFD2	NHP2	PRMT1	YTHDF2	DDX1	EIF2S1	NDUFB6	VBP1	SHFM1	NAE1	SNRPB	LSM3	HSPE1	HERC3	PAPOLA	METAP2	TUFM	GPI	HPRT1	TAF1D	PSMD2	MCTS1	BANF1	POLR1D	LSM7	MZT2B	DAP3	HDAC1	DDX21	CCT5	MTDH	CCT7	IARS	EIF4A3	NAP1L1	PABPC4	GARS	KPNA2	IMPDH2	PCNA	MZT2A	COPS5	METTL5	FKBP3	SNRPD1	BUB3	MRPL33	PSMD14	RBMX	NME1	LSM5	THOC7	TFRC	ETFA	NONO	BZW2	ENY2	SRP19	CLNS1A	PSMA5	TARDBP	PSMD11	ILF2
71	1.0	COLQ	HEATR8	HLA-E	LMO4	GUSBP11	YWHAB	SNRNP35	SRF	ARG2	TESK1	MAPRE3	DCUN1D2	HLA-G	SIX1	COQ3	PKI55	SAT1	NOX5	DNAJB5	COQ6	LIN7B	CUL3	PANK4	HIF1AN	DMPK	COPB2	ACTR2	ATG3	ITGB1BP2	VPS35	MAPRE1	CD47	SERP1	ROGDI	OBSL1	SLC25A23	CRY2	FXR2	DNAJA1	SELT	SNED1	CTSH	HSPA1L	PITPNB	SLC20A2	TMLHE	SLC4A1AP	CHRNB1	TMCC1	DYRK1B	NCRNA00185	OPLAH	CEP85	IFITM1	CLTCL1	MGC3771	CAMSAP1	PSME1	CARS	HLA-F	BTG1	SYNGR1	FGGY	METTL22	SIRT4	PPP2R3B	GSTM4	FAM125B	MED9	NT5DC3	ZHX3	PRKAB2	KIF1C	ZNF839	ZNF592	CLCN4	ZFYVE9	C6orf62	PER1	JPH2	DNASE2B	ABTB2	CLASP1	NOL3	TRIM45	MEF2D	ARF4	SPTLC1	ZFP36L1	ALDH4A1	PPFIA4	HSF4	NLRX1	STIM1
72	1.0	PDE6C	LCAT
73	1.0	RPS17	KDSR
74	1.0	HIST1H2BE	HIST1H2BF
75	1.0	CHST11	INSL3	MAP3K14	RGS14	FBXO41	TSPAN3	IL26	RUNX1	CDKN2D	MTMR4	PAK1	MAP4K2	P2RX7	PML	UBE2E3	VAMP1	HSPB1	POU2F2	LIME1	DHX58	C21orf91	PTPRO	ADRBK2	HTRA2	SH2D3C	ST6GALNAC4	GRK6	S1PR5	GGA2	IL12RB1	MICB	NDST2	DOK3	ADRBK1	TSC22D1	GFI1	IL27RA	ITGAV	STAMBPL1	MKL1	ARID3B	CAMK4	SLC2A6	BTN2A2	NGRN	TRAFD1	MAD1L1	SQSTM1	C15orf39	SPN	SKP1	TWF1	TLR6	REXO2	BCAS4	CAMK1D	GIT2	STX11	STK17B	CCDC88C	RBM38	FCHO1	ETS1	NLRP1	IFNAR2	LIMD2	KSR1	CEACAM21	ARHGAP4	ZBP1	HSBP1	ARID3A	SYPL1	RAB2A	TTN	KCNA3	PASK	ZNF318	PDE6G	ITPR2	TLE3	KCNAB2	IPO7	ST8SIA4	SNX11	CD59	C18orf8	OCM2	DCPS	KIF21B	SLC9A7	TRAF3	CAPN3
76	1.0	SLC5A7	PDE4C
77	1.0	ERP29	PDIA6	CDX4	ARL6IP1	PTBP1	BZW1	SSR4	HSP90B1	HNRNPM	POLR2G	ELAVL1	UXT	FBL	ERGIC3	CANX	HLA-DPA1	CSTB	TXN	RPS2	SRP72	ITGB1	DDOST	GSTP1	CLTA	XRCC5	YWHAQ	SUMO2	DAPK2	PPP2CA	CACNG5	AP3S1	TM9SF2	GDI2	CD81	ZNF207	MIF	RPN2	ANP32B	AVIL	CCNC	TUBB	PDCD10	HNRNPC	P4HB	SLC25A6	AP2M1	C6orf48	TMED10	ALDOA	ATP1B3	UBE2I	DHX15	CCNI	FOXO4	TRAM1
78	1.0	CNKSR1	SLC27A2	STYK1	DLG3	CORO2A	TJP3	FA2H	ATP2C2	ANXA9	GLB1L2	FGFR3	SMPDL3B	COBL	EPS8L2	ZNF165	CTAGE9	HOOK1	FOXA1	IL20RA	ANKRD5	PKP2	RIPK4	MST1R	MPZL2	PLLP	CDH1	PRKCZ	TTC39A	CATSPERB	PRSS16	VIM	PRRG2	SH2D3A	AP1M2	MAPK13	BSPRY	RNF43	SPINT1	PKP3	F12	NEBL	OVOL2	EFNA3	RAB17	MAP7	PTPN3	LLGL2	BIK	TNK1	OR7E14P	EXPH5	LAD1	NUP62CL	ARHGEF5	TUBBP5	WWC1	CDH3	HOOK2	ERMP1	ARHGEF16	ELMO3
79	1.0	PCDH1	SCNN1A	C1orf116	CDCP1	EVPL	PPP1R13L	CELSR1	RAPGEFL1	CDS1	TMEM30B	PPAP2C	ST14	ESRP1	ERVMER34-1	CLDN4	EPN3	PAK6	LRRC8E	DEFB1	LRRC1	SULT2B1	OVOL1	ABCA12	EHF	KCNK1	KRT23	PTK6	ALDH3B2	GRHL2	LAMC2	EPHB3	TMPRSS4	FGFR2	MAP3K9	CLDN1	ANO1	CBLC	ITGB4	EPPK1	SLC6A14	PRSS22	TFAP2C	GJB3	KLK10	ELF5	ARHGAP32	ESRP2	GRB7	EPHA1	STAP2	UPK3B	ITGB6	IGSF3	FUT1	PRSS8	EPS8L1
80	1.0	PSG11	OR7E19P	PSG1
81	1.0	GABARAP	LAPTM4A
82	1.0	POLR1B	LINC00230A
83	1.0	LMNB2	CDC7	POLD1	PXMP2	KNTC1	WDR62	XRCC3	DNA2	PSMC3IP	C19orf40	ATAD5	FANCA	ZWILCH	CDCA4	C16orf59	PAXIP1	HIST1H3C	E2F2	TUBA1C	CCNE1	NUDT1	HMGB3P1	CENPO	BARD1	WDR76	GPSM2	HIST1H3B	RFWD3	MIS18A	CCDC15	SUV39H1	POLE	DSN1	TACC3	HIST1H3F	CHAF1A	HELLS	KIF22	POLA1	BORA	DMC1	CHAF1B	CKAP5	LIG1	LOC81691	WDHD1	MXD3	C1orf135	PSRC1	DTYMK	PAQR4	CENPJ	BLM	GINS3	DDX11	E2F8	BRCA2	MNS1
84	1.0	RMI1	LEPROT	TAF5	SHMT1	TTF2	ZNF695	APITD1	TUBA1B	NUP155	RAD51D	PRIM2	KIF24	CEP72	REEP5	POLD3	CEP192	PMCH	HAUS5	C9orf40	TMEM48	VANGL1	C7orf68	CEP152	DENND1A	CEP97	DLEU2	TOP3A	DBF4B	RAD54B	NCAPH2	CCP110	MPHOSPH9	WDR67	HAUS7	INCENP	NUP160	GPR19	RRAGA	TDP1	GAPDH	HIST1H2AM	ELOVL6	RBL1	MRE11A	ERI2	PDSS1	ARHGAP19	CCHCR1
85	1.0	FGF6	RBM17	FNDC8	HOXA3	ARMC4	LY6G6E	PCDHA10	CHRNE	ABCG4	IQCC	LOC100130741	CELA2B	TNP1	GNL1	RGP1	HOXA6	IKZF4	GP1BB	FGF17	C19orf26	NGB	IL13	SLC6A11	NKX2-8	SLC16A8	ATP8B3	HIST1H2AB	AIRE	DUX1	GALR2	KCNC2	MAFK	KIAA1614	DKFZP434A062	GRIN2C	BAI1	APCS	PRKCG	NEUROG3	IGF2-AS	CHRNG	KIF25	KCNF1	PRDM12	PCDHB17	BIRC7	NYX	CPLX2	RSG1	BCL2L10	LMAN1L	GPR144	TONSL	CNTFR	CYP2W1	SIX5	PKD2L1	NR2E3	ANKRD53	ADRA2B	METTL10	NTN3	REM1	GJC2	LOC220077	CCT8L2	TUT1	EPO	MATN4	DUX2	DSPP	IGHA1	KCNA10	SPAG11A	NR5A1	LY6G6D	HAB1	CCDC85C	GGTLC2	PRM1	TERT	TMSB4Y	HCN2	PDX1	BAAT	TLX1
86	1.0	TBC1D29	ESRRB	NPBWR2	IAPP	ZNF205	GTPBP1	PSPN	FAM182A	KCNA2	GDF2	C9orf53	MORN1	APOBEC3F	CHRNB2	GPR25	CELA2A	RAI1	SHH	LRRC3	POMT2	GJA3	GPT	SAA3P	MTHFR	CYP2D6	APOA4	TSPY1	HTR1A	PTGER1	PRAMEF10	CRYGC	CES1P1
87	1.0	RABEP1	ZNF81
88	1.0	COL4A3	LOC100287483
89	1.0	GPR45	HCRT	KRT3
90	1.0	CPSF3L	SARS2	MIIP	DDX51	THAP4	RRP12	BOP1	PPP5C	NPRL3	DHX16	HDAC3	WRAP53	RTEL1	TELO2	DRG2	RNF126	PTGES2	PELP1	TAF6L	ECSIT	MUS81	RRP1	TBL3	EDC4	TARBP2	SENP3	UBL4A	SART1	CCDC94	THOP1	POLRMT	SMYD5	ATAD3A	OBFC2B	C1orf35	RNF220	MRPL28	TRMT2A	MRPL2	MLST8	PEX10	E4F1	PMF1	USP19	ZNF574	IPO4	DHX30	ISOC2	NUBP2	COBRA1	SGTA	RPAP1	GPS1	TIMM17B	THAP7	NOL6	TRMT61A	GTF2H4	NOC4L	HSPBP1	PAM16	CLN6	RNF126P1	WBSCR16	DNAJC11	ERI3	POLG	ARMC6	ALKBH4	C16orf42	NOC2L	MMS19	ATP5SL	WDR18	PEMT	SMG5	TMEM161A	DDX54	VARS	LETM1	DDX49	RBM14	ASPSCR1	TSR2	C20orf4	MED24	MCRS1	MYBBP1A
91	1.0	GIPC2	BCL2L14	GJB1	FGFBP1	C3orf32	CELP	HKDC1	CDX2	CHP2	HGD	DNAJC22	PTPRH	CCDC68	STXBP6	HMGCS2	CRYM	DDC	TRIM15	C6orf123	HNF4G	SLC6A20	USH1C	CYP2B6	ACE2	C4BPB	CCL24	C11orf9	CLCN2	UGT2B15	LRRC31	SFTPA2	HHLA2	MUC5AC	LINC00483	CLCA1	CDHR5	BAIAP2L2	BCMO1	ARL14	CFTR	NR1I2	ABCC6	HNF1B	SGK2	GPR35	ASCL2	SCIN	TRIM31	KLK1	HOXB13	IHH	SULT1C2	PCK1	AZGP1	NR5A2	UGT2B28	CAPN5	FOXA2	ENTPD5	ODAM	MUC3B	CYP3A7	SEMA4G	FGFR4	SLC22A18AS
92	1.0	FUT3	MUC5B	LAMA3	DOK4	CAPN9	C4orf19	TMC5	MYH14	CYP3A5	C10orf81	PLEKHG6	PON3	HSD11B2	LIPG	CDHR1	KCTD14	CYP2J2	CYP4F12	SLC9A2	UGT8	TRIM29	SLCO1B3	SPINK4	PRSS2	CYP4F3	IRF6	PLEKHA6	BCAS1	FUT6	MUC2	CYP4F11	FABP6	SLC5A1	MNX1	FUT2	TFCP2L1	HDHD3	MUC4	MMP15	PLA2G10	CLIC5	MSLN	SOSTDC1	MIR622	SPDEF	B3GNT3	HSD17B2	RPH3AL	RBP4	IL22RA1	IL17RB	SCGB2A1	POF1B	GCNT3	TMPRSS2	MIA	FAM83E	TNFRSF11A	FRK	AADAC	SMPD3	BTC	VSNL1	SERPINB5
93	1.0	TGFB1I1	FBLN1	PLAT	PRKCDBP	AQP1	CRISPLD2	AXL	EFEMP2	COL5A1	PARVA	CPE	SERPINE1	BGN	TIMP3	WNT5A	FBN1	MXRA8	RRAS	EMP1	SPOCK1	SULF1	LOXL2	NBL1	GEM	OLFML3	FMOD	FAP	PCOLCE	SDC2	PGRMC2	ASPN	PAPSS2	MFGE8	NUPR1	PKD2	CD248	GNG11	KIAA1199	GREM1	LTBP2	MFAP2	SPON2	TNC	MFAP5	PXDN	CALD1	TMEM47	LOXL1	MRC2	MCAM	RARRES2	FBLN5	MYO1B	LHFP	DAB2	NID2	PLSCR4	AMOTL2	SERPING1	LOX	C6orf145	GAS6	SNAI2	LAMB1	IGFBP6	ACTG2	TSPAN4	AEBP1	EFEMP1	DKK3	HSPG2	ADAMTS1	PTRF	FERMT2	AKAP12	CDH11	MYLK	SRPX	THY1	MATN2	PDGFRA	DLC1
94	1.0	MXRA5	C1R	PLOD2	VCAN	COL4A1	C3	FAM114A1	HTRA1	FKBP9	THBS2	PDGFC	CTGF	COL4A2	CD151	IGFBP4	KANK2	SH3BP4	PRSS23	PPAP2B	MYL9	MMP2	COL6A2	RAI14	CRIM1	MGP	CYR61	IGFBP3	ARHGAP29	COL15A1	COL1A1	NNMT	COL5A2
95	1.0	USP25	R3HDM2	UBAC1	ZFP106	CFL1	ACYP2	KPNA3	RHOA	TMEM38B	KLHDC3	KIAA0368	PDHX	PHKB	FBXO3	EEF1A1	DCAF6	SLC25A11	OGDH	ANKRD46	VPS4A	SESN1	OSBPL11	GPD1L	GSTM2	FOXJ3	MFN2	NNT	SETD3	POLB	SLC19A2	EIF2B3	KEAP1	PRKAR2A	AKTIP	PINK1	UFSP2	TBC1D4	KAT2B	BIN1	CLIP1	ADCK3	ACTC1	ANKRD10	PRKRA	SIRT2	ARPP19	USP47	POLDIP2	GMPR	TNKS2	PSME4	C11orf67	GYS1	UBE3A	ACTB	OPTN	HERC1	SPAG7	KPNA4	LPIN1	INPP5A	FLII	FYCO1	RNF115	DNASE1L1	USP13	RAB21	CUTC	UBE2D1	SMYD2	FOXN3	GPS2	PPM1B	PAIP1	SLC25A12	IBTK	ISCA1	GTPBP8	AKAP1	DNAJB6	SYNC	USP6	KIAA0232	CTDNEP1	RNF123	UQCC	PCNT	SH3GL1	CUL4A	DVL1	PPP1R2	SDR39U1
96	1.0	DNAJA3	ZNF330	GOT1	NDUFS7	NDUFA7	LTN1	ECI1	SAMM50	MRPS18B	ACTG1	ASNSD1	ATP5L	UBAP2	TXN2	RAD23A	PRKAG1	NPEPPS	TTC37	MRPS10	TSNAX	PTCD3	ZBED1	SNAPC5	NDUFB7	UTP11L	SNRNP27	AGL	COQ9	APIP	NFU1	DLAT	ATF1	TMEM93	ARL2	HADH
97	1.0	CES3	TUBA1A	RNASE1	GPNMB	SPARCL1	MSN	FSTL1	PFKFB2	TGFBI	TAGLN	A2M	CEBPD	FN1	CTSK	COL1A2	GJA1	TEX11	GRM8	AMACR	NOTCH2	MAFB	PALLD	PMP22	COL6A3	XK	OR7E47P	DCN	ROCK1
98	1.0	OS9	SETD6	LAMP1	MRS2	LAMP2	YWHAH	STAU2	RAB7A	ABCB7	ZFAND5	CST3	HEXA	ALDH6A1	TMEM111	CYB5R3	AGTPBP1	TASP1	RNF13	MAP2K1	DLEU1	GNS	C20orf3	RABAC1	MFSD1	TFDP2	RNH1	QRSL1	FTH1	NAGK	DLG1	HIPK1	CTSA	C19orf2	ARHGAP12	CERS2	MYH9	ARF3	MAP3K4	NBPF10	SRPR	PRCP	CHCHD7	MCCC1	FBXO7	PTER	FGFR1OP	APLP2	RPL23AP32	SPG21	ATP6V0C	GDI1	FKBP1A	COMT	LRP10	EIF4A1	IER3	SNX17	ATP6V0B	ZNF195	PHC2	CASD1	GPHN	BAG2	ARHGAP1	M6PR	PLEKHB2	CTSB	RSBN1	MIOS	METTL8	SOX30	BCKDHB	ACADSB	ATP6V0D1	FXYD5	RCL1	GUK1	PKN2	ATP6AP1	ZMIZ1	EIF4A2	ATP6V1B2	ATP6AP2	TPP1	L2HGDH	CSRP1	PLXNB2	KLHL23	RHOBTB3	GCNT2	CHRNA5	MTF2	HIVEP1	C9orf46	GRN	RAP2B	PGAP1	SERINC3	GNB2
99	1.0	ATF5	GTF2F1	CHPF2	TRIM27	RABIF	SMG9	CDK5	DEXI	CAPZA2	PYGB	MARK2	APEX2	TRIM62	PPP1CB	CDS2	ZMIZ2	STYXL1	LFNG	TATDN2	PTPN9	UNC119	ARSA	EDEM2	PHF1	CHD3	BAX	DGCR2	CHMP1A	RAB4B	SIRT7	C19orf28	G6PC3	PFKL	CARM1	ZFAND3	TINF2	NUDT18	SPATA2L	USO1	MON1B	ABCA7	ABCC10	PNPLA2	QKI	SLC10A3	UNC45A	DPP3	VRK3	PCYOX1L	KCTD5	ACOX3	DDRGK1	STK16	CYB561D2	LDB1	NADSYN1	KIF3B	BCR	GBAP1	CTC1	CLPTM1	HPS1	DPM2	SLC35C2	UBE2B	HMG20B	SH3BP1	HMOX2	RASSF1	SLC12A9	DPAGT1	CLSTN3	TMEM8A	BIN3	GPR172A	ORAI2	ASB8	NUDT3	TOR1A	REEP4	KLHL36	ASB6	ENO3	TMEM180	FHOD1	MPV17	SAP30L	PIGV	MFSD10
100	1.0	ATHL1	RPS6KA1	WIPF2	LPIN2	ZNF467	UBN1	RXRA	BANP	NBEAL2	C10orf26	AMPD2	ITPK1	CERK	BAZ2B	IQSEC1	KDM4B	PRR14	LRCH4	PITPNA	EGLN2	GATAD2A	SRPK2	MID1IP1	RNF19B	ATG2A	RAB5B	NOTCH1	MAP7D1	MAML1	ASAP1	MICAL1	PAK2	NECAP2	CSNK1D	CARS2	TYK2	TMEM164	MBOAT7	KBTBD2	TFE3	HAGH	CNPY3	NUMB	WDR45	PGS1	GRINA	IMPDH1	SLC25A37	CSNK1G2	MAP3K3	SPOP	CPD	ARAP1	PPM1F	GMIP	NAPA	MAN2A2	KDM3B	WBP2	RGL2	NSFL1C	FAM89B	XKR8	PISD	LPCAT1	MLX	S1PR4	CXXC1	KDM6B	MAST3	BID	STAT5B	TNFRSF10C	TMEM127	STX10	PSTPIP1	PHF21A	SIPA1	C14orf159	DENND3	MTMR14	CPPED1	NDE1	MPPE1	IMPA2	MMP25
101	1.0	RPLP1	RPL7A	NBN	TBK1	TOR1B	EGLN1	RNF111	RPS27	LYRM1	RPL27	RPS23	RPS10	UIMC1	RPS16	RPL6	RPL32	RPL23A	PICALM	COQ10B	TAB2	RPS13	RPS29	RPL21	RPL19	RCOR1
102	1.0	MED25	RFX1	BAZ2A	SYMPK	DGKQ	HDAC6	RXRB	SDAD1	LRRC68	MAP2K7	TOP3B	DCAF15	COPS7B	RAPGEF1	VAC14	SAFB2	SEPT9	ATXN2L	OSBPL7	JUND	UBTF	PPP6R1	ACIN1	MAU2	USP5	SBF1	SMG7	PACS1	ARHGAP35	MLL4	ELK1	CPSF1	AKT2	SAMD4B	RANBP3	MLL2	GGA3	ZBTB7B	RERE	PRCC	SOCS7	DHX38	INTS1	PRICKLE3	PLEKHH3
103	1.0	SEMA5A	ESM1	TWIST1	COL5A3	HSPB2	LRRC17	KCNE4	STMN2	KCNJ8	ANK2	PDZRN3	HAPLN1	ID4	ADAM12	SVEP1	NOX4	PDGFRL	SOX11	LAMA4	ITGA8	HAS2	MMP19	GFPT2	MOXD1	TBX3	HEPH	RUNX1T1	EPHA3	ELN	POM121L9P	DAAM2	DCLK1	COL8A2	ITGA7	ZNF423	KIAA1462	IGFBP5	KERA	TRPC6	GPR124	GAL3ST4	GREM2	RGS4	EMILIN1	LPPR4	DACT1	PRRX2	ROR2	EFS	CREB3L1	C14orf132	FLRT2	WISP1	CDO1	PAMR1	PTGIS	RCN3	LAMA2	RCAN2	FOXF2	VSTM4	PTN	HS3ST3A1	STON1	FGF7	MT1M	ADAMTS2	LMOD1	SLIT3	HTR2B
104	1.0	PRELP	CXCL12	SLC1A3	KIT	ELTD1	WFDC1	GAS1	CNN1	MFAP4	PDGFRB	NTRK2	TGFB3	COL16A1	SPON1	ABCA8	ITGBL1	COX7A1	OGN	DKK2	DIO2	SLIT2	WNT2	LDB2	CORIN	ITIH5	COLEC12	DPT	CFH	ALDH1A3	OLFML1	COL11A1	CHRDL1	JAM2	COL14A1	ECM2	ADAMTS5	PRRX1	EPYC	SOD3	TMEM204	NDUFA4L2	HSD11B1	MMP3	PDGFD	OLFML2B	EDNRA	DDR2	LRRC15	COMP	ADRA2A	OLFML2A	PLN	ANGPTL2	ISLR	KAL1	NES	NDN	OMD	FBLN2	FRZB	DPYSL3	CCDC102B	GLT8D2	PDPN	JAM3	C1QTNF1	C1orf54
105	1.0	IL18R1	IKBKE	SP100	ACSL5	RIN3	ETV6	BTN3A1	IFIT5	TAPBPL	ICOSLG	COPS6	IFIH1	CIITA	TNIP3	ADAM8	LRRK1	LYL1	TRAF1	RELB	DOCK10	HIVEP3	C19orf66	TRPV2	IL15RA	HCP5	SAMD9	TNFRSF14	LGALS9	ERAP1	STAT5A	ARID5A	RHBDF2	LAPTM4B	BIRC3	NFKB2	CTSZ	ADPRH	TMEM140	AMPD3	MR1	APOL3	EHD1	RTP4	TRIM38	TRIM21	TMEM156	GSDMD	CYLD	NFKBIE	APOL6	TREX1	SLC43A3	FGD2	CD40	TRANK1	BTN3A2	HERC6	OAS2	CCDC69	RCN2	PTK2B	TAP2	XAF1	TDRD7	APOL1	MAP3K8	PARP3	BTN3A3	SP140L	TNFRSF9	CD82	DDX58	TRADD	RSAD2	IL7	EHBP1L1	ICAM1	SH3TC1	IL15	CASP4	ERAP2	PIK3CG	APBB1IP	CMAHP	SLC17A9	IFIT2	IRF5	UBA7
106	1.0	IFIT1	IFI44L	GBP1	IL1B	IFI44	OASL	IFI35	OAS1	OAS3	PARP12	HERC5	IFI6	IRF7	IFIT3	DDX60
107	1.0	FBP1	KCNJ15	ANXA6	ISG20	SECTM1	HLA-DQB2	CLIC3	PKIG	HBB	RAB32	AMIGO2	TNFSF13	CCL20	NT5E	IL18	CD1E	PITPNC1	CCRL2	IL4R	POU2AF1	TNFRSF25	LAMP3	ADAM28	MAP3K5	MMP7	MS4A1	LY75	SLC18A2	PRR5L	CDA	GSTM3	ITGA5	KCNMB1	TLR5	PDLIM2	IL1R2	HOPX	HPSE	ABCG1	FLVCR2	FAR2	MICAL2	RASA1	QSOX1	DUSP2	ABCB1	EGFL6	CFD	FCGBP	FRMD4B	UCHL1	IL1R1	CPM	IL6R	CEBPA	CCL11	VAV3	IL1RN	CISH	RAB20	THBS1	VWA5A	DTX4	S100P	MGAT4A	HPGD	PTGS2	FAM105A	RABGAP1L	EAF2	BCL11B	ACPP	CLC	PRSS21	SELP	BLNK	MYOF	ID3	PRKCQ	SERPINB9	FOSB	PRKCH	PADI2
108	1.0	CLEC5A	SIGLEC7	LTF	MARCO	VNN1	EMILIN2	CD68	FOLR3	BST1	ANKRD55	ICAM4	CD177	CARD9	SERPINB2	CACNA2D3	SLC11A1	CRLF2	CCR3	VENTX	F5	TSPAN32	HP	UTS2	CAMP	DHRS9	CD300C	CLEC4E	TRIM58	FUT7	IGFBP7	MILR1	EMR3	P2RX1	ASGR2	HHEX	PSTPIP2	OSM	PLCB2	LILRA3	CR1	ATP8B4	FCAR	FES	CES1	PTGER2	NXF3	CXCL5	APOBR	TNNI2	HDC	HAL	CCL23	CSF2RA	MGAM	CD101	TXNDC3	ASGR1	SIGLEC5	FLT3	EMR1	TLR8	NFE2	SIGLEC9	OPRL1	GLO1	TLR4	PTGDS	FCGR1A	RTN1	CD33	RETN	CYSLTR2	STAU1	TRPC2	MATK	PIK3R5	IRAK3	LILRA5	SIRPB1	ARRB1	CD244	PTGS1	ALPL	NLRP3	CREB5	GPR97	HLX	LILRA1	PADI4	CD1D
109	1.0	ORM1	PRG3	CRISP3	GYPA	OLFM4	SLC4A1	ALAS2	PTCRA	GYPE	KLF1	ACSL6	BPI	RPGRIP1	HBZ	DUSP21	BMX	GFI1B	RPH3A	PDE6H	GPR44	ANGPT4	HBQ1	PRTN3	GATA1	MPL	MLC1	PVALB	NAT8B	GYPB	CLEC1B	PDLIM1	C6orf25	VPREB1	CEACAM4	OSBP2	VNN3	RHD	TSPAN2	MMP8	DPPA4	RHAG	EPB42	SLCO4C1	SPTA1	GP1BA	ELANE	TRIM10	ALOX12	CRISP2	MEFV	HBE1	GP5	AATK	ARG1	GP9	ACTL8	DEFA4	PGLYRP1	TAL1	PF4V1	CEACAM8	KEL	MS4A3	EFHC2	GP6	IGLL1	RNASE3	MPO	TSPO2	AHSP	HBBP1	CD5L	ITGA2B	TCN1	CEBPE	TUBB1	LCN2	ABHD5	SLC14A1	CEACAM3	RHCE	DNTT	CABP5	STAR	AZU1	LIN7A	ANK1	KRT1
110	1.0	LLPH	DHX29
111	1.0	FLJ11292	MTMR7
112	1.0	PRO1768	EDDM3A
113	1.0	JUN	BCLAF1	CLCC1	PEX12	DDIT3	DCUN1D4	GTF2B	LACTB2	CHMP1B	TMEM39A	MKKS	NXF1	HIBCH	RNF139	CCNL1	TFB1M	RNF170	BBS10	BRD2	KDM3A	YIPF6	SEC22A	RAP2C	ZNF189	MFAP3	EGR1	JUNB	ARFIP1	DNAJC13	GTF2H1	TMEM184C	SEC23IP	ZBTB1	ZNF394	SLC35A5	C6orf120	EAPP	DUSP1	CRNKL1	JOSD1	C15orf29	IPP	H3F3B	TNFAIP3	NIT1	PIGF	C20orf111	MORC2	TMEM168	MINA	NIF3L1	FAM63B	GGPS1	ARF6	SNAPC3	MINPP1	KLF6	DNAJC24	FPGT	RNF14	PPP1R15A	TBCC	PLA2G12A	SCRN3	FAM114A2	CBR4	C12orf41	ORC4	BNIP2	DHRS7B	CNOT8	ZNF175	JRKL	INSIG2	PIGN	UTP14C	FOS	SERTAD2
114	1.0	IFNA10	ZPBP	NMBR	CHRNB3	IFNA16	PRO2012	OR7E24
115	1.0	DUSP11	STAMBP
116	1.0	GNPDA1	SCNM1	TRAPPC2L	LAMTOR2	BABAM1	POLR2J2	DCTD	GPAA1	DLST	ASNA1	COASY	RNF187	ARF5	SF3B4	FKBP4	FAM32A	SCAMP3	ZNHIT1	MEPCE	CPSF7	PIGT	FAM50A	ADRM1	PSMD9	AGPAT1	BRD7	PDAP1	DDA1	C9orf16	PPP2R1A	FASN	APRT	PEF1	AKR7A2	HEATR2	POGK	PTOV1	SLC25A1	ARFIP2	RALY	GMPR2	VPS52	CPNE1	LCMT1	MRPL24	HGS	NDRG3	DDX41	YTHDF1	PCCB	MAZ	GSS	EIF2B2	RAE1	OTUB1	C12orf44	SLC2A4RG	ARFGAP2	AP2B1	SCAND1
117	1.0	DDX42	RAB1B	USP8	RPS6KB1	DCXR	PRPSAP1	CCDC47	RAD51C	CXorf40B	SUPT4H1	AGPS	LAGE3	RAB22A	OSBPL3	RANGRF	PPM1D	RNF7	STUB1	C20orf11	AKT1	RUSC1	FAM82B	FTSJ3	NCOA3	TMED3	NRAS	MCCC2	DHX40	TRIM37	NCOA6	BCAS3	PI4KB	PPDPF	VPS72	TAF11	PPP4C	PTRH2	RNF114	SLC35B1	SMG8	CXorf40A	AP1G1	SEC16A	APH1A	APPBP2	NMD3	SNUPN	DNPEP	PIEZO1	NAA60	SMARCD2	PEX11B	ACSL4	KIAA0182	RBM8A	TRIM33	TFCP2	VAPB	ECHDC1	C6orf211	C14orf109	HIST1H2BD
118	1.0	IPO5	NDUFA8	MARS	NDUFS8	MLH1	SDHB	WBSCR22	MRPS7	PIGP	TRAPPC4	DDT	MRPL34	AIMP2	GLRX5	POLR2I	TRIAP1	GOT2	SAR1B	MRPS22	MRPS14	PFKM	PEX2	ACAT2	AUP1	TRAP1	NIT2	BCAS2	PSMC3	CHCHD3	NDUFAF3	COPS3	NDUFS1	ATP5G1	PSMA7	DCTPP1	ETFB	PFDN2	EIF4E2	MRPL40	MRPL42	PHYH	MRPS28	SNRNP25	GALC	MRPL16	CISD1	HSPA4	POP5	GNPAT	IDH3B	MRPL23	QDPR	C16orf61	STOML2
119	1.0	ATP5D	FAM96B	GRSF1	WDR61	SDHAP1	COMMD3	PSMD1	IARS2	APPL2	PPIF	NDUFB3	NDUFA3	UQCRC1	PSMD12	FAM190B	MRPS33	HAX1	AURKAIP1	OXA1L	AHCY	AK2	ADSL	BRP44L	TMX2	LOC100129361	NDUFS2	POP4	HDDC2	NDUFA10	ATPIF1	PDHA1	SDHA	VDAC3	POLR2K	NDUFS4	LSM1	DGUOK	MRPL15	C14orf2	TAF9	SERPINB6	BRP44	PPP1R7	MRPL9	NDUFV2	DRG1	PRMT2	NDUFB2	SLC25A46	DARS	UBE2K	LRPPRC	YARS	COPS4	GSPT1	SDHC	SURF1	GRHPR	NDUFA9	FAM162A	HSD17B10	DECR1	CCDC56	ACAT1	ECHS1	PSMD7	TOMM70A	HSPA9	NDUFS3	TIMM17A	ECH1	NDUFV1	IMMT	PPA2	IDI1	ACP1	COX17	FH	MTCH2	IDH3G	C21orf33	PDHB	CYC1	UCHL3	CUEDC2	HADHA	EPRS	EIF3J	TMEM70	SUCLG1	MRPS35	ACO2	NMT1	C22orf28	GNL3	TMEM126B	PSMB6	VDAC1	MRPL18	EIF5
120	1.0	ZNF701	ZNF136	PDS5B	ZNF117	WDR48	ZNF493	ZNF140	ZNF675	DEM1	ZNF227	ZNF208	ZNF268	ZNF44	ZNF10	ZNF430	ZNF253	ARID4A	ZNF107	ELF2	ZNF83	ZNF814	BRWD1	ZNF813	ZNF586	ZNF154	ZNF184	ZNF549	ZNF442	ZNF75D	ZNF141	ZNF254	ZNF155	ZNF273	ZNF345	SENP7	ZNF749	ZNF302	KIAA1009	SCAI	ZNF235	ZNF443	ZNF234	ZNF673	ZNF271	ZNF134	ZNF510	ZNF14	ZNF225	ZNF551	ZNF45	ZNF211	ZNF350	ZNF221	TRAPPC2	ZNF550	ZNF354A	NAG18	ZNF613	ZSCAN12	ZNF257	KDM6A	ALS2CR8	ZNF222	ZNF571	ZNF84	ZNF137P	ZNF614	ZNF643
121	1.0	ZNF529	PAR5	ZFP2	POLI	EIF6	SNRPN	BEND5	ZNF492	ZNF135	ZNF287	ZNF667	ZNF528	ZNF32	ZNF419	ZNF304	ZNF665	ZNF702P	ZNF606	ZNF471	ZNF167	VN1R1	ZNF329	ZNF331	ZNF426	ZNF187	ZNF573	ZFP30	ZNF671	ZNF711	ZNF506	ZNF415	ZNF177	ZNF43	ZNF432	ZNF223	PDE6B	ZBTB10	ZNF85	ZNF93	ZNF544	ZNF682	ZFP37	ZSCAN18	YPEL1	ZNF334
122	1.0	LDHA	GFAP
123	1.0	B3GALT2	KCNA4
124	1.0	ACADL	PRKAA2	MID2	ZNF556	LYZ	ABCC9	PRPH2	LUM	LMO7	PSME2	NEUROG1	PFN1	BMP5	DDO	TBX1	ESRRG	SLC6A1	COL3A1	ZIC1	KALRN	ATP2B2	FRMPD1	THRB	NIPSNAP3B	CCKAR	SRSF9	WSCD1	HOXA4	CACNA2D1	PARK2	RAMP1	KIAA0408	PIGZ	SIX2	RDH5	IER2	DLK1	TYRP1	PITX2	PPP1CA	RYR3	KCNN2	ARHGDIB	DPF3	SEC14L5	ALDH1L1	FZD9	TLN2	TNNT2	SLC47A1	PRKG1	AKAP6	EYA4	MUSK	C1orf21	SCTR	EGF	MGC2889	SCN3B	NPY6R	HOXC8	USP2	ACOT11	MYL10	HLA-DPB1	TNNI3K	SRGN	PPARGC1A	PKNOX2	MOCS1	AMOT	DTNA	PGM5	C1S	LGI1
125	1.0	ASPA	ACSM5	MAB21L1	HLF	CILP	ADH1B	LGR5	SELENBP1	WISP2	FMO3	ANGPT1	FMO2	BHMT2	C7orf58	HYAL1	F8	LARGE	SLC22A3	PLIN1	AGT	PLCL1	TIMP4	LINC00312	HEY2	AGTR1	EN1	CXCL14	ADH1C	SGCD	ADIPOQ	HIGD1B	EBF2	FIGF
126	1.0	CYP2F1	AMHR2
127	1.0	PLCB4	SLC25A21	TJP1	NMI	LRP4	STC1	FBXL2	CDON	HOXC6	AIM1	MID1	LRP6	PTPRF	CAP2	MOK	KAZALD1	GNA11	KAZN	TUBA4A	LOC100507284	DOCK1	NMB	CDR2L	TBX2	GPRC5A	YAP1	UNC5B	PACSIN3	IER5	VLDLR	FARP1	DUSP14	HOXA1	KHDRBS3	H2AFY2	WASF1	ASAP3	PTPN13	GAL	PCGF2	B3GALNT1	TNFRSF21	NR2F1	ABCG2	TRIM2	CAB39	CTTN	DNAJC6	MOB1A	FOXD1	GRB14	PTK7	NPDC1	CD74	SGCG	MLF1	SATB2	PTPLA	RANBP17	NYNRIN	TSPAN9	TEAD3	MATN3	DLG5	HLA-DRB1	SMAD6	TMEM132A	GNAI1	WFS1	TYRO3	SDC1	CCDC165	TBC1D16	MORC4	FST	EGFL7	IGFBP2	CDC42BPA	LEPREL4	CDC14B	NUAK1	SOBP	STC2	PNPLA3	DIP2C	TMSB15A	IFI30
128	1.0	LAMB2	NRP1	MMP14	TSPAN6	PPFIBP1	SLC16A4	PPP2R3A	FLNC	DIXDC1	ACVR2A	MET	EMP2	CRIP2	SDC3	CRABP2	AHNAK2	KANK1	MEIS3P1	GATA6	EPHX1	GULP1	HBEGF	PSD3	UBE2D2	NPAS2	SPRY4	PHLDA1	FJX1	TEAD1	PLXNA1	ZNF532	GSTA4	PROCR	RHBDF1	TENC1	ITGA1	TGM2	SMTN	SLC2A10	FKBP14	PTK2	ACOX2	STXBP1	PDGFA	FAM171A1	MYO10	PHLDA3	ALDH7A1	STARD13	SRPX2	RGS10	SSPN	HRH1	PTPRM	BCAR3	RASAL2	ANGPTL4	S100A2	TNFAIP1	PLA2R1	PRRG1	ME3
129	1.0	CSRP2	PTPN6	KDELR3	RBPMS	RBP1	NEO1	C10orf116	MCOLN3	FZD6	HES1	PLK2	MALL	SLC7A8	CCND1	WWTR1	STEAP1	TLR3	RNF130	PDZD2	EDN1	HCLS1	SGCB	LAMA5	LCP1	RBFOX2	SORL1	FZD7	EXT1	SPRY1	TSPAN12	SPRY2	CORO1A	CSTA	TUSC3	ACO1	TMEM45A	SPP1	GNAL	MOSC2	RAC2	EFNA1	IFI16	GPR64	GPC4	CYP39A1	MMP1	EHD2	CCRL1	LYN	CHN1	EFNB2	BMP2	PPIC	HYAL2	P2RY6	EXT2	LAPTM5	PTPRD	SOX9	RETSAT	MSX1	NR2F2	MEIS2	ROBO1	ANK3	FAM59A	MAST4	PLAC8	SORBS2	SOCS5	DNMBP	KRT7	FLJ11235	FZD4	SORBS1	ENAH	MAP1B	NFIB	CD53	PODXL	NR1H3	SYBU	RHOD	NAV2	CADPS2	GALNT12	MTUS1	VEGFC	OSR2	ST5	PBX1	C1orf115	LPHN2	SERPINA3
130	1.0	IL13RA2	AKR1C2	DNAJB4	SYNPO	TPM2	INHBA	TSPAN7	LPAR1	AVPI1	SCG5	TFPI2	MDK	ECM1	LEPREL1	PPP1R3C	ABL1	HSPB8	IL6	SYNM	FILIP1L	SNCAIP	CH25H	IRS1	CYB5R2	BAMBI	CYB561	HSD17B6	NXN	GHR	MMP11	FXYD1	C2CD2	GDF15	LMCD1	ST6GALNAC5	TPD52L1	FLNB	HSPA2	F3	TRIM16	CFB	MYO1C	RARRES1	PALMD	PDLIM3	PRKAR2B	RGS5	PRUNE2	LIMCH1
131	1.0	PKP4	KITLG	HSPA4L	PHF16	PARD3	BCL2L2	SEPT8	SLC25A4	PDE8A	CHAC1	DOCK9	ZNF323	SPAG4	MYO6	KCTD3	LRRC42	SNX24	PPP3CB	SPATS2	ALDH1B1	TBC1D12	CCND3	TBC1D8B	CARKD	SEPT10	KIAA1609	FAM57A	PHKA1	CD320	BMPR1A	RAB23	ZFYVE21	SPTBN1	RHOG	THAP10	UGGT2	BTBD3	KDELC1	CAMSAP2	MYO1D	SLC12A8	HOMER1	TTC23	PAWR	AACS	ARHGAP5	SPRED2	TRIP10	NMU	HRAS	MKL2	GPR125	MYO1E	PGM3	CASK	TEAD4	DST
132	1.0	SOX13	TUFT1	SHB	C9orf3	STK17A	C3orf52	ETV4	TACC2	PDZD8	VSIG10	PLCB3	NEDD4L	LGR4	EPB41L1	B4GALT4	LRP5	MEX3D	KIF1B	GLRX	CDC42EP4	TSKU	TOM1L1	SPR	FZD5	DOCK6	FGD6	MPST	CHPF	UNC13B	SH3BGRL	CDK18	NR3C1	KIAA0895	CTSL2	OCRL	PROSAPIP1	GLCE	STEAP3	EPHB4	TMEM51	GTF2IRD1	ANG	ADCY6	RAB15	TRPM4	PPAP2A	LRRC16A	KIAA0649	ANKRD57	GIPC1	MYCBP2	ABHD11	PAK4	EHHADH	PBLD	TNFAIP8	AGAP1	ERBB2IP	ICAM3
133	1.0	C11orf57	C1orf109	WAPAL	PAK1IP1	RPL38	RNMT	BRIX1	C7orf64	SMEK2	KCTD9	FBXL4	TBCCD1	SLC35F5	HAUS6	TAF1B	MTERF	POLR3F	KIN	RINT1	ZNF639	TIMM8A	FIP1L1	PLAA	AP1AR	CLPX	WRN	DBR1	CHUK	DDX52	MED4	RPL23AP7	HMGXB4	KATNA1	CDKAL1	SNX16	C11orf30	MAGOHB	C12orf47	RSF1	AZI2	TUBGCP3	COPA	FBXO4	RAB28	SMAD4	STAG3L4	CUL2	TAAR3	IREB2	FLOT1	DDI2	NACA2	TGS1	PDE12	PRMT3	TOPORS	TRDMT1	PIGA	DNAAF2	CDKN2AIP	CBLL1	GTF2F2	PRPF18	HNRNPA3P1	DCAF17	AHCTF1	FAM204A	BRCC3	MRPS18C	SPAST	MAP4K5	CENPQ	KIAA1704	MANEA	BLZF1	ZCCHC10	Morf4L1	YEATS4	C4orf43	CDC73	NOL10	THAP1	KLHL20	INTS6	FAM175B
134	1.0	C17orf75	DPH5	GLMN	FAM188A	CCDC91	EIF4G3	HSF2	CRYZL1	DTWD1	KRIT1	MSH3	PYROXD1	RMND1	RCBTB1	C2orf3	RAD50	C5orf44	PEX3	C12orf4	POT1	BBS7	MED7	NFYB	C14orf135	SIRT1	RWDD3	CDC37L1	NUBPL	RRP15	C5orf28	WIPI2	PIBF1	ZMYM4	TDRD3	ACTN4	C2orf56	WBP4	RCHY1	APPL1	GGA1	VPS54	TTC33	ICK	GEMIN2	C11orf73	C12orf29	ACN9	GTF3C3	LYRM2	BCCIP	COG5	APOOL	ZC3H13	IFT74	PHF14	MPHOSPH10	ETAA1	NEK4	MTO1	RANBP6	TRMT61B	OPA1	DUS4L	DYNC1LI1	RIOK2	MTHFD2L	BRD4	KRR1	TMEM5	TCF25	RPL37	SNX4	RRN3	PIAS2	ANAPC10	CAPN7	CDK8	CGRRF1	RDH14	MBIP	MTR	AP4S1	PAQR3
135	1.0	ALDH18A1	TSTA3	GNE	DHX32	MUDENG	MGST2	SLC35A3	PON2	SERINC5	NANS	CASP7	XPNPEP1	CLCN3	BECN1	RNF103	GMDS	PDXDC1	PTPRK	ARFGEF2	BCL10	ITM2C	GALNT7	VPS4B	TMEM87A	EXOC1	GALNT3	CERS6	GOLM1	TFF1	CHMP2B	SERPINB1	GFPT1	SLC26A2	SMAP1	UGDH	ASL	CHPT1	CDH17	DSG2	CES2	PROSC	MLEC	PARP4	FBXO34	FUCA1	SSFA2	LIN7C	TST	INPP1	LSR	HK2	CBX6	SLC12A2	MGLL	FRYL	CAMK2N1	LGALS4	GOLPH3L	EPS8	SUCLG2	CALML4	GSTK1	CANT1	CD2AP	ETHE1
136	1.0	MREG	FUT8	GRAMD3	MFF	ATP2B1	UNC119B	SMYD3	C11orf24	TSPYL4	DNASE2	DDB2	AHR	BHLHE41	G0S2	PSPH	ABCC1	ASCC3	BDH2	UBL3	ADSS	RBM47	C14orf1	ITPR3	CCDC53	SLC30A9	TCEAL1	HMGCL	MIR22HG	RPS6KA3	NIPSNAP1	EXTL2	KIFAP3	MUT	OXSR1	ATP6V0E2	IVNS1ABP	ENC1	SQLE	ACOT9	G6PD	ACTR1A	SKAP2	ACSL1	SIAH2	TMEM41B	ACAA1	TP53I3	SOX4	PCBD1	PEPD	PIK3C2A	IL8	PFKFB3	PLA2G16	CNP	SOCS2	IFT57
137	1.0	FDX1	ATF3	PLD3	C11orf75	VPS37C	MAFF	ALAS1	CREBL2	CTSD	GRB2	STX12	PDXK	ATP6V1C1	SCPEP1	SLC30A1	STX4	GLT25D1	NEU1	RIT1	OSTM1	ACP2	ADO	GLA	SNX1	OPN3	ATP6V1H	NSF	CD83	KIAA0930	NSMAF	C12orf5	SLC9A6	NCK1	LRPAP1	LHFPL2	CAPG	GPR137B	GM2A	PSEN1	FAM82A2	HMOX1	DRAM1	SLC16A3	MGAT1	SOAT1	FKBP15
138	1.0	OCLM	RPS14
139	1.0	TAZ	UBE2O	KAT2A	NPRL2	UCKL1	SFSWAP	LRRC14	PPIL2	NAA40	KCNMB3	COX4I1	METTL2B	TRRAP	EP400	GOLGA2P5	DGCR8	YLPM1	HPS4	DHX35	RAD54L2	QRICH1	AKAP8	AZI1	UCN	C5orf45	LUC7L	C14orf102	ZBTB40	ANKZF1	PRKRIP1	LOC100506469	DCP1A	PIDD	NOL12	TTC31	CLDN15	PPIEL	NFRKB	MAP2K5	RBM19	RECQL5	MTOR	SFI1	ABCD4	C2CD3	ZNF783	SETD4	USP36	WSB2	EXOSC10	VPRBP	ERCC3	BRPF1	ZNF335	MYO9A	TBX19	MDC1	AKAP8L	SNAPC4	FAM118A	NBR2	BRD1	OTUD3
140	1.0	CDK3	ZNF500	CHD8	PRSS53	ENGASE	ZXDC	AGER	KCNAB3	TAF1C	MZF1	SH2B1	ZNF692	CBFA2T2	PI4KA	ZNF862	MIR600HG	SETDB1	SEC31B	INPP5E	GLTSCR1	SPG7	SIN3B	SGSM2	ZNF212	CCDC130	PILRB	MST1	TSC2	CLASRP	PHKA2	ASXL1	CCDC57	MYL6	GABBR1	ARMCX4	ATG4B	TTLL3	FAM193B	USP20	PPT2	CUL9	PAQR6	FAM193A
141	1.0	C6orf64	VPS8	HEATR6	PLK1S1	RABL5	HHAT	SLC24A1	ZNF133	ANKRD28	DZIP3	SUPT3H	CDKL3	TTLL1	CLUAP1	DPY19L4	KIAA1107	LOC92249	TAGLN2	AP3S2	DET1	DYNC2LI1	CAB39L	C5orf42	MARK3	GATAD1	C5	PCYOX1	C7orf63	DPY19L2P2	AP3M2	BBS4	APC	AGBL3	LINC00094	TRIM23	FAM172A	WDR7	MAP9	CLOCK	IFNGR2	SUPT7L	FER	PMS2P4	TTC26	RPGRIP1L	YEATS2	PARN	STAT3	SLC4A8	PRDM4	ASTN2	AHI1	TP53BP1	ARHGEF9	SSX2IP	SYNJ2BP	LOC730101	FAM179B	MAP4K3	FAM20B	LOC257152	DDHD2	TTC30A	KDM4D	DZANK1	ZNF391	TBC1D19	BBS9	DPY19L1P1	RRAGB	KIAA0753	MAGEF1	FAM115A	ZNF214	IMPACT	RNF146	LRP2BP	SIK2	TULP4	RNFT2	SPATA7	IFT81	ZFP112	SLC25A14	WDR60	KBTBD10	RAB8A
142	1.0	DENND5B	DHRS7	C11orf63	ERP44	IFT88	C11orf95	DSTYK	C3orf18	CTSC	LAP3	FZD8	KIAA1024	SLMO1	LITAF	CAT	FAM168A	BBS1	BAHCC1	GAMT	LRRC48	C11orf49	GRK4	SLC30A4	NINL	SRGAP2	APBB1	TCEA2	IPW	HABP4	NBEA	TUBG2	TAPBP	LIN28A	SH3BGR	WDR19	DDX43	RPS6KC1	B3GNT1	CCDC106	DPY19L1	CLGN	IFT52	ASB1	TULP3	EPB41L5	SQRDL	TCTN1	CHST10	KIAA0355	LRRFIP1	TMEM231	CSRNP2	NFKBIA	GDF11	ZIC4	SALL2	PLSCR1	THBS3	CNDP2	CAND2	BHLHB9	IFNGR1	MYD88	ZNF512B	SAV1	MAP3K12	DAZAP2	XBP1	AFTPH	CBS	EFHC1	LINC00472	IL17B	SNPH	SLC9A5	SPATA6	ATG14	HIST1H2BK	CNTLN	NME7	MAGI2	MTMR9	ABI2
143	1.0	EIF2C1	KLHL22	RANBP10	PLCG1	HEXIM1	TIMM22	TEF	ATXN2	PPOX	KCTD7	RAB11FIP3	RSAD1	FUZ	NSD1	EPOR	ABHD8	PHF2	SAP130	FP588	KLHL26	PATZ1	KAT8	KCTD2	LIN37	CAMK2G	LAMTOR3	NFE2L2	PAF1	DEAF1	FRS3	CRYBB2P1	ARIH2	BCL7A	ZNF74	HDAC7	DVL2	FAM192A	HSD17B12	PGP	TMEM120B	EXOC7	BAZ1B	KAT7	CHMP2A	PARP16	CCBL1	CLCN6	ZNF821	MAGIX	SPECC1L	RPS28	PCIF1	PHACTR4	WDR6	NFYC	ZNF76	THAP3	ZCWPW1	UBOX5	PIP4K2B	DGCR14	ZNF34	CA5B	MYL12A	CHMP3	EXOC3	RAB1A	UNKL	USP21	RNF41	AHDC1	AFF3	CTNNB1	AMH	MECP2	MICAL3	CLEC16A	C22orf46	POMT1	CD164	FKRP	PARD6A	SEC22B	PCNXL2	FAM3C	KCND1	LRRC23	STRADA	RHOBTB2	CCDC101	MAFG	C19orf60	PRRC2B	THTPA	SEC61A2	ZMYM3	OGG1	FTSJD2	TM9SF3
144	1.0	LMF1	LHPP	NPEPL1	AGBL2	VPS39	TMEM8B	WDR37	TPCN1	FOXJ2	ACCN3	DUSP8	TSPYL2	ING4	ABHD14A	VPS11	TMEM80	SMARCC2	GALT	HSPH1	RBM7	C21orf2	ULK1	MAN2C1	ACBD4	RING1	PHC1	LMBR1L	ZNF688	CRELD1	SIRT3	POU6F1	XPC	PPP6R2	CHMP5	FABP5	MNT	ACTR1B	SLC6A16	PACS2	DHRS12	FAM160B2	SCNN1D	RRNAD1	ARF1	TTC15	C17orf108	BSDC1	HDAC5	SLC25A28	DCAF8	IFT27	DBP	TBC1D17	ACAD10	SLC2A11	GOLGA3	EIF4E	MARCH2
145	1.0	BRAP	FBXO22	LINC00339	RPL23	MUM1	HCFC2	THAP11	C1orf50	TRMT12	PEX5	NT5C	SLC27A5	C17orf48	USE1	CDK5RAP2	SCAND2	COG4	FASTKD5	FANCE	RBMX2	RNF25	TLK2	PRR3	C14orf93	ZNF226	LOC440434	SERGEF	POFUT1	YAF2	MKRN2	AAGAB	CCDC85B	FAM90A1	ELAC1	ATPAF2	MTERFD2	UBE4B	BRE	BRF2	SLC35E3	RPL28	DFFA	SUGP1	LOC100134713	LOC100129250	KPTN	NRL	C12orf43	INTS12	WDR25	APP	GPKOW	C9orf78	MCM3AP-AS1	PLEKHA8P1	KBTBD4	C17orf39	FAM149B1	MED27	UBB	ZSCAN2	PIN1	ST7L	CCNJ	NT5M	BNIP1	EXOG	C13orf27	TM7SF3	RNF121	KIAA0090	WDR59	KIAA0586	C10orf76	TMEM11	KIAA0319L	C14orf133	RNF8	WDR73	BTRC
146	1.0	TTC12	FN3KRP	ATRN	IQCK	FOXRED2	HLCS	WASL	ZDHHC4	PSEN2	BPHL	PEX11A	EXD2	CBY1	ANGEL1	STOML1	NECAB3	COPS7A	ADD3	TP53TG1	RAB40C	RIBC2	IFT46	FARP2	ABI1	ENDOG	PNPO	RAB40B	NCKIPSD	PDK2	ZNF768	B9D1	PMS2P3	GAS8	RBKS	DNMT3B	DECR2	URGCP	MICU1	UROS	TEX2	TMEM134	FBXL5	MKS1	SLC29A1	JAG1	ERLIN2	SUOX	ALAD	NFS1	OAZ3	PEX14	NAP1L4	IST1	SLC2A8	PCGF1	SLC41A3	TMEM187	GCAT	ABCB6	NR4A1	NR2F6	NUDCD3	MYL5	ACSF2
147	1.0	DFNB31	ZNF428	RNF208	ZNF358	SEMA4F	ATAT1	ZNF629	RAP1A	MAT2B	PIAS3	FAM127B	BCL9	CUL7	LRFN3	CTNNBIP1	CNNM2	TMBIM4	MAST2	NRSN2	POMGNT1	KLC2	MAPK11	CACNB3	IFT122	CSNK1E	PPP2R5D	SOX12	IRGQ	POMZP3	CBX2	IFT140	EPN2	CASKIN2	LTBP4	BFSP1	PCBP4	PC	C14orf79	MC1R	TMEM121	AGBL5	RAB36	ZNF444	DNAL4	CDK20	METRN	ARVCF	COMMD8	SCMH1	ASAH1	STK25	PTMS	KLHL25	DNM1	C9orf9	ABCA2	ZFHX3	TNPO2	MEGF8	P2RX2	LTBP3	NXPH4	ZNF219	HCFC1R1	LRRC20
148	1.0	HIST1H2BC	HIST1H3G	HIST1H2BH	HIST1H1D	HIST1H4H	HIST1H3H	HIST1H2BJ	HIST1H2AE
149	1.0	TPMT	PUM1	MED21	UPF3A	CTDSP2	DYNC1H1	SUMO4	DDX24	IMPAD1	ZDHHC3	PELO	NACAP1	ASXL2	BRD8	SLC25A36	SOCS6	NPIP	TUG1	PURA	TPR	CTBP1	BAG5	RBM25	SRSF6	FEM1C	TCEB3	TMEM110	DYNC1LI2	ATG12	SLC35E2B	UBP1	H1FX	PRPF8	DBT	STK3	SETD5	TAF13	NOTCH2NL	PPPDE2	COMMD10	SLC25A16	RAP2A	RTF1	SLC35E1	PGF	FKSG49	GAN	LDLR	COQ2	BCAP29	WNK1	SLC5A3	C11orf2	TTC3	AHNAK	ZNF721	CDK5RAP3	GLG1	SF1	ZNF160	PKD1P1	WAC	ZNF638	OPHN1	MFN1	BCL2L13	GPN2	UGGT1	PEX13	TRIM44	RANBP2	UEVLD	ATXN7L3B	HUWE1	CMAS	SRRM2	SREK1	ATP2C1	CHD9	ITCH	TLK1	ACOX1	GOSR1	TMEM33	STAM2	LOC399491	RPE
150	1.0	PTTG2	LDHB	MUC8	DPM1	RPS11	INSRR	PCNP	SEMG1	OBP2A	ARL8B	LPO	GCM1	EIF4H	ISCU	HRH4	GHITM	TCP1	PSMB1	NEU2	PPP1CC	VPS26A	HADHB	CDH16	SLC38A2	GPX1	SUB1	RPL39	KIAA0319	RPS6	MYL12B	CACNA1E	GSTO1	FGF23	EVX1	SEPT7	TCEB2	SLC25A3	MATR3	GBX1	EIF2S2	ALOX15	RPL14	RPL27A	ANXA2	SIGLEC8	TAX1BP1
151	1.0	EIF3G	TREML2	MAK	NAA50	HIST1H1T	PPP2CB	RPL7	DEK	CUTA	PQLC3	HSP90AB1	EIF3A	STARD7	CS	TECPR2	TRPM6	HIGD2A	NFIX	DLD	PSMC1	HNRNPD	THOC5	RNPS1	EPS15L1	AOC2	CASS4	GPR77	PCNX	SNRPB2	PABPN1	SLC22A1	ANAPC5	STRAP	GNAT2	JAK3	CCDC19	SCP2	KTN1	MYBPC3	RBBP7	ESD	NPM1	DHX34	RBM3	DPEP3	NUCKS1	USP14	SEPT2	ANAPC13	CHRNA10	ST20	CCNG1	CMPK1	CCT3	EIF4B	FFAR3	CSDE1	NECAB2	MDH2	DSTN	YME1L1	ZNF706	POLR2L	SERBP1	PFKFB4	PRDX3	TRA2B	SUMO3	DYNC1I2	LOC254896	CCNJL	KIF13A	PRDM5	SEC61G	HNRPDL	PLEKHG3	ATP6V1F	COX7C	DUT	C1orf183	RPL15	UQCRB	BTNL8
152	1.0	GDNF	PSG3
153	1.0	FMR1	ARID4B	ARID1A	ZFP36L2	CHD1	MEAF6	TERF2IP	MRFAP1L1	GOLGA8H	SPG11	VPS13C	ELF1	CTCF	SCAF8	FAM134C	ZBED5	CALM1	DPP8	OGT	UBXN1	ARNTL2	ITSN2	PPP2R5C	SLTM	VEGFA	RBL2	KAT6A	MGEA5	PHF15	ESYT1	TRAPPC8	CREBBP	SCAF11	TMEM131	SYF2	ST7	SRSF8	MPZL1	KRCC1	PLEKHF2	PIK3R1	AES	C1orf63	ENTPD4	DICER1	PRKRIR	MSL1	NISCH	RAB7L1	RBM22	SF3B1	KIAA0528	TANK	DCK	UBQLN2	PTPN2	RBM5	SPSB3	PCMTD2	DCP2	PPP1R12A	ZNF91	SCARB1	AK4	YY1AP1	USP33	CELF1	SACM1L	GNPTAB
154	1.0	PRDX2	MBTD1	GARNL3	LOC100294145	GOLGA4	SUZ12P	DCAF4	GTF2H3	LRCH1	ATG16L1	RAB40AL	PBRM1	ZMYM2	AKAP9	CCDC144A	SNORA21	XRCC6	MFSD11	TAS2R10	DKFZP547G183	PHC3	ADCK4	MED6	ZNF277	FLJ11710	FLJ21369	ZNF611	C9orf38	RUNDC2C	ANKRD36B	TRIM66	KIAA1731	RREB1	ZMYND8	C7orf28B	TAPT1	SNX29	SBNO1	C3orf75	CASC5	ZNF224	RPL35A	CDK13	TMEM19	ZNF562	KLHL28	GSTCD	TAF9B	VPS53	TIGD1L	SYCE1L	LOC647070	C16orf70
155	1.0	C4orf34	MGC12488	VEZT	PDCD6	ASAP1-IT1	FAM48A	C15orf5	ZNF451	TAOK1	FCF1	POLR2J4	POGZ	LINC00260	GTF2H2B	SCAF4	HCRP1	NUDT7	LOC100272228	HYMAI	FAM106A	TRAPPC10	ZNF440	RPA4	ALPK1	RALGPS2	ANP32A-IT1	FLJ14107	C8orf44	GUSBP3	LOC100170939	GON4L	EBLN2	N4BP2L2-IT1	PODNL1	RUFY2	DIP2A	RPS2P45	LOC100272216	ZBTB44	FLJ38109	USP53	KIAA0889	KIAA0754	LRRC37A3	C4orf29	NFATC3	NPIPL3	CFDP1	DYM	PCDHGA8	C7orf54	PHF20L1	ATF7IP	ZNF362	FLCN	REPS1	TTLL5
156	1.0	NCBP2	CCDC90A	CCBL2	ABCF1	PHGDH	C4orf27	TDG	LYRM4	GLOD4	PCID2	CDK7	CHERP	LONP1	RNF5	UBR7	FTSJ2	THYN1	UNG	RPA2	PIN4	ZNHIT3	CCDC59	DAZAP1	C1D	FUBP3	TMEM97	FAM208B	CAND1	TAF2	MPHOSPH6	METTL17	TRAPPC3	METAP1	CSTF3	NGDN	FRG1	INTS8	MTERFD1	MRPS12
157	1.0	UBE2H	CARHSP1	PSAT1	PHF10	PDS5A	DNTTIP2	GTF3C2	ZDHHC6	ECT2	NME4	EI24	TRIB3	KDM1A	ILF3	LUC7L2	SF3A1	SMARCA5	KHSRP	PTPLAD1	RBM15	UBE2L3	PITRM1	HLTF	NEDD9	IPO9	SF3B2	SMC3	HNRNPL	AMD1	ADIPOR2	HNRNPUL1	SMAD2	SUCLA2	CHD1L	FAM111A	POLE3	TSPAN31	HIST1H4C	TPT1	RPIA	LETMD1	C9orf82	DHX9	LSM12	SMARCC1	FBXO28	U2AF2	ARL6IP4	SMARCA4	C16orf80	STX8	ARL3	SIAH1	CCDC92	CRY1	DDX50	SNRNP70	DIABLO	LGALS8	NSL1	MTA1	GSTT1	POLD4
158	1.0	AKIRIN1	MPDU1	RPP40	HMBS	TRMT11	PFDN1	UBE3C	MTRR	ZNHIT6	PSMF1	APEH	ACOT13	JARID2	PPME1	TBL1XR1	THOC1	HCCS	CDKN2C	MED17	BBIP1	ZFAND1	RFXANK	TNPO3	UTP3	TRIM24	BMS1	RAP1GDS1	FAIM	STAM	KIAA0947	TEX10	NUDT15	DCUN1D1	RBM28	DNM1L	C8orf33	ZC3H14	TBCE	SEPHS1	ERCC1	NPM3	ALG3	UTP14A	APOO	FASTKD3	PMVK	CCDC51	RBM42	TERF1	HRSP12	MRPS11	ASF1A	LRRC8D	ABCF2	ZZZ3	TOMM34	RAD1	CPSF4	RPL31	HBS1L	RAB4A	SLC25A13	LARP4	RPRD1A	PAFAH1B3	CCNG2	AIFM1	ORC3	C5orf22
159	1.0	GART	IKBKAP	TTC1	C21orf59	EXOSC7	CDK2	CDC23	DROSHA	FANCL	NUP133	PARP2	SNRNP40	HIRA	MSH2	WEE1	RPAP3	CUL1	TBPL1	C12orf24	ALG6	TSR1	NETO2	NSMCE4A	PFAS	C1orf174	LOC388796	GPN3	NARS2	PSMD5	TFAM	FAF1	ACTR6	UPF3B	MRPL19	TIPIN	MTX2	ACOT7	ICMT
160	1.0	B4GALT1	RAB5A	LATS1	ANKFY1	GPD2	KCTD20	ZNF343	TEX261	PRPF6	PTPN12	HS6ST1	ZC3H11A	LARP4B	POLDIP3	TBC1D22B	MAX	FBXW11	SLC7A1	NUP50	ADAM10	EDC3	ATP13A3	ZFR	STAT2	RB1	KIAA1310	NUP188	SP1	NCOR2	WSB1	XPO7	PTPN11	TRIM25	CCDC82	RBBP9	ATF7	SENP2	KLHL12	RYK	TGOLN2	GLYR1	PTPRJ	API5	TNFRSF10B	RUNX2	LMTK2	PTPRA	FNTB	PIP5K1A	DCTN5	AGPAT3	SNAP23	RAB35	ZXDB	PDPR	AFF4	EHMT1	MBNL2	C6orf106	CRKL	DCTN4	C19orf6	DEDD	ARNT	MCM3AP
161	1.0	COCH	SSTR2	B4GALT6	SLCO5A1	DNAH17	S100A6	LMO3	ABCD2	BCAP31	CHL1	TSPO	PIK3R3	CXXC4	GNG10	ABCA6	GAS2	EMX1	TUBB2B	CYP7B1	GLDC	NGFRAP1	ANXA2P2	STOM	HMGN5	CDK5R1	IQGAP2	VASH2	ADAM9	C14orf105	CREM	TNIK	CD200	EMID1	TNN	S100A4	HEY1	ABCB4	S100A11	ADAM22	PARM1	PLA1A	CCDC28B	PIEZO2	CYFIP1	EGOT	MGAT3	CEBPB	RGS16	HEXB	IGF1	S100A10	KL	RAB13	WBP5	HESX1	KCNN3	NQO1	CACNB4	PTTG1IP	QPRT	TIMP1	NEUROG2	KCND2	NRG2	PLP2	COL4A4	NCALD	CNR1	TDRD12	OXTR	SLC1A1	ASCL1	GPR63	PLS3	CAST	DMD	EPHB1	DLGAP1	ID2	CXorf57	CXCL10	METTL9
162	1.0	CD80	PSAP	LGALS14	RAB30	CAPN2	RAB33A	ITM2B	PIP5K1B	CTNNA1	CDIPT	VCL	GPR15	IL12A	CBFA2T3	GRAP	RASGRP3	TEC	BFSP2	TCL6	PAOX	IKZF3	HMHB1	ATP8A1	T	AICDA	USP18	C20orf103	DUSP10	ERV3-2	IGHG1	BATF3	CCR10	FXYD2	CCL17	DAPK1	UVRAG	TFEB	UGT2B17	SLC6A4	PGRMC1	SOCS1	KLK2	MYB	GPR132	POMC	MSC	TNFSF11	HLA-DRB4	MC3R	GH1	PHACTR1	ACTR10	KIAA0226	ARPC1A	HSPA1A	N4BP2L1	IKZF2	ATP6V1G1	LOC100505650	HLA-DOA	IZUMO4	IFNA1	SERINC1	LTA	DNASE1L3	CETP	PLCL2	GNG7	TNFRSF8	OAT	RASGRF1	WDR91	AKAP5	SDCBP	TNFSF9	ZBTB32	BCL2	ESR2	SERPINB10	RLN1	IFNA2	ELMO1	TNFRSF13B	TNFSF14
163	1.0	CLCA4	POU2F3	IRX4	TP63	RASAL1	CWH43	CSF3	FOXE1	SERPINB13	BBOX1	SFTPD	CEACAM7	EPHX3	GPX2	FLG	GPR87	SLURP1	AIM1L	IL36RN	RNF39	PSCA	HES2	ADH7	HSD17B1	LCE2B	ENTPD3	PKP1	CST6	LPAR3	OR1F2P	DEFB4A	CYP24A1	ALOX12B	ARHGEF4	ITPKC	COL17A1	TMEM40	KRT24	PLCH2	KLK6	TTC22	CDRT1	FZD10	DUOX2	C2orf54	FAT2	DUOX1	SCNN1B	SOX15	LOR	CLDN17	KLK5	KRT4	PAX9	GJB5	PLA2G3	ALOX15B	TP53AIP1	PVRL1	LY6G6C	CYP2C18	PTPRZ1	WNT4	HR	CALML5	CDSN
164	1.0	PLA2G2F	SLC13A4	GDPD2	P2RY1	CD1A	RDH16	GNRHR	LINC00302	ECE2	ARSF	HTR3A	POU3F1	BARX2	CYP2C9	TGM5	ENDOU	IL36A	CD207	WNT16	PSORS1C2	DNASE1L2	IL19	TYR	KCNK7	UPK1A	KRT32	NHLH2	KRT75	SLC28A3	KRT31	KLK14	LAMB4	MLANA	KLK13	XDH	GALR3	ALOXE3	GYS2	DKK4	KRT33A	PLA2G2E	FOXN1	ATP10B	DCT	CASZ1	ATP12A	CNGB1	C1orf68	CIDEA	SMAD5-AS1	LTB4R2	CA6	IL1RL2	KCNK10	PGLYRP4	PIK3C2G	ALS2CL	CPA4	C6orf15	TREX2	BPY2	STATH	KRT9	OCA2	MMP27	SLC39A2
165	1.0	MRM1	NLE1	RPUSD2	LIG3	PWP2	TCOF1	PPRC1	REXO4	QTRT1	SDCCAG3	AEN	ILKAP	LSG1	SAFB	USP39	CDK5RAP1	EXOSC2	URB2	SLC5A6	NKRF	URB1	TBRG4	UBIAD1	FAM120C	TOE1	C10orf2	TIMM50	THOC6	KRI1	TTC27	TRMT1	CAD	RRP8	GTF3C5	ABT1	CIAO1	POLR1E	NUP93	GRWD1	WDR46	NOL9	PDCD11	NUFIP1	TRMU	ACTR5	GCN1L1	PUS1	ANAPC1	PPAN	KLHDC4	DDX28	RRP9	POLR1C	CTRL	LAS1L	FAU	MAPKAPK5	PRMT7	WDR43	PES1	RRP7A	GEMIN4	DDX31	NOP14	WDR74	UTP20	ZNF142
166	1.0	FXN	OGFOD1	EIF2B5	SDHAF1	DUS1L	TIMM44	SELRC1	BCS1L	POLR2D	NTHL1	DHPS	ACACA	KIAA0664	FLAD1	GADD45GIP1	SCRIB	MCAT	MRPL46	PTCD1	RNMTL1	ELAC2	SUPV3L1	SSSCA1	POLR3D	AFG3L2	METTL1	C6orf108	TACO1	EIF2B4	RABEPK	CD3EAP	AARSD1	TTC4	C11orf51	C12orf52	LANCL2	GCDH	MRPS18A	DPH2	EXOSC5	DDX19A	TMEM160	EXOSC4	BYSL	SRRD	CC2D2B	DHODH	AAMP	MYO19	BNIP3L	MECR	AVEN
167	1.0	ZFYVE16	KLHL3	ATG5	UBE2A	UBE2Q1	BZRAP1	ARCN1	PGK1	DIAPH2	TUBB3	GORASP2	RPN1	AP2S1	GPBP1L1	TMEM147	CEP68	SARS	TAF10	PFKP	SEC61A1	SEC13	FIBP	ZMPSTE24	MAPK6	PBXIP1	HDAC4	RTCD1	SIK3	LRRC59	SLC46A3	ETF1	GANAB	C15orf24	ANKRA2	C2orf67	VCP	NUTF2	ZNF587	AKAP7	NCOR1	COPZ1	MANF	RARS	HSPBAP1	PSMB5	MAGED1	RASA4	COPE	DDIT4	BUD31	EIF5A	SAP18	DOPEY1	DCTN3	AARS	NIPA2	TMED9	GCC2	PSMD10	ACLY	PDE4D	ATG4A	TMED2	C19orf56	MIA3	EIF4G1	TXNDC9	ERCC5	POLR2E	PDP1	FKBP11	CNPY2	MEA1	PRDX4	DENND4C	GMFB	KIAA0240	VTI1B	HYOU1	ALG5	DYRK2	ANKH	CPEB3	ARPC5L	PTPN4	C7orf42	BSG	IRAK1	PWP1	SSR1	ZNF410	RER1	ADK	H2AFJ	FBXW7	KDELR2	SNX27
168	1.0	MED13L	CTAGE5	FAM49B	LOC339290	AKAP11	RALGAPA1	PCBP2	VPS13D	FLJ13197	TCF12	ZNF264	RAD23B	TNRC6B	GPRASP1	ZBTB20	KAT6B	UBR2	TRA2A	TTC17	SRSF11	KIAA0485	ADAMTSL4
169	1.0	UBE2Z	ZYX	GLB1	AIDA	CKAP4	ALCAM	PER2	DRAP1	CAV1	HEBP1	ATOX1	MARCKS	P4HA1	P4HA2	GOLT1B	RIC8A	YIF1A	CEP170	EMP3	RRAS2	PLOD1	VKORC1	RBMS1	DENND1B	ADM	C19orf10	RPS6KA5	SDF4	VAT1	ITGB1BP1	YIPF5	ENOSF1	KIAA1279	PLIN3	CLIC4	FAM46A	CETN2	TRIOBP	LAMC1	SMURF2	CDC37	GADD45A	FLNA	GALNT2	CDKN1A	CA2	ZNF395	SEPT11	RCN1	TIPARP	SIK1	CITED2	ARAP2	S100A13	STK38L	REV3L	MYH10	C20orf30	GYG1	ILK	TNS3	SERPINE2	HSD17B7	FNDC3B	RHOB	VGLL4	TMEM165	SERPINH1	RAB5C	TMEM43	DSE	CNN3	DAP	ACTN1	BDH1	CALU	MAP1LC3B	PIK3C2B	PLOD3
170	1.0	DCTN6	PTPRN2	RALGDS	GFOD1	HPCAL1	CD1B	NINJ2	RAPGEF5	FOXO1	SLC20A1	C18orf1	METTL7A	C5orf15	ENPP4	CTNNAL1	FAM46C	ZCCHC2	HBD	IGLL3P	HK1	KLF8	N4BP1	GATM	TESC	SPINK2	CD44	RASGRP2	PPP4R1	GCLM	AKAP13	TXNRD1	PPP1R14B	KRT10	TNFRSF12A	IGKC	MT1F	TMEM176B	DMXL2	ARMCX2	MYLIP	PGD	SLC39A14	BASP1	ZMAT3	ASRGL1	APOE
171	1.0	C5orf30	AMT	VAMP7	RAB31	VOPP1	EPB49	TPH1	AUH	MAP3K13	LIMS1	TM7SF2	EPHX2	ACACB	ARHGAP44	INADL	MLLT4	PLEKHB1	FZD3	RND3	ZNF204P	TM4SF1	MYRIP	GPR20	GPM6B	ACADS	COL9A3	C11orf71	TACC1	NR3C2	ARL6IP5	GRAMD1C	SH3BGRL3	DNAJC12	INSR	FHL2	PTCH1	LMNA	ANKS1A	TPBG	FGF9	LGALSL	SEMA6A	POU5F1B	CTSL1	GOLGA7	RALGPS1	CNNM4	AHCYL2	TRIP12	NEK3	KIF16B	EGLN3	LGALS1	COTL1	CSDA	PREP	KRT8P12	TRIM36	RIMS3	PAIP2B	TRIM22	TUBB6	CEP70	GNG12	SGK1	RBPJ	ASPH	CAMTA1	DACH1	PPP1R13B	ANXA1	PDE9A	ACP6	CORO1C	SLC29A2	CD99	ZDHHC11	FAM149A	LGMN	TGFBR2	OSBPL8	FBXW4	MAP2K6
172	1.0	TPPP3	NAP1L2	KCNK12	SLC16A10	CAPZB	SRI	WDR1	ELOVL5	DYNLT1	RAG2	ARPC1B	CYP2C8	MBP	SETBP1	SCAPER	C1QTNF3	LASP1	TMEM59	CD63	POSTN	TKT	TSHR	NPC2	GAB1	LGALS3	LIPA	IQGAP1	CYP2E1	PACSIN2	GNB1	BMP8A	PER3	RIC3	SLC25A24	MTSS1	ANXA5
173	1.0	MT1H	MT1X	MT1G	MT1E	MT1P2
174	1.0	NDOR1	NFKBIL1	FBXL15	ZMAT5	ANKMY1	KATNB1	ERCC2	PFDN6	PYCRL	SURF2	ACOT8	B9D2	VPS33B	ZNF408	JMJD4	CCS	ASCC2	GALK1	BRF1	DFFB	ODF2	PEX6	ZNHIT2	TMEM223	FAM86A	ACD	FKBPL	TFPT	ZNF324	PPP2R2D	DNAJC17	PIAS4	DOM3Z	TBC1D13	ADAT1	KCTD17	TBCD	GNB1L	NAT9	EHMT2	VPS16	C17orf90	NAT6	PHF7	DHX8	AMBRA1	ZNF446	ZNF263	TMCO6	CBX8	HEMK1	AP4M1	ZNF668	ZFPL1	NARFL	GFER
175	1.0	CDK9	ZNF276	POLL	XRCC1	NFKBIB	RBM10	ZNF787	C9orf114	TBC1D22A	ELL	CCDC22	C17orf59	PITPNM1	AXIN1	MEN1	NCLN	PEX16	CDK10	WDR55	CTDP1	MTG1	BAHD1	UPF1	ABCB8	CLK3	NAGPA	AMDHD2	NPHP4	STARD3	C17orf70	C2CD2L	PSKH1	OGFOD2	E2F4	DAXX	OGFR	GPATCH3	C1orf159	RAD9A	TRABD	CD2BP2	TSSC4	TRAF2	ATF6B	KIAA0415	ZBTB48	SHARPIN	DEPDC5	MADD	RNF31	TMEM39B	ARFRP1	SLC9A8	ZGPAT	RHOT2	GMEB2	C7orf43	PHKG2	SLC25A44	HTT	C20orf27	CORO7
176	1.0	XYLT2	SPHK2	ZDHHC24	PMM1	GMPPA	C16orf58	C19orf24	PTDSS2	C17orf101	B3GAT3	DOLK	LRFN4	HHLA3	SLC4A2	TUSC2	FAM173A	BAD	DALRD3	ILVBL	HPS6	RANGAP1	FASTK	INTS5	MAN1B1	DPM3	TEX264	FAM86C1	YIPF2	ETV2	AP1B1	INO80B	FAM86B1	TSSC1	FBXL8	ENTPD6	BCL7C	PRR7	COQ4	TXLNA	SLC25A22	BET1L	FAM3A	MPG	COG7	ABCB9	NAGLU	MARCH7	ALG12	PNKP	B4GALT7	FPGS	ATP13A2	SSNA1	PIGQ	PIGO	MOGS	NME3
177	1.0	GALE	TMEM53	PJA2	BAK1	ADCK2	PMM2	MACROD1	LY6G5C	MVK	JMJD7	TRAF4	SREBF1	RABGGTA	LYPLA2	BRMS1	C8orf55	FBXL6	RPS6KB2	TTLL12	RABEP2	RPP25	CAPN10	AGFG2	PCYT2	SH3GLB2	GMPPB	RBM15B	ARMC7	RNPEPL1	PGAP2	EML2	MVD	FDXR	RCE1	SHPK	SGSM3	CLN3	SLC25A10	SLC50A1	C11orf80	SLC35C1	SRCAP	TRIM26	LYPLA2P1	EFNA4	VAV2	LPCAT4	LRRC61	CC2D1A	DAK	SREBF2	OCEL1	SMPD2	SLC26A6	GFOD2	ESRRA	C22orf29
178	1.0	RNF216	ARFGAP1	POLR2A	CBX4	STK11	PRRC2A	FZR1	RHBDD3	TNK2	TADA3	MED15	CIC	BRD9	SMARCD1	MAPK8IP3	C19orf29	CLCN7	MED16	CABIN1	MGRN1	POLM	CNOT3	TAB1	SCAP	MIER2	SETD1A	SUPT5H	CEP164	CIZ1	ARHGAP33	CNPPD1	TJAP1	SF3A2	AAAS	SZT2	MBD3	MYO9B	MED12	ARHGEF1	DNM2	CA5BP1	HCFC1	ANAPC2	ZC3H3	PKN1	MAP3K11	KCTD13	EML3	APBA3	FOXK2	MAP1S	MED22	BAP1	SKIV2L	CENPT	XAB2	C7orf26	SOLH
179	1.0	TLN1	PPP2R4	GPR137	AP2A2	DMWD	ZBTB22	MARK4	MINK1	LRRC41	ZNF282	ERAL1	TRAPPC9	GBF1	WIZ	SSBP3	DTX3	RFNG	HMGXB3	SUPT6H	TAOK2	URM1	KDM5C	LZTR1	FKBP8	TAF6	ZNF646	SMG6	SCAMP4	USF2	ATN1	NCDN	LMF2	TBC1D10B	STRN4	CENPB	DCTN1	TMEM222	IRF2BP1	PNPLA6	PRKACA	PRKAR1B	TSC22D4	ZNF324B	VAMP2	RAB11B	RNF40	HSF1	NELF	VEGFB	PIK3R2	BTBD2	GTF3C1	ZNF580	INPPL1	KIAA0195	DVL3	GIT1	TRIM3	RPRD2	PKD1	CDK16	CRTC1
180	1.0	TLE2	CAV2	SNX7	TF	GADD45G	PDE8B	MCF2L	SEMA3E	NPY1R	HOXC10	PPP1R1A	CX3CL1	GNA14	DNALI1	REEP1	TRIL	TFAP2B	GRP	FAT1	C14orf45	PROM1	FOLH1	RASL11B	FAM189A2	ANXA3	OLFM1	NOTCH3	FGF13	CP	PCP4	SLC24A3	SLC27A6	ANKRD6	PLBD1	SCGB1D2	INHBB	KRT14	ENPP1	SERPINA5	C20orf46	THBS4	ODC1
181	1.0	PAX8	KCNK15	SLC1A2	GLRA3	CGREF1	GREB1L	GNGT1	SCGB2A2	ERBB4	CYP2B7P1	CALCR	AR	BEAN1	CACNA1H	ESR1	GFRA1	SLPI	CNTNAP2	OPRK1	ADAM2	SYCP2	CASC1	CACNG4	DBNDD1	ZNF239	ROPN1B	LRP2	ALB	CYP21A2	PRAME	RHBDL1	PTPRT	CHRD	MBNL1	NME5	NEK11	C8orf51	CLSTN2	ARHGEF26	PAX2	ADRA2C	DIO3	CHAD	CLDN9	GNG13	SPINK1	SEZ6L2	THNSL2	ETNK2	SEMA3B	SPAG6	FLJ22184	ISYNA1	ABCA3	CABYR	PGR	PPP1R9A	BMPR1B	SERHL2	C9orf116	KLF5	THSD4	N4BP3	HHIPL2	PNMT	GLUD2	C6orf124	MAPT	RORC	CTNND2	PPFIA3	CA8	FAM155B	SYT13	PART1	ZMYND10	GYG2	HOXC11	STRA6	KIAA1467	GUCY1B2	SLC7A2	SCGB1D1	S100A1	LMX1B	CCDC87	HPN	GREB1	ADCY1	AZGP1P1	UBE2D3	RET	SLC7A4	DSCR6	CLUL1	WDR78	FGF18	KCNJ3	IGSF1	HPX
182	1.0	MSX2	TCHH	AGR2	TSPAN1	TFF3	FOXI1	KCNS3	TRPV4	HOXC13	KRT81	CEACAM6	ALPP	BMP7	SUSD4	UPK2	TH	RAB25	PLS1	ATP6V1B1	CLDN8	VTCN1	ELF3	SPTBN2	PHEX	EDN2	KRT20	PLAC1	PROL1	OTOR	TRPV6	IRX5	CEACAM5	MMP13	B3GNT4	SLC34A2	KRT83	ATP6V0A4	C19orf21	MSMB	FXYD3	FBXO2	CELSR2	WISP3	CYP4F8	LYPD3	GSTA3	DTNB	CLDN7	ZNF750	BCAM	CARD14	CYP4B1	C1orf106	DLX4	CRABP1	TDRD1	EYA2	PTPRU	SHROOM2	EPB41L4B	KREMEN2	PRODH	HOMER2	ERBB3	DDAH1
183	1.0	VWA1	GABRP	SHANK2	MTL5	KIAA1324	DIO1	PPM1H	PCSK6	GPR143	FAAH	CACNA1D	KRT5	GP2	TBC1D30	S100A14	NSUN7	CLDN3	KRT17	PRR15L	HDAC11	KRT6B	PARD6B	SLC44A4	PLCH1	C9orf7	INPP5J	RND1	DNAAF1	TSPAN15	MB	FAM174B	RAB26	YBX2	CST2	ATP7B	ICA1	GRTP1	SLC22A5	DHRS2	C6orf97	TOX3	PLXNB1	SYT17	PPL	CST1	PRLR	GPRC5C	PP14571	GPX3	GSTA1	RAP1GAP
184	1.0	GGTLC1	MYO7A	SULT1B1	TNFSF15	SNTB1	CST4	TMEM62	BTG3	KLK3	SERPINF1	EDAR	MYO15B	KLK15	PCTP	FUT4	WFDC2	LONRF3	KIF13B	MFSD9	HRASLS2	TACSTD2	ACSM3	MOB3B	KCNQ1	IL17A	DMBT1	CRYL1	KBTBD11	DGAT1	CHN2	SLC25A20	CEBPG	FMO5	GGT1	PRKAB1	AQP3	CYP4F2	C6orf105	KCNK5	SLC39A6	PLSCR2	VILL	CASP5
185	1.0	SPAG1	TRAF3IP2	TMPRSS3	MFSD6	WRB	DGKA	ENDOD1	ARID5B	TBCB	HIST1H2BG	LRBA	RHOQ	SLC37A1	FEZ2	KLC1	NFE2L3	PLD1	GK	PTS	MGAT4B	STARD5	RRAGD	KHNYN	SCRN1	SLC35F2	DUSP4	SIPA1L3	PCK2	PCMT1	MPRIP	PPFIBP2	FAM102A	SEC23A	NR4A2	DCTN2	ITGAE	IL24	CDC16	GALNT6	P2RX4	ZC3H12A	FAM127A	PROSER1	PGM1	ZBED2	C5orf13	PLAGL2	ECI2	HMGCS1	USP6NL	ECHDC2	UROD	C18orf10	PAM	GCHFR	PMFBP1	ZNF710	SLC16A6	PTP4A3	PNMA1	TRAM2	COPS8	SYNE2	ALOX12P2	ABCA5	MAPKAPK3	NLRP2	TRIM14	BTN1A1	BNIP3	GTF2H5	NIPAL2	AP1G2	MYL6B	SLCO4A1	ZDHHC13	F11R	KDM2A
186	1.0	BATF	TCEAL4	KIAA0040	COL9A2	REL	ADAP1	PRDM1	ATP2A3	TMC6	ETV7	BCL11A	PSD4	NOD2	SYK	SLC15A2	UNC93B1	CASP10	GNA15	SIDT1	MCFD2	SH3D21	DENND2D	NAAA	DEF6	TPK1	SEMA4A	MLLT11	PTPN18	ARHGAP26	KCNN4	CIDEB	PCSK7	MCTP2	DAPP1	STXBP2	MXRA7	RDX	B3GALT4	RHOF	PFN2
187	1.0	SECISBP2L	KLHL29	ZNF124	CEP290	SREK1IP1	HERC4	QPCTL	SMEK1	FLJ10038	CNOT4	ZNF12	DCAF13	NPAT	SMC5	TTBK2	RAPGEF2	PPIA	PIK3R4	NCOA2	CSNK1G1	TIPRL	SMG1	SETD2	NF1	MDM4	PCDHGA10	TEP1	UBXN7	C14orf101	ETV3	PIK3CA	OPA3	PHF3	SLC35E2	CLTC	ANKRD12	PRDM2	RBM12B	MLLT10	GNL3L	GPATCH8	EIF2C3	SLC16A7	CCNT1	RASA2	KIF3A	ZNF669	POLH	ZNF131	RBM41	ZNF652	VPS13B	LOC100127886	SLC44A1	PTCD2	ATF6	OXR1	ZMYM5	RAB3GAP2	LOC100127972	RPAP2	CSPP1	ANKRD36	ING3	TOB2	RBBP5	NUMA1	KLHL24	ATP7A	DDX17	ZBTB43
188	1.0	SMAD5	PRRC1	MTPAP	PPIG	KIAA0100	SPAG9	USP12	SPEN	DCAF16	ANKRD11	CEP350	COIL	PRR14L	MIS18BP1	ATRX	FAM135A	PDPK1	FAM120A	PRRC2C	CDK6	NAA15	SART3	MAN1A2	HNRNPUL2	PPP1R10	GMEB1	FAF2	PTPN1	EYA3	IL6ST	RPL13P5	CEP104	EEA1	DDX6	GOLIM4	MED1	RFX7	TBL1Y	TBL1X	EHBP1	ZNF280B	RSRC1	TCP10	NFAT5	NLK	ERICH1	OTUD4	PLEKHA2	REST	SPPL2B	WHSC1L1	C1orf27	KLF13	TGFBRAP1	XPNPEP3	HIST1H1E	SUV39H2	GSK3B	GATC	CASP2	SIKE1	SPIN1	GTF2A1	CHD4	UFL1	ZNF609	ESF1	STK4	THOC2	AGGF1	NEK1	UBE2W	DNAJC3	ZNF654	AP3D1
189	1.0	CINP	C13orf44	GNAS	PVT1	MCL1	MRPL52	VPS33A	IER3IP1	NCKAP1	TIAM2	YY1	C4orf10	EXOSC1	CGGBP1	EIF5B	RNF185	MAGOH2	RPAIN	PKD2L2	OSGIN2	DGCR6L	CDC5L	C10orf12	SLC30A5	RHEB	MRPL41	DIAPH3	IL18BP	HR44	C22orf36	ZNF770	ARL2BP	BMP8B	EEF1D	ATP6V0E1	RPLP2	ING2	LDHC	IDI2-AS1
190	1.0	MMP26	B4GALT2	LUZP4
191	1.0	ZFP64	MOCS3	E2F6	TSFM	POLR3B	COX15	SHQ1	ELP4	TTI2	MED20	CPT2	APTX	PDSS2	DARS2	HARS2	RPP38	MMACHC	TIGD6	C16orf53	UMPS	EFTUD1	C16orf88	THNSL1	ZNF35	TYW1	C7orf49	GEMIN6	N6AMT1	ZNF174	ELP3	POP1	TERF2	MTHFSD	ORC5	WDR5B	ANKRD40	GOSR2	SMUG1	TMEM186	RIOK3	TSEN2	FKTN	GIGYF2	OXSM	DCLRE1A	ZNF576	PAAF1	DIEXF	TRIM32	CAMKMT	FANCF	METTL13	MLYCD	MBD5	C5orf54	ZNF473	DDX23	PRUNE	AGK	GALK2	KLF10	TMEM177	LARS2	THADA	C15orf44
192	1.0	MGA	C17orf42	EIF4ENIF1	PUS7L	ZNF696	NUP98	CRIPT	PUS3	CCDC121	NVL	ASTE1	SMARCAL1	ZNF143	ZBTB24	ZKSCAN4	CSTF2T	TRMT1L	ALKBH1	ZNF623	ZNF197	C2orf44	C10orf88	NUPL2	CCDC132	ENOX2	ZBTB6	DCAF10	MCPH1	DHX57	DNAJC16	ZNF764	TTI1	MED18	ZKSCAN3	METTL18	ZNF3	GIN1	CSTF1	ZNF232	INTS7	ZNF79	RNF2	SCYL3	C2orf42	ZNF434	ZNF322P1	TBP	TUBD1	OSGEPL1	MLH3	PALB2	GPATCH1	C11orf61	HINFP	ZNF202	LRIF1	ZBTB3	ZNF200	GTF2E1	ORC2	NME6	PARG	ZNF193	AQR	ZNF180	PAPOLG	ACTR8	ZNF250	TAF1A	ZNF557	LCMT2	PKNOX1	CEP76	RIC8B	RALGAPB	RBM4B	ANKRD17	JMJD6
193	1.0	OR10H3	CTAGE1	ZIM2	OR2B2	CHD2	RFPL3	TAS2R9	GTDC1	TAS2R16	SPAM1	PSG4	RRH	FSCN3	GRIN2B	POU4F2	CYLC1	ACSBG2	ULBP1	DEC1	IFNA7	OR52A1	KLF15	SLC17A1	ZNF507	NENF	PPY	FAM153A	TAS2R1	GRPR	PRL	OR2W1	ADCYAP1	TAAR2	OR1A1	CETN1	SLC10A1	IFNA17	LHX3	GML	GRM6	CA1	KRT2	CYP11B1	PRY	ARHGEF38	PZP	ITIH2	INHBC	ADAMTS9	OR5I1	CYP2A7	TSHB	ACRV1	PCDHB1	ADAM18	MPP3	IFNA5	AGMAT	NTNG1	OMG	BMP15	NTN1	SLC24A2	IFNA14	PAPPA2	GK2	KIF5A	MT3
194	1.0	C11orf20	OR1D2	CYP1A2	SIGLEC6	GPR21	MTMR8	KRT38	PRAMEF11	G6PC2	GAST	GPRC5D	CST5	ART1	CPA2	OR6A2	CCBP2	PRDM11	LOC730227	GPR182	CNR2	ADAM5P	GABRR2	OR10C1	SEMA7A	OR2C1	C22orf24	RAB3IL1	HTR3B	GABRQ	DISC1	CTRB2	IL1RAPL2	OR2S2	OR7E156P	PLAC4	GJD2	DNAJA4	TMEM206	SLC5A5	C15orf2	ARR3	GPR12	MAS1	P2RY4	POM121L2	KIR3DX1	AQP2	HECW1	KRT37	FSTL4	TAC3
195	1.0	AGPAT5	BST2	SVIL	EIF2D	NFKB1	UBR5	CALM3	PMAIP1	H2BFS	NGLY1	TNIP1	CHMP4A	BCL6	KIF2A	MLXIP	ACVR1B	CD70	ME2	INSIG1	ZMYM1	RNF34	LPP	CUX1	HDHD1	CCNB1IP1	CASP3	TGIF1	PDCD4	TAP1	PRPSAP2	LSM6	FAS	RAB9A	KIAA0922	PIK3C3	SNX5	R3HDM1	EDEM1	MFAP1	STX3	MX1	SS18L2	STAT1	CBLB	IDH3A	ARL4A	TP53BP2	MCM5	ANKMY2	ASNS	MED28	ISG15	SHMT2	IMPA1	B3GNT2	AK1	STK39	EED	CRYZ	TLE1	PARP1	SRP54	RNF4	MRPS31	VRK2	FASTKD1	CEPT1	OXCT1	CPOX	DUSP22	EHD4	RECQL	PLAUR	CD58	PPP2R2A	EIF2AK2	MAP4K4	HIST1H1C
196	1.0	ELMO2	INPP5K	BCL7B	PCGF3	CYHR1	SLC23A2	LIMK1	CTNS	BCKDK	NRBP1	SNAPC2	TNIP2	SLC38A7	MAPKAPK2	UBE3B	C20orf29	TRPC4AP	XCR1	TM9SF4	LLGL1	GLTPD1	ZER1	TMEM104	TBKBP1	FBXL18	TSPYL1	C1orf144	BCL2L1	MUL1	SP3	CHMP6	RARA	KPNA6	ZBTB7A	C16orf57	TMED1	TWF2	NPLOC4	GTPBP2	MTMR3	PLA2G15	IP6K1	NKIRAS2	TICAM1	RAB3D	PQLC1	PLEKHM2	COMMD9	ZBTB17	TXNRD2	UAP1L1	TPRA1	DNAJB12	NR1H2	ABCF3	MGC2752	FRMD8
197	1.0	GORASP1	RANBP9	MAPK7	IPO13	DAPK3	CAMTA2	ATG9A	C16orf7	PIP5K1C	MRPL20	PSMC6	TOM1L2	C11orf68	NDUFA5	ATP6V0A1	TP53I11	TMED5	MMP17	PLXNB3	IKBKG	SDHD	CYTH2	ATG13	HECTD3	MOSPD3	SBNO2	SLC9A3R2	EFHA1	TMEM115	NAB2	TDP2	UBA3	UBXN6	WDTC1	DLGAP4	PORCN	RPS6KA4	NFIC	IQCE	INF2	MMP24	POFUT2	PLXNA3	UBTD1	SLC9A1	EIF1B	YTHDF3	MFSD5	ARAF	LIMS3	LPPR2	FAM65A	RNF6	SLC48A1	SEC62	ERF	SORBS3
198	1.0	DR1	CORO1B	EBAG9	GBAS	LTBR	SLC17A5	DOCK5	SRRM1	ECE1	LUC7L3	KIAA0907	MCOLN1	TBC1D2	SIRPA	BTD	SRSF7	BMI1	FOSL2	MAT2A	BCL3	ARL5A	SOCS3	RIPK1	PLD2	PLEKHM1	MTF1	PRR11	HS1BP3	HNRNPH3	MST4	ALDH3B1	TOM1	SH3BP2	SERTAD3	FAM60A	ATG7	HNRNPA0	WDR82	SLC24A6	TOP2B	PRKAG2	MFSD7	RENBP	GALNS	ADNP	FNTA	YIPF1	SLC36A1	LSM14A	KIAA0146	APH1B	G3BP2	FTL	HNRNPA1	MSRA	ANO10	TOLLIP	BEST1	ACADM	PNN	PLK3	SRSF4	SMARCE1	CBFB	PANK3	HNRNPA3	GLTP	FURIN	ARHGEF11	SLC38A1	PLEC	FAM131A	UBAP1	PPP2R5E	HTATSF1
199	1.0	SGSH	SRSF10	MBTPS1	LYPLA1	CRAT	IDUA	CTR9	TTC35	KIAA0913	SMPD1	SRPK1	AZIN1	GAA	SPATA20	ST3GAL1	NUCB1	DNAJB2	PLCD1	PMPCB	MAPK3	LBR	SMNDC1	GLB1L	MOB4	MAN2B2	STK19	AASDHPPT	ABHD4	MXD4	RNF138	HYI	TMUB2	PPP2R5B	LRP1	HSD17B14	GOLGA1	KIAA0513	KIAA1539	TK2	TBC1D9B	YIPF3	UBC	LTA4H	CALCOCO1	CNOT1	FAM35A	TCTA	COX11	ORAI3	EIF1AX	H6PD	WDR13	EIF2S3	FAM176B	SNW1
200	1.0	OLAH	XIST	MARCH5	SON	SLC6A6	SDF2	SLC35A2	AFF1	SRSF5	TAF7	GPR107	DHDDS	C2orf18	KCNK13	SPCS3	SIL1	SRC	CLN8	LRRFIP2	YTHDC1	RNF141	SLC39A1	C9orf167	BMPR2	NF2	YKT6	ZAK	DEF8	MFI2	HFE	ARSB	STAG2	ARGLU1	TMEM185B	DGCR11	PAFAH1B2	ADAM15	PCYT1A	PUM2	DYRK1A	GGCX	GOLGA2	TROVE2	HYAL3	RBM39	RSRC2
201	1.0	CSF1	SPSB1	MAP3K6	KIFC3	STX1A	PCDHGA3	SMOX	SLC12A4	CLCF1	NKX3-1	HMGN4	HOMER3	MICALL1	TANC2	CDC42BPB	PVR	SMURF1	ABL2	SAMD4A	NTSR1	CYTH3	EXTL3	SCN1B	NCS1	CDC42EP2	ANXA2P3	PPARD	IL17RC	PANX1	PI4K2A	DUSP3	SLC8A1	RUSC2	NRG1	PXN	TMEM184B	USP7	BMP1	RTN2	ANXA2P1	RGS12	ST3GAL4	CDKN2B	CDKN1B	CUEDC1	SLC6A9	FOSL1	HIP1	DAGLA	SNAI1	PDLIM7	NDST1	MICA	CSF2	CCL7	AGRN	RNF24	SMAD3	RIN1	SYNJ2	CDC42EP1	KLHL21	TNFRSF10D	OSGIN1
202	1.0	PCDHA2	PCDHA3	PCDHA6	PCDHA5
203	1.0	SSTR1	NRIP2	PENK	MAP1LC3C	TLL1	HIF3A	CCDC48	PHYHIP	PTGER3	FABP3	GPC3	CRHBP	EMX2	BCHE	WT1-AS	SGCA	TNMD	EFHD1	NFASC	RAPGEF3	CRTAC1	PLP1	COL21A1	CDH19	PDZRN4	GDF10	PLA2G2A	SCUBE2	AVPR2	ADAMTSL3	KCNA5	TBX5	PTH1R	ITGA9	C8orf84	CYP46A1	MTNR1B	HSPA12A	LIMS2	TACR2	ADAMTS8	KCNB1	TCF15	TNXB	CRLF1	SCN7A	TSPAN8	CTSG	KCNAB1	WNT11	VTN	PDE3A	NBLA00301	HTR2A	SCRG1	LAMC3	PLA2G5	ANGPTL7	SEPT4	ABI3BP	PEG3	KCND3	GUCY1A2	LEP	NNAT	RERGL	CHRM2	CMA1	LOC100131825	CAPN6	PDE1A	PDK4
204	1.0	TCF21	LBP	HS3ST2	CLEC4M	KCNS1	SEMA6D	F10	CHIA	PRG4	DCHS2	APOB	PMP2	TSHZ2	ADRB1	TRPM8	C1orf95	GLYAT	TBX4	ROS1	TRPM3	CNTN6	DCC	AGXT2L1	RPE65	F9	RARB	MASP1	VIP	KCNIP2	ART4	ADRA1A	KCNQ3	CNGA1	RGN	AVPR1A	AQP7	MAPK10	FGF16	IMPG2	C6	PAGE4	PREX2	RELN	CTRC	GSTM5	MLXIPL	C1orf105	GPR88	SNCG	PDE1B	NXPH3	ADAMTSL2	LHCGR	CYP19A1	XPNPEP2	ADRB3	BRS3	POU6F2	LIPE	SLC4A4	ACSS3	GABRB2	PHKG1	CIDEC	CSN1S1	NTRK3	RAB40A	CA4	CFHR2	HOXD1	ACAN	C12orf39	CPB1	NPY5R	TPO	MYOC	COLEC11	AGTR2	GABRA4	GPD1	SLC7A10	SCN11A	ACR	COLEC10	KCNJ10	NDNF	CSN3	VIPR2
205	1.0	RFK	MAPKBP1	TJP2	EHD3	KRT8	LEPR	SKI	CLIP4	HGSNAT	TIAM1	ANXA4	ZNF516	LUZP1	CTNND1	KLF9	ARHGAP10	C1orf216	ETS2	FAM50B	KLF7	EZR	AKR1A1	BICD2	ULK2	MAP7D3	PRAF2	DGKG	EPCAM	GAB2	TOP1	CLEC11A	MRAS	IDH2	BMP6	TPD52	SYNGR2	DNAJC15	TBXA2R	MARCKSL1	IFI27	WWC3	D4S234E	TRIB1	FAM110B	GNB5	TSPAN13	RAB11FIP2	ADRB2	TES	KRT18	EPHA4	CUBN	DERL1	FDFT1	PDE4DIP	GDPD5	SPG20	ADA	MSMO1	SEPP1	AGPAT4	CXADR	DUSP7	SSH1	SNCA	MYBL1	CYB5A	H1F0	ADI1	OGFRL1	TRPS1	WDR47	FHL3	REPIN1	MEGF6	SEPHS2	ID1	ROBO3
206	1.0	MLPH	SLC38A6	MDFIC	MYO5C	C3orf64	PJA1	P4HTM	TMEM135	SMAD7	CYB5R1	CREB3	KDM5B	ELOVL1	MAGED2	PRKD3	TRIO	NRIP1	SAA4	SLK	BSCL2	DERA	GUSB	RNASE4	RAB11A	NTAN1	MEST	BHLHE40	IQCG	LEPRE1	HAP1	GALNT14	CLINT1	NUCB2	CYP51A1	SERPIND1	EEF1A2	GSTM1	ECHDC3	GOLGB1	TCFL5	RRAD	ALDH3A2	CBR1	SEL1L3	BPGM	DYRK3	TRAK2	PPP6C	RPL39L	UST	INPP5F	CKB	CRYBG3	GCLC	GPM6A	ISOC1	FAH	HIST3H2A	LRIG1	FAM164A	SEMA4C	TBC1D9	APOBEC3C	BEX1	HDGFRP3	SNAPC1	HIST2H2BE	CLTB	IRS2
207	1.0	MPP6	BICD1	CIB1	IL11RA	ZNF132	INHBE	ZC4H2	SCCPDH	BCAT1	TMSB15B	SYT11	PTPLB	CAPRIN2	BLMH	C16orf5	CNTNAP1	TP73-AS1	PLAG1	FEZ1	MAGEH1	PCDHGA11	RNPEP	ORMDL2	AKT3	KIF26B	CREG1	NLGN4Y	PERP	GPER	SFN	CACNA1A	HIC1	SERPINI1	DSP	H2AFY	JUP	FADS2	ARHGAP24	NMT2	NEFH	NET1	TOB1	GSPT2	GPX7	DYRK4	ALDH2	C16orf62	SDC4	C1orf123	TMBIM1	ASS1	CDK14	HOXC4	DDR1	SH3YL1	TMEM9B
208	1.0	PDE4A	NAALADL1	DNAJB1	ZNF804A	ST3GAL6	PARP6	RASA3	MYO5A	CD46	PPP3CC	VAMP5	CTBP2	BFAR	FAM55C	CLSTN1	ITGB3	BTN2A1	ATP1B1	SPINT2	HSD17B4	MRPL49	WDR41	PTGIR	ABCD3	ASMTL	HIVEP2	SEPT6	IFFO1	PHF17	CARD8	EIF2AK1	CD9	NFATC1	ATP1A1	CD24	TNFSF12	STK24	LGALS3BP	CHST7	KLF12	PLEKHF1	ST3GAL2	IDH1	BLCAP	PARVB	CPNE3	SPATS2L	HEBP2	C21orf7	MPZ	SYNE1	RUFY3
209	1.0	GLUD1	CHST2	SH2B2	BEX4	ITPR1	TNFSF4	TMEM106C	TTC19	SLMO2	SSBP2	GRK5	TRAK1	P2RX5	ENO2	ATXN1	LOC390940	ZEB1	TSPYL5	DHCR24	PTP4A1	SLC7A5	GGH	HN1L	PLA2G4C	TECR	HDAC9	ADAM19	SLC2A3	CALHM2	SORD	FADS1	ACAA2	SLC3A2	RBCK1	GATA3	AUTS2	TLE4	TMEM14A	CYBRD1	PLEKHO1	SLFN12	HTATIP2	ANKRD27	ATP10D	WIPF1	HOXB2	SPTSSA	ACSL3	C3orf14	GDE1	ITGA4	HMGCR	PLAGL1	PDCD1LG2	CNIH4	PLA2G4A	TBC1D1	PBX3	MYOM2	DOK1	TMOD1	TH1L	PKIA	RDH11	EBP	ZNF22	FIG4	SACS	LY6E
210	1.0	FRMD4A	ADIPOR1	ZDHHC14	IGF2BP3	SLC9A3R1	YES1	CROT	FSCN1	ME1	BLVRB	CLIP2	ASH2L	SPAG16	RAB38	STS	EPB41L2	BLVRA	CD55	MTMR2	SLC35D1	SLC16A1	MAPRE2	HNRNPH2	ZNF215	PEG10	TXNIP	FAM69A	SC5DL	ADCY3	CYB5B	SNX19	KIAA1797	RGS3	HSD17B11	MOSPD1	WTAP	ABCC4	CDKN2A	STX18	GLUL
211	1.0	TRIT1	RBM4	SNHG3	GNL3LP1	ZNF37BP	RPL37A	NSUN5P1	ALMS1	C7orf44	MDN1	CEP135	GCFC1	MTRF1L	GNB2L1	SMA4	LINC00115	RPL18	ATAD2B	S100PBP	DIS3	LINC00338	ZBED4	FUBP1	CREBZF	RPL17	CDK12	GOLGA6A	FASTKD2	PRPF3	LRIG2	ITFG2	LRP5L	DCLRE1C	POLG2	SPATA5L1	RPL5	NR2C1	RAD52	LOC100506653	KLRAP1
212	1.0	RRN3P1	CCNL2	LOC100506162	CSAD	RCOR3	LONP2	HMBOX1	LOC100507619	SUGP2	LRCH3	TUBGCP4	C17orf88	L3MBTL1	NAIP	KIAA0664L3	EZH1	PAN2	CG030	FBXO42	FAN1	ZNF337	PSPC1	FLJ42627	JRK	ZRSR2	TRPV1	NACA	GNRH1	MON2	KDM4C	MSH4	LINC00342	STAG3L1	CROCCP3	WDR52	C2orf68	ZNF248	LOC157562	PMS2L2	LOC202181	LOC100507424	C12orf51	ALDH8A1	BTBD18	SS18L1	NFX1	HERC2	TSC1	ZNF767	ZNRD1-AS1	SECISBP2	ZFAND6	LOC729799	TRIM52	TNKS	NPFF	POU2F1	TAS2R14	LOC155060	FBXW4P1	NSUN6	DIDO1	TTC21B	TARBP1	NANOG	HELZ	RFPL3-AS1	NEAT1	SPICE1	ZCCHC11	MLL
213	1.0	MTCP1NB	FARS2	WDR70	FAM158A	FAHD2A	BOLA1	CSNK2A2	CDC34	HIRIP3	TRIM68	GSTZ1	RBFA	R3HCC1	IVD	NUDT13	PPIE	NUDT2	TARS2	C19orf54	PET112	PPIP5K1	SLC25A38	KIAA0141	MPI	ZNF16	NBAS	SIRT5	NAMPT	ACAD8	LOC100287590	XPA	OBFC1	C2orf27A	BCAT2	ATP5S	TIMM9	BCKDHA	DDX3X	RPL30	GNAI3
214	1.0	DNAJC28	CDC42SE1	GEMIN8	RNF32	LIAS	UBFD1	MPP5	CCDC25	FBXL12	UBXN8	MAVS	CBX5	PIGH	NAA35	PEX19	ACTR3B	ARMCX5	ABHD10	PEX7	RWDD2A	SETMAR	XPO4	COX16	SPRYD7	AKIP1	EPM2A	ZFP36	ERCC8	MAPKAP1	ATP6V1A	ATMIN	MNAT1	RPL41	WDYHV1	EFCAB2	COQ7	RWDD2B	NUDT6	SRR	VPS45	KRAS	PCCA	NUDT9	USP46	WARS2	IFITM3	TMEM57	NDRG1	RABL3	PNPLA4	EFCAB11	C6orf35	MIPEP	FECH	LMAN2L	GPATCH2	CCT6B	MOCS2	CDC42	ASCC1	HMG20A
215	1.0	B3GNTL1	MKLN1	UBA1	PARP11	SKIL	SENP5	MAD2L1BP	XRCC4	C2orf49	OAZ1	CDK2AP1	FEM1B	YWHAE	MTM1	PTENP1	ANKLE2	ZFYVE26	PRKCI	SNIP1	PHTF1	RPGR	UHRF1BP1L	C9orf156	ZZEF1	CCDC88A	PAFAH2	CCDC93	ERMAP	NIPAL3	WDR45L	IFNAR1	C1orf56	TUBB2C	PGGT1B	ADAM17	GDAP2	TMOD2	KIAA0317	TFG	RNASEL	MCMBP	RAB14	SYNJ1	BTBD7	VPS41	EPAS1	PPFIA1	BAG4	AVL9	ALDH9A1	TAF12	TMF1	MAP2K4	HDGF	AHCYL1	EIF1	ATP11A	ID2B	PDLIM5	PRKAA1	BRAF	ATP2A2	HUS1	JAK2	GAPVD1	USP32	KLHL7	YIPF4	ATP9B	NSUN3	SAP30	VAMP4	RNFT1	TRAF6	CDADC1	MBD1	ECD	RC3H2	APAF1	USP22	CYP20A1	KPNA1	EIF2C4
216	1.0	PNP	FADD	ETFDH	TTPAL	RIPK2	PIGB	STX6	KIAA0564	SLC33A1	CASP6	WDR44	EIF5A2	KLHL9	FAM206A	BAG6	AP1S1	CALM2	TCP11L1	NEDD4	PPIP5K2	STRN3	ARHGDIA	TSC22D3	C1GALT1	BLOC1S1	CLN5	TRIP4	PPP2R1B	MTAP	GTF2E2	MAPK1IP1L	NECAP1	SRD5A3	SIPA1L1	HMGA1	NR1D2	ABHD6	HSDL2	HS2ST1	TRIM5	CDYL	EDEM3	RP2	UBR4	CTH	SGMS1	IDE	PGLS	TWSG1	MAP2K2	WWP1	PREPL	VPS28	ZMYM6	MAPK9	SPA17	HPS5	PPCS	MAGT1	NDUFAF1	ETNK1	ARL15	MED8	PPM1A
217	1.0	PSG7	RNASET2	PDLIM4	MAMLD1	S100A3	F2RL2	ETV5	RAB3B	GSTT2	GDF5	CHST3	C7orf69	HAS1	NRP2	SYDE1	AFAP1	TSPAN5	MGC4294	POPDC3	PSG2	BDNF	ANKRD1	ABLIM3	AOX1	KRT34	PSG6	CTIF	KRT33B	ARSJ	GPR1	DCBLD2	PTPN21	CLDN11	FGF5	PSG9	KIRREL	ADAMTS6	IL11	FOXC2	DRP2	DLX2	GSG1	GPR176	PTPN14	RAB11FIP5	PSG5	FADS3	FSTL3	KISS1	LRP12	TPST1	RBMS2	OSMR	TGFB2	ARHGAP22
218	1.0	SNN	MMD	LPXN	RTN3	SNRK	NT5DC2	USP3	STAT6	TRIP6	IRF9	NADK	PYCR1	ADPGK	GNAI2	ARHGEF2	UBE4A	NT5C2	HLA-DMB	SATB1	PIR	CD302	ZNF217	SLC35A1	DHCR7	UCP2	SCO2	HIST1H2AC	RYBP	PIK3CD	TMEM50A	C19orf22	SMAD1	SMCHD1	ARHGEF18	NRGN	MTFR1	ZNF238	ARHGEF6	FAM108A1	PELI1	TRIM8	CXCR4	NR4A3	RAB11FIP1	PF4	CALCOCO2	MAN2B1	KLF2	SULT1A1	RGS2	CSGALNACT2	PHF11	HECA	SH3BP5	RAB27A	TNFSF10	TMX4	RALB	KCTD12	GCH1	DIAPH1	SCD	SHOC2	ABHD3	SP110	DENND5A	PTGER4	STXBP3	CLEC2B	APOLD1	CASP8	MEGF9	ACAP2	SEPX1	PIP4K2A	SNX2	HLA-DMA	LPAR6	HMGB3	CSK	AP1S2	SIDT2	KIAA1033	CYFIP2	MKRN1	STK38	FBXO9	CRLF3	C10orf10
219	1.0	CCND2	DGKZ	CCDC109B	TCF7	DENND4B	GAK	ZC3HAV1	RNF44	CRTC3	LINC00341	STK10	CYTH1	FYN	EVL	ATM	NCK2	PION	LOC728855	FAM117A	ST6GAL1	SEMA4D	TAOK3	NOSIP	TNFAIP2	PRKACB	ARHGEF3	CDC25B	LBH	MSL3	IL7R	RARRES3	ARL4C	SAMHD1	IL2RG	CRIP1	PLSCR3	LEPROTL1	C12orf35
220	1.0	TOR1AIP1	FXC1	ZCCHC4	ZNF780B	CHM	C17orf80	GNA13	MAP3K7	GTF2I	KIAA1109	HP1BP3	EXOC5	PHTF2	MAPK14	ZNF192	METTL16	FBXO38	ZKSCAN1	C10orf28	ARFGEF1	AP3B1	ZNF480	UTRN	IPO8	TGFBR1	CCDC6	TMOD3	EIF4EBP2	DSCR3	SLC39A9	CDC27	GUF1	ZNF484	ZNF407	FRS2	TRIP11	MBTPS2	NUS1P3	ZNF41	UBE2G2	ZBTB33	ATF2	NCBP1	SS18	SCYL2	NAB1	SNX13	SLC25A30	NEK9	SCAMP1	CUL4B	ERLIN1	SLC4A7	LIG4	ROCK2	AP4E1	LMAN1	SKP2
221	1.0	BCL2L11	NFYA	LRRC37A4	MAP3K2	TWISTNB	SMU1	GTF3C4	NXT2	STRN	LNPEP	PDK1	FAM108B1	CBL	RAB3GAP1	MTMR12	MAP3K1	ZNF460	FOXN2	HIPK3	TMEM209	KLHL11	ELK4	SOS1	NAPG	CHP	ASB7	TOX4	HNRNPH1	PPP4R2	FKBP5	ROD1	VCPIP1	RNGTT	AKAP10	EPB41	CHML	ARIH1	NR2C2	SP4	GABPA	DGKE	MAPK8	EIF4G2	C10orf118	MDM2	SLC25A40	C14orf118	CWF19L1	QSER1	TXLNG	RAB6A	SOS2	GLE1	IKZF5	C18orf25	KIAA0494	TSC22D2	ZFX	RNF19A	YOD1	XIAP	UBA6
222	1.0	RLN2	NUDT4	BAG3	HSD17B8	NEK7	ACTA2	C3orf37	PEA15	ZBTB5	C19orf57	LRRC8B	SNX3	DCAF11	TNPO1	WWOX	PLEKHJ1	TTC9	STX17	MCF2L-AS1	MGMT	ZNF672	RSU1	CHKA	SLC37A4	MTHFS	SPARC	PHLPP1	GLS2	CTPS2	SPATA2	GNMT	CHSY1	MST1P9	PAPSS1	TPM1	DHRS11	SH3GLB1	BIRC2	FAM169A	PMS2P5	SLC43A1	ELK3	NEIL1	CNNM3	TESK2	POU5F1P3	DEGS1	CERS4	JAK1	OVGP1	KHK
223	1.0	PLIN2	PDE3B	RMND5A	FBXO46	DGKD	UAP1	CSNK1A1	POU5F1P4	UGCG	PIK3CB	TPM4	ALDH5A1	SHC1	IQCB1	COG2	DNMT3A	ATP6V1E1	GALNT1	CHD7	YPEL5	SFMBT1	RNF125	ZNF33B	RNF11	ZSCAN16	DYNLT3	DHTKD1	LIMA1	FHIT	TRAPPC6A	C6orf130	PRKAR1A	RRAGC	MAP4	NUP210	RHOC	SEC31A	MLLT3	PLCXD1	TMEM30A	TAF4	SLC25A15	RALA	GSDMB	MUTYH	VAMP3	PRNP	E2F5	TUBB2A	TAX1BP3	REC8	TSG101	ATP6V1D	MT2A	PMS2P1	ATF7IP2
224	1.0	CCDC64	TMEM159	RAB27B	STEAP4	SSH3	DSC2	GDPD3	LTB4R	ABP1	ARSD	MAOB	PLEK2	C10orf57	P2RY2	ST6GALNAC2	EID1	MYCL1	BTBD1	TGFA	ZBTB7C	PDZK1IP1	DTX2	CYP27B1	RYR1	EPHB6	CAPN1	LIMK2	EREG	APOD	DPYSL2	RASSF7	HS3ST1	ZNF552	VDR	CLMN	KRT19P2	CXCL3	PIP4K2C	ARMCX6	CEACAM1	SYTL2	OSBPL2	TGM3	SLC39A4	GBE1	PRRG4	AREG	VIPR1	AKR1B1	SLC2A9	HIP1R	SULT1A2
225	1.0	TSPAN14	TRPM2	FXR1	REPS2	SLC22A18	ALDOC	ABAT	ABCC3	DAAM1	S100A5	DHRS1	SLC16A5	PGAP3	POR	SGPL1	CRYAB	VPS37B	KLF3	SLC12A7	PPP1R12B	SLC35D2	TMEM2	TMEM144	OSBPL9	DOPEY2	FAM134B	ZNF185	NDRG2	ADH5	MXD1	LPAR2	FAM63A	TMEM63A	AGPAT2	AKR1C1	RWDD1	SLC27A3	FHL1	SIGIRR	CBX1	DEPTOR	GRAMD4	PRR5	SLC29A3	AMZ2	FAM98A	RCAN3	LRRC6	MOSC1	ARHGEF10L	GCNT1
226	1.0	SP2	ZSCAN5A	MTA2	YY2	ZNF286A	PPP3R1	CCNK	LSM14B	RPL23AP53	WDR4	PMCHL1	MLLT1	PPARA	ANP32C	ZNF384	LINC00328	HIPK2	ASH1L	HIST3H3	CRCP	TAF15	FAM76A	ZKSCAN5	TMEM183A	ULK4	C17orf85	PHLPP2	ZBTB39	ZNF8	HCG4B	PEX26	CEP250	LPCAT3	TECTA	USP27X	PPP6R3	CIR1	EMD	SCLY	ACVR2B	KLHL18	SNX15	NPTN	C14orf56	TDRKH	RPS4Y1	WHSC2	TAF5L	LOXL3	PBX2	PIGL	HS3ST3B1	YARS2	TXNL4B	PRO2964	PKM2	PRKY	WWP2	RMND5B	PHF8	INTS3	HLA-F-AS1	MED14	GCC1	GTPBP3	DCAKD	PRDM10	SNTB2	ERCC4	FSCN2	MTMR10	TRMT2B	THRAP3	MRPL44	CWC25	EP300	EXOC6B	HIST2H2AA3	MEF2BNB	RASSF8	EDA2R	CXorf56	PHOX2A	C6orf47	PRKCE	AMFR	KDM4A	ZNF816	RPL10L	FLJ20712
227	1.0	DKFZP434C153	SPTLC3	XRCC2	SCD5	ANKRD36BP2	SCUBE3	CEP41	KIAA1654	KIAA0894	USP49	SAG	ZC3H7B	POM121	LOC100288594	OR7E87P	ZNF778	CYSLTR1	TMEM143	CCDC30	UBQLN4	TAF1	DND1
228	1.0	PKLR	F7	TMPRSS6	CRYAA	ADRA1B	FN3K	SEC14L4	XYLB	HAAO	DNMT3L	FETUB	GPLD1	CLDN14	SHBG	SLC26A1	UPB1	OXT
229	1.0	PCDHGB5	AIPL1
230	1.0	COBLL1	ASB13	MFAP3L	GATA2	ADARB1	PSMB9	SLC11A2	PLCB1	SORT1	IL13RA1	ABCC5	ASAP2	FZD1	C7orf23	GALNT11	ITGB5	ADCY9	WWC2	BACE1	PSMB10	EVI5	TFPI	CTDSPL	ATP9A	DDAH2	SPHK1	GRB10	FNBP1L	MANSC1	FZD2	OSBPL1A	MICALL2	PSIP1	UBE2L6	KCTD15	TCF7L2	UBE2J1	WARS	GNAQ	CRTAP	ATXN7L1	SCARB2	PVRL2	PRKCA	KLF4	GSN	CBR3	PLEKHA5	EPS15	DFNA5	PSMB8	GAS2L1	RHOBTB1	IGF1R	SCML1	CRK	TXNRD3	SFXN3	LZTFL1	FNBP1	ZCCHC14	LRP3	ITSN1	SLC6A8
231	1.0	OSBPL10	GABARAPL1	ARAP3	PTX3	LTBP1	ARHGAP17	FAM198B	WLS	ACVR1	ITGA6	KLF11	COL18A1	SASH1	IGF2BP2	PHACTR2	RFTN1	INPP4B	SLCO3A1	FAM13A	CXCL2	MITF	HNMT	CLU	SMARCD3	PID1	MTMR11	PGCP	FBN2	PELI2	WDFY3	UXS1	SLC22A4	CDKN1C	GPR56	MEIS1	SWAP70	RAP1GAP2	SMPDL3A	TNS1	NACC2	SEMA3C	FKBP1B	IL1RAP	F2RL1	TBC1D8	UBE2G1	PLCG2	TIMP2	RIN2	CAMK1	ATP2B4	PLEKHA1	TMEM158	ABCA1	RFX5	ARHGEF40	CXCL1	PCSK5	ZCCHC24	PLXND1	KIAA1598	DHRS3	CLDND1	THBD	PROS1
232	1.0	NKX6-1	NLGN4X	HOXD3	LGI2	NPTX1	MYEF2	SLC5A4	UNC5C	NTS	GBX2	LZTS1	DMRT1	HOXD11	PRDM13	DYNC1I1	RLBP1	CSDC2	PCOLCE2	NACAD	NRCAM	TRIM9	CHGB	EYA1	SLC45A2	NOVA1	DIRAS2	ANO3	CNTN1	SNAP25	GPR37	GLI1	NAALAD2	PGBD5	NGFR	ADRA1D	LSAMP	EXTL1	IL1RAPL1	LPHN3	SH3GL2	TRO	SCN3A	ANKRD7	CHRNA3	TCEAL2	DKK1	FOXG1	EN2	ATP6V1G2	MAGEA12	NCAM1	INSM1	NLGN1	ECEL1	CHRNA9	WT1	NRXN3	SALL1	DENND2A	HOXD10	SLITRK5	PAX3	TLL2	EPHA5	CHODL	TLX3	HAND2	FAM189A1	EPHA7	SOX5	HERC2P3	GLT25D2	TRPC3	SOHLH2	MPPED2	SYNDIG1	TAC1	PI15	PAX6	NKX3-2	NR0B1	NPTX2	TRPM1	SNTG2	DLX6	PURG	RUNDC3B	BARX1	CALB2	SMAD9	GAPDHS	CACNB2	HOXD9	ALX1	NKX2-5	GRAMD1B	WIF1	NEFL	GLP2R
233	1.0	FUT9	MAP2	CNNM1	NKX2-2	RORB	GALR1	ST8SIA5	KCNK3	KCMF1	LUZP2	STXBP5L	NCAM2	MTUS2	ZIC3	CDH12	FGF12	HLA-A	FAM5C	CADM3	ZDHHC8P1	LY6H	GRIK1	KCNJ4	IMPG1	FLRT1	CABP1	RYR2	CDH18	POU3F4	POU3F2	NPAS3	ARC	KCNA1	CACNA1G	NR2E1	CHD5	ABCC8	SLC4A3	DRD1	RIMS1	ARPC2	CNGA3	SHC3	SOX10	GPC5	KIF1A	GRIK2	SYT5	NDP	CAMK1G	ZNF536	POU3F3	HPSE2	ARHGDIG	GFRA2
234	1.0	BEGAIN	DUSP26	PPM1E	B3GAT1	PDIA2	ADAM11	RUNDC3A	ADORA1	AAK1	RGS11	C21orf62	GPR52	KCNN1	SIX3	HTR1E	PCBP1	GPR85	MAPK8IP2	GPR22	DSCAM	CEND1	MSI1	FAM182B	MAPK8IP1	TMCC2	RGS6	PCDHA9	LOC646934	KHDRBS2	STMN3	ROM1	NOS1AP	TPPP	MCF2	NOVA2	KLHDC8A	ATP1B2	SAMD14	NDST3	OLIG2	NHLH1	MPPED1	GPR162	ZNF835	CUX2	ICAM5	TRIM46	EGR4	VGF	DPF1	JAKMIP2	SLC30A3	SLIT1	PCBP3	RASL10A	SIX6	LOC441204	HPCAL4	DOC2A	MOBP	CRYBA2
235	1.0	SLC19A1	NUBP1	GABPB1	C14orf169	THG1L	OSGEP	CTNNBL1	PPAT	TM2D1	CSTF2	PDK3	PPCDC	LMBRD1	TET3	NBR1	TCF3	DUS2L	E2F3	HIST1H4J	SFXN1	PECR	NFE2L1	PNRC1	POLR3C	CLPB	RAD51B	LRP8	QTRTD1	SMCR7L	EIF2C2	SETD8	RNF113A	WRAP73	RPP14	NSDHL	EFR3A	NDFIP1	TMEM194A	AGAP2	TTLL4	ANKHD1	TRNAU1AP	SLC25A17	DCLRE1B	PDCD2	CHEK2	RQCD1	POLR3G	CCDC134
236	1.0	PDCL	HDLBP	TBC1D5	DPF2	CUZD1	DUSP12	LINS	C9orf91	SEC24D	GMCL1	TADA2A	EXOC2	TGIF2	TGDS	C2orf43	HIST1H2AG	ATP6V0A2	SAP30BP	RFXAP	ZNF589	PPIAL4A	INPP4A	METTL4	NPC1	CYP2R1	MSL2	PDE6D	ZFP161	ACADVL	CNTRL	SEPW1	IP6K2	LOC100129973	LOC100506935	IL1A	ZBTB25	PRKX	C21orf96	LIMD1	ATR	CNOT6	IRAK4	FIS1	FBXL14	KIAA0391	MGST3	RNASEH2B	INTS9	INPP5B	CDC14A	DCAF7	MBNL3	CDK19	TAF4B	PIGC	ZNF281	SRBD1	ING1	ADNP2	ERO1LB	NRF1	TFIP11	LOC389906	INVS	TTC13	SLC7A6	POGLUT1	LOC282997	ZNF267	HIC2	ZNF468	SUN1	CDKL1	HEATR3	MCM9	USP24
237	1.0	MOSPD2	PPPDE1	IDS	GSR	FICD	LARP1	OBFC2A	ABHD2	SPTLC2	PPP1R3D	ERO1L	SLC12A6	SERPINB8	IGBP1	RAB8B	ENTPD7	MANBA	GALNT10	CDK17	KLHDC10	IKBKB	ZMYND11	EML4	CPT1A	PCM1	CIRBP	SFT2D2	POTEKP	KCNE1L	SRD5A1	KLHDC2	GLS	PEBP1	ABLIM1	SNAP29	CAMLG	CAMKK2	ARNTL	RRBP1	SMARCA2	ARHGEF12	ST13	GK3P	SAR1A	BMP2K	LRRC47	ELL2
238	1.0	BRD3	MYCBP	RELA	LANCL1	ARPC4	CUL5	MSRB2	FTO	CLP1	AGA	PAFAH1B1	ARHGEF7	LSS	TM2D3	AGFG1	ZNF259	ISG20L2	MEF2A	MOAP1	ELF4	OSBP	MALT1	SEC24B	MED13	SLC31A1	TP53	MARCH6	MFHAS1	LDLRAP1	FBXO21	USP11	ADD1	USP9X	MXI1	RB1CC1	KIAA0196	SLC39A8	VEZF1	DAG1	SLC7A11	BAG1	KIDINS220	SPTAN1	AMMECR1	GADD45B	PHF20	MACF1	NAT1	FAM168B	SGPP1	IK	LARS	RABGAP1	CHTOP
239	1.0	WNT5B	HSPB7	KCNMA1	COL13A1	BAALC	CSPG4	FAT4	MAP1A	CORO2B	AK5	PRKD1	PRR16	MEG3	DGKI	NAV3	SEMA3D	RBMS3	LEPREL2	NTM	SCN9A	PLEKHA4	LRRC2	CDH13	STK32B	STAC	NTF3	BNC2	ENSA	COL6A1	SPEG	CLIP3	PTGFR	CTF1	CACNA1C	TRHDE	PHLDB1	KIAA1644	PDE1C	EVC	COL8A1	FGF1	ANTXR1	GLI3	NGF	HSPB6	LOC100287387	BICC1	KCNK2	AMPH	C7orf10	NPR2	TMEM35	GLI2	CCIN	SHOX	NFATC4	ITGA10	MKNK2	NOV	TAF7L	FBXL7	SH3PXD2A	TRPC4	ZFHX4	SCG2	MN1	CDH6	NPR3	EDIL3	PDE7B	CNIH3	PDE5A	PAPPA	VGLL3	ZNF385D
240	1.0	ARMC9	LAMA1	PNMAL1	PYGO1	FAM155A	TRPC1	SFRP1	CDH2	KRT19	CPS1	MPDZ	CEP112	FKBP10	PTPRG	PCDHGC3	SV2A	TCF7L1	NDRG4	RGS17	PDE10A	KIF3C	LDOC1	ARHGEF10	TMEFF1	SHOX2	ARHGEF17	FGD1	WASF3	NEFM	ADAM23	ELOVL4	ROR1	EML1	PRR13	SUSD5	INA	SLC16A2	LYPD1	AASS	PNMA2	ZNF365	FGFR1	ODZ4	TTLL7	SEMA3A	KLHL4	MMP16	GJC1	SLC6A15	LIFR	DYNC2H1	ARHGAP28	VAMP8	SMARCA1	CPEB1	KCNG1	C16orf45	DZIP1	ETV1	FOXL2	NRIP3	GLRB	GPR161	RPS6KA6	C11orf41	CDH4	LARP6	FHOD3	CYBA	FGF2	PCDH9	STEAP1B	STX2	TMEM22	SCN8A	SCARA3	DBN1	TTC28	DIRAS3	ADAMTS3	NUDT11	FNDC4	ENOX1	GABBR2	ODZ3	RGS7	APBB2	HOXC5	ARNT2
241	1.0	TUBGCP2	GIPR	VENTXP1	LOC100129648	CRYGB	TFDP3	PRX	CNTD2	ATP8B2	CNPY4	FLJ13224	GPR27	ADAM30	GJA8	HTR7	ALX4	CSH1	KCNC4	FBRS	PCDHGB6	DOHH	ELSPBP1	OR12D2	PGPEP1	C16orf3	SEMA6B	ABO	LHB	SLC22A8	ALDOAP2	CLDN16	JMJD5	MAGEC3	GH2	FCN2	PGK2	DNAJC4	BBC3	MS4A5	SSTR3	PICK1	HIST1H2BL	TACR1	TLE6	ADAMTS13	GRK1	IFNB1	TFR2	APBA1	AVP	PRG2	RGS9	RAC1	LOC644450	EPN1	TPSD1	MKRN3	CCDC71	DRD2	KAT5	RAG1	SOX14	IL5	CSHL1	GRM4	GABARAPL3	TTC38	INE1	GNRH2	RHO	ESPN	CRYGD	SLC4A5	C22orf43	APOL2	KLHL1	PAX7	MORC1	NMUR1	PIN1P1	LOC79999	C19orf73	LOC100131532	CRADD	CASP9	KIF5B	ADAM7	OXCT2	MTSS1L	KCNJ1	TCL1B	CCL1	SDK2	LTK
242	1.0	PCDHGA9	CT62	ZNF771	MTNR1A	DKKL1	ZFR2	SLC6A3	CRHR1	C22orf26	ADM2	LHX5	GFRA4	GNB3	LOC729164	MAP3K10	LOC100506571	DRD4	GPR68	CYP11B2	OR10H2	PNMA3	KCNJ9	ZNF259P1	NPPC
243	1.0	YIF1B	CHRNA6	TPSG1	NHEJ1	KIAA0556	AURKC	C12orf49	LOC100131510	FER1L4	IPPK	ERC1	ZNF747	PTCH2	FOLR1	SIRT6	WNT3	TUB	METTL21B	GPA33	UBE2D4	COX10	C20orf20	SIGLEC15	TUBA3C	NR6A1	OPN1SW	GABARAPL2	PP13	IGHMBP2	INO80D	CPNE7	SFTPB	SLC6A12	INHA	PLA2G6	FAM53B	WNT6	BCORL1	GPR157	SPTBN5	GSK3A	LDHAL6B	FMO4	FAM116B	TBX6	APBB3	PQLC2	AFP	DSTNP2	TALDO1	FAM203A	TMEM66	CCK	OR2F1	DSCR4	TNFSF18	C17orf63	TMPRSS5	NOD1	APOM	DTX2P1-UPK3BP1-PMS2P11	DOLPP1	SCML2	DCLK2	FANCC	C8orf60	UMOD	GPRIN2	PXMP4	CLCN5	TGM4	KRTAP5-9	CCDC9	TFAP4	C9orf86
244	1.0	IGSF9B	F2RL3	MOS	THEG	TUBA3D	GDF9	MC4R	PRLH	HIST1H3E	TCTN2	RGSL1	DKFZP686O1327	CYP11A1	KCNJ14	ASIP	SLC22A14	HHLA1	FGF22	A4GNT	PRKG2	FRAS1	RDH8	GPR75	FKSG2	MLN	C10orf68	UBE2NL	PPEF2	GJA9	MED31	IL9R	CCRN4L	C1orf61	SYT12	RNF122	KLHL35	LENEP	LRRC37BP1	CLPS	PCDHGA1	TTC18	EFR3B	LGALS13	TBC1D2B	ZSWIM1	TSKS	ADAM29	LINC00474	GHRHR	LOC100286895	HTR1F	NEU3	ZW10	LRTM1	EPX	SH3GL3	CYP17A1	TULP2	CYLC2	LOC100128640	TCF20	EPAG	IFNA4	ERN1	TSSK2	SYNGR4	LOC100130331	GRIA4	LCT	GPATCH4	SYCP1	CSH2	P2RX6	BMP10	KIR2DL5A	RFPL2	HRH2	PRPH	KRTAP5-8	RPS3A	ATG10	PIGR	TAS2R4	RSPH6A	FRMD1	MCHR1	IFNA21	PDE6A
245	1.0	PCDHB11	PCDHB3	PCDHB12	PCDHB8	PCDHB6
246	1.0	SOX2	TPTE	DUSP9	ELOVL2	UCP1	MBD2	ZBBX	MAGEA10	COL2A1	HLA-B	HTR2C	GABRA3	APOA1	LHX1	CCNA1	KHDC1L	NRTN	HLA-C	AJAP1	POU4F1	EDA	HAND1	TEX15	GAD1	MYCN	KCNMB4	TRIM48	GNG4	ZNF280A	IFITM2
247	1.0	NPAS1	PCSK1N	CITED1	DLL3	GRIP1	FSD1	RAB3A	TAGLN3	WNT10B	ANXA7	CIB2	VAX2	BAI2	FAM184A	LOC283683	AFF2	TUBB4	PODXL2	REEP2	PCDHB13	RAB6B	SLC17A7	PPP2R2B	NKAIN1	THRA	DLG4	COPG2IT1	FLT4	OGDHL	PPEF1	KIF17	ASPHD1	HRK	LHX2	MAGI1	GDAP1	PCLO	SLC26A10	HERPUD1	KIF5C	DNM3	SCAMP5	TEX14	PTH2R	EFNB3	LPPR3	NPTXR	C1orf114	C1QL1	MPP2	APLP1	LRRC49	CA11	CSPG5	RND2	PDCD6IP	PTPRS	RAC3	HRASLS	GPR3	GRIK4	LPHN1	DPYSL4	SLC22A17	CACNA2D2	ODZ1	PRR4	B4GALNT1	TRH	GNAZ	ACCN2	SYNGR3	KCNH2	PALM	SMO	CADM4	LRRN2	ATP8A2	L1CAM	DOCK3	SYT1	IQSEC2	CELSR3
