1	1.0	ETFDH	RIPK2	PIGB	KIAA0564	SLC33A1	XRCC4	C2orf43	PPIP5K2	STRN3	FOXJ3	MFN2	RAD23A	PRKAR2A	TRIP4	GTF2E2	NPEPPS	SLC35A5	VPS41	PSME4	UBE3A	HSDL2	HS2ST1	TRIM5	ZMYM6	SLC25A12	MANEA	ISCA1	SRBD1	NDUFAF1	CHTOP	USP24
2	1.0	RABIF	TMEM53	GMPPA	SLC17A5	PMM2	SDF2	SLC35A2	C12orf49	BTD	GPR107	DHDDS	DOLK	STYXL1	C2orf18	B4GALT4	GMPPB	ACOX3	CPT1A	CYB561D2	SLC39A1	C9orf167	GOSR2	SFT2D2	YKT6	BET1L	HFE	TMEM185B	SLC35C1	ADAM15	MFSD5	DYRK1A	GGCX	TROVE2	MED8	OSGIN1
3	1.0	PLIN2	DGKZ	ATHL1	SH2B2	DGKD	RALGDS	MAFF	RAB32	MTMR4	TNFSF13	RRAS2	NSUN5P1	USP18	MAPK1	ADM	STX12	NOTCH1	ZCCHC2	SLC30A1	TMEM50A	ENOSF1	GGA2	CYP1B1	FAM46A	N4BP1	ACP5	NAGA	MCCC1	NRGN	GADD45A	NR4A2	CDKN1A	ZNF395	PHF15	DUSP2	TIPARP	CFD	FCGBP	SIK1	KIAA0226	CD83	CD44	BTG2	CBX7	NSMAF	RASGRP2	RALA	PTPN18	GMFB	ITPKB	TXNRD1	DAPP1	TMEM165	STXBP2	DSE	RDX	HMOX1	RGS3	DMXL2	MYLIP	DRAM1	C11orf21	ID2	RNASE2	KDM2A	MAP1LC3B	FOSB
4	1.0	HSPA4L	GALE	C3orf52	PARD3	ETV4	VSIG10	LRP6	BPHL	PTPRF	PEX11A	LRFN3	GNA11	CCNO	ZNF323	LGR4	PACSIN3	GLRX	FJX1	TULP3	TOM1L1	PHKA1	B9D1	SH3BGRL	DHRS11	NR3C1	GAS8	KIAA0895	RHOG	THAP10	GTF2IRD1	DLG5	SLC22A5	NSDHL	TTC23	TYRO3	SLC2A8	CEP70	CDC42BPA	LEPREL4	GPR125	KIAA0649	PITX1	NR2F6
5	1.0	HMP19	PHOX2B
6	1.0	HSPA8	RPL8
7	1.0	DNAJC28	HSF2	CUZD1	RCOR3	ANXA4	ANKRD26	CDK5RAP2	THAP9	ARIH2	MARK3	KATNA1	FAM55C	ACTN4	CEP63	HSPBAP1	CLSTN1	DDI2	ERCC8	MAP2K4	KPNA5	APP	MLH3	MIOS	PHF17	MTO1	FAM178A	PRDM10	OPA1	MTHFD2L	STK24	STAG1	NDRG1	EXOG	PIAS2	TMBIM1	ASS1	FECH	WDR33	KIAA0586	RFC1	AP4S1	JMJD6	BTRC
8	1.0	PSMB4	PSMB3
9	1.0	MYLPF	MYL2	NEB	MYH7	MYL1	CACNB1	MYOZ1	APOBEC2	MYL3	TPM3	ATP2A1	USP6	COX6A2
10	1.0	RPS8	ZNF674	RPL12
11	1.0	COX8A
12	1.0	PCDHGB6	LOC1720
13	1.0	EEF2	RPSA	ATP5A1	RPL35	RPL4	RPS5	RPLP0
14	1.0	CFHR4	DPYS	LECT2	SLCO1B1	HAO2
15	1.0	HTN3	HTN1
16	1.0	SNHG3	SNORA21	KIF24	C7orf44	CEP135	CEP152	GNL3L	DBF4B	ZBED4	SBNO1	CASC5	DCLRE1C	SPATA5L1
17	1.0	ARL6IP1	CNTD2	POPDC2	YWHAB	ELOVL5	MBP	TXN	VPS35	DNAJA1	NCRNA00185	NPC2	TM9SF2	ITIH4	CD81	PPT1	GNB1	MYH3	ATP6AP2	MYL4	MTSS1	FOXO4	UPK3A	ANXA5
18	1.0	THG1L	CSNK2A2	AGTPBP1	CD46	TRIM68	IPW	TFB1M	PRR3	BCL10	C19orf42	MKRN2	CCDC106	BLMH	POLR3D	DPY19L2P2	AP3M2	PLAG1	CCDC28B	CHST10	RAD17	YEATS2	EPM2A	ELP3	POLR1E	MTMR2	S100PBP	IER3	GTF3C3	SERPINI1	HESX1	NBAS	CHMP3	FADS2	UBA5	DDHD2	SNUPN	DZANK1	DYRK4	AGK	HEBP2	CLASP2	CXorf57	CDKL1	HMG20A
19	1.0	CCDC70
20	1.0	TUBB4Q	FAM205B
21	1.0	TPMT	FXN	CINP	RPL23	NUBP1	CTDSP2	DYNC1H1	GSTZ1	FASTKD5	TUG1	ELAC2	TMEM110	ALDH1B1	PNPO	NBPF10	SSSCA1	NUDT2	TACO1	SCLY	NOTCH2NL	PPPDE2	AKIP1	CLPB	C11orf51	COQ2	MRPS18A	PREP	C17orf39	RPL41	MSL1	GPN2	CMAS	WARS2	SRRD	BNIP1	TMEM11	LDHC	GFER	CCDC134	LARS2	AVEN
22	1.0	RPS27A	ATF4
23	1.0	CYP2F1	AMHR2
24	1.0	ARMC4	NGB	GEMIN7	SLC16A8	CHRNG	KIF25	CNTFR	ADRA2B	CHRNA2
25	1.0	TAZ	POLL	MTCP1NB	FBXL15	PPOX	THAP11	DPF2	NPRL2	C1orf50	NT5C	USE1	ING4	TMEM80	SMARCAL1	ACOT8	SCAND2	TBC1D22A	C4orf10	COG4	RBMX2	C17orf59	HPS4	PI4KA	CCS	C21orf2	C14orf93	SERGEF	FAM120C	CRYBB2P1	BRF1	AZI1	ATPAF2	FAM192A	DUS2L	PEX6	XPC	C12orf47	PARP16	RPL28	CCBL1	CLCN6	SNX15	ZNF821	SLC25A38	KIAA0141	RPS28	PCIF1	LOC100134713	LOC100129250	C2orf68	LOC100129973	NRL	ZNF76	CLDN15	ZCWPW1	RNF113A	ZNF34	CA5B	KBTBD4	SIRT5	TTC15	TBCD	WRAP73	MAN2A2	C22orf46	ABCD4	LOC100287590	KIAA0391	PIN1	OBFC1	TRNAU1AP	PARD6A	VPS16	C17orf90	LRRC23	NAT6	PIGC	PDCD2	PHF7	RHOBTB2	CCDC101	C19orf60	LOC282997	HEMK1	C14orf133	YPEL1	OGG1
26	1.0	AMBN	RAVER2	HOXD13
27	1.0	C4orf6	OPRM1
28	1.0	F2RL3	SOX14
29	1.0	VDAC2	HSPD1	CCT4	NCL	CYCS
30	1.0	MAGEA6	MAGEA3
31	1.0	NTSR2	KIAA1045	GNG5	CPNE6
32	1.0	UBA52	RPS15	RPS6	RPS3	RPS25
33	1.0	AHSG	HCN4
34	1.0	RPL10A	YBX1	EIF3H	EIF3E	EIF3K	UQCRFS1	PHB2	ATP5H
35	1.0	USP4	KIAA0430	RBM23	UBXN2B	USP10	FRAT2	PPP2R5A	XPO6	C17orf62	CFLAR	SEC14L1	NUP214	ZCCHC6	NRBF2	NDEL1
36	1.0	RPL36AL	RPS24
37	1.0	TBCA	NDUFA4	COX6C	HINT1	UQCRH
38	1.0	RPS26	SERF2	RPL11	SUMO2	TMSB10
39	1.0	PSMA6	RPL34
40	1.0	CCT8L2	HAB1
41	1.0	SKIL	CNOT7	UBE2E3	CYB5R3	PTDSS1	CRLF2	POLR2G	SARS	HIGD2A	SOCS3	OXA1L	METTL7A	OSM	TMEM59	GSTP1	C14orf2	POLR1D	DAPK2	MYBPC3	DCTN3	IFNB1	SURF1	FDFT1	C19orf56	CSDA	NAP1L1	ANAPC13	PABPC4	CCNG1	FCGR1A	ZBP1	CSDE1	AP2M1	C6orf48	PRDX3	PRDM5	ATP6V1F	CCL1	ODC1
42	1.0	IL9	IL2	IL3
43	1.0	COX5B
44	1.0	SRP14
45	1.0	SLC22A6	SLC22A2	NPHS2
46	1.0	MAGEB4	GTPBP10
47	1.0	RELA	RXRA	SLC38A10	CERK	TNIP2	GAA	DNASE2	NUCB1	MAPKAPK2	GATAD2A	BCL3	MAPK3	VPS37B	RNF19B	RAB5B	GLT25D1	CTSZ	ELF4	EHD1	PRKD2	GRINA	PXN	LDLRAP1	ABR	SNX6	TMEM8A	EHBP1L1	SLC16A3	MTMR14	C9orf95
48	1.0	SSX7	SSX5	CXorf48	GAGE1
49	1.0	DSCR4	LUZP4
50	1.0	DNAJA3	NDUFS7	NDUFA7	MRPL34	ECI1	SAMM50	TXN2	PRKAG1	NDUFB7	ARL2
51	1.0	ZFYVE16	UBR5	CALM3	UBE2Q1	USP48	AUH	STK17A	ALDOC	SORT1	NGLY1	GTF2B	ABCC5	MAP2K1	ACVR2A	PELO	ETS2	CALM2	GALNT11	SGPL1	IGBP1	AP3S2	HDHD1	PAPOLA	UBE2D2	PDCD4	KIF1B	TMEM144	IER5	NECAP1	DDIT4	PPP1R7	TMEM131	TMEM184B	PIP4K2C	FNTA	KIF16B	TNFAIP3	UBE2J1	ARMCX6	PPP6C	ARL4A	STK38L	TP53BP2	CRYBG3	USP16	SCARB2	ANG	PER3	KLF4	KIAA0196	STX8	SEMA4C	EPS15	RNF4	SNX2	CRK	IRS2	IK	LARS	RPL15	PBLD
52	1.0	RABEP1	ZNF81
53	1.0	HAND2	DKFZP434L187
54	1.0	RPS4X	EIF3L	RPS19	EEF1G	RPS20
55	1.0	C19orf40	ZNF695	E2F2	REEP5	C17orf53	CENPO	CCDC15	DMC1
56	1.0	HPCA	ZP2
57	1.0	CRYBB3	OR7C2
58	1.0	PTGES3
59	1.0	TIMELESS	PAXIP1	CLSPN	CKAP5	NCAPD3
60	1.0	ENO1	ARPC3	SEC61B	HMGN1	SLC25A5	MYH7B	CAPZA1	CAP1	SSR2	CLIC1
61	1.0	IFIT1	IFI6	IFIT3
62	1.0	CLCA4	KLK13	KRT24	ATP12A
63	1.0	PRKCG	ENTPD2
64	1.0	FMOD	CILP	ADH1B	ASPN	ITIH5	PLA2G2A	WISP2	FMO2	MFAP5	CHRDL1	PLIN1	CXCL14	LEP	ADIPOQ	THBS4	C7	DLC1
65	1.0	GNAT1	TULP1
66	1.0	CCL16	MASP2
67	1.0	HIST1H2BC	HIST1H3G	HIST1H2BG	HIST1H4H	HIST1H2AG	HIST1H3H	HIST1H2BJ	HIST1H2AE	HIST2H2AA3
68	1.0	VSX1	LRIT1
69	1.0	TTC12	TMEM159	LHPP	RLN2	UAP1	ABAT	ALDH6A1	PPP1R3D	FAM50B	PGAP3	DCAF11	TNPO1	WWOX	DNAJB2	MGMT	TP53TG1	SLC46A3	C11orf71	FARP2	FHIT	DOPEY2	THNSL2	TRAPPC6A	ECHDC3	FAM63A	NAAA	ECHDC2	TMEM134	C17orf108	CRYL1	ALAD	NEIL1	TESK2	CERS4	B3GALT4	TMEM187	BCKDHA	SLC39A14	CCT6B	RLN1	ACSF2	H2AFJ	NME3	FBXW4
70	1.0	VHL	KCNQ4	IBSP	FAM75C2	LOC100507630	KCNQ1DN	P2RX3	MBL1P	KLF17P1	FOXP3
71	1.0	CATR1	TEX12	METTL19	SCRT1	INSL6	OTUD7B
72	1.0	GABARAP	LAPTM4A
73	1.0	MAGEA5	MAGEA10	MAGEA1	SAGE1	SSX1	VCX2	MAGEA11	CTAG2	MAGEC1
74	1.0	MTRR	KIAA0947	PAPD7	C8orf33	FASTKD3	RAD1	ATF1	C5orf22
75	1.0	S1PR2	KCNH1
76	1.0	PRKACG	AKAP4	ADAM3A	RAD21L1
77	1.0	KCNE2	ATP4B
78	1.0	KRT12	INSL5	GCG	DEFA6	GALNT8	PNLIPRP2	AQP8
79	1.0	VENTXP1	PRX
80	1.0	C8orf71	KRT36
81	1.0	LY6G6E	CABP2
82	1.0	FAM189B	SIGMAR1	SAC3D1	NAA10
83	1.0	CACNG2	KCNC1	CDH22	JPH3	BRSK2
84	1.0	MCF2L2
85	1.0	TEX28	PRSS50	OR51E2	GCNT4	SMR3A
86	1.0	MAML3	LYZL6
87	1.0	GPR45	HCRT	KRT3
88	1.0	C1orf129	C9orf68	YSK4	LOC400084
89	1.0	CRYGA	LCN1	LOC440792
90	1.0	C22orf31	DKFZP564C196
91	1.0	ESRRB	IAPP	GJA3
92	1.0	DPM1	HIGD1A	PCNP	RSL24D1	SUB1	NDUFA6	YME1L1
93	1.0	PRDM8	OR12D3
94	1.0	PNLIPRP1	PRB1
95	1.0	MREG	MYO5C	DNAJB4	MID1	EMP2	CRIP2	PSD3	IRS1	PROCR	BMPR1A	HYAL2	TPD52L1	FAM171A1	ARHGAP5	F2R	CDC14B	CASK
96	1.0	USP9Y	ZFY	KDM5D	TTTY15	UTY
97	1.0	CT62	CALCR	PRSS1	ARSD	FER1L4	UPK2	KLK15	DDX43	DNASE1	HDAC11	CLDN9	SFTPA2	PARD6B	MIR622	HRASLS2	DNAAF1	KRT83	KRT19P2	GLUD2	PCDHB8	KRT8P12	GUCY1B2	UPK3B	UBE2D3	P2RX2
98	1.0	SLC5A7	PDE4C
99	1.0	PRTN3	ELANE	MPO	AZU1
100	1.0	POLR1B	LINC00230A
101	1.0	GRIN2A	GAD2	ANKRD34C
102	1.0	KIAA0020	GPN1	GRPEL1	RPP30	AATF	RNASEH1	DNAJC7	NOP16
103	1.0	ADAM30	OR10H2
104	1.0	FAM53C	MKNK1	GRB2	RHOT1	PPP2R3C	FBXW2	PTEN	NFIL3	HAUS4	B4GALT5	MTMR6	RCOR1
105	1.0	PSG11	OR7E19P	PSG1
106	1.0	WNT8B	SDK2
107	1.0	RSAD1	FUZ	ABHD14A	ANGEL1	STOML1	ECSIT	FRS3	POMGNT1	R3HCC1	IVD	RING1	UBE2D4	RAB40B	CRELD1	SIRT3	NCKIPSD	PDK2	ZNF768	MPI	URGCP	RPAP1	UROS	GCDH	THAP7	RRNAD1	SCMH1	DBP	SLC41A3	SLC2A11	THTPA	MYL5
108	1.0	C3orf27	PPIL6
109	1.0	FAM66D	GHSR	BOK
110	1.0	AFM	PRODH2	C8B	APOC4	HAO1	SERPINA7	BHMT
111	1.0	HOXD3	ANK2	CIB1	KIAA1024	DGKI	SHOX2	GPR85	PPEF1	ANKRD7	CNTNAP1	PRR13	WT1	KIF26B	TTLL7	CPEB1	SATB2	UST	NRG2	FHOD3	ALDH2	HOXC4	ENOX1
112	1.0	KRTAP4-7	KRTAP2-4	KRTAP9-9	KRT85	KRTAP1-3	KRT35
113	1.0	MMP26	B4GALT2
114	1.0	TMCO3	USP29
115	1.0	DLST	ASNA1	DDX41	C19orf50
116	1.0	MRPL52	PTENP1	RNF185	RPAIN	PKD2L2	MRPL41	ARL2BP	RPL14	EEF1D	ATP6V0E1	RPLP2
117	1.0	DUSP11	STAMBP
118	1.0	PDE6C	LCAT
119	1.0	IL2RA	TNFRSF4	CTLA4	ITGB7	XCL1	PVRIG	TBX21	LAG3	LAX1	IRF4	IFNG	CD72	CXCR3
120	1.0	FUT8	SPTLC2	CASP6	CYB5R1	KPNA3	CEP68	POR	RHOQ	FEZ2	ANKRD46	RRAGD	NBR1	GPD1L	TECR	WIPI1	BLOC1S1	PCK2	UBL3	HIST1H4J	USO1	TBC1D4	FAM102A	BIN1	CDC37	ADCK3	ANKRD10	P2RX4	RPS6KA3	SLC31A1	CALCOCO2	PCM1	PGM1	OPTN	ECI2	MFHAS1	PRKX	UBR4	INPP5A	PIGK	CSNK1G3	HOMER1	PTP4A3	FHL1	SLC39A8	TTN	COPS8	AACS	ACSL1	GPR137B	SYNE2	GM2A	ABCA5	MAPKAPK3	TLE3	BNIP3	MYOM2	CDR2	AKAP1	TMOD1	PKIA	BLCAP	DNAJC10	SOAT1
121	1.0	IMP4	MRPL17	MRPS16	MRPL22	UTP6	POLR3K
122	1.0	GDNF	PSG3
123	1.0	RPL36A	ATP5J2
124	1.0	PAGE1	MAGEB1
125	1.0	RPL39	RPL23A	RPS29
126	1.0	LDHA	GFAP
127	1.0	RPS11	RPL27A
128	1.0	LCMT1	PEX11B
129	1.0	FANCG	LMNB2	NUP155	C16orf59	CCNE1	TMEM48	MIS18A	WHSC1	INCENP	DTYMK
130	1.0	FBXW12	HAUS2	ATP8B1
131	1.0	GIMAP4	ICAM2	GIMAP5	FGL2	GIMAP6	NKG7	CX3CR1	MS4A6A
132	1.0	NCOA4	ALX3
133	1.0	SSX3	KCNV2
134	1.0	CENPA	BIRC5	KIF11	TK1	TTK	NCAPG	KIF14	KIF20A
135	1.0	SOAT2	SERPINA6	SULT2A1	UGT2B4	SERPINA10	SERPINC1	MTTP	MAT1A	KNG1
136	1.0	COX6B1	RPS14P3
137	1.0	GNPDA1	DCTD	PIGT	ERCC1	CPNE1	NDRG3	TOMM34	GSS	AP2B1	SCAND1	ICMT
138	1.0	MIP	GUCY2D
139	1.0	PRPS2	KIF2A	CASP3	R3HDM1	IDH3A	C1D	MCM5	AK1	FASTKD1	OXCT1	RECQL
140	1.0	KIR2DS5	KIR3DS1	KIR2DS2	KIR2DL2	KIR3DL3
141	1.0	TM4SF20	SI	GUCA2B	SLC26A3	BAIAP2L2	ANXA13	VIL1	SLC3A1	TFF2	ERN2
142	1.0	TH	OTOR	TDRD1
143	1.0	FLJ11292	MTMR7
144	1.0	PCSK2	KIAA1456
145	1.0	DHFR	TOPBP1	ASPM	GINS1	HMMR	CKAP2	DBF4	TMPO	DTL	LMNB1	BUB1B
146	1.0	TOP2A	MELK	MLF1IP	CCNB2	TPX2	CDK1
147	1.0	MAGEB2	LOC441601	MAGEA8	NAA11
148	1.0	IKBKAP	C21orf59	GLOD4	FAM50A	C12orf24	ALG6	PDCD5	NSMCE4A	SIVA1
149	1.0	WDR77	CCDC86	NOP2	POLR3E	DDX10	MAK16
150	1.0	SLC4A1	ALAS2	EPB42	AHSP	KRT1
151	1.0	COBLL1	LAMB2	NRP1	KCNMA1	SLC1A3	SLC16A4	LTBP1	FAM198B	DIXDC1	MME	LPAR1	COL18A1	ABCA8	SASH1	MEIS3P1	BACE1	FZD7	GULP1	RNASE4	SELENBP1	TFPI	WASF3	CLU	ATP9A	COL6A1	ZNF532	CFH	FNBP1L	ABLIM3	MEIS1	AKR1C3	TENC1	LRP1	TNS1	ITGA1	C7orf10	GNAQ	SMTN	PTK2	ACOX2	MAST4	ALDH7A1	DOCK4	ABCA1	FZD4	DFNA5	SSPN	MORC4	PTPRM	PODXL	NUAK1	PRKAR2B	PDE5A	RPS6KA2	THBD	ST5	PBX1	LPHN2
152	1.0	SPRR1A	KRT6A	DSG3	SPRR1B	SPRR3	SPRR2B
153	1.0	PGK2	TACR1	AVP	DRD4	LOC100131532	NPHS1	ADAM7
154	1.0	ABCD1	OR7A5
155	1.0	RFX3	CCDC40	MTNR1A	HEATR8	TRPV4	ADRB1	SRGAP3	ZNF157	LRRC36	SLC26A4	ULK4	FAM182A	ACSM1	MORN1	C20orf195	TP73	A2M	TRAF3IP1	AKAP3	C1orf114	GPR172B	NKX2-1	CNGA3	SOX30	CDKL2	LOC257152	CYP26A1	C15orf34	CNTN5	LRP2BP	CES1P1	SLC13A3	FAM164C
156	1.0	RPLP1	RPL7A	RPL27	RPS23	RPS10	RPS16	RPL6	RPL32	RPS13	RPL37	RPL21	RPL19	RPL30
157	1.0	SCNN1G	OR7C1
158	1.0	PCDHGB5	AIPL1
159	1.0	ZIM2	KCNJ14	EFR3B	OR2C1	ADAMTS9	PCDHB1	TAS2R4	TRPV5
160	1.0	ZNF771	FZD8	ST8SIA2	DOT1L	SEMA3D	SLC22A8	OTOF	NEU2	ROM1	PCDHGA11	LOXL3	FKRP	IL17B	HTR7P1	NPPC
161	1.0	IL2RB	GZMB	CD2	KLRB1	KLRK1	ITK	PRF1	CD3D	CD247	GZMA	GNLY
162	1.0	RS1
163	1.0	FMR1	ZNHIT6	LOC220594	EGLN1	RNF111	RPS27	LYRM1	C19orf2	MAP3K4	MSL2	UIMC1	TOPORS	ATMIN	MINA	PICALM	IVNS1ABP	PKN2	VPS45	DYNC1LI1	SLC25A3	C1orf123	PHF20	CCNG2	MTR	GNAI3
164	1.0	CRYGB	HS3ST2	AVPR1B	CYP11A1	KCNK13	MFSD7	SLC6A12	GNB3	TEX14	CATSPERG	CYP19A1	SPTBN5	LDHAL6B	PMFBP1	PQLC2	DRP2	DAGLA	ATG10	DNASE2B	MCHR1	KCNJ1
165	1.0	PRO1768	EDDM3A
166	1.0	TJP1	RAB31	CXCL12	CAV2	C10orf116	EMP1	TM4SF1	RFTN1	TGFBI	HOPX	IFI16	CEBPD	PPAP2B	IL1R1	MAFB	KCTD12	CLEC2B	LPAR6	MYCBP2	ZFP36L1	TGFBR2
167	1.0	SLC5A4	PMP2	SLC45A2	PI15	TRPM1	GAPDHS
168	1.0	ANGPT2	APLNR	CALCRL	GJA4	TIE1	EMCN	GPR116	KDR	CDH5	PLVAP	RAMP3	MYH11	DARC	MMRN2
169	1.0	FABP3	MTNR1B
170	1.0	OCLM	RPS14
171	1.0	CDH7	KCNV1	PEX5L	CDR1
172	1.0	PCDHGA9	DKKL1	C22orf26	ADM2	CHRNA4	CXorf27	LOC100506571	PNMA3	ZNF259P1
173	1.0	CD96	SIRPG	CD8B	KLRD1	FASLG	TRD@	CD7	SH2D1A	TRAT1	CD3G	CD6	ICOS
174	1.0	NCR2	LILRP2
175	1.0	PRR14	EGLN2	ATG2A	IMPDH1	CSNK1G2	RGL2	XKR8	PISD	MAST3	STX10
176	1.0	UBE2O	ASXL2	PDPK1	TIMM50	DHTKD1	TMEM223	C14orf102	DCP1A	ZNF3	PHACTR4	KPNA6	ADAT1	ZNF131	SEC22B	ZNF281	EP300	MAFG	MYO9A	POGLUT1
177	1.0	USH2A	IMPG2
178	1.0	GZMH	CD3E	TRDV3	TARP	SPOCK2	CD8A	ZAP70	GZMK	CTSW
179	1.0	WNT1	CNGB3
180	1.0	GABARAPL2	IST1
181	1.0	KIAA0100	COIL	ATRX	TIPRL	FAM135A	PRRC2C	RPL13P5	RSRC1	NFAT5	RPAP2	ESF1	THOC2
182	1.0	MUC8	EIF4H	CACNA1E	UQCR10
183	1.0	HIST1H2AL	HIST1H3C	HIST1H1B	HIST1H3B	HIST1H3F	HIST1H3I	HIST1H2AM
184	1.0	NOLC1	RRP1B	NOP56	UTP18	RSL1D1	MRPL9	SNRPA1	DENR	LRPPRC	WBP11	FAM35A
185	1.0	ALDOA	CCNI
186	1.0	HIST1H4A	HIST1H4L	HIST1H4F	HIST1H3J
187	1.0	RPL9
188	1.0	ATP5F1	MMADHC
189	1.0	GFI1B	MPL	PVALB	CLEC1B	C6orf25	ALOX12	GP9	PF4V1	GP6	ITGA2B	CABP5
190	1.0	PSG7	PSG4	PSG2	PSG6	PSG9	PSG5	KISS1
191	1.0	NR0B2	GBA3	HAVCR1	FAM186A	NR1H4	OTC	MIA2	ABCG5	SCGN	NPC1L1
192	1.0	SMC2	CENPM	BUB1	CHEK1	CENPE	POLE2	STIL	CCNE2	RFC5	KIF15	NEK2
193	1.0	CADM3	CRX
194	1.0	GDPD2	RDH16	SFTPD	POU3F1	TGM5	PMEL	KCNK7	EPHB6	OR1F2P	PLCH2	GYS2	CNGB1	LTB4R2	CA6	PLA2G3	TREX2	OCA2
195	1.0	CYP2A7P1	RAX
196	1.0	PRDX2	NUDT7	SAG	ZC3H7B	TIGD1L
197	1.0	USP25	KIAA0368	SLC25A11	SESN1	SETD3	USP47	POLDIP2	HERC1	KPNA4	FLII	CUTC	DNAJB6	CUL4A
198	1.0	IGKV1D-8	IGHG1	BPNT1	LOC100508797	MC3R	IGLV4-60	IGH@	IGLV6-57
199	1.0	SERPINB3	PI3	ALDH3A1	KLK11	CLCA2	DSC3	SCEL	MSLN	SPINK5	ARTN	KLK12
200	1.0	RMND5A	HDLBP	PIK3CB	PAK1	TBCB	MARCKS	ACTA2	C3orf37	SHC1	NME4	GALNT1	RABAC1	CHD7	CEP170	SFMBT1	SCRN1	ZSCAN16	PCTP	MTHFS	LIMA1	SPARC	MPRIP	CETN2	PTER	MAGED1	GALNT2	CHSY1	DCTN2	POU5F1B	FAM127A	SEC31A	C5orf13	C18orf10	MLLT11	ZMIZ1	RHOB	PNMA1	POU5F1P3	CSRP1	MXRA7	TUBB2A	MYL6B	CD99
201	1.0	LLPH	DHX29
202	1.0	C11orf20	CYP1A2	SIGLEC6	G6PC2	CPA2	SEMA7A	C22orf24	RAB3IL1	ADAMTS12	IL1RAPL2	C15orf2	GPR12	P2RY4	AQP2	HECW1	PAPPA2
203	1.0	VCAN	FAM114A1	HTRA1	CTGF	COL4A2	IGFBP4	GJA1	MMP2	CYR61	COL1A1	COL5A2
204	1.0	RPS17	KDSR
205	1.0	DMTF1	PRPF4B	USP34	DKFZP586I1420	EIF4A1	LOC100506168	CROCCP2	RBM6	MPHOSPH8	FAM13B
206	1.0	RAG2	MKRN3
207	1.0	GC	PRDM16	SERPINA4	HABP2	AKR1C4	TM4SF4
208	1.0	TAOK1	POGZ	HCRP1	ANP32A-IT1	C8orf44	C4orf29	DYM	C7orf54	PHF20L1	ATF7IP	ZNF362
209	1.0	IL26	IL21	IL17A	IL5	IL22
210	1.0	PSMB7	NDUFA13	UQCRQ	NDUFB5
211	1.0	APOC3	FABP1	FGA	F2
212	1.0	LEFTY2	PIPOX	CER1	VRTN	ACTN3	GDF3	GNG3	CRMP1
213	1.0	ASIP	PRKG2
214	1.0	SCAMP2	SDF2L1	B4GALT3	LMAN2	MAN2A1	DNAJC1	TOR3A	FKBP2	HSPA13	DUSP5	CHST12
215	1.0	FTH1P5	CCPG1
216	1.0	IGLV2-23	IGLJ3	IGKV4-1	IGKV1-5	IGL@
217	1.0	FAM55D	A1CF	CCL24	LRRC19	GUCY2C	CCL11	EDN3	TRPA1
218	1.0	C11orf75	ARPC4	ARHGEF2	TCIRG1	GAK	SCO2	SCPEP1	NECAP2	MAN2B1	SNX17	M6PR	KIAA0930	CAPG	MLX	SIDT2	MGAT1	FKBP15
219	1.0	CAPNS1	DYNLL1	BTF3	SIGLEC8
220	1.0	ZNF208	ZNF492	ZNF253	ZNF813	ZNF442	ZNF141	ZNF254	ZNF665	ZNF331	ZNF257	ZNF43	ZNF85	ZNF93	ZNF682
221	1.0	ACCN1	DLG2	MTUS2	NELL1	CARTPT	RYR2	PSD	IQSEC3
222	1.0	SLC12A5	MYT1L	DPP6	SCN2A	STMN4	ATP1A3	GNAO1	SYN1	FAIM2
223	1.0	VPS8	EIF6	PSMD1	TUBB3	PPIF	EIF3A	HSPH1	MYC	CTSF	WWC3	FABP5	TMCC1	AIMP1	MNT	EIF5A	PRMT2	HMGA1	GOLGA1	KIAA0513	DDX21	UBE2N	BSDC1	CAPRIN1	ARPC5L	CNOT1	GALC	UCHL3	TFRC	PWP1	RNF146	EIF3J	GGCT	NMT1	C22orf28	PPP2R2A	PRPF40A
224	1.0	VIP	MAB21L2	SLC18A1	GRM8	SST
225	1.0	TFB2M	WDR12	GTPBP4	SLC25A32	DIMT1	NDUFAF4	MRPS30
226	1.0	NDUFS8	MTIF2	SDHB	TIMM23	TRIAP1	MRPS22	COPS3	ATP5G1	MRPL40	MRPS28	IDH3B
227	1.0	ORM1	BMX	CCR3	CLEC4E	CEACAM4	EMR3	VNN3	TSPAN2	FCAR	TXNDC3	IARS	GLO1	SIRPB1	CEBPE	TUBB1	CEACAM3
228	1.0	PCDHA10	HTR1A
229	1.0	POLD2	COMMD4	NUP85	UBAP2L	IFRD2	MRPL12	MRPL11
230	1.0	SSR4	YWHAQ	MIF	RPN2	SLC25A6
231	1.0	HIST1H3A	HIST1H2BB	HIST1H4E	HIST1H2BM
232	1.0	KCNA2	APOBEC3F
233	1.0	IER3IP1	EXOSC1
234	1.0	PRR11	SLC35E1	PGF	ZNF721	ZNF160
235	1.0	KIF4A	PLK1	HJURP	FOXM1	MKI67	CDCA8	FAM64A	AURKB	KIF18B
236	1.0	SLC38A2	SEPT7
237	1.0	NAALADL1	RIN3	DPP4	VAMP5	SCN9A	CALHM2	MYOZ2	BMP6	ZEB2	TBXA2R	RBCK1	ITGB3	PTGER2	ATP10A	SERPIND1	RELN	HSPB6	SLC8A1	CUBN	SLC4A4	CYTL1	HIC1	PTGIR	ARHGAP24	PDE3A	TNFSF12	HGF	H1F0	CTSO	CCL7	BEX1	DOK1	XYLT1	MEF2C	COLEC10	SLC14A1	C21orf7
238	1.0	ADCY10	SEMG2	FUT5	DSPP
239	1.0	MED13L	RRN3P1	CHD8	BAZ2A	ZNF117	POU5F1P4	ANKRD36BP2	TMEM111	KCNMB3	HMBOX1	TRRAP	ATP6V1E1	PCBP2	ATP6V0A2	GOLGA2P5	RLF	KIAA0664L3	FBXO42	TEP1	TCF12	C15orf24	PSPC1	ELF2	RAD23B	C1orf56	SMA4	SLC4A8	ATAD2B	WDR52	IL1A	TNRC6B	CAMK1D	CDK12	GSDMB	FIS1	NFATC3	VTI1B	NFX1	TRMT2B	CDC14A	DND1	WSB2	ZFAND6	POU2F1	TTC17	FBXW4P1	MTF2	LOC389906	TSG101	NUMA1	HELZ	NEAT1	BRD1	MLL
240	1.0	PILRA	NCF1C	FCGR2C	LSP1	CCR1	LILRB2
241	1.0	TRIM17	VGLL1
242	1.0	UBE2E1	Morf4L2	C11orf58	PSMA2
243	1.0	GYPA	KLF1	GYPB	HBE1
244	1.0	PRPF31	CHCHD8	ICT1	CLPP
245	1.0	KIR2DS4	NCR1	KIR2DS1	KIR2DS3	KIR2DL4	LIM2	KIR3DL1	KIR2DL1	KIR2DL3
246	1.0	GTF2F1	DDX51	HDAC6	DAPK3	PPP5C	LRRC41	TAF6L	TM9SF4	VAC14	POLRMT	RANGAP1	JUND	UPF1	UNC45A	UBTF	USP5	C1orf144	BCL2L1	ARHGAP35	MVD	ELK1	CPSF1	TXLNA	MFI2	DDX19A	PRCC	SOCS7	VAV2	DHX38	VARS	PRICKLE3	TNPO2	FRMD8
247	1.0	PDZD3	MYO7B
248	1.0	MRPL13	CHORDC1	SSB	ABCE1	PSMG1	NUP37	MRPL42	HSPA4	SEH1L	GNL3	C12orf11
249	1.0	TBC1D29	GPT
250	1.0	CHRND	NPHP1	AANAT	MYBPH	UCP3	PITX3
251	1.0	PRPF6	HS6ST1	POLDIP3	TBC1D22B	RAPGEF1	KIAA1310	NUP188	MAU2	SMG7	AKT2	GLYR1	LMTK2	PDPR	C19orf6	MCM3AP
252	1.0	F7	PLG	SERPINF2	ITIH1	HPR	PROC	LIPC	RHBG	SLC2A2
253	1.0	CXorf40B	CXorf40A
254	1.0	SPINK4	MUC2	CLCA1	DMBT1
255	1.0	CCDC64	CBX4	SPHK2	RNF208	ADCK2	NEK7	COL9A2	SLC27A5	NTHL1	PATZ1	MVK	HHLA3	TRAF4	CNNM2	C8orf55	FBXL6	MEN1	BCL7A	CHKA	SSBP3	RPP25	CAPN10	AGFG2	SIPA1L3	PCYT2	SH3GLB2	SOX12	SPATA2	RBM15B	ARMC7	SH3GLB1	SCAP	AGBL5	WHSC2	PRKAR1B	ZNF444	PRR7	MKS1	SGSM3	GCHFR	SLC25A22	SLC50A1	CNNM3	SYNGR3	EHMT2	CLSTN3	SLC29A3	E2F5	PRKAB1	CAST	ATP13A2	RNFT2	LRRC61	CC2D1A	DAK	SREBF2	PIGQ	CELSR3
256	1.0	COL4A3	LOC100287483
257	1.0	NIPBL	NAA16	TBC1D15	RBBP6	PCF11	ZNF430	USPL1	NEMF	SENP6	METTL21D	RSBN1	ZBTB11	ZC3H7A	ING3
258	1.0	INSRR	OBP2A	SHH	CACNG5	FGF23	GBX1
259	1.0	SOX13	SHB	SSH3	GPR153	ZNF629	CDC42BPB	DOCK1	EPB41L1	CDR2L	LRP5	MEX3D	CDC42EP4	TSKU	DOCK6	PCGF2	CASKIN2	IL17RC	CHPF	MICALL2	RHBDF1	KIAA0284	EPHB4	TEAD3	ADCY6	BCAM	TMEM132A	PLXNB1	TBC1D16	GIPC1	PAK4	CDC42EP1	AGAP1
260	1.0	OR3A3	ADAM20	FCN2	HUNK	TNR	TP53TG5
261	1.0	PPP1R8
262	1.0	KRT8	GFOD1	P2RY1	PON2	HEBP1	LTB4R	SRI	PTPRK	FTH1	C5orf15	EPCAM	CTBP2	LASP1	PDGFC	KRT31	KLF8	FAT1	FHL2	UGDH	RCN1	TPM1	CAMSAP1	DSG2	RHOC	KRT18	GPR157	CYP2E1	PACSIN2	TNS3	SERPINE2	SLC25A24	EPS8	DSC1
263	1.0	CDC23	FANCL	NUP133	UPF3B
264	1.0	GTF2H3	ZNF44	KIAA0894	ZNF611
265	1.0	GKN1	EDDM3B	DDX4	CLCA3P	TAS2R8	OR3A1	TAS2R3	BPESC1
266	1.0	DDX27	PRPF4	WDR3	RRS1
267	1.0	CCDC109B	SUN2	CRTC3	EVL	NCK2	LOC728855	NOSIP	ARHGEF3	CDC25B	LBH	RARRES3	ARL4C	LEPROTL1
268	1.0	ZNF358	SRF	TESK1	MAPRE3	TRAPPC9	NECAB3	ZNF672	DMPK	ACTR2	ATG3	GDF2	FXR2	PP13	DYRK1B	PCBP4	GOLGA7	LIPE	PACS2	CAMK2B	AHDC1	PLEKHM2	KIF1C	ZNF592	C6orf62	ABTB2	MEF2D	SPTLC1	ALDH4A1	HSF4	STIM1
269	1.0	DAO	CYP4A11	NR1I3	CYP2C19
270	1.0	CHERP	RPA2	DAZAP1	TOMM22
271	1.0	C9	HMGN2
272	1.0	LOC100129648	TFDP3	CELA2A	C3orf36	LRRC3	C8orf39	FLJ20712
273	1.0	C3orf32	CELP	C6orf123	CYP2B6	DPEP1	GUCA2A	ASCL2	ZG16
274	1.0	ZDHHC17	FBXO11	DNAJB14	ZNF148	CREB1	KDM5A	COL4A3BP
275	1.0	MYOZ3	DUSP26	RBFOX1	ACTN2	CKMT2	ATP1A2	MYOT	PYGM	CA3	CASQ2	ART3	LRRC2	LDB3	PGAM2	CASQ1	MYOM1	DOK5	TRDN	HSPB3	MYBPC1
276	1.0	GNA13	FAM108B1	METTL16	ZNF460	KLHL11	C10orf28	ZNF480	GABPA	FRS2	ZBTB33	IKZF5	ZFX
277	1.0	MEX3C	CTCF	PHIP	SCAF8	CNOT2	SLTM	SEC24B	RTF1	RANBP2
278	1.0	TP63	BBOX1	EPHX3	SUSD4	ENTPD3	LPAR3	ARHGEF4	FGFR2	SCNN1B	CELSR2	TFAP2C	EYA2	PRODH	HOMER2	PTPRZ1
279	1.0	FDX1	PLD3	VPS37C	ALAS1	CREBL2	CTSD	PDXK	ATP6V1C1	STX4	NEU1	OSTM1	ACP2	ADO	GLA	SNX1	OPN3	ATP6V1H	NSF	C12orf5	NCK1	LRPAP1	LHFPL2	FAM82A2	C14orf109
280	1.0	IFNA10	ZPBP	NMBR	IFNA16	PRO2012	OR7E24
281	1.0	USP8	RPS6KB1	RAD51C	RANGRF	HIPK1	PPM1D	BCAS3	ACN9	RNF114	APPBP2	NMD3	SMARCD2	TRIM33	TFCP2	ZNF175	VAPB
282	1.0	SULF1	FKBP9	THBS2	PRSS23	MRC2	MYL9	DAB2	COL6A2	IGFBP3	MYLK	NNMT
283	1.0	PPP1R2P9	LOC399904
284	1.0	DKFZP434C153	YY2	HIST1H3E	ZNF286A	NHEJ1	WDR4	TIAM2	SCUBE3	FOLR1	ASH1L	CRCP	C10orf68	MED31	RNF122	C17orf85	PHLPP2	NENF	HCG4B	MAGOH2	ZSWIM1	IGHMBP2	C14orf56	ZW10	TAF5L	PIGL	TCF20	ERN1	PHF8	SYNGR4	LOC100130331	GPATCH4	FAM203A	ERCC4	TAF1	TMPRSS5	ZNF770	CWC25	DOLPP1	FANCC	C8orf60	TFAP4
285	1.0	HIST1H2BE	HIST1H2BF
286	1.0	ZFP36L2	CHD1	CHMP1B	NXF1	RNF139	CCNL1	KDM3A	TSC22D3	GTF2H1	MOAP1	ZBTB1	ZNF394	EAPP	JOSD1	H3F3B	BNIP2	CNOT8	SERTAD2
287	1.0	SLURP1	LCE2B	LOR	KLK5	C6orf15
288	1.0	LAMA1	IL13RA2	NPTX1	KRT19	CPS1	LAP3	RAB3B	KIF3C	POPDC3	HAP1	DLK2	HOXA1	INA	TRHDE	FBN2	EEF1A2	SEMA3A	CCNA1	PPP4R4	DNAJC6	KCNG1	FOXL2	NRIP3	AFP	SEPP1	IL11	AGPAT4	RPS6KA6	CCK	STEAP1B	CBS	PNPLA3	FNDC4	NEFL	TPST1
289	1.0	ACOT13	RNF5	HMGCL	MUT	HRSP12	ACAA1	PEPD	AIFM1
290	1.0	EIF4G3	PEX12	KRIT1	ABCA11P	PEX3	TRMT1L	BBS10	C14orf135	ZNF623	ZNF197	C10orf88	ZBTB6	SEC22A	C2orf56	TTC33	GIN1	C12orf29	IPP	ZNF322P1	FKTN	C11orf61	SNAPC3	DNAJC24	TMEM5	JRKL	NHLRC2
291	1.0	BSN	PAK7	AP3B2	SEZ6L	TMEM151B	SYP	MYT1
292	1.0	SP100	BTN3A1	TAPBPL	C19orf66	IL15RA	SAMD9	TNFRSF14	TRIM38	GSDMD	APOL6	TREX1	TRANK1	BTN3A2	BTN3A3	SP140L	CASP4	ERAP2	UBA7
293	1.0	ZWILCH	PRIM1	RFC2	DONSON	TIPIN
294	1.0	SMC1A	SRSF10	RAD21	ANP32E	SLBP	U2SURP	TCERG1	USP1	SUZ12	NUP153	DDX46	PARP1	RPA1	HNRNPF	ANP32A
295	1.0	EIF2C1	ELMO2	INPP5K	WDR37	MLXIP	VPS11	ST3GAL1	ATP6V0A1	DDX1	PLEKHM1	MTF1	SIK3	HERC3	ZZEF1	CYTH2	SERTAD3	ZER1	ATG13	TINF2	NDST2	HNRNPA0	PRKAG2	BTN2A1	KIAA0317	CLN8	TMUB2	YIPF1	FAM162A	ZBTB7A	WWP2	UBC	MTMR3	RAB3D	PQLC1	TRAF6	MBD1	EIF2C4
296	1.0	SUGP2	ZNF692	L3MBTL1	STAG3L1	PILRB	LOC100507424	ZNF767	NPFF	LOC155060	DIDO1
297	1.0	CELA2B	AIRE	DUX1	KCNC2	DKFZP434A062	NYX	GPR144	NR5A1
298	1.0	CD80	LGALS14	ITM2B	GPR15	TEC	BFSP2	IKZF3	CCR10	UGT2B17	SOCS1	TNFSF11	IKZF2	LTA	SDCBP	ZBTB32	TNFRSF13B
299	1.0	GRM5	LY6H	PRMT8	RIMS1	GRM7	SYT5
300	1.0	NRIP2	CCDC48	PHYHIP	KCNK3	SGCA	CSDC2	KCNA5	PTH1R	C8orf84	ADAMTSL2	TACR2	ADAMTS8	SCN7A	VTN	NBLA00301	LAMC3	PLA2G5	AGTR2	PGM5	VIPR2
301	1.0	PSMA1	ATP5G3	PSMG2	COX5A	SOD1	C14orf166	NDUFC2
302	1.0	S100A5	EPHA2	EGFR	PSORS1C1	SH3TC2	ANXA10	GATA6	LIF	RGNEF	NPAS2	GPR39	IGFBP1	PVRL3	ITGA3	TGM2	ARSJ	PRKCA	HTR1D	PAQR5	CARD10	HMGA2	EPHB2	SH2D4A	TINAGL1
303	1.0	BST2	NFKB1	CD70	RAB9A	MX1	STAT1	VRK2	IRF7	EHD4	EIF2AK2
304	1.0	BGN	CCL2	OLFML3	FAP	COLEC12	GREM1	RARRES2	NID2	THY1
305	1.0	PCDHA2	PCDHA3	PCDHA6	PCDHA5
306	1.0	PCDH1	VWA1	KDELR3	RBPMS	PARVA	HES1	CCND1	WWTR1	LAMA5	NBL1	RBFOX2	TUSC3	EFNA1	FZD5	PKP2	MAOA	EHD2	PPIC	NR2F2	MEIS2	FAM59A	ENAH	NFIB	JAG2	IGSF3	FERMT2	FUT1	VEGFC	SEMA3F
307	1.0	GSTM5	BRS3	LIMS2
308	1.0	CPN2	AGXT	F11
309	1.0	OS9	LAMP1	LAMP2	RAB7A	CST3	GNS	MFSD1	RNH1	CTSA	ARF3	PRCP	APLP2	SPG21	ATP6V0C	COMT	LRP10	ATP6V1A	PLEKHB2	CTSB	ATP6V0D1	ATP6AP1	ATP6V1B2	TPP1	ASAH1	PPP1R11	GRN
310	1.0	LTF	OLFM4	BPI	CD177	HP	CAMP	MMP8	ARG1	DEFA4	PGLYRP1	CEACAM8	MS4A3	RNASE3	TCN1	LCN2
311	1.0	PDE4A	HEXIM1	UBA1	TSPAN3	CHRNA6	ABCD2	LMO4	TTC19	ST3GAL6	LINS	NPAT	P2RX7	ST3GAL5	YWHAE	TRAK1	FOXO1	PPP3CC	ARHGAP10	LYL1	ZFYVE26	ELAVL1	MLF2	HIVEP3	CDK5R1	TMX2	CERS2	IL9R	ERAP1	SLC6A7	HBD	LAPTM4B	WDR45L	INPP4A	COPZ1	UVRAG	MTERFD2	HSPA1L	WDR7	IFI27	RORA	PRDM2	RASA4	ZFP161	STAMBPL1	CHPT1	CYLD	NR4A3	PRG2	SQSTM1	ATG4A	TWF1	IL6R	HDGF	ASMTL	HIVEP2	TWF2	KAT6B	SPTSSA	NLRP1	HSBP1	SYPL1	EIF2AK1	CD9	JAK2	STAU1	NFATC1	ZNF671	LGALS3BP	BSG	PDE6G	ITPR2	NOD1	FAM114A2	KLF12	PER1	BZW2	CLASP1	IDH1	PARVB	SLC7A6	SPATS2L	C10orf76	MPZ	FBXW7	FGF8	TM9SF3	NLRX1
312	1.0	TMEM208	SEC23B	ALG8	PDIA4	TXNDC15	MGAT2	TMCO1	SND1	DERL2	CRELD2	SRPRB	EIF2AK3	STT3A	DERL1	SLC35B1	FKBP11
313	1.0	RNASEH2A	PBK	CDKN3	AURKA	CDC20
314	1.0	TRAF3IP2	MFSD6	RAB27B	STX6	CLIP4	DGKA	ENDOD1	FEM1B	MLLT4	BMI1	IPPK	STX17	PLD1	AGA	SERPINB8	STARD5	AP1AR	TACC1	LGALS13	ROD1	SRD5A3	IL24	TMOD3	FLOT1	RNF141	GAN	USP6NL	MYH10	SRD5A1	CDKN2B	CASP8	PEX13	DAG1	NLRP2	EXOC6B	NIPAL2	YOD1	ZDHHC13	DNAJC3	ELL2
315	1.0	EHD3	CHST2	BEX4	ZNF132	TCF4	SSBP2	IFIT5	GRK5	ENO2	PRKD3	TSPYL5	GUSB	TNIK	HDAC9	ADAM19	DAPK1	FEZ1	NUCB2	RNPEP	CYBRD1	AKT3	SLFN12	CREG1	HTATIP2	HSD17B4	BLVRA	SPG20	HOXB2	ABCD3	PEG10	C3orf14	FAM69A	PDCD1LG2	PBX3	CHST7	PLEKHF1	C16orf62	HDGFRP3	CDK14	IL15	SEPHS2	ZNF22	SACS	SGPP1	SOCS2
316	1.0	RAD51AP1	RFC3	CCNA2	DLGAP5
317	1.0	RPL26	ERH
318	1.0	ADCY8	CRB1	GPR37L1	GPR17
319	1.0	CPSF3L	THAP4	BCS1L	PELP1	BRD9	DHX30	NOL9	GCN1L1	MMS19	MED24
320	1.0	TCEAL4	PTPRN2	ALCAM	BAG3	LRBA	CCRL2	STOM	SERPINF1	ETV7	GSTM3	IL1R2	HK1	PCMT1	FUT4	WFDC2	PPFIBP2	KIF13B	FAR2	CASP10	ABCB1	TESC	GALNT6	TACSTD2	MLLT3	TPK1	S100A13	HSPA1A	ARHGAP26	CIDEB	PCSK7	MCTP2	DNASE1L3	DTX4	CBX1	CEBPG	TNFRSF11A	KRT10	BTN1A1	IL7	RHOF	CLC	SLC39A6	LPCAT4	SLCO4A1	MARCH3	SMPD3	SLC17A9	PFN2	VILL
321	1.0	HEATR6	CDC42SE1	CLCC1	C3orf64	E2F6	DCUN1D4	CCDC121	SUPT3H	MPP5	MKKS	KCTD9	POLR3B	TAF10	TAF1B	ZMYM1	DPY19L4	KIAA1107	BBS7	TMEFF1	UBXN8	ARHGAP12	RPS6KC1	ZMYM4	C19orf22	DPY19L1	ACTR3B	THNSL1	FBXO7	STK3	FER	RAB23	STAT3	RAB11FIP2	CTTN	BCAP29	SYNJ2BP	MNAT1	FKBP14	ARF6	PHF14	EFCAB2	TWSG1	FAM20B	MAP4K5	TRIM32	USP46	FAM115A	PLA2G12A	SCRN3	ZNF223	ZBTB10	PGM3	SNAPC1	RIC8B	ZFP112	ZFP37	MOCS2	PGAP1	CNTLN	GSTK1	RAB8A	PAQR3	RPE
322	1.0	ATRN	TERF2IP	ELF1	BCL2L2	IMPAD1	PSEN2	EXD2	SOCS6	KCTD3	SIL1	SNX24	ABI1	TBC1D12	PCYOX1	SLC20A2	SEPT10	SPR	UNC13B	ZFYVE21	ST7	OCRL	MOB1A	UGGT2	BTBD3	GLCE	STEAP3	HECA	TEX2	CAMSAP2	ERLIN2	SUOX	MAP4K3	ANO10	AFTPH	IMPACT	DHRS7B	NOL3	EHHADH	CELF1
323	1.0	KCNIP1	FLRT1	SLITRK3	SLCO1C1	NTRK3	CAMK1G	ZNF536	KCNJ10
324	1.0	PNMAL1	TRPC1	CDH2	MPDZ	CEP112	PDE10A	ARHGEF10	ROR1	EML1	SUSD5	AASS	PNMA2	GJC1	LIFR	ARHGAP28	VAMP8	SMARCA1	DZIP1	GLRB	LARP6	FGF2	TMEM22	TTC28	ADAMTS3
325	1.0	DAD1	DYNLRB1	GTF3A	PRDX6
326	1.0	PRG3	DPPA4	RHAG	SPTA1	HBBP1	DNTT
327	1.0	MYO3A	GSC2	PPY2	NOX3	OR11A1
328	1.0	HSPB2	KCNE4	KCNJ8	SVEP1	DKK2	ELN	MEOX2	BHMT2	LAMA2	VSTM4	FGF7	PDE1A	LMOD1	SLIT3
329	1.0	LEPROT	PPAT	RNF13	ACACA	YPEL5	CSTF2	LMBRD1	CEP72	DARS2	DYNLT3	SFXN1	NFE2L1	PNRC1	CAD	C7orf68	LRP8	PLCXD1	SLC25A15	SLC25A10	RRAGA	CHRNA5	CHEK2	PDSS1
330	1.0	SNTA1	GRSF1	PPP2R3A	GAMT	MACROD1	NEDD4	RNF34	PLA2G4C	SCN1B	ARPP19	GMPR	C11orf67	RTN2	RHOBTB1	SYNC	PPP1R2
331	1.0	DGKB	CXorf1	SLC17A6	CA10	ST18	CACNG3	SCN1A	MOG	PPFIA2	SPOCK3
332	1.0	RPA3	PHB	ATIC	AHCY	ZWINT	CKS1B	PAICS	LSM4	MCM6	PTTG1	RRM2	MTHFD1	UBE2S
333	1.0	DDX42	SLC9A3R1	DCXR	PRPSAP1	CCDC47	RAB22A	OSBPL3	FKBP4	FAM82B	NCOA3	DHX40	TRIM37	TM9SF1	ATP10D	PLEKHF2	ISOC1	VEZF1	PLAGL1	PCCB	PLA2G4A	ACSL4	KIAA0182	C1RL	C6orf211	HIST1H2BD
334	1.0	GRIK1
335	1.0	FGFBP1	CHP2	HNF4G	SLC6A20	FABP6	BCMO1	ARL14	SCIN	AZGP1
336	1.0	PLEKHG6	TFCP2L1	EHF	MST1R	B3GNT3	TMPRSS4	PKP3	EXPH5	LAD1
337	1.0	PSAT1	PHGDH	TRIB3	SLC7A5	SLC1A5	SLC3A2
338	1.0	TRPC7	AQP6
339	1.0	XRCC6	PSMB1	ATP5C1	SSBP1
340	1.0	GABARAPL1	CRAT	HGSNAT	MCOLN1	ENOPH1	SMPD1	KLF9	AZIN1	POLR2B	PMPCB	HS1BP3	CCNB1IP1	TOM1	ABHD4	DGUOK	FAM60A	PGCP	MARCKSL1	HYI	SLC24A6	ZNF146	TSPAN13	PPP2R5B	ADNP	ADRB2	KIAA1539	TK2	MSRA	DDX47	DUSP7	ACP1	TOLLIP	SMARCE1	PANK3	ABHD5	FURIN	RIN1	SLC38A1	H6PD	UBAP1	PPP2R5E
341	1.0	OMP	ACTL7B
342	1.0	TUBAL3	ATOH1	CHST5	BEST2	SLC28A2	PYY	NOS2
343	1.0	IFRD1	CKLF	PPP3CA	TMX4	NRD1	NQO2	PPM1A	IMPA2
344	1.0	SLC18A3	FAM163A	HMX1	MYCNOS
345	1.0	APEH	DHPS	GADD45GIP1	C12orf10	C6orf108	EIF2B4	MRPL28	TIMM17B	CCDC51	MPG	C12orf44	AAMP
346	1.0	ATP5D	SDHAP1	COMMD3	NDUFA3	PIGP	FAM190B	BRP44L	HDDC2	NDUFA10	ATPIF1	SDHA	NDUFS4	SERPINB6	BRP44	GRHPR	DECR1	ACAT1	TOMM70A	ECH1	COX17	IDH3G	C21orf33	CUEDC2	HADHA	GNPAT	ACO2
347	1.0	APOA2	DAZL	SRY	NPPB	CHCHD2	GRID2	UTF1	ITGB1BP3	SYN3
348	1.0	MOS	PRAMEF11	GPRC5D	HHLA1	CST5	RDH8	MLN	GJA9	CCBP2	SYT12	KLHL35	GHRHR	GP1BA	ADAMTS13	OR10J1	HRH2	KRT37	MT3
349	1.0	FGR	TNFRSF1B	AIF1	MNDA	CSF2RB	LST1	ITGAM	HCK	LCP2	RNASE6	CYBB
350	1.0	CENPF	KIF2C	ASF1B	NDC80	MYBL2	SHCBP1
351	1.0	PAX8	TFF3	MUC13	ABP1	FRAS1	KRT20	CLDN16	PAX2	SPINK1	TFF1	LEFTY1	CDH17	GCNT3	REN	PIGR	UPK1B
352	1.0	CDH20	GRIN2C	BAI1	KCNF1	MAG	CPLX2
353	1.0	GPX4	SET	TCEA1	KARS	NARS	RPL22	QARS
354	1.0	CYP7A1	LPA	LPAL2
355	1.0	GLB1	HEXA	YIF1A	VKORC1	C19orf10	SDF4	ITFG1	TMED3	C20orf30	DAP	PLOD3
356	1.0	MBD4	WDR11	NSUN5P2	MTMR1	SMARCB1	SMC6	NSUN5
357	1.0	CBX3	C1QBP	ZC3H15	NOL7	RPF1	UBA2	CCT2	VBP1	NAE1	TAF1D	LSM7	DAP3	METTL5	FKBP3	CLNS1A
358	1.0	CELF3	ELAVL3	ST8SIA3	CACNA1B	ACCN4	GDAP1L1	CDK5R2	HRH3
359	1.0	TYMS	RANBP1	CDK4	HSPE1	HPRT1	MZT2B	KIAA0101	SNRPF	CCT7	PCNA	MZT2A	SNRPD1	CKS2	LSM5
360	1.0	PGAM1	ATP1B4	MYOD1	PABPC3	MSTN	AQP4	COX6A1	MYLK3	YWHAZ
361	1.0	SMR3B	CSN3	CSN2
362	1.0	MAPK7	CAMTA2	ECE1	ATG9A	ABHD8	CTNS	BCKDK	C11orf68	NRBP1	SLC38A7	TRPC4AP	LLGL1	EXTL3	TBKBP1	TMEM115	PRKACA	DLGAP4	PORCN	TBC1D13	NFIC	C16orf57	TMED1	UBTD1	GTPBP2	PLA2G15	NKIRAS2	CA5BP1	COMMD9	LPPR2	PDLIM7	FAM65A	NDST1	TXNRD2	TPRA1	ARHGEF11	SORBS3
363	1.0	THUMPD1	RPL10	RBM26	BPTF	N4BP2L2	AKAP17A
364	1.0	CFP	AQP9	TREM1	P2RY13	ARHGAP25	NPL	HSPA6	LILRB3	FCGR3B	CSF3R
365	1.0	XYLT2	CORO1B	CDK5	PMM1	PYGB	ERCC2	ZMIZ2	LRFN4	SRGAP2	SLC4A2	BAD	PHF1	GALK1	C19orf28	G6PC3	TMEM104	PNPLA2	SLC10A3	TFPT	STARD3	GALNS	E2F4	GBAP1	KCTD17	BCL7C	YIPF3	HMG20B	OPHN1	SLC9A1	PEMT	CBX8	MPV17	HCFC1R1
366	1.0	NDUFA8	MRPS33	AK2	PDHA1	GOT2	NDUFA9	HSD17B10	HSPA9	NDUFS3	IMMT	FH	MRPS35
367	1.0	CLK2	CPSF7	SEC24C	WDR6	AIP	CXXC1
368	1.0	GARNL3	LOC100294145	CCDC144A	ADCK4	CLTC	ZNF277	FLJ11710	RREB1	C16orf70
369	1.0	IL37	WNT3	WNT16	DNASE1L2	KRT32	SMAD5-AS1
370	1.0	IGLL3P	IGJ	IGKC
371	1.0	FAM155A	FSD1	RGS17	NACAD	NRXN3	MMP16	SAMD14	TMEM35	DPYSL4	SCN8A	NUDT11	GABBR2	RGS7
372	1.0	CSH1	GH2	CSHL1	CSH2
373	1.0	SEP15	COPB1	GOLPH3	TMEM123	PDCD10
374	1.0	CCNK	DCAF16	ANKRD11	PRR14L	FAM120A	HNRNPUL2	DDX6	TCP10	OTUD4	REST	GTF2A1	ZNF654	AP3D1
375	1.0	FMO6P	DNAH2	KIAA1751	HYDIN	TCP11	ASCL3
376	1.0	SUV420H1	CRBN	BBX	ZNF292	EPM2AIP1	ZNF24	CHD9
377	1.0	RCC1	NUP62	NAT10
378	1.0	SLC17A2	F13B	C8A	MBL2	NAT8	ONECUT1	AKR1D1
379	1.0	RAB5A	PTPN12	MAPK14	NCOA2	DLG1	ATP13A3	ZKSCAN1	CHP	NCOR2	FKBP5	EIF4EBP2	LIMD1	RAB6A	UBE2G2	AGPAT3	NEK9	RNF19A	EHMT1	C6orf106
380	1.0	IFIH1	IFI44	OASL	TRIM21	HERC6	TDRD7	DDX58	IFIT2
381	1.0	GYPE	HBZ	DUSP21	HBQ1	GATA1	OSBP2	RHD	TRIM10	TFR2	KEL	TSPO2	NT5M	RHCE	ANK1
382	1.0	FGF20	POU1F1
383	1.0	TREH	TRMT112	MOGAT2	FABP2	C8G	ALPI	SLC13A2	TEX11
384	1.0	EDF1	PSMB2	MRP63	TXNL4A	C2orf28	SF3B5
385	1.0	ANKS1B
386	1.0	NEIL3	RAD51	SKA1	ERCC6L	PTTG3P	NCAPH	SPC25	KIF23	EXO1	GTSE1	DEPDC1	MCM10	CDC6	CDCA3	ESPL1	CDC45	KIFC1
387	1.0	ERP44	GREB1L	CTSC	LYZ	LITAF	FAM168A	WT1-AS	NINL	RNF130	ARPC1B	CHRD	CD47	IFNGR2	KAT7	LIPA	MAPT	SALL2	PLSCR1	IFNGR1	MYD88	PALM	LRRN2	LGMN	IFI30
388	1.0	CYP2A6	SOX2	SOX21	TMPRSS11D	KCNMB2	SAA4	KCNE1	SPINLW1	IQCA1	CYP2A7	PTPRU	HSD17B3	CHST4	AQP5	DNAH3
389	1.0	MT1H	MT1X	MT1G	MT1E	MT1F	MT1P2
390	1.0	MRM1	ZSCAN5A	MOCS3	SDHAF1	MAD2L1BP	SDAD1	DHX16	BOLA1	TRMT12	COG2	FLAD1	TTI2	UBE3B	TBRG4	ALKBH1	CPT2	MRPL46	PTCD1	HARS2	RPP38	MMACHC	C16orf53	LPCAT3	TARS2	INTS5	C7orf49	ZKSCAN3	ZNF174	CIAO1	TDRKH	ZNF232	ZNF79	TERF2	MTHFSD	TTC4	WDR5B	ANKRD40	SMUG1	TMEM186	C12orf52	RMND5B	OXSM	NFS1	ZNF576	NME6	ALKBH4	MLYCD	ZNF473	DDX23	LMAN2L	PRUNE	DHODH	SLC25A44	TMEM177
391	1.0	C4orf19	DNAJC22	C11orf9	MMP15	C2orf72	ATP7B	PDZK1	FGFR4
392	1.0	SLAMF8	FPR3	IGSF6	FCGR1B	C3AR1	FPR1	CCL8
393	1.0	FAM106A	GUSBP3	ANKRD36B	LOC100272216
394	1.0	CALCA	KCNH6
395	1.0	INSIG1	ACAT2	CYP51A1	ADIPOR2	ACLY	ACSL3	MSMO1	SQLE	HMGCR	SC5DL	IDI1	TMEM41B	RDH11	EBP
396	1.0	CRHBP	ACE	VASH1	STARD8	NPR1	MERTK	ALDH1A2	PDGFB	GRRP1	MYCT1	PLCL1	CLEC1A	TAL1	ALPK3	CXorf36	FRY	FAM124B	CAPN11	TCN2
397	1.0	SCNN1A	GABRP	ESRP1	RIPK4	PLLP	CATSPERB	VIM	PRRG2	RNF43	SPINT1	GRB7	PTPN3	TUBBP5
398	1.0	TSTA3	MUDENG	MGST2	SLC35A3	NANS	GMDS	ITM2C	GALNT7	GALNT3	CERS6	GOLM1	CHMP2B	GFPT1	ASL	CES2	MLEC	TST	CBX6	SLC12A2	FRYL	LGALS4	SUCLG2	CANT1	CD2AP	ETHE1
399	1.0	TRGV5	KIAA0748	CD28	IL12RB1	CAMK4	IL12RB2	IL23A	IL4	SH2D2A	NCR3	CCR8	PDCD1	TRBC2	TRBV10-2	CXCR5
400	1.0	YIF1B	MARK2	BAK1	JMJD7	RABGGTA	EID1	LYPLA2	RPS6KB2	TTLL12	KHNYN	SIRT7	DTX2	CAPN1	RASSF7	MFSD9	PGAP2	VDR	ZC3H12A	LPAR2	EML2	BCR	CLN3	ZNF710	SRCAP	LYPLA2P1	EFNA4	REEP4	SMPD2	ESRRA
401	1.0	PLEK	GMFG	CD52	EVI2B	CD48	SELL	LY86	CD37	IL2RG	IRF8	CYTIP
402	1.0	HBB	CST4	WNT2	GRP	KERA	EPYC	MMP11	CST2	MMP3	COMP	CST1	KRT14
403	1.0	SLC10A2	SLC12A3	SLC5A12	SLC13A1	CASR	SLC22A11	SLC22A13	ANGPTL3	CLCNKB	HRG
404	1.0	ZNF124	SREK1IP1	HERC4	SMG1	UBXN7	GMEB1	ATXN3	RBM12B	EIF2C3	CCNT1	RASA2	POLH	PTCD2
405	1.0	GNA12	PRRG3
406	1.0	FAM188A	LACTB2	RNF170	BRD2	YIPF6	ZNF189	DNAJC13	TMEM184C	VPS54	C6orf120	CRNKL1	PIGF	TMEM168	COG5	GGPS1	LRIF1	OXR1	RNF14	INSIG2	UTP14C
407	1.0	MRTO4	UCK2	MRPL4	CTPS
408	1.0	IMPG1	SPAG11B	HPSE2
409	1.0	PRRC2A	DCAF15	SMARCD1	ATXN2L	C19orf29	CNOT3	SETD1A	SF3A2	GGA3	HCFC1	ANAPC2	CENPT	XAB2	SOLH
410	1.0	PSMF1	CDC34	ASCC2	HAGH	WDR45	UBXN6	TRAK2	C9orf78	RBM38	NAPA	SIAH2	MARCH2
411	1.0	FFAR2	IL18RAP	FPR2	HAL	HCAR3	MGAM	NFE2	CXCR2	TNFRSF10C	CXCR1	MMP25
412	1.0	NCAM2	CDH12	ADAMTS20	HLA-A	GABRG2	HTR2C	CDH18	GABRA3	SOHLH2
413	1.0	NLE1	PWP2	PPRC1	REXO4	RRP1	UBIAD1	ATAD3A	GRWD1	WDR46	PDCD11	TRMU	NOL6	NOC4L	PUS1	RRP9	ARMC6	LETM1
414	1.0	TCTN2	VPS33A	ZNF747	PPEF2	LRRC37BP1	TTC18	LOC100286895	MEFV	SLC30A5	CYLC2	DSTNP2	ZNF816
415	1.0	IGF2BP3	PJA2	NRIP1	YY1	CALM1	PRKCI	PURA	WIPI2	CCDC88A	AGFG1	PPP2R1B	MTAP	ZNF238	RAB14	MED13	RAP2A	LDLR	MARCH6	WDR41	SPOP	WNK1	SSR3	MXI1	KLHDC2	WWP1	VPS28	ATXN7L3B	MAPK9	ATP2C1	MAGT1	GOSR1
416	1.0	HNRNPK	DDX5	SRP9
417	1.0	VAMP7	CRISP3	STEAP4	DEK	PCYT1B	BAIAP2	HMGN4	SAP130	ZBTB5	TOM1L2	C19orf57	TAF7	DUSP8	SNX3	RAP1A	DNMT3A	ANXA7	MAT2B	CTNNBIP1	ST6GALNAC2	NFIX	NFE2L2	BTBD1	TP53I11	PLD2	TMED5	COL9A3	ZBTB7C	DGCR2	MBOAT2	FAM182B	ZNF74	ARL6IP5	ACSBG1	ZBTB39	NR6A1	PHLPP1	IRGQ	MOSPD3	CCDC19	ETNK2	CBX2	FKBPL	SCP2	HERPUD1	ACVR2B	EPN2	TPPP	OPLAH	PTP4A2	C9orf7	PC	LGALSL	ZNF212	CRISP2	KIAA0319	LPPR3	BIRC2	BCORL1	USP14	LGALS1	MTDH	ARVCF	GPR162	RGS12	ST3GAL4	RAC3	CMPK1	NOV	RWDD1	EFHC2	CA4	DTNB	COMMD8	ELK3	SLC6A9	TGM3	CD164	HIP1	CCNJ	USP2	C17orf63	CBFB	LRRC6	KLHL25	SMO	ALPL	C9orf9	SEC62	MTSS1L	ROCK1	RFX2	HIC2	MGC2752	GFOD2	FAM131A	C22orf29	ERBB2IP	ZNF219	PLEKHH3
418	1.0	FAM65B	LTB	RASSF2	STK10	CYTH1	ARHGEF6	FAM117A	HMHA1	PRKCB	C12orf35
419	1.0	BATF	KIAA0040	PIP5K1B	REL	CBFA2T3	ATP2A3	ATP8A1	TMC6	PSD4	HCP5	SYK	FAM46C	SLC15A2	SEC23A	MYB	SIDT1	MCFD2	SEMA4A	ARAP2	HCG26
420	1.0	MTMR8	KRT38	CHRM5	ADAM5P	OR10C1	DISC1	PLAC4	TMEM206	SCN10A	TG
421	1.0	TRAPPC2L	TRAPPC4	POP4	MRPS14	PSMD9	GLRX2	NIT2	IMP3	PSMA7	PPP1R14B	POP5	C16orf61
422	1.0	EMX2	PRR16	MAB21L1	DAAM2	ANGPT1	C7orf58	PRKG1	LINC00312	ZFHX4	HOXC8	AGTR1	EN1	SGCD	EBF2
423	1.0	PLK1S1	MRS2	FARS2	LIAS	ABCB7	FAHD2A	RMND1	C2orf3	CCDC25	COX15	QRSL1	NUBPL	PDSS2	NUDT13	TDRD3	PEX7	SETMAR	PET112	COX16	OSGEPL1	BCCIP	BCKDHB	ACADSB	RWDD2B	NUDT6	TRMT61B	XPA	PCCA	NUDT9	PNPLA4	ATP5S	C6orf35	MIPEP	PIGN	GALK2	LIPT1
424	1.0	MMP9	IGF2R	CNN2	CHST15	CTDSP1	TNFRSF1A	VASP	SOD2	KIAA0247	NINJ1
425	1.0	CDX2	MUC3A	TRIM15	USH1C	ACE2	LRRC31	HHLA2	LINC00483	CDHR5	CFTR	TRIM31	MUC3B	NAT2
426	1.0	UBAC1	ACYP2	PHKB	FBXO3	EEF1A1	AKTIP	PINK1	CLIP1	SIRT2	GYS1	ACTB	FYCO1	DNASE1L1	PCNT
427	1.0	GINS4	DSN1	ORC1	TRAIP	KIF18A	C1orf112	PLK4	CDC25C	WDHD1	C12orf48	BRIP1	ARHGAP11A	GINS3	CENPI
428	1.0	RMI1	TRMT11	LOC100499177	MIS12	THOC1	RNF219	PMS1	ZC3H14	C1orf174	NOL8	ZZZ3
429	1.0	FUT9	PPM1E	KCMF1	UNC5C	SIX3	DIRAS2	MSI1	OGDHL	CHRNA3	PCDH11Y	COL2A1	ECEL1	ANXA11	EPHA7	CALCB	RND2	TRPC3	KIF1A	CHST8	RPRM
430	1.0	KRT16	S100A7	MUC16	KLK7	KLK8
431	1.0	CA14	SLC6A1	KALRN	CTNNA3	DLK1	RYR3	DPF3	GABRB2	KCNB1	SEC14L5	GRIP2	RXRG
432	1.0	TBL2	SCFD1
433	1.0	CIAPIN1	SRM	HARS	EIF2B1	UBE2M	PSMD13	PRPF19	PSME3	PSMC4	POLR2F
434	1.0	NPBWR2	PSPN	PRM1
435	1.0	SERPINB4	RHCG	SPRR2C	TMPRSS11E	CRCT1	TGM1	IL36G
436	1.0	ZDHHC24	C16orf58	C19orf24	C17orf101	B3GAT3	FAM173A	ILVBL	RABEP2	NUDT18	FASTK	AMDHD2	MAN1B1	TEX264	YIPF2	INO80B	FBXL8	ENTPD6	COQ4	CLN6	NAGLU	LIMS3	ALG12	PNKP	B4GALT7	FPGS	PIGO	MOGS
437	1.0	CNBP
438	1.0	UPK1A	KRT75	DEFB4A	CYP24A1	KLK6	ALOXE3	ATP10B	IL1RL2	LY6G6C	KRT9
439	1.0	F10	GAL3ST1	RGN	ITPKA	NR5A2	SLC19A3	PAH	SLC30A10	GATA4	PROX1
440	1.0	DDIT3	C20orf111	PPP1R15A
441	1.0	BEGAIN	B3GAT1	RUNDC3A	RPH3A	FXYD7	PPP2R2B	TMCC2	ADD2	KLHDC8A	DNM3	C7orf16	CACNA2D2	CUX2	GNAZ	JAKMIP2	HPCAL4	MOBP
442	1.0	RPS12	RPS18	RPL24
443	1.0	PPBPL2	DEFB126	CDKL5	HSPC072
444	1.0	IGFALS	SAA3P	APOA4	EPO	SLC26A1
445	1.0	UQCR11	RPS9	COX7A2
446	1.0	PDHX	DCAF6	ACTG1	NNT	MRPS10	ACTC1	PRKRA	SPAG7	SNRNP27	AGL	RNF115	USP13	RAB21	NFU1	DLAT
447	1.0	FEV	GFRA3	CRYBB2	CHRNB4
448	1.0	LMO3	GPC3	TNMD	PLP1	NPY1R	PPP1R1A	LPHN3	DCLK1	TCEAL2	ITGA7	GPR64	RASL11B	RBP4	GPM6A	CP	CDO1	PCP4	CAPN6	WIF1
449	1.0	MLPH	MEAF6	MAGED2	RNF103	PDXDC1	TMEM87A	ZNF587	AUTS2	MCCC2	GOLGB1	SEC16A	LRIG1	MKL2	ECHDC1	NAT1	ABCC4
450	1.0	EIF3D	ATP5G2	ATP5B	RPL36
451	1.0	WIPF2	LPIN2	PITPNA	MAP7D1	TTC37	KBTBD2	FAM89B	FOXN3	G6PD	LPCAT1	PAIP1	BID	TMEM127	C14orf159
452	1.0	NDUFAB1	NSA2	PRDX1	RAN	SNRPD2
453	1.0	G6PC	FTCD	SLC22A7
454	1.0	OR1D2	RFPL3	TAS2R16	RRH	FSCN3	KLF15	ZNF507	TAS2R1	TAAR2	IFNA17	OR2S2	LHX3	GRM6	INHBC	DNAJA4	ACRV1
455	1.0	LGALS2	SLAMF7	TNFRSF17	CCR5	CD1E	ADAM28	GPR171	CXCR6	CLEC2D	IDO1	CHI3L2	TFEC	CLEC10A	PLA2G2D	SLAMF1	MZB1	ENTPD1	CD1C	CD1D
456	1.0	RXRB	VPS39	ZBTB22	MAN2C1	MAPK8IP3	CABIN1	WDTC1	VAMP2	APBB3	SZT2	MED12	DCAF8	TBC1D17	CUL9	CRTC1
457	1.0	FUT3	CYP3A5	CYP4F12	PRSS2	CYP4F3	FUT6	SLC5A1	FUT2	MUC4	IL22RA1	POF1B	CYP2C18
458	1.0	DDX3Y	EIF1AY	TTTY2
459	1.0	RPAP3	ACTR6	RPRD1A
460	1.0	GCKR	THPO	HGFAC	CA5A	SARDH	SLC38A3	C19orf80	CPN1
461	1.0	MAPK4	HAPLN2	WSCD2	ADARB2
462	1.0	UCP1	WNT7A	HOXB8	AJAP1	TMEM66	RFPL2	SCGB1D1	SLC14A2	FGF18	TRIM48
463	1.0	FAM96B	UQCRC1	AURKAIP1	NDUFS2	GPI	NDUFV2	CCDC56	ECHS1	NDUFV1	CYC1	SUCLG1
464	1.0	CYP2B7P1	DIO1	HMGCS2	CYP21A2	GP2	PTPRT	CHAD	PROL1	BMPR1B	INPP5J	CCDC87	HPN	AZGP1P1	HPX
465	1.0	TMPRSS3	MTL5	CAV1	KIAA1324	PLEKHB1	PPM1H	RND3	TMEM62	FAAH	CACNA1D	MCF2L-AS1	TBC1D30	MNX1	PLCH1	ZNF552	RND1	CLMN	TSPAN15	FAM174B	YBX2	IL17RB	CA8	SYTL2	ICA1	TUBB6	GNG12	SLC29A2
466	1.0	CACNA1F	RBP3	GSTTP1
467	1.0	DLL3	GBX2	PRDM13	TRIM9	SH3GL2	FOXG1	EN2	LHX2	SLITRK5	PAX6	NKX3-2	POU4F1	ALX1	NKX2-5
468	1.0	PLA2G1B	CHIA	TBX4	ROS1	CNTN6
469	1.0	COL19A1	RBMXL2	CHRM4	CHAT	KCNC3	KCNH4
470	1.0	DDT	GPAA1	COASY	RNF187	SF3B4	SCAMP3	SDHC	NDUFAF3	APRT	AKR7A2	APH1A	MRPL24
471	1.0	MBTD1	FAM48A	FCF1	POLR2J4	GTF2H2B	SCAF4	TRAPPC10	NACA	GON4L	EBLN2	ZBTB44	NSUN6	LOC100506653	REPS1	TTLL5
472	1.0	RGSL1	TBC1D2B	LRTM1	EPX	TULP2	BMP10	SSTR4	PAX1	BTN2A3P
473	1.0	NOX4	COL16A1	ITGBL1	RGS4	PRRX1	EDNRA	DDR2	GLT8D2
474	1.0	PCDHB11	PCDHB3	PCDHB12	PCDHB6
475	1.0	STARD7	HMGN3	ZNF706
476	1.0	ANXA6	PLOD2	SERPINE1	RRAS	PLOD1	EXT1	PAPSS2	ITGA5	PDLIM2	CD151	SH3BP4	EXT2	RAI14	CRIM1	TSPAN4
477	1.0	NCBP2	PIH1D1	CCDC90A	CCBL2	RDBP	NAA38	LYRM4	CCNH	DNAJC8	PIN4	MRPS27	ZNHIT3	SMAD2	RBM34	DDX50	FRG1
478	1.0	DEC1	AGMAT
479	1.0	TNNI1	MYH1	SMPX	CSRP3	TCAP
480	1.0	LOC80054	GLP1R	TNP1	NPPA	GP1BB	AMN	ZFHX2	EPN1	ASMTL-AS1	EXD3	RNLS	GGTLC2	PDX1
481	1.0	MLH1	GLRX5	TRAP1	NUDT21	CHCHD3	SNRNP25	MRPL39	MRPL16	MRPL23
482	1.0	ATP8B3	METTL10	NTN3
483	1.0	ESM1	COL5A3	ADAM12	INHBA	MMP19	COL8A2	EMILIN1	WISP1	RCN3	ENG	ADAMTS2
484	1.0	KCNJ15	PRKCDBP	TNFSF15	TLR3	UBE4A	DOCK9	NFE2L3	EFNB1	AVPI1	SPAG4	MDK	SLC35F2	ARNTL2	DUSP4	IL1RL1	SRC	PHLDA1	LIMK2	CARKD	FGD6	ITPR3	CYB561	HS3ST1	ERBB2	BMP2	ZBED2	MOB3B	P2RY6	MYO1D	TMEM51	GYG1	PDGFA	DNMBP	PAWR	ITGB8	SLC7A11	TRIP10	RBPJ	AGRN	MYO1E	PMEPA1	PDPN	FBXO9	DST
485	1.0	CACYBP	HAT1	IARS2	HSPB11	ADSL	LSM3	VDAC3	POLR2K	MRPL15	TPRKB	TAF9	DRG1	AHSA1	MTCH2	MRPL18
486	1.0	SEC14L4	TUB	CTRC	GRK1	DRD2	TSSK2	GNRH2	P2RX6	RSPH6A	FRMD1	PDE6A
487	1.0	MRPS2	PPM1G	PMPCA
488	1.0	SPSB1	TSPAN6	PPFIBP1	PCDHGA3	ETV5	PCDHGC3	MET	CHST3	YAP1	SPRY4	TEAD1	PLXNA1	TSPAN9	PTPN21	STXBP1	MYO10	PHLDA3	PTPN14	SRPX2	RAB11FIP5	HRH1	BCAR3	ZFYVE9	FSTL3	RASAL2	ANGPTL4	TNFAIP1	PLA2R1	PRRG1	OSMR	TGFB2	GPC1	APBB2
489	1.0	LINC00302	ARSF	PSORS1C2	TYR	LAMB4	MLANA	MT4	DCT	CIDEA	MUC7
490	1.0	HNRNPA2B1
491	1.0	ZDHHC4	HDAC3	TADA3	COPS7A	URM1	TAF6	ACTR1B	COBRA1	RBM42	NUDCD3	SSNA1
492	1.0	GAP43	RIT2	SYN2	DBC1	OPCML	GABRA5	SLC8A2	MGAT4C	LRRTM4	CAMKV	PTPRN	FAM131B	DCX
493	1.0	QTRT1	ZNF428	LSM14B	PEX5	PFDN6	AP1S1	TAF15	BAX	PEX26	USP27X	EMD	BAZ1B	STK16	ISOC2	PBX2	NPM3	MAPK8	GTF2H4	ATF6B	RNF121	KDM4A
494	1.0	DOC2B	GHRH
495	1.0	GPR18	AIM2	VPREB3	STAP1	CD19	PIM2	KIAA0226L	HLA-DOB	FCRL2	BANK1	CD79B
496	1.0	UBE3C	BMS1	GEMIN6	TSR1	RBM28	TBCE	UTP14A	ABCF2
497	1.0	PTPN22	DENND1C	CR1	CD84	CEACAM21	ARHGAP4	KCNA3	PSTPIP1	PIK3CG	APBB1IP
498	1.0	PVT1	DGCR6L	IL18BP
499	1.0	AIMP2	RUVBL2	NUDC	DKC1	PSMC3	DCTPP1	CSE1L	SAE1	STIP1	SNRPC	STOML2
500	1.0	CNKSR1	MYH14	CES3	TUBA1A	MSN	CYP2J2	PFKFB2	CNGA1	PIGZ	CNNM4	AHCYL2	RORC	ACOT11	XK	GPRC5C	ITGB6	OR7E47P
501	1.0	NDUFB4	C11orf10
502	1.0	HMGB3P1	GPSM2	C1orf135	PSRC1	PAQR4
503	1.0	COCH	VCL	SLC20A1	PTS	IQGAP2	CTNNAL1	EMID1	INSR	GATM	MGAT3	RGS16	SEMA4D	QPRT	GCLM	PLSCR3
504	1.0	F5	ASGR2	HHEX	CRTAM	LILRA3	SIGLEC5	EMR1	TLR8	RETN	LILRA5	CD244	LILRA1	PADI4	HK3
505	1.0	FGF22	FKSG2	HLA-F-AS1	MRPL44	RPS3A	PHOX2A	RPL10L
506	1.0	PRELP	ELTD1	MFAP4	PDGFRB	LDB2	DPT	OLFML1	ECM2	ADAMTS5	OLFML2B	ANGPTL2	ISLR	FBLN2
507	1.0	TLL1	INSL4	DCHS2	GPR52	PPYR1	GLP2R
508	1.0	ATP11B	OSTF1	IRF2	CHIC2	KLHL2	IL10RB	CYB5R4
509	1.0	SLC17A1	SLC7A9	ABCB11	FETUB	SLC17A3	TTPA
510	1.0	GLRA3	ADAM2
511	1.0	PSMD4	GTF2A2	PSMD8	UFD1L	CCT5	ENY2	SRP19	SEC61G	PSMA5
512	1.0	APOH	FGG	ALB
513	1.0	ANO2	CRTAC1	ARHGEF15	FGF16	PREX2	ROBO4	HOXD1	TNFSF18
514	1.0	PCDH17	SLCO2A1	ALDH1A3	TMEM47	CHN1	C8orf4	MYO1B	PDGFD	AMOTL2	LOX	ADAMTS1	CFI
515	1.0	EXOSC7	DROSHA	C4orf27	KDM1A	MSH2	NUDT15	THYN1	PFAS	UNG	NUP205	NARS2	CAND1
516	1.0	CNTN2	NEUROD6	FEZF2	SLC1A6
517	1.0	PLXNC1	TMEM140	TLR1	VNN2	NCF4
518	1.0	C16orf3	MS4A5
519	1.0	GALR1	GRIA1	CDH10	DAB1	RPE65	GRIA3	SHC3	LRRTM2	SORCS3
520	1.0	NDUFA1	RPS27L	ATP5J	SNRPG	DBI
521	1.0	MARS	AARS	YARS	ASNS	SHMT2	EPRS
522	1.0	MYH8	MYH13	SLC2A4	SCN4A	MYF5	CHRNA1	SIM1	FBXO40	PPP1R3A	CDH15
523	1.0	REG3A	DEFA5
524	1.0	IFNA7	IFNA4	IFNA21
525	1.0	ZFP2	POLI	LOC100506162	DZIP3	ZNF140	ZNF268	SUPT7L	ZNF23	ZNF304	ZNF302	ZNF606	ZNF248	ZNF673	ZNF271	FAM179B	ZNF187	ZNF573	ZFP30	ALS2CR8	ZNF177	ZNF571	ZNF84
526	1.0	S100A3	SERPINB7	COL7A1	KRT33A	KRT34	ARL4D	KRT33B	BNC1	CPA4	KRTAP1-1	BDKRB1
527	1.0	DEXI	CFL1	IPO13	KLHDC3	MID1IP1	OGDH	VPS4A	CARM1	KEAP1	ZFAND3	GSTM1	GPS2	STK25	FHOD1	CTDNEP1	RNF123	UQCC	DVL1
528	1.0	JUN	ATF3	EGR1	JUNB	ZFP36	DUSP1	KLF6	FOS
529	1.0	MAEA	PANK2	CCDC28A	PIM1	NARF
530	1.0	PLXDC1	CD1B	FCER1A	STAB1	MMRN1	CLDN5	P2RY14	TMEM204	S100B	CPA3	SELP
531	1.0	ANKFY1	MAP3K2	SLC6A6	RASA3	SLC12A6	MAP3K1	RIPK1	HIPK3	STAT2	SOS1	UTRN	TOX4	TRIM25	IKBKB	VCPIP1	RNASEL	OSGIN2	SYNJ1	AKAP10	DSCR3	EPB41	BAG4	PTPRJ	C14orf118	SOS2	PCYT1A	RNFT1	RAB35	TSC22D2	ARNT
532	1.0	PARP6	FBXL12	MED17	SAP30BP	CGGBP1	QRICH1	STAM	NCOA6	IP6K2	RALY	TRIM13	EIF1	TBCC	RPL31	C12orf41	ADNP2
533	1.0	EIF3I	NHP2	PRMT1	PSMC5	TUFM	BANF1	IMPDH2	CCT3
534	1.0	IFNA1	IFNA2
535	1.0	OLAH	MARCH5	MCL1	ABCF1	ZDHHC3	PDZD8	OPRK1	HCCS	A4GNT	FN3K	DALRD3	PCID2	COX10	CCDC85B	ENDOG	AFG3L2	ATP4A	BRD7	BRE	AUP1	MUC6	TNNI2	MPST	DPM3	FAM189A2	CDH16	DNM1L	ETV2	HEATR2	MICU1	NIT1	PHKG1	SHPK	TPT1	LETMD1	AHNAK	RPP14	ACTA1	MPHOSPH6	BCL2L13	ANKRD2	METTL17	OR2F1	ARAF	S100A1	FTSJ1	ATP5SL	CSTF3	NUDT3	NGDN	KIF5B	PXMP4	C9orf46	KRTAP5-9	C2orf47	DDX3X	ACOX1	PIGV	MRPS12	LRRC20
536	1.0	RASAL1	CD1A	HTR3A	CD207	IL19	SLC28A3	PGLYRP4	ALOX15B	SLC2A9	MMP27
537	1.0	TMPRSS6	CRYAA	AMBP	DNMT3L	PGC	INHA	CYP17A1	SHBG	OXT	PROZ
538	1.0	ADH6	TM4SF5	CYP3A43	HNF4A	CDHR2	UGT2A3	HNF1A	ENTPD5
539	1.0	POU2F3	IRX4	RARG	HSD17B1	SPTBN2	LRRC8E	SULT2B1	OVOL1	ABCA12	ALDH3B2	MSMB	F12	CARD14	EFNA3	WNT4	HR
540	1.0	MAGEC2	MAGEA4	GAGE3
541	1.0	UBE2H	PPPDE1	GTF3C2	TEX261	KIAA1109	NUP50	RB1	SMC3	CHD1L	DHX9	LSM12	SMARCC1	API5	SNRNP70	MBNL2	CRKL	SKP2
542	1.0	SPAG1	SLC27A2	SLC37A1	EPS8L2	ZNF165	CTAGE9	HOOK1	HDHD3	DPYSL2	ANKRD5	CDH1	PRSS16	DENND2D	SH2D3A	MAPK13	BSPRY	SLC39A4	BIK	PRRG4	TNK1	FRK	NUP62CL	AP1G2	KCNK5	ARHGEF5	F11R	ERMP1	ELMO3
543	1.0	ZNF330	TMEM38B	GSTM2	UBAP2	POLB	SLC19A2	EIF2B3	UFSP2	TNKS2	PTCD3	GTPBP8	SDR39U1
544	1.0	LIG3	PYCRL	JMJD4	ZNHIT2	FAM86A	FAM86C1	FAM86B1
545	1.0	SSTR1	TBX5	CCIN	SHOX	CHRM2
546	1.0	KCNS1	LUZP2	STXBP5L	KCNN1	TRPM3	DCC	ADCYAP1	C14orf162	NPY2R	GRIA4	SLC24A2	KIF5A
547	1.0	PSMD6	UBL5	HBXIP	POLR2J
548	1.0	BMP3	CYP2A13	C11orf16	PIP	DNAI1	DNAI2
549	1.0	B3GALT2	KCNA4
550	1.0	AGR2	TSPAN1	CEACAM6	RAB25	PLS1	ELF3	EDN2	CEACAM5	SLC44A4	C19orf21	FXYD3	CLDN7	C1orf106	EPB41L4B	ERBB3	DDAH1
551	1.0	HSPB7	PTGFR	NGF	LOC100287387	AOX1	PRRX2	SGCG	GPR1	TRPC4	MN1	NPR3	SCARA3	PAPPA	VGLL3
552	1.0	FBP1	REPS2	HGD	DSC2	ADAP1	CORO2A	IL18	MYCL1	MYO15B	SLC12A7	PDZK1IP1	TLR5	ABCG1	CLIC5	MPZL2	FRMD4B	KCNQ1	CEACAM1	CEBPA	SLC27A3	IL1RN	CISH	RAB20	CHN2	MGAT4A	HPGD	GBE1	GRAMD4	FMO5	FAM105A	VIPR1	ACPP	AKR1B1	MOSC1	BLNK	S100A8	PADI2	SULT1A2
553	1.0	NDUFC1	RBX1	NEDD8
554	1.0	EIF2D	ARHGAP17	H2BFS	CHMP4A	PRPSAP2	EDEM1	ANKMY2	STK39	CRYZ	SRP54	MRPS31	DUSP22	MAP4K4	HIST1H1C
555	1.0	H2AFZ	HSPA5
556	1.0	JTB	RPS15A	ATP5E
557	1.0	CABP1	RIMBP2	KCNA1	CACNB4	DLGAP1
558	1.0	CLDN6	BRDT	GABRR1	C6orf208	HIST1H1A	PON1
559	1.0	HTR5A	KCNJ6	GRM1	GRIN1	FRMPD4	SCN2B
560	1.0	AOC4	WFDC8	IBA57	PDE11A
561	1.0	DENND4B	RNF44	SETD1B	TAOK3	MSL3
562	1.0	APOBEC1	NOX1	RNF186	ALDOB	MYO1A
563	1.0	PSAP	SLCO5A1	BCAP31	CAPN2	CDIPT	HMHB1	T	CREM	ERV3-2	ARID5A	FXYD2	ABCB4	SLC6A4	PGRMC1	POMC	ARPC1A	GNG7	BCL2	ESR2	SERPINB10
564	1.0	SPEF1	C16orf71	TMEM212	SPAG8
565	1.0	RANBP9	GBAS	RPL7	NDUFA5	ARL5A	WDR82	TOP2B	EFHA1	TSPYL1	UBA3	RHEB	G3BP2	MYL12A	EIF1B	YTHDF3	RNF6
566	1.0	CCL13	HPGDS	LILRB5	CD209	SIGLEC1	FOLR2	MSR1
567	1.0	MCC	RBP1	PDE8B	COL4A6	SULT1E1	PCOLCE2	NRCAM	ISL1	SNAP25	GPR37	SMAGP	RARB	GPRC5A	GNAL	DKK1	PRSS3	FERMT1	CHRNA9	PRSS12	GRB14	CA12	PLXNA2	TSPAN8	FLRT3	BACE2	MATN3	WNT2B	COL4A5	EFNA5	CFHR2	C9orf125	CCDC165	GABRE	MDFI	RASSF9	FST	CAMK2N1	SHROOM2	FOXC1	CALB2	SERPINA3
568	1.0	RTDR1	WDR96	IQCH	C6orf103	SEC14L3	EFCAB6	C10orf95	TSGA10
569	1.0	EWSR1	KHDRBS1	U2AF1	SRRM1	RBBP4	TIAL1	SRRT	TSN	HNRNPD	FUS	H2AFV	HNRNPR	SNRNP200	DDX39A	RBMX	HMGB2	HNRNPU	TRA2B	NONO	SRSF2	TARDBP
570	1.0	CHM	KCTD20	GTF2I	EXOC5	ZNF192	FBXO38	FBXW11	IPO8	MBTPS2	PIP5K1A	SCYL2	LMAN1
571	1.0	HAMP	HOXA6	CCL17	NEUROG3	PRDM12	BIRC7	BCL2L10	PKD2L1	IGLL1	CLDN14	LILRA4	REM1	IGHA1	BAAT
572	1.0	TNFAIP6	CHI3L1	SPON2	COL11A1	SFRP4	LRRC15	COL10A1	C1orf54	VCAM1
573	1.0	GJB1	HKDC1	PTPRH	DDC	C4BPB	ARSE	SGK2	FOXA2	CYP3A7	SEMA4G
574	1.0	IL1B	G0S2	MIR22HG	PTGS2	IL8	PFKFB3	PLAUR
575	1.0	PMS2P3	PARN	PMS2P5	DTX2P1-UPK3BP1-PMS2P11	PMS2P1
576	1.0	SLC1A2	PDIA2	ADAM11	RGS11	MAPK8IP2	DSCAM	SPTBN4	GNG13	NOS1AP	ABCC8	FAM5B	DRD1	GABRD	SLC30A3	RASL10A	DOC2A	KCNJ3	ARHGDIG
577	1.0	ATAD2	APOBEC3B	ORC6
578	1.0	RGS19	ZYX	TGFB1	GNAI2	ZDHHC7	SH2B3	RUFY1	ARRB2	EFHD2	SNX10	AP1S2
579	1.0	AGBL2	PACRG	CASC1	ZBBX	SPAG6	ZMYND10	FOXJ1	EFCAB1	DNAH7	WDR78
580	1.0	AMIGO2	FXYD6	CYP27A1	TGFBR3	CSGALNACT1	CES1	ALDH1A1	FBLN5	CPM	EPB41L3	PTGDS	RTN1	MAF	PLA2G7	MYOF
581	1.0	CD4	SAMSN1	CD69	CCL4	RGS1	GPR183
582	1.0	GNB2L1	RPL17	RPL35A	RPL5
583	1.0	ZNF593	FARSA	TOMM40	C17orf81	DDX56	MRPS34
584	1.0	ZMAT4	COL9A1	KIAA1661	GCK	MAGEL2	KLKB1	SLC12A1	SNTG2	GUCA1A	LPAR4	CRYBB1	B3GALT1
585	1.0	TSFM	SNRNP35	DCUN1D2	COQ3	PKI55	COQ6	LIN7B	PANK4	HIF1AN	BRF2	AARSD1	LOC157562	SIRT4	COQ7	PPP2R3B	MED9	ZNF839
586	1.0	PPP2CA
587	1.0	ARID4B	GOLGA8H	SPG11	DPP8	ZC3HAV1	ITSN2	PPP2R5C	RBL2	CREBBP	ENTPD4	ACAP2	UBQLN2	SPSB3
588	1.0	ICAM4	PDE6H	MLC1	KIF17	CKM	NXF3	PTH2R	TRPC2	PRSS21	STAR
589	1.0	DUSP12	RNMT	CENPC1	ZNF675	SLC35F5	C10orf137	RFXAP	FIP1L1	HAUS3	WRN	METTL4	FBXO4	CEP97	CEP57	MDM1	LOC100506935	PIGA	NUP160	INVS	MRE11A
590	1.0	B4GALT1	GPD2	STRN	ZFR	NAPG	SP1	PPP4R2	TGFBR1	SLC39A9	C10orf118	SIKE1	C18orf25	SNX13	KIAA0494	AFF4	ITCH	XIAP
591	1.0	ALK	TLX2	DBH	SLC6A2	NTRK1	UGP2
592	1.0	ST8SIA1	ACSL6	BACH2	APBA2	SCN3A	LRRN3	ODZ1	LOC100507397	TOX
593	1.0	IKZF1	TRAF3IP3	NCKAP1L	ACAP1	PTPN7	ITGAL	CCDC69	IL16	CXorf21	INPP5D	MFNG
594	1.0	PCSK1N	CACNA1H	CNTNAP2	BMP7	GPR143	ELOVL2	CACNG4	DBNDD1	PODXL2	SOX3	MBNL1	NKAIN1	ARHGEF26	FLJ22184	ABCA3	CTNND2	RAB26	NRTN	CSPG5	FAM155B	SLC27A6	CRABP1	GREB1	ADCY1	DSCR6	IGSF1
595	1.0	NUSAP1	DNMT1	NASP	MCM2	TFDP1	SNRPA	H2AFX	CPSF6	DNAJC9	RRM1	RFC4	SUPT16H	SMC4	MCM7	MCM3
596	1.0	BANP	ZDHHC18	C10orf26	AMPD2	CARS2	TYK2	TMEM164	CNPY3	CASC3
597	1.0	NMI	PSMB9	PSMB10	TAP1	UBE2L6	WARS	ISG15	PSMB8
598	1.0	GLTSCR2	SPCS1	RPL13A	TPI1	RPL29	RPL3	PARK7	EIF3F
599	1.0	KCNJ16	LPPR1	NDST4	SLCO1A2	CDH9	GABRB1	GABRA2	GPC5	RALYL
600	1.0	STAB2	ODF1	CCZ1	CYLC1	MYO15A	HTR6	OR2H2
601	1.0	CELA3A	CCL25	SLC6A13
602	1.0	NRAP	FBP2	SYNPO2L	KRT76	HRC	CACNG1	RPL3L
603	1.0	SNN	ADIPOR1	RTN3	C20orf3	SLC35A1	HN1L	HIST1H2AC	MPP1	RBM47	SERPINB1	RAB11FIP1	CD55	SULT1A1	MVP	CSGALNACT2	PHC2	GCA	RAB27A	TNFSF10	RALB	LYST	PPP4R1	DENND5A	SEPX1	PLBD1	PGD	MKRN1	CDC42EP3	STK38	GNB2
604	1.0	BEAN1	TUBB4	RAB6B	SLC17A7	C1orf61	C8orf51	PCDHGA1	MAPK10	GRPR	B3GNT4	NXPH3	SCAMP5	HHIPL2	SH3GL3	OR7E156P	ITIH2	SYT13	STRA6	KIAA1467	PRPH	NPY5R	GABRA4	HAND1	TEX15	MPP3	SLC7A4	KCNMB4	TAC3	ZNF280A
605	1.0	OR2B2	GTDC1	PRL	CYP11B1	PRY	IFNA5
606	1.0	FNDC3A	UFM1	ACBD3	CREB3L2	SEC24A	SEC63	DNAJB9	UBXN4	LIN7C	TMED7	ARFGAP3	CDV3	SEL1L	ZBTB38
607	1.0	GLMN	BRIX1	TTF2	EXOSC2	PMCHL1	ACYP1	PRIM2	CBX5	HMGXB4	PMCH	C9orf40	MAGOHB	GEMIN2	RAD54B	TMEM194A	SUV39H2	CENPQ	C13orf27	CENPJ	CEP76	RQCD1	YEATS4
608	1.0	KYNU	ACSL5	WRB	COPS6	TYMP	PRDM1	TNIP3	NOD2	DUSP10	AMPD3	GNA15	NFKBIE	RCN2	MAP3K8	KCNN4	CD82	ICAM1	SH3TC1
609	1.0	IGSF9B	KLHL29	AAK1	GRK4	RAB40AL	GPR22	PCDHGA10	TAS2R10	COPG2IT1	PCDHA9	SLC26A10	RPL23AP32	PMS2P4	FGFR1	RAB40A	ARMCX4	PRR4	ABI3BP	DCLK2	LOC441204
610	1.0	TEK	FAT4	LAMA4	DCHS1	RUNX1T1	CDH13	KIAA1462	GPR124	ZFPM2
611	1.0	MDH2	PSMC2	COX7C	UQCRB
612	1.0	AMT	RANBP10	ZNF276	NPEPL1	CSNK1A1	ENGASE	ZXDC	AGER	KAT8	LY6G5C	GALT	PLEKHJ1	DDO	PGPEP1	PITPNM1	ACADS	ACBD4	LHB	ZNF688	PPP6R2	PITPNB	BBC3	ABCA7	GNMT	VRK3	RDH5	MLXIPL	PAPSS1	C2CD2L	RBM3	DHRS12	DECR2	TMEM63A	KAT5	PHKA2	SEPT2	GABARAPL3	SLC25A28	DGAT1	SLC43A1	CYP11B2	SLC12A9	APOL2	ACAD10	MADD	CRADD	CASP9	SLC9A8	OCEL1	C7orf43	C6orf47	SLC26A6
613	1.0	BRD7P3	KIAA1967	TSSK1B
614	1.0	CTAGE1	POU4F2	ACSBG2	GML	NTNG1
615	1.0	MXRA5	C1R	C3	MGP	COL15A1
616	1.0	TTR	FGL1	ITIH3	CPB2	FGB	SPANXC
617	1.0	DYNLT1	AFF2	VPREB1	CD63	TSHR	GFRA4	NPTN	NDST3	RAG1	LCT	SLIT1	SIX6
618	1.0	HES2	CDRT1	GPR110	TNS4	KRT4	PADI3	PVRL1	TGM4
619	1.0	PDS5A	SMARCA5	RBM15	HNRNPH3	MST4	UBP1	RNF138	CCDC59	FAM111A	LSM14A	PNN	SREK1	SRSF4	HNRNPA3	SNW1
620	1.0	BCL2L14	CRYM	UGT2B15	ACSM3	NR1I2	HNF1B	KLK1	UGT2B28
621	1.0	TUBGCP2	CHRNE	FLJ13224	IQCC	GTPBP1	DOHH	ANP32C	GNL1	CSNK1G1	HIST3H3	JMJD5	HIST1H2AB	C9orf53	DNAJC4	MAFK	GPR25	HIST1H2BL	TLE6	POMT2	THAP3	YARS2	RCE1	MTHFR	TONSL	TRMT61A	DCAKD	TUT1	MATN4	DUX2	PIN1P1	C19orf73	OXCT2	DDX54	CXorf56	TERT	TMSB4Y
622	1.0	NCAPG2	SPAG5	NCAPD2
623	1.0	MCOLN3	GRAMD3	STEAP1	EDN1	SCG5	PIR	MOXD1	TFPI2	MYO6	LEPREL1	SPRY2	TNFRSF11B	CYB5R2	KCNK1	RAB38	RRAD	GDF15	SOX9	CREB3L1	SLC12A8	KRT7	SLC1A1	TP53I3	NAV2	DMD
624	1.0	CCL18	HLA-DRB6	CXCL9	CCL19	HLA-DQB1	CXCL10
625	1.0	TBL1XR1	CLPX	MED4	C11orf73	PRMT3	KRR1	RRN3	LARP4	CDK8
626	1.0	TMEM135	PYCR1	ME1	EPHX1	ACO1	CCND3	ARHGEF18	CXCR4	ALDH3A2	C2CD2	RETSAT	FAH	TRIM16	MYO1C	PCBD1	PLA2G16
627	1.0	SLC25A21	RNASET2	HLA-E	ARG2	HLA-G	TAPBP	HLA-B	IFITM1	NFKBIA	PSME1	HLA-F	HLA-DRB1	HLA-C
628	1.0	POLR2J2	PEF1	PSMD5
629	1.0	HOXB6	AKR7A3	PTPRR	HOXB9	HOXB13	HOXB5	FOXD2
630	1.0	ACADL	PRKAA2	LMO7	HYAL1	PITX2	SLC22A3	ALDH1L1	TIMP4	PPARGC1A	SLC38A4
631	1.0	ATP2B3	CRH	GPR6
632	1.0	SULT1B1	EDAR	GPR35	CYP4F2	C6orf105	CTSE	BTNL8	CASP5	SLC22A18AS
633	1.0	TSPAN14	CLIC3	SMOX	ACVR1B	SLC16A5	LPP	TNFRSF25	SLCO3A1	KLF3	PRR5L	TMEM2	CDA	HPSE	OSBPL9	UXS1	CXCL5	MXD1	RAP1GAP2	AATK	ASGR1	KIAA0146	ATXN7L1	TBC1D8	GSN	SIGIRR	PRR5	AMZ2	ARRB1	RCAN3	CCNJL	PLEKHG3
634	1.0	ACOXL	PRM2	HEYL
635	1.0	MAGEC3	TECTA	RAC1	MYL12B	GRIK4	BMP8A	MORC1
636	1.0	TAAR3	NACA2
637	1.0	SMCP
638	1.0	ZFP64	OGFOD1	SETD6	BICD1	KAT2A	MUM1	BCOR	SDCCAG3	PDS5B	CCDC41	TRIT1	ZNF133	GNL3LP1	NAA40	GMCL1	TASP1	METTL2B	DLEU1	EP400	SLC5A6	SCRIB	URB1	PBRM1	YLPM1	ALMS1	RBFA	FAN1	DCAF10	FAIM	JRK	CYP2R1	TTI1	C16orf88	TYW1	PPIP5K1	PRKAR1A	DFFA	TTF1	LOC100506469	QTRTD1	C12orf43	TUBGCP5	TUBD1	RIOK3	TSEN2	ZNF16	MCM3AP-AS1	ZNF652	ZNF426	ATR	METTL8	WDYHV1	RCL1	GTPBP3	TRAPPC2	NAMPT	ACAD8	HERC2	C2CD3	CAMKMT	AQR	L2HGDH	FANCF	SLC25A17	ZNF783	C2orf27A	KIAA0753	BCAT2	TIMM9	SRSF11	TAF1A	LCMT2	TM7SF3	ZNF7	AMBRA1	ZNF263	GPATCH2	ANKRD17	ZNF468	CDC42	WDR73	ZCCHC11	THADA	C15orf44	MCM9
639	1.0	HIST1H2BN	HIST1H2AK	HIST1H4B
640	1.0	NOP10
641	1.0	SHANK2	ANXA9	CLDN3	PRR15L	FOXA1	MB	KRT15	LYPD3	RAB17	PP14571	WWC1
642	1.0	P4HTM	UNC119B	PSENEN	BSCL2	IFT20	ARL3	IFT57
643	1.0	C4orf34	CSAD	LONP2	LRCH3	NAIP	EZH1	LOC100272228	ZNF337	FLJ42627	ZRSR2	TRPV1	MON2	KDM4C	LINC00342	C12orf51	TSC1	ZNRD1-AS1	SECISBP2	TRIM52
644	1.0	SDPR	ACACB	MTHFD2	NR3C2	PID1	CDKN1C	C5orf4	EIF4A3	GARS	KPNA2	BUB3	NME1	PCSK5	ARHGEF10L	PDK4	ILF2
645	1.0	SMAD5	PRRC1	SPAG9	WASL	FAF2	SPRYD7	EEA1	GOLIM4	EHBP1	BMPR2	C1orf27	XPNPEP3	SPIN1	PRKAB2	SCAMP1	GOLGA2	RASSF8
646	1.0	EIF2B5	OSGEP	ILKAP	LSG1	CTNNBL1	CDK5RAP1	C9orf114	DRG2	RNF126	CCDC22	DHX35	TOE1	DFFB	CCDC94	KRI1	TRMT1	RRP8	PMF1	ABT1	MAD1L1	NUP93	TMEM30A	LANCL2	RBM19	ACTR5	GNB1L	KLHDC4	DDX28	LAS1L	TMEM160	FAU	MAPKAPK5	EXOSC10	RRP7A	TSR2
647	1.0	MUC5B	CAPN9	C10orf81	SLC9A2	BCAS1	PLA2G10	SPDEF	SCGB2A1	FAM83E
648	1.0	CTAGE5	RAB33B	ZNF280D	ZNF518A	AP2S1	RALGAPA1	VPS13D	C4orf41	SCAPER	ANKRA2	C2orf67	VPS13A	NCOR1	ATG2B	SAP18	DOPEY1	FKBP1A	CASD1	MIA3	DENND4C	KIAA0240	PEX1	CPEB3	CBR4	IRAK1	MED23
649	1.0	SPAM1	PRPH2	ART1	OR52A1	THRB	C1orf105	FGF4	CTRB2	MUSK	NPY6R	MYL10
650	1.0	RXFP3	CYP2U1	PITPNM3	DRD3
651	1.0	PSMD3	RPS21	PDAP1	SNF8	POLR2C	ITPA
652	1.0	RPS6KA1	NBEAL2	LRCH4	ADAM8	VAV1	PRKCD	ARAP1	GMIP	S1PR4	DPEP2	FMNL1	SIPA1	DENND3
653	1.0	MAD2L1	RACGAP1	CCNB1	GMNN	UBE2C
654	1.0	SNRNP40	LSM2	EXOSC9	NXT1
655	1.0	MINK1	FBRS	MED15	SIRT6	IKBKG	HPS6	HECTD3	KDM5C	SBNO2	RNPEPL1	TBC1D10B	SUPT5H	TSC22D4	RPS6KA4	GSK3A	INF2	MAP3K11	EML3	GIT1
656	1.0	ISCU	PPP1CC
657	1.0	TUFT1	CARHSP1	AKR1C2	DAAM1	SLPI	MALL	DHRS1	ELOVL1	AKR1B10	SLK	CRABP2	AHNAK2	KANK1	ECM1	GSTA4	ZNF185	CBR1	AKR1C1	SDC1	AQP3	RHOD	GPX3	ANKRD57	GLTP	S100A2
658	1.0	PDYN
659	1.0	TTYH1	LOC284244	RORB	NRXN1	CSRNP3	ATRNL1	ERC2	SCG3	KCNQ2	DDX25	BAI3	PAK3	ASTN1	SNAP91	GABRB3	CTNNA2	PCDH8	SULT4A1	GRIA2
660	1.0	DES	C9orf3	FLNC	TPM2	MITF	PPP1R3C	HSPB8	SYNM	HSPA2
661	1.0	TNFSF4	LOC390940	ZEB1	DOCK10	PDE4B	C20orf103	TRPV2	PTPLB	SLC2A3	CD200	MICAL1	FLI1	MAGEH1	TMEM14A	GAL3ST4	PLEKHO1	MSC	SLC43A3	DACT1	EGR2	WIPF1	SLC15A3	ITGA4	GSPT2	GPX7	CELF2
662	1.0	GPX2	FLG	ENDOU	IL36A	IL36RN	ADH7	KLK14	ALOX12B	FOXN1	CLDN17	CALML5	CDSN
663	1.0	C20orf24
664	1.0	BMP5	LGR5	RAMP1	TYRP1	AGT	WNT11	SCTR	ADH1C	SERPINA5	AMOT	NDNF
665	1.0	OPN1SW	IFITM3	IFITM2
666	1.0	LAIR2	AOAH	DOK2	TBXAS1	MARCH1	LAIR1	CCR2
667	1.0	NFKBIL1	CYHR1	ZMAT5	KLHL26	ZNF787	ZNF408	PAF1	AXIN1	SART1	CTDP1	RNF220	CLK3	SUGP1	GTF3C5	USP19	ZNF574	KPTN	GPATCH3	MLL4	UBOX5	GPKOW	TSSC4	DGCR14	EXOC3	ZC3H3	SMG5	RNF31	TFIP11	DDX49	ZFPL1	ZNF142
668	1.0	SIGLEC7	EMILIN2	CARD9	SLC11A1	VENTX	CD300C	SH3BP2	PLCB2	RENBP	APOBR	CD101	SIGLEC9	PIK3R5	NLRP3
669	1.0	ASPA	ABCC9	ACSM5	FHL5	SRSF9	RERGL	HIGD1B	FIGF
670	1.0	MPDU1	FADD	TRIM27	C14orf169	C11orf24	CLP1	BRMS1	CHMP1A	COPG	ZNF259	ISG20L2	RABEPK	DPP3	KCTD5	DDRGK1	DPM2	HMOX2	DPAGT1	EXOSC4	GPR172A	TOR1A
671	1.0	RECK	ARID5B	COPZ2	PGRMC2	ABL1	MFGE8	NUPR1	PKD2	BDH2	KIAA1199	TRIOBP	KANK2	CCDC53	ARMCX1	REV3L	C6orf145	SOCS5	PPAP2A	IGFBP6	ATP2B4	TMEM43	NDN	ZCCHC24
672	1.0	MED21	HCFC2	WAPAL	C2orf49	C17orf48	C12orf4	MED7	CDC37L1	PLAA	YAF2	NAA35	MAN1A2	DBT	TAF13	CDC5L	GUF1	INTS12	LYRM2	GTF2F2	PRPF18	APOOL	TRIP11	HUS1	MFN1	BRCC3	RIOK2	SLC25A30	SNX4	CAPN7	CGRRF1	ECD	LIG4	FAM175B
673	1.0	SSRP1	GMPS	TUBG1	EMG1	EEF1E1	PRMT5	PA2G4	NUP107	FEN1
674	1.0	C5orf30	MPP6	DENND5B	GEMIN8	RNF32	B4GALT6	UBFD1	ZDHHC14	STAU2	MAP3K13	CAPZB	INHBE	SLC25A4	SLMO1	ARHGAP44	TMEM39A	NCKAP1	HIBCH	CHAC1	BCL9	TFDP2	HMGN5	TMBIM4	NAGK	NF1	FAM90A1	SPATS2	SH3BGRL3	S100A4	SLC25A23	AGBL3	RWDD2A	ZNF35	EPB41L5	CTPS2	SQRDL	FAM108A1	PTCH1	CD320	GAB1	ASTN2	KIF3A	MAPKAP1	LARGE	IQGAP1	FDXR	GPHN	ARHGAP1	FBXL5	ZNF215	GIGYF2	DIAPH1	CTH	JAG1	FXYD5	TXNIP	DAZAP2	KDM4D	ZNF193	KIAA1797	ZNF391	SGK1	MAGEF1	KLHL23	GCNT2	JAK1	EDA2R	POLR3G	WTAP	MT2A	SCARB1	RAP2B	GLUL	ASCC1	OSBPL8	ABI2	METTL9
675	1.0	FBXO46	FBXO41	IQCB1	VAMP1	TGIF2	HSPB1	LIME1	PDK3	ZNF589	RNF11	TSC22D1	ITGAV	CNTRL	ARID3B	PROSER1	NUP210	ACTR10	PLAGL2	PAM	FCHO1	MUTYH	VAMP3	SERINC1	ARID3A	RAB2A	PASK	TAF4B	CD59	ATP6V1D	ATF7IP2	SERINC3
676	1.0	MKLN1	GSR	MYCBP	GNAS	DDX24	ERO1L	KLC1	GK	PAFAH1B1	ENTPD7	ARHGEF7	DYNC1LI2	VEGFA	PGGT1B	GDAP2	MAP4	ZMYND11	AVL9	CIRBP	ZAK	PIK3R1	ADD1	TTC3	PDLIM5	IDE	UGGT1	TRIM44	CAMLG	NSUN3	ETNK1	MACF1	PLSCR2	GK3P	SAR1A	TMEM33
677	1.0	DOCK5	TECPR2	AOC2	CASS4	GPR77	KTN1	RBBP7	NUCKS1	FFAR3	NECAB2	BEST1	PFKFB4	LOC254896	C1orf183
678	1.0	PDE3B	PTX3	PKIG	TIAM1	UGCG	P2RX5	PITPNC1	HDAC4	PTPRO	LAMP3	RNF125	UTS2	BCL11A	PDLIM1	LY75	SLC18A2	IGFBP7	GPA33	TNFSF8	RYR1	BIRC3	TPD52	GALNT14	AKAP7	KIAA0922	PELI2	LRMP	RASA1	TFG	ZBTB16	SEL1L3	SPINK2	PDE4D	FLT3	SEPT6	ADA	HERC5	VAV3	KBTBD11	RIMS3	PALLD	MATK	PTPN4	RABGAP1L	EAF2	APOBEC3C	LEF1	CYFIP2	ZMAT3	PRKCQ	ASRGL1
679	1.0	FNDC8	C13orf41	KCNA10
680	1.0	RPP40	MRPL48	SF3A3	CUL1	LOC388796	FAF1
681	1.0	VNN1	FOLR3	BST1	CACNA2D3	SIRPA	KLF7	FAM49A	DHRS9	PSTPIP2	UPP1	TLR4	OGFRL1	CREB5	GPR97	HLX
682	1.0	IGKV3-20	IGLV3-19	IGLV1-40
683	1.0	ZNF227	ZNF155	ZNF235	ZNF234	ZNF225	ZNF45	ZNF350	ZNF221	ZNF613	ZSCAN12	ZNF222
684	1.0	FAM18B1	UNC50	CCDC90B	TMEM106B	ARMCX3	ARL1	GOLGA5	C1GALT1C1	C1orf9	TMEM50B	ERGIC2
685	1.0	EIF3M	SNRPB2	CNIH	PSMA3	MATR3	SERBP1	COPS2
686	1.0	FBLN1	CPE	GAS1	TBX3	SDC2	IGFBP5	MCAM	LHFP	PLSCR4	HSPG2	DPYSL3	MATN2	PDGFRA
687	1.0	C6orf64	BRAP	SUMO4	C17orf80	HLCS	HP1BP3	NVL	SURF2	LIN37	B9D2	RNF25	RAB40C	CAB39L	AAGAB	PEX19	ODF2	MCPH1	DHX57	N6AMT1	SLC35E3	ZNF324	PPP2R2D	PIAS4	TAF12	WDR25	PLEKHA8P1	RNF41	MED27	COG7	OAZ3	UBB	ST7L	DHX8	DEPDC5	ING1	PRMT7	KIAA0090	WDR59	SLC25A14	DDX31	KIAA0319L	AP4M1	ZNF668
688	1.0	TPD52L2	UBN1	CHFR	NCOA1	BAZ2B	IQSEC1	KDM4B	FRAT1	C20orf43	PIAS1	TSEN34	PLEKHO2	PGS1	SLC25A37	MAP3K3	NSFL1C	AKAP13	CARD8	STAT5B	PHF21A	NDE1	MPPE1
689	1.0	C17orf42	PUS7L	PUS3	RAD50	SHQ1	ELP4	POT1	C2orf44	APTX	NUPL2	UMPS	SEC23IP	POP1	INTS7	ORC5	NIF3L1	PALB2	DCLRE1A	ORC2	PAAF1	DIEXF	METTL13
690	1.0	IKBKE	MIIP	APEX2	NFKBIB	NCLN	GRK6	RHBDF2	ADRBK1	UNC93B1	PPP6R1	AP1B1	OGFR	C15orf39	TRABD	SH3BP1	ARHGEF1	TRIM26	TRIM14	ZGPAT	CORO7
691	1.0	AXL	TIMP3	COL4A1	LOXL2	TNC	CALD1	LAMB1	EFEMP1	DKK3	PTRF
692	1.0	BRD3	PJA1	MFF	LANCL1	AKAP11	TSPYL4	FTO	KIFAP3	FBXO21	USP11	ATP6V0E2	SLC9A6	PREPL	KIDINS220	RBM8A	SPTAN1	FAM168B	RABGAP1	CNP
693	1.0	TAF5	ZNF107	POLD3	CEP192	HAUS5	TGS1	DLEU2	CCP110	MPHOSPH9	WDR67	RBL1	ARHGAP19
694	1.0	ASB13	MFAP3L	GATA2	ADARB1	DSTYK	PLCB1	BAHCC1	ITGA6	ADCY9	AKR1A1	WWC2	THRA	SMARCD3	ROGDI	SYNGR2	CLTCL1	KLF5	KCTD15	RUSC2	CNDP2	SYNGR1	FUCA1	CUEDC1	FAM125B	EGFL7	IGF1R	SLC48A1	ABCA2	TXNRD3	CLDND1	ZCCHC14	LRP3	ITSN1	SLC6A8
695	1.0	TMEM106C	SLMO2	WBSCR22	GGH	ADRM1	TLE4	MRPL49	C9orf82	YTHDF1	DIABLO	RAE1
696	1.0	TMEM109	KDELR1	OSBP	PIGG	ALG3	CLPTM1	CDK2AP2	ATP13A1
697	1.0	RNF38	CDK11A	ATXN7	JMJD1C	MORC3
698	1.0	NPFFR1	LOC729164	HIST1H4G
699	1.0	C1orf116	CWH43	MMP28	RAPGEFL1	STYK1	CDHR1	AIM1L	PTK6	COL17A1	TTC22	CBLC	GJB3
700	1.0	LGALS9	APOL3	RTP4	OAS2	XAF1	APOL1	RSAD2
701	1.0	POMP
702	1.0	WDR61	NDUFB3	RTCD1	LSM1	DNAJC15	MCTS1	PSMD10	TXNDC9	PSMD7	TIMM17A	PPA2	TMEM70	TMEM126B
703	1.0	LARP1	AGPAT1	PPP2R1A	RNF167	HGS
704	1.0	MGC12488	SPTLC3	DCAF13	CG030	ZNF440	DKFZP547G183	LOC100170939	LOC202181	BTBD18	CDK13	LOC729799	VPS53
705	1.0	CDC7	KNTC1	DNA2	KIF20B	ATAD5	BARD1	WDR76	BRCA1	POLQ	HELLS	BRCA2
706	1.0	CD40LG	TXK	CD160	PTGDR	UBASH3A	TRAV8-3	PYHIN1	GZMM	GRAP2	CD5	KLRC4
707	1.0	PPP2R4	BCL7B	TUSC2	C20orf29	XCR1	UBL4A	GLTPD1	POMZP3	MRPL2	USF2	PSKH1	TMEM222	NUBP2	MUL1	CHMP6	ZNF324B	SGTA	CNPPD1	PAM16	NPLOC4	FAM3A	RNF126P1	C16orf42	PCGF1	SHARPIN	DNAJB12	ARFRP1	NR1H2	ABCF3	MCRS1
708	1.0	ADORA1	RAB3A	FGF12	BAI2	PCBP1	REEP2	DLG4	MAPK8IP1	ASPHD1	KCNJ4	STMN3	NPAS3	ARC	EFNB3	TLL2	NPTXR	C1QL1	SLC4A3	MPP2	APLP1	PTPRS	SLC22A17	ACCN2	DPF1	CADM4	DOCK3
709	1.0	MGA	EIF4ENIF1	ZNF696	ASTE1	ZBTB24	ZKSCAN4	MTERF	ZNF764	ZNF75D	METTL18	CSTF1	SCYL3	C2orf42	ZNF434	TBP	GPATCH1	HINFP	ZNF202	ZBTB3	ZNF200	GTF2E1	ZNF180	ZNF250	ZNF557	RBM4B
710	1.0	GLRA2
711	1.0	DUS1L	BOP1	GPS1	EXOSC5	WDR18	PES1
712	1.0	CYP2C9	F9	ADAM18
713	1.0	KIT	WFDC1	SPON1	COX7A1	CH25H	FXYD1	ADRA2A	PLN	RCAN2
714	1.0	PABPC1	TUBA8	RAP1B	ACTL7A	TMBIM6	AP3S1	MYH6	ASB4	LBX1
715	1.0	SLN	DUSP13	TNNT3	SRPK3	MYH2	MYF6	CAV3	CACNA1S
716	1.0	HSP90AA1	ATP5O	RPS7
717	1.0	DDX18	SKIV2L2	NOC3L	PPID	CSNK2A1	NOL11	EXOSC8	NUP88	NUP54
718	1.0	C13orf44	HR44
719	1.0	OSBPL10	ASAP2	WLS	ACVR1	ITGB5	PHACTR2	FAM13A	HNMT	MTMR11	MICAL2	GPR56	SWAP70	SMPDL3A	SEMA3C	F2RL1	RIN2	THBS1	PLEKHA1	TMEM158	RFX5	KIAA1598	DHRS3	PROS1
720	1.0	LRRC37A4	SMEK1	PPIA	MDM4	HNRNPH1	MLLT10	SENP7	EIF4G2	VPS13B	PRKAA1	ZMYM5	TAF9B
721	1.0	NEUROD1	CHGB	CHGA	CADPS	NPY	CRYBA2
722	1.0	AVPR2	LHCGR	CSN1S1	SCN11A	LOC100131825
723	1.0	LDHB	RPGRIP1	TRPM6	SEMG1	ARL8B	LPO	GCM1	SLC22A1	HRH4	MTCH1	DPEP3	IL5RA	ALOX15	ANXA2
724	1.0	C7orf64	SMEK2	HAUS6	KIN	ZNF639	DBR1	CHUK	C11orf30	RSF1	COPA	CUL2	IREB2	PDE12	CBLL1	MYNN	AHCTF1	SPAST	ZCCHC10	Morf4L1	RIF1	THAP1
725	1.0	TUBA1B	TUBA1C
726	1.0	CRHR2	AGRP
727	1.0	GPR21	BPIFA1	PRDM11	LOC730227	GPR182	GABRR2	CST8	MAS1	BMP15
728	1.0	AGPS	C20orf11	AKT1	FTSJ3	NRAS	VPS72	TAF11	PPP4C	PTRH2	SMG8	AP1G1
729	1.0	RPUSD2	URB2	RNMTL1	C10orf2	PPAN	POLR1C	BYSL	GEMIN4	NOP14	WDR74
730	1.0	RASSF4	ITPR1	CD38	CMKLR1	NINJ2	IL3RA	S1PR1	RASGRP3	C18orf1	MCTP1	STAT5A	GAS7	CLIC2	N4BP2L1	PPP1R16B	SCARF1	TM6SF1	CETP	PLCL2	CMAHP	ELMO1
731	1.0	XRCC2	SCD5	USP49	MFSD11	POM121	CCDC30	UBQLN4
732	1.0	ZHX2	DMXL1	TRAF5	FAM208A	ZNF274	FCHSD2	SETX	STX7	IRF3	BTAF1	ANKRD49	FIG4
733	1.0	RBM17	ADAMTS7	IKZF4	SSTR3	PDZD7
734	1.0	CDH8	CNKSR2	TBR1	NEUROD2	DLGAP2
735	1.0	CD79A	POU2AF1	TCL1A	PAX5
736	1.0	TLE2	TM7SF2	EPHX2	GDPD3	INADL	LRRC8B	FZD3	DLG3	C10orf57	MCF2L	ZNF204P	TTC9	RPS6KA5	GRAMD1C	EPB41L4A	GLS2	LRRC1	CYP39A1	ANKS1A	PRKCZ	CTSL1	RALGPS1	MAP3K9	COTL1	ANK3	OSBPL2	ARHGAP32	PAIP2B	LSR	C11orf80	SYT17	LRRC16A	PPP1R13B	ACP6	CORO1C	ZDHHC11	BTC	HOOK2	HIP1R
737	1.0	ZFR2	B2M	CRHR1	LHX5	KCNJ9
738	1.0	NFATC2IP	GOLGA8B	CHKB	SYNRG	FNBP4	ZNF266	OFD1	PNISR
739	1.0	ZNF287	ZNF528	ZNF419	ZNF586	ZNF154	ZNF549	ZNF749	ZNF471	VN1R1	ZNF134	ZNF510	ZNF550	NAG18	ZNF614
740	1.0	SLC1A7	DRD5	HOXB1	OR1F1	KCNJ5	NOS1
741	1.0	MS4A2	HDC	CTSG	ANGPTL7	CMA1
742	1.0	MED25	POLR2A	RFX1	DGKQ	LRRC68	MAP2K7	TNK2	MLLT1	SEPT9	OSBPL7	PACS1	SAMD4B	MLL2	ZBTB7B	DNM2	RERE	INTS1
743	1.0	HLA-DMB	LAPTM5	TRIM22	CD53	HLA-DMA
744	1.0	SLC17A4	HTR4	B3GALT5	CYP3A4	MEP1B	TBX10	CA7	MADCAM1	BTNL3	HSD3B2
745	1.0	TMC5	LAMB3	KRT5	TRIM29	S100A14	IRF6	KRT17	KRT6B	PPL	SERPINB5
746	1.0	PSMA4	SUMO1	SEC11A	HMGB1
747	1.0	TMEM14B	NAA50	MRPL20	PSMC6	UQCRC2	NDUFB6	DLD	SDHD	COPS5	MRPL33	THOC7	ETFA
748	1.0	GOLGA4	SEC24D	LINC00260	AKAP9	RALGPS2	NPC1	FLJ38109	C21orf96	ZBTB20	SMYD2	UBR2	IBTK	LOC100127972	ZNF562	HBS1L
749	1.0	HSP90AB1	TOMM20	PPA1	STRAP	MRPL3	ESD	OLA1	MDH1
750	1.0	ARFGAP1	MARK4	ZNF282	RHBDD3	GBF1	WIZ	HMGXB3	SUPT6H	SMG6	SCAMP4	ATN1	NCDN	STRN4	DCTN1	MIER2	IRF2BP1	CEP164	RNF40	NELF	GTF3C1	DVL3	FOXK2	BAP1	CDK16	ERF
751	1.0	PPIG	ZNF12	SPEN	CEP350	CUL5	MED1	CHD4	UFL1	DDX17
752	1.0	IFT88	IQCK	APPL2	BBS1	LRRC48	C11orf49	FAM206A	CLUAP1	CBY1	WDR19	NME5	IQCG	NEK11	IFT46	DNALI1	C7orf63	IFT52	C14orf45	TCTN1	C9orf116	TMEM231	DYNC2H1	EFHC1	LZTFL1	NME7
753	1.0	FOXE1	SERPINB13	PKP1	TMEM40	FAT2	DUOX1	SOX15	GJB5	TP53AIP1
754	1.0	DNAJB1	ZNF804A	SERINC5	CTNND1	BCAT1	DHCR24	BICD2	SYT11	MAP7D3	ATP1B1	ORMDL2	SPINT2	PERP	SFN	DSP	JUP	IFFO1	NET1	TOB1	CD24	CYB5A	STX2	ST3GAL2	SDC4	CLTB	CPNE3	DDR1	SH3YL1
755	1.0	ZCCHC4	TWISTNB	GTF3C4	CHML	DCAF17	QSER1	TXLNG	NUS1P3	NCBP1
756	1.0	CHST11	ATF5	MAP3K14	PARP11	RAB30	C9orf91	MAP4K2	PML	MYO5A	IL12A	DHX58	PAOX	RELB	C21orf91	RAB8B	DENND4A	HTRA2	ST6GALNAC4	MICB	NFKB2	PDE6D	MR1	SLC2A6	MALT1	BTN2A2	TMEM156	RAD51B	ZBTB25	BCAS4	STK17B	TAP2	ETS1	IZUMO4	INTS9	INPP5B	ZNF318	HPS5	WDR91	ERO1LB	SNX11	AKAP5	C18orf8	TNFSF9	DCPS	SLC9A7	TRAF3	FTSJD2
757	1.0	DR1	TRAPPC8	SCAF11	SP3	DICER1	CDKN1B	STAG2	KRAS	PUM2	MARCH7	DCP2	NSL1	SACM1L
758	1.0	APOL5	FOXL1	SCT
759	1.0	CCR9	CCR4	CLPS	LOC79015	KIR2DL5A
760	1.0	NKX6-1	HOXD11	HOXD10	HOXD9
761	1.0	NAP1L2	MAP1LC3C	C11orf95	LGI2	ANKRD28	TAGLN3	GUSBP11	PSME2	NEUROG1	GSTT2	CALY	DNAJB5	NOVA1	NBEA	TAGLN2	ANO3	DET1	FAM5C	ITGB1BP2	MRAS	B3GNT1	NIPSNAP3B	SERP1	SPEG	SELT	ATP6V1G2	ASB1	KHDRBS3	PARK2	NMNAT2	FAM110B	MCF2	CYP46A1	IER2	LRRFIP1	ATP1B2	HSPA12A	HDAC1	OR1A1	PPP1CA	F8	KCNN2	ATP6V0B	CA11	NPR2	C16orf45	H2AFY	CTIF	TLN2	METTL22	KCNAB1	C1orf21	SAV1	ATP1A1	C22orf36	XBP1	CYBA	PCDH9	NT5DC3	RABL3	ZHX3	CLCN4	SIK2	NDP	MOCS1	ATP8A2	GRAMD1B	HIST1H2BK	ZNF385D
762	1.0	SLC13A4	GNRHR	GALR3	DKK4	PLA2G2E	STATH
763	1.0	ACTL6A	SRPK1	ILF3	KHSRP	HLTF	MSH6	NUP43	PRKDC	HNRNPUL1	HIST1H4C	U2AF2	KPNB1
764	1.0	SLC9A3	KLK3	ABO	ALPPL2	CLCN2	MUC5AC	IHH	LY6G6D	CA9
765	1.0	IRF9	PIK3CD	PHF11	GCH1	SHOC2	SP110	PIP4K2A	CSK	KIAA1033	FNBP1	TNFAIP8	CRLF3	ICAM3
766	1.0	EIF3G	CUTA	CS	FBL	APEX1	RNPS1	RPS2	ANAPC5	EIF4B	DUT
767	1.0	GJB4	ALLC
768	1.0	UPF3A	ARID1A	GOLGA8A	RBM25	STX16	KAT6A	MGEA5	C1orf63	NISCH	KIAA0528	RBM5	USP33
769	1.0	SSTR2	DNAH17	S100A6	CXXC4	GLDC	VASH2	ADAM22	CEBPB	NEUROG2	KCND2	CNR1	TDRD12	OXTR	ASCL1	GPR63	EPHB1
770	1.0	GNGT1	CNNM1	DMRT1	DUSP9	ALPP	PRAME	AGXT2L1	HPD	MAGEA12	CGA	LGSN	KHDC1L	TLX3	WISP3	NR0B1	DLX6	BARX1	GIP
771	1.0	CCR6	BLK	SP140	SKAP1	LY9	GVINP1	P2RY10	CR2	SIT1
772	1.0	LILRA6	SPI1	EMR2	LILRA2	ITGAX	CYTH4	PTAFR
773	1.0	SLC12A4	CLCF1	LUZP1	EIF5A2	TCP11L1	PVR	SMURF1	ABL2	SAMD4A	CYTH3	NCS1	KIAA1609	ANXA2P3	RGS20	PANX1	PI4K2A	NRG1	NF2	ANXA2P1	ULBP2	DEF8	DCBLD2	KIRREL	FOSL1	PAFAH1B2	MICA	CSF2	SMAD3	SYNJ2	RBMS2	TNFRSF10D
774	1.0	PECAM1	F13A1	ALOX5AP	CD302	ITGB2	DUSP6	FCER1G	SERPINA1	PTPRC	S100A9	TYROBP
775	1.0	CCDC72
776	1.0	BAALC	CSPG4	CORO2B	PRKD1	MEG3	SOX11	NTM	STK32B	BNC2	CLIP3	AMPH	FBXL7	STON1
777	1.0	AGPAT5	PMAIP1	CTR9	ME2	LSM6	PSIP1	MFAP1	SS18L2	IMPA1	EED	TLE1	CPOX
778	1.0	NKX2-2	CITED1	ZIC3	POU3F4	POU3F2	NR2E1	OLIG2	POU3F3
779	1.0	NRXN2	MYO16	FGF14	SV2C	GRIK5	ACTL6B	RFPL1-AS1	MAST1	NOL4	GFRA2
780	1.0	MGC13053
781	1.0	MEPCE	PI4KB	PTOV1	GMPR2	NAP1L4	MAZ	CPSF4	OTUB1	ARFGAP2	MTA1
782	1.0	FTSJ2	FUBP3	FAM208B	MTERFD1
783	1.0	INSL3	TREML2	PPP2CB	CDK2AP1	ELL	PSMC1	JAK3	GPR132	KSR1	AGAP2	MGST3	DSTN	DYNC1I2
784	1.0	PPP1R14D	C4BPA	MEP1A	EPS8L3	PCK1	ODAM	CDX1
785	1.0	PTPN6	LPXN	HCLS1	LCP1	SORL1	CORO1A	RAC2	LYN
786	1.0	HIF3A	RAPGEF3	SEMA6B	FLT4	NOVA2	KLHL4	SNCG	TCF15	SCN5A	PURG	NNAT
787	1.0	OR2B6	HIST1H2BI	HIST1H2AJ	HIST1H2BO	HIST1H2AI	HIST1H4D
788	1.0	RCHY1	DCUN1D1	RANBP6	RDH14
789	1.0	CHPF2	R3HDM2	TTPAL	EBAG9	SMG9	PPP1CB	TTC35	RHOA	LTN1	PTPN9	TM2D1	UNC119	VPS33B	PTP4A1	CLIP2	EDEM2	CHD3	MANBA	RAB4B	ATP5L	PEX16	SAR1B	PFKL	SPATA2L	MON1B	ABCC10	SLC30A9	SIPA1L1	PCYOX1L	TRAFD1	TP53	NADSYN1	ZBED1	CTC1	SNAPC5	APH1B	POTEKP	HPS1	SLC35C2	RB1CC1	PTPRA	CDK19	STRADA	PDHB	BIN3	IPO7	ADI1	ORAI2	ASB8	FHL3	KLHL36	TMCO6	ASB6	ENO3	ST13	SH3GL1	CAPN3	SAP30L	MFSD10
790	1.0	NDUFB1	COX7B	PFDN5
791	1.0	HOXB7	SIM2	HOXA4	HOXA7	HOXA10	HOXA5	HOXA2	TAF7L	HOXB3	HOXA11
792	1.0	TAS2R9	PADI1	PPY	KRT2	GK2
793	1.0	AIDA	DRAP1	P4HA1	GOLT1B	NT5E	RIC8A	YIPF5	PLIN3	QSOX1	CITED2	GLT8D1	TRAM2	PDIA5	PIK3C2B
794	1.0	TPPP3	CADM1	LRRC17	TGFB3	MEOX1	COL21A1	GPM6B	PDZRN4	OGN	SETBP1	HLF	REEP1	TRIL	SCUBE2	FMO3	THSD7A	ENPEP	ANXA3	OLFM1	RASL12	RAI2	MPPED2	SLC24A3	HEY2	MAN1C1	SEPT4	PEG3	KCND3	FRZB	FAM107A
795	1.0	UNC93A	KCNJ13	GSTA3	HSD3B1	PIK3C2G	SLC15A1	BPY2
796	1.0	VEZT	SUZ12P	C17orf88	PHC3	C9orf38	KIAA1731	KIAA0889	LRRC37A3	TMEM19	GSTCD
797	1.0	CHL1	PIK3R3	ABCA6	NTRK2	CYP7B1	RGS13	TNN	HEY1	PLA1A	PIEZO2	JAM2	IGF1	KL	SV2B	KCNN3	NQO1	ARHGAP6
798	1.0	NPAS1	ATP8B2	WNT10B	HTR7	ZNF205	PLCB3	RGP1	HABP4	VAX2	NTSR1	PCDHB13	ADRA2C	APOA1	RGS9	GPR3	LOC100507009	ICAM5	TRIM46	PTGER1	EGR4	VGF	LOC79999	PTMS	HCN2	IQSEC2
799	1.0	ONECUT2	MC2R	ADH1A	SLC28A1	SLC34A1
800	1.0	KLHL3	UBE2A	KCTD7	C3orf18	PGK1	LYPLA1	IL11RA	LOC339290	APBB1	ULK2	FLJ13197	TOP1	CAPRIN2	C1QTNF3	VCP	CRY2	POU6F1	TUBB2C	SNED1	TKT	KIAA0355	GPRASP1	GABBR1	NMT2	ATP2A2	ANKH	PSMD14	RIC3	SNPH	PPT2	TULP4	ATG14	VDAC1	SYNE1	MTMR9	RUFY3
801	1.0	NPRL3	PTDSS2	ERAL1	DEAF1	TBL3	OBFC2B	ABCB8	TRMT2A	MLST8	PEX10	TAB1	CIZ1	AAAS	MBD3	ASPSCR1	NARFL
802	1.0	FXR1	TACC2	TSPAN7	CRYAB	SATB1	LOC100129361	BHLHE41	PPP1R12B	FILIP1L	FAM134B	APOD	NDRG2	NXN	GHR	LMCD1	DEPTOR	PALMD	PDLIM3	RGS5	LIMCH1	AMPD1
803	1.0	DPH5	PYROXD1	RCBTB1	FBXL4	TGDS	ZNF143	ANGEL2	CSTF2T	RPGR	UHRF1BP1L	CCDC132	ENOX2	TMEM183A	DDX52	ELAC1	DNAJC16	CHCHD7	CIR1	MTRF1	TUBGCP3	RAB28	ARMC8	SMAD4	STAG3L4	MCMBP	TPP2	KIAA1009	RNF2	DIS3	C15orf29	TRDMT1	CDKN2AIP	ERCC5	HNRNPA3P1	ZC3H13	GUK1	FAM204A	MRPS18C	PARG	RNASEH2B	ATP9B	PAPOLG	ACTR8	C6orf162	UPF2	TTC13	CDADC1	NOL10
804	1.0	PRKCSH	STAT6	FAM134C	CALR	ARHGDIA	UBXN1	H1FX	GGA1	GDI1	GGNBP2	ESYT1	SF1	PGLS	WAC	ARL6IP4	MAP2K2	PIEZO1	NAA60	RAB3GAP2	BRD4	RAB5C	TCF25
805	1.0	ITPK1	RALBP1	MAML1	PAK2	CSNK1D	TFE3	NUMB	KDM3B	WBP2	KDM6B
806	1.0	CDK3	UCKL1	TAF1C	SH2B1	DGCR8	INPP5E	GLTSCR1	SPG7	ACIN1	SGSM2	CCDC130	ARHGAP33	TSC2	CLASRP	TJAP1	RAB1A	TTLL3	FAM193B	USP20	FAM193A
807	1.0	CRP	TRMT5	APOF	CFHR5
808	1.0	ERP29	PTMA	PTBP1	UXT	PPIB	SNRPB	PDIA3	DDOST	CLTA	ZNF207	ANP32B	ATP1B3	UBE2I
809	1.0	TMEM59L	APC2	UNC13A	CACNA1G	CHD5	NLGN3	BCAN
810	1.0	CEACAM7	GPR87	PSCA	CST6	DEFB1	KRT23	CLDN1	DUOX2	SLC6A14	KLK10	AADAC
811	1.0	CEMP1	SLC6A11	PYY2	GCGR	SSTR5
812	1.0	ADAR	PPARA	HYAL4	IFNA6	ERGIC3	ITGB1	WBP4	TMLHE	SLC4A1AP	CHRNB1	XPO4	OBSCN	FGGY	MED14	MBD5	IDI2-AS1
813	1.0	XIST	PUM1	SON	LUC7L3	KIAA0907	SRSF5	SRSF7	NACAP1	MAT2A	SRSF6	YTHDC1	HNRNPA1	ARGLU1	RBM39	HNRPDL	RSRC2
814	1.0	IFI35	OAS1	OAS3	PARP12	DDX60
815	1.0	SYMPK	STK11	PPIL2	RBM10	RTEL1	TOP3B	TELO2	COPS7B	MUS81	EDC4	SENP3	RAD54L2	CDK10	SAFB2	C1orf35	MTG1	BAHD1	POLM	E4F1	C17orf70	PIDD	OGFOD2	TTC31	DOM3Z	C1orf159	RAD9A	NFRKB	TRAF2	RECQL5	NAT9	SFI1	ATG4B	ZBTB48	MED22	ZNF446	RHOT2	SKIV2L	PHKG2	SNAPC4	HTT	C7orf26
816	1.0	MCM4	FANCI	OIP5	GINS2	EZH2	FBXO5	CENPN
817	1.0	ARCN1	GORASP2	RPN1	SEC61A1	SEC13	ZMPSTE24	LRRC59	GANAB	MANF	COPE	NIPA2	TMED9	TMED2	CNPY2	HYOU1	ALG5	SSR1	RER1	KDELR2
818	1.0	RAB1B	ARF5	RUSC1	PPDPF	SLC25A1	ARFIP2	VPS52	SLC2A4RG
819	1.0	SECISBP2L	SKI	FICD	RAPGEF2	ERC1	EI24	C14orf101	ZNF264	GATAD1	PIK3CA	NUTF2	HNRNPL	SLC26A2	NR1D2	DARS	SLC16A7	TMF1	PDP1	SLC44A1	ATF6	GSK3B	SSH1	TRA2A	TOB2	KLHL24	ATP7A	SNX27	ZBTB43
820	1.0	GHITM	VPS26A	HADHB	GPX1	GSTO1
821	1.0	SNCB	LOC157627	CBLN1
822	1.0	CALB1	LRAT	MYL7	CCKBR	PRDM14	CLDN10	LECT1	FOXH1
823	1.0	GRIN2D	SPINT3	PEAK1
824	1.0	XPO1
825	1.0	C17orf75	CCDC91	C1orf109	DTWD1	MSH3	TBCCD1	C5orf44	POLR3F	NFYB	RINT1	RWDD3	C5orf28	PIBF1	APPL1	ZNF184	ICK	DNAAF2	NARG2	IFT74	ETAA1	NEK4	DUS4L	KIAA1704	ANAPC10	C4orf43	MBIP
826	1.0	IL18R1	RAB33A	IL21R	TRAF1	BATF3	GATA3	NGRN	STX11	TNFRSF9	TNFRSF8	IPCEF1	CD226	TNFSF14
827	1.0	MAK	NDUFB8	HIST1H1T	PQLC3	HNRNPM	COX7A2L	EPS15L1	PCNX	PABPN1	CCT8	CYSLTR1	ST20	UNKL	EVX1	AVIL	KIF13A	ADAMTSL4
828	1.0	FLT3LG	CDKN2D	GPR44	ANGPT4	PPIAL4A	S1PR5	CYSLTR2	NMUR1
829	1.0	SVIL	ABCC3	LTBR	TBC1D2	FOSL2	ALDH3B1	AASDHPPT	SPHK1	CDC42EP2	IL1RAP	ACADM	SFXN3	PLEC
830	1.0	LATS1	ZNF780B	ZC3H11A	PTPN11	CCDC82	RBBP9	ATF7	ZNF484	ZNF407	TGOLN2	ZXDB	AP4E1
831	1.0	BCL2L11	NFYA	GABPB1	PDK1	LARP4B	MTMR12	SNIP1	ELK4	ASB7	RNGTT	NR2C2	DGKE	SLC25A40	CWF19L1	GLE1	ANKHD1	DCAF7
832	1.0	AQP1	VWF	CD248	GNG11	AOC3	LPL	AKAP12	CLEC3B	SRPX	FABP4
833	1.0	CSF1R	CD93	TPSAB1	VSIG4	MS4A4A	TPSB2	CD163
834	1.0	FANCA	TACC3	BORA	BLM
835	1.0	SFSWAP	RBM4	COX4I1	AKAP8	ZBTB40	KLHL18	RPL18	NOL12	PRPF3	MTOR	LRIG2	CTRL	POLG	USP36	VPRBP	NRF1	BRPF1	ZNF335	AKAP8L
836	1.0	ZNF500	CCNL2	LRRC14	MZF1	PAN2	ZNF862	SEC31B	UCN	C5orf45	LUC7L	ANKZF1	PRKRIP1	CROCCP3	PPIEL	PMS2L2	MAP2K5	ITFG2	SETD4	TTC21B	NBR2	OTUD3
837	1.0	REV1	MDN1	GCFC1	LINC00338	YTHDC2	FUBP1	CREBZF	FASTKD2	ALG13	CASP8AP2	PRPF39	POLG2	CCDC76	NR2C1	TARBP1	PRPF38B	THUMPD2	PPWD1
838	1.0	PDZRN3	ID4	CNN1	ITGA8	HAS2	HEPH	SLIT2	EPHA3	TMEM100	ZNF423	TRPC6	COL14A1	LPPR4	SOD3	PAMR1	PTGIS	NES	PTN	MT1M	JAM3
839	1.0	AKIRIN1	YWHAH	JARID2	CDKN2C	RBM7	SIRT1	TNPO3	TRIM24	LIN28A	ADSS	TEX10	SEPHS1	TERF1	SIAH1	ORC4	SLC25A13	ORC3
840	1.0	ASAP1-IT1	LRCH1	ATG16L1	ZMYM2	SLC35E2	RUNDC2C	TRIM66	C7orf28B	TAPT1	KLHL28	LOC647070
841	1.0	BRD8	SLC25A36	NPIP	TPR	CTBP1	SLC35E2B	SETD5	CDK5RAP3	PKD1P1	ZNF638	LOC399491
842	1.0	TMEM214	NCSTN	PREB	BET1
843	1.0	PYCARD	LY96	ADCY7	SLC7A7	DPYD	RCBTB2	EVI2A	CTSS	GLIPR1	NCF2	CD97	PTPRE	CECR1	C1orf38	CASP1	LMO2	SAMHD1	MYO1F
844	1.0	RABL5	CRYZL1	CDKL3	TTLL1	DYNC2LI1	C5orf42	BBS4	TTC26	RPGRIP1L	AHI1	FAM149B1	SRR	TTC30A	TBC1D19	BBS9	RRAGB	ZNF214	C5orf54	SPATA7	IFT81	WDR60
845	1.0	ZDHHC6	ZFAND1	ABHD10	CYB5B	MOSPD1
846	1.0	C1QA	C1QB	CD14	HLA-DQA1	APOC1	APOE
847	1.0	YRDC	NIP7	MRPL19
848	1.0	ADAMDEC1	TDO2	CXCL11	TREM2	CCL21	CXCL13	HSD11B1	SELE	RARRES1	CCDC102B
849	1.0	FRMD4A	CSRP2	SNRK	NT5DC2	USP3	FBN1	SYNPO	SLC1A4	FSCN1	TUBB2B	GEM	SGCE	PLTP	SMAD1	LINC00341	NID1	EPB41L2	SEPT11	EXTL2	KLF2	SLC16A1	RGS2	BAG2	SH3BP5	MSX1	PTGER4	APOLD1	STARD13	MAP1B	RHOBTB3	HSD17B11	C10orf10
850	1.0	CDCP1	ITGA2	PPP1R13L	CSF3	CCL20	PLEK2	SLC2A1	MUC1	CXCL6	CXCL2	TGFA	HBEGF	IL6	EREG	ADORA2B	MMP1	LAMC2	MMP10	MOCOS	CXCL3	CFB	AREG	CXCL1
851	1.0	PTTG2	TCP1	GNAT2	DHX34	SNRPE	CHRNA10	EIF2S2	POLR2L	SUMO3
852	1.0	DNTTIP2	SRSF3	PSMD12	TDG	RBM12	PBXIP1	ETF1	MAPRE1	SRSF1	AMD1	BCAS2	POLE3	SYNCRIP	RABGGTB	DNAJA2	C16orf80	SFPQ	METAP1	COX11	EIF1AX	EIF2S3	EIF4E	EIF5
853	1.0	PEX2	TAF2	ARMC1	INTS8
854	1.0	GNL2	HSPA14	UCHL5
855	1.0	PDCD6	HYMAI	RPA4	ALPK1	PODNL1	DIP2A	FLCN
856	1.0	PFN1	LRP1B	LMO1	ATP2B2	ARPP21	KIAA0408	PDCD6IP	AKAP6	MGC2889	SCN3B	CMTM6	TNNI3K	DTNA	LGI1
857	1.0	EVPL	CELSR1	CDS1	TMEM30B	ST14	CLDN4	EPN3	PAK6	GRHL2	AP1M2	ITGB4	EPPK1	ESRP2	EPHA1	OVOL2	STAP2	MAP7	PRSS8	EPS8L1
858	1.0	PLAT	RAPGEF5	WNT5A	P4HA2	PLCE1	NEDD4L	SGCB	MYRIP	TSPAN12	TMEM45A	CX3CL1	GNA14	GPRC5B	MOSC2	FARP1	ADAMTSL3	SNCAIP	GPC4	FOLH1	TPBG	PARM1	CCRL1	IL33	ROBO1	RAPGEF4	SORBS2	SNAI2	FLJ11235	CADPS2	FAM149A	C1orf115
859	1.0	LMF1	GORASP1	SGSH	IDUA	TPCN1	KIAA0913	ARSA	SMNDC1	MOB4	MAN2B2	MXD4	FAM160B2	TBC1D9B	CALCOCO1	TCTA	ORAI3	WDR13	GOLGA3	LTBP3
860	1.0	THEG	GJA8	PRB4	GABRQ
861	1.0	MS4A12	GIF	PIWIL1	REG1A	REG1B	REG1P
862	1.0	SCNM1	LAMTOR2	POGK
863	1.0	BZW1	HSP90B1	CANX	CUL3	SRP72	XRCC5	NPM1	TMX1	GDI2	ARF1	CCNC	TUBB	HNRNPC	P4HB	TMED10	DHX15	TRAM1
864	1.0	MAP2K3	FAM8A1	TM2D3	PYGL	FOXO3	MBOAT7	FLOT2	HBP1	WASF2	LPGAT1	FAM134A	MARCH8	RNF10	YY1AP1
865	1.0	CEBPZ	PRPS1	HEATR1	RUVBL1	GAR1	PPIH
866	1.0	ITGB3BP	CETN3	LRRC40	RBBP8	MAGOH	VRK1
867	1.0	ELAVL4	GABRA1	NCAN	GRM3
868	1.0	CCNT2	ZNF37BP	RPL37A	LARP7	MED6	PTBP2	GNRH1	LINC00115	BTBD7	GOLGA6A	ZNF224	MRPS11	SS18L1	LRP5L	ZNF236	TNKS	RAD52	TAS2R14	KLRAP1
869	1.0	POLA2	CIT	PKMYT1	E2F1	CDC25A	TROAP	RAD54L	RECQL4	CCNF	CDT1
870	1.0	PRSS53	GDF9	CNPY4	ANKMY1	RPL23AP53	PHF2	AP2A2	FP588	ACCN3	LOC100131510	KCNAB3	KCNC4	SMARCC2	CROCC	CEP41	CYP2C8	RHBDL1	MIR600HG	ZNF646	PICK1	NPHP4	SFTPB	MST1P9	SLC6A16	PLA2G6	MAGIX	MC1R	ZNF778	MAP3K10	CCDC71	FAM116B	GPLD1	SCNN1D	TBX6	CCDC57	GRM4	INTS3	AMH	SLC4A5	IFT27	KIAA0195	UMOD	RPRD2	PAQR6	BAIAP3	LTK	OVGP1
871	1.0	MAP4K1	ADRBK2	IGFLR1	GFI1	IL27RA	SPN	DEF6	GIT2	CCDC88C	LIMD2	KCNAB2	KIF21B
872	1.0	OBFC2A	WDR44	MTM1	BAG6	EVI5	FEM1C	CLN5	RPL23AP7	IFNAR1	SNX16	ARFIP1	AZI2	PRPF8	C11orf2	FAM63B	EDEM3	SGMS1	FPGT	UEVLD	YIPF4	VAMP4	BLZF1	ARL15	CDC73	STAM2
873	1.0	FMO1	DIO2	CORIN	MMP13	EGFL6	FZD10	ANO1	NDUFA4L2	TMEM176A	OLFML2A	CYP4B1	OMD	TMEM176B
874	1.0	CCND2	ISG20	KLRF1	IGHM	NELL2	SPRY1	MS4A1	STAT4	FYN	PIK3IP1	PLAU	APOBEC3G	PF4	MAL	ST6GAL1	CHIT1	BCL11B	CPVL	IL7R	SERPINB9	PRKCH
875	1.0	GPR75	LOC57399	CORT
876	1.0	LCK	FAIM3	RHOH	CD27	PTPRCAP	CCR7	RASGRP1	RUNX3
877	1.0	GOT1	PFKM	NDUFS1	ETFB	COQ9	PHYH	CISD1	QDPR
878	1.0	ADRA1D	PAX7
879	1.0	WNT5B	CSF1	COL13A1	PDLIM4	MMP14	FKBP10	C1orf216	TRIO	NRP2	NAV3	LEPREL2	SYDE1	CLEC11A	EVC	COL8A1	ANTXR1	BMP1	GPR161	GPR176	CNIH3	FAM176B	LRP12	ARHGAP22
880	1.0	TXNL1	CSNK2B
881	1.0	PXMP2	PSMC3IP	APITD1	POLA1	CHAF1B	LOC81691	EFCAB11	ERI2	E2F8	DSCC1	MNS1
882	1.0	C7orf69	PRB3	ELSPBP1	FGF17	PRAMEF12	HTR1E	LOC646934	PAGE4	IGF2-AS	PCDHB17	POU6F2	ANKRD53	SFTPC	PRAMEF10	C3orf51
883	1.0	C5AR1	S100A12	CLEC7A	TLR2	BCL2A1	LAT2	SLA	CST7	SASH3	FCN1	PPBP	FCGR2A
884	1.0	ZNF529	BEND5	SV2A	ZC4H2	ZNF135	TMSB15B	ZNF667	ZNF32	TRO	TP73-AS1	MAP9	ARHGEF9	ZNF167	CAND2	ZNF329	BHLHB9	ZNF711	ZNF415	ZSCAN18	ZNF334	MAGI2
885	1.0	DHCR7	LSS	PSPH	FADS1	C14orf1	FASN	HMGCS1	SCD	HSD17B7
886	1.0	HLA-DPA1	CTSH	HLA-DRA	ARHGDIB	CD74	HLA-DPB1	SRGN
887	1.0	KIAA0125	IGHD	FAM30A	CD22	PNOC	SPIB	FCER2
888	1.0	NBN	ATP2B1	TBK1	TOR1B	RAP2C	RIT1	OXSR1	COQ10B	TAB2	ACOT9	PSEN1	ZNF267
889	1.0	PKP4	PHF16	SEPT8	ADPGK	LRRC42	PPP3CB	VANGL1	FAM57A	DNMT3B	SSX2IP	KDELC1	LOC730101	SPA17	GAPDH	NMU	ELOVL6	TEAD4	AK4
890	1.0	MOSPD2	SLC38A6	ZNF467	SLC11A2	ARAP3	TNIP1	FZD1	BCL6	KLF11	CUX1	GAB2	TRIM58	TGIF1	ASAP1	FAS	MANSC1	SLC22A4	FZD2	STX3	CPD	PPM1F	RP2	CRTAP	UBE2G1	TIMP2	CBR3	PLEKHA5	CAMK1	MEGF9	ARHGEF40	RNF24	PLXND1	CPPED1	CD58
891	1.0	KRT13	SCGB1A1	CALML3	DSG1	LY6D	IVL
892	1.0	RNF17	ACTL8	TPO	PAEP	GABRA6
893	1.0	NADK	NT5C2	ZNF217	RYBP	BAZ1A	SMCHD1	PELI1	TRIM8	SYF2	BACH1	ABHD3	STXBP3	TANK	PPP1R12A	USP15
894	1.0	PLA2G2F	CRNN	C1orf68
895	1.0	DCAF4	FLJ14107	FLJ21369	RPS2P45	ZMYND8	SNX29	C3orf75	CFDP1	SYCE1L
896	1.0	MYOG	NEURL	MYH4	ARPC5	SEMA6C	CAMK2A	PFKFB1	CLCN1	SPTB	HIF1A	ACHE	DDN	TSPY1	ACTR3	RAPSN
897	1.0	RNF216	TLN1	LIMK1	PIP5K1C	SNAPC2	CIC	RFNG	LZTR1	CLCN7	MGRN1	NAGPA	LMF2	PNPLA6	RARA	POFUT2	MYO9B	ZNF580	INPPL1	PKN1	UAP1L1	APBA3	MAP1S	TMEM39B	C20orf27
898	1.0	OR6A2	FSTL4
899	1.0	RFK	GNE	DHX32	CASP7	XPNPEP1	CLCN3	BECN1	VPS4B	RAB11A	EXOC1	SMAP1	KRCC1	FBXO34	SSFA2	INPP1	HK2	GOLPH3L
900	1.0	KITLG	TOR1AIP1	FXC1	ZNF343	NXT2	MAP3K7	AFF1	CDON	EXOC2	PHTF2	RAB3GAP1	MAX	MED20	LOC440434	ADAM10	SPCS3	EDC3	ARFGEF1	AP3B1	MFAP3	SRPR	GDAP1	WSB1	XPO7	CCDC6	EML4	EPAS1	PPFIA1	APBA1	SPTBN1	SENP2	KLHL12	ARIH1	CDC27	CDYL	HS3ST3B1	RYK	TNFRSF10B	RUNX2	ZNF41	FNTB	ATF2	DCTN5	GAPVD1	SS18	SPRED2	NAB1	CAMKK2	SNAP23	CUL4B	ERLIN1	TLK1	SLC4A7	ROCK2	PRKCE	DCTN4	UBA6
901	1.0	NLGN4Y	TBL1Y	PRKY
902	1.0	KCNA6	DGCR9	GRM2
903	1.0	ICOSLG	GRAP	TCL6	MYBPC2	KLK2	ADAM29	HLA-DRB4	GH1	LOC100505650	HLA-DOA	OAT	RASGRF1	IGHV5-78
904	1.0	CLDN8	VTCN1	TRPV6	ATP6V0A4	ELF5	ZNF750
905	1.0	FLJ10038	PIK3R4	KIAA1654	ETV3	MTRF1L	LOC100288594	ZNF669	PRO2964	LOC100127886	TMEM143	MTMR10	SPICE1
906	1.0	G3BP1	FDPS	CDC123	TARS	UBE2V2	EIF2S1	SHFM1	HN1	HDAC2	METAP2	PFDN4	RARS	SMS	UBE2K	GSPT1	XPOT	CCT6A	RPL26L1	GLRX3	PSMD11
907	1.0	RNASE1	GPNMB	SPARCL1	LUM	FSTL1	COL3A1	TAGLN	FN1	CTSK	COL1A2	PMP22	COL6A3	DCN	C1S
908	1.0	MSH4	ALDH8A1	RFPL3-AS1
909	1.0	C19orf26	RAI1	SIX5
910	1.0	OR10H3	CHD2	OR2W1	CETN1	TSHB	IFNA14
911	1.0	HMBS	PNP	IDS	NUDT4	PHF10	YES1	PDE8A	SMAD7	SMYD3	GBP1	CREB3	CROT	KLHL9	SPATA20	LAGE3	ATXN1	DDB2	LUC7L2	AHR	RFXANK	POLR2I	SF3A1	PTPLAD1	UBE2L3	ASH2L	SLC35D2	NEDD9	GALNT10	PPIE	IPO9	ASCC3	KIAA1279	ARMCX5	TBC1D8B	MTFR1	STS	TSNAX	SLC35D1	ANKRD27	BPGM	TSPAN31	APOO	RPIA	INPP5F	PMVK	ENC1	FBXO28	USP9X	MINPP1	SMARCA4	PARP3	ACTR1A	SNX19	SKAP2	CNIH4	RBM22	SNAP29	CRY1	TRADD	RAB4A	AMMECR1	HRAS	SCML1	GADD45B	SOX4	PIK3C2A	LGALS8	HMGB3	PAFAH1B3	CDKN2A	STX18	GSTT1	POLD4	HTATSF1
912	1.0	KCNK15	SCGB2A2	ERBB4	AR	ESR1	GFRA1	CLSTN2	PGR	SERHL2	C6orf97	PRLR	RET
913	1.0	KIFC3	IL13RA1	HOMER3	C7orf23	CTDSPL	GRB10	WDFY3	OSBPL1A	DUSP3	TCF7L2	NACC2	PVRL2	GAS2L1
914	1.0	MAP6D1	PYGO1	ZNF556	SIX1	SAT1	TBX1	ZIC1	FRMPD1	RNF128	OBSL1	KCNJ12	CACNA2D1	SIX2	PNMT	TNNI3	BTG1	FZD9	TNNT2	SLC47A1	EYA4	EGF	JPH2	TRIM45	PPFIA4
915	1.0	TIMM8A	ALDOAP2	OR7E87P
916	1.0	SEMA5A	SLC7A8	TCF7L1	NDRG4	BDKRB2	FGD1	UNC5B	SLC16A2	ASAP3	ODZ4	GLI3	EPHB3	PTK7	EFS	NOTCH3	SLC2A10	NYNRIN	NFATC4	SH3PXD2A
917	1.0	MRPS7	MRPS18B	ASNSD1	MRPS15	UTP11L	GPN3	TMEM93
918	1.0	NDUFA2	SLIRP	C19orf53	ATP5I	NDUFB11	TIMM8B	NDUFS6	TCEB1
919	1.0	TSPO	CTNNA1	GAS2	NGFRAP1	ANXA2P2	ADAM9	S100A11	CYFIP1	HEXB	S100A10	RAB13	WBP5	PTTG1IP	TIMP1	PLP2	TAX1BP3	PLS3	ANXA1	MAP2K6
920	1.0	ST8SIA5	LZTS1	DYNC1I1	EFHD1	EYA1	ADAM23	LSAMP	NCAM1	NLGN1	SOX5	GLT25D2	ETV1	GRIK2	PKNOX2
921	1.0	TCF7	ARHGAP15	IL10RA	TRBC1	IL32	CCL5	TRAC	WAS
922	1.0	BTK	LILRB1	LILRB4	CD86	TLR7	CD180	FCGR2B
923	1.0	CLEC5A	MARCO	CD68	MILR1	ATP8B4	FES	CCL23	CSF2RA	CD33	IRAK3	PTGS1	ADAP2
924	1.0	C11orf48	PNO1	EBNA1BP2
925	1.0	EIF4EBP1	CECR5	LONP1	LRRC8D
926	1.0	PFDN1	TTC1	PPME1	PARP2
927	1.0	GPR137	FZR1	TAOK2	FKBP8	MED16	CENPB	RAB11B	HSF1	RANBP3	PIK3R2	BTBD2
928	1.0	MTPAP	WDR70	SELRC1	PAK1IP1	POLR2D	NKRF	RRP15	SUPV3L1	TTC27	CD3EAP	NUFIP1	ANAPC1	MPHOSPH10	CC2D2B	WDR43	UTP20
929	1.0	TIA1	LEMD3	NKTR	CLK4	ZCCHC8	PIKFYVE	ZFC3H1
930	1.0	BIN2	CLEC4A	DOCK2	GPR65	FYB	CD300A	ALOX5	SELPLG	GPSM3
931	1.0	CRISPLD2	SECTM1	IL4R	MAP3K5	JHDM1D	PLCG2	FCGRT	DYSF	S100P	ANPEP	KCNJ2	SLC31A2	QPCT
932	1.0	PLCB4	ARMC9	C11orf63	HHAT	STX1A	DFNB31	KCNS3	SEMA4F	STC1	TANC2	FBXL2	PTPRG	PIAS3	FAM127B	CAP2	MOK	SEMA3E	KAZN	SDC3	TUBA4A	PRAF2	AFAP1	ARHGEF17	NRSN2	PLXNB3	PLEKHA4	MAPK11	SH3BGR	GLB1L	CACNB3	TBX2	IFT122	ENSA	CLGN	CTF1	SLC9A3R2	IFT140	LYPD1	PTPN13	ISYNA1	CABYR	B3GALNT1	NAB2	THSD4	NR2F1	CAB39	C14orf79	CSRNP2	TMEM121	RAB36	KIF3B	MLF1	ACSS3	DNAL4	CDK20	METRN	LRRC49	IQCE	ST6GALNAC5	C14orf132	FGF13	MAP3K12	ABCB9	FAM164A	WFS1	LINC00472	INHBB	ENPP1	DNM1	SOBP	DBN1	TRIM3	SPATA6	DIP2C	SYT1	KBTBD10	ARNT2
933	1.0	TAT	CYP4A22	SPP2	FGF21
934	1.0	NHP2L1	UFC1	SNRPD3	HNRNPAB	ATXN10
935	1.0	GIPR	CDX4	ALX4	OR12D2	CCKAR	GPR68	KLHL1	C6orf27
936	1.0	ZNF701	ZNF136	ZNF493	DEM1	ZNF10	ZNF83	ZNF814	ZNF345	SCAI	ZNF14	ZNF551	ZNF211	ZNF506	ZNF432	ZNF137P
937	1.0	STAG3	IL12B	AICDA	CCL22	SLC2A5	IL10	ATP6V1G1	EBI3	TNF	EGR3
938	1.0	ABCG4	BARX2	NKX2-8	CYP2W1	CYP4F8	CCL27	NR2E3	LMX1B	TLX1
939	1.0	TCHH	HOXC13	NKX3-1	KRT81	HOXC6	TFAP2A	KAZALD1	LOC100507284	HOXC10	CYP27B1	PHEX	PLAC1	IRX5	PTGES	HCG4	LHX1	FOXD1	HSF2BP	SEC14L2	HOXC11	B4GALNT1	DLX2	DLX4	STC2	KREMEN2	OSR2	NXPH4	HOXC5
940	1.0	MEPE
941	1.0	SNRPN	C15orf5	ZNF451	N4BP2L2-IT1	RUFY2	USP53	KIAA0754	NPIPL3	PCDHGA8	NANOG	KIAA0485
942	1.0	RPL13
943	1.0	POLD1	NUDT1	SUV39H1	POLE	CHAF1A	KIF22	LIG1	MXD3	DDX11
944	1.0	KLHL22	PLCG1	ATXN2	RAB11FIP3	TMEM8B	DMWD	TSPYL2	ATAT1	TCEA2	CUL7	LAMTOR3	TUBGCP4	LOC92249	CBFA2T2	TUBG2	KLC2	PHC1	DTX3	DVL2	TMEM120B	SPECC1L	TP53BP1	PIP4K2B	ASXL1	PLXNA3	USP21	VEGFB	ZNF512B	MICAL3	POMT1	ERCC3	PRRC2B	ZFHX3	PKD1	SEC61A2	MEGF8	ZMYM3
945	1.0	MRFAP1L1	VPS13C	ZBED5	OGT	SRSF8	MPZL1	AES	PRKRIR	RAB7L1	PRKACB	DCK	PTPN2	PCMTD2	ZNF91	GNPTAB
946	1.0	SARS2	TIMM44	KIAA0664	PTGES2	MCAT	THOP1	SMYD5	METTL1	IPO4	HSPBP1	DPH2	WBSCR16	DNAJC11	ERI3	NOC2L	TMEM161A	BNIP3L	MECR	MYBBP1A
947	1.0	FLT1	LRRC32	PRND	NOTCH4	ERG	LYVE1	GJA5	GGT5	FCN3	CD34	EDNRB	ACVRL1	PCDH12
948	1.0	MRPL35	PQBP1	TIMM10
949	1.0	HIRA	RAP1GDS1	UBR7	TBPL1	SUCLA2	ASF1A	APIP	MTX2	HADH
950	1.0	CIITA	LRRK1	POU2F2	KMO	TFEB	ADPRH	DOK3	FGD2	CD40	PHACTR1	TLR6	PTK2B	ST8SIA4	IRF5
951	1.0	PUF60	SF3B2	TRIM28	EIF3B	TH1L
952	1.0	HGC6.3	BTF3P11
953	1.0	MAMLD1	AK5	F2RL2	RBMS3	MGC4294	STAC	BDNF	PDE1C	ZNF365	FGF1	EPHA5	ITGA10	MKNK2	CLDN11	FGF5	ADAMTS6	FOXC2	GSG1	C11orf41	CDH4	EDIL3	PDE7B
954	1.0	FN3KRP	TCOF1	XRCC1	FAM158A	FOXRED2	SHMT1	USP39	WDR62	XRCC3	WRAP53	HIRIP3	FANCE	RAD51D	RIBC2	SLC37A4	CEP250	ACD	C19orf54	CEP85	TOP3A	NCAPH2	SETD8	SLC29A1	HAUS7	DCLRE1B	GCAT	MDC1	RBM14	MYO19	CCHCR1
955	1.0	HSD11B2	TJP3	FA2H	ATP2C2	SMPDL3B	COBL	PLEKHA6	IL20RA	TTC39A	TMPRSS2	LLGL2	OR7E14P	CDH3	ARHGEF16
956	1.0	HIST1H2BH	HIST3H2A	HIST2H2BE
957	1.0	GRIN2B	RNF39	ITPKC	XDH	C2orf54	CASZ1	PRSS22	ALS2CL	GPRIN2	SLC39A2
958	1.0	RPL38	ATG12	SLC25A16	FKSG49	GLG1	SF3B1	SRRM2
959	1.0	NOS3	SEMA3G	KANK3	RAMP2	SOX18	SOX17	GPR4	PDE2A	PTPRB	RASIP1	LHX6
960	1.0	VAPA
961	1.0	MAP2	ECE2	RIMS2	CNTN1	NHLH2	ELAVL2	KCNK10	KCNB2
962	1.0	C11orf57	CDK9	LINC00339	SMU1	MTA2	PPP3R1	SAFB	FAM76A	TMEM209	THOC6	CDKAL1	MED18	DNAJC17	CASP2	THRAP3	RBBP5	DEDD
963	1.0	MSX2	CGREF1	PPAP2C	PCSK6	GLB1L2	NMB	ERVMER34-1	FGFR3	NSUN7	TNNC1	ZDHHC8P1	SEZ6L2	H2AFY2	SEMA3B	GAL	ABCG2	CDK18	GPR126	TRIP12	NPDC1	TNNT1	EGLN3	PPFIA3	FBXO2	RANBP17	GRTP1	OTUB2	LPHN1	TRIM36	SMAD6	NEBL	DHRS2	IGFBP2	RAP1GAP	GALNT12	L1CAM	GAD1	MTUS1
964	1.0	FOXI1	LRP2	ATP6V1B1	TFAP2B	PROM1	SLC34A2	ABCA4	PART1	SCGB1D2	CLUL1
965	1.0	CLEC4M	PRG4	GLYAT	MASP1	KCNIP2	ART4	ADRA1A	FOLH1B	AVPR1A	C6	GPR88	PDE1B	ADRB3	CPS1-IT1	SFRP5	GPD1	SLC7A10
966	1.0	ECT2	CDK2	STMN1	CDCA4	WEE1	CCDC99	NETO2	TRIP13	CEP55	ACOT7
967	1.0	ETV6	LNPEP	USP12	HIST1H1D	CBL	MIS18BP1	FOXN2	CDK6	PTPN1	IL6ST	SP4	PLEKHA2	KLF13	HIST1H1E	STK4	APAF1
968	1.0	GAST	FAM153A	GJD2	SLC5A5	ARR3	POM121L2	COL11A2
969	1.0	CKAP4	PER2	LIMS1	TPM4	HSD17B8	ALDH5A1	PEA15	RBMS1	VAT1	RSU1	MYH9	CLIC4	LAMC1	SMURF2	FLNA	C6orf130	LMNA	RRAGC	ILK	FNDC3B	DEGS1	SERPINH1	CNN3	ACTN1	BDH1	CALU
970	1.0	LRP4	NEO1	CIB2	FAM184A	MBD2	GLI1	NAALAD2	PGBD5	MAGI1	WSCD1	PCLO	FGF9	PPP1R9A	SEMA6A	DENND2A	TRIM2	C6orf124	PROSAPIP1	GYG2	RAB15	TOX3	KCNH2	SORBS1	CAMTA1	PDE9A	RUNDC3B	C20orf46	CACNB2	MYCN	GNG4
971	1.0	GGTLC1	MYO7A	PKLR	EMX1	SNTB1	NAT8B	ADRA1B	C14orf105	XYLB	HAAO	PECR	SLCO4C1	ABCC2	GPER	TTC38	SLC25A20	MBNL3	GGT1	UPB1	CLCN5	LIN7A	KHK
972	1.0	METTL3	CDK17	PIK3C3	SNX5	CBLB	SLC5A3	MED28	B3GNT2	CEPT1
973	1.0	TCF21	FOXF1	STMN2	HAPLN1	PCSK1	INSM1	SALL1	FAM189A1	PTPRD	CHRM3	TAC1	SCG2	NPTX2
974	1.0	FGF6	HOXA3	PROP1	IL13	GALR2	RSG1	CYP2D6	GJC2	LOC220077	SPAG11A	CCDC85C
975	1.0	ZFP106	OSBPL11	KAT2B	RAF1	UBE2B	UBE2D1	PPM1B	BAG1	KIAA0232	OAZ2
976	1.0	AMELX	AMELY	CELA3B
977	1.0	TGFB1I1	EFEMP2	COL5A1	MXRA8	SPOCK1	PCOLCE	LTBP2	MFAP2	PXDN	LOXL1	GAS6	CDH11
978	1.0	C2	SDS	OLR1	ADORA3	TM7SF4	SLCO2B1	APOC2
979	1.0	TEKT2	DNAH6	TSNAXIP1	SERPINI2	CCDC81	SRD5A2	GPR135	DLEC1	CCDC33	BTG4	DNAH9
980	1.0	GART	UTP3	NAA15	TFAM
981	1.0	COLQ	PDIA6	COPB2	PRDX4	ARF4
982	1.0	HTR3B	SLC10A1	ARHGEF38	PZP	OR5I1	NTN1
983	1.0	TWIST1	PCDH7	SFRP1	DLX5	CYP26B1	LDOC1	PTHLH	GFPT2	NEFM	ELOVL4	KIAA1644	BICC1	SLC6A15	FLRT2	GNAI1	MARK1	FOXF2	HS3ST3A1	DIRAS3	ODZ3
984	1.0	GIPC2	LAMA3	DOK4	PON3	BMP4	CCDC68	STXBP6	LIPG	KCTD14	SLCO1B3	PPARG	HSD17B2	TMC7	SULT1C2	CAPN5	MECOM	VSNL1
985	1.0	GUCY1A3	ENPP2	CXCR7	HEG1	C13orf15	ITM2A	UCHL1	LXN	ARMCX2	GUCY1B3	RGL1	ID3
986	1.0	PTCRA	SLC5A2	PRLH	GPR27	SLC22A14	UBE2NL	ULBP1	CCRN4L	LENEP	TSKS	INO80D	ZNRF4	NEU3	TMPRSS15	CACNA1I	RHO	C12orf39	KRTAP5-8	KIR3DX1	CCDC9
987	1.0	NXF2	TPTE	LINC00328	BAGE	LINC00474	LOC644450	HERC2P3	SYCP1
988	1.0	BABAM1	FAM32A	ZNHIT1	PITRM1	CDK7	DDA1	EIF4E2	EIF2B2	TRAPPC3
989	1.0	PCGF3	TRIM62	C16orf7	KIAA0556	KCTD2	CAMK2G	ULK1	HDAC7	STK19	LMBR1L	EXOC7	SIN3B	LDB1	CD2BP2	MYL6	GCC1	KIAA0415	IP6K1	MECP2	PLK3	KCTD13	RALGAPB	GMEB2
990	1.0	TMEM147	HAX1	FIBP	PSMB5	PSMD2	BUD31	NDUFB2	POLR2E	MEA1	PSMB6
991	1.0	EEF1B2
992	1.0	LOC100130741	CHRNB2	KIAA1614	LMAN1L	CRYGC
993	1.0	PENK	MAP1A	GDF5	NFASC	POM121L9P	NTF3	CACNA1C	GREM2	KCNK2	GLI2	HTR2A	SCRG1	ACAN	CDH6
994	1.0	MYEF2	TF	FABP7	DKFZP686O1327	RLBP1	ROPN1B	CDH19	NGFR	FOXD3	EXTL1	IL1RAPL1	PAX3	ADCY2	SOX10
995	1.0	ANKRD55	GP5	KLRG1	TKTL1	CHMP7	KLRC3
996	1.0	IRF1	IL17RA	PARP8	MX2	APOBEC3A	TNFAIP2	TPST2	FAM129A	GBP2
997	1.0	PAR5	CEP290	CNOT4	SMC5	TTBK2	SETD2	ARID4A	PHF3	APC	TRIM23	ANKRD12	CEP104	GPATCH8	RFX7	RBM41	CSPP1	ANKRD36	AGGF1	NEK1	UBE2W	KLHL20
998	1.0	TCP10L	MYH15	APCS	LOC100507164	ADCYAP1R1	PDHA2	OR10H1	IRS4
999	1.0	COX4NB	TIMM13	DNAJC2	POLR2H	POP7	FAM136A	TMEM97	STRA13	PARL
1000	1.0	LBP	NLGN4X	NAP1L3	KCNK12	SLC16A10	SNX7	PTGER3	GRIP1	MC4R	SYT2	CRYBA4	GADD45G	MID2	FZD6	CHST1	SEMA6D	NTS	AURKC	AIM1	BCHE	APOB	PDGFRL	C21orf62	TSHZ2	WDR1	PTCH2	HAS1	ZNF239	TRPM8	C1orf95	LOC283683	ESRRG	GPR20	CEND1	CSTB	GDF10	RGS6	KCNQ3	VLDLR	CNR2	NRN1	ANKRD1	KHDRBS2	HRK	POSTN	PHLDB1	ITGA9	D4S234E	KIF5C	LTBP4	HTR1F	MGC3771	LGALS3	EFNB2	N4BP3	ROR2	CHODL	WNT6	CARS	CACNA1A	NHLH1	TPSD1	MPPED1	TNXB	LOC100128640	CRLF1	EPAG	ARPC2	CHRNB3	HRASLS	ZNF835	NEFH	SYNDIG1	COL4A4	TRH	TALDO1	CRYGD	GSTM4	SLC7A2	CPB1	KAL1	C10orf92	MYOC	COLEC11	EDA	APOM	ANKRD6	GUCY1A2	PCBP3	ACR	SMAD9	OMG	PRUNE2	TCL1B	ID1	C1QTNF1	HTR2B
1001	1.0	EPB49	TPH1	TPSG1	MAOB	P2RY2	BTG3	ASB9	UGT8	WDR26	DNAJC12	DIO3	CYP4F11	AQP7	LONRF3	SOSTDC1	PIWIL2	TUBA4B	RBKS	RPH3AL	XPNPEP2	NEK3	AMACR	FMO4	CA1	NOTCH2	CIDEC	ABCC6	PAX9	TRPM4	MIA	CLDN18	L1TD1	NR1H3	SYBU	GSTA1	ABHD11
1002	1.0	BCLAF1	FBXO22	PDCL	TBC1D5	AEN	SENP5	QPCTL	NUP98	CRIPT	GPBP1L1	TADA2A	ANKLE2	SLC7A1	TLK2	THOC5	ZNF226	BAG5	C9orf156	ZKSCAN5	TCEB3	NUPL1	BFAR	PAFAH2	SART3	CCDC93	OPA3	NIPAL3	E2F3	ZNF8	PPP1R10	EIF5B	KLHDC10	EFTUD1	UBE4B	ADAM17	EYA3	MAPK1IP1L	RFWD3	TMOD2	ACADVL	POLR3C	COMMD10	SMCR7L	SEPW1	C10orf12	TBL1X	DAXX	ZNF280B	ALDH9A1	NFYC	SKP1	NLK	TSSC1	ERICH1	MORC2	AHCYL1	SPPL2B	WHSC1L1	IRAK4	MDM2	DIAPH3	TGFBRAP1	ID2B	CTNNB1	NDFIP1	BRAF	GATC	ESPN	USP32	KLHL7	HUWE1	TMEM57	CDC40	ZNF609	PPCS	TDP1	BMP8B	PKNOX1	RC3H2	KLF10	ING2	RNF8	SUN1	HEATR3	USP22	CYP20A1	KPNA1	INTS6	TAX1BP1
1003	1.0	TUBA3D	ZFAND5	SLC24A1	WDR48	NSD1	GNG10	SYCP2	LOC100507619	MAVS	ZNF33B	TET3	PIGH	SH2D3C	SETDB1	TIGD6	BRWD1	LINC00094	CLOCK	FGFR1OP	ZNF273	RPS4Y1	ZNF443	FAM169A	ZNF195	REXO2	MST1	TAF4	HNRNPH2	PKM2	CNOT6	FBXL14	AFF3	ZNF354A	EIF4A2	FSCN2	KDM6A	GPR19	DPY19L1P1	PDE6B	TBX19	FAM118A	ZNF643
1004	1.0	VOPP1	MDFIC	MMD	BZRAP1	HLA-DQB2	HPCAL1	LTC4S	PLK2	IFI44L	TRIB2	PFKP	RCAN1	PDZD2	EMP3	INPP4B	ENPP4	MMP7	UCP2	NTAN1	MEST	CSTA	SPP1	KCNMB1	LEPRE1	FAM70A	FLVCR2	BAMBI	CA2	TNNC2	ITGAE	HSD17B6	TNFRSF21	EGOT	GYPC	PION	MAPRE2	PARP4	GCLC	SERPING1	FLNB	PLAC8	PHLDA2	F3	DYRK2	VGLL4	NCALD	SNCA	VWA5A	ACTG2	RNF144A	PRNP	AEBP1	CD5L	TNFRSF12A	ASPH	CD36	DACH1	ARHGAP29	BASP1	CRIP1	ME3	MMP12
1005	1.0	UBE2Z	GLUD1	IPO5	ALDH18A1	DCTN6	ATG5	DIAPH2	CAPZA2	ABHD2	FAM49B	ATOX1	SERPINB2	TRIP6	SUPT4H1	KDM5B	MSRB2	SRPK2	MAPK6	BBIP1	DENND1B	BLVRB	DERA	CTBS	MGAT4B	FUT7	ITGB1BP1	C1GALT1	P2RX1	ABCC1	RNF7	SORD	STUB1	ACAA2	MEF2A	FAM172A	SPAG16	QKI	TCEAL1	C9orf16	TCFL5	CDC16	SH3D21	NIPSNAP1	COPS4	PRC1	ZNF702P	GCC2	ATM	SF3B3	PROSC	EIF4G1	UROD	LPIN1	PFDN2	IFNAR2	GDE1	PUS7	MAN1A1	SLC16A6	DDB1	GLS	PEBP1	ADCY3	DNPEP	ABLIM1	ALOX12P2	TBC1D1	PLXNB2	C7orf42	FAM98A	CCDC92	MGLL	GTF2H5	ARNTL	REC8	HIVEP1	ZNF544	ZNF410	SMARCA2	ADK	BMP2K	LY6E	LRRC47	GCNT1
1006	1.0	MAPKBP1	MAP3K6	TJP2	DHRS7	LEPR	MBTPS1	SLC22A18	ZNF516	CAT	MICALL1	FOXJ2	SLC30A4	SCCPDH	EZR	NOX5	YTHDF2	ARFGEF2	IGF2BP2	PLCD1	ADD3	MMP17	TSPAN5	LBR	METTL21B	BHLHE40	TCTN3	C5	DDAH2	IDH2	C16orf5	CLINT1	DUSP14	WASF1	CYP1A1	PPARD	TRIB1	BFSP1	GNB5	TDP2	LRRFIP2	SLC25A46	PRDM4	CTSL2	TES	ABHD6	EPHA4	HSD17B14	GDF11	ZIC4	USP7	THBS3	DYRK3	PDE4DIP	SLC36A1	AGPAT2	FKBP1B	RPL39L	PTPLA	CKB	FTL	ARSB	LTA4H	CXADR	SNTB2	MYBL1	TBC1D9	RGS10	SNAI1	SCML2	TRPS1	WDR47	FADS3	SLC9A5	REPIN1	RRBP1	MEGF6	A4GALT	KLHL21	ROBO3	TMSB15A
1007	1.0	B3GNTL1	SLC19A1	RGS14	TIMM22	SP2	TEF	TRPM2	NDOR1	RRP12	RUNX1	SLC23A2	EPOR	KATNB1	OAZ1	CDS2	LFNG	TATDN2	SREBF1	TSPAN32	ZNF384	PPCDC	HIPK2	MAST2	DGKG	TARBP2	PHTF1	POFUT1	SLC6A3	C20orf20	TCF3	SIGLEC15	ERMAP	CSNK1E	WDR55	PPP2R5D	HSD17B12	TUBA3C	PGP	ATG7	PPP6R3	CHMP5	CHMP2A	CPNE7	FBXL18	MKL1	ADH5	DENND1A	SBF1	EIF2C2	FAM53B	GDPD5	TXNL4B	KCNE1L	MMP24	OPRL1	ATP11A	EFR3A	HDAC5	INE1	RASSF1	TICAM1	TCEB2	DGCR11	ZSCAN2	TTLL4	CLEC16A	PEX14	C22orf43	PCNXL2	FAM3C	KCND1	ZBTB17	SAP30	MEF2BNB	HOXD12	ABCB6	OCM2	HYAL3	NR4A1	TMEM180	ARHGEF12	AMFR	TMEM9B	C20orf4	CALML4	C9orf86
