1	1.0	USP25	R3HDM2	UBAC1	ZNF330	CFL1	ACYP2	KPNA3	TMEM38B	KLHDC3	KIAA0368	PDHX	PHKB	FBXO3	ECI1	EEF1A1	DCAF6	SLC25A11	ANKRD46	VPS4A	SESN1	OSBPL11	ACTG1	GSTM2	UBAP2	MFN2	NNT	SETD3	POLB	SLC19A2	EIF2B3	KEAP1	PRKAR2A	AKTIP	PINK1	UFSP2	KAT2B	CLIP1	MRPS10	ADCK3	ACTC1	ANKRD10	PRKRA	SIRT2	USP47	POLDIP2	TNKS2	PTCD3	PSME4	C11orf67	GYS1	UBE3A	ACTB	HERC1	SPAG7	KPNA4	LPIN1	SNRNP27	AGL	FLII	FYCO1	RNF115	DNASE1L1	USP13	RAB21	CUTC	GPS2	PPM1B	SLC25A12	ISCA1	GTPBP8	DLAT	DNAJB6	USP6	CTDNEP1	RNF123	UQCC	PCNT	CUL4A	DVL1	PPP1R2	SDR39U1
2	1.0	CCDC72	JTB	COX8A	VAPA	ATP5F1	RPS15A	ATP5E	MMADHC
3	1.0	USP9Y	DDX3Y	EIF1AY	ZFY	KDM5D	TTTY2	TTTY15	UTY
4	1.0	RPS12	RPS18	RPL24
5	1.0	KRTAP4-7	KRTAP2-4	KRTAP9-9	KRT85	KRTAP1-3	MUC7	KRTAP1-1	KRT35
6	1.0	RPSA	ATP5A1	RPL35	RPS5	RPLP0	RPL29	RPL3	EIF3F
7	1.0	RPS27A	ATF4
8	1.0	GNAT1	TULP1
9	1.0	KIR2DS4	NCR1	KIR2DS5	KIR2DS1	KIR2DS3	KIR3DS1	KIR2DS2	KIR2DL4	LIM2	KIR2DL2	KIR3DL1	KIR3DL3	KIR2DL1	KLRC4	KIR2DL3
10	1.0	GPR45	HCRT	KRT3
11	1.0	CRYBB3	C3orf27	OR7C2	PPIL6
12	1.0	IL9	IL2	IL3
13	1.0	PCDHGB6	LOC1720
14	1.0	AHSG	HCN4
15	1.0	PSMA4	NDUFA1	RPS27L	EIF4H	SNRPE	ATP5J	SNRPG	PSMA3	DBI
16	1.0	KIF4A	CENPA	HJURP	FOXM1	NCAPG2	MKI67	CDCA8	FANCI	OIP5	AURKB	BIRC5	SPAG5	TK1	TTK	NCAPG	KIF14	NCAPD2	KIF20A
17	1.0	MGC13053	MCF2L2
18	1.0	HTN3	HTN1
19	1.0	PSMA1	TXNL1	ATP5G3	CAPNS1	DAD1	PSMG2	KARS	COX5A	SOD1	DYNLL1	CCT8	DYNLRB1	C14orf166	NDUFC2	CSNK2B	XPO1	GTF3A	PRDX6
20	1.0	CNBP	POMP	SRP14
21	1.0	PRO1768	EDDM3A
22	1.0	EIF3D	ATP5G2	ATP5B	RPL36	YBX1	EIF3H	EIF3E	EIF3K	UQCRFS1	PHB2
23	1.0	GRM1	GRIA1	DLG2	DGKB	GRM5	CXorf1	SLC17A6	NTSR2	CA10	CDH10	KCNV1	PCSK2	KIAA1456	NELL1	ST18	SCN1A	ADCY8	KCNC1	SCN2B	CNKSR2	FAM5B	SLCO1C1	MOG	CDR1	GABRD	SORCS3	GPR17	PPFIA2	GNG5	SPOCK3
24	1.0	RPL26	EEF1B2	RPL36A	ERH	ATP5J2
25	1.0	KCNE2	ATP4B
26	1.0	UBA52	RPS26	RPS15	SERF2	RPL11	SUMO2	RPS6	RPS3	TMSB10	RPS25
27	1.0	ORM1	LTF	OLFM4	BPI	PRTN3	HP	CAMP	MMP8	ELANE	ARG1	DEFA4	PGLYRP1	CEACAM8	MS4A3	RNASE3	MPO	TCN1	LCN2	AZU1
28	1.0	TTR	APOH	FGG	FGL1	ITIH3	APOC3	HAO1	FABP1	CPB2	FGA	SERPINA7	FGB	SPANXC	F2
29	1.0	SLC10A2	SLC12A3	SLC5A12	SLC13A1	CASR	TRPC7	SLC22A11	SLC22A13	SLC22A6	ANGPTL3	SLC22A2	REN	CLCNKB	AQP6	NPHS2	HRG
30	1.0	CRYGA	CRHR2	COL19A1	AVPR1B	LCN1	PPBPL2	RBMXL2	MIP	CCDC70	GUCY2D	LOC440792	DEFB126	CHRNA4	CXorf27	CDKL5	CHRM4	HSPC072	KCNC3	AGRP	KCNH4	PAX1
31	1.0	NCOA4	ALX3
32	1.0	TEKT2	RTDR1	CYP2A6	CCDC40	SOX21	DNAH6	C1orf129	TSNAXIP1	BMP3	FMO6P	KCNMB2	CYP2A13	C9orf68	SERPINI2	C11orf16	KCNE1	CCDC81	SPEF1	PIP	DNAH2	SRD5A2	GPR135	DLEC1	C16orf71	DNAI1	KIAA1751	SPINLW1	HYDIN	AKAP3	CCDC33	YSK4	TCP11	C6orf103	SEC14L3	BTG4	DNAH9	ASCL3	TMEM212	EFCAB6	DNAI2	CNTN5	LOC400084	SPAG8	DNAH3
33	1.0	AMBN	RAVER2	HOXD13
34	1.0	DNAJA3	GNPDA1	SCNM1	LARP1	RELA	LAMTOR2	TEX261	POLR2J2	DCTD	GPAA1	FAM134C	GATAD2A	ASNA1	COASY	RNF187	ARF5	MGAT4B	SCAMP3	SLC1A5	PITRM1	RAB5B	CPSF7	TXN2	PIGT	FAM50A	AGPAT1	BRD7	ESYT1	DDA1	C9orf16	ERCC1	GRINA	WDR6	PPP2R1A	FASN	PEF1	AKR7A2	PIGG	AIP	POGK	CLPTM1	PTOV1	RNF167	SLC25A1	LETMD1	ARFIP2	RALY	GMPR2	PSMD5	VPS52	SNX6	ARL6IP4	FAM89B	MRPL24	HGS	LRRC8D	NDRG3	DDX41	METTL17	NAP1L4	NAA60	TOMM34	MAZ	GSS	CXXC1	OTUB1	SLC2A4RG	ARFGAP2	AP2B1	MTA1	ARL2
35	1.0	NDUFB1	H2AFZ	PSMA6	COX7B	RBX1	SEC11A	PFDN5	PSMA2	RPL34	UQCR10	HMGB1
36	1.0	UQCR11	PSMB4	NOP10	RPS9	COX7A2	PSMB3
37	1.0	CLK2	DMTF1	TIA1	LEMD3	METTL3	DMXL1	TRAF5	PRPF4B	MBD4	FAM208A	ZNF274	WDR11	CLK4	ZCCHC8	RPL10	DKFZP586I1420	NSUN5P2	MTMR1	GGNBP2	FCHSD2	SETX	STX7	IRF3	SEC24C	BTAF1	SMARCB1	PIKFYVE	SMC6	ZC3H7A	ANKRD49	OFD1	CROCCP2	CDC40	ZFC3H1	RBM6	MPHOSPH8	FAM13B	MORC3	NSUN5
38	1.0	TM4SF20	SI	MS4A12	GIF	MAB21L2	MEP1A	PIWIL1	INSL5	GCG	DEFA6	REG1A	GALNT8	PNLIPRP2	REG1B	AQP8	TFF2	ERN2	NOS2	CDX1
39	1.0	TMEM14B	NAA50	SUMO1	DPM1	HIGD1A	PCNP	UQCRC2	EIF3M	DLD	TOMM20	SNRPB2	GHITM	STRAP	RSL24D1	KTN1	MRPL3	ESD	SUB1	OLA1	NDUFA6	CNIH	SEPT7	MATR3	YME1L1	SERBP1	PSMC2	COPS2
40	1.0	IL26	IL21	IL17A	IL5	IL22
41	1.0	RMI1	RPP40	GART	TRMT11	PFDN1	IKBKAP	UBE3C	TTC1	MTRR	DDX27	C21orf59	EXOSC7	MRPL48	CDC23	DROSHA	MIS12	FANCL	SF3A3	TBL1XR1	NUP133	THOC1	HCCS	PARP2	ZWILCH	MED17	SNRNP40	TNPO3	UTP3	HIRA	BMS1	MSH2	RPAP3	CUL1	KIAA0947	TEX10	TBPL1	C12orf24	NUDT15	ALG6	EXOSC9	TSR1	RBM28	PDCD5	NSMCE4A	DNM1L	C8orf33	PFAS	TBCE	C1orf174	NUP205	LOC388796	UTP14A	FASTKD3	FUBP3	GPN3	NARS2	TFAM	PUS7	FAF1	ACTR6	ASF1A	ABCF2	ZZZ3	RAD1	UPF3B	KRR1	MRPL19	RRN3	MAK16	LARP4	RPRD1A	TIPIN	MTX2	AIFM1	ORC3	MTERFD1	ICMT	C5orf22
42	1.0	NEIL3	SMC2	RAD51	SKA1	CENPM	BUB1	CHEK1	PLK1	CENPE	ERCC6L	NCAPH	SPC25	TROAP	KIF23	FAM64A	EXO1	POLE2	GTSE1	DEPDC1	MCM10	STIL	CCNE2	CDC6	CDCA3	KIF18B	ESPL1	CDC45	KIF15	KIFC1	NEK2
43	1.0	HIST1H4A	HIST1H2BB	HIST1H2BN	HIST1H4L	HIST1H4E	HIST1H2BM	HIST1H4F	HIST1H2AK	HIST1H3J	HIST1H4B
44	1.0	SLC1A7	SCNN1G	MTMR8	SPAM1	STAB2	KRT38	ODF1	CHRM5	PRB4	ART1	CYLC1	NCR2	ADAM5P	HOXB1	CCL25	SMR3B	OR1F1	HTR3B	MYO15A	C1orf105	OR1A1	DISC1	CTRB2	SLC10A1	IL1RAPL2	PLAC4	GJB4	WNT1	TMEM206	OR5I1	POM121L2	LILRP2	NOS1	SCN10A	TRPV5	COL11A2	OR7C1	HTR6	TG	ALLC	NTN1	CNGB3	OR2H2	CSN2
45	1.0	KRT13	SERPINB3	SPRR1A	PI3	KLK11	SCGB1A1	TRIM17	CALML3	CLCA2	TMPRSS11D	DSC3	SERPINB4	DSG1	RHCG	SCEL	SPRR2C	KRT6A	CRNN	LY6D	DSG3	KRT16	SPRR1B	S100A7	TMPRSS11E	SPINK5	SPRR3	KLK7	IVL	CRCT1	TGM1	KLK8	KLK12	SPRR2B
46	1.0	IFNA10	ZPBP	NMBR	IFNA16	PRO2012	OR7E24
47	1.0	TBC1D29	FGF6	HOXA3	ARMC4	PROP1	CHRNE	RGP1	HOXA6	NGB	IL13	SLC6A11	NKX2-8	SLC16A8	HIST1H2AB	GALR2	CHRNB2	APCS	NEUROG3	CHRNG	KIF25	GPT	TUBA4B	PRDM12	BIRC7	RSG1	LMAN1L	CNTFR	CYP2D6	CYP2W1	PKD2L1	NR2E3	ADRA2B	GJC2	LOC220077	CCT8L2	TUT1	C22orf31	DUX2	DSPP	IGHA1	HAB1	CCDC85C	CHRNA2	BAAT	DKFZP564C196
48	1.0	MCM4	CENPF	KIF2C	ASF1B	KIF11	NDC80	MYBL2	SHCBP1	FBXO5
49	1.0	GAP43	APOA2	SYT2	CRYBA4	FABP7	PCYT1B	CALB1	SCG3	LEFTY2	DDX25	ZMAT4	DAZL	PIPOX	LRAT	COL9A1	KIAA1661	SOX3	CER1	SRY	GCK	B2M	MYL7	PCDH11Y	GABRA5	NPPB	ADCY2	C7orf16	MAGEL2	MGAT4C	VRTN	CCKBR	KLKB1	CHCHD2	GRID2	LRRTM4	ACTN3	UTF1	PRDM14	CLDN10	SLC12A1	GDF3	ITGB1BP3	LECT1	DCX	FOXH1	GUCA1A	LPAR4	CRYBB1	B3GALT1	SYN3	CRMP1
50	1.0	CDH20	HGC6.3	ACOXL	CEMP1	PRKACG	PRM2	FAM75C2	SEMG2	AMELY	TUBB4Q	HEYL	FAM205B	TEX28	OR51E2	AKAP4	BTF3P11	SMR3A	ADAM3A	GSTTP1	RAD21L1
51	1.0	SSRP1	PIH1D1	IMP4	PRPS1	TUBG1	CIAPIN1	C11orf48	SRM	COX4NB	RDBP	EMG1	TIMM23	MRPL17	TIMM13	MRPS16	POLR2H	HARS	EBNA1BP2	GLRX2	EIF2B1	UBE2M	PRMT5	RUVBL1	PSMD13	PA2G4	IMP3	PRPF19	PSME3	POLR3K	PSMC4	STRA13	POLR2F	PARL	SNRPC
52	1.0	POLR1B	PRDX2	PDCD6	HIST1H1T	ASAP1-IT1	GARNL3	XRCC2	SCD5	LOC100294145	DCAF4	GTF2H3	RAB40AL	ZNF44	NUDT7	CCDC144A	HYMAI	FAM106A	KIAA0894	ZNF440	RPA4	ALPK1	XRCC6	USP49	MFSD11	SAG	ADCK4	FLJ14107	EFR3B	PSMB1	ZNF277	ZC3H7B	FLJ11710	FLJ21369	ZNF611	POM121	PODNL1	ANKRD36B	RPS2P45	RREB1	ZMYND8	TAPT1	USP53	SNX29	C3orf75	CASC5	RPL35A	CCDC30	EVX1	CFDP1	UBQLN4	KLHL28	LINC00230A	FLCN	TIGD1L	SYCE1L	LOC647070	C16orf70
53	1.0	TGFB1I1	FBLN1	AXL	EFEMP2	COL5A1	CPE	SERPINE1	BGN	TIMP3	FBN1	MXRA8	SPOCK1	SULF1	LOXL2	NBL1	GEM	OLFML3	FAP	PCOLCE	SDC2	NUPR1	CD248	GNG11	KIAA1199	GREM1	LTBP2	MFAP2	SPON2	TNC	PXDN	CALD1	TMEM47	LOXL1	MRC2	RARRES2	MYO1B	LHFP	MYL9	DAB2	NID2	AMOTL2	RAI14	LOX	C6orf145	GAS6	SNAI2	LAMB1	IGFBP6	ACTG2	EFEMP1	IGFBP3	DKK3	ADAMTS1	PTRF	FERMT2	AKAP12	CDH11	MYLK	SRPX	THY1	PDGFRA
54	1.0	ZNF593	MRTO4	CCDC86	MRPS2	PRPF31	NOP2	CHCHD8	ICT1	PPM1G	MRPL4	CLPP	NXT1
55	1.0	SSX7	SSX5	CXorf48	PAGE1	MAGEC2	SSX3	MAGEA4	KCNV2	GAGE1	MAGEB1	SSX1	CTAG2	GAGE3
56	1.0	IRX4	TP63	AGR2	CSF3	FOXE1	SERPINB13	BBOX1	SFTPD	BAIAP2	SERPINB7	EPHX3	GPX2	RARG	COL7A1	TFAP2A	FLG	GPR87	SLURP1	IL36RN	PSCA	HES2	HSD17B1	LCE2B	ENTPD3	PKP1	CST6	LPAR3	OR1F2P	DEFB4A	GALNT14	DLK2	CYP24A1	ALOX12B	ARHGEF4	ABCA12	TMEM40	KRT24	PLCH2	CDRT1	ZBED2	FZD10	GPR110	FAT2	DUOX1	ARL4D	TNS4	SOX15	CLDN17	KLK5	KRT4	PAX9	BNC1	GJB5	PADI3	ALOX15B	TP53AIP1	IL36G	PVRL1	PTPRZ1	WNT4	DDAH1	CALML5	CDSN
57	1.0	C9	DAO	AFM	CRP	C8B	APOC4	TAT	CYP4A11	SLC17A3	PON1	CYP2C19	CFHR5	FGF21
58	1.0	RPL10A	EEF2	RPL4	NDUFB4	ATP5H	C11orf10
59	1.0	HMP19	PHOX2B
60	1.0	ATHL1	UBN1	BANP	ZDHHC18	NBEAL2	C10orf26	AMPD2	ITPK1	CERK	IQSEC1	RALBP1	KDM4B	PRR14	LRCH4	EGLN2	SRPK2	ATG2A	MAML1	CSNK1D	CARS2	TYK2	TMEM164	TFE3	CNPY3	CASC3	IMPDH1	CSNK1G2	MAP3K3	ARAP1	PPM1F	GMIP	KDM3B	WBP2	RGL2	XKR8	PISD	S1PR4	KDM6B	MAST3	STX10	PHF21A	SIPA1	DENND3	NDE1	MMP25
61	1.0	IL2RB	LCK	GZMB	FAIM3	CD2	ITK	CCR7	PRF1	CD3D	CD247	TRAC	RUNX3	GZMA	GNLY
62	1.0	MAGEA5	RNF17	MAGEB2	MAGEA10	BAGE	MAGEA1	SAGE1	LOC441601	HERC2P3	MAGEA8	VCX2	MAGEA11	PAEP	MAGEC1	NAA11	GABRA6
63	1.0	HSP90AA1	ATP5O	HNRNPA2B1	UBE2E1	RPL36AL	RPS24	RPS7
64	1.0	XIST	ARID4B	PUM1	UPF3A	ARID1A	USP48	THUMPD1	GOLGA8H	SPG11	VPS13C	KIAA0907	MEX3C	SRSF7	CTCF	NACAP1	BRD8	PHIP	SCAF8	CCNL1	ZBED5	GOLGA8A	SLC5A7	GOLGA8B	NPIP	TUG1	TPR	PRR11	CNOT2	RBM25	SRSF6	OGT	SLTM	STX16	SLC35E2B	UBP1	KAT6A	SETD5	MGEA5	EPM2AIP1	CREBBP	SEC24B	RTF1	SLC35E1	SCAF11	PGF	ZNF721	CDK5RAP3	C1orf63	PDE4C	BPTF	DICER1	ZNF160	PKD1P1	NISCH	ZNF638	RAB7L1	TRIM44	RANBP2	SF3B1	KIAA0528	DCK	SRRM2	SREK1	PTPN2	RBM5	PCMTD2	GOSR1	USP33	CELF1	GNPTAB
65	1.0	SLC12A5	NRXN1	SNCB	RIMS2	SYN2	ELAVL4	KCNQ2	DPP6	GABRA1	LOC157627	SCN2A	STMN4	DBC1	ATP1A3	NCAN	PAK3	GABRG2	ATP6V1G2	GNAO1	NMNAT2	ELAVL2	ASTN1	SNAP91	GRM3	CAMKV	CTNNA2	GNG3	SULT4A1	SYN1	FAM131B	FAIM2	KCNB2	CBLN1
66	1.0	PECAM1	AQP1	F13A1	C1QA	CSF1R	ADAMDEC1	C1QB	CD93	GUCY1A3	IGHM	ENPP2	VWF	CCL18	CXCR7	TPSAB1	HCLS1	CCL2	CD14	VSIG4	MS4A4A	CHI3L1	ACP5	HLA-DRB6	CXCL13	CXCL9	ITM2A	TPSB2	CPA3	CD163	LPL	CCL19	CD36	HLA-DQA1	HLA-DQB1	APOC1	TYROBP	MS4A6A	C7	APOE	MMP12	VCAM1	FABP4
67	1.0	IPO5	MARS	MRPL13	SRSF10	DNTTIP2	PSMD1	CDC123	UBE2V2	SRPK1	TRAPPC4	CHORDC1	PSMD12	NAA38	HSPH1	CETN3	LRRC40	PBXIP1	RTCD1	POP4	ETF1	SSB	POLR2K	LSM1	CCNH	DGUOK	TPRKB	ACAT2	PFDN4	RARS	TAF9	PPID	NUDC	SMS	UBE2K	AMD1	BCAS2	PSMC3	YARS	COPS4	NUDT21	MRPS27	GSPT1	C1D	CSNK2A1	PSMA7	RBBP8	SYNCRIP	ABCE1	PSMD7	PSMG1	TIMM17A	RABGGTB	DNAJA2	ASNS	PFDN2	EIF4E2	IMPA1	CALCOCO1	NUP37	MRPL42	ACP1	RBM34	GALC	MRPL39	CCDC92	HSPA4	UCHL3	POP5	EPRS	SEH1L	PWP1	RPL26L1	EIF3J	EIF1AX	FRG1	EIF4E	ARMC1	NMT1	C22orf28	GLRX3	HNRNPF	GNL3	INTS8	MRPL18	VRK1	EIF5	C12orf11	C16orf61	STOML2
68	1.0	C5AR1	PLEK	CLEC7A	TREM2	TRBC1	TLR2	BCL2A1	LAT2	SLA	CST7	APOBEC3G	SASH3	CD52	EVI2B	SAMSN1	FCN1	SLCO2B1	PPBP	CD48	SELL	LY86	CD37	PRKCB	CX3CR1	CPVL	IL7R	IL2RG	IRF8	CYTIP
69	1.0	PRDM8	MYO3A	CATR1	RXFP3	EDDM3B	BRD7P3	KIAA1967	APOL5	CYP2U1	OMP	PITPNM3	TSSK1B	METTL19	OR12D3	OTOF	DRD3	DDX4	GHSR	C3orf36	ACTL7B	C8orf39	CLCA3P	SCT	TAS2R8	GSC2	SCRT1	PPY2	NOX3	OTUD7B	OR3A1	HOXD12	BOK	OR11A1	TAS2R3	BPESC1
70	1.0	HTR5A	GLRA2	CNTN2	ACCN1	ATP2B3	NEUROD6	CACNG2	MAPK4	CACNG3	CRH	GRIN1	CARTPT	HAPLN2	IQSEC3	KIAA1045	PDYN	FEZF2	WSCD2	SLC1A6	GPR6	PEX5L	CDH22	ADARB2	JPH3	MEPE	ANKRD34C	DLGAP2	CPNE6
71	1.0	LOC80054	VENTXP1	RBM17	FNDC8	LY6G6E	PRX	OR3A3	GLP1R	IQCC	ADAM30	VHL	KCNQ4	TNP1	DOHH	NPPA	ADAMTS7	IGFALS	IBSP	IKZF4	GP1BB	ADCY10	LHB	JMJD5	CELA3B	AMN	GDF2	FCN2	SSTR3	DKFZP434A062	FUT5	KCNQ1DN	TACR1	RBP3	AVP	IBA57	NYX	EPN1	TONSL	GABARAPL3	TSPY1	ASMTL-AS1	MBL1P	CYP11B2	NR5A1	OR10H2	LOC100131532	ADAM7	OXCT2	GGTLC2	TP53TG5	TERT	SSTR5	TMSB4Y	KLF17P1	C3orf51	FOXP3
72	1.0	SOAT2	SERPINA6	CLDN6	SULT2A1	BRDT	PLG	UGT2B4	SERPINF2	ITIH1	HPR	SERPINC1	MTTP	PROC	MAT1A	PAH	LIPC	SLC2A2	GATA4	KNG1
73	1.0	LILRA6	SECTM1	PILRA	CFP	NCF1C	FFAR2	FCGR2C	AQP9	SPI1	EMR2	TREM1	IL18RAP	TBXAS1	MX2	TLR1	LRMP	VNN2	PRKCD	FPR2	HCAR3	CCR1	LILRA2	MGAM	APOBEC3A	P2RY13	NCF4	CXCR2	ITGAX	ARHGAP25	NPL	HSPA6	LILRB3	FCGR3B	DPEP2	FMNL1	CYTH4	PTAFR	CSF3R	CXCR1	LILRB2
74	1.0	AOC4	SPINT3	DOC2B	PRB3	PNLIPRP1	DRD5	MC2R	ADAM20	GEMIN7	AMELX	GHRH	PYY2	TCP10L	LOC100507630	WFDC8	ZFHX2	HUNK	MYH15	CACNA1F	LOC57399	PRSS50	RS1	LOC100507164	CORT	P2RX3	CCL27	ADCYAP1R1	LILRA4	TNR	GCGR	GCNT4	PDHA2	EXD3	OR10H1	RNLS	IRS4	PDE11A	SLC34A1	PRB1
75	1.0	CD79A	TRGV5	CD40LG	KIAA0748	LAIR2	TXK	CD160	CD96	PTGDR	CD28	CTLA4	UBASH3A	CCR4	SIRPG	TNFSF8	XCL1	CD8B	KLRD1	CRTAM	TBX21	TRAV8-3	FASLG	TRD@	CD7	CXCR6	SH2D1A	CLEC2D	TRAT1	KLRG1	IFNG	SH2D2A	CD3G	CD6	GZMM	GRAP2	ICOS	CD5	SLAMF1	TRBC2	TRBV10-2	CXCR3
76	1.0	SSTR1	PSG7	F2RL2	PSG4	GDF5	C7orf69	PSG2	PDE1C	NGF	HSPB6	KRT34	PSG6	CCIN	SHOX	GDNF	KRT33B	CLDN11	FGF5	PSG9	PSG3	DRP2	GSG1	PSG5	CPA4	KISS1	CHRM2	PAPPA	BDKRB1
77	1.0	ERP29	PDIA6	PTMA	PTBP1	BZW1	SSR4	HNRNPM	POLR2G	ELAVL1	UXT	FBL	PPIB	SNRPB	TXN	RPS2	PDIA3	SRP72	ITGB1	DDOST	CLTA	YWHAQ	DAPK2	NPM1	AP3S1	GDI2	ZNF207	MIF	RPN2	ANP32B	AVIL	CCNC	TUBB	PDCD10	HNRNPC	SLC25A6	ATP1B3	UBE2I	DHX15	TRAM1
78	1.0	MGC12488	VEZT	MBTD1	FAM48A	C15orf5	ZNF451	TAOK1	FCF1	POLR2J4	SUZ12P	POGZ	ATG16L1	GTF2H2B	SCAF4	HCRP1	RALGPS2	ANP32A-IT1	DKFZP547G183	PHC3	C8orf44	GUSBP3	LOC100170939	GON4L	RUNDC2C	EBLN2	N4BP2L2-IT1	DIP2A	LOC100272216	KIAA1731	C7orf28B	KIAA0889	KIAA0754	LRRC37A3	C4orf29	NFATC3	NPIPL3	DYM	C7orf54	GSTCD	PHF20L1	ATF7IP	ZNF362	REPS1	TTLL5
79	1.0	FLT1	LRRC32	PRND	TEK	ANGPT2	APLNR	NOS3	NOTCH4	ERG	CALCRL	GJA4	LYVE1	SEMA3G	TIE1	GJA5	MEOX1	KANK3	GGT5	RAMP2	PCDH17	SLCO2A1	FCN3	EMCN	THSD7A	NRN1	CD34	CCL21	SOX18	SOX17	CLDN5	ENPEP	GPR116	KDR	GPR4	GRRP1	IL33	C8orf4	SELE	MYCT1	CDH5	SV2B	CLEC1A	PLVAP	RASL12	EDNRB	RAI2	RAMP3	CXorf36	MYH11	ACVRL1	PDE2A	PTPRB	PCDH12	FRZB	RASIP1	DARC	LHX6	FAM107A	CFI	MMRN2
80	1.0	C4orf6	MYT1L	SLC18A3	FEV	GFRA3	FAM163A	HMX1	ALK	CRYBB2	OPRM1	TLX2	DBH	DKFZP434L187	SLC6A2	MYCNOS	CHRNB4
81	1.0	IFIT1	IFI44L	IFI44	OASL	IFI35	OAS1	OAS3	MX1	PARP12	HERC5	IFI6	IRF7	IFIT3	DDX60
82	1.0	CDC7	TAF5	POLD1	KNTC1	DNA2	TIMELESS	C19orf40	ATAD5	ZNF695	FANCA	PAXIP1	HIST1H3C	E2F2	POLD3	HAUS5	NUDT1	BARD1	WDR76	HIST1H3B	RFWD3	MIS18A	CCDC15	SUV39H1	POLE	CEP152	CLSPN	DSN1	TACC3	HIST1H3F	POLQ	DLEU2	NCAPH2	CHAF1A	HELLS	KIF22	POLA1	BORA	DMC1	CKAP5	LIG1	LOC81691	MXD3	NCAPD3	CENPJ	RBL1	BLM	MRE11A	DDX11	E2F8	BRCA2
83	1.0	SCNN1A	CDCP1	EVPL	PPP1R13L	CNKSR1	CELSR1	CDS1	TMEM30B	PPAP2C	ST14	ESRP1	ATP2C2	ERVMER34-1	CLDN4	EPS8L2	EPN3	VGLL1	ELF3	PAK6	ZNF165	LRRC8E	CTAGE9	HOOK1	LRRC1	SULT2B1	EHF	KCNK1	PTK6	PKP2	RIPK4	MPZL2	GRHL2	CDH1	PRSS16	EPHB3	VIM	FGFR2	PRRG2	C19orf21	AP1M2	ITGB4	EPPK1	KRT15	MAPK13	PRSS22	TFAP2C	BSPRY	ARTN	RNF43	SPINT1	ESRP2	PKP3	F12	NEBL	GRB7	EPHA1	OVOL2	STAP2	MAP7	PTPN3	UPK3B	TNK1	EXPH5	LAD1	ITGB6	IGSF3	FUT1	ARHGEF5	PRSS8	TUBBP5	WWC1	ERBB3	EPS8L1	HOOK2	ERMP1	ARHGEF16	ELMO3
84	1.0	COBLL1	AGPAT5	BST2	ASB13	EIF2D	NFKB1	UBR5	CALM3	PRPS2	PMAIP1	ARHGAP17	H2BFS	IL13RA1	CHMP4A	ASAP2	BCL6	ACVR1	DUSP11	KIF2A	MLXIP	ACVR1B	CD70	ME2	INSIG1	C7orf23	ZMYM1	LPP	PHACTR2	CUX1	CCNB1IP1	CASP3	TGIF1	PDCD4	TAP1	PRPSAP2	LSM6	FAM82B	FAS	PEX2	RAB9A	PIK3C3	STAMBP	SNX5	R3HDM1	EDEM1	MFAP1	STX3	SS18L2	SMAD2	TCF7L2	STAT1	IDH3A	UBE2J1	WARS	TP53BP2	MCM5	ANKMY2	TBC1D8	MED28	ISG15	SHMT2	TIMP2	B3GNT2	AK1	PLEKHA5	STK39	ATP2B4	EED	CRYZ	RFX5	TLE1	SRP54	RNF4	IGF1R	MRPS31	VRK2	FASTKD1	CEPT1	OXCT1	CPOX	DUSP22	EHD4	RECQL	FNBP1	CD58	EIF2AK2	MAP4K4	HIST1H1C
85	1.0	CEBPZ	NCBP2	CCDC90A	PPPDE1	PDS5A	CCBL2	GTF3C2	ABCF1	ACTL6A	PHGDH	DNAJC2	C4orf27	TDG	LYRM4	KDM1A	ILF3	SF3B4	RBM12	FKBP4	LUC7L2	GLOD4	SF3A1	SMARCA5	KHSRP	RBM15	HLTF	CHERP	NEDD9	MSH6	NUP43	UBR7	SMC3	FTSJ2	PRKDC	THYN1	UNG	RPA2	HNRNPUL1	PIN4	ZNHIT3	CCDC59	CHD1L	DAZAP1	FAM111A	SF3B3	HEATR2	POLE3	TSPAN31	FAM136A	HIST1H4C	RPIA	TMEM97	FAM208B	DHX9	LSM12	SMARCC1	CAND1	TAF2	U2AF2	SMARCA4	C16orf80	METAP1	DDX50	CSTF3	SNRNP70	DIABLO	RAE1	LGALS8	NSL1	POLD4	HTATSF1
86	1.0	YRDC	KIAA0020	GPN1	GRPEL1	MRPL35	RPP30	GNL2	PRPF4	NIP7	AATF	HEATR1	HSPA14	GAR1	UCK2	PPP1R8	WDR3	RRS1	RNASEH1	UCHL5	DNAJC7	CTPS	TIMM10	NOP16	PPIH
87	1.0	COX6B1	RPS14P3
88	1.0	DHFR	TOPBP1	ASPM	GINS1	HMMR	CKAP2	RNASEH2A	DBF4	PBK	CDKN3	TMPO	AURKA	CDC20	DTL	LMNB1	BUB1B
89	1.0	VDAC2	NHP2L1	HSPD1	CCT4	GPX4	NDUFAB1	NCL	Morf4L2	PPA1	SET	TCEA1	UFC1	PRDX1	CYCS	RAN	NARS	HNRNPAB	MDH1	HMGN3	C2orf28	ATXN10	RPL22	QARS	NDUFB5
90	1.0	MXRA5	RAB31	C1R	RNASE1	VCAN	GPNMB	SPARCL1	LUM	COL4A1	C3	FAM114A1	FSTL1	HTRA1	COL3A1	FKBP9	THBS2	ASPN	PDGFC	TGFBI	TAGLN	CTGF	COL4A2	POSTN	IGFBP4	CEBPD	FN1	PRSS23	CTSK	COL1A2	PPAP2B	GJA1	MMP2	COL6A2	MAFB	SERPING1	MGP	RIN2	CYR61	PMP22	AEBP1	COL6A3	DCN	C1S	ZFP36L1	COL15A1	COL1A1	NNMT	COL5A2
91	1.0	DUSP26	TTYH1	NLGN4X	LOC284244	RORB	GALR1	ST8SIA5	CSRNP3	KCNK3	KCMF1	UNC5C	ATRNL1	AAK1	ERC2	CDH7	MTUS2	NRXN2	CSDC2	NFASC	DAB1	MYO16	ANO3	BAI3	PCBP1	GPR85	CNTN6	GPR22	RPE65	FAM5C	LSAMP	LY6H	RGS6	LPHN3	SCN3A	FGF14	FRMPD4	NCAM1	IMPG1	CABP1	RYR2	SV2C	NRXN3	RIMBP2	MCF2	PSD	KCNA1	GRIA3	ADAMTSL2	HAND2	NHLH1	DRD1	RIMS1	CNGA3	CACNB4	TRPC3	ZNF835	SHC3	B3GALT2	GRM7	LRRTM2	CUX2	TAC1	HTR2A	CADPS	SNTG2	JAKMIP2	GPC5	RFPL1-AS1	GRIK2	NDP	LOC441204	NTRK1	SMAD9	CACNB2	DLGAP1	NOL4	HPSE2	GRIA2	RALYL	GFRA2	KCNA4
92	1.0	PRG3	GYPA	GYPE	KLF1	ICAM4	HBZ	INSRR	DUSP21	BMX	GFI1B	PDE6H	HBQ1	GATA1	OBP2A	MPL	MLC1	GYPB	CLEC1B	VPREB1	CEACAM4	OSBP2	TMCC2	RHD	DPPA4	RHAG	EPB42	SPTA1	TRIM10	ALOX12	ADAMTS13	CRISP2	HBE1	GP9	ACTL8	TAL1	CHAT	FGF23	KEL	GP6	TSPO2	GBX1	HBBP1	ITGA2B	CEBPE	TUBB1	SLC14A1	RHCE	DNTT	MOBP	ANK1
93	1.0	NDUFS8	MTIF2	SDHB	MRPS7	GOT1	NDUFS7	NDUFA7	MRPL34	AIMP2	GLRX5	SAMM50	POLR2I	MRPS18B	ASNSD1	TRIAP1	MRPS15	MRPS22	PRKAG1	TRAP1	SUCLA2	CHCHD3	COPS3	NDUFS1	ATP5G1	NDUFB7	UTP11L	ETFB	COQ9	MRPL40	MRPS28	SNRNP25	MRPL16	APIP	CISD1	NFU1	GNPAT	IDH3B	TMEM93
94	1.0	F2RL3	POU4F2	FLJ11292	MAGEB4	IFNA7	LRRC37BP1	LINC00474	LOC100286895	CYLC2	CHRNB3	MTMR7	SYCP1	GTPBP10
95	1.0	CCR6	SLAMF7	GPR18	BLK	AIM2	TNFRSF17	VPREB3	KIAA0125	STAP1	SP140	IGHD	FAM30A	IGKV1D-8	PNOC	GPR171	CD19	SKAP1	ITGB7	BPNT1	PVRIG	STAT4	PIM2	LAG3	LAX1	IL12RB2	LOC100508797	IGLV4-60	IGH@	CD180	IRF4	GVINP1	KIAA0226L	CD72	IGLV6-57	IGKV3-20	SPIB	HLA-DOB	MZB1	PAX5	P2RY10	IPCEF1	IGLV3-19	CR2	FCRL2	IGLV1-40	SIT1	BANK1	CD79B	FCER2
96	1.0	C11orf20	MAML3	SIGLEC6	GPR21	PRAMEF11	BPIFA1	G6PC2	GAST	GPRC5D	CST5	LYZL6	CPA2	NPFFR1	OR6A2	GJA9	CCBP2	PRDM11	LOC730227	GPR182	GABRR2	OR10C1	SEMA7A	GHRHR	OR2C1	C22orf24	PCDHGB5	GABRQ	ADAMTS12	OR2S2	TULP2	GJD2	DNAJA4	C15orf2	ARR3	CST8	GPR12	MAS1	P2RY4	OR10J1	BMP10	AQP2	HECW1	KRT37	FSTL4	AIPL1	BTN2A3P
97	1.0	MMP9	IGF2R	MAEA	CNN2	USP4	MAP2K3	FAM53C	PANK2	NCOA1	KIAA0430	RBM23	OSTF1	UBXN2B	MKNK1	IL17RA	IRF2	CCDC28A	RHOT1	CTDSP1	FRAT1	USP10	C20orf43	CKLF	PIAS1	TSEN34	CHIC2	FLOT2	HBP1	FRAT2	PLEKHO2	TNFRSF1A	PPP2R5A	XPO6	C17orf62	KLHL2	CFLAR	IL10RB	PIM1	SEC14L1	HAUS4	NUP214	VASP	ZCCHC6	NARF	CYB5R4	SOD2	NRBF2	NDEL1	FAM129A	NINJ1	OAZ2
98	1.0	BCL2L14	MUC5B	TMPRSS3	CAPN9	C4orf19	TMC5	FGFBP1	MYH14	SHANK2	C10orf81	HGD	DNAJC22	KIAA1324	SLC27A2	PLEKHB1	STYK1	DLG3	PPM1H	HSD11B2	TMEM62	TJP3	FAAH	FA2H	CYP2J2	CACNA1D	GLB1L2	SLC9A2	UGT8	MCF2L-AS1	TRIM29	FGFR3	TBC1D30	SMPDL3B	COBL	IRF6	PLEKHA6	KRT17	BCAS1	UGT2B15	CYP4F11	FABP6	MNX1	HDHD3	FOXA1	MMP15	PLA2G10	KRT6B	PLLP	MUC5AC	PLCH1	C9orf7	MIR622	TTC39A	RND1	CATSPERB	HRASLS2	SPDEF	CLMN	TSPAN15	CNNM4	EGLN3	YBX2	IL17RB	SCGB2A1	ICA1	GRTP1	SCIN	TMPRSS2	TUBB6	MIA	TOX3	FAM83E	TNFRSF11A	RAB17	LLGL2	OR7E14P	GPRC5C	FRK	NUP62CL	SLC29A2	KCNK5	RAP1GAP	SMPD3	CDH3	BTC	FGFR4	SERPINB5
99	1.0	GLTSCR2	RPS8	SPCS1	RPL13A	TPI1	RPL13	RPL12	PARK7
100	1.0	RIT2	TMEM59L	APC2	BSN	CALY	CELF3	SPTBN4	PAK7	AP3B2	ST8SIA3	UNC13A	GRIK5	SEZ6L	DGCR9	CHD5	ACCN4	GDAP1L1	SLC8A2	TMEM151B	SYP	BRSK2	ACTL6B	MYT1	SYT5	CDK5R2	HRH3	MAST1	GRM2
101	1.0	VSX1	LRIT1
102	1.0	CYP2A7P1	FAM66D	S1PR2	FGF17	KCNH1	SLC6A7	WNT8B	PPP1R2P9	C13orf41	LOC399904	KCNA10	CABP2	RAX	FGF8
103	1.0	HNRNPK	DDX5	HSPA5	RPL9	SRP9
104	1.0	FNDC3A	UFM1	FAM18B1	SCAMP2	TMEM208	PRKCSH	SEC23B	LOC220594	SDF2L1	SLC38A10	ALG8	TMEM109	UNC50	CCDC90B	PDIA4	TMEM106B	ARMCX3	TMEM214	C19orf42	TBL2	B4GALT3	WIPI1	LMAN2	NCSTN	KDELR1	TMCO1	MAN2A1	DNAJC1	SND1	DERL2	TOR3A	PRKD2	TM9SF1	SEC24A	EIF2AK3	STT3A	PREB	SEC63	GOLGA5	DNAJB9	C1GALT1C1	UBXN4	FKBP2	SLC35B1	BTG2	HSPA13	USP16	PIGK	CSNK1G3	C1orf9	CDK2AP2	MAN1A1	SCFD1	BET1	TMEM50B	ARFGAP3	FTSJ1	CDV3	DUSP5	CDR2	SEL1L	ATP13A1	ERGIC2	CHST12	ZBTB38	C9orf95
105	1.0	OCLM	SFSWAP	RBM4	SNHG3	GNL3LP1	ZNF37BP	COX4I1	C10orf137	RPL37A	ATP6V0A2	PPIA	PIK3R4	C17orf88	SNORA21	TRAPPC10	KIF24	C7orf44	MED6	HNRNPH1	CEP135	GCFC1	MTRF1L	GNB2L1	LINC00115	RPL18	BTBD7	DBF4B	RPS14	LINC00338	ZBED4	ZNF131	CREBZF	RPL17	SBNO1	CDK12	GOLGA6A	FASTKD2	LOC100127886	PRPF3	MTOR	LRIG2	ITFG2	MRPS11	PRKAA1	LRP5L	DCLRE1C	POLG2	SPATA5L1	RPL5	USP36	NR2C1	LOC729799	RAD52	VPRBP	LOC100506653	VPS53	AKAP8L	THUMPD2	KLRAP1
106	1.0	SLN	RBFOX1	ACTN2	DES	NRAP	MYLPF	MYOT	PYGM	FBP2	MYL2	SYNPO2L	LDB3	MYOZ2	MYBPC2	TNNI1	KRT76	CKM	PGAM2	CASQ1	DUSP13	MYH1	TNNT3	SRPK3	MYOM1	HRC	SMPX	CACNG1	NEB	MYH7	MYH2	CSRP3	MYL1	ACTA1	CACNB1	MYOZ1	TRDN	RPL3L	HSPB3	MYF6	APOBEC2	MYL3	TPM3	ATP2A1	COX6A2	TCAP	AMPD1	CAV3	MYBPC1	CACNA1S
107	1.0	PYCARD	RGS19	FAM65B	SNN	ZYX	LY96	CHST15	RTN3	TGFB1	USP3	ADCY7	DPYD	S100A12	NADK	GNAI2	ARHGEF2	RCBTB2	C20orf3	RASSF2	IRF1	TCIRG1	ZDHHC7	CD302	SH2B3	SCO2	CTSS	RUFY1	ARRB2	TMEM50A	MPP1	GLIPR1	NCF2	CD97	PARP8	STK10	DUSP6	TRIM8	RAB11FIP1	PTPRE	SULT1A1	CSGALNACT2	EFHD2	GCA	RAB27A	TNFSF10	RALB	SNX10	SP110	DENND5A	C1orf38	SERPINA1	TNFAIP2	SEPX1	CASP1	TPST2	LMO2	S100A9	SAMHD1	AP1S2	SIDT2	USP15	CDC42EP3	STK38	KIAA0247	GBP2
108	1.0	ESRRB	PCDHA10	NPBWR2	CELA2B	PSPN	C19orf26	ATP8B3	AIRE	DUX1	KCNC2	KIAA1614	RAI1	GJA3	CPLX2	GPR144	SIX5	METTL10	NTN3	HTR1A	SPAG11A	PRM1	CRYGC	PDX1
109	1.0	MGA	NIPBL	CCNT2	NAA16	PDS5B	TBC1D15	CCDC41	CENPC1	ZNF518A	REV1	RBBP6	ZNF143	ZBTB24	ANGEL2	RLF	PCF11	ZNF430	USPL1	ARID4A	HAUS3	ZNF107	NUPL1	ELF2	VPS13A	NEMF	METTL4	CEP192	LARP7	PHF3	RNF219	BRWD1	PTBP2	MTRF1	ZNF75D	ARMC8	PMS1	TTF1	ZNF273	CEP57	ATAD2B	SENP7	TPP2	KIAA1009	MDM1	SENP6	S100PBP	DIS3	YTHDC2	FUBP1	CCP110	RBM41	METTL21D	ALG13	RSBN1	ZBTB11	CASP8AP2	MPHOSPH10	NOL8	PKN2	FAM178A	PRPF39	ZNF236	RNASEH2B	CCDC76	PAPOLG	TRIM33	MED23	MTF2	UPF2	TTC13	PRPF38B	RIF1	RFC1	PPWD1	INTS6
110	1.0	C3orf32	PON3	PRSS1	GC	MUC13	KCNJ16	UNC93A	HAVCR1	HMGCS2	AMBP	PRDM16	SERPINA4	CYP2B6	HABP2	DNASE1	GABRR1	LGSN	AKR1C4	PGC	ABCC2	GCNT3	HSD3B1	UGT2B28	CLDN18	PDZK1	CA9	BHMT	UPK1B	GSTA1	TM4SF4
111	1.0	ESM1	FMO1	PRELP	ELTD1	GAS1	PDZRN3	CNN1	ADAM12	MFAP4	PDGFRB	NOX4	COL16A1	SPON1	LAMA4	MMP19	ABCA8	ITGBL1	COX7A1	FMOD	OGN	SLIT2	WNT2	LDB2	CORIN	COLEC12	TNFAIP6	COL8A2	DPT	ZNF423	ALDH1A3	MFAP5	OLFML1	COL11A1	NID1	CHRDL1	RGS4	JAM2	COL14A1	EMILIN1	MCAM	ECM2	ADAMTS5	PRRX1	EPYC	SFRP4	TMEM204	HSD11B1	MMP3	PDGFD	OLFML2B	EDNRA	DDR2	LRRC15	COMP	WISP1	PLN	ANGPTL2	ISLR	RCN3	KAL1	NES	NDN	RCAN2	OMD	PTN	FBLN2	COL10A1	DPYSL3	CCDC102B	GLT8D2	CLEC3B	JAM3	C1QTNF1	C1orf54
112	1.0	RAD51AP1	STMN1	CDCA4	CCDC99	PRIM1	RFC3	GINS2	CCNA2	ATAD2	RFC2	CEP55	EZH2	DONSON	APOBEC3B	ORC6	DLGAP5	CENPN
113	1.0	PSMD4	GTF2A2	TYMS	CBX3	U2AF1	G3BP1	C1QBP	PSMD8	RANBP1	UFD1L	ZC3H15	HSPB11	NOL7	TARS	RPF1	SLIRP	CCT2	MTHFD2	EIF3I	ATIC	NHP2	PRMT1	CDK4	DDX1	EIF2S1	NDUFB6	VBP1	SHFM1	NAE1	LSM3	HSPE1	NDUFB11	HDAC2	METAP2	PSMC5	HPRT1	TAF1D	PSMD2	MCTS1	BANF1	AIMP1	LSM7	MZT2B	DAP3	KIAA0101	SNRPF	CCT5	CCT7	IARS	EIF4A3	KPNA2	IMPDH2	PCNA	DDX47	MZT2A	CCT3	COPS5	METTL5	FKBP3	AHSA1	SNRPD1	BUB3	XPOT	DDX39A	MRPL33	PSMD14	CCT6A	CKS2	RBMX	NME1	LSM5	TRA2B	NONO	BZW2	ENY2	SRP19	SRSF2	CLNS1A	SEC61G	GGCT	PSMA5	TARDBP	PSMD11	ILF2
114	1.0	SUV420H1	RNF38	ZDHHC17	USP8	FBXO11	ZNF12	NKTR	LOC100499177	CEP350	CRBN	BBX	USP34	ATG12	DNAJB14	FBXW12	ZNF292	HAUS2	ZNF148	ZNF24	ATP8B1	CREB1	FKSG49	LOC100506168	KDM5A	COL4A3BP	CHD9	ING3
115	1.0	CD80	SSTR2	SLCO5A1	DNAH17	LGALS14	S100A6	BCAP31	CAPN2	ITM2B	CDIPT	GPR15	IL12B	CYP7B1	TEC	BFSP2	HMHB1	T	AICDA	CD22	CCR10	FXYD2	CCL17	TFEB	UGT2B17	SLC6A4	SOCS1	KLK2	PLA1A	POMC	MSC	TNFSF11	MGAT3	CEBPB	PHACTR1	HEXB	HSPA1A	IKZF2	ATP6V1G1	KCNN3	PTTG1IP	LOC100505650	HLA-DOA	IFNA1	TNF	NEUROG2	KCND2	LTA	CNR1	OXTR	ASCL1	CETP	GNG7	GPR63	TNFRSF8	OAT	IGHV5-78	SDCBP	TNFSF9	ZBTB32	BCL2	ESR2	SERPINB10	EPHB1	IFNA2	CD226	TNFRSF13B
116	1.0	SLC9A3	SLC17A4	PDZD3	TPSG1	HTR4	SULT1B1	TRMT112	MOGAT2	B3GALT5	ATOH1	KLK3	A1CF	KLK15	FABP2	MEP1B	TBX10	KRT12	CA7	SLC18A1	PIWIL2	MYO7B	TEX11	CHST5	BEST2	MADCAM1	BTNL3	SLC28A2	EDN3	L1TD1	C6orf105	SST	TRPA1	PYY	HSD3B2	CTSE
117	1.0	SLC7A7	ARHGAP15	FGR	GIMAP4	EVI2A	ICAM2	IL10RA	GIMAP5	TNFRSF1B	LSP1	GMFG	AIF1	MNDA	ITGB2	FGL2	CSF2RB	LST1	CCL5	GIMAP6	CECR1	ITGAM	WAS	PTPRC	HCK	NKG7	LCP2	RNASE6	FCGR2A	CYBB	MYO1F
118	1.0	GCKR	G6PC	THPO	SLC17A2	FTCD	F13B	CPN2	HGFAC	AGXT	C8A	MBL2	CA5A	SERPINA10	F11	NAT8	ONECUT1	AKR1D1	ABCG5	NPC1L1
119	1.0	GRIN2A	KCNS1	ECE2	CDH8	LUZP2	STXBP5L	KCNN1	C1orf95	KCNIP1	TRPM3	DCC	OPCML	KCNQ3	CRB1	FLRT1	ADCYAP1	SLITRK3	C14orf162	TBR1	NTRK3	NPY2R	GRIA4	NEUROD2	GAD2	CAMK1G	ZNF536	KCNJ9	OMG	KCNJ10	KCNMB4	SLC24A2	KIF5A
120	1.0	PRODH2	CFHR4	DPYS	HMGN2	LECT2	SLCO1B1	CYP4A22	HAO2	TRMT5	APOF	SPP2
121	1.0	IGLV2-23	IGLL3P	IGLJ3	IGJ	IGKV4-1	IGKV1-5	IGL@
122	1.0	PRKCG	ZP2	ENTPD2
123	1.0	ZFP36L2	LTB	CCDC109B	NFATC2IP	DENND4B	GAK	CHKB	ZC3HAV1	SUN2	RNF44	ITSN2	CRTC3	PPP2R5C	SYNRG	RBL2	LINC00341	CYTH1	SMCHD1	IL32	ATXN7	PIK3IP1	PHF15	EVL	SETD1B	ATM	FNBP4	NCK2	PION	LOC728855	FAM117A	RBM26	AES	ZNF266	ENTPD4	TAOK3	N4BP2L2	NOSIP	ACAP2	PRKACB	ARHGEF3	HMHA1	CDC25B	LBH	MSL3	PNISR	SPSB3	AKAP17A	RARRES3	ARL4C	CRIP1	LEPROTL1	C12orf35
124	1.0	LDHB	CLEC4M	MYO7A	PKLR	F7	F10	IAPP	LPPR1	ONECUT2	CRYAA	ELSPBP1	CYP21A2	ADRA1B	FN3K	SEC14L4	SLC22A7	MASP1	SLC17A1	SLC28A1	ART4	ADRA1A	FOLH1B	AQP7	C6orf208	MUC6	FOLH1	SLC6A12	DNMT3L	MLXIPL	ABCB11	GPR88	SAA3P	SARDH	CYP17A1	GPLD1	CPS1-IT1	SLC38A3	APOA4	CLDN14	GSTA3	SFRP5	C19orf80	EPO	SLC6A13	C12orf39	SLC26A1	PRAMEF10	HIST1H1A	GPD1	NPHS1	RHBG	CPN1	COLEC10	OXT	CES1P1
125	1.0	MPDU1	HMBS	CPSF3L	DUS1L	BOP1	APEH	ZDHHC4	HDAC3	DHPS	GADD45GIP1	DLST	COPS7A	RFXANK	MEPCE	CCDC85B	G6PC3	C12orf10	URM1	C6orf108	EIF2B4	TAF6	RABEPK	MRPL28	COBRA1	NPM3	ALG3	GPS1	TIMM17B	PMVK	CCDC51	EXOSC5	RBM42	LCMT1	MPG	C19orf50	CPSF4	EXOSC4	ATP5SL	WDR18	HRAS	C12orf44	PES1	AAMP	SSNA1
126	1.0	IL18R1	KYNU	SP100	ACSL5	WRB	IFIT5	TAPBPL	COPS6	IFIH1	TYMP	TNIP3	LRRK1	TRAF1	RELB	USP18	C19orf66	ETV7	KMO	IL15RA	HCP5	SAMD9	TNFRSF14	BIRC3	TMEM140	AMPD3	MR1	APOL3	RTP4	TRIM38	TRIM21	GSDMD	NFKBIE	APOL6	TREX1	CD40	TRANK1	HERC6	OAS2	RCN2	HCG26	TAP2	XAF1	TDRD7	APOL1	MAP3K8	BTN3A3	SP140L	TNFRSF9	CD82	DDX58	TRADD	RSAD2	IL7	ICAM1	SH3TC1	IL15	CASP4	ERAP2	IFIT2	UBA7
127	1.0	ZNF701	ZNF529	ZFP2	ZNF136	ZNF493	ZNF140	ZNF675	DEM1	ZNF227	ZNF208	ZNF268	ZNF492	ZNF10	ZKSCAN4	ZNF135	ZNF287	ZNF253	ZNF528	ZNF419	ZNF83	ZNF813	ZNF586	ZNF154	ZNF549	ZNF442	ZNF304	ZNF141	ZNF254	ZNF155	ZNF345	ZNF302	ZNF665	ZNF702P	ZNF235	ZNF606	ZNF443	ZNF471	ZNF234	VN1R1	ZNF329	ZNF134	ZNF331	ZNF510	ZNF14	ZNF225	ZNF45	ZNF211	ZNF350	ZNF221	ZNF550	ZNF354A	ZFP30	NAG18	ZNF613	ZSCAN12	ZNF257	ZNF671	ZNF222	ZNF506	ZNF177	ZNF43	ZNF432	ZNF223	ZNF85	ZNF571	ZNF93	ZNF544	ZNF682	ZNF84	ZSCAN18	ZNF137P	ZNF614	ZNF643
128	1.0	ACADL	MAP6D1	PYGO1	PRKAA2	SCN4A	USH2A	ZNF556	ABCC9	PRPH2	LMO7	PSME2	PFN1	BMP5	CA14	SIX1	SAT1	DNAJB5	IFNA6	PFKFB1	LRP1B	EYA1	TBX1	ESRRG	SLC6A1	ZIC1	REEP2	AGXT2L1	KALRN	ATP2B2	CTNNA3	FRMPD1	OBSL1	ARPP21	CCKAR	WSCD1	IMPG2	CACNA2D1	PARK2	RAMP1	KIAA0408	SIX2	CYP46A1	DLK1	TYRP1	PITX2	PNMT	FGF4	PSME1	MAPT	RYR3	KCNN2	ARHGDIB	DPF3	TNNI3	GABRB2	HLA-F	KCNB1	SEC14L5	ALDH1L1	GLT25D2	PDCD6IP	CAMK2B	FZD9	TLN2	TNNT2	SLC47A1	TIMP4	PRKG1	AKAP6	EYA4	MUSK	C1orf21	SCTR	PPP1R3A	EGF	MGC2889	SCN3B	NPY6R	USP2	FHOD3	MYL10	HLA-DPB1	EN1	CXCL14	CMTM6	GRIP2	TNNI3K	SRGN	CLCN4	PPARGC1A	PKNOX2	TRIM45	AMOT	DTNA	RXRG	SLC38A4	PPFIA4	LGI1
129	1.0	SEMA5A	KCNMA1	PENK	COL5A3	HSPB2	CSPG4	KCNE4	FAT4	MAP1A	KCNJ8	ANK2	EMX2	SVEP1	PRR16	MEG3	MAB21L1	ITGA8	HAS2	NTM	GFPT2	DKK2	HEPH	RUNX1T1	EPHA3	ELN	TBX2	POM121L9P	MEOX2	NTF3	BNC2	DAAM2	DCLK1	TMEM100	ITGA7	PTGFR	CACNA1C	ANGPT1	KIAA1462	TRPC6	GPR124	BHMT2	GREM2	FGF1	LPPR4	HSPA12A	C7orf58	LOC100287387	PRRX2	KCNK2	SOD3	ROR2	ITGA1	ZFPM2	C14orf132	LINC00312	NBLA00301	FBXL7	SCRG1	PAMR1	PTGIS	AGTR1	LAMA2	ABI3BP	VSTM4	NPR3	HS3ST3A1	SGCD	STON1	FGF7	ADAMTS2	VGLL3	EBF2	ZNF385D	PDE1A	LMOD1	SLIT3
130	1.0	CLEC5A	SIGLEC7	RASSF4	MARCO	VNN1	EMILIN2	CD68	FOLR3	BST1	CARD9	SLC11A1	VENTX	F5	DHRS9	CD300C	MILR1	EMR3	P2RX1	ASGR2	HHEX	PSTPIP2	PLCB2	LILRA3	CR1	ATP8B4	FCAR	FES	PTGER2	RENBP	APOBR	HAL	CCL23	CSF2RA	CD101	ASGR1	SIGLEC5	EMR1	TLR8	NFE2	SIGLEC9	TLR4	CD33	RETN	STAU1	TRPC2	MATK	PIK3R5	IRAK3	LILRA5	SIRPB1	ARRB1	CD244	PTGS1	NLRP3	CREB5	GPR97	HLX	LILRA1	CPPED1	PADI4	HK3
131	1.0	SMAD5	PPIG	CEP290	KIAA0100	SPAG9	CCNK	SMC5	TTBK2	USP12	SPEN	DCAF16	ANKRD11	COIL	PRR14L	CBL	MIS18BP1	ATRX	TIPRL	FAM135A	PDPK1	SETD2	FAM120A	PRRC2C	NAA15	SART3	MAN1A2	HNRNPUL2	PPP1R10	PTPN1	IL6ST	RPL13P5	CEP104	GPATCH8	EEA1	DDX6	GOLIM4	MED1	RFX7	SMG7	CCNT1	EHBP1	RSRC1	TCP10	NFAT5	NLK	ERICH1	OTUD4	PLEKHA2	REST	SPPL2B	C1orf27	KLF13	TGFBRAP1	HIST1H1E	GSK3B	SIKE1	SPIN1	GTF2A1	CHD4	RPAP2	CSPP1	SCAMP1	ESF1	THOC2	AGGF1	DDX17	NEK1	UBE2W	DNAJC3	ZNF654	AP3D1
132	1.0	DDX42	RAB1B	RPS6KB1	DCXR	PRPSAP1	CCDC47	RAD51C	CXorf40B	SUPT4H1	AGPS	LAGE3	RAB22A	OSBPL3	RANGRF	PPM1D	RNF7	C20orf11	AKT1	RUSC1	FTSJ3	NCOA3	TMED3	NRAS	DHX40	TRIM37	BCAS3	PI4KB	PPDPF	VPS72	TAF11	PPP4C	APRT	PTRH2	RNF114	SMG8	CXorf40A	AP1G1	SEC16A	APH1A	APPBP2	NMD3	PIEZO1	SMARCD2	PEX11B	ACSL4	KIAA0182	RBM8A	TFCP2	VAPB	ECHDC1	C6orf211	HIST1H2BD
133	1.0	TBCA	NDUFA4	C11orf58	NSA2	COX6C	HINT1	UQCRH	SNRPD2
134	1.0	CYP7A1	TMPRSS6	LPA	FETUB	LPAL2	CCL16	MASP2	SHBG	NR1I3	ALDOA	CCNI	PROZ
135	1.0	SLAMF8	CCL13	HPGDS	AOAH	CMKLR1	LILRB5	CCR5	CLEC4A	FPR3	CD209	C2	IGSF6	SIGLEC1	TDO2	STAB1	CXCL11	SDS	OLR1	FCGR1B	FOLR2	ADORA3	C3AR1	CD4	FYB	IDO1	MARCH1	P2RY14	TM7SF4	LAIR1	TFEC	CLEC10A	FPR1	APOC2	CCL8	CCR2	PLA2G7	ENTPD1	CCL4	ADAP2	RGS1	MSR1	GPR183
136	1.0	JUN	BCLAF1	DDIT3	CHD1	RPLP1	RPL7A	ZNHIT6	NBN	GTF2B	ATP2B1	JARID2	CHMP1B	TBK1	TOR1B	NXF1	EGLN1	RNF139	SHQ1	RNF111	CDK11A	RPS27	KDM3A	ZFAND1	LYRM1	RPL27	C19orf2	RPS23	TSC22D3	MAP3K4	RAP2C	PPIE	RPS10	PAK2	MSL2	EGR1	JUNB	UIMC1	GTF2H1	ZBTB1	ZNF394	GEMIN6	JMJD1C	RPS16	MIR22HG	ZC3H14	RPL6	SYF2	EAPP	DUSP1	RPL32	RPL39	RPL23A	NFIL3	JOSD1	H3F3B	TNFAIP3	OXSR1	C20orf111	MORC2	MINA	NIF3L1	PICALM	IVNS1ABP	COQ10B	TAB2	KLF6	TRMT61B	SNUPN	SLC25A3	RPS13	RBM22	PPP1R15A	TBCC	RPS29	METTL13	RPL31	MTMR6	RPL37	C12orf41	BNIP2	TIMM9	CNOT8	RPL21	RPL19	ZNF267	RDH14	MTR	FOS	RPL30	GNAI3	SERTAD2
137	1.0	POLD2	COMMD4	EIF4EBP1	BABAM1	PSMD3	DDT	CECR5	RPS21	PCID2	NUP85	LONP1	POP7	UBAP2L	IFRD2	SIGMAR1	PDAP1	MRPL12	NDUFAF3	SNF8	MRPL11	EIF2B2	TOMM22	PQBP1	C2orf47	POLR2C	ITPA
138	1.0	HSPA8	RPL8
139	1.0	GZMH	CD3E	CD27	TRDV3	KLRB1	KLRK1	TARP	SPOCK2	CD8A	ZAP70	GZMK	PLA2G2D	CTSW	CHIT1
140	1.0	C16orf3	MS4A5
141	1.0	WDR77	FARSA	RCC1	FAM189B	LSM2	SAC3D1	POLR3E	NAA10	TOMM40	DDX10	NUP62	C17orf81	PMPCA	SIVA1	DDX56	MRPS34	NAT10
142	1.0	FDX1	ATF3	PLD3	C11orf75	VPS37C	MAFF	ALAS1	CREBL2	CTSD	PITPNA	DNASE2	NUCB1	GRB2	STX12	PDXK	ATP6V1C1	SLC30A1	NECAP2	STX4	GLT25D1	NEU1	RIT1	OSTM1	ACP2	ADO	GLA	SNX1	MAN2B1	OPN3	ATP6V1H	NSF	CD83	M6PR	KIAA0930	NSMAF	C12orf5	SLC9A6	NCK1	ACOT9	LRPAP1	LHFPL2	CAPG	GPR137B	GM2A	RAB5C	MLX	PSEN1	FAM82A2	HMOX1	PEPD	DRAM1	SLC16A3	IL8	MTMR14	PLAUR	MGAT1	SOAT1	C14orf109	FKBP15
143	1.0	ZNF500	C4orf34	RRN3P1	CCNL2	ENGASE	LOC100506162	SNRPN	CSAD	LONP2	RALGAPA1	HMBOX1	EP400	MZF1	VPS13D	LINC00260	LOC100507619	SUGP2	LRCH3	GOLGA2P5	ZNF692	ALMS1	L3MBTL1	NAIP	KIAA0664L3	EZH1	PAN2	CG030	FLJ13197	LOC100272228	FAN1	ZNF337	ZNF862	PSPC1	FLJ42627	JRK	ZRSR2	TRPV1	SEC31B	NACA	UCN	C5orf45	MDN1	LUC7L	GNRH1	MON2	ANKZF1	KDM4C	MSH4	RUFY2	LOC100506469	LINC00342	STAG3L1	CROCCP3	WDR52	C2orf68	ZBTB44	ZNF248	PILRB	CLDN15	PPIEL	PMS2L2	LOC202181	LOC100507424	MAP2K5	C12orf51	GSDMB	ALDH8A1	BTBD18	SS18L1	ZNF573	NFX1	HERC2	TSC1	ZNF767	ZNRD1-AS1	SETD4	TTLL3	SECISBP2	TRIM52	NPFF	POU2F1	TAS2R14	LOC155060	FBXW4P1	NSUN6	PPT2	DIDO1	TTC21B	LCMT2	TARBP1	MYO9A	NANOG	RFPL3-AS1	SPICE1	KIAA0485	ZCCHC11	OTUD3
144	1.0	EDF1	COX7A2L	NDUFA2	C19orf53	PSMB7	NDUFC1	TIMM8B	NDUFS6	MRP63	NDUFA13	UBL5	TCEB1	TXNL4A	SNRPD3	COX5B	HBXIP	NEDD8	POLR2J	UQCRQ	SF3B5
145	1.0	FUT3	C1orf116	CWH43	CYP3A5	RAPGEFL1	CHP2	PLEKHG6	CEACAM7	CDHR1	AIM1L	CYP4F12	PRSS2	CYP4F3	FUT6	SLC5A1	DEFB1	FUT2	TFCP2L1	MUC4	IL20RA	SOSTDC1	COL17A1	MST1R	XDH	LAMC2	B3GNT3	HSD17B2	TTC22	TMPRSS4	CLDN1	MOB3B	CBLC	DUOX2	IL22RA1	ARL14	SCNN1B	POF1B	SLC6A14	GJB3	KLK10	AZGP1	CYP2C18	AADAC
146	1.0	PSG11	OR7E19P	PSG1
147	1.0	HIST1H2BE	HIST1H2BC	HIST1H3G	FLJ13224	HIST1H2AL	HIST1H3A	OR2B6	HIST1H2BG	HIST1H2BH	HIST1H1D	HIST1H2BI	HIST1H2BF	HIST1H4H	HIST1H2AG	HIST1H1B	HIST1H3H	HIST1H2AJ	HIST1H2BO	HIST1H2BJ	HIST1H3I	HIST1H2AE	HIST1H2AI	HIST1H2AM	HIST2H2AA3	HIST1H4D
148	1.0	CELP	PPP1R14D	CYP3A4	REG3A	C6orf123	DEFA5	SPINK4	C4BPA	SMCP	DPEP1	MUC2	LEFTY1	CLCA1	DMBT1	VIL1	GUCA2A	ZG16	ODAM	REG1P
149	1.0	CLCA4	PLA2G2F	SLC13A4	RASAL1	GDPD2	CD1A	RDH16	GNRHR	LINC00302	ARSF	HTR3A	PADI1	POU3F1	BARX2	CYP2C9	GRIN2B	TGM5	ENDOU	ASIP	IL37	IL36A	CD207	WNT3	WNT16	PSORS1C2	RNF39	DNASE1L2	ADH7	IL19	TYR	KCNK7	UPK1A	F9	KRT32	NHLH2	KRT75	SLC28A3	KRT31	PPY	KLK14	LAMB4	MLANA	KLK13	KLK6	MT4	GALR3	ALOXE3	GYS2	DKK4	KRT33A	PLA2G2E	FOXN1	ATP10B	DCT	C2orf54	KRT2	CASZ1	ATP12A	LOR	C1orf68	CIDEA	SMAD5-AS1	LTB4R2	CA6	IL1RL2	PLA2G3	ANGPTL7	KCNK10	PGLYRP4	PIK3C2G	ALS2CL	C6orf15	LY6G6C	TREX2	GPRIN2	BPY2	STATH	KRT9	OCA2	GK2	MMP27	SLC39A2
150	1.0	GJB1	HKDC1	CDX2	APOBEC1	TUBAL3	PTPRH	MUC3A	FAM55D	DDC	TRIM15	HNF4G	SLC6A20	USH1C	ACE2	C4BPB	CCL24	LRRC19	LRRC31	HHLA2	SLC26A3	LINC00483	EPS8L3	CDHR5	BAIAP2L2	ANXA13	BCMO1	GUCY2C	CFTR	NR1I2	NOX1	GPR35	RNF186	TRIM31	IHH	ALDOB	SLC3A1	FOXA2	MUC3B	CYP3A7	MYO1A	NAT2
151	1.0	MYOG	MYH4	ARPC5	PGAM1	CAMK2A	TUBA8	ATP1B4	ENO1	MYOD1	ARPC3	KCNJ12	HIF1A	PABPC3	SEC61B	HMGN1	MSTN	SLC25A5	MYH7B	AQP4	CAPZA1	COX6A1	C10orf92	MYLK3	CAP1	SSR2	ACTR3	YWHAZ	RAPSN	CLIC1
152	1.0	KCNJ6	ABCG4	ADORA1	LOC100130741	ANKS1B	CALCA	HPCA	PRAMEF12	HTR1E	KCNA6	PCDHB13	CEND1	FAM182B	CADM3	FAM182A	ADRA2C	GRIK1	CRX	LOC646934	LHX5	GRIN2C	PAGE4	ELAVL3	BAI1	APOA1	IGF2-AS	CACNA1G	KCNF1	SAMD14	PDZD7	RGS9	PRMT8	PCDHB17	POU6F2	MAG	CACNA1B	MPPED1	ANKRD53	LOC100507009	SFTPC	SCN5A	CRYGD	KCNH6	VGF	PTPRN	NLGN3	SLIT1	PCBP3	SDK2	POU1F1	HCN2	BCAN	TLX1
153	1.0	GMPS	TFB2M	ITGB3BP	DDX18	EEF1E1	PNO1	WDR12	GTPBP4	SKIV2L2	NOC3L	MRPL22	DNAJC8	UTP6	NUP107	NOL11	SLC25A32	DIMT1	EXOSC8	NDUFAF4	STIP1	MAGOH	MRPS30	NUP88	NUP54
154	1.0	MYH8	MYH13	NEURL	SLC2A4	SEP15	PABPC1	SEMA6C	MYF5	HYAL4	CHRND	LMO1	CHRNA1	COPB1	NPHP1	RAP1B	ACTL7A	GOLPH3	TMBIM6	CLCN1	SIM1	HLA-DRA	SPTB	FBXO40	AANAT	DDN	MYH3	TMEM123	MYBPH	MYH6	MYL4	UCP3	PITX3	CDH15	ASB4	LBX1
155	1.0	SMC1A	CACYBP	RPA3	HAT1	PHB	FDPS	AHCY	RUVBL2	SLBP	NASP	FUS	NOP56	TFDP1	UTP18	SNRPA	CPSF6	ZWINT	USP1	DKC1	DNAJC9	CKS1B	PAICS	LSM4	MCM6	PTTG1	CSE1L	RRM2	WBP11	RRM1	SUPT16H	NUP153	DDX46	KPNB1	SAE1	SMC4	MTHFD1	RPA1	UBE2S
156	1.0	GINS4	FANCG	POLA2	CIT	PKMYT1	KIF20B	C16orf59	C17orf53	E2F1	CDC25A	PTTG3P	ORC1	BRCA1	RAD54L	TRAIP	RECQL4	KIF18A	CHAF1B	C1orf112	PLK4	CDC25C	WHSC1	WDHD1	C1orf135	C12orf48	BRIP1	ARHGAP11A	GINS3	CCNF	CDT1	DSCC1	CENPI
157	1.0	ATP5D	FAM96B	GRSF1	NDUFA8	WDR61	SDHAP1	SKI	IARS2	MLH1	WBSCR22	NDUFB3	NDUFA3	UQCRC1	HIGD2A	FAM190B	ATP5I	MRPS33	HAX1	AURKAIP1	OXA1L	AK2	ADSL	BRP44L	NDUFS2	HDDC2	NDUFA10	ATPIF1	PDHA1	GOT2	SDHA	VDAC3	IDH2	NDUFS4	MRPS14	MRPL15	TUFM	GPI	C14orf2	BRP44	PPP1R7	MRPL9	NIT2	NDUFV2	DRG1	PRMT2	NDUFB2	DARS	LRPPRC	SDHC	SURF1	GRHPR	NDUFA9	FAM162A	HSD17B10	DECR1	CCDC56	ACAT1	ECHS1	DCTPP1	TOMM70A	HSPA9	NDUFS3	ECH1	NDUFV1	IMMT	PPA2	COX17	FH	ACADM	MTCH2	IDH3G	C21orf33	PDHB	CYC1	CUEDC2	HADHA	PLK3	ETFA	TMEM70	SUCLG1	MRPS35	ACO2	MRPL23	TMEM126B	PSMB6	VDAC1
158	1.0	NR0B2	GBA3	TREH	ADH6	FAM186A	TM4SF5	GUCA2B	GAL3ST1	NR1H4	C11orf9	C8G	ARSE	ALPI	OTC	MIA2	ITPKA	C2orf72	SLC7A9	CYP3A43	HNF4A	SGK2	CDHR2	UGT2A3	HNF1A	NR5A2	SLC19A3	SLC15A1	ENTPD5	SLC30A10	SCGN	TTPA	SEMA4G
159	1.0	OR10H3	CTAGE1	ZIM2	OR2B2	CHD2	OR1D2	RFPL3	GTDC1	TAS2R16	RRH	FSCN3	ACSBG2	DEC1	OR52A1	KLF15	ZNF507	TAS2R1	OR2W1	TAAR2	CETN1	IFNA17	LHX3	GML	GRM6	CYP11B1	PRY	INHBC	CYP2A7	TSHB	ACRV1	ADAM18	MPP3	IFNA5	AGMAT	NTNG1	BMP15	IFNA14	PAPPA2	MT3
160	1.0	RPS4X	EIF3L	ZNF674	RPS19	EEF1G	RPS20
161	1.0	MAD2L1	TOP2A	MELK	NUSAP1	DNMT1	MLF1IP	CCNB2	MCM2	H2AFX	RACGAP1	TPX2	PRC1	CDK1	CCNB1	FEN1	GMNN	RFC4	MCM7	MCM3	UBE2C
162	1.0	CD38	IKZF1	NINJ2	TRAF3IP3	IL2RA	BTN3A1	IL3RA	PTPN22	BIN2	RHOH	RASGRP3	C18orf1	TNFRSF4	PLXNC1	BTK	LILRB1	LILRB4	NCKAP1L	ACAP1	RGS13	CCL22	DOK2	DOCK2	SLC2A5	GPR65	LGALS9	PTPRCAP	CD86	VAV1	PTPN7	FLI1	CLIC2	TLR7	ITGAL	CD300A	BTN3A2	CCDC69	ALOX5	IL10	SELPLG	EBI3	CD84	IL16	SEMA4D	SLC15A3	RASGRP1	CXorf21	FCGR2B	GPSM3	INPP5D	CD69	MFNG	C11orf21	CMAHP	ELMO1
163	1.0	C13orf44	GNAS	PVT1	MCL1	LLPH	MRPL52	IER3IP1	NCKAP1	PTENP1	TIAM2	YY1	C4orf10	EXOSC1	PMCH	EIF5B	RNF185	MAGOH2	RPAIN	PKD2L2	DHX29	OSGIN2	DGCR6L	CDC5L	C10orf12	MRPL41	PRPF18	MRPS18C	IL18BP	HR44	C22orf36	SAP30	PDCD2	ZNF770	ARL2BP	RPL14	MAGT1	BMP8B	EEF1D	RQCD1	ATP6V0E1	RPLP2	ING2
164	1.0	MMP26	B4GALT2	LUZP4
165	1.0	OLAH	INSL3	TREML2	MAK	SKIL	PPP2CB	RPL7	DOCK5	RPGRIP1	ZNF516	CUTA	PQLC3	HSP90AB1	OAZ1	CDK2AP1	UBE2E3	TECPR2	GPR44	TRPM6	NFIX	ELL	PSMC1	THOC5	RNPS1	CLEC4E	RPGR	AOC2	CASS4	GPR77	SLC22A1	OSM	VNN3	IFNAR1	GSTP1	TSPAN2	CDC42EP2	ANAPC5	GNAT2	JAK3	CCDC19	SCP2	TNNI2	MYBPC3	RBBP7	TSPYL1	CDH16	DHX34	IFNB1	RBM3	IL5RA	RHEB	NUCKS1	USP14	TXNDC3	C19orf56	CCDC71	SEPT2	CHRNA10	GLO1	ST20	CCNG1	CMPK1	FFAR3	FCGR1A	AGAP2	CSDE1	TGM3	USP32	NECAB2	HIP1	DSTN	BEST1	PFKFB4	C6orf48	ALOX15	PRDX3	DYNC1I2	LOC254896	CCNJL	CEACAM3	KIF13A	PRDM5	HNRPDL	PLEKHG3	DUT	C1orf183	UQCRB	LIN7A
166	1.0	PTTG2	EIF3G	MUC8	NDUFB8	RPS11	STARD7	CS	SEMG1	PSMB2	PSMD6	ARL8B	LPO	APEX1	GCM1	CSTB	EPS15L1	SLC22A8	ISCU	PABPN1	HRH4	TCP1	NEU2	PPP1CC	VPS26A	HADHB	SLC38A2	GPX1	CACNG5	MTCH1	KIAA0319	DPEP3	LGALS1	MYL12B	CACNA1E	GSTO1	ANAPC13	EIF4B	ATP5C1	TCEB2	MDH2	EIF2S2	ZNF706	POLR2L	P4HB	SSBP1	AP2M1	SUMO3	BTF3	RPL27A	PTGES3	ANXA2	ATP6V1F	SIGLEC8	COX7C	C20orf24	RPL15	TAX1BP1
167	1.0	PDE3B	LGALS2	TRPM2	TCEAL4	PTPRN2	NUDT4	CSNK1A1	PIP5K1B	BAG3	PAK1	DPP4	ZDHHC3	GAS2	PDZD8	SNTB1	CCRL2	STOM	ATP8A1	SERPINF1	GK	C14orf105	MYO15B	PAFAH2	PCTP	MTHFS	SPARC	HK1	AKAP7	FUT4	PEX26	WFDC2	PECR	FAR2	CASP10	CLIC5	SLCO4C1	PTCH1	ABCB1	TESC	DCTN3	C9orf167	PF4	TACSTD2	MLLT3	PLAGL2	ACSM3	KCNQ1	TPK1	S100A13	TMEM63A	CSDA	ATXN7L1	CRYL1	ARHGAP26	KBTBD11	DYRK2	SLC43A1	PCSK7	CHN2	DNASE1L3	CEBPG	KRT10	MBNL3	AMZ2	GGT1	FAM105A	PRKAB1	AQP3	UPB1	BTN1A1	ANXA1	CLC	SLC39A6	LPCAT4	SLCO4A1	MARCH3	BASP1	ASRGL1	PFN2	VILL	CASP5	MAP2K6
168	1.0	TPMT	GGTLC1	AMT	TPH1	TMEM53	CES3	TUBA1A	NHEJ1	EMX1	MSN	CRYM	PLEKHJ1	BTG3	NAT8B	PGPEP1	ACADS	ABO	PFKFB2	EDAR	POFUT1	ALDH1B1	CLCN2	CAPN10	AGFG2	XYLB	CNGA1	HAAO	LONRF3	KIF13B	SFTPA2	SPATA2	PIGZ	MFSD9	MST1P9	NOTCH2NL	RDH5	PAPSS1	SLC13A2	XPNPEP2	NEK3	DECR2	AMACR	NOTCH2	ABCC6	HNF1B	PREP	ASCL2	TTC38	KLK1	DGAT1	SLC25A20	POU5F1P3	ACOT11	LY6G6D	FMO5	XK	CYP4F2	PLSCR2	CLCN5	OCEL1	SLC26A6	EHHADH	BTNL8	CRYBA2	SLC22A18AS	OVGP1	KHK
169	1.0	EHD3	COL13A1	BAALC	PNMAL1	TRPC1	SFRP1	CDH2	CPS1	CORO2B	AK5	MPDZ	PRKD1	FKBP10	PTPRG	RAB3B	NAV3	KIF3C	RBMS3	LDOC1	ARHGEF10	LEPREL2	SYDE1	TMSB15B	TMEFF1	SCN9A	SHOX2	FGD1	PLEKHA4	WASF3	POPDC3	STK32B	STAC	ROR1	EML1	BDNF	PRR13	SPEG	CLIP3	SUSD5	SLC16A2	TRHDE	KIAA1644	EVC	AASS	PNMA2	ZNF365	FGFR1	COL8A1	ANTXR1	TTLL7	SEMA3A	GJC1	SLC6A15	LIFR	VAMP8	SMARCA1	KCNG1	NPR2	C16orf45	UST	DZIP1	GLI2	MKNK2	NRIP3	GLRB	GPR161	C11orf41	GPR176	TRPC4	ZFHX4	LARP6	CYBA	FGF2	PCDH9	STEAP1B	STX2	EDIL3	PDE7B	TMEM22	CNIH3	TTC28	FNDC4	ODZ3	ROBO3	TPST1	CNTLN
170	1.0	HOXD3	FAM155A	NPTX1	FSD1	KRT19	LZTS1	SV2A	NDRG4	SOX11	RGS17	PDE10A	DGKI	NACAD	NOVA1	ZNF667	NEFM	ADAM23	ELOVL4	TRO	ANKRD7	TCEAL2	INA	LYPD1	NLGN1	ODZ4	CHST10	DENND2A	MMP16	ARHGAP28	AMPH	CPEB1	TMEM35	ETV1	DPYSL4	SLC22A17	CDO1	RPS6KA6	SCG2	CDH4	CDH6	SCN8A	ADAMTS3	NUDT11	ENOX1	GABBR2	NEFL	RGS7	ARNT2
171	1.0	CHST11	FLT3LG	MAP3K14	RGS14	PSAP	IKBKE	TSPAN3	RIN3	ETV6	RAB30	ABCD2	MAP4K1	CTNNA1	MTMR4	ICOSLG	STAG3	P2RX7	CIITA	REL	IL12A	CBFA2T3	DENND1C	GRAP	IL21R	ADAM8	POU2F2	TCL6	LIME1	DHX58	PAOX	IKZF3	HIVEP3	PTPRO	UTS2	ADRBK2	FUT7	IGFLR1	ERV3-2	IL9R	SH2D3C	ST6GALNAC4	ARID5A	RHBDF2	GGA2	IL12RB1	NFKB2	DOK3	PYHIN1	GFI1	IL27RA	LOC79015	CAMK4	GPR132	BTN2A2	NGRN	TMEM156	HLA-DRB4	IL23A	IL4	LY9	FGD2	SQSTM1	GH1	SPN	DEF6	KIAA0226	TLR6	STX11	STK17B	CCDC88C	PTK2B	ETS1	IZUMO4	NLRP1	IFNAR2	LIMD2	CEACAM21	ARHGAP4	ZBP1	HSBP1	NCR3	TTN	KCNA3	CCR8	PDCD1	KCNAB2	IPO7	ST8SIA4	RASGRF1	SNX11	PSTPIP1	CXCR5	PIK3CG	HEBP2	APBB1IP	SLC17A9	KIF21B	IRF5	TNFSF14
172	1.0	ATF5	MIIP	PARP11	FBXO41	CHRNA6	CTNNBL1	LINS	C9orf91	CDKN2D	NPAT	MAP4K2	COL9A2	SHC1	VAMP1	TGIF2	HSPB1	PDK3	PPCDC	C21orf91	CDK5R1	ZNF589	PPIAL4A	DENND4A	HTRA2	RNF11	NCLN	GRK6	DUS2L	INPP4A	ADRBK1	TSC22D1	ITGAV	ZFP161	STAMBPL1	CNTRL	MKL1	ARID3B	SLC2A6	MALT1	RAD51B	TRAFD1	MAD1L1	SEPW1	PROSER1	NUP210	C15orf39	ACTR10	SKP1	ZBTB25	DGKE	REXO2	BCAS4	GIT2	CTC1	PAM	FCHO1	KLHDC4	KSR1	VAMP3	SERINC1	CTRL	ARID3A	RAB2A	ARHGEF1	MGST3	INTS9	PASK	INPP5B	ZNF318	PDE6G	MXRA7	WSB2	TAF4B	TLE3	RHOF	ERO1LB	CD59	AKAP5	STK4	C18orf8	LOC282997	ATP6V1D	RLN1	DCPS	SLC9A7	ATF7IP2	TRAF3	CORO7
173	1.0	PKP4	LMNB2	IGF2BP3	PHF16	SHMT1	SEPT8	PXMP2	CDK2	PPME1	RNF13	PYCR1	ADPGK	PSMC3IP	RHOQ	PMCHL1	APITD1	CDKN2C	TUBA1B	LMBRD1	CBX5	NBR1	RIBC2	LRRC42	SLC37A4	PPP3CB	TUBA1C	WEE1	BDH2	CCNE1	SFXN1	VANGL1	HMGB3P1	CENPO	CTPS2	GPSM2	FAM57A	C7orf68	RAB23	TRIP13	EIF2C2	AGBL5	DNMT3B	COQ2	SSX2IP	KDELC1	RPL39L	LOC730101	SLC29A1	RPL41	NSDHL	SLC25A10	MYBL1	GPR19	PSRC1	SPA17	EFCAB11	PAQR4	CHRNA5	GAPDH	NMU	ELOVL6	REEP4	FANCC	GCAT	PAFAH1B3	TEAD4	MYO19	ERI2	ACOT7	AK4	TMEM9B	HADH	MNS1	LRRC20
174	1.0	SLC19A1	FN3KRP	LEPROT	GABPB1	OSGEP	FOXRED2	PPAT	WDR62	XRCC3	WRAP53	ACACA	HIRIP3	YPEL5	CSTF2	ACYP1	FANCE	NUP155	RAD51D	PRIM2	CEP72	DARS2	TCF3	REEP5	DYNLT3	HMGXB4	E2F3	HIST1H4J	C9orf40	TMEM48	CEP250	C16orf88	ACD	C19orf54	NFE2L1	PNRC1	CAD	DENND1A	CEP97	RNGTT	LRP8	TOP3A	NUP93	RAD54B	PLCXD1	SETD8	SLC25A15	MPHOSPH9	WDR67	SLC25A40	MUTYH	EFR3A	TMEM194A	SUV39H2	DCLRE1A	CASP2	GLE1	HAUS7	INCENP	NUP160	DTYMK	DCLRE1B	RRAGA	C13orf27	TDP1	CHEK2	RBM14	KIAA0586	PDSS1	ARHGAP19	SKP2	C20orf27	CCHCR1
175	1.0	GABARAPL2	IST1
176	1.0	RPS17	KDSR
177	1.0	KCNA2	APOBEC3F
178	1.0	GNA12	PRRG3
179	1.0	EPB49	SLC4A1	ALAS2	CDC34	ASCC2	HAGH	WDR45	UBXN6	TRAK2	C9orf78	RBM38	SIAH2	AHSP	MARCH2
180	1.0	ST8SIA1	ACSL6	BACH2	ANKRD55	APBA2	ANXA4	ST3GAL5	RPH3A	CCR3	ANGPT4	POU2AF1	PVALB	TNFRSF25	PDLIM1	TRIM58	C6orf25	IGFBP7	PPP2R2B	S1PR5	TPD52	TUBB2C	KIAA0922	HDC	DNM3	GP5	LRRN3	SPINK2	S100B	FLT3	PF4V1	ODZ1	NMT2	EFHC2	TKTL1	CYSLTR2	CHMP7	TCL1A	TFRC	NMUR1	LOC100507397	OCM2	CABP5	PRKCQ	DSC1	KLRC3
181	1.0	UBE2Z	VPS8	UBA1	TPD52L2	UBE2Q1	DIAPH2	EIF6	TRAPPC2L	TUBB3	PPIF	TBCB	YWHAE	PTDSS1	TMEM147	BAG6	PUF60	FIBP	FAM32A	BBIP1	SIK3	TMX2	ARHGDIA	HERC3	UBE2L3	GANAB	UBXN1	FEM1C	CERS2	ANKRA2	ERAP1	VCP	NUTF2	IPO9	COPZ1	ADRM1	PSMD9	SF3B2	H1FX	ANKRD12	PRPF8	AUP1	COPE	HNRNPL	BUD31	EIF5A	HMGA1	AARS	MRPL49	GCC2	SNX17	ACLY	DERL1	DDX21	EIF4G1	ERCC5	TPT1	POLR2E	EDEM3	CRYBG3	HDGF	MEA1	SF1	GARS	SGMS1	TRIM28	CPNE1	MAP2K2	HYOU1	DDB1	EIF2AK1	JAK2	YTHDF1	SNX19	ARPC5L	HUWE1	PPP1R14B	C7orf42	BSG	EIF3B	VAMP4	IRAK1	HIVEP1	TH1L	ZNF410	ACOX1	SCAND1	EIF2C4
182	1.0	NAALADL1	DNAJB1	KLHL3	BEX4	RECK	ZNF804A	TMEM106C	ST3GAL6	ZNF132	SSBP2	PPP3CC	ENO2	ZC4H2	BCAT1	EI24	VAMP5	TSPYL5	DHCR24	SYT11	PTPLB	HDAC9	ADAM19	CCDC88A	CALHM2	FADS1	C16orf5	CNTNAP1	TP73-AS1	FEZ1	RBCK1	MAGEH1	TLE4	ITGB3	GAL3ST4	RNPEP	ATP1B1	CYBRD1	ORMDL2	AKT3	KIF26B	SLFN12	CREG1	SPINT2	PERP	DACT1	KRT18	SFN	ZNF167	ATP10D	CYTL1	HIC1	DSP	HOXB2	PTGIR	H2AFY	ASMTL	HIVEP2	PLCL1	FADS2	ARHGAP24	SPTSSA	IFFO1	C3orf14	NEFH	NET1	SYPL1	TOB1	CYB5B	CD24	TNFSF12	GSPT2	HGF	PDCD1LG2	H1F0	GPX7	PBX3	FRY	CHST7	ST3GAL2	C16orf62	SDC4	CDK14	PARVB	SPATS2L	DDR1	C21orf7	SACS	SH3YL1	SYNE1
183	1.0	ZHX2	CCND2	CHST2	ITPR1	TNFSF4	RAB33A	TCF4	ECT2	ABCA6	GRK5	S1PR1	LYL1	LOC390940	ZEB1	HEG1	TRIB3	DOCK10	SLC7A5	PDE4B	GGH	C20orf103	TRPV2	MCTP1	HN1L	DUSP10	CREM	TNIK	SLC2A3	CD200	MICAL1	STAT5A	BATF3	LAPTM4B	GAS7	DAPK1	UVRAG	ADPRH	SLC3A2	FAM70A	GATA3	AUTS2	RORA	RASA4	TMEM14A	PLEKHO1	HTATIP2	CYLD	SLC43A3	GYPC	EGR2	ARPC1A	WIPF1	KL	N4BP2L1	CBX7	PPP1R16B	NQO1	SEPT6	ACSL3	ITPKB	ITGA4	GCLM	CARD8	NFATC1	SCARF1	NCALD	LXN	EGR3	PLAGL1	CNIH4	TM6SF1	ITPR2	ENG	PLCL2	CTSO	PLEKHF1	LEF1	DOK1	ARHGAP6	XYLT1	GUCY1B3	MEF2C	HMGB3	EBP	CELF2	ZNF22	RGL1	FIG4	TOX	SOCS2
184	1.0	MRM1	FXN	OGFOD1	RPUSD2	EIF2B5	PWP2	MTPAP	TCOF1	REXO4	SDCCAG3	AEN	SELRC1	ILKAP	PAK1IP1	BCS1L	LSG1	ZNF696	POLR2D	CDK5RAP1	EXOSC2	URB2	FLAD1	SLC5A6	NKRF	SCRIB	URB1	TBRG4	PTCD1	TOE1	RNMTL1	C10orf2	THOC6	SUPV3L1	METTL1	TTC27	TRMT1	RRP8	ABT1	POLR1E	CD3EAP	POP1	TTC4	NOL9	PDCD11	NUFIP1	LANCL2	TRMU	TSEN2	ACTR5	GCN1L1	ZNF202	PUS1	ANAPC1	PPAN	POLR1C	LAS1L	EXOSC10	BYSL	CC2D2B	WDR43	DHODH	GEMIN4	DDX31	NOP14	BNIP3L	WDR74	UTP20
185	1.0	NLE1	SARS2	TIMM44	PPRC1	QTRT1	THAP4	RRP12	PPP5C	KIAA0664	RNF126	PELP1	RRP1	TBL3	UBIAD1	ELAC2	CCDC94	THOP1	POLRMT	SSSCA1	SMYD5	ATAD3A	IPO4	DHX30	GRWD1	WDR46	RPAP1	NOL6	TRMT61A	GTF2H4	NOC4L	HSPBP1	DPH2	RRP9	RNF126P1	WBSCR16	DNAJC11	ARMC6	NOC2L	TMEM161A	DDX54	VARS	LETM1	DDX49	RRP7A	C20orf4	MYBBP1A
186	1.0	TTC12	RNF32	AGBL2	ANKMY1	WDR96	PACRG	CASC1	SRGAP3	CROCC	CCNO	CYP2C8	ZNF157	LRRC36	SLC26A4	NEK11	ULK4	ZBBX	ACSM1	C20orf195	IQCH	TP73	IFT140	SPAG6	NPHP4	TRAF3IP1	MAGIX	C14orf79	RBKS	C1orf114	RAB36	GPR172B	GPR162	SOX30	CDKL2	IQCA1	EFCAB1	LOC257152	C15orf34	LRP2BP	C10orf95	C9orf9	CCT6B	BAIAP3	SLC13A3	TSGA10	WDR78	FAM164C
187	1.0	PCDHA2	PCDHA3	PCDHA6	PCDHA5
188	1.0	HDLBP	GLB1	ARCN1	GORASP2	HEXA	ATOX1	ACBD3	YIF1A	RABAC1	SEC61A1	SEC13	RNF125	C19orf10	ZNHIT1	CREB3L2	SDF4	C15orf24	TXNDC15	ZCCHC2	ITFG1	MGAT2	MANF	CRELD2	MAGED1	SRPRB	SEC31A	TMEM30A	FKBP11	CNPY2	C20orf30	ALG5	TMED7	SSR1	RER1	PLOD3
189	1.0	TLN1	POLR2A	CBX4	PPP2R4	GPR137	PRRC2A	FZR1	ZBTB22	MINK1	DCAF15	ZNF282	TNK2	ERAL1	TADA3	MED15	TRAPPC9	GBF1	CIC	WIZ	SSBP3	SMARCD1	VAC14	MAPK8IP3	C19orf29	SUPT6H	OBFC2B	TAOK2	KDM5C	FKBP8	ZNF646	SMG6	MED16	CABIN1	MGRN1	PPP6R1	SCAMP4	USF2	ATN1	CNOT3	USP5	NCDN	SBF1	TBC1D10B	STRN4	CENPB	DCTN1	TAB1	TMEM222	SCAP	MIER2	IRF2BP1	SETD1A	PNPLA6	PRKACA	SUPT5H	TSC22D4	ZNF324B	CIZ1	VAMP2	RAB11B	RNF40	HSF1	RANBP3	SF3A2	GGA3	PIK3R2	BTBD2	MBD3	MYO9B	MED12	DNM2	CA5BP1	ZNF580	INPPL1	HCFC1	ANAPC2	ZC3H3	PKN1	DVL3	KCTD13	PRCC	FOXK2	MAP1S	GIT1	BAP1	RPRD2	CENPT	XAB2	CRTC1	SOLH
190	1.0	MED25	RFX1	RXRB	LRRC68	MAP2K7	MAPKAPK2	SEPT9	ATXN2L	UBTF	MAU2	PACS1	ARHGAP35	CPSF1	SAMD4B	MLL2	ZBTB7B	RERE	SOCS7	INTS1	PRICKLE3
191	1.0	RPS6KA1	KCNJ15	BATF	TRAF3IP2	ISG20	MFSD6	RLN2	KIAA0040	DGKA	ENDOD1	CD177	TNFSF13	ADAP1	PRDM1	ATP2A3	LRBA	PITPNC1	TTC9	NFE2L3	TMC6	LAMP3	ADAM28	STARD5	BCL11A	PSD4	NOD2	KHNYN	MS4A1	RNF19B	LY75	SYK	IL1R2	SLC15A2	ABCG1	PCMT1	FLVCR2	PPFIBP2	FAM102A	SEC23A	NR4A2	MYB	GNA15	ITGAE	SIDT1	IL24	GALNT6	P2RX4	CFD	ZC3H12A	DENND2D	NAAA	SEMA4A	MLLT11	PTPN18	KCNN4	CIDEB	SLC16A6	CISH	MCTP2	DTX4	DAPP1	COPS8	MGAT4A	STXBP2	NLRP2	TRIM14	RDX	GTF2H5	NIPAL2	B3GALT4	ACPP	MYL6B	S100A8	PRKCH	PADI2
192	1.0	RABEP1	ZNF81
193	1.0	KLHL29	MED13L	SPTLC3	POU5F1P4	FLJ10038	DCAF13	GOLGA4	SEC24D	LRCH1	PCBP2	PBRM1	ZMYM2	KIAA1654	FBXO42	PCDHGA10	PCNX	TAS2R10	RAD23B	NPC1	SLC35E2	CLTC	ZNF814	C9orf38	LOC100288594	SMA4	TRIM66	SCAI	FLJ38109	TNRC6B	CAMK1D	C21orf96	ZNF652	C11orf61	ZNF224	ZBTB20	ZNF551	CYSLTR1	UNKL	TMEM143	CDK13	SMYD2	UBR2	AQR	TMEM19	PCDHGA8	DND1	IBTK	LOC100127972	ZNF562	ZFAND6	HBS1L	TRA2A	SRSF11	TAF9B	HELZ	MLL	ADAMTSL4
194	1.0	SECISBP2L	PAR5	BICD1	LRRC37A4	ZNF124	SREK1IP1	FICD	MAP3K2	HERC4	ZNF117	QPCTL	SMEK1	WDR48	RCOR3	RAPGEF2	AKAP11	SCAND2	NCOA2	CSNK1G1	SMG1	MDM4	TEP1	CDK6	UBXN7	C14orf101	ZNF264	ETV3	GATAD1	PIK3CA	C1orf56	GMEB1	APC	ATXN3	RBM12B	MLLT10	GNL3L	EIF2C3	SLC16A7	RASA2	KIF3A	IL1A	ZNF669	TMF1	POLH	EIF4G2	MCM3AP-AS1	PRO2964	VPS13B	KAT6B	SLC44A1	PTCD2	ATF6	ZMYM5	STK24	TRMT2B	CDC14A	ALS2CR8	KLF12	ANKRD36	RNF19A	TOB2	RBBP5	NUMA1	KLHL24	ATP7A	KLHL20	ZBTB43	RUFY3
195	1.0	HSPB7	MYOZ3	SLC38A6	CKMT2	C9orf3	SLC11A2	CNOT7	SLC16A4	APPL2	DNAJB4	PPP2R3A	TACC2	ATP1A2	C11orf49	PTPRF	CA3	CAP2	TSPAN7	KAZN	SDC3	TUBA4A	PRKG2	PLCD1	CRYAB	SATB1	CASQ2	TSPAN5	MDK	B4GALT4	SMAGP	ART3	MBOAT2	CACNB3	LRRC2	PPP1R3C	IQCG	PSD3	CLEC11A	UBE2D2	DDAH2	SCN1B	HSPB8	ENSA	LEPRE1	HAP1	FILIP1L	C14orf45	FZD2	NXN	B3GALNT1	TNFRSF21	NR3C1	CAB39	GHR	PTK7	ARMCX1	FXYD1	NPDC1	THBS3	SGCG	MLF1	CAND2	PHKG1	LMCD1	RANBP17	SLC2A10	TMEM51	DOK5	FLNB	PPAP2A	SEMA4C	MN1	TBC1D16	RHOBTB1	CBS	PDLIM3	GPX3	CDC14B	SCARA3	CASK	SOBP	DBN1	RGS5	DIP2C	LZTFL1	TMSB15A	LIMCH1	HTR2B
196	1.0	MREG	SNTA1	SVIL	FXR1	CORO1B	COMMD3	ALDOC	PYGB	FLNC	UNC119B	CYB5R1	GAMT	MACROD1	KDM5B	ELOVL1	TPM2	CEP68	POR	SRGAP2	CALM2	NEDD4	RNF34	BSCL2	PTP4A1	CLIP2	RRAGD	LOC100129361	BHLHE41	GPD1L	PLA2G4C	MITF	GLB1L	PPP1R12B	G0S2	SLC35D2	TMEM2	DPY19L1	SYNM	IFT52	PFKM	USO1	TBC1D4	APOD	BIN1	CDC37	EEF1A2	GSTM1	TNNC2	TCEAL1	OSBPL1A	SIPA1L1	GNB5	SLC25A46	CBR1	GMPR	ZBTB16	MPZL1	OPTN	KIF3B	ECI2	PPP6C	ARL4A	RTN2	FTL	INPP5A	UBE2G1	HMG20B	HSPA2	HOMER1	SQLE	PTP4A3	FHL1	IDI1	PHYH	FAM164A	DEPTOR	AACS	EPS15	SYNE2	ABCA5	TRIP10	BNIP3	MYOM2	LRRC6	FHL3	AKAP1	RNF24	TMOD1	PKIA	SYNC	ENO3	PPP2R2A	PLA2G16	SH3GL1
197	1.0	PDE6C	LCAT
198	1.0	ABCD1	OR7A5
199	1.0	RFK	MLPH	ALDH18A1	TSTA3	GNE	MUDENG	MGST2	CLIP4	TTC19	SLMO2	SLC35A3	CIB1	SERINC5	NANS	MYO5A	CTNND1	CD46	XPNPEP1	ARHGAP10	CLCN3	BECN1	PRKD3	RNF103	PDXDC1	ARFGEF2	MAP7D3	DERA	ITM2C	SLC35A1	GALNT7	TMEM87A	ABCC1	SORD	CERS6	CLINT1	GOLM1	ACAA2	CHMP2B	RBM47	SERPINB6	TRIB1	SLC26A2	SMAP1	ASL	HSD17B4	CES2	SEL1L3	MVP	KRCC1	PROSC	SPG20	MLEC	C9orf82	ABCD3	SSFA2	TST	GDE1	ABHD3	DUSP7	SSH1	INPP1	HK2	CBX6	CYB5A	ADI1	OGFRL1	FRYL	WDR47	WDR91	ASS1	SEPHS2	SUCLG2	KLHL21	LY6E	GSTK1	CANT1	CD2AP
200	1.0	TJP2	KRT8	DHX32	TFF3	PON2	CASP7	CEACAM6	ETS2	GMDS	PLS1	PTPRK	BCL10	NTAN1	EXOC1	GPRC5A	GALNT3	KRT20	TFF1	DUSP14	FAT1	GFPT1	ECHDC3	UGDH	KLF5	CDH17	DSG2	PLSCR1	PARP4	FBXO34	FUCA1	CXADR	CLDN7	SLC12A2	C1orf106	MGLL	CAMK2N1	LGALS4	GOLPH3L	EPS8	CALML4	ETHE1
201	1.0	LBP	MAP1LC3C	TLL1	HIF3A	CCDC48	HS3ST2	PHYHIP	FABP3	CRHBP	CHST1	SEMA6D	CHIA	BCHE	APOB	WT1-AS	TSHZ2	SGCA	ADRB1	ANO2	EFHD1	RAPGEF3	GLYAT	CRTAC1	TBX4	PLP1	STARD8	ROS1	PDZRN4	SEMA6B	ADH1A	RARB	KCNIP2	FLT4	ARHGEF15	AVPR2	RGN	AVPR1A	ALDH1A2	MAPK10	KCNA5	TBX5	FGF16	C6	PHLDB1	PRL	PREX2	PTH1R	ITGA9	PDGFB	NOVA2	C8orf84	GSTM5	MTNR1B	ROBO4	PPP2CA	KLHL4	SNCG	PDE1B	NXPH3	LHCGR	BRS3	LIMS2	TACR2	ADAMTS8	LIPE	ACSS3	TCF15	KCNJ5	TSPAN8	PZP	KCNAB1	CSN1S1	ADAMTS9	CA4	VTN	REM1	ALPK3	CFHR2	HOXD1	ACAN	LAMC3	TNFSF18	CPB1	NPY5R	TPO	MYOC	COLEC11	AGTR2	CAPN11	NNAT	SLC7A10	PALM	SCN11A	ACR	HOXD9	LOC100131825	NDNF	CSN3	VIPR2
202	1.0	NRIP2	LMO3	PTGER3	ASPA	ACSM5	PRG4	TNMD	FHL5	NPR1	CILP	ADH1B	GDF10	ITIH5	PLA2G2A	ADAMTSL3	FMO2	KERA	PLIN1	TNXB	SCN7A	CTSG	WNT11	PLA2G5	PEG3	ADH1C	GUCY1A2	LEP	ADIPOQ	RERGL	HIGD1B	CMA1	THBS4	PGM5	FIGF
203	1.0	MAGEA6	MAGEA3
204	1.0	PLAT	TUFT1	ITGA2	IL13RA2	CGREF1	AKR1C2	C3orf52	HOXB6	ETV4	INSL4	S100A5	EPHA2	VSIG10	ALPP	EGFR	PSORS1C1	CST4	EMP2	SLC2A1	KAZALD1	NEDD4L	AKR1B10	CRABP2	AHNAK2	ANXA10	EFNB1	KANK1	GATA6	SCG5	ISL1	CXCL6	HBEGF	S100A14	ECM1	LRP5	LIF	NPAS2	HOXB7	SIM2	GPR39	HOXA4	IGFBP1	GSTA4	FZD5	GAL	MSLN	CYB561	ERBB2	NR2F1	PVRL3	HOXA7	ABCG2	MMP10	MOCOS	BMP2	GPR126	CXCL3	HOXA10	CST2	HOXA5	CREB3L1	AKR1C1	TPD52L1	HOXA2	ACOX2	HOXB8	WNT2B	TAF7L	HTR1D	PDE3A	DNMBP	RAB15	SMAD6	HOXB3	SDC1	PAQR5	CFB	CARD10	IGFBP2	HMGA2	PPL	CST1	EPHB2	NR1H3	SH2D4A	RHOD	ANKRD57	GALNT12	ABHD11	S100A2	PRUNE2	HOXA11	TINAGL1
205	1.0	TCF21	GIPC2	LAMA3	FOXF1	DOK4	STMN2	LRP4	WFDC1	ALDH3A1	HAPLN1	BMP4	AKR7A3	TNFSF15	CCDC68	STXBP6	LIPG	PLCE1	KCTD14	LAMB3	ASB9	MYRIP	SLCO1B3	WDR26	LGR5	TNNC1	PCSK1	VIP	PTPRR	SPP1	TNFRSF11B	CYP39A1	INSM1	SEMA3B	TPBG	PPARG	HYAL1	RPH3AL	PROSAPIP1	HOXB9	GRM8	SLC22A3	RBP4	SLC4A4	AGT	PTPRD	CIDEC	ATP7B	CCL11	CHRM3	TMC7	ANG	HOXB13	SULT1C2	C9orf125	PCK1	SORBS1	CAPN5	SYBU	MECOM	PROX1	HOXB5	VSNL1	FOXD2	SERPINA3
206	1.0	CDK9	GTF2F1	CHPF2	SMG9	CDK5	DEXI	GMPPA	MARK2	APEX2	BAK1	PMM2	TRIM62	PPP1CB	TNIP2	STYXL1	TATDN2	PTPN9	C9orf114	UNC119	VPS33B	BCL3	ARSA	BRMS1	MID1IP1	OGDH	EDEM2	PHF1	IKBKG	DGCR2	CHMP1A	RAB4B	TM9SF4	SIRT7	PEX16	C19orf28	PFKL	CARM1	ZFAND3	NUDT18	SPATA2L	TMEM104	SBNO2	MON1B	GMPPB	ABCA7	ABCC10	UNC93B1	PNPLA2	SLC10A3	UNC45A	DPP3	NAGPA	STARD3	VRK3	KCTD5	GALNS	DDRGK1	STK16	CYB561D2	LDB1	NADSYN1	BCL2L1	DAXX	TRABD	GBAP1	CD2BP2	C16orf57	HPS1	DPM2	WWP2	SLC35C2	TXLNA	BET1L	SH3BP1	ZNF710	ATF6B	HMOX2	SLC9A1	SLC12A9	MFSD5	DPAGT1	TMEM8A	GPR172A	UAP1L1	ORAI2	KLHL36	TMCO6	ZGPAT	ASB6	C7orf43	FHOD1	MPV17	SAP30L	MFSD10
207	1.0	CINP	ZSCAN5A	MTCP1NB	NUBP1	SDHAF1	FARS2	FAM158A	ABCB7	FAHD2A	BOLA1	SLC27A5	NTHL1	DCAF11	ASXL2	COX15	ELP4	GSTZ1	MCAT	ECSIT	FASTKD5	CPT2	MRPL46	MAVS	PIGH	PDSS2	IVD	ENDOG	NUDT13	PNPO	NUDT2	RPP38	MMACHC	AFG3L2	NCKIPSD	PEX7	TACO1	TARS2	C7orf49	BRE	PET112	SCLY	PPIP5K1	AKIP1	SLC25A38	ISOC2	MPI	ANKRD40	SMUG1	TMEM186	C12orf52	TSSC1	GCDH	MRPS18A	SIRT5	RMND5B	OXSM	NFS1	RWDD2B	NUDT6	PAAF1	OBFC1	CAMKMT	C2orf27A	DBP	SRRD	MLYCD	DYRK4	BCAT2	DHRS7B	MIPEP	FECH	LMAN2L	BCKDHA	PXMP4	NR2F6	DDX3X	MOCS2	TMEM177	ACSF2	ASCC1	MECR	LARS2	AVEN
208	1.0	COL4A3	LOC100287483
209	1.0	KCNK15	GLRA3	GREB1L	SCGB2A2	ERBB4	FOXI1	CYP2B7P1	CALCR	AR	ESR1	GFRA1	DIO1	ADAM2	GPR143	CACNG4	LRP2	ALB	KRT5	GP2	PTPRT	CHRD	CLSTN2	HDAC11	PAX2	CHAD	CLDN9	GNG13	TFAP2B	GRP	PROM1	THNSL2	ETNK2	PGR	BMPR1B	SERHL2	INPP5J	RAB26	CYP4F8	PART1	ZMYND10	FOXJ1	HOXC11	BCAM	DHRS2	CYP26A1	C6orf97	S100A1	LMX1B	TDRD1	HPN	PRLR	SCGB1D2	KRT14	ENPP1	SERPINA5	AZGP1P1	RET	DSCR6	ODC1	CLUL1	KCNJ3	HPX
210	1.0	POU2F3	MSX2	TSPAN1	GABRP	TRPV4	HOXC13	KRT81	SUSD4	UPK2	TH	ATP6V1B1	CLDN8	ANXA9	VTCN1	CLDN3	EDN2	PRR15L	OTOR	TRPV6	IRX5	CEACAM5	PARD6B	SLC44A4	ALDH3B2	SLC34A2	KRT83	ABCA4	MB	ATP6V0A4	MSMB	MUC16	FXYD3	ELF5	LYPD3	DTNB	ZNF750	CARD14	CYP4B1	CRABP1	PTPRU	PP14571	EPB41L4B	AQP5
211	1.0	TAZ	UBE2O	RANBP10	CDK3	ZNF276	CHD8	UCKL1	ZXDC	AGER	LRRC14	PPIL2	TRRAP	TAF1C	DGCR8	HPS4	DHX35	PI4KA	C21orf2	BRF1	RAD54L2	DFFB	AKAP8	AZI1	SETDB1	KRI1	INPP5E	C1orf35	ZBTB40	ZNF324	USP19	PRKRIP1	PIDD	NOL12	PIAS4	CCDC130	TTC31	ZNF76	TSC2	RBM19	RECQL5	CCDC57	NAT9	KIAA0415	SFI1	EHMT2	POLG	ZNF783	VPS16	ZBTB48	FAM193B	MMS19	ERCC3	DEPDC5	CUL9	BRPF1	ZNF335	MDC1	FAM193A	SNAPC4	HTT	ZNF142
212	1.0	ARFGAP1	DDX51	XRCC1	SYMPK	STK11	DHX16	RBM10	RTEL1	TOP3B	TELO2	SH2B1	COPS7B	MUS81	EDC4	SENP3	AXIN1	MEN1	BRD9	CDK10	CTDP1	SAFB2	GLTSCR1	PPP6R3	RNF220	BAHD1	TRMT2A	ACIN1	POLM	E4F1	C17orf70	C2CD2L	DOM3Z	MLL4	RAD9A	CEP164	NFRKB	ARHGAP33	CLASRP	TJAP1	AAAS	SZT2	ATG4B	USP20	SMG5	MADD	RNF31	APBA3	DHX38	TMEM39B	MED22	ZNF446	RHOT2	GMEB2	PHKG2	C7orf26
213	1.0	TMCO3	USP29
214	1.0	GLMN	C1orf109	BRIX1	TTF2	SMEK2	TBCCD1	HAUS6	TAF1B	MTERF	POLR3F	KIN	RINT1	ZNF639	FIP1L1	CLPX	WRN	DBR1	CHUK	MED4	C11orf30	MAGOHB	TTI1	RSF1	ZNF184	COPA	CUL2	GEMIN2	TAAR3	C11orf73	IREB2	NACA2	CSTF1	TGS1	INTS7	PDE12	ORC5	PRMT3	TOPORS	DNAAF2	CDKN2AIP	CBLL1	HNRNPA3P1	AHCTF1	FAM204A	SPAST	CENPQ	KIAA1704	TAF1A	YEATS4	C4orf43	CXorf56	MBIP	NOL10
215	1.0	C17orf75	ZFP64	CCDC91	C17orf42	DTWD1	KRIT1	MSH3	RMND1	CRIPT	RCBTB1	C5orf44	POT1	RNF170	BBS10	MED7	NFYB	C14orf135	ZNF623	RWDD3	NUBPL	AP1AR	NUPL2	RRP15	C5orf28	ZBTB6	SEC22A	PIBF1	RPL23AP7	C2orf56	SNX16	APPL1	METTL18	ICK	SLC25A16	C12orf29	ACN9	NARG2	GTF2F2	COG5	IFT74	PHF14	SNAPC3	LRIF1	ETAA1	NEK4	MTO1	DIEXF	BRCC3	OPA1	DUS4L	PARG	PLA2G12A	ZNF180	MANEA	ZNF250	BLZF1	ANAPC10	ZNF7	ZCCHC10	Morf4L1	JRKL	CDC73	CDK8	THAP1	PAQR3
216	1.0	NFYA	TOR1AIP1	LATS1	ANKFY1	GPD2	ZNF780B	CHM	KCTD20	ZNF343	STRN	GNA13	LNPEP	GTF2I	EXOC5	PHTF2	FAM108B1	ZC3H11A	ZNF192	MTMR12	METTL16	ZNF460	FBXO38	MAX	FBXW11	NUP50	ADAM10	FOXN2	HIPK3	ZFR	ZKSCAN1	KLHL11	C10orf28	RB1	CHP	SP1	ZNF480	NCOR2	TOX4	IPO8	PPP4R2	TGFBR1	XPO7	PTPN11	CCDC6	CCDC82	RBBP9	EIF4EBP2	EPB41	ARIH1	SLC39A9	SP4	GABPA	ZNF484	C10orf118	ZNF407	RYK	TGOLN2	FRS2	API5	TNFRSF10B	C14orf118	MBTPS2	PIP5K1A	ZBTB33	ATF2	SOS2	IKZF5	SCYL2	C18orf25	SNX13	KIAA0494	SNAP23	TSC22D2	ZXDB	CUL4B	AFF4	MBNL2	CRKL	AP4E1	DCTN4	LMAN1	ARNT	XIAP	UBA6
217	1.0	B4GALT1	RAB5A	PRPF6	HS6ST1	LARP4B	POLDIP3	TBC1D22B	SLC7A1	RAPGEF1	EDC3	KIAA1310	NUP188	TRIM25	ATF7	AKT2	GLYR1	LMTK2	AGPAT3	RAB35	PDPR	EHMT1	C19orf6	MCM3AP
218	1.0	GABARAP	LAPTM4A
219	1.0	UBE2H	IDS	MYCBP	DDX24	MFF	LANCL1	PML	KLHL9	TSPYL4	AP1S1	BMI1	PSENEN	SLC25A36	KLC1	NRIP1	FTO	DDB2	CLP1	PLD1	AGA	SERPINB8	IGBP1	DPP8	RAB8B	ARHGEF7	AGFG1	C1GALT1	GALNT10	PCK2	MICB	PPP2R1B	FAF2	MOAP1	QKI	ELF4	OSBP	ACOX3	MED13	SLC31A1	NIPSNAP1	MARCH6	MFHAS1	FBXO21	USP11	PIK3R1	ADD1	ENC1	SRD5A1	KLHDC2	PGLS	WWP1	SLC39A8	VEZF1	PREPL	DAG1	PLA2G4A	KIDINS220	HPS5	SPTAN1	GADD45B	SOX4	RRBP1	MACF1	NAT1	ZNF91	SGPP1	IK	RABGAP1	LRRC47	ELL2	CHTOP
220	1.0	AKIRIN1	PNP	MOSPD2	ETFDH	TTPAL	TRIM27	RIPK2	WIPF2	PRRC1	TBC1D5	C14orf169	PIGB	SPTLC2	KIAA0564	SLC33A1	CASP6	PIGP	KIAA1109	RHOA	C2orf43	LTN1	CUL5	MSRB2	AKAP9	PPIP5K2	BAX	TECR	MANBA	FOXJ3	ATP5L	RAP1GDS1	RAD23A	ARFGEF1	CLN5	STUB1	ISG20L2	MEF2A	GTF2E2	NPEPPS	TTC37	PAPD7	SLC35A5	DCUN1D1	SLC30A9	MAP4	NR1D2	EML4	RPS6KA3	TP53	ARPP19	TBL1X	PCM1	HSDL2	HS2ST1	TRIM5	ZBED1	USP6NL	PRKX	APOO	SNAPC5	POTEKP	RP2	UBR4	USP9X	MINPP1	PTPRA	HSD17B7	G6PD	ZMYM6	UFL1	CDK19	BIN3	ASB8	AMMECR1	NDUFAF1	ADNP2	TOR1A	PHF20	ATF1	SMARCA2	DNAJC10	LARS	QDPR	BMP2K	USP24
221	1.0	PDCL	FADD	GSR	THG1L	DYNC1H1	XRCC4	NXT2	GMCL1	TGDS	STRN3	APTX	CCDC132	ARFIP1	ZNF8	UMPS	PDE6D	SRD5A3	ACADVL	MCMBP	QTRTD1	VPS41	IP6K2	LOC100506935	PIGA	ATR	CNOT6	IRAK4	FIS1	FBXL14	RPP14	IDE	ZNF200	SS18	FANCF	DCAF7	SLC25A17	DHX8	PPCS	SRBD1	ZNF557	ETNK1	INVS	POGLUT1	MED8	KLF10	ZNF468	CYP20A1	PIGV	RPE	MCM9
222	1.0	RABIF	STX6	OBFC2A	ABHD2	SLC6A6	C12orf49	PDK1	ERO1L	CDS2	RAB3GAP1	SLC12A6	MAP3K1	TM2D1	RIPK1	PAFAH1B1	PURA	ENTPD7	TET3	CTBP1	STAT2	COPG	ERMAP	AP3B1	TRIP4	KLHDC10	ATG7	ADAM17	GDAP2	MAPK1IP1L	PRKAG2	ROD1	NECAP1	VCPIP1	KIAA0317	RNASEL	TMOD3	ZMYND11	AKAP10	CPT1A	AVL9	ALDH9A1	LDLR	CIRBP	SFT2D2	WNK1	SLC36A1	C11orf2	ZAK	APH1B	TTC3	PTPRJ	ATP11A	ID2B	ARSB	PDLIM5	GCC1	BRAF	DGCR11	PEBP1	TTLL4	DCTN5	UGGT1	PCYT1A	UEVLD	ATXN7L3B	CAMLG	NAB1	NSUN3	CAMKK2	RNFT1	ARNTL	ARL15	TRAF6	ITCH	TLK1	ST13	GK3P	APAF1	SAR1A	TMEM33	STAM2	USP22	LOC399491	KPNA1
223	1.0	TUBA3D	DKFZP434C153	GDF9	MTNR1A	YY2	TCTN2	CNPY4	RGSL1	WDR4	ALX4	LOC100131510	KCNJ14	FBRS	SCUBE3	ZNF747	FOLR1	FGF22	TSPAN32	GPR75	ASH1L	CRCP	MLN	C10orf68	PPEF2	MED31	COX10	ALDOAP2	C17orf85	PHLPP2	KLHL35	PPP2R5D	TTC18	HCG4B	PGK2	TBXA2R	LGALS13	TBC1D2B	ADM2	ZSWIM1	OR7E87P	GNB3	SNX15	PLA2G6	NEU3	C14orf56	MEFV	ZW10	LOC729164	SLC30A5	FAM53B	PIGL	HS3ST3B1	SPTBN5	ELK1	ERN1	PHF8	HLA-F-AS1	GTPBP3	INE1	DSTNP2	GPATCH4	FAM203A	ERCC4	SLC4A5	MTMR10	TAF1	MRPL44	RPS3A	CWC25	RSPH6A	FRMD1	C8orf60	UMOD	PHOX2A	HIST1H4G	IFNA21	TFAP4	ZNF816	RPL10L	C9orf86
224	1.0	TUBGCP2	PCDHGA9	CT62	ZNF771	LOC100129648	GRIN2D	TFDP3	ATP8B2	GKN1	ST8SIA2	HTR7	ZNF205	DOT1L	GTPBP1	ANP32C	GNL1	HABP4	DKKL1	FOXL1	SLC6A3	C9orf53	MORN1	C22orf26	DNAJC4	MAFK	ROM1	GPR25	PCDHGA11	CELA2A	CPNE7	SHH	LRRC3	TLE6	POMT2	CATSPERG	APBA1	ZIC4	MAP3K10	MTHFR	ADAMTS6	LOC100506571	ESPN	PEAK1	FSCN2	EGR4	C22orf43	PAX7	LOC79999	CCDC87	C19orf73	PNMA3	INSL6	CRADD	ZNF259P1	MTSS1L	RFX2	KRTAP5-9	HTR7P1	NPPC	IQSEC2	P2RX2	FLJ20712
225	1.0	PCDH1	PAX8	VAMP7	CCDC64	TMEM159	SOX2	TCHH	P2RY1	TM7SF2	C19orf57	TAF7	FER1L4	BMP7	IPPK	CYP11A1	RCAN1	PLCB3	SAA4	PLD2	TMED5	PMEL	ZBTB7C	NSUN7	ALPPL2	SPTBN2	CYP27B1	PHEX	IL1RL1	CLDN16	PLAC1	EPHB6	DIO3	WNT7A	PRSS3	EPB41L4A	GLS2	ITPKC	CYP1A1	PTP4A2	PGAP2	HCG4	LGALSL	DNAAF1	CCNA1	CDK18	N4BP3	RALGPS1	AHCYL2	GAN	MAP3K9	BIRC2	GPR157	CYP2E1	PPFIA3	FBXO2	TMEM134	CNGB1	KRT8P12	RIMS3	STRA6	EIF1B	ANKRD2	C11orf80	SLC6A9	CCK	ITGB8	EFNA3	GUCY1B2	PLXNB1	ALOX12P2	DLX4	PPP1R13B	HSD17B3	PDE9A	C20orf46	KREMEN2	PRODH	HOMER2	CHST4	A4GALT	SLC14A2	HR	NXPH4	ZNF219
226	1.0	MAPKBP1	SLC25A21	TJP1	VOPP1	ATRN	AUH	SORT1	NEK7	ABCC5	CAT	MLLT4	PSEN2	ACVR2A	FAM206A	ARG2	RAP1A	LRP6	PCSK6	MCF2L	ZNF204P	CTNNBIP1	DBNDD1	DOCK9	CNNM2	AVPI1	EPB41L1	NMB	TACC1	CHKA	ARL6IP5	PCYOX1	KIF1B	RAB40B	IER5	NR6A1	GLRX	PHLPP1	OPN1SW	A2M	PHKA1	MANSC1	MPST	DHRS11	EPAS1	PPP4R4	DNAJC6	SPTBN1	ABHD6	GLUD2	TRIP12	TNNT1	CD74	GLCE	MICU1	CA8	ARVCF	PTPLA	ERLIN2	SUOX	MAP4K3	SLC22A5	ALAD	ZMIZ1	TRIM36	PALLD	TRPM4	HIST3H2A	ELK3	WFS1	OR2F1	SLC2A8	SLC7A2	SCML2	EXOC6B	ZFYVE9	KIAA0649	ACP6	JAK1	UBE2D3	ABCB6	ROCK1	IFI30	LRP3	TGFBR2	ERBB2IP
227	1.0	COCH	RFX3	FBXO46	DGKD	UBE2A	ZFAND5	PIK3CB	ANKRD36BP2	ALDH6A1	GNG10	SMYD3	ACTA2	KCNMB3	ZBTB5	SNX3	DNMT3A	ATP6V1E1	GALNT1	TNPO1	SYCP2	WWOX	GALT	NFE2L2	MT1X	STX17	LINC00328	FTH1	MGMT	ZNF33B	ADAM9	C11orf71	ZSCAN16	LIN28A	TCF12	TMEM183A	C5	FHIT	MCCC1	GNMT	PRDM2	ACVR2B	PRKAR1A	PMS2P3	PCYOX1L	PARN	ZNF212	POU5F1B	TFR2	TDRKH	SH3GLB1	RHOC	LOC100129973	FAM169A	IQGAP1	NIT1	HESX1	PHKA2	CA5B	MAN2A2	AFF3	VTI1B	AMH	NEIL1	ABLIM1	CNNM3	TESK2	SYNGR3	NT5M	PTPN4	DPY19L1P1	E2F5	GCNT2	TTC17	MT1P2	CERS4	PDE6B	TMBIM1	CAST	REC8	PRUNE	PAQR6	MT2A	CXorf57	PMS2P1	PGAP1	H2AFJ	YPEL1	LTK	SNX27
228	1.0	IGSF9B	NXF2	KCNK12	BZRAP1	CD1B	CXXC4	CSH1	HAMP	DYNLT1	ZFR2	RAG2	AFF2	EMID1	ACSBG1	TMEM59	MAGEC3	GH2	KHDRBS2	CD63	TECTA	ADAM29	TSHR	GFRA4	NPTN	LGALS3	MC3R	NDST3	WNT6	RAC1	CACNA1A	TPSD1	MKRN3	BCL2L10	RAG1	SOX14	GRIK4	CSHL1	BMP8A	IGLL1	TRIM46	CSH2	TDRD12	DNAH7	CD5L	MORC1	PLS3	SIX6	TCL1B	CCL1	STAR	MPZ
229	1.0	DGKZ	SH2B2	RALGDS	HLA-DQB2	LTC4S	KLRF1	VCL	SERPINB2	P2RX5	CRLF2	SARS	NELL2	CD1E	C5orf15	PTS	CTNNAL1	IGHG1	FAM46C	MERTK	KCNMB1	HBD	IL6	INSR	CH25H	KLF8	GATM	NAGA	NRGN	PSMB5	NXF3	PLAU	DUSP2	SH3D21	FCGBP	NR4A3	PRG2	MMP11	PSMD10	MAL	TWF1	CHI3L2	IL6R	RASGRP2	ST6GAL1	PMFBP1	FCGRT	AKAP13	PHLDA2	TXNRD1	NOD1	IGKC	CCL7	DMXL2	STAT5B	CD1C	SLC38A1	NR4A1	CYFIP2	RNASE2	SERPINB9	FOSB	CD1D
230	1.0	FMR1	CRISPLD2	RXRA	PJA2	CHFR	PSMF1	ATP11B	TNIP1	BAZ2B	ARPC4	IRF9	IL1B	MAPK14	IFRD1	FAM8A1	IL4R	CTBS	MAP3K5	MAPK1	ZNF217	VPS4B	HIPK1	TM2D3	RYBP	ASAP1	BAZ1A	PPP2R3C	PYGL	N4BP1	FOXO3	FBXW2	MBOAT7	PELI1	CHPT1	NUMB	PTEN	WASF2	LPGAT1	PGS1	FAM134A	SLC25A37	PHC2	SPOP	JHDM1D	CPD	TMX4	LYST	BACH1	NAPA	PPP4R1	PLCG2	MARCH8	MXI1	B4GALT5	NSFL1C	DYSF	STXBP3	DNPEP	CASP8	RNF10	S100P	MEGF9	TANK	PIP4K2A	NQO2	TNFRSF10C	TMEM127	PPP1R12A	ANPEP	KCNJ2	SLC31A2	CCNG2	PFKFB3	RCOR1	YY1AP1	QPCT
231	1.0	LPIN2	ZFP106	NT5C2	MAP7D1	BLOC1S1	ASCC3	PPP3CA	KBTBD2	RAF1	TSNAX	CALCOCO2	NRD1	UBE2B	RB1CC1	UBE2D1	FOXN3	LPCAT1	ACSL1	PAIP1	BAG1	MAPKAPK3	BID	C14orf159	KIAA0232	PPM1A	IMPA2
232	1.0	FTH1P5	CCPG1
233	1.0	DPH5	OS9	FAM188A	MRS2	CLCC1	EIF4G3	STAU2	PYROXD1	LACTB2	WDR44	MTM1	MAP2K1	HIBCH	FBXL4	C4orf41	TFB1M	MLF2	CALR	BRD2	YIPF6	SIRT1	CDC37L1	UHRF1BP1L	BAG5	WIPI2	ARHGAP12	ZNF189	WDR45L	ACTN4	RCHY1	DNAJC13	TMEM184C	FBXO7	AZI2	GGA1	VPS54	C6orf120	GDI1	SMAD4	RAB14	TTC33	CRNKL1	KIF16B	BPGM	PIGF	STK38L	ATMIN	TMEM168	SYNJ2BP	FAM63B	GGPS1	ZC3H13	ACADSB	GLG1	DENND4C	TRIM13	ARF6	WAC	RANBP6	ATP6AP1	DNAJC24	FPGT	OXR1	RNF14	DYNC1LI1	RAB3GAP2	KDM6A	BRD4	PLXNB2	TMEM5	IMPACT	TCF25	ORC4	MOSPD1	INSIG2	PIGN	C9orf46	FAM168B	UTP14C	GNB2
234	1.0	C6orf64	RABL5	GEMIN8	POLI	HHAT	DFNB31	SLC24A1	HLCS	CCDC121	BPHL	PEX11A	CDKL3	TTLL1	TRIM68	HHLA3	CLUAP1	KIAA1107	CEP41	PHTF1	DYNC2LI1	CAB39L	C5orf42	FAM90A1	IFT122	DPY19L2P2	AP3M2	ACTR3B	TIGD6	BBS4	AGBL3	RWDD2A	LINC00094	THNSL1	FAM172A	FGFR1OP	SLC35E3	PMS2P4	B9D1	TCFL5	TTC26	RPGRIP1L	SLC4A8	GAS8	AHI1	TP53BP1	WDR5B	ARHGEF9	ZCWPW1	DNAL4	MKS1	EFCAB2	COG7	SRR	TTC30A	C2CD3	KDM4D	DZANK1	ZNF391	TBC1D19	BBS9	CEP70	KIAA0753	MAGEF1	ZNF214	C5orf54	RNFT2	SPATA7	IFT81	GPATCH2	SLC25A14	WDR60	MGC2752	WDR73	CDKL1	ABI2	THADA
235	1.0	ARMC9	C11orf63	IFT88	IQCK	CEP112	FAM168A	FBXL2	LRRC48	GRK4	NINL	EXD2	MOK	ZNF239	CBY1	NBEA	SH3BGR	WDR19	NME5	IFT46	ZNF32	DNALI1	C7orf63	CLGN	TULP3	MAP9	ISYNA1	TCTN1	CABYR	C9orf116	KIAA0895	TMEM231	THAP10	ASTN2	DYNC2H1	SALL2	CDK20	LRRC49	BHLHB9	ZNF415	EFHC1	LINC00472	ZFP112	SPATA6	ZFP37	KBTBD10	PBLD	RAB8A	NME7	ZNF334	MAGI2
236	1.0	BEGAIN	FUT9	PPM1E	SLC1A2	B3GAT1	PDIA2	CITED1	DLL3	ADAM11	RUNDC3A	RGS11	NCAM2	FGF12	SIX3	DIRAS2	TUBB4	MAPK8IP2	FXYD7	DSCAM	MSI1	SLC17A7	MAPK8IP1	ADD2	PCDHA9	CHRNA3	KCNJ4	STMN3	NOS1AP	ANXA11	NPAS3	ARC	KLHDC8A	ATP1B2	SCAMP5	ABCC8	GPR37L1	SLC4A3	RND2	GABRB3	GNAZ	DPF1	PCDH8	SLC30A3	KIF1A	RASL10A	HPCAL4	DOCK3	DOC2A	UGP2	CHST8	ARHGDIG
237	1.0	PCSK1N	CACNA1H	RAB3A	CNTNAP2	PCDHB11	PCDHB3	CIB2	ELOVL2	VAX2	BAI2	FAM184A	MBD2	LOC283683	RHBDL1	PODXL2	MBNL1	RAB6B	NKAIN1	COPG2IT1	ARHGEF26	OGDHL	PPEF1	ASPHD1	LHX2	MAGI1	PCDHB12	COL2A1	HLA-B	SEZ6L2	PCLO	HERPUD1	FLJ22184	KIF5C	ABCA3	PPP1R9A	EFNB3	NPTXR	C6orf124	CTNND2	C1QL1	MPP2	APLP1	CA11	NRTN	CSPG5	PCDHB8	FAM155B	PTPRS	RAC3	LPHN1	PCDHB6	CACNA2D2	GYG2	MPPED2	ACCN2	KIAA1467	KCNH2	CAMTA1	GREB1	CADM4	ADCY1	LRRN2	ATP8A2	L1CAM	SYT1	RPRM	GNG4	CELSR3
238	1.0	AIDA	PLOD2	PKIG	RAB32	ARID5B	HEBP1	P4HA1	P4HA2	GOLT1B	NME4	NT5E	MAGED2	RRAS	EMP3	RRAS2	PLOD1	DENND1B	EXT1	ADM	RPS6KA5	SCRN1	YIPF5	ITGA5	TMEM45A	PKD2	PDLIM2	CYP1B1	FAM46A	TRIOBP	LAMC1	NUCB2	CD151	ARL1	KANK2	CDKN1A	RASA1	CA2	QSOX1	SEPT11	TIPARP	SIK1	C5orf13	CITED2	EXT2	C18orf10	CRIM1	TNS3	SERPINE2	GLT8D1	VGLL4	PNMA1	TRAM2	ARL3	SERPINH1	TMEM43	TNFRSF12A	DSE	EAF2	PDIA5	CNN3	DAP	ID3	ZMAT3	PLSCR3
239	1.0	PLIN2	RMND5A	LAMP1	LAMP2	CKAP4	MT1H	ALCAM	YWHAH	PER2	DRAP1	UAP1	LIMS1	CAV1	TPM4	EPHX2	HSD17B8	ALDH5A1	MARCKS	INADL	C3orf37	PEA15	COG2	LRRC8B	FOXO1	SLC20A1	FZD3	TASP1	RIC8A	RND3	GNS	CHD7	CEP170	SFMBT1	VKORC1	RBMS1	RNH1	ENPP4	CTSA	VAT1	RSU1	ITGB1BP1	MYH9	ENOSF1	LIMA1	PLIN3	CLIC4	MPRIP	CETN2	PRCP	FHL2	SMURF2	PTER	GADD45A	TRAPPC6A	FLNA	GALNT2	CHSY1	C6orf130	DCTN2	LMNA	ZNF395	RRAGC	MCFD2	RCN1	CTSL1	FAM127A	ARAP2	CD44	MT1G	REV3L	RALA	GYG1	ILK	PAIP2B	FNDC3B	MT1E	DEGS1	PRNP	TMEM165	CSRP1	GNG12	SYT17	MT1F	TUBB2A	TAX1BP3	ACTN1	MYLIP	CORO1C	BDH1	CALU	CD99	ZDHHC11	SLC39A14	MAP1LC3B	PIK3C2B
240	1.0	FBP1	TSPAN14	CRISP3	ANXA6	RAB27B	OSBPL10	STEAP4	CLIC3	REPS2	SSH3	SLC22A18	ABAT	ABCC3	DSC2	LTB4R	DHRS1	ABP1	CCL20	PLEK2	P2RY2	SLC16A5	IL18	ST6GALNAC2	SGPL1	BTBD1	INPP4B	VPS37B	TGFA	KLF3	SLC18A2	SLC12A7	CDA	PDZK1IP1	TMEM144	RYR1	HPSE	OSBPL9	DOPEY2	EREG	ADORA2B	FAM134B	ZNF185	MICAL2	NDRG2	ANKS1A	ADH5	GPR56	VDR	MXD1	RAP1GAP2	FRMD4B	PGM1	FAM63A	BCR	ARMCX6	CEACAM1	AGPAT2	CEBPA	SYTL2	F2RL1	PABPC4	OTUB2	ANK3	RWDD1	SLC27A3	VAV3	IL1RN	ARHGAP32	RAB20	THBS1	SIGIRR	CBX1	HPGD	GRAMD4	PRR5	FAM98A	RABGAP1L	AREG	RCAN3	BCL11B	CXCL1	AKR1B1	MOSC1	SLC2A9	PRSS21	KIAA1598	BLNK	GCNT1	SULT1A2
241	1.0	SPAG1	MTL5	GDPD3	ARSD	C10orf57	CORO2A	PGAP3	SLC37A1	FEZ2	JMJD7	EID1	MYCL1	DTX2	GRAMD1C	LIMK2	OVOL1	DPYSL2	ANKRD5	RASSF7	ITPR3	KRT23	HS3ST1	PRKCZ	ZNF552	KRT19P2	LPAR2	PIP4K2C	SH2D3A	UROD	GCHFR	OSBPL2	LSR	SLC39A4	GBE1	SLC29A3	BIK	PRRG4	VIPR1	EFNA4	AP1G2	ZDHHC13	F11R	HIP1R
242	1.0	LAMB2	NRP1	TWIST1	CADM1	LRRC17	PCDH7	SLC1A3	FZD6	ID4	STC1	COPZ2	TGFB3	DIXDC1	PDGFRL	TCF7L1	CYP26B1	PTHLH	PCOLCE2	TFPI2	FZD7	GULP1	TBX3	DIO2	SELENBP1	TFPI	CDH13	TUSC3	MFGE8	UNC5B	COL6A1	GPRC5B	WISP2	SCUBE2	FMO3	FARP1	IRS1	GPC4	IGFBP5	CFH	ASAP3	MMP13	CCRL1	GLI3	CHN1	EFNB2	AOX1	BICC1	TENC1	EFS	HYAL2	NDUFA4L2	NOTCH3	PLSCR4	MATN3	FLRT2	SORBS2	ADRA2A	OLFML2A	FAM171A1	SOCS5	F3	GNAI1	SRPX2	FZD4	DFNA5	FST	EGFL7	FOXF2	PTPRM	PODXL	NUAK1	RPS6KA2	MT1M	DIRAS3	PDPN	VEGFC	OSR2	PLA2R1	ST5	LPHN2	DLC1
243	1.0	PRKCDBP	MYO5C	KDELR3	RBPMS	PARVA	C10orf116	LTBP1	HES1	PLK2	MALL	WNT5A	CCND1	WWTR1	HOXC6	STEAP1	MID1	CRIP2	LPAR1	MUC1	BDKRB2	RBFOX2	LGR4	SORL1	LEPREL1	PAPSS2	MMP1	SH3BP4	EHD2	PROCR	FOXD1	PPIC	CA12	RETSAT	NR2F2	PTK2	MEIS2	BACE2	DLG5	MAST4	CCDC165	GABRE	TSPAN4	MORC4	ENAH	MAP1B	NFIB	HSPG2	PALMD	STC2	PMEPA1	PBX1	MATN2
244	1.0	MAP2	SNX7	TF	GPC3	PDE8B	SEMA3E	NRCAM	COL21A1	GPM6B	CNTN1	HLF	NPY1R	PGBD5	NGFR	PPP1R1A	CX3CL1	GNA14	REEP1	TRIL	GNAL	DKK1	SNCAIP	GPR64	RASL11B	FAM189A2	TRIM2	OLFM1	ST6GALNAC5	CRLF1	HRASLS	FGF13	CP	RAPGEF4	SYNDIG1	HEY2	MARK1	SLC27A6	NPTX2	ANKRD6	RUNDC3B	CAPN6
245	1.0	VWA1	PLCB4	MCC	TLE2	CAV2	MMP28	KCNS3	BEAN1	RBP1	NEO1	MCOLN3	MID2	GPR153	SLC7A8	MAOB	DLX5	RAB25	PDZD2	COL4A6	SULT1E1	LAMA5	RNF128	VLDLR	EFNA1	FERMT1	TOM1L1	H2AFY2	DOCK6	PTPN13	MAOA	EGFL6	PRSS12	GRB14	ANO1	PLXNA2	NYNRIN	TEAD3	CELSR2	FLRT3	FOXL2	FAM59A	COL4A5	EFNA5	KRT7	FLJ11235	MDFI	RASSF9	EYA2	TMEM176B	INHBB	JAG2	SHROOM2	FOXC1	CADPS2	PITX1	CALB2	ARHGAP29	MTUS1	SEMA3F	C1orf115
246	1.0	EWSR1	KHDRBS1	RAD21	SRSF3	SLC17A5	SRRM1	RBBP4	EIF3A	ENOPH1	CTR9	NOLC1	TIAL1	MAT2A	SRRT	POLR2B	YTHDF2	TSN	ANP32E	HNRNPD	RRP1B	LBR	SMNDC1	HNRNPH3	PAPOLA	MAN2B2	U2SURP	AASDHPPT	H2AFV	SRSF1	ABHD4	RNF138	MYC	FAM60A	XRCC5	TCERG1	HNRNPR	ZNF146	POLR1D	SNRNP200	RSL1D1	PSIP1	SNRPA1	DENR	ADNP	TMX1	SUZ12	KIAA1539	LSM14A	UBE2N	TK2	NAP1L1	HNRNPA1	BSDC1	UBC	CAPRIN1	SFPQ	CNOT1	FAM35A	ANO10	PNN	SRSF4	HMGB2	COX11	CBFB	HNRNPU	EIF2S3	SNW1	ANP32A	PRPF40A	PPP2R5E
247	1.0	LDHA	POU3F4	GFAP
248	1.0	XYLT2	SPHK2	ZDHHC24	IPO13	C16orf58	C19orf24	SLC35A2	B3GAT3	SNAPC2	DOLK	LRFN4	RHBDD3	SLC4A2	PITPNM1	FBXL6	TARBP2	RPS6KB2	DALRD3	ILVBL	RABEP2	WDR55	HPS6	HMGXB3	PCYT2	RANGAP1	MOSPD3	MTG1	FASTK	INTS5	RBM15B	ARMC7	UPF1	CLCN7	ABCB8	RNPEPL1	AMDHD2	MAN1B1	TEX264	FAM86C1	YIPF2	OGFOD2	AP1B1	OGFR	INO80B	C1orf159	FAM86B1	RCE1	CNPPD1	SHPK	FBXL8	ENTPD6	TRAF2	PRR7	NELF	COQ4	SGSM3	SLC25A22	CLN6	FAM3A	ABCB9	NAGLU	YTHDF3	MARCH7	ARAF	LIMS3	ALG12	PNKP	B4GALT7	MAP3K11	EML3	TPRA1	VAV2	FPGS	ATP13A2	CC2D1A	SKIV2L	CDK16	PIGQ	ERF	PIGO	MOGS
249	1.0	GALE	MVK	TRAF4	SREBF1	RABGGTA	LYPLA2	C8orf55	TTLL12	RPP25	SIPA1L3	SRC	CAPN1	SH3GLB2	EML2	MVD	RPS6KA4	IQCE	INF2	CLN3	SLC50A1	SLC35C1	SRCAP	TRIM26	LYPLA2P1	GIPC1	LRRC61	PAK4	DAK	SREBF2	SMPD2	ESRRA	C22orf29
250	1.0	TIMM22	POLL	FBXL15	BCL7B	CYHR1	ZMAT5	KATNB1	ERCC2	KAT8	ZNF787	ABHD14A	VPS11	ACOT8	UBE3B	TUSC2	C20orf29	PAF1	BAD	C17orf59	GALK1	UBL4A	SIL1	SART1	ZNF688	PGP	GLTPD1	LPCAT3	TFPT	DPM3	CLPB	PSKH1	ETV2	GPATCH3	NRL	CHMP6	C11orf51	THAP3	SGTA	GPKOW	TSSC4	TBC1D13	DGCR14	TMED1	BCL7C	TWF2	EXOC3	NPLOC4	NKIRAS2	SNAP29	COMMD9	PARD6A	LRRC23	SHARPIN	GGCX	ACAD10	TXNRD2	PIN1P1	MAFG	TMEM187	C19orf60	ARFRP1	RNF121	ABCF3	TMEM11	C6orf47	SLC25A44	MYL5	ZFPL1
251	1.0	NFKBIL1	ADCK2	NPRL3	PEX5	PTDSS2	KLHL26	C17orf101	DRG2	PTGES2	TAF6L	FAM173A	CCDC22	JMJD4	R3HCC1	PEX6	EMD	ZNF768	MRPL2	MLST8	PEX10	PMF1	NUBP2	MTHFSD	UROS	THAP7	RRNAD1	PAM16	TMEM160	PEX14	ERI3	ALKBH4	C16orf42	PCGF1	PEMT	ASPSCR1	TSR2	NARFL	GFER	MED24	MCRS1
252	1.0	LINC00339	RPL23	THAP11	NPRL2	MAD2L1BP	C1orf50	EIF4ENIF1	USP39	LSM14B	TRMT12	NT5C	USE1	ASTE1	SMARCAL1	TTI2	TBC1D22A	RBMX2	CCS	C14orf93	SERGEF	ENOX2	HARS2	TIMM50	ATPAF2	DHTKD1	C12orf47	ZNF764	TMEM223	MTERFD2	CLK3	PARP16	C14orf102	RPL28	CCBL1	ZNF3	CIAO1	DNAJC17	RPS28	PCIF1	LOC100134713	LOC100129250	NFYC	C12orf43	UBOX5	ADAT1	TXNL4B	ZNF16	RNF113A	GPATCH1	ZNF34	PLEKHA8P1	HINFP	KBTBD4	TTC15	TBCD	WRAP73	RNF41	ZBTB3	DDX28	NME6	LOC100287590	KIAA0391	FAU	SEC22B	NAT6	PIGC	BNIP1	CCDC101	ING1	NRF1	TFIP11	AMBRA1	ZNF263	HEMK1	C14orf133	HEATR3	OGG1
253	1.0	LIG3	NDOR1	PYCRL	SURF2	LIN37	B9D2	ZNF408	COG4	RNF25	AAGAB	ZNHIT2	C16orf53	FAM86A	FKBPL	ZNF174	SUGP1	GTF3C5	PPP2R2D	ZNF574	KPTN	WDR25	GNB1L	ZNF576	OAZ3	PIN1	TRNAU1AP	C17orf90	PRMT7	DDX23	KIAA0319L	AP4M1	ZNF668	CCDC134
254	1.0	LIAS	CTAGE5	GFOD1	CNTD2	LMO4	RPN1	C2orf3	SNRNP35	AGTPBP1	ANKRD26	CDK5RAP2	NGFRAP1	ANXA2P2	ZMPSTE24	ERGIC3	CANX	LRRC59	TEX12	CTBP2	ITGB1BP2	FAM192A	NIPSNAP3B	WBP4	ABCB4	HSPA1L	PGRMC1	IFI27	TMLHE	XPO4	S100A11	CCDC28B	EIF4A1	CYFIP1	KIAA0141	NIPA2	TMED9	TMED2	APP	LOC157562	S100A10	RAB13	WBP5	MIOS	ARF1	TIMP1	CD9	COL4A4	CPEB3	L2HGDH	LGALS3BP	MBD5	ATP5S	TMED10	CLASP1	WDR33	C10orf76	FBXW7	TM9SF3	KDELR2
255	1.0	KITLG	CSF1	STX1A	SLC12A4	LTBR	DAPK3	CLCF1	LUZP1	WASL	IMPAD1	TBC1D2	MICALL1	AFF1	EIF5A2	GPR107	TCP11L1	FOSL2	PVR	SMURF1	SOCS6	ABL2	SAMD4A	SPCS3	CYTH3	EVI5	EXTL3	KIAA1609	ANXA2P3	FBXL18	PANX1	PI4K2A	DUSP3	YTHDC1	SLC39A1	BMPR2	NRG1	NF2	PXN	PORCN	USP7	YKT6	IL1RAP	ANXA2P1	DEF8	CDKN2B	MFI2	HFE	CDKN1B	TMEM185B	FOSL1	PAFAH1B2	ADAM15	PUM2	DAGLA	SPRED2	PDLIM7	DYRK1A	NDST1	MICA	CSF2	AGRN	GOLGA2	SMAD3	SYNJ2	SFXN3	RBMS2	TNFRSF10D	OSGIN1
256	1.0	FRMD4A	HPCAL1	CHL1	TSPO	PIK3R3	SNRK	HBB	GRAMD3	NT5DC2	FAM49B	RAPGEF5	ARHGAP44	GBP1	TRIP6	NTRK2	SYNPO	FSCN1	TCF7	TUBB2B	GLDC	EDN1	ALOX5AP	MOXD1	SGCE	IQGAP2	TSPAN12	VASH2	MMP7	HIST1H2AC	CSTA	DUSP4	SCPEP1	TNN	S100A4	HEY1	SMAD1	ARHGEF18	CYB5R2	FYN	TKT	ARHGEF6	RAB38	PARM1	C13orf15	PIEZO2	EPB41L2	HSD17B6	CXCR4	EGOT	UCHL1	RGS16	KLF2	FAM174B	CHODL	LARGE	RGS2	IGF1	HMGCS1	GDF15	SOX9	MYH10	MSX1	PLEKHB2	SLC12A8	FXYD5	QPRT	SCD	PLP2	PTGER4	CLEC2B	APOLD1	FCER1G	STARD13	SLC1A1	RARRES1	RHOBTB3	RGS3	PLBD1	HSD17B11	TP53I3	ARMCX2	LPAR6	PGD	DMD	FAM149A	ID2	CXCL10	C10orf10
257	1.0	CSRP2	PTPN6	LPXN	LYZ	TLR3	RNF130	TM4SF1	SGCB	HLA-DMB	LCP1	SPRY1	HLA-DPA1	PSMB10	PLTP	UCP2	SPRY2	CORO1A	PGRMC2	ACO1	ABL1	DNAJC12	RAC2	IFI16	LYN	P2RY6	COTL1	LAPTM5	KCTD12	GCH1	ROBO1	PLAC8	TRIM22	CD53	HLA-DMA	NAV2	LGMN
258	1.0	MDFIC	MMD	PSMB9	TERF2IP	ELF1	SMAD7	AIM1	UBE4A	KCTD3	PIK3CD	ABI1	TBC1D12	PHLDA1	CARKD	KHDRBS3	FGD6	UNC13B	TRAPPC8	UBE2L6	MOB1A	BTBD3	PHF11	PLEKHF2	C2CD2	TEX2	GTF2IRD1	SHOC2	ALDH7A1	TRIM16	AFTPH	FAM115A	MYO1C	SNX2	GPR125	IRS2	CSK	DCP2	KIAA1033	ME3	CRLF3	ICAM3	SACM1L
259	1.0	MOS	YIF1B	CYP1A2	TAS2R9	MC4R	HIST1H3E	CCR9	CCZ1	HHLA1	SIRT6	FRAS1	RDH8	FKSG2	UBE2NL	ULBP1	METTL21B	GPA33	UBE2D4	CCRN4L	C1orf61	SYT12	C8orf51	RNF122	THRB	LENEP	NENF	CLPS	PCDHGA1	CNR2	PROL1	FAM153A	TSKS	IGHMBP2	GRPR	RAB3IL1	B3GNT4	HTR1F	GP1BA	LRTM1	EPX	HHIPL2	FMO4	CA1	SH3GL3	TMPRSS15	FAM116B	OR7E156P	LOC100128640	TCF20	EPAG	IFNA4	ARHGEF38	ITGA10	TBX6	ITIH2	SYT13	SLC5A5	SYNGR4	LOC100130331	LCT	KIR2DL5A	RFPL2	HRH2	PRPH	C17orf63	SCGB1D1	TMPRSS5	DTX2P1-UPK3BP1-PMS2P11	DOLPP1	PCDHB1	GABRA4	PIGR	HAND1	KIR3DX1	TAS2R4	SSTR4	SLC7A4	TGM4	TAC3
260	1.0	THEG	PTCRA	SLC5A2	PRLH	GPR27	GJA8	C21orf62	SLC22A14	A4GNT	TRPM8	CELA3A	TUB	CRHR1	TUBA3C	PP13	HIST1H2BL	INO80D	SFTPB	CTRC	ZNRF4	INHA	GRK1	GSK3A	DRD2	TSSK2	GRM4	PQLC2	GNRH2	CACNA1I	RHO	MATN4	P2RX6	DSCR4	KRTAP5-8	KLHL1	ATG10	APOM	CCDC9	PDE6A
261	1.0	B3GNTL1	PDE4A	EIF2C1	MARCH5	CRYGB	LHPP	DSTYK	MBTPS1	SUMO4	SMOX	LAP3	RUNX1	SLC23A2	RASA3	EPOR	WDR37	WNT10B	GUSBP11	CDON	ERC1	LFNG	LY6G5C	CAMK2G	EZR	SOCS3	BICD2	MTF1	NTSR1	KCNK13	SIGLEC15	DDX43	HSD17B12	ROGDI	SH3BP2	UTRN	TINF2	NDST2	FABP5	TMOD2	MFSD7	BTN2A1	PPARD	TFG	CLN8	SLC8A1	TES	LOXL3	GDF11	BCORL1	LDHAL6B	GDPD5	KIAA0146	KCNE1L	ST3GAL4	OPRL1	AHNAK	JAG1	RUNX2	SEPP1	RASSF1	TICAM1	BCL2L13	SNTB2	APOL2	FAM3C	KCND1	XBP1	CASP9	KIF5B	RASSF8	SEC62	GLTP	HYAL3	CPNE3	H6PD	TMEM180	ARHGEF12	ROCK2	FAM176B	KRT1
262	1.0	SP2	TEF	BAZ2A	DGKQ	HDAC6	NSD1	PPP3R1	NFKBIB	LIMK1	RPL23AP53	ZMIZ2	MAT2B	MLLT1	ZNF384	TMBIM4	HIPK2	RAB40C	LOC440434	ZZEF1	LLGL1	C20orf20	OSBPL7	JUND	BBC3	USP27X	WSB1	PICK1	EYA3	CBX2	BAZ1B	PPPDE2	C1orf144	E2F4	TBL1Y	PRKAR1B	PBX2	RARA	KPNA6	KAT5	MYL12A	SLC25A28	ZSCAN2	CLEC16A	RAB3D	TMEM66	ZBTB17	MEF2BNB	SLC9A8	TBX19	EDA2R	C6orf106	CBX8	MBD1	PRKCE	GFOD2	FRMD8	PLEKHH3
263	1.0	BCL2L11	DHRS7	DPF2	CUZD1	DUSP12	PFDN6	SAP130	GPBP1L1	NVL	METTL2B	FBXL12	NSUN5P1	YLPM1	HIST3H3	SAP30BP	PRR3	TAF15	FAM120C	CRYBB2P1	QRICH1	NIPAL3	ZBTB39	NCOA6	KLHL18	DCP1A	PRDM4	RPS4Y1	PHACTR4	ZNF280B	WHSC2	TAF5L	ZNF673	TAF4	HNRNPH2	PRKY	EIF1	CTNNB1	PHF17	DCAKD	NDFIP1	UBB	MAPKAPK5	CCNJ	ZNF609	ZNF281	PHF7	EP300	NUDT3	ZNF473	TM7SF3	LOC389906	TSG101	RALGAPB	YOD1	HIC2	SUN1	NEAT1	FAM118A	KDM4A	NBR2	BRD1
264	1.0	C11orf57	SETD6	WDR70	BCOR	RAB7A	TRIT1	PUS3	PTPN12	IQCB1	SUPT3H	CYB5R3	KCTD9	DLEU1	POLR3B	TFDP2	QRSL1	TIMM8A	UBXN8	ATP13A3	MKRN2	BFAR	BLMH	ZNF259	CYP2R1	ARMCX5	SETMAR	TYW1	CLOCK	IFNGR2	CLSTN1	STAT3	LRP10	SMCR7L	ZNF232	ZNF195	TUBD1	YARS2	ATP6V1A	RIOK3	ARHGAP1	BCCIP	CTSB	METTL8	RFC5	CHMP3	ATP6V0D1	RCL1	CMAS	ZBTB10	ERLIN1	AGK	LDHC	CDC42	SERINC3	C15orf44
265	1.0	LAMA1	LGI2	NPAS1	GRIP1	KIAA1024	TAGLN3	LITAF	AURKC	NEUROG1	PCDHGC3	OPRK1	GPR52	PTCH2	HAS1	SEMA3D	ACE	EPCAM	GLI1	PPYR1	MRAS	THRA	KIF17	SPINK1	CTSH	AMHR2	CHRNA9	WT1	SERPIND1	LRRFIP1	NLGN4Y	NFKBIA	LPPR3	CYP19A1	SATB2	GPR3	HLA-DRB1	HLA-C	RAB40A	AFP	ICAM5	DRD4	TRH	PTGER1	HOXC8	NT5DC3	PURG	IL17B	SMO	MOCS1	PDE5A	MCHR1	KCNJ1	GRAMD1B	FGF18	HOXC5
266	1.0	NAP1L2	CXCL12	HEATR8	PGK1	CAPZB	CTSC	GADD45G	BEND5	ACACB	WDR1	DDO	DGKG	GPR20	ARPC1B	SETBP1	COL9A3	NAALAD2	C1QTNF3	CD47	HRK	EPB41L5	D4S234E	TPPP	FGF9	FAM110B	TPM1	GAB1	SEMA6A	TEX14	PTH2R	HDAC1	ZNF778	CARS	LOC644450	PACSIN2	SYNGR1	PKM2	JUP	GPM6A	ARMCX4	PRR4	TALDO1	ATP1A1	ZNF711	FAM125B	RIC3	IFITM3	ASPH	EDA	KCND3	SLC25A24	DCLK2	PER1	DNASE2B	IDH1	MYCN	ID1	HIST1H2BK	IFITM2
267	1.0	EBAG9	ZNF467	STK17A	HGSNAT	UGCG	P4HTM	NGLY1	SLPI	TRAK1	KLF9	PPP1R3D	PELO	ATXN1	SLK	MAPK6	METTL7A	EPHX1	TP53TG1	GAB2	SLC46A3	HN1	TOP1	MEST	NOTCH1	BHLHE40	ALDH3B1	CDK17	CTSZ	CYP51A1	WWC3	IKBKB	BAMBI	EHD1	STS	CDC16	RAP2A	ALDH3A2	TMEM131	SRSF8	IL1R1	KIAA0513	PDE4D	CBLB	LDLRAP1	FDFT1	PDE4DIP	SLC5A3	TXNDC9	ABR	CKB	PDP1	SCARB2	ADA	GCLC	GPR1	MSRA	GMFB	ISOC1	MSMO1	PER3	ATP2A2	KIAA0196	PARP3	GSN	RHOB	SNCA	LRIG1	TBC1D1	SSPN	C1RL	APOBEC3C	BEX1	C1orf123	EHBP1L1	CRK	HIST2H2BE	BLCAP	CLTB	RDH11	ADK	CLDND1	KDM2A	CAPN3	MPPE1
268	1.0	GLUD1	DCTN6	CARHSP1	PSAT1	BRD3	MEAF6	PJA1	PHF10	SLC9A3R1	PARP6	ZDHHC6	ACOT13	CREB3	TTC35	RBM7	AHR	TRIM24	LSS	HDHD1	ASH2L	GSTM3	CDK7	DYNC1LI2	SAR1B	VEGFA	STAM	RNF5	ZNF587	UBL3	ADSS	MCCC2	CCDC53	GOLGB1	HMGCL	BLVRA	ADIPOR2	SLC35D1	ANKRD27	ECHDC2	MUT	ATP6V0E2	INPP5F	IFT20	FBXO28	TERF1	LIN7C	MPHOSPH6	HRSP12	GLS	HMGCR	SC5DL	STX8	ACTR1A	PCCB	SIAH1	TMEM41B	TRAPPC3	ACAA1	CRY1	RAB4A	SLC25A13	NGDN	PIK3C2A	STX18	CNP	IFT57	MRPS12
269	1.0	TPPP3	PLXDC1	KIT	FCER1A	AMIGO2	TRIB2	FXYD6	MME	CYP27A1	PFKP	FAM49A	EMP1	MS4A2	RFTN1	TGFBR3	DCHS1	NR3C2	TLR5	HOPX	CSGALNACT1	ZEB2	MMRN1	CES1	ANXA3	ALDH1A1	FBLN5	AOC3	CPM	EPB41L3	PTGDS	TMEM176A	RTN1	VWA5A	SLC24A3	DOCK4	MAN1C1	RNF144A	ABCA1	SEPT4	MAF	FAM124B	DACH1	F2R	ALPL	TCN2	PRKAR2B	SELP	MYOF	THBD	PDK4
270	1.0	MFAP3L	SDPR	GATA2	NAP1L3	ADARB1	GABARAPL1	ARAP3	PTX3	PLCB1	TIAM1	CACNA2D3	FAM198B	WLS	SIRPA	KLF7	ITGA6	GALNT11	KLF11	COL18A1	SASH1	IGF2BP2	AKR1A1	ULK2	VASH1	HDAC4	SLCO3A1	RNASE4	FAM13A	CXCL2	PRR5L	HNMT	CLU	ATP9A	SMARCD3	UPP1	BMP6	SYNGR2	PID1	DNAJC15	MTMR11	PGCP	MARCKSL1	GRB10	FBN2	PELI2	WDFY3	UXS1	ATP10A	CXCL5	SLC22A4	CDKN1C	C5orf4	MEIS1	TSPAN13	SWAP70	ADRB2	SMPDL3A	AKR1C3	LRP1	EPHA4	AATK	CUBN	TNS1	CNDP2	NACC2	GPRASP1	SEMA3C	FKBP1B	NOV	KLF4	AGPAT4	CAMK1	TBC1D9	PLEKHA1	TMEM158	PTGS2	PARP1	ARHGEF40	TRPS1	REPIN1	PCSK5	ZCCHC24	ABHD5	PLXND1	DHRS3	ARHGEF10L	PROS1
271	1.0	HEXIM1	ZFYVE16	ATG5	RAB33B	ZNF280D	LOC339290	AP2S1	ING4	FAM50B	TAF10	TMEM80	ZFYVE26	TAGLN2	GUSB	AP3S2	SCAPER	DCAF10	C2orf67	ARF3	FAM55C	NCOR1	PLAG1	HSPBAP1	CIR1	WDR7	DDIT4	SAP18	IER2	DOPEY1	FKBP1A	COMT	RAB11FIP2	PPP1CA	SCYL3	C2orf42	C15orf29	ATP6V0B	TRDMT1	MIA3	MLH3	ZNF271	ZNF426	NBAS	KIAA0240	TRAPPC2	GUK1	ANKH	ATP9B	NDRG1	FAM114A2	RNF146	SIK2	TULP4	CDADC1	ATG14	MTMR9
272	1.0	PLK1S1	PEX12	CRYZL1	ANKRD28	DZIP3	MKKS	CCDC25	ABCA11P	PEX3	CSTF2T	TRMT1L	DET1	ELAC1	TDRD3	DNAJC16	ABHD10	CEP63	ATG2B	CHCHD7	SUPT7L	ZNF23	RPL23AP32	COX16	SPG21	ATP6V0C	EPM2A	IER3	IPP	CASD1	FKTN	SERPINI1	FAM179B	ZNF187	FAM149B1	ACAD8	EIF4A2	VPS45	PEX1	XPA	PCCA	MTHFD2L	STAG1	RRAGB	PPP1R11	SCRN3	RABL3	CBR4	C6orf162	C6orf35	ZNF175	RIC8B	NHLRC2	CLASP2	LIPT1	HMG20A
273	1.0	BRAP	FXC1	ZCCHC4	WAPAL	TWISTNB	SMU1	MTA2	RNMT	GTF3C4	NUP98	SAFB	HP1BP3	TADA2A	EXOC2	RFXAP	TLK2	PRKCI	SNIP1	DLG1	NF1	FAM76A	YAF2	TMEM209	C9orf156	ELK4	SOS1	ODF2	CCDC93	OPA3	ASB7	CDKAL1	GDAP1	MED18	FKBP5	TUBGCP3	FBXO4	SYNJ1	ZNF749	FLOT1	CHML	BAG4	KLHL12	NR2C2	TAF12	ZNF434	MAPK8	LIMD1	AHCYL1	DCAF17	WHSC1L1	MDM2	CWF19L1	QSER1	TXLNG	ZNF41	RAB6A	GATC	PRDM10	UBE2G2	NCBP1	ANKHD1	THRAP3	SLC25A30	NEK9	ZFX	SLC7A6	LIG4	DEDD
274	1.0	MKLN1	MOCS3	CTDSP2	SENP5	VPS33A	C2orf49	FEM1B	SLC35F5	ANKLE2	MED20	CGGBP1	TCEB3	NAPG	MFAP3	SRPR	PGGT1B	DBT	TAF13	POLR3C	DSCR3	PPFIA1	DDI2	SENP2	CDC27	GUF1	CDYL	BCAP29	SSR3	TRIP11	DIAPH3	OPHN1	HUS1	NUS1P3	FNTB	MFN1	GPN2	GAPVD1	KLHL7	PEX13	YIPF4	MAPK9	ECD	SLC4A7	RC3H2	BTRC
275	1.0	HEATR6	DNAJC28	HCFC2	HSF2	RPL38	C17orf80	PUS7L	ZNF286A	CNOT4	MAP3K7	C7orf64	C17orf48	THAP9	ALKBH1	ZNF197	C2orf44	C10orf88	PLAA	ZKSCAN5	MARK3	DDX52	ZMYM4	MCPH1	KATNA1	DHX57	SEC23IP	TRIM23	UBE4B	ZKSCAN3	RAB28	RAD17	STAG3L4	ELP3	GIN1	ZNF79	RNF2	TUBGCP5	GTF3C3	MAP2K4	ZNF322P1	KPNA5	INTS12	TBP	OSGEPL1	PALB2	MYNN	GTF2E1	ORC2	RIOK2	ST7L	TNKS	ACTR8	EXOG	PIAS2	PKNOX1	CEP76	CAPN7	CGRRF1	WDR59	ANKRD17	RNF8	AP4S1	JMJD6	FAM175B
276	1.0	MPP6	FBXO22	CDC42SE1	MED21	UBFD1	E2F6	DCUN1D4	MPP5	RAD50	SLC30A4	C12orf4	BBS7	ZNF226	NAA35	PEX19	RPS6KC1	EFTUD1	MTAP	ZNF35	STK3	FER	N6AMT1	SPRYD7	DFFA	COMMD10	ERCC8	GOSR2	WDR41	LYRM2	APOOL	MNAT1	C17orf39	DDX19A	XPNPEP3	MED27	TWSG1	FAM20B	MAP4K5	NUDT9	USP46	WARS2	TMEM57	SNX4	SNAPC1	KIAA0090	POLR3G	GALK2
277	1.0	PLCG1	KAT2A	ERP44	ATXN2	MUM1	PPOX	KCTD7	C3orf18	RAB11FIP3	RSAD1	ZNF428	SDAD1	FUZ	ZNF133	ABHD8	TMEM8B	NAA40	DUSP8	PATZ1	BCL9	TCEA2	LAMTOR3	IPW	TUBGCP4	ANGEL1	LOC92249	CBFA2T2	DEAF1	FRS3	RBFA	ARIH2	BCL7A	CAPRIN2	ZNF74	PHC1	FARP2	DVL2	CCDC106	POLR3D	MIR600HG	SIRT3	POU6F1	TMEM120B	XPC	ASB1	IRGQ	KAT7	CHMP2A	CLCN6	KIAA0355	YEATS2	ZNF821	SLC6A16	SPECC1L	TERF2	ZNF444	MST1	PIP4K2B	PMS2P5	ASXL1	GIGYF2	C17orf108	USP21	NAMPT	ZNF512B	DDHD2	MICAL3	C22orf46	ABCD4	POMT1	ZNF193	TRIM32	CD164	IFT27	ASAH1	CLSTN3	PCNXL2	STRADA	RHOBTB2	SLC2A11	PRRC2B	THTPA	RBM4B	NUDCD3	TNPO2	SEC61A2	ZMYM3	NME3	FBXW4	FTSJD2
278	1.0	RNF216	ELMO2	KLHL22	LMF1	PRSS53	PCGF3	VPS39	PHF2	DMWD	ACCN3	KCNAB3	TSPYL2	KCTD2	SMARCC2	ULK1	MAN2C1	CHD3	ACBD4	SDHD	RING1	HDAC7	LMBR1L	CRELD1	MXD4	CHMP5	SPG7	EXOC7	SIN3B	MNT	ACTR1B	SGSM2	FAM160B2	SCNN1D	MYL6	RAB1A	GABBR1	INTS3	APBB3	HDAC5	IP6K1	MECP2	DCAF8	GTF3C1	KIAA0195	TBC1D17	GOLGA3
279	1.0	PCDHGA3	PMM1	FZD8	IL11RA	SEMA4F	FOXJ2	BBS1	BAHCC1	C1orf216	ANXA7	PIAS3	APBB1	LRFN3	PRAF2	MMP17	TUBG2	ARHGEF17	NRSN2	MAPK11	DLG4	SNED1	CTF1	CTSF	SLC26A10	PCGF2	LTBP4	PCBP4	CSRNP2	TMEM121	KCTD17	CTIF	IFNGR1	NFATC4	MAP3K12	FKRP	ZHX3	SNPH	SLC9A5	DNM1	HOXC4	MEGF6	LTBP3	HCFC1R1
280	1.0	MAPK7	RNF208	ZNF358	KIAA0556	PIP5K1C	TPCN1	AP2A2	FP588	TOM1L2	MARK4	ATAT1	ZNF629	LRRC41	KCNC4	GAA	SPATA20	CUL7	STOML1	MAST2	PLXNB3	POMGNT1	DMPK	KLC2	DTX3	RFNG	CSNK1E	SOX12	LZTR1	SLC9A3R2	POMZP3	PDK2	TBKBP1	CASKIN2	CHPF	NAB2	TDP2	MC1R	DLGAP4	PACS2	URGCP	METRN	POFUT2	PLXNA3	VEGFB	AHDC1	COMMD8	SCMH1	STK25	FAM65A	PTMS	SLC41A3	KLHL25	ABCA2	ZFHX3	TRIM3	PKD1	MEGF8	SORBS3
281	1.0	GORASP1	SGSH	INPP5K	RANBP9	NPEPL1	LYPLA1	CRAT	IDUA	GBAS	DEK	CAMTA2	ECE1	ATG9A	MCOLN1	C16orf7	HMGN4	BCKDK	MRPL20	PSMC6	KIAA0913	C11orf68	SMPD1	AZIN1	UBA2	ST3GAL1	NDUFA5	SLC38A7	ATP6V0A1	ARL5A	DNAJB2	TRPC4AP	XCR1	TP53I11	PLEKHM1	PMPCB	MAPK3	HS1BP3	MOB4	STK19	TOM1	CYTH2	SERTAD3	ZER1	ATG13	HECTD3	SLC24A6	EFHA1	TMEM115	LMF2	TMUB2	PPP2R5B	UBA3	WDTC1	HSD17B14	GOLGA1	FNTA	YIPF1	ZBTB7A	NFIC	MTDH	G3BP2	TBC1D9B	MMP24	UBTD1	YIPF3	GTPBP2	MTMR3	LTA4H	PLA2G15	PQLC1	PLEKHM2	TCTA	LPPR2	THOC7	RNF6	SMARCE1	SLC48A1	ORAI3	FURIN	NR1H2	ARHGEF11	WDR13	PLEC	AMFR	FAM131A	UBAP1
282	1.0	DR1	SON	SDF2	LUC7L3	CTNS	SRSF5	NRBP1	BTD	DHDDS	C2orf18	HNRNPA0	WDR82	TOP2B	LRRFIP2	RNF141	MUL1	SP3	TMEM184B	STAG2	ARGLU1	TOLLIP	PANK3	DNAJB12	TROVE2	HNRNPA3	RBM39	RSRC2
283	1.0	C8orf71	KRT36
284	1.0	COLQ	ADAR	CDX4	ARL6IP1	SLC16A10	POPDC2	HSP90B1	SRI	YWHAB	TESK1	ELOVL5	CUL3	MBP	COPB2	RAB11A	ATG3	LASP1	VPS35	MAPRE1	CRY2	DNAJA1	SRSF9	SELT	PITPNB	CHRNB1	TMCC1	NCRNA00185	OPLAH	NPC2	CLTCL1	OBSCN	ACHE	F8	TM9SF2	RORC	ITIH4	ATG4A	CD81	PPT1	GNB1	PRDX4	ATP6AP2	GSTM4	MTSS1	OR7E47P	JPH2	ARF4	FOXO4	UPK3A	ANXA5	NLRX1
285	1.0	GIPR	TSFM	SRF	MAPRE3	DCUN1D2	PPARA	COQ3	PKI55	NOX5	NECAB3	OR12D2	COQ6	LIN7B	PANK4	ZNF672	HIF1AN	ACTR2	TMEM110	SERP1	SLC25A23	FXR2	PPP6R2	SLC20A2	SLC4A1AP	BRF2	DYRK1B	CEP85	SH3BGRL	MGC3771	CAMSAP1	AARSD1	LIPA	GOLGA7	MAPKAP1	DHRS12	BTG1	FGGY	METTL22	SIRT4	COQ7	MED14	PPP2R3B	GPR68	MED9	PRKAB2	PNPLA4	KIF1C	ZNF839	ZNF592	C6orf27	C6orf62	ABTB2	NOL3	MEF2D	SPTLC1	ALDH4A1	HSF4	IDI2-AS1	STIM1
286	1.0	SPSB1	RNASET2	PDLIM4	MMP14	TSPAN6	LEPR	KIFC3	PPFIBP1	MAMLD1	S100A3	HOMER3	ETV5	GSTT2	INHBA	TRIO	CHST3	NRP2	MEIS3P1	BACE1	AFAP1	MGC4294	TAPBP	SPRY4	NCS1	FJX1	ANKRD1	TEAD1	ZNF532	WASF1	HYI	RGS20	ABLIM3	RUSC2	HSF2BP	C7orf10	BMP1	SMTN	CAMSAP2	ULBP2	ARSJ	DCBLD2	PTPN21	KIRREL	IL11	FOXC2	DLX2	PHLDA3	PTPN14	RGS10	PSMB8	SNAI1	RAB11FIP5	HRH1	BCAR3	FADS3	FSTL3	RASAL2	ANGPTL4	TNFAIP1	LRP12	OSMR	TGFB2	GPC1	ARHGAP22	APBB2
287	1.0	SOX13	MAP3K6	NMI	SHB	HLA-E	NKX3-1	BCL2L2	FZD1	TANC2	MET	FAM127B	HLA-G	GNA11	CDC42BPB	SH3TC2	ITGB5	LOC100507284	ADCY9	DOCK1	ADD3	WWC2	CDR2L	SNX24	MST4	CTDSPL	YAP1	RGNEF	MEX3D	PACSIN3	CDC42EP4	TSKU	PLXNA1	SPHK1	HOXA1	SPR	FNBP1L	EPN2	PTGES	BFSP1	IL17RC	IFITM1	MICALL2	PC	THSD4	ZFYVE21	RHBDF1	CTSL2	CTTN	KCTD15	OCRL	KIAA0284	ITGA3	STEAP3	TGM2	GNAQ	SEC14L2	EPHB4	TSPAN9	CRTAP	RGS12	PVRL2	STXBP1	PDGFA	PRKCA	ADCY6	CBR3	TTC23	CUEDC1	MYO10	TMEM132A	TYRO3	GAS2L1	CDC42BPA	LEPREL4	SCML1	PNPLA3	MYCBP2	RIN1	TXNRD3	CDC42EP1	ZCCHC14	PRRG1	TNFAIP8	ITSN1	AGAP1	SLC6A8
288	1.0	C5orf30	HSPA4L	DENND5B	ADIPOR1	B4GALT6	C11orf95	ZDHHC14	MAP3K13	CST3	PARD3	INHBE	SLC25A4	SLMO1	CSNK2A2	TMEM111	CROT	SCCPDH	MFSD1	DPY19L4	HMGN5	ZNF323	MYO6	NAGK	FAIM	SPATS2	SH3BGRL3	B3GNT1	MOSC2	CCND3	SEPT10	SERPINB1	SPAG16	APLP2	SQRDL	ADAM22	ZFP36	CD320	BMPR1A	CD55	RHOG	GPER	UGGT2	GPHN	HECA	MYO1D	FKBP14	BCKDHB	CTH	MYD88	NRG2	ATP6V1B2	SAV1	TPP1	DAZAP2	PAWR	SH3PXD2A	KIAA1797	ARHGAP5	SGK1	KLHL23	LRRC16A	RBPJ	ALDH2	PGM3	GRN	RAP2B	GLUL	OSBPL8
289	1.0	WNT5B	C3orf64	CAPZA2	MRFAP1L1	FUT8	YES1	DAAM1	PDE8A	TMEM135	C11orf24	STAT6	TMEM39A	SLC1A4	CHAC1	ME1	SPAG4	BLVRB	PIR	CALM1	PTPLAD1	DHCR7	SLC35F2	ARNTL2	TCTN3	PSPH	C19orf22	NBPF10	KIAA1279	TBC1D8B	MTFR1	C14orf1	ZNF238	FAM108A1	NETO2	RRAD	EXTL2	KIFAP3	ST7	MTMR2	SEPHS1	SLC16A1	DYRK3	MAPRE2	FDXR	BAG2	SH3BP5	FBXL5	ZNF215	DIAPH1	WDYHV1	PEG10	PRKRIR	MSL1	FAH	UBA5	TXNIP	FAM69A	ADCY3	KRAS	SKAP2	SLC7A11	VPS28	UBQLN2	ATP2C1	MKL2	HDGFRP3	PCBD1	MYO1E	WTAP	ABCC4	CDKN2A	SCARB1	MKRN1	FBXO9	DST	GSTT1	METTL9
290	1.0	NKX6-1	GNGT1	NKX2-2	MYEF2	SLC5A4	GBX2	DMRT1	TPTE	HOXD11	DUSP9	DKFZP686O1327	PMP2	PRDM13	DYNC1I1	RLBP1	UCP1	ROPN1B	TRIM9	SLC45A2	CDH19	SNAP25	GPR37	PRAME	FOXD3	HOXC10	ADRA1D	EXTL1	HPD	IL1RAPL1	SH3GL2	FOXG1	EN2	MAGEA12	CGA	POU3F2	GABRA3	SALL1	LHX1	HOXD10	SLITRK5	PAX3	TLL2	KHDC1L	EPHA5	OLIG2	TLX3	EPHA7	SOX5	CALCB	NKX2-1	WISP3	AJAP1	SOHLH2	PI15	B4GALNT1	PAX6	NKX3-2	NR0B1	TRPM1	POU4F1	DLX6	TEX15	BARX1	GAPDHS	GIP	GAD1	POU3F3	ALX1	NKX2-5	GLP2R	TRIM48	ZNF280A
291	1.0	NEUROD1	CNNM1	FGF20	NTS	PLA2G1B	DCHS2	ZIC3	NDST4	CDH12	ADAMTS20	SLCO1A2	CHGB	HLA-A	CYP2F1	ZDHHC8P1	ATP4A	HTR2C	CDH18	ECEL1	RELN	CHGA	KCNJ13	NR2E1	ADRB3	FAM189A1	SPAG11B	ARPC2	CDH9	PCP4	SOX10	GABRB1	GABRA2	NPY	WIF1	IGSF1
