1	1.0	C4orf34	CTAGE5	PDCD6	ASAP1-IT1	C15orf5	RALGAPA1	VPS13D	LINC00260	HYMAI	RPA4	N4BP2L2-IT1	PODNL1	RUFY2	USP53	KIAA0754	PCDHGA8	NANOG	FLCN	KIF13A	KIAA0485	ADAMTSL4
2	1.0	LRRC37A4	ANKFY1	MAP3K2	ZNF117	SMEK1	WDR48	PIK3CB	RCOR3	CNOT4	LNPEP	LARP4B	SLC12A6	MAP3K1	NCOA2	RIPK1	HIPK3	ARID4A	STAT2	SOS1	UTRN	TOX4	TRIM23	TRIM25	IKBKB	RNASEL	SYNJ1	AKAP10	SENP7	DSCR3	EPB41	C10orf118	VPS13B	PTPRJ	MTMR3	C14orf118	RAB3D	ZMYM5	SOS2	PCYT1A	KDM6A	SNX13	RNFT1	RNF19A	YOD1	LIG4	UBE2W	ARNT
3	1.0	SOX2	SOX21	TF	TRPV4	MUC13	CLCA2	TMPRSS11D	KCNMB2	SRGAP3	SULT1E1	SAA4	CLDN8	SLC26A4	CYP2B6	FAM182B	KCNE1	PHEX	ACSBG1	CYP4F11	TFF1	IRX5	FOLH1	SPINLW1	ABCB11	CRISP2	PLA2G2E	ABCA4	ATP6V0A4	GPR172B	NKX2-1	FLRT3	PART1	GCNT3	CDKL2	GSTA3	IQCA1	ZNF750	TGM3	CYP26A1	CYP2A7	RASSF9	EYA2	PTPRU	HSD17B3	UPK1B	CHST4	A4GALT	AQP5	SLC13A3
4	1.0	SOX13	NRP1	ASB13	MFAP3L	SLC25A21	VOPP1	GATA2	SHB	SLC11A2	PLCB1	LTBP1	PPP2R3A	TACC2	ASAP2	FZD1	BAHCC1	VSIG10	ZNF629	PTPRF	CAP2	C7orf23	SDC3	ITGB5	TUBA4A	ADCY9	DOCK1	RNF34	WWC2	CDR2L	BACE1	AFAP1	TFPI	PSD3	CTDSPL	ATP9A	YAP1	PDCD4	DDAH2	IER5	CDC42EP4	TSKU	GRB10	FNBP1L	GAL	MANSC1	FZD2	OSBPL1A	MICALL2	STX3	RHBDF1	NR3C1	CTSL2	KCTD15	GRB14	BTBD3	NPDC1	UBE2J1	GNAQ	EPHB4	RANBP17	TSPAN9	CRTAP	TMEM51	PVRL2	STXBP1	SMAD6	PLEKHA5	CUEDC1	MYO10	TYRO3	FAM125B	EPS15	CCDC165	TBC1D16	EGFL7	RHOBTB1	RNF4	IGF1R	LEPREL4	SCML2	GPR125	MYCBP2	TXNRD3	FNBP1	ZCCHC14	PRRG1	LRP3	TNFAIP8	ITSN1	PPP1R2	AGAP1	SLC6A8	ICAM3
5	1.0	RNF216	ELMO2	KLHL22	LMF1	GORASP1	SGSH	INPP5K	PRSS53	ATXN2	NPEPL1	RXRB	IDUA	VPS39	CAMTA2	ZNF358	PIP5K1C	TMEM8B	TPCN1	FOXJ2	DMWD	KIAA0913	C11orf68	SMPD1	ACCN3	TSPYL2	KCTD2	VPS11	ATP6V0A1	SH2B1	SMARCC2	DNAJB2	ULK1	MAN2C1	DMPK	RING1	HDAC7	RFNG	LMBR1L	CRELD1	MXD4	ZER1	PPP6R2	LZTR1	SPG7	EXOC7	SIN3B	MNT	TDP2	SGSM2	LMF2	PPP2R5B	WDTC1	GOLGA1	PACS2	VAMP2	FAM160B2	TBC1D9B	SCNN1D	PLXNA3	MYL6	BSDC1	VEGFB	APBB3	HDAC5	SZT2	CALCOCO1	MECP2	MED12	POMT1	DCAF8	TCTA	FAM193B	TBC1D17	ORAI3	ABCA2	ZFHX3	WDR13	GOLGA3	PKD1	CRTC1
6	1.0	RPS4X	EIF3L	RPS19	EEF1G	RPS20
7	1.0	NCOA4	ALX3
8	1.0	C3orf27	PPIL6
9	1.0	KIAA0020	GPN1	GRPEL1	RPP30	AATF	RNASEH1	DNAJC7	NOP16
10	1.0	ATP5F1	MMADHC
11	1.0	AMBN	RAVER2	HOXD13
12	1.0	KRTAP4-7	KRTAP2-4	KRTAP9-9	KRT85	KRTAP1-3	KRTAP1-1	KRT35
13	1.0	GKN1	ST8SIA2	CATR1	RXFP3	EDDM3B	APOL5	CYP2U1	PITPNM3	TEX12	METTL19	OTOF	DRD3	DDX4	CLCA3P	SCT	TAS2R8	FSCN2	SCRT1	INSL6	C6orf27	OTUD7B	OR3A1	HOXD12	TAS2R3	HTR7P1	BPESC1
14	1.0	HTN3	HTN1
15	1.0	JTB	COX8A	RPS15A	ATP5E
16	1.0	HSPA8	RPL8
17	1.0	PCSK2	KIAA1456
18	1.0	GNAT1	TULP1
19	1.0	PCDHB11	PCDHB3	PCDHA9	PCDHB12	PCDHB8	PCDHB6
20	1.0	CYP2A7P1	WNT8B	RAX
21	1.0	MAML3	LYZL6
22	1.0	CRP	TMPRSS6	DNMT3L	CCL16	MASP2	SHBG	PROZ	CFHR5
23	1.0	ATP5B	YBX1	EIF3H	EIF3E	UQCRFS1	PHB2
24	1.0	ATP5D	SDHAP1	EBAG9	COMMD3	NDUFA3	PIGP	MSRB2	FAM190B	OXA1L	BRP44L	HDDC2	NDUFA10	ATPIF1	SAR1B	SDHA	NDUFS4	PFKM	SERPINB6	BRP44	SDHC	SURF1	GRHPR	FAM162A	PROSC	DECR1	ACAT1	TOMM70A	NDUFS3	ECH1	PPA2	COQ9	PHYH	COX17	IDH3G	C21orf33	CUEDC2	HADHA	ADI1	GNPAT	MRPS35	ACO2
25	1.0	RPS27A	ATF4
26	1.0	MYO3A	BRD7P3	KIAA1967	GSC2	PPY2	NOX3	OR11A1
27	1.0	C8orf71	KRT36
28	1.0	EEF2	ATP5A1	RPL35	RPL4	RPS5	RPLP0
29	1.0	PLK1S1	ERP44	ZFP2	MUM1	HSF2	POLI	CRYZL1	LOC100506162	SNRPN	ZNF133	ANKRD28	DCUN1D4	DZIP3	C2orf3	CCDC25	ANKRD26	ABCA11P	CDKL3	THAP9	IPW	TUBGCP4	NFYB	ZNF287	TAGLN2	DET1	FAN1	C5orf42	NUDT13	ZMYM4	VPS13A	TDRD3	ZNF419	C2orf56	DPY19L2P2	TMEM120B	CEP63	SETMAR	SUPT7L	ZNF23	RPL23AP32	PMS2P4	MSH4	EPM2A	C2orf68	ZNF248	IER3	TUBGCP5	ZNF471	KPNA5	ZNF673	CASD1	PPIEL	OSGEPL1	VN1R1	MAP2K5	ZNF271	FKTN	C11orf61	ZNF510	FAM179B	ZNF187	ALDH8A1	ETAA1	EIF4A2	DDHD2	VPS45	ZNF573	FAM178A	OPA1	HERC2	PEX1	XPA	PCCA	MTHFD2L	ST7L	ALS2CR8	C22orf36	DPY19L1P1	RRAGB	RABL3	TNKS	ZNF177	C6orf162	ATP5S	C6orf35	TTC21B	ZBTB10	SPATA7	LOC441204	WDR33	ZNF84	WDR60	LIPT1	CDC42	YPEL1	HMG20A
30	1.0	CENPA	HJURP	NCAPG2	KIF11	SPAG5	TK1	NCAPG	KIF14	NCAPD2	KIF20A
31	1.0	RPS26
32	1.0	SPCS1	TPI1
33	1.0	EEF1B2	RPL36A	ATP5J2
34	1.0	CDC42SE1	MMD	ZFP36L2	TERF2IP	MRFAP1L1	SNRK	SPG11	ELF1	NT5DC2	GBP1	STAT6	IRF9	SLC1A4	ARHGEF2	UBE4A	CALM1	DPP8	GAK	ZNF217	SLC35A1	VPS4B	UCP2	HIST1H2AC	ITSN2	RYBP	PPP2R5C	PIK3CD	ABI1	C19orf22	RBL2	PHLDA1	KAT6A	ARHGEF18	NRGN	MTFR1	ZNF238	FAM108A1	PELI1	TRAPPC8	KLF2	KRCC1	PHF11	PLEKHF2	HECA	SH3BP5	DIAPH1	DICER1	WDYHV1	SHOC2	MSL1	ABHD3	SP110	UBA5	CASP8	RBM22	MEGF9	TANK	PRKACB	AFTPH	PIP4K2A	UBQLN2	SNX2	HMGB3	CSK	DCP2	SIDT2	KIAA1033	MKRN1	CRLF3	SACM1L
35	1.0	USP9Y	DDX3Y	EIF1AY	ZFY	KDM5D	TTTY2	TTTY15	UTY
36	1.0	CRYBB3	OR7C2
37	1.0	IL9	IL2	IL3
38	1.0	PCDHGB5	AIPL1
39	1.0	MGC13053	MCF2L2
40	1.0	KCNE2	ATP4B
41	1.0	NDUFA1	RPS27L	TBCA	HINT1	ATP5J	SNRPG	DBI
42	1.0	FARSA	FAM189B	SAC3D1	NAA10	TOMM40	C17orf81	PMPCA	DDX56	MRPS34
43	1.0	ZFP106	RXRA	TNIP1	ARPC4	PITPNA	FAM8A1	NT5C2	SRPK2	OSBPL11	TM2D3	MAP7D1	BLOC1S1	ASCC3	PYGL	MEF2A	ELF4	PPP3CA	MBOAT7	PRKCD	KBTBD2	PRKD2	RAF1	HBP1	TSNAX	CALCOCO2	OPTN	SPOP	TMX4	NRD1	UBE2B	FAM89B	UBE2D1	FOXN3	PPM1B	LPCAT1	ACSL1	PAIP1	BAG1	NQO2	MAPKAPK3	BID	TMEM127	C14orf159	KIAA0232	PPM1A	IMPA2	OAZ2
44	1.0	HMP19	PHOX2B
45	1.0	FDX1	PLD3	C11orf75	VPS37C	ALAS1	CREBL2	CTSD	STX12	PDXK	ATP6V1C1	SLC30A1	NECAP2	STX4	NEU1	RIT1	OSTM1	ACP2	ADO	GLA	SNX1	OPN3	ATP6V1H	NSF	KIAA0930	C12orf5	NCK1	LRPAP1	LHFPL2	CAPG	GPR137B	GM2A	MLX	PSEN1	FAM82A2	HMOX1	MTMR14	MGAT1	SOAT1	C14orf109	FKBP15
46	1.0	PRKACG	SEMG2	ADAM3A	RAD21L1
47	1.0	MAGEA6	MAGEA3
48	1.0	PSMB4	PSMB3
49	1.0	MTMR8	KRT38	CYLC1	ADAM5P	OR10C1	HTR3B	GABRQ	OR1A1	DISC1	PLAC4	TMEM206	BMP15
50	1.0	MS4A12	GIF	PIWIL1	INSL5	GCG	DEFA6	REG1A	GALNT8	PNLIPRP2	AQP8
51	1.0	HPCA	ZP2
52	1.0	PNLIPRP1	PRB1
53	1.0	RPS3	RPS25
54	1.0	HIST1H4A	HIST1H4F	HIST1H3J
55	1.0	HSP90AA1	ATP5O	RPS7
56	1.0	PSMD4	GTF2A2	WDR61	PSMD8	UFD1L	HSPB11	ATP5I	NDUFB6	PSMC1	LSM3	VDAC3	C14orf2	MCTS1	NDUFB2	MRPL33	PSMD14	ETFA	ENY2	SRP19	PSMA5	TMEM126B
57	1.0	GCKR	G6PC	THPO	FTCD	SLC22A7	CPN2	HGFAC	AGXT	CA5A	F11
58	1.0	LDHA	POU3F4	GFAP
59	1.0	KCNA2	APOBEC3F
60	1.0	B3GALT2	KCNA4
61	1.0	PSG11	OR7E19P	PSG1
62	1.0	SSX3	KCNV2
63	1.0	ISCU	PPP1CC	SLC38A2	SEPT7	XPO1
64	1.0	FLJ11292	MTMR7
65	1.0	MMP26	B4GALT2	LUZP4
66	1.0	POLR1B	LINC00230A
67	1.0	NDUFB1	PSMA6	COX7B	SEC11A	PFDN5	RPL34
68	1.0	RFK	TSTA3	GNE	DHX32	MUDENG	MGST2	TFF3	SLMO2	SLC35A3	SERINC5	NANS	CASP7	XPNPEP1	CLCN3	BECN1	ETS2	RNF103	GMDS	PDXDC1	ARFGEF2	BCL10	ITM2C	GALNT7	GALNT3	KRT20	CERS6	GOLM1	CHMP2B	RBM47	GFPT1	SMAP1	ASL	KLF5	CDH17	CES2	MVP	MLEC	C9orf82	FBXO34	ABCD3	FUCA1	SSFA2	TST	CXADR	INPP1	HK2	CBX6	SLC12A2	FRYL	CAMK2N1	LGALS4	GOLPH3L	SUCLG2	CALML4	CANT1	CD2AP	ETHE1
69	1.0	C4orf6	SLC18A3	FEV	GFRA3	FAM163A	HMX1	CRYBB2	OPRM1	TLX2	DBH	SLC6A2	CHRNB4
70	1.0	MIP	GUCY2D
71	1.0	ALDOA	CCNI
72	1.0	USH2A	IMPG2
73	1.0	CCT8L2	HAB1
74	1.0	SLC22A6	SLC22A2	NPHS2
75	1.0	PRO1768	EDDM3A
76	1.0	NUSAP1	DNMT1	MLF1IP	FEN1	RFC4
77	1.0	GPR45	HCRT	KRT3
78	1.0	HNRNPA2B1
79	1.0	TUBB4Q	FAM205B
80	1.0	SMC2	CENPM	BUB1	CHEK1	CENPE	STIL	CCNE2	KIF18A	PLK4	KIF15
81	1.0	C22orf31	DKFZP564C196
82	1.0	CYP2F1	AMHR2
83	1.0	OCLM	RPS14
84	1.0	TRIM17	VGLL1
85	1.0	SSX7	SSX5	CXorf48	PAGE1	MAGEA4	GAGE1	MAGEB1	GAGE3
86	1.0	RNASEH2A	PBK	TRIP13	CDKN3	AURKA	CDC20
87	1.0	PIH1D1	IMP4	CIAPIN1	C11orf48	MRPL17	MRPS16	MRPL22	HARS	EBNA1BP2	EIF2B1	UBE2M	PSMD13	IMP3	PRPF19	PSME3	PSMC4
88	1.0	YRDC	DDX27	GNL2	PRPF4	NIP7	WDR3	RRS1	MRPL19	MTERFD1
89	1.0	GPX4	SET	TCEA1	KARS	NARS	RPL22	QARS
90	1.0	IGLV2-23	IGLL3P	IGLJ3	IGJ	IGKV4-1	IGKV1-5	IGL@
91	1.0	GABARAP	LAPTM4A
92	1.0	CEMP1	VHL	IBSP	PYY2	FAM75C2	LOC100507630	KCNQ1DN	P2RX3	MBL1P	GCGR	SSTR5	KLF17P1	FOXP3
93	1.0	KCNJ15	CRISPLD2	SECTM1	FFAR2	IL4R	MAP3K5	EMR2	TREM1	IL18RAP	LRMP	FPR2	HAL	HCAR3	MGAM	JHDM1D	IL6R	NFE2	PLCG2	CXCR2	DYSF	S100P	TNFRSF10C	ANPEP	KCNJ2	CSF3R	CPPED1	CXCR1	PADI2	QPCT	MMP25
94	1.0	IFNA10	ZPBP	NMBR	IFNA16	PRO2012	OR7E24
95	1.0	DAD1	DYNLRB1	CSNK2B	GTF3A	PRDX6
96	1.0	AHSG	HCN4
97	1.0	ARF5	AGPAT1	PPP2R1A	RNF167	HGS	NAA60
98	1.0	DES	MYLPF	MYL2	CKM	ACTC1	TNNC2	NEB	MYH7	MYL1	ACTA1	MYBPC1
99	1.0	PENK	HSPB2	CSPG4	KCNE4	MAP1A	EMX2	SVEP1	MEG3	GDF5	ELN	POM121L9P	NTF3	DAAM2	PTGFR	CACNA1C	KIAA1644	GREM2	FGF1	LPPR4	NGF	LOC100287387	AOX1	PRRX2	KCNK2	GLI2	CCIN	SHOX	HTR2A	SCRG1	ABI3BP	CDH6	VSTM4	NPR3	FGF7	ADAMTS2	PAPPA	VGLL3	ZNF385D	SLIT3
100	1.0	CADM3	CRX
101	1.0	DAO	CYP4A11	SLC17A1	C6orf208	SLC7A9	SLC17A3	NR1I3	PON1	CYP2C19	TTPA
102	1.0	OMP	ACTL7B
103	1.0	GNRHR	FLG	SLURP1	IL36A	IL36RN	ADH7	LCE2B	DEFB4A	CYP24A1	KLK14	DKK4	LOR	CLDN17	KLK5	C6orf15	LY6G6C	CALML5	CDSN
104	1.0	PLA2G1B	CHIA	TBX4	ROS1	CNTN6	CLDN18	AGTR2
105	1.0	GZMH	CD3E	CD27	TRDV3	TARP	SPOCK2	CD8A	ZAP70	GZMK	CTSW
106	1.0	PABPC1	CHRND	TUBA8	NPHP1	RAP1B	ACTL7A	TMBIM6	AP3S1	AANAT	MYBPH	MYH6	UCP3	PITX3	ASB4	LBX1
107	1.0	COL19A1	AVPR1B	RBMXL2	CCDC70	LOC440792	CXorf27	CDKL5	CHRM4	KCNC3	KCNH4
108	1.0	TBC1D29	GPT
109	1.0	FAM66D	TSSK1B	GHSR	C8orf39	BOK
110	1.0	NEIL3	CIT	RAD51	SKA1	ERCC6L	PTTG3P	NCAPH	SPC25	TROAP	KIF23	EXO1	POLE2	GTSE1	DEPDC1	MCM10	CDC6	CDCA3	ESPL1	CDC45	KIFC1
111	1.0	IFIT1	IFI35	OAS3	MX1	PARP12	IFI6	IRF7	IFIT3	DDX60
112	1.0	SLC5A7	PDE4C
113	1.0	SSR4	UXT	PPIB	PDIA3	ITGB1	DDOST	CLTA	YWHAQ	MIF	RPN2	ANP32B	TUBB	SLC25A6	ATP1B3	TRAM1
114	1.0	HIST1H2AL	HIST1H3C	HIST1H1B	HIST1H3B	HIST1H3F	HIST1H3I	HIST1H2AM
115	1.0	DEXI	CFL1	KLHDC3	MID1IP1	VPS4A	GSTM2	UBAP2	POLB	EIF2B3	CARM1	KEAP1	GSTM1	GPS2	GTPBP8	CTDNEP1	RNF123	UQCC	DVL1	SDR39U1
116	1.0	GLRA2	CACNG2	KCNC1	CDH22	JPH3	BRSK2
117	1.0	TTR	PRSS1	APOH	FGG	HPD	CGA	SERPIND1	SERPINA7
118	1.0	COX6B1	RPS14P3
119	1.0	HAND2	DKFZP434L187
120	1.0	PRDM8	OR12D3
121	1.0	PRKCG	ENTPD2
122	1.0	SPRR1A	CALML3	KRT6A	LY6D	DSG3	KRT16	SPRR1B	SPRR3	IVL	SPRR2B
123	1.0	PCDHGB6	LOC1720
124	1.0	CD96	SIRPG	CD8B	KLRD1	FASLG	TRD@	CD7	SH2D1A	TRAT1	CD3G	CD6	ICOS
125	1.0	NDUFB8	COX7A2L	HIGD1A	PSMD6	TIMM8B	GHITM	MRP63	UBL5	TCEB1	TXNL4A	NDUFA6	COX5B	HBXIP	POLR2J	SF3B5
126	1.0	IER3IP1	EXOSC1
127	1.0	WSCD2	ADARB2	MEPE
128	1.0	ATP5G3	PSMG2	COX5A	SOD1	C14orf166	NDUFC2
129	1.0	CLK2	CERK	FAM134C	CPSF7	MTMR1	GGNBP2	ESYT1	IRF3	SEC24C	WDR6	AIP	SMARCB1	METTL17	CXXC1	NSUN5
130	1.0	ATAD2	APOBEC3B	ORC6
131	1.0	KIR2DS4	NCR1	KIR2DS5	KIR2DS1	KIR2DS3	KIR3DS1	KIR2DS2	KIR2DL4	LIM2	KIR2DL2	KIR3DL1	KIR3DL3	KIR2DL1	KIR2DL3
132	1.0	DUSP11	STAMBP
133	1.0	PGAM1	ATP1B4	ENO1	MYOD1	ARPC3	PABPC3	SEC61B	HMGN1	SLC25A5	MYH7B	AQP4	CAPZA1	COX6A1	CAP1	SSR2	YWHAZ	CLIC1
134	1.0	GABARAPL2	IST1
135	1.0	CCDC72	POMP	SRP14
136	1.0	SOAT2	SULT2A1	LGSN	UGT2B4	SERPINF2	ITIH1	ABCC2	SARDH	HPR	SERPINC1	MTTP	PROC	SLC38A3	C19orf80	PAH	LIPC	RHBG	SLC2A2	GATA4
137	1.0	CT62	LOC100129648	TFDP3	DUSP21	DOT1L	FOXL1	SLC22A8	MORN1	NEU2	GPR25	PCDHGA11	CELA2A	C3orf36	LRRC3	FLJ20712
138	1.0	UBA52	RPS15	RPL39	RPS6	RPL23A	RPS29
139	1.0	CD80	LGALS14	ITM2B	STAG3	GPR15	IL12B	TEC	HMHB1	T	AICDA	CCL22	BATF3	CCR10	FXYD2	CCL17	UGT2B17	SOCS1	POMC	TNFSF11	PHACTR1	IL10	IKZF2	ATP6V1G1	EBI3	HLA-DOA	TNF	TNFRSF8	OAT	SDCBP	ZBTB32	SERPINB10
140	1.0	RPS17	KDSR
141	1.0	MRTO4	MRPL35	HSPA14	UCK2	CTPS	NXT1	TIMM10
142	1.0	CXorf40B	AGPS	PPM1D	C20orf11	AKT1	FTSJ3	NRAS	PI4KB	VPS72	TAF11	PTRH2	SMG8	CXorf40A	AP1G1	NMD3	PEX11B	KIAA0182
143	1.0	NCR2	LILRP2
144	1.0	SLC10A2	SLC12A3	SLC5A12	SLC13A1	CASR	TRPC7	SLC22A11	SLC22A13	ANGPTL3	REN	CLCNKB	AQP6	HRG
145	1.0	GDNF	PSG3
146	1.0	TGFB1I1	EFEMP2	COL5A1	TIMP3	FBN1	MXRA8	SPOCK1	PCOLCE	FKBP9	NUPR1	LTBP2	MFAP2	PXDN	LOXL1	MRC2	MYL9	DAB2	GAS6	SNAI2	LAMB1	IGFBP6	IGFBP3	ADAMTS1	PTRF	CDH11	MYLK
147	1.0	IKBKAP	CDC23	FANCL	NUP133	PARP2	RPAP3	C12orf24	ALG6	CCDC99	PDCD5	NSMCE4A	RFC2	NARS2	ACTR6	UPF3B	DONSON	TIPIN
148	1.0	IGKV1D-8	BPNT1	LOC100508797	IGLV4-60	IGH@	IGLV6-57	IGKV3-20	IGLV3-19	IGLV1-40
149	1.0	RPP40	WDR77	CCDC86	MRPL48	NOP2	POLR3E	DDX10	MAK16	NAT10
150	1.0	POLA2	PKMYT1	C16orf59	C17orf53	E2F1	CDC25A	CLSPN	ORC1	RAD54L	TRAIP	RECQL4	CHAF1B	CDC25C	C1orf135	CCNF	CDT1	DSCC1
151	1.0	NXF2	TPTE	CDH12	ADAMTS20	MAGEA5	LINC00328	RNF17	MAGEB2	MAGEA10	MAGEC2	BAGE	MAGEA1	MAGEA12	SAGE1	HTR2C	CDH18	GABRA3	LOC441601	LOC644450	ACTL8	TMPRSS15	HERC2P3	MAGEA8	SSX1	SOHLH2	VCX2	MAGEA11	CTAG2	PAEP	MAGEC1	NAA11	GABRA6
152	1.0	RBM17	IQCC	DOHH	ADAMTS7	IKZF4	CELA3B	FCN2	PDZD7	TONSL	MATN4	TP53TG5
153	1.0	ADAR	MYH8	MAP6D1	MYOG	MYH13	NEURL	MYH4	SLC2A4	SCN4A	SEP15	ARPC5	SEMA6C	MYF5	HYAL4	CAMK2A	PFKFB1	LMO1	CHRNA1	COPB1	KCNJ12	CLCN1	SIM1	SPTB	FBXO40	HIF1A	DDN	PPT1	MSTN	TMEM123	PPP1R3A	MYL4	MYLK3	ACTR3	RAPSN	CDH15	RXRG	UPK3A
154	1.0	APOA2	DAZL	LRAT	SRY	MYL7	VRTN	CHCHD2	GRID2	UTF1	PRDM14	GDF3	ITGB1BP3	LECT1	FOXH1
155	1.0	HIST1H3A	HIST1H2BB	HIST1H2BN	HIST1H4E	HIST1H2BM	HIST1H2BO	HIST1H2AK	HIST1H2AI	HIST1H4D	HIST1H4B
156	1.0	FABP3	MTNR1B
157	1.0	NRAP	FBP2	SYNPO2L	KRT76	HRC	CACNG1	RPL3L
158	1.0	MAGEB4	GTPBP10
159	1.0	IFNA1	IFNA2
160	1.0	KCNQ4	CELA2B	AIRE	DUX1	KCNC2	DKFZP434A062	NYX	GPR144	NR5A1
161	1.0	SCNN1G	PADI1	CYP2C9	GAST	GRIN2B	ASIP	F9	SLC28A3	PPY	FAM153A	XDH	GALR3	SLC10A1	CA1	KRT2	CASZ1	SLC5A5	OR5I1	POM121L2	PGLYRP4	ALS2CL	TRPV5	COL11A2	SLC2A9	GPRIN2	NTN1	GK2	MMP27
162	1.0	OLFM4	BPI	PRTN3	MMP8	ELANE	DEFA4	CEACAM8	MS4A3	RNASE3	MPO	AZU1
163	1.0	OR10H3	OR1D2	RFPL3	TAS2R16	RRH	FSCN3	KLF15	ZNF507	TAS2R1	TAAR2	CETN1	IFNA17	LHX3	GRM6	INHBC	TSHB	ACRV1	IFNA14
164	1.0	TPR	PRR11	ATG12	ZNF292	HAUS2	SETD5	SLC25A16	SLC35E1	SCAF11	PGF	FKSG49	ZNF721	ZNF160	SF3B1	SRRM2	GOSR1
165	1.0	MMP9	IGF2R	CNN2	CHST15	IRF1	IL17RA	TCIRG1	CKLF	TLR2	PARP8	MX2	PLEKHO2	TNFRSF1A	APOBEC3A	IL10RB	VASP	TNFAIP2	SOD2	TPST2	FAM129A	SLC31A2	KIAA0247	GBP2
166	1.0	MGC12488	MBTD1	FAM48A	ZNF451	FCF1	POLR2J4	GTF2H2B	SCAF4	CG030	NACA	GNRH1	MON2	GON4L	EBLN2	KDM4C	LINC00342	ZBTB44	ITFG2	NFATC3	NPIPL3	NSUN6	LOC100506653	REPS1	TTLL5
167	1.0	SLC17A2	F13B	C8A	MBL2	SERPINA10	NAT8	ONECUT1	AKR1D1	ABCG5
168	1.0	FGL1	ITIH3	APOC3	FABP1	CPB2	FGA	FGB	SPANXC	F2
169	1.0	RPLP1	RPL7A	RPS27	RPL27	RPS23	RPS10	RPS16	RPL6	RPL32	RPS13	RPL37	RPL21	RPL19	RPL30
170	1.0	RAD51AP1	STMN1	PRIM1	RFC3	GINS2	CCNA2	CEP55	EZH2	DLGAP5
171	1.0	PAX8	LBP	HS3ST2	BEAN1	GTDC1	SEMA6D	APOB	OPRK1	TSHZ2	UCP1	TRPM8	C1orf95	FRAS1	CELA3A	CER1	RARB	OR52A1	C8orf51	PAX2	KCNQ3	PCDHGA1	MAPK10	GRPR	GSTM5	B3GNT4	NXPH3	LRTM1	HHIPL2	FMO4	SH3GL3	CYP17A1	OR7E156P	CHRNB3	ARHGEF38	PZP	ITIH2	SYT13	SLC6A13	STRA6	RFPL2	KIAA1467	ACAN	PRPH	CPB1	SCGB1D1	NPY5R	MYOC	COLEC11	GABRA4	PIGR	HAND1	TEX15	MPP3	COLEC10	SLC7A4	NDNF	TAC3	PAPPA2	TRIM48	ZNF280A	MT3
172	1.0	UQCR11	NOP10	RPS9	COX7A2	C20orf24
173	1.0	FNDC3A	UFM1	FAM18B1	ACBD3	UNC50	CCDC90B	PDIA4	TMEM106B	ARMCX3	TBL2	ITFG1	ARL1	DERL2	STT3A	SEC63	GOLGA5	DNAJB9	C1GALT1C1	UBXN4	C1orf9	SCFD1	GLT8D1	TMED7	TMEM50B	ARFGAP3	ERGIC2
174	1.0	VENTXP1	PRX
175	1.0	DHFR	TOPBP1	ASPM	GINS1	HMMR	CKAP2	DBF4	TMPO	DTL	LMNB1	BUB1B
176	1.0	SLC5A4	DKFZP686O1327	PMP2	RLBP1	ROPN1B	SLC45A2	FOXD3	EXTL1	PAX3	KCNJ13	PI15	SOX10	TRPM1	MUC7	GAPDHS
177	1.0	GTF2H3	ZNF44	KIAA0894	FBXW12	ZNF611	ANKRD36B	ATP8B1
178	1.0	CD79A	RHOH	POU2AF1	MS4A1	TCL1A	PAX5
179	1.0	C13orf44	WAPAL	GNAS	PVT1	MCL1	MRPL52	NCKAP1	PTENP1	TIAM2	YY1	ZNF384	PMCH	EIF5B	RNF185	MAGOH2	RPAIN	PKD2L2	OSGIN2	DGCR6L	C10orf12	MRPL41	PRPF18	MRPS18C	IL18BP	HR44	SAP30	PDCD2	ZNF770	ARL2BP	RPL14	MAGT1	BMP8B	EEF1D	RQCD1	ATP6V0E1	RPLP2	ING2
180	1.0	CCND2	ANXA6	ISG20	LPXN	KLRF1	BMX	IGHM	SARS	NELL2	RFTN1	SORL1	SPRY1	CORO1A	MERTK	HOPX	RAC2	STAT4	PLAU	LYN	APOBEC3G	IDO1	PF4	MAL	P2RY6	GCH1	RASGRP2	ST6GAL1	TNFRSF12A	DACH1	CHIT1	BCL11B	LPAR6	CPVL	IL7R	SLC38A1	IRF8	CYFIP2	SERPINB9	PRKCH
181	1.0	SUV420H1	RNF38	ZDHHC17	USP8	FBXO11	NKTR	CRBN	BBX	DNAJB14	ZNF148	ZNF24	CREB1	KDM5A	COL4A3BP	CHD9
182	1.0	PCDHA2	PCDHA3	PCDHA6	PCDHA5
183	1.0	NDUFS8	MTIF2	SDHB	MRPS7	TIMM23	MRPL34	MRPS18B	MRPS15	MRPS22	NDUFAF3	COPS3	NDUFS1	ATP5G1	UTP11L	MRPL40	MRPS28	CISD1	IDH3B	TMEM93
184	1.0	PSMB7	NDUFC1	NDUFA13	RBX1	NEDD8	UQCRQ
185	1.0	CACNA1F	RBP3	ADCYAP1R1	OR10H1	PDE11A
186	1.0	EHD3	COL13A1	PNMAL1	TRPC1	SFRP1	CDH2	KRT19	CPS1	CORO2B	AK5	MPDZ	PRKD1	FKBP10	RAB3B	NDRG4	NAV3	RBMS3	LDOC1	ARHGEF10	LEPREL2	SYDE1	TMEFF1	FGD1	WASF3	POPDC3	STK32B	STAC	ELOVL4	ROR1	BDNF	SUSD5	SLC16A2	EVC	AASS	PNMA2	ZNF365	ANTXR1	GJC1	SLC6A15	DYNC2H1	ARHGAP28	VAMP8	SMARCA1	KCNG1	DZIP1	FOXL2	NRIP3	GLRB	GPR161	GNAI1	GPR176	TRPC4	LARP6	FGF2	STEAP1B	EDIL3	TMEM22	SCARA3	TTC28	ADAMTS3	ODZ3	TPST1
187	1.0	FTH1P5	CCPG1
188	1.0	KLHL29	GARNL3	LOC100294145	PBRM1	CCDC144A	ADCK4	CLTC	ZNF277	FLJ11710	RREB1	TAPT1	CASC5	TIGD1L	C16orf70
189	1.0	SPINK4	MUC2	CLCA1	DMBT1
190	1.0	TMEM59L	BSN	SYN2	PAK7	AP3B2	SEZ6L	SLC8A2	TMEM151B	SYP	MYT1
191	1.0	AKIRIN1	CARHSP1	YWHAH	EXOSC7	JARID2	KDM1A	CDKN2C	RBM7	SIRT1	TNPO3	TRIM24	LIN28A	MSH2	ADSS	TEX10	NUDT15	THYN1	PFAS	SEPHS1	NUP205	SLC16A1	INPP5F	TERF1	SIAH1	SLC25A13	ORC3
192	1.0	ARCN1	GORASP2	RPN1	YIF1A	SEC61A1	SEC13	ZMPSTE24	C19orf10	TMX2	CREB3L2	SDF4	GANAB	C15orf24	VCP	TXNDC15	MGAT2	TMCO1	COPZ1	MANF	CRELD2	SRPRB	TMED9	DERL1	TMED2	FKBP11	CNPY2	C20orf30	HYOU1	ALG5	C7orf42	BSG	P4HB	TMED10	SSR1	RER1	KDELR2
193	1.0	BEGAIN	B3GAT1	RUNDC3A	RPH3A	PVALB	FXYD7	PPP2R2B	TMCC2	ADD2	RGS6	SCN3A	CHRNA3	NCAM1	D4S234E	KIF5C	MCF2	KLHDC8A	DNM3	ATP1B2	CACNA2D2	ODZ1	CUX2	GNAZ	KCNH2	JAKMIP2	RFPL1-AS1	ATP8A2	NTRK1	HPCAL4	GRAMD1B	NEFL
194	1.0	IRX4	TP63	FOXE1	SERPINB13	BBOX1	GPR87	HES2	HSD17B1	ENTPD3	PKP1	LPAR3	ARHGEF4	ABCA12	TMEM40	PLCH2	CDRT1	GPR110	FAT2	DUOX1	TNS4	SOX15	KRT4	PAX9	GJB5	TP53AIP1	PVRL1
195	1.0	C17orf75	C1orf109	BCOR	DTWD1	BRIX1	RCBTB1	C7orf64	SMEK2	TBCCD1	HAUS6	TAF1B	ANGEL2	POLR3F	MED7	KIN	C14orf135	RINT1	ZNF639	RWDD3	FIP1L1	WRN	DBR1	CHUK	MED4	RPL23AP7	MAGOHB	RSF1	ZNF184	TUBGCP3	COPA	STAG3L4	CUL2	TAAR3	IREB2	NACA2	PDE12	LOC100506935	TOPORS	DNAAF2	CDKN2AIP	NARG2	CBLL1	GTF2F2	HNRNPA3P1	MYNN	PHF14	NEK4	AHCTF1	FAM204A	SPAST	KIAA1704	BLZF1	ANAPC10	ZCCHC10	Morf4L1	YEATS4	C4orf43	CDC73	CDK8	CXorf56	MBIP	RIF1	NOL10	THAP1	KLHL20	PAQR3
196	1.0	LINC00302	ARSF	ENDOU	IL37	CD207	PSORS1C2	TYR	KRT75	KRT31	LAMB4	MLANA	MT4	ALOXE3	FOXN1	DCT	C1orf68	CIDEA	IL1RL2
197	1.0	SLAMF8	CCL13	HPGDS	ADAMDEC1	LILRB5	FPR3	C2	SIGLEC1	CXCL11	TREM2	FCGR1B	FOLR2	C3AR1	CD4	CXCL13	SAMSN1	SLCO2B1	FPR1	APOC2	CCL8	CCL4	RGS1	MSR1	GPR183
198	1.0	IL2RB	GZMB	CD2	KLRB1	KLRK1	ITK	CCR7	PRF1	CD3D	CD247	GZMA	GNLY
199	1.0	PRG3	GYPA	GYPE	KLF1	HBZ	PDE6H	HBQ1	GATA1	GYPB	OSBP2	RHD	DPPA4	RHAG	SPTA1	TRIM10	KEL	TSPO2	HBBP1	RHCE	DNTT	MOBP	ANK1
200	1.0	FLT1	TEK	NOS3	NOTCH4	ERG	LYVE1	SEMA3G	GJA5	KANK3	GGT5	RAMP2	NPR1	FCN3	CD34	SOX18	SOX17	GPR4	GRRP1	MYCT1	CLEC1A	ACVRL1	PDE2A	FAM124B	PTPRB	PCDH12	RASIP1	FAM107A
201	1.0	KRT13	SERPINB3	SCGB1A1	SERPINB4	DSG1	RHCG	SPRR2C	CRNN	S100A7	TMPRSS11E	KLK7	PADI3	CRCT1	TGM1	IL36G	KLK8
202	1.0	VNN1	FOLR3	SLC11A1	F5	DHRS9	P2RX1	ASGR2	HHEX	PSTPIP2	LILRA3	SIGLEC5	EMR1	TLR8	TLR4	RETN	LILRA5	CD244	GPR97	LILRA1	RNASE2	PADI4	HK3
203	1.0	MGA	PEX12	C17orf42	E2F6	ZNF696	BOLA1	CRIPT	TRMT12	PUS3	CCDC121	MKKS	ZNF143	ZBTB24	ZKSCAN4	MTERF	CSTF2T	ALKBH1	ZNF197	C2orf44	C10orf88	PTCD1	ZBTB6	HARS2	C11orf30	TIGD6	ZNF764	C16orf88	THNSL1	ZKSCAN3	ZNF174	METTL18	GIN1	CSTF1	ZNF232	ZNF79	C2orf42	WDR5B	ANKRD40	SMUG1	ZNF434	ZNF322P1	TMEM186	TUBD1	ZNF16	PALB2	GPATCH1	HINFP	LRIF1	ZBTB3	ZNF200	GTF2E1	NME6	DIEXF	LOC100287590	PARG	ZNF193	TRIM32	METTL13	ZNF180	PAPOLG	ACTR8	ZNF250	C5orf54	TAF1A	ZNF473	LCMT2	DDX23	ZNF7	LMAN2L	RIC8B	PRUNE	RBM4B	FAM175B
204	1.0	CHM	KCTD20	GNA13	GTF2I	EXOC5	ZNF192	FBXO38	FBXW11	C10orf28	SP1	IPO8	TGFBR1	MBTPS2	ZBTB33	SCYL2	LMAN1
205	1.0	UBE2E1	Morf4L2	C11orf58	PSMA2
206	1.0	ARID4B	DENND4B	RNF44	SMCHD1	ATXN7	JMJD1C	SETD1B	CREBBP	ENTPD4	TAOK3	N4BP2L2	ACAP2	MSL3	SPSB3	AKAP17A	C12orf35
207	1.0	MTRR	DROSHA	HCCS	PCID2	KIAA0947	PAPD7	C8orf33	FASTKD3	RAD1	ATF1	C5orf22
208	1.0	CRHBP	PRG4	GLYAT	KCNIP2	ADRA1A	AVPR2	AVPR1A	C6	PPP2CA	PDE1B	LHCGR	CSN1S1	WNT11	SLC7A10	SCN11A	LOC100131825	CSN3
209	1.0	RFX3	CCDC40	C1orf129	ZNF157	FAM182A	ACSM1	GPR135	C16orf71	TRAF3IP1	AKAP3	BTG4	TMEM212	CNTN5	LOC400084	SPAG8
210	1.0	KIF4A	PLK1	FOXM1	MKI67	CDCA8	FAM64A	AURKB	KIF18B	NEK2
211	1.0	LRRC32	ANGPT2	APLNR	CALCRL	GJA4	TIE1	EMCN	CCL21	CLDN5	GPR116	KDR	SELE	CDH5	PLVAP	EDNRB	RAMP3	MYH11	FRZB	DARC	MMRN2
212	1.0	SCNN1A	AGR2	TSPAN1	CELSR1	CEACAM6	TMEM30B	DSC3	TFAP2A	RAB25	PLS1	ERVMER34-1	PSCA	VTCN1	CLDN3	ELF3	CST6	EDN2	PRR15L	WNT7A	PROM1	CEACAM5	SLC44A4	KRT23	SLC34A2	C19orf21	MSMB	MUC16	FXYD3	TFAP2C	ARTN	LYPD3	SPINT1	CLDN7	LSR	C1orf106	UPK3B	EPB41L4B	ERBB3	DDAH1
213	1.0	MAEA	USP4	FAM53C	PANK2	NCOA1	KIAA0430	RBM23	OSTF1	UBXN2B	IRF2	CTDSP1	CTBS	FRAT1	USP10	PIAS1	TSEN34	CHIC2	FLOT2	FRAT2	PPP2R5A	XPO6	C17orf62	KLHL2	CFLAR	PIM1	SEC14L1	NUP214	ZCCHC6	CYB5R4	NRBF2	NDEL1
214	1.0	CILP	ADH1B	ASPN	ITIH5	PLA2G2A	WISP2	DPT	FMO2	MFAP5	CHRDL1	AOC3	PLIN1	RASL12	CXCL14	LEP	ADIPOQ	THBS4	C7	DLC1
215	1.0	CENPF	KIF2C	ASF1B	NDC80	MYBL2	SHCBP1
216	1.0	IFIH1	IFI44L	IFI44	OASL	TRIM21	OAS1	HERC6	OAS2	XAF1	TDRD7	DDX58	RSAD2	IFIT2
217	1.0	PECAM1	F13A1	C1QA	C1QB	CCL18	CD14	HLA-DRB6	CXCL9	FCER1G	HLA-DQA1	HLA-DQB1	APOC1	TYROBP	MS4A6A	APOE
218	1.0	SDPR	RECK	BST1	PTX3	AMIGO2	TRIB2	CACNA2D3	FXYD6	FAM198B	SIRPA	MME	CYP27A1	VENTX	KLF7	ITGA6	FAM49A	KLF11	EZR	VASH1	HDAC4	TGFBR3	GAB2	SLCO3A1	FAM13A	TRIM58	IGFBP7	HNMT	SMARCD3	CSGALNACT1	PID1	ZEB2	PGCP	KIAA0922	FBN2	PELI2	CES1	PTGER2	ATP10A	CDKN1C	ALDH1A1	ZBTB16	AKR1C3	LRP1	TNS1	CPM	ASGR1	CYTL1	EPB41L3	TAL1	PTGDS	RTN1	CAMK1	TNFSF12	HGF	MAN1C1	RNF144A	ABCA1	FRY	MAF	ARHGEF40	XYLT1	MEF2C	TCN2	PCSK5	SLC14A1	PLXND1	CREB5	MYOF	HLX	ARHGEF10L	THBD
219	1.0	DGKB	CXorf1	SLC17A6	CA10	ST18	SCN1A	SORCS3	PPFIA2	SPOCK3
220	1.0	CRYGA	LCN1	PPBPL2	DEFB126	HSPC072
221	1.0	FAM155A	FSD1	RIMS2	LZTS1	SV2A	RGS17	DGKI	NFASC	NACAD	GPR85	NEFM	ADAM23	LSAMP	IL1RAPL1	TRO	FRMPD4	LYPD1	PDE1C	NLGN1	NRXN3	ODZ4	MMP16	SAMD14	EPHA5	AMPH	CPEB1	TMEM35	CNGA3	ETV1	MKNK2	DPYSL4	SHC3	SLC22A17	C11orf41	CDH4	GRIK2	SCN8A	NDP	CNIH3	SMAD9	NUDT11	ENOX1	GABBR2	RGS7
222	1.0	SMC1A	CACYBP	SRSF10	RAD21	CTR9	SRPK1	NOLC1	RBM12	ANP32E	RRP1B	SMNDC1	FUS	NOP56	U2SURP	AASDHPPT	H2AFV	UTP18	SRSF1	RNF138	TCERG1	HNRNPR	USP1	ZNF146	PRKDC	RSL1D1	SNRPA1	DENR	LRPPRC	SUZ12	KIAA1539	HIST1H4C	SYNCRIP	U2AF2	WBP11	FAM35A	NUP153	DDX46	PNN	SRSF4	KPNB1	COX11	EIF1AX	SNW1	ANP32A	PRPF40A
223	1.0	MUC8	H2AFZ	EIF4H	HSPA5	CACNA1E	UQCR10
224	1.0	TM4SF20	CELP	SI	PPP1R14D	HMGCS2	SLC6A20	C4BPA	MEP1A	SLC26A3	EPS8L3	BAIAP2L2	BCMO1	VIL1	PCK1	AZGP1	UGT2B28	SLC3A1	TFF2	ODAM	ERN2	NOS2	CDX1
225	1.0	REG3A	DEFA5	DPEP1	GUCA2A	REG1B	REG1P
226	1.0	PPPDE1	GTF3C2	ABCF1	ILF3	SF3B4	LUC7L2	SF3A1	KHSRP	CHERP	SMC3	RPA2	HNRNPUL1	DAZAP1	SF3B3	DHX9	LSM12	SMARCC1	SMARCA4	TOMM22	CSTF3	SNRNP70
227	1.0	LLPH	DHX29
228	1.0	VAPA	PTGES3
229	1.0	BANP	ZDHHC18	C10orf26	AMPD2	ITPK1	RALBP1	CCDC28A	MAML1	CSNK1D	CARS2	TYK2	TMEM164	TFE3	CNPY3	CASC3	KDM3B	NARF	NINJ1
230	1.0	ABCD1	OR7A5
231	1.0	ATHL1	ZNF467	UBN1	NBEAL2	IQSEC1	PRR14	EGLN2	ATG2A	NOTCH1	IMPDH1	CSNK1G2	MAP3K3	ARAP1	PPM1F	MAN2A2	RGL2	XKR8	PISD	KDM6B	MAST3	STX10	PHF21A	SIPA1	DENND3	MPPE1
232	1.0	FANCG	LMNB2	POLD1	XRCC3	FANCA	HAUS5	CCNE1	NUDT1	RFWD3	SUV39H1	POLE	TACC3	NCAPH2	CHAF1A	KIF22	LIG1	WHSC1	MXD3	BLM	DDX11
233	1.0	DLST	ASNA1	MEPCE	DDX41	C19orf50
234	1.0	HOXB6	HOXD11	HOXC6	PRAME	HOXC10	HOXB7	SIM2	HOXA4	HOXA7	HOXD10	PITX2	HOXB9	HOXA10	HOXA5	HOXA2	HOXB8	TAF7L	HOXB3	IGFBP2	HOXD9	HOXA11	HOXB5
235	1.0	TSPAN14	SVIL	RAB27B	OSBPL10	ARAP3	CLIC3	SSH3	SMOX	ABCC3	LTBR	PMAIP1	TBC1D2	IL13RA1	WLS	CORO2A	ACVR1B	SLC16A5	FOSL2	SGPL1	IGF2BP2	PHACTR2	INPP4B	CXCL2	TGFA	SMAGP	KLF3	MITF	PRR5L	SLC35D2	TMEM2	CLU	CDA	ALDH3B1	UPP1	HPSE	OSBPL9	FAM60A	FAS	SPHK1	MTMR11	WDFY3	MICAL2	UXS1	CXCL5	SLC22A4	GPR56	PSIP1	EDEM1	DUSP3	SWAP70	RAP1GAP2	SS18L2	SMPDL3A	TCF7L2	PXN	NACC2	SEMA3C	AGPAT2	FKBP1B	IL1RAP	F2RL1	TBC1D8	UBE2G1	TIMP2	RIN2	FHL1	GSN	CBR3	THBS1	TBC1D9	PLEKHA1	TMEM158	PTGS2	ACADM	GAS2L1	RFX5	PARP1	OGFRL1	F2R	CXCL1	REPIN1	KIAA1598	DHRS3	SFXN3	PLEC	PLAUR	PROS1
236	1.0	AFM	PRODH2	C8B	APOC4
237	1.0	MUC5B	CAPN9	C4orf19	SHANK2	C10orf81	KIAA1324	SLC27A2	STYK1	DLG3	HSD11B2	TJP3	FAAH	FA2H	ATP2C2	SLC9A2	SMPDL3B	COBL	PLEKHA6	BCAS1	HDHD3	FOXA1	PLA2G10	IL20RA	TTC39A	CATSPERB	CLMN	PRSS16	SCGB2A1	ICA1	BSPRY	SCIN	TMPRSS2	FAM83E	RAB17	LLGL2	OR7E14P	CDH3
238	1.0	PDE3B	INSL3	ST8SIA1	IL26	ACSL6	ABCD2	BACH2	ANKRD55	APBA2	RASA3	LINS	CDKN2D	ANXA4	CCR9	ST3GAL5	WNT10B	HSPB1	GPR44	ANGPT4	LIME1	TNFRSF25	PPIAL4A	UTS2	GPA33	IL9R	TNFSF8	S1PR5	INPP4A	TPD52	IL12RB1	CLPS	TUBB2C	GATA3	RORA	LOC79015	STAMBPL1	TFG	CAMK4	RGS9	LRRN3	SPINK2	PDE4D	CA5B	ETS1	TKTL1	CYSLTR2	NCR3	CHMP7	MGST3	KIR2DL5A	CDC14A	PTPN4	NMUR1	KLF12	PLEKHF1	LOC100507397	RCAN3	IDH1	OCM2	CXCR5	PRKCQ	TOX	DSC1
239	1.0	VDAC2	CCT4	NCL	CYCS	RAN
240	1.0	AIDA	CKAP4	PER2	DRAP1	TPM4	HSD17B8	ARID5B	HEBP1	MARCKS	P4HA1	P4HA2	GOLT1B	NT5E	RIC8A	RND3	RABAC1	FAM114A1	RRAS	RRAS2	PLOD1	VKORC1	RBMS1	ADM	RPS6KA5	VAT1	RSU1	ITGB1BP1	YIPF5	MYH9	ITGA5	PDGFC	PDLIM2	PLIN3	CLIC4	TRIOBP	LAMC1	SMURF2	CD151	GADD45A	FLNA	GALNT2	PRSS23	CDKN1A	RASA1	LMNA	QSOX1	RRAGC	MCFD2	SEPT11	C5orf13	CITED2	ARAP2	EXT2	CRIM1	ILK	SERPINE2	FNDC3B	TRAM2	TMEM165	SERPINH1	TMEM43	DSE	PDIA5	CNN3	DAP	ACTN1	CALU	PLSCR3	PIK3C2B	PLOD3
241	1.0	HIST1H2BE	HIST1H2BC	HIST1H3G	OR2B6	HIST1H2BG	HIST1H2BH	HIST1H2BI	HIST1H2BF	HIST1H4H	HIST1H2AG	HIST1H3H	HIST1H2AJ	HIST1H2BJ	HIST1H2AE	HIST3H2A	HIST2H2AA3	HIST2H2BE
242	1.0	RPS12	RPS18	RPL24
243	1.0	GNA12	PRRG3
244	1.0	GRIN2A	CDH8	CNKSR2	SLC1A6	TBR1	NEUROD2	GAD2	ANKRD34C	DLGAP2
245	1.0	GMPS	ITGB3BP	EEF1E1	DNAJC8	UTP6	NUP107	NDUFAF4	MAGOH
246	1.0	ACCN1	DLG2	CDH7	MTUS2	DAB1	KCNV1	NELL1	IMPG1	RYR2	PSD	CDR1
247	1.0	ZNF701	ZNF529	ZNF136	ZNF493	ZNF140	DEM1	ZNF208	ZNF492	ZNF10	ZNF253	ZNF528	ZNF83	ZNF813	ZNF586	ZNF154	ZNF442	ZNF304	ZNF141	ZNF254	ZNF345	ZNF665	ZNF606	ZNF329	ZNF331	ZNF14	ZNF551	ZFP30	NAG18	ZNF257	ZNF671	ZNF506	ZNF43	ZNF432	ZNF85	ZNF571	ZNF93	ZNF682	ZSCAN18	ZNF137P
248	1.0	CNBP
249	1.0	SERF2	RPL11	SUMO2	TMSB10
250	1.0	CPSF3L	DUS1L	BOP1	APEH	HDAC3	DHPS	GADD45GIP1	RFXANK	CCDC85B	C12orf10	C6orf108	EIF2B4	TAF6	RABEPK	MRPL28	COBRA1	GPS1	TIMM17B	CCDC51	EXOSC5	RBM42	MPG	CPSF4	EXOSC4	ATP5SL	WDR18	C12orf44	PES1	AAMP	SSNA1
251	1.0	SLC12A5	SNCB	TAGLN3	MYT1L	KCNQ2	ATP1A3	TUBB4	SLC17A7	COPG2IT1	ATP6V1G2	GNAO1	NMNAT2	SCAMP5	GNG3	KIF1A	SULT4A1	SYN1	FAIM2
252	1.0	UBE2O	SPTLC3	SFSWAP	RBM4	FLJ10038	GNL3LP1	TTBK2	DCAF16	HMBOX1	ASXL2	SCUBE3	LRCH3	PDPK1	TIMM50	DHTKD1	TMEM223	C14orf102	ZBTB40	GPATCH8	DCP1A	ZNF3	SCAI	PHACTR4	ZNF669	KPNA6	ADAT1	ZNF131	LOC202181	BTBD18	SEC22B	ZNF281	LOC729799	EP300	MAFG	MYO9A	POGLUT1	VPS53	KDM4A	NBR2
253	1.0	GJB1	HKDC1	PTPRH	ADH6	DDC	TM4SF5	HNF4G	C4BPB	ARSE	ANXA13	SGK2	CDHR2	UGT2A3	FOXA2	CYP3A7	SEMA4G
254	1.0	COCH	SSTR2	B4GALT6	DNAH17	S100A6	LMO3	TSPO	PIK3R3	CXXC4	CAPN2	GLDC	SIX3	CDK5R1	VASH2	EMID1	ADAM22	KCNA1	MGAT3	CEBPB	CHODL	CACNB4	QPRT	NEUROG2	KCND2	NRG2	PLP2	CNR1	TDRD12	OXTR	ASCL1	GPR63	CAST	EPHB1	DLGAP1
255	1.0	RAB5A	TOR1AIP1	FXC1	UBE2H	NXT2	TEX261	KIAA1109	PTPN12	PDK1	MAPK14	RAB3GAP1	CUL5	PAFAH1B1	DLG1	NUP50	ATP13A3	LSS	ZKSCAN1	FOXJ3	AGFG1	RB1	STX16	ARFGEF1	AP3B1	NCOR2	CDK17	XPO7	FKBP5	CCDC6	ROD1	OSBP	TMOD3	EML4	EIF4EBP2	CDYL	DGKE	API5	TNFRSF10B	LIN7C	SLC25A40	IDE	ARL6IP4	TMEM194A	NUS1P3	RAB6A	UBE2G2	DCTN5	SS18	NAB1	KIAA0494	CAMKK2	SNAP23	CUL4B	SEL1L	ERLIN1	MBNL2	CRKL	ECD	SAR1A	SKP2
256	1.0	VSX1	LRIT1
257	1.0	LOC80054	GLP1R	NPPA	ADCY10	AMN	ZFHX2	FUT5	PRDM12	BIRC7	DSPP	EXD3	RNLS	GGTLC2
258	1.0	EIF3D	ATP5G2	RPL36
259	1.0	IFT88	PPOX	AGBL2	IQCK	APPL2	KIAA0556	UNC119B	BBS1	LRRC48	C11orf49	FAM206A	PACRG	CASC1	CLUAP1	BSCL2	WDR19	NME5	IQCG	NEK11	ZBBX	IFT46	DNALI1	C7orf63	IFT52	C14orf45	SPAG6	TCTN1	C9orf116	TMEM231	RAB36	ZMYND10	EFCAB1	DNAH7	LRRC6	C9orf9	LZTFL1	WDR78	NME7
260	1.0	FGR	TNFRSF1B	AIF1	NCF2	MNDA	FGL2	CSF2RB	LST1	C1orf38	ITGAM	HCK	FCGR2A	CYBB	MYO1F
261	1.0	FMO1	TPPP3	PRELP	PLXDC1	KIT	PTGER3	FCER1A	WFDC1	NTRK2	SPON1	CD209	ITGA8	MEOX1	MS4A2	PDZRN4	OGN	DKK2	CORIN	FMO3	MMRN1	TRPC6	OLFML1	HDC	ENPEP	FCGBP	SOD3	NDUFA4L2	S100B	HSD11B1	CTSG	TMEM176A	ADRA2A	SLC24A3	OMD	TMEM176B	MT1M	SELP	CMA1
262	1.0	TRAF3IP3	BTN3A1	BIN2	NCKAP1L	DOCK2	GPR65	PTPRCAP	ITGAL	CD300A	SELPLG	IL16	GPSM3	INPP5D	MFNG
263	1.0	SCAMP2	TMEM208	SDF2L1	SLC38A10	TMEM109	TMEM214	B4GALT3	LMAN2	NCSTN	KDELR1	MAN2A1	DNAJC1	SND1	TOR3A	TM9SF1	SEC24A	PREB	FKBP2	HSPA13	PIGK	CDK2AP2	BET1	DUSP5	ATP13A1	CHST12
264	1.0	GRIN2D	C7orf69	CALCA	PRB3	PRAMEF12	HTR1E	LOC646934	BAI1	IGF2-AS	TEX28	PCDHB17	OR51E2	POU6F2	CPLX2	ANKRD53	SFTPC	SCN5A	KCNH6	PTGER1	LMX1B	TLX1	FGF8
265	1.0	NR0B2	GBA3	FAM186A	NR1H4	OTC	MIA2	CYP3A43	HNF4A	HNF1A	SLC30A10	SCGN	NPC1L1
266	1.0	PSAP	SLCO5A1	SLC16A10	CNTD2	CD38	BCAP31	CTNNA1	CDIPT	POPDC2	GAS2	SHC1	CBFA2T3	AGTPBP1	NGFRAP1	ANXA2P2	MBP	ADAM9	CTBP2	ERV3-2	LIMA1	TFEB	ABCB4	PGRMC1	APLP2	S100A11	NPC2	CCDC28B	RCN1	MC3R	CYFIP1	HEXB	ARPC1A	S100A10	N4BP2L1	RAB13	WBP5	PTTG1IP	TIMP1	CD9	COL4A4	NFATC1	TAX1BP3	PLS3	ANXA1	BCL2	ESR2	FBXW7	TM9SF3	MAP2K6
267	1.0	KCNK12	DYNLT1	RAG2	AFF2	VPREB1	CD63	TECTA	TSHR	GFRA4	NPTN	NDST3	RAC1	MKRN3	RAG1	TPO	MORC1	SLIT1	SIX6
268	1.0	CDH20	HGC6.3	ACOXL	PRM2	HEYL	AKAP4	BTF3P11	GSTTP1
269	1.0	IPO5	MARS	G3BP1	HAT1	DNTTIP2	PSMD1	IARS2	CDC123	TARS	UBE2V2	PSMD12	ATIC	DDX1	HAX1	EIF2S1	HSPH1	SHFM1	RTCD1	LOC100129361	POP4	HDAC2	POLR2K	LSM1	DGUOK	MRPL15	PFDN4	RARS	TAF9	PSMB5	PSMD2	AIMP1	BUD31	MRPL9	DRG1	SLC25A46	SMS	UBE2K	BCAS2	PSMC3	YARS	COPS4	GSPT1	TXNDC9	UBE2N	PSMD7	HSPA9	TIMM17A	RABGGTB	PFDN2	DDX47	AHSA1	CBX1	XPOT	MTCH2	FAM98A	UCHL3	EPRS	PWP1	RPL26L1	EIF3J	TMEM70	C22orf28	GLRX3	VDAC1	MRPL18	PSMD11	EIF5
270	1.0	OLAH	PTTG2	LDHB	SKIL	PPP2CB	DEK	CYB5R3	TRPM6	HIGD2A	SEMG1	ARL8B	METTL7A	LPO	GCM1	CSTB	PPP1R12B	AOC2	CASS4	SLC22A1	ANAPC5	GNAT2	VPS26A	JAK3	SCP2	MYBPC3	HADHB	DHX34	IFNB1	GPX1	MTCH1	KIAA0319	IL5RA	C19orf56	LGALS1	MYL12B	GSTO1	ANAPC13	CHRNA10	CCNG1	CMPK1	EIF4B	AGAP2	TCEB2	CSDE1	SLC25A3	MDH2	EIF2S2	POLR2L	AP2M1	ALOX15	PRDX3	SUMO3	DYNC1I2	PSMC2	PRDM5	HNRPDL	ATP6V1F	COX7C	DUT	RPL15	UQCRB	TAX1BP1
271	1.0	CDC7	KNTC1	DNA2	TIMELESS	KIF20B	ATAD5	PAXIP1	BARD1	WDR76	CCDC15	BRCA1	POLQ	HELLS	POLA1	BORA	CKAP5	NCAPD3	BRCA2
272	1.0	GALR1	GRIA1	CDH10	KCNIP1	RPE65	OPCML	CRB1	FLRT1	GRIA3	SLITRK3	SLCO1C1	NTRK3	CAMK1G	ZNF536	KCNJ10
273	1.0	FMO6P	C9orf68	DNAH2	KIAA1751	HYDIN	CCDC33	YSK4	TCP11	ASCL3
274	1.0	MAP2K3	PSMF1	CDC34	ASCC2	FOXO3	HAGH	WDR45	WASF2	UBXN6	FAM134A	SLC25A37	TRAK2	C9orf78	RBM38	NAPA	MARCH8	WBP2	RNF10	SIAH2	MARCH2	YY1AP1
275	1.0	TCF21	FOXF1	TPH1	STMN2	PCSK1	VIP	PTPRR	MAB21L2	SLC18A1	GRM8	CCL11	CHRM3	HOXB13	EDN3	SST	TRPA1
276	1.0	NKX6-1	NKX2-2	CITED1	DLL3	ST8SIA5	NPTX1	MYEF2	GBX2	DMRT1	PRDM13	DYNC1I1	TRIM9	EYA1	LOC283683	SNAP25	GPR37	SH3GL2	ANKRD7	FOXG1	KCNJ4	EN2	LHX2	INA	COL2A1	ECEL1	POU3F2	SLITRK5	NR2E1	TLL2	OLIG2	TLX3	EPHA7	CALCB	TRPC3	PAX6	NKX3-2	NR0B1	POU4F1	DLX6	BARX1	POU3F3	ALX1	NKX2-5	RPRM
277	1.0	S1PR2	KCNH1	PPP1R2P9	LOC399904
278	1.0	PCDHGA9	ZNF771	THEG	MTNR1A	CRYAA	DKKL1	ZFR2	MLN	TUB	SLC6A3	PPYR1	KLHL35	CRHR1	C22orf26	ADM2	GNB3	PGC	INHA	LOC729164	CHRNA4	CHAT	TSSK2	LOC100506571	DRP2	DRD4	OR10J1	CCK	AGRP	MYL3	ATG10	PNMA3	RSPH6A	KCNJ9	ZNF259P1	MCHR1	HIST1H4G	KRTAP5-9	PDE6A
279	1.0	MOS	TUBA3D	MC4R	YY2	HIST1H3E	TCTN2	NHEJ1	WDR4	C12orf49	CCZ1	ZNF747	GPRC5D	HHLA1	FOLR1	FGF22	CST5	SIRT6	RDH8	FKSG2	ASH1L	CRCP	C10orf68	UBE2NL	PPEF2	ULBP1	MED31	IFNA7	UBE2D4	COX10	CCRN4L	C1orf61	SYT12	RNF122	THRB	LENEP	LRRC37BP1	NENF	CNR2	TTC18	LGALS13	TBC1D2B	IGHMBP2	LINC00474	LOC100286895	HTR1F	GP1BA	NEU3	MEFV	ZW10	PIGL	CYLC2	LOC100128640	TCF20	IFNA4	ERN1	PHF8	HLA-F-AS1	SYNGR4	LOC100130331	ARR3	DSTNP2	LCT	CACNA1I	GPATCH4	SYCP1	FAM203A	ERCC4	HRH2	TMPRSS5	MRPL44	RPS3A	DOLPP1	KIR3DX1	FANCC	FRMD1	C8orf60	PHOX2A	IFNA21	CCDC9	TFAP4	ZNF816	RPL10L
280	1.0	GFI1B	MPL	CLEC1B	C6orf25	ALOX12	GP5	GP9	PF4V1	GP6	ITGA2B	CABP5
281	1.0	GAP43	TTYH1	RIT2	ERC2	SCG3	DDX25	DBC1	ZMAT4	GCK	GABRA5	ELAVL2	MAGEL2	MGAT4C	GABRB3	LRRTM4	CAMKV	PCDH8	FAM131B	DCX
282	1.0	CEBPZ	PRPS1	PNO1	HEATR1	RUVBL1	GAR1	PPP1R8	POLR3K	POLR2F	PPIH
283	1.0	CFHR4	DPYS	LECT2	SLCO1B1	HAO2
284	1.0	COL4A3	LOC100287483
285	1.0	HNRNPK	DDX5	SRP9
286	1.0	BGN	CCL2	OLFML3	FAP	CD248	COLEC12	GREM1	SPON2	ALDH1A3	COL11A1	RARRES2	NID2	LRRC15	COL10A1	THY1
287	1.0	KCNJ6	GRM1	APC2	ANKS1B	GRIK1	GRIN2C	ELAVL3	CACNA1G	KCNF1	CHD5	MAG	CACNA1B	PTPRN	NLGN3	BCAN
288	1.0	JUN	ATF3	DDIT3	CHD1	MAFF	GTF2B	ATP2B1	CHMP1B	TBK1	NXF1	RNF139	CCNL1	CDK11A	KDM3A	TSC22D3	RAP2C	EGR1	JUNB	GTF2H1	MOAP1	ZBTB1	ZNF394	TIPARP	ZFP36	MIR22HG	EAPP	DUSP1	CCDC59	NFIL3	JOSD1	H3F3B	TNFAIP3	OXSR1	C20orf111	MORC2	NIF3L1	COQ10B	KLF6	PPP1R15A	TBCC	RPL31	C12orf41	BNIP2	GADD45B	CNOT8	IL8	FOS	SERTAD2
289	1.0	CAPNS1	HRH4	DYNLL1	CCT8	ATP5C1	BTF3	ANXA2	SIGLEC8
290	1.0	TMCO3	USP29
291	1.0	FGF20	CSH1	TCL6	GH2	KHDRBS2	ADAM29	GH1	CSHL1	CSH2	TCL1B	POU1F1
292	1.0	ZNF500	CCNL2	CSAD	LONP2	EP400	MZF1	SUGP2	ZNF692	L3MBTL1	PAN2	LOC100272228	ZNF337	FLJ42627	JRK	TRPV1	SEC31B	LUC7L	RPL18	STAG3L1	CROCCP3	PILRB	LOC100507424	C12orf51	ZNF767	ZNRD1-AS1	TTLL3	NPFF	LOC155060	DIDO1	RFPL3-AS1	OTUD3	MLL
293	1.0	RPL10A	EIF3K	NDUFB4	ATP5H	C11orf10
294	1.0	SLC5A2	ONECUT2	BARX2	HAMP	HOXA6	ABO	ADH1A	NKX2-8	ALPPL2	SLC28A1	AQP7	PAGE4	APCS	MUC5AC	NEUROG3	TUBA4B	LOC100507164	BCL2L10	CYP2W1	CYP4F8	PKD2L1	CCL27	IGLL1	CLDN14	LILRA4	REM1	IGHA1	LY6G6D	PDHA2	PRAMEF10	BAAT	SLC34A1
295	1.0	MED25	RFX1	DGKQ	GPR137	RNF208	LRRC68	TOM1L2	MAP2K7	MLLT1	TRAPPC9	GBF1	WIZ	SEPT9	OSBPL7	TAOK2	FKBP8	ZNF646	ATN1	NCDN	CENPB	IRF2BP1	PACS1	ARHGAP35	MAP3K10	RAB11B	HSF1	MLL2	PIK3R2	ZBTB7B	RERE	DVL3	SOCS7	TRIM3	INTS1	PRICKLE3	PLEKHH3
296	1.0	C5AR1	PILRA	CFP	CLEC4A	NCF1C	IGSF6	FCGR2C	AQP9	TLR1	VNN2	SLA	FYB	CCR1	P2RY13	NCF4	ARHGAP25	NPL	HSPA6	LILRB3	FCGR3B	LILRB2
297	1.0	DOC2B	GHRH	RS1
298	1.0	ZFP64	ETFDH	GEMIN8	MRS2	LIAS	THG1L	STAU2	ABCB7	MSH3	PUS7L	RMND1	LACTB2	TASP1	RAD50	HIBCH	DLEU1	TGDS	POLR3B	COX15	SHQ1	PEX3	ELP4	POT1	TFB1M	QRSL1	CPT2	UBXN8	NUBPL	APTX	AP1AR	NUPL2	DYNC2LI1	PDSS2	ENOX2	C5orf28	DARS2	NAA35	UMPS	EFTUD1	PEX7	SEC23IP	PTER	N6AMT1	MTRF1	SPRYD7	COMMD10	ELP3	GEMIN2	POP1	INTS7	ORC5	GUF1	HS2ST1	TSSC1	LYRM2	PIGF	MINA	BCCIP	APOOL	ATR	METTL8	BCKDHB	ACADSB	DCAF17	IFT74	MINPP1	OXSM	MTO1	NUDT6	DCLRE1A	ORC2	PAAF1	BRCC3	DUS4L	CAMKMT	RIOK2	NUDT9	L2HGDH	CMAS	SLC25A17	WARS2	PLA2G12A	EFCAB11	MANEA	CHEK2	MIPEP	CEP76	PIGN	AGK	GALK2	HEATR3	LARS2	RPE	C15orf44
299	1.0	TFB2M	DDX18	WDR12	GTPBP4	SKIV2L2	NOC3L	SLC25A32	DIMT1	MRPS30	NUP88
300	1.0	THUMPD1	NFATC2IP	GOLGA8B	CHKB	RPL10	NSUN5P2	FNBP4	RBM26	ZNF266	BPTF	OFD1	PNISR
301	1.0	IL21	IL5	IL22
302	1.0	MRM1	NLE1	PWP2	PPRC1	REXO4	SDCCAG3	BCS1L	URB2	KIAA0664	FLAD1	SLC5A6	TBRG4	RRP1	TBL3	UBIAD1	C10orf2	SMYD5	ATAD3A	METTL1	TRMT1	IPO4	CD3EAP	GRWD1	WDR46	PDCD11	NOL6	HSPBP1	DPH2	PUS1	PPAN	RRP9	POLR1C	DNAJC11	ARMC6	NOC2L	BYSL	LETM1	GEMIN4	NOP14	WDR74	MYBBP1A
303	1.0	KCNK15	GLRA3	GREB1L	SCGB2A2	ERBB4	FOXI1	CYP2B7P1	CALCR	AR	ESR1	GFRA1	DIO1	ADAM2	CACNG4	LRP2	ATP6V1B1	ALB	KRT5	CYP21A2	GP2	PTPRT	CHRD	CLSTN2	HDAC11	CHAD	TFAP2B	TRPV6	THNSL2	ETNK2	PGR	BMPR1B	SERHL2	INPP5J	MB	MAPT	CTNND2	HOXC11	C6orf97	PDZK1	HPN	PRLR	GREB1	SCGB1D2	PP14571	SERPINA5	AZGP1P1	RET	DSCR6	CLUL1	HPX
304	1.0	PSMA1	NDUFAB1	NSA2	PRDX1	SNRPD2	NDUFB5
305	1.0	RNASE1	GPNMB	SPARCL1	LUM	C3	FSTL1	COL3A1	TGFBI	TAGLN	SPARC	POSTN	A2M	FN1	CTSK	COL1A2	GJA1	MMP2	PALLD	PMP22	COL6A3	DCN	C1S	ZFP36L1
306	1.0	SLC17A4	PDZD3	HTR4	TUBAL3	B3GALT5	CYP3A4	ATOH1	A1CF	MEP1B	TBX10	CA7	CHST5	BEST2	MADCAM1	BTNL3	SLC28A2	C6orf105	PYY
307	1.0	NLGN4X	MAP1LC3C	HOXD3	LGI2	LRRC17	ANK2	GPC3	HAPLN1	CHST1	BCHE	SOX11	TNMD	EFHD1	PLP1	COL21A1	NOVA1	CDH19	GPM6B	CNTN1	RUNX1T1	NAALAD2	NPY1R	PGBD5	NGFR	SLIT2	EPHA3	GDF10	PPP1R1A	REEP1	TRIL	LPHN3	DCLK1	SCUBE2	TCEAL2	DKK1	THSD7A	SNCAIP	NRN1	TMEM100	ITGA7	ZNF423	GPR64	RASL11B	JAM2	SEMA6A	DENND2A	ROR2	OLFM1	PTPRD	ST6GALNAC5	GPM6A	KCNAB1	CP	RAPGEF4	MPPED2	SYNDIG1	CDO1	HEY2	MARK1	NPTX2	SEPT4	FST	PEG3	GUCY1A2	RUNDC3B	DIRAS3	CACNB2	CAPN6	WIF1
308	1.0	MXRA5	C1R	VCAN	COL4A1	SULF1	HTRA1	GEM	THBS2	CTGF	COL4A2	IGFBP4	COL6A2	MGP	CYR61	AEBP1	COL15A1	COL1A1	NNMT	COL5A2
309	1.0	ATRN	CLCC1	PPFIBP1	MAP3K13	SLC17A5	BCL2L2	PDE8A	TMEM39A	PSEN2	BTD	LRP6	DOLK	PEX11A	EXD2	GNA11	CDC42BPB	DPY19L4	CBY1	MEIS3P1	SOCS6	YIPF6	EPB41L1	KCTD3	EVI5	B4GALT4	SNX24	ARHGAP12	TBC1D12	PCYOX1	RAB40B	ARMCX5	TEAD1	PLXNA1	RWDD2A	SEPT10	SPR	CLOCK	PHKA1	SRD5A3	UNC13B	BMPR1A	RAB23	GOLIM4	ZFYVE21	CTTN	RHOG	ST7	OCRL	MOB1A	THAP10	UGGT2	KIF16B	GLCE	STEAP3	GPHN	TEX2	SYNJ2BP	CAMSAP2	CRYBG3	FKBP14	ERLIN2	SUOX	GTF2IRD1	MAP4K3	SLC22A5	ADCY6	SAV1	TTC23	WFS1	SLC2A8	ARHGAP5	FAM115A	IMPACT	PNPLA4	BCAR3	CDC42BPA	ZNF223	DHRS7B	KIAA0649	RASAL2	PGM3	NOL3	ZFP112	NR2F6	MOCS2	EHHADH	GSTT1
310	1.0	CBX3	C1QBP	ZC3H15	NOL7	RPF1	CCT2	PRMT1	VBP1	NAE1	HSPE1	METAP2	TAF1D	LSM7	MZT2B	DAP3	CCT7	MZT2A	METTL5	FKBP3	LSM5	CLNS1A
311	1.0	FUT9	SLC1A2	PDIA2	KCMF1	ADAM11	RGS11	CALY	NCAM2	ZIC3	FGF12	MAPK8IP2	DSCAM	SPTBN4	GNG13	NOS1AP	ABCC8	FAM5B	DRD1	DPF1	SLC30A3	RASL10A	DOC2A	CHST8	KCNJ3	ARHGDIG
312	1.0	MCM4	ZWILCH	FANCI	OIP5	BIRC5	RFC5	TTK	FBXO5	CENPN
313	1.0	DMTF1	METTL3	DMXL1	USP34	FAM208A	ZNF274	DKFZP586I1420	LOC100506168	SMC6	ZC3H7A	CROCCP2	MPHOSPH8	FAM13B
314	1.0	B3GNTL1	TREML2	MAK	STEAP4	REPS2	SLC6A6	DOCK5	RPGRIP1	ZNF516	OAZ1	CDK2AP1	TECPR2	CCR3	CLEC4E	CEACAM4	EMR3	GPR77	VNN3	SH3BP2	TSPAN2	ATG7	CDC42EP2	HNRNPA0	FCAR	CCDC19	DAPK2	TNNI2	RBBP7	AATK	NUCKS1	USP14	TXNDC3	SLC36A1	KIAA0146	IARS	SIGLEC9	OPRL1	GLO1	ATP11A	IMPDH2	FFAR3	FCGR1A	PEBP1	SLC12A9	DSTN	BEST1	SIRPB1	PFKFB4	CEBPE	TUBB1	LOC254896	CCNJL	CEACAM3	PLEKHG3	C1orf183	LIN7A	EIF2C4
315	1.0	APOBEC1	FAM55D	LRRC19	GUCY2C	NOX1	RNF186	ALDOB	MYO1A
316	1.0	LCK	LTB	ADCY7	FAIM3	TCF7	STK10	CYTH1	IL32	BTN3A2	CCL5	SEMA4D	RASGRP1	TRAC	RUNX3	HMHA1	CD69	SAMHD1
317	1.0	SSTR1	NRIP2	TLL1	CCDC48	PHYHIP	KCNK3	DCHS2	WT1-AS	GPR52	SGCA	ADRB1	CSDC2	PCBP1	ADRA1D	KCNA5	TBX5	PTH1R	C8orf84	APOA1	ADAMTSL2	ADRB3	TACR2	ADAMTS8	SPAG11B	SCN7A	RAB40A	VTN	PDE3A	NBLA00301	LAMC3	PLA2G5	IL17B	CHRM2	PGM5	HPSE2	GLP2R	VIPR2
318	1.0	HIF3A	CLEC4M	PDE10A	ANO2	ACE	RAPGEF3	CRTAC1	STARD8	SEMA6B	ART4	FLT4	ARHGEF15	ALDH1A2	FGF16	PHLDB1	PREX2	PDGFB	NOVA2	ROBO4	KLHL4	SNCG	CUBN	BRS3	LIMS2	TCF15	ITGA10	ALPK3	CXorf36	HOXD1	TNFSF18	CAPN11	NNAT
319	1.0	CNTN2	NEUROD6	FEZF2
320	1.0	GJB4	WNT1	ALLC	CNGB3
321	1.0	EWSR1	ERP29	KHDRBS1	U2AF1	PTMA	SRSF3	PTBP1	SRRM1	RBBP4	EIF3A	HNRNPM	CS	POLR2G	ELAVL1	FBL	TSN	HNRNPD	SNRPB	RNPS1	RPS2	SRP72	PABPN1	XRCC5	SNRNP200	HDAC1	TMX1	CCT5	GDI2	ZNF207	EIF4A3	NAP1L1	HNRNPA1	SFPQ	BUB3	RBMX	HNRNPC	HMGB2	C6orf48	HNRNPU	TRA2B	NONO	DHX15	SRSF2	TARDBP	ILF2
322	1.0	PDE6C	LCAT
323	1.0	LGALS2	SLAMF7	LAIR2	AOAH	TNFRSF17	CD1B	CCR5	CD1E	ADAM28	GPR171	CRTAM	CXCR6	MARCH1	P2RY14	LAIR1	TFEC	CLEC10A	PLA2G2D	SLAMF1	CCR2	MZB1	ENTPD1	CD1C	CD1D
324	1.0	SLC9A3	TREH	TRMT112	MOGAT2	GUCA2B	KLK15	FABP2	C8G	ALPI	SFTPA2	KRT12	PIWIL2	MYO7B	SLC13A2	TEX11	HSD3B2
325	1.0	TUBGCP2	ATP8B2	CNPY4	FLJ13224	NFKBIB	RPL23AP53	HTR7	ZNF205	KCNC4	GTPBP1	C19orf40	FBRS	ANP32C	GNL1	PLCB3	CSNK1G1	RGP1	HABP4	GPR75	HIST3H3	DALRD3	SART1	ALDOAP2	WDR55	JMJD5	C9orf53	GALR2	DNAJC4	MAFK	CENPO	ARMC7	IFT140	ZNF768	HIST1H4L	TLE6	POMT2	THAP3	YARS2	RCE1	EPN1	MTHFR	KAT5	TRMT61A	SLC25A22	ARMCX4	INE1	RNF126P1	TICAM1	TUT1	TRIM46	ESPN	C22orf46	PEAK1	C22orf43	PIN1P1	LOC79999	PTMS	C19orf73	MEF2BNB	OXCT2	TBX19	DDX54	TERT	TMSB4Y	HCN2	IQSEC2	C9orf86
326	1.0	UBA1	TMEM147	BAG6	SRRT	MLF2	PUF60	FIBP	HERC3	ANKRA2	ERAP1	ADRM1	SF3B2	ANKRD12	BANF1	PRPF8	COPE	HMGA1	MRPL49	ACLY	EIF4G1	ERCC5	TPT1	POLR2E	HDGF	MEA1	DENND4C	TRIM28	CPNE1	MAP2K2	DDB1	JAK2	YTHDF1	PPP1R14B	EIF3B	VAMP4	TH1L	SCAND1
327	1.0	GINS4	PSMC3IP	NUP155	PRIM2	TMEM48	MIS18A	DSN1	RAD54B	C1orf112	INCENP	WDHD1	DTYMK	C12orf48	CENPJ	BRIP1	ARHGAP11A	GINS3	CENPI
328	1.0	GPR18	AIM2	VPREB3	KIAA0125	STAP1	IGHD	FAM30A	PNOC	CD19	ITGB7	PVRIG	PIM2	KIAA0226L	SPIB	HLA-DOB	IPCEF1	CR2	FCRL2	BANK1	CD79B	FCER2
329	1.0	PYCARD	RGS19	SNN	ZYX	LY96	RTN3	TGFB1	USP3	DPYD	S100A12	NADK	GNAI2	RCBTB2	ZDHHC7	CD302	SH2B3	SCO2	RUFY1	ARRB2	SCPEP1	TMEM50A	MPP1	GLIPR1	CD97	DUSP6	TRIM8	RAB11FIP1	PTPRE	MAN2B1	SULT1A1	CSGALNACT2	EFHD2	GCA	RAB27A	RALB	SNX10	DENND5A	SERPINA1	SEPX1	CASP1	S100A9	AP1S2	USP15	STK38
330	1.0	NDUFA4	COX6C	UQCRH
331	1.0	SF3A3	SNRNP40	RCC1	HIRA	LSM2	EXOSC9	NUP62	GPN3	UCHL5	TFAM	PUS7
332	1.0	GGTLC1	BCL2L14	TMPRSS3	TCEAL4	CAV1	PIP5K1B	EMX1	SLC20A1	CRYM	STOM	KLK3	ATP8A1	UGT8	C14orf105	UGT2B15	MNX1	HAAO	WFDC2	SLC6A4	PPFIBP2	CCL25	KIF13B	KLK2	MYB	CLIC5	PARM1	TESC	RND1	HRASLS2	MLLT3	ACSM3	S100A13	HSPA1A	IL17RB	HNF1B	KLK1	DNASE1L3	DTX4	TUBB6	POU5F1P3	DEGS1	TNFRSF11A	GGT1	BTN1A1	ENTPD5	FRK	KCNK5	GSTA1	SLCO4A1	SMPD3	CXCL10	PFN2
333	1.0	SLN	RBFOX1	CASQ1	DUSP13	TNNT3	SRPK3	MYH2	CACNB1	MYOZ1	MYF6	APOBEC2	TPM3	ATP2A1	USP6	COX6A2	CAV3	CACNA1S
334	1.0	OR3A3	DRD5	MC2R	ADAM20	HUNK	MYH15	MYO15A	CORT	TNR	GCNT4	OR7C1
335	1.0	DCAF13	LRCH1	ATG16L1	ZMYM2	SNORA21	TAS2R10	DKFZP547G183	PHC3	SLC35E2	ZNF814	C9orf38	LOC100170939	RUNDC2C	TRIM66	KIAA1731	C7orf28B	ZNF224	CDK13	ZNF562	KLHL28	GSTCD	TAF9B
336	1.0	ELTD1	PDGFRB	ITGBL1	PRRX1	SFRP4	OLFML2B	EDNRA	COMP	ISLR	GLT8D2
337	1.0	CSF1	SPSB1	PDLIM4	MMP14	TSPAN6	KIFC3	MAMLD1	STX1A	SLC12A4	CLCF1	HOMER3	ETV5	GSTT2	TRIO	CHST3	NRP2	PVR	ABL2	SAMD4A	ARHGEF17	MGC4294	NCS1	FJX1	ANKRD1	ANXA2P3	HYI	ABLIM3	PANX1	PI4K2A	RUSC2	NRG1	DLGAP4	TMEM184B	PORCN	BMP1	SEC14L2	ANXA2P1	CTIF	ARSJ	DCBLD2	PTPN21	CLDN11	FGF5	KIRREL	IL11	FOXC2	PHLDA3	FOSL1	PTPN14	SNAI1	PDLIM7	RAB11FIP5	HRH1	NDST1	MICA	CSF2	FADS3	FSTL3	ANGPTL4	SMAD3	FNDC4	SYNJ2	CDC42EP1	FAM176B	LRP12	RBMS2	OSMR	SORBS3	TGFB2	TNFRSF10D	ARHGAP22
338	1.0	RPSA	RPL29	RPL13	RPL3	EIF3F
339	1.0	RPA3	PHB	ZWINT	CKS1B	PAICS	LSM4	RRM2	SAE1	MTHFD1	UBE2S
340	1.0	VEZT	TAOK1	SUZ12P	POGZ	HCRP1	ANP32A-IT1	C8orf44	DIP2A	KIAA0889	LRRC37A3	C4orf29	DYM	C7orf54	PHF20L1	ATF7IP	ZNF362
341	1.0	VPS8	KLHL3	ATG5	KCTD7	C3orf18	PGK1	EIF6	TUBB3	BEND5	IL11RA	ACACB	PPIF	LOC339290	AP2S1	CROT	PTDSS1	FAM50B	MTHFD2	APBB1	PFKP	VAMP5	ULK2	PBXIP1	EZH1	SIK3	FLJ13197	LRRC59	SETBP1	SLC46A3	HN1	ETF1	TOP1	CAPRIN2	ZNF862	NR3C2	SCAPER	C1QTNF3	C2orf67	NIPSNAP3B	MAPRE1	NCOR1	CRY2	POU6F1	SNED1	HSPA1L	CTSF	WDR7	PARK2	TKT	WWC3	FABP5	TMCC1	C5orf4	EIF5A	SAP18	KIAA0355	AMD1	NIPA2	PPP1CA	F8	ZNF167	ATP6V0B	DDX21	PDE4DIP	MIA3	GPRASP1	CBX7	H2AFY	HIVEP2	ARHGAP24	C17orf108	GARS	KIAA0240	PER3	ATP1A1	ANKH	SNX19	TSC1	ARPC5L	SSPN	TFRC	IRAK1	KCND3	ANKRD6	RNF146	SIK2	TULP4	UBE2I	RPS6KA2	PGD	ATG14	EIF4E	NMT1	SYNE1	MTMR9	RUFY3
342	1.0	CDX2	MUC3A	TRIM15	USH1C	ACE2	LRRC31	HHLA2	LINC00483	CDHR5	CFTR	NR1I2	TRIM31	IHH	MUC3B	NAT2
343	1.0	C1orf116	CDCP1	EVPL	CDS1	ST14	CLDN4	EPS8L2	EPN3	LRRC8E	LRRC1	EHF	PTK6	PKP2	MST1R	MPZL2	GRHL2	PRRG2	CBLC	AP1M2	ITGB4	EPPK1	MAPK13	RNF43	ESRP2	PKP3	GRB7	EPHA1	OVOL2	STAP2	MAP7	PTPN3	EXPH5	ARHGEF5	PRSS8	EPS8L1	ARHGEF16	ELMO3
344	1.0	PPIG	CEP290	SMC5	SPEN	CEP350	COIL	MIS18BP1	ATRX	FAM135A	SETD2	PRRC2C	NAA15	SART3	PHF3	RPL13P5	CEP104	MED1	CCNT1	RSRC1	NFAT5	C1orf27	CHD4	RPAP2	CSPP1	ESF1	THOC2	DDX17	NEK1
345	1.0	UNC5C	DIRAS2	BAI3	PAK3	ASTN1	SNAP91	LRRTM2	GRIA2
346	1.0	ATP2B3	KCNA6	DGCR9	GRM2
347	1.0	CLEC5A	SIGLEC7	RASSF4	MARCO	EMILIN2	TRPM2	CD68	CARD9	P2RX7	CD300C	MILR1	PLCB2	FLVCR2	ATP8B4	FES	ADORA3	RENBP	NXF3	APOBR	CCL23	CSF2RA	CD101	CD33	TRPC2	MATK	PIK3R5	IRAK3	ARRB1	PTGS1	NLRP3	ADAP2
348	1.0	CTAGE1	OR2B2	CHD2	TAS2R9	ACSBG2	DEC1	PRL	OR2W1	GML	CYP11B1	PRY	ADAM18	IFNA5	AGMAT	NTNG1
349	1.0	C11orf20	SIGLEC6	GPR21	G6PC2	CPA2	OR6A2	GPR182	SEMA7A	C22orf24	OR2S2	GJD2	DNAJA4	C15orf2	GPR12	MAS1	P2RY4	AQP2	HECW1
350	1.0	NHP2L1	STARD7	PSMB2	PPA1	UFC1	SNRPE	SNRPD3	HNRNPAB	MDH1	HMGN3	C2orf28	ATXN10	ZNF706
351	1.0	NIPBL	CCNT2	NAA16	PDS5B	TBC1D15	CENPC1	ZNF518A	REV1	RBBP6	RLF	PCF11	ZNF430	USPL1	HAUS3	ELF2	NEMF	LARP7	BRWD1	PTBP2	ARMC8	PMS1	ATAD2B	SENP6	YTHDC2	FUBP1	METTL21D	ALG13	RSBN1	ZBTB11	CASP8AP2	PRPF39	ZNF236	CCDC76	MED23	MTF2	UPF2	ING3	PRPF38B	KLRAP1	RFC1	PPWD1
352	1.0	CSF1R	CD93	TPSAB1	STAB1	VSIG4	MS4A4A	CHI3L1	TPSB2	CPA3	CD163	CD36	FABP4
353	1.0	AGPAT5	BST2	EIF2D	NFKB1	UBR5	ARHGAP17	CHMP4A	BCL6	ACVR1	CD70	ME2	TAP1	PRPSAP2	LSM6	RAB9A	R3HDM1	MFAP1	STAT1	IDH3A	ANKMY2	MED28	ISG15	AK1	STK39	EED	CRYZ	TLE1	SRP54	MRPS31	VRK2	FASTKD1	CEPT1	OXCT1	CPOX	EHD4	CD58	EIF2AK2	MAP4K4	HIST1H1C
354	1.0	MCC	PCDH7	CSF3	S100A3	SERPINB7	COL7A1	CYP26B1	COL4A6	PTHLH	DIO2	DLK2	PRSS3	RGS20	PTGES	PRSS12	KRT33A	HSF2BP	KRT34	ARL4D	ULBP2	KRT33B	BNC1	DLX2	CPA4	FOXC1	PTPRZ1	BDKRB1	GPC1
355	1.0	ORM1	LTF	CRISP3	CD177	HP	CAMP	ARG1	PGLYRP1	TCN1	LCN2
356	1.0	POLD2	COMMD4	PSMD3	CECR5	NUP85	UBAP2L	IFRD2	SIGMAR1	MRPL12	SNF8	MRPL11	PQBP1	POLR2C
357	1.0	PUM1	UPF3A	ARID1A	GOLGA8H	VPS13C	KIAA0907	MEX3C	SRSF7	CTCF	BRD8	PHIP	SCAF8	ZBED5	GOLGA8A	CNOT2	RBM25	OGT	SLTM	UBP1	MGEA5	RTF1	C1orf63	NISCH	ZNF638	RAB7L1	RANBP2	KIAA0528	DCK	SREK1	RBM5	PCMTD2	USP33	CELF1	GNPTAB
358	1.0	COLQ	PDIA6	CDX4	BZW1	TSFM	HSP90B1	WDR62	YWHAB	SNRNP35	SRF	TESK1	MAPRE3	DCUN1D2	PKI55	SAT1	DNAJB5	NECAB3	OR12D2	ERGIC3	COQ6	LIN7B	CANX	CUL3	PANK4	ZNF672	HIF1AN	COPB2	ACTR2	ATG3	TXN	VPS35	WBP4	SLC25A23	FXR2	DNAJA1	GOLPH3	TMLHE	SLC4A1AP	CHRNB1	BRF2	XPO4	DYRK1B	CEP85	CLTCL1	MGC3771	OBSCN	TM9SF2	ITIH4	LOC157562	BTG1	GNB1	PRDX4	FGGY	METTL22	SIRT4	MYH3	COQ7	AHDC1	MED14	PPP2R3B	ATP6AP2	CPEB3	MED9	C10orf92	PDCD10	SCRN3	KIF1C	ZNF839	MBD5	ZNF592	MTSS1	C6orf62	JPH2	ABTB2	TRIM45	MEF2D	ARF4	SPTLC1	FOXO4	ALDH4A1	HSF4	IDI2-AS1	ANXA5	STIM1
359	1.0	MRPL13	CHORDC1	NAA38	CETN3	SSB	TPRKB	PPID	CSNK2A1	ABCE1	PSMG1	NOL11	DNAJA2	NUP37	MRPL42	MRPL39	EXOSC8	HSPA4	SEH1L	ARMC1	GNL3	NUP54	C12orf11
360	1.0	GNPDA1	PFDN1	TTC1	SCNM1	LAMTOR2	BABAM1	POLR2J2	DCTD	FAM32A	MED17	SCAMP3	PITRM1	FAM50A	CUL1	BRD7	DDA1	DNM1L	ERCC1	PPP4C	PEF1	AKR7A2	LETMD1	RALY	GMPR2	PSMD5	MRPS11	FAF1	LCMT1	TOMM34	GSS	TRAPPC3	SIVA1	AP2B1	ICMT
361	1.0	TEKT2	RTDR1	RNF32	ANKMY1	WDR96	CROCC	RIBC2	LRRC36	CCDC81	C20orf195	IQCH	TP73	C6orf103	SEC14L3	EFCAB6	LOC257152	C15orf34	LRP2BP	C10orf95	BAIAP3	TSGA10	FAM164C
362	1.0	UBAC1	ACYP2	PHKB	FBXO3	EEF1A1	SLC25A11	ANKRD46	MFN2	AKTIP	PINK1	CLIP1	ADCK3	SIRT2	C11orf67	GYS1	ACTB	KPNA4	FYCO1	DNASE1L1	USP13	RAB21	CUTC	SLC25A12	PCNT
363	1.0	POU2F3	RASAL1	CWH43	MMP28	RAPGEFL1	CEACAM7	EPHX3	CDHR1	AIM1L	RNF39	ZBTB7C	PAK6	DEFB1	SULT2B1	OVOL1	SOSTDC1	COL17A1	ALDH3B2	KLK6	TTC22	EPHB3	CLDN1	FZD10	ATP10B	DUOX2	C2orf54	SCNN1B	SLC6A14	PRSS22	GJB3	KLK10	ELF5	AADAC	WNT4	HR	SLC39A2
364	1.0	VWA1	PLAT	CSRP2	RAB31	LAMA3	PTPN6	PLOD2	CAV2	SNX7	KDELR3	RBPMS	RBP1	C10orf116	PARD3	HES1	PLK2	RAPGEF5	WNT5A	CCND1	WWTR1	TLR3	PDZD2	EMP3	NEDD4L	HCLS1	TM4SF1	SGCB	LAMA5	LCP1	MYRIP	RBFOX2	ZNF323	LGR4	EXT1	TSPAN12	HLF	TMEM45A	CX3CL1	GNA14	DNAJC12	SLCO2A1	GPRC5B	MOSC2	ADAMTSL3	EFNA1	TOM1L1	GPC4	FZD5	CYP39A1	DOCK6	SH3BP4	MAOA	NXN	IL33	TSPAN15	C8orf4	PPIC	ANO1	MYO1B	COTL1	MAFB	RAI14	NR2F2	MEIS2	ROBO1	FAM59A	SORBS2	RAI2	COL4A5	F3	FLJ11235	FZD4	SORBS1	NES	ENAH	NFIB	PODXL	PALMD	NR1H3	SYBU	JAG2	IGSF3	FERMT2	CADPS2	PITX1	LHX6	ARHGAP29	MTUS1	SEMA3F	FAM149A	CFI	C1orf115
365	1.0	LOC157627	CELF3	ALK	ST8SIA3	UNC13A	ACCN4	GDAP1L1	CDK5R2	HRH3	MYCNOS
366	1.0	LOC100130741	FGF17	IL13	CHRNB2	KIAA1614	RAI1	LMAN1L	CYP2D6	CRYGC
367	1.0	PKP4	PHF16	SHMT1	SEPT8	PXMP2	CDK2	RNF13	PYCR1	ADPGK	APITD1	TUBA1B	CDCA4	LRRC42	PPP3CB	TUBA1C	WEE1	VANGL1	HMGB3P1	CTPS2	GPSM2	FAM57A	C7orf68	DENND1A	DNMT3B	SSX2IP	KDELC1	LOC730101	RPL41	LOC81691	GPR19	PSRC1	SPA17	PAQR4	GAPDH	NMU	ELOVL6	TEAD4	ERI2	AK4	E2F8	MNS1
368	1.0	RNASET2	NMI	PSMB9	HLA-E	CTSC	LAP3	LYZ	LITAF	HLA-G	RNF130	HLA-DMB	HLA-DPA1	PSMB10	TAPBP	CTSH	IFI16	HLA-B	IFITM1	HLA-DRA	UBE2L6	LIPA	NFKBIA	PSME1	PLSCR1	ARHGDIB	CD74	WARS	HLA-F	LAPTM5	IFNGR1	MYD88	HLA-DRB1	HLA-C	TRIM22	PSMB8	CYBA	HLA-DPB1	CD53	SRGN	HLA-DMA	LGMN	IFI30
369	1.0	PRDX2	DCAF4	NUDT7	FAM106A	ZNF440	ALPK1	FLJ14107	FLJ21369	GUSBP3	RPS2P45	LOC100272216	ZMYND8	SNX29	C3orf75	CFDP1	SYCE1L
370	1.0	RPL36AL	RPS24
371	1.0	BCL2L11	NFYA	GABPB1	TWISTNB	RNMT	STRN	FAM108B1	ZNF675	SLC35F5	C10orf137	MTMR12	METTL16	SNIP1	FOXN2	ELK4	NAPG	ASB7	ZNF480	PPP4R2	VCPIP1	MLLT10	RFX7	CHML	BAG4	NR2C2	GABPA	FRS2	QSER1	TXLNG	GLE1	IKZF5	ANKHD1	C18orf25	ZFX	XIAP
372	1.0	AQP1	CXCL12	CPE	ENPP2	VWF	ABCA8	FMOD	SDC2	GNG11	NID1	MCAM	ECM2	FBLN5	LHFP	PLSCR4	SERPING1	ACTG2	LPL	EFEMP1	NDN	ZCCHC24	RGS5	AKAP12	CLEC3B	SRPX	MATN2	PDGFRA
373	1.0	TLN1	POLR2A	ZBTB22	MINK1	TNK2	TADA3	MED15	CIC	IKBKG	SSBP3	MAPK8IP3	HECTD3	SBNO2	SMG6	CABIN1	MGRN1	PPP6R1	USF2	TBC1D10B	STRN4	DCTN1	TMEM222	SCAP	MIER2	SETD1A	PNPLA6	PRKACA	SUPT5H	TSC22D4	RPS6KA4	GSK3A	CNPPD1	RNF40	GTPBP2	MYO9B	ARHGEF1	DNM2	ZNF580	INPPL1	MAP3K11	EML3	MAP1S	GIT1	BAP1	RPRD2
374	1.0	ZNF556	PRPH2	PSME2	PFN1	CA14	LRP1B	SLC6A1	ZIC1	AGXT2L1	KALRN	ATP2B2	CTNNA3	NKAIN1	ARPP21	WSCD1	CACNA2D1	KIAA0408	CYP46A1	DLK1	FGF4	RYR3	KCNN2	DPF3	GABRB2	KCNB1	SEC14L5	GLT25D2	PDCD6IP	CAMK2B	FZD9	AKAP6	C1orf21	MGC2889	SCN3B	CMTM6	GRIP2	TNNI3K	CLCN4	PKNOX2	DTNA	PPFIA4	LGI1
375	1.0	SLC1A7	STAB2	ODF1	CHRM5	SMR3B	OR1F1	RAB3IL1	IL1RAPL2	NOS1	SCN10A	HTR6	TG	OR2H2	CSN2
376	1.0	TJP2	NAALADL1	DNAJB1	CHST2	TNFSF4	ZNF804A	RAB33A	ST3GAL6	CIB1	ZNF132	MYO5A	GRK5	PPP3CC	C1orf216	ENO2	BCAT1	LOC390940	ZEB1	TSPYL5	DHCR24	SYT11	DOCK10	RAB8B	TRPV2	PTPLB	CREM	HDAC9	ADAM19	SLC2A3	CCDC88A	CALHM2	MICAL1	BLMH	C16orf5	CNTNAP1	MAGEH1	TLE4	ITGB3	RNPEP	ATP1B1	SLC2A6	PLEKHO1	ORMDL2	BTN2A2	AKT3	MSC	KIF26B	SLFN12	CREG1	SPINT2	HSD17B4	PERP	SFN	CACNA1A	HIC1	DSP	HOXB2	PTGIR	ASMTL	SEPT6	JUP	FADS2	SPTSSA	IFFO1	ARSB	ITGA4	NEFH	NET1	SYPL1	TOB1	CD24	GSPT2	PDCD1LG2	CYB5A	GPX7	PBX3	CHST7	STX2	DOK1	ST3GAL2	C16orf62	SDC4	CDK14	BLCAP	PARVB	CPNE3	SPATS2L	DDR1	HEBP2	C21orf7	SACS	SH3YL1
377	1.0	PRND	HBB	SERPINE1	TGFB3	CST4	INHBA	CRYAB	PCDH17	TDO2	CSTA	WNT2	SDS	OLR1	KIAA1199	CH25H	GRP	KERA	MMP1	MMP13	HSD17B6	EGFL6	EPYC	MMP11	CST2	MMP3	PLN	KAL1	RARRES1	CST1	PDLIM3	KRT14	CCDC102B	MMP12
378	1.0	RAB1B	GPAA1	RUSC1	PPDPF	FASN	PTOV1	SLC25A1	ARFIP2	VPS52	OTUB1	SLC2A4RG	ARFGAP2
379	1.0	HSPB7	MYOZ3	DUSP26	SNTA1	ACTN2	CKMT2	FLNC	ATP1A2	MYOT	PYGM	CA3	TSPAN7	CASQ2	PLA2G4C	ART3	SH3BGR	LRRC2	PPP1R3C	LDB3	MYOZ2	PGAM2	MYOM1	FAM189A2	HSPB6	GHR	FXYD1	SGCG	CAND2	LMCD1	DOK5	TRDN	DEPTOR	MN1	HSPB3	S100A1	RCAN2	SYNC	LIMCH1
380	1.0	FLT3LG	TRGV5	CD40LG	TXK	CD160	PTGDR	UBASH3A	TRAV8-3	PYHIN1	IL23A	SH2D2A	GZMM	GRAP2	CD5	KLRC4	TRBV10-2	KLRC3
381	1.0	NTSR2	MAPK4	ADCY8	PDYN	GPR37L1	GPR17
382	1.0	SNHG3	RPL37A	TRAPPC10	C7orf44	MED6	CEP135	GCFC1	MTRF1L	GNB2L1	LINC00115	BTBD7	ZBED4	RPL17	SBNO1	RPL35A	PRKAA1	LRP5L	SPATA5L1	RPL5
383	1.0	SETD6	RPUSD2	EIF2B5	KAT2A	MTPAP	TCOF1	WDR70	CCDC41	UCKL1	TRIT1	PAK1IP1	LSG1	POLR2D	CDK5RAP1	COG2	METTL2B	EXOSC2	NKRF	SCRIB	URB1	ACYP1	DHX35	TIMM8A	RBFA	RRP15	MAP3K4	SUPV3L1	TTI1	MDN1	TTC27	TYW1	LOC100506469	POLR1E	LINC00338	NOL9	TMEM30A	ZNF195	NUFIP1	CREBZF	TSEN2	ACTR5	FASTKD2	GCN1L1	PRPF3	ZNF202	ANAPC1	RCL1	GTPBP3	LAS1L	TRMT61B	POLG2	NR2C1	EXOSC10	RAD52	ERCC3	TARBP1	CC2D2B	WDR43	MDC1	THUMPD2	UTP20	THADA
384	1.0	FUT3	CYP3A5	CHP2	PLEKHG6	CYP4F12	PRSS2	CYP4F3	FUT6	SLC5A1	FUT2	MUC4	B3GNT3	TMPRSS4	IL22RA1	ARL14	POF1B	CYP2C18
385	1.0	C19orf26	ATP8B3	SIX5	NR2E3	METTL10	NTN3
386	1.0	PSAT1	EIF4EBP1	ALG8	COASY	TRIB3	SLC7A5	PTPLAD1	DHCR7	SLC1A5	PSPH	LONP1	FADS1	SLC3A2	ACAT2	CYP51A1	C14orf1	ADIPOR2	HMGCS1	ALG3	ASNS	ACSL3	SCD	SQLE	LRRC8D	HMGCR	TMEM41B	FTSJ1	RDH11	EBP
387	1.0	TNNI1	MYH1	SMPX	CSRP3	TCAP
388	1.0	ZNF227	ZNF268	ZNF549	ZNF155	ZNF749	ZNF235	ZNF234	ZNF134	ZNF225	ZNF45	ZNF211	ZNF350	ZNF221	ZNF550	ZNF613	ZSCAN12	ZNF222	ZNF614
389	1.0	TIA1	LEMD3	PRPF4B	WDR11	CLK4	ZCCHC8	BTAF1	PIKFYVE	ANKRD49	ZFC3H1	RBM6
390	1.0	INSRR	OBP2A	SHH	ADAMTS13	CACNG5	HBE1	FGF23	GBX1
391	1.0	CACNG3	GRIN1	KIAA1045	SCN2B	MOG	GABRD	GNG5	CPNE6
392	1.0	CMKLR1	IL2RA	CIITA	BTK	LILRB1	LILRB4	KMO	SLC2A5	CD86	PTPN7	CR1	TLR7	CD180	ALOX5	CD84	CD72	CXorf21	FCGR2B
393	1.0	TH	OTOR	TDRD1
394	1.0	SYT2	CRYBA4	FABP7	PCYT1B	CALB1	LEFTY2	PIPOX	COL9A1	KIAA1661	SOX3	B2M	PCDH11Y	ANXA11	NPPB	ADCY2	C7orf16	CCKBR	KLKB1	ACTN3	CLDN10	SLC12A1	SNTG2	GUCA1A	LPAR4	CRYBB1	B3GALT1	SYN3	CRMP1
395	1.0	NDUFA8	MLH1	MRPS33	GLRX5	AK2	ADSL	TRIAP1	PDHA1	GOT2	TRAP1	NUDT21	CHCHD3	NDUFA9	IMMT	SNRNP25	FH	MRPL16	MRPL23
396	1.0	CCDC109B	ZC3HAV1	SUN2	CRTC3	SYNRG	LINC00341	FYN	PIK3IP1	PHF15	EVL	ATM	NCK2	PION	LOC728855	FAM117A	AES	NOSIP	ARHGEF3	CDC25B	LBH	RARRES3	ARL4C	CRIP1	LEPROTL1
397	1.0	KITLG	SMAD5	TEF	MED21	GPD2	PCDHGA3	SORT1	GTF3C4	WASL	IMPAD1	MLLT4	AFF1	MPP5	TANC2	CDON	PCDHGC3	MET	SLC30A4	MAT2A	UBE3B	SMURF1	LPP	MAX	MED20	LOC440434	SPCS3	CYTH3	TCEB3	ULK4	MFAP3	SNX16	ARFIP1	SRPR	GDAP1	WSB1	EPB41L5	TAF13	EPAS1	PPFIA1	APBA1	SPTBN1	SENP2	BMPR2	CDC27	SETD8	HS3ST3B1	YKT6	RYK	TRIP11	CDKN2B	MFI2	UBC	TWSG1	FNTB	MFN1	MAP4K5	GAPVD1	PAFAH1B2	ADAM15	SLC7A2	SPRED2	DYRK1A	PRKAB2	CBFB	GOLGA2	ZFYVE9	RASSF8	AFF4	CAPN7	TLK1	CLCN5	ROCK2	TNFAIP1	DCTN4	FRMD8	TGFBR2
398	1.0	FMR1	ATP11B	BAZ2B	IFRD1	GRB2	RHOT1	BAZ1A	PPP2R3C	PAK2	FBXW2	NUMB	PTEN	SYF2	LPGAT1	CPD	BACH1	TAB2	HAUS4	B4GALT5	STXBP3	MTMR6	PPP1R12A	CCNG2	RCOR1	MORC3
399	1.0	ITGA2	PPP1R13L	IL13RA2	C3orf52	INSL4	S100A5	CCL20	EPHA2	PLEK2	EGFR	PSORS1C1	PPAP2C	EMP2	SLC2A1	SH3TC2	MUC1	BDKRB2	ANXA10	EFNB1	GATA6	ISL1	SLCO1B3	CXCL6	HBEGF	LIF	RGNEF	IL1RL1	NPAS2	IL6	EREG	ADORA2B	GPR39	IGFBP1	CYB561	SEMA3A	PROCR	ERBB2	PVRL3	MMP10	MOCOS	BMP2	GPR126	CA12	CXCL3	ITGA3	PLXNA2	TGM2	TPD52L1	PDGFA	PRKCA	HTR1D	PAQR5	GABRE	CFB	CARD10	HMGA2	EPHB2	SH2D4A	KISS1	PMEPA1	TINAGL1
400	1.0	DNAJA3	ZNF330	NDUFA7	ECI1	ACTG1	TXN2	PRKAG1	NDUFB7	ARL2
401	1.0	PSMA4	SUMO1	DPM1	PCNP	EIF3M	SNRPB2	RSL24D1	SUB1	CNIH	PSMA3	MATR3	HMGB1	COPS2
402	1.0	ZNF593	MRPS2	PRPF31	CHCHD8	ICT1	PPM1G	MRPL4	CLPP
403	1.0	DDX42	DCTN6	BRD3	MYCBP	MEAF6	PJA1	ALDOC	PARP6	PRPSAP1	P4HTM	MFF	LANCL1	AKAP11	TSPYL4	MAGED2	PSENEN	KLC1	CEP170	FTO	DYNC1LI2	PIGT	ABCC1	IPO9	ZNF587	AUTS2	ITPR3	DHX40	TRIM37	EPM2AIP1	GOLGB1	RAP2A	KIFAP3	MARCH6	FBXO21	POGK	USP11	ATP6V0E2	REV3L	ADD1	IFT20	SLC9A6	NDRG3	VGLL4	PNMA1	VEZF1	LRIG1	PREPL	ARL3	KIDINS220	RBM8A	SPTAN1	AMMECR1	MKL2	MACF1	NAT1	FAM168B	RABGAP1	CNP
404	1.0	RPL9
405	1.0	CLCA4	PLA2G2F	SLC13A4	KLK13	KRT24	ATP12A	STATH	KRT9
406	1.0	TXNL1
407	1.0	KCNJ8	ASPA	ABCC9	ACSM5	PRR16	MAB21L1	FHL5	MEOX2	SRSF9	ANGPT1	BHMT2	C7orf58	ZFPM2	PLCL1	PRKG1	LINC00312	ZFHX4	AGTR1	LAMA2	EN1	SGCD	RERGL	HIGD1B	EBF2	PDE1A	FIGF	LMOD1
408	1.0	ACADL	CNKSR1	MYH14	CES3	TUBA1A	PRKAA2	LMO7	MSN	BMP5	P2RY2	SIX1	ELOVL5	AKR1B10	CYP2J2	TBX1	ESRRG	ACADS	PFKFB2	LGR5	GNAL	RNF128	CNGA1	RGN	CTAGE9	SLC20A2	RAMP1	PIGZ	OPLAH	SIX2	MLXIPL	LGALSL	TYRP1	HYAL1	GOLGA7	PNMT	CNNM4	ACHE	AHCYL2	RORC	SLC22A3	TNNI3	AMACR	AGT	ALDH1L1	TNNT2	TIMP4	EYA4	EGF	USP2	ACOT11	ADH1C	XK	GPRC5C	PPARGC1A	ITGB6	OR7E47P	HOMER2	ROCK1	AMOT	SLC38A4
409	1.0	PLEK	CLEC7A	BCL2A1	LAT2	SASH3	CD52	FCN1	PPBP	CD48	SELL	LY86	CD37	PRKCB	IL2RG	CYTIP
410	1.0	ZIM2	KCNS1	LUZP2	STXBP5L	KCNN1	POU4F2	TRPM3	DCC	ADCYAP1	C14orf162	NPY2R	GRIA4	OMG	KCNMB4	SLC24A2	KIF5A
411	1.0	TMC5	FGFBP1	GABRP	PI3	ALDH3A1	PON3	KLK11	ESRP1	TRIM29	SCEL	PDZK1IP1	TFCP2L1	MSLN	RIPK4	PLLP	LAMC2	SPDEF	HSD17B2	SPINK5	KRT15	MIA	LAD1	BTC	KLK12	SERPINB5
412	1.0	ADAM30	LHB	TACR1	AVP	OR10H2	LOC100131532	SSTR4	ADAM7
413	1.0	CYP7A1	LPA	LPAL2
414	1.0	C11orf57	CDK9	LINC00339	MOCS3	ZCCHC4	QPCTL	SMU1	MTA2	ZNF286A	PPP3R1	SAFB	LSM14B	PEX5	PFDN6	TADA2A	PRKCI	STRN3	PRR3	TAF15	FAM76A	MDM4	TMEM209	COPG	THOC6	CDKAL1	PGGT1B	PEX26	HNRNPH1	USP27X	EMD	MED18	BAZ1B	GNL3L	DNAJC17	PBX2	MAPK8	SSR3	LIMD1	GTF2H4	WHSC1L1	ATF6B	DCAKD	SUV39H2	CWF19L1	GATC	CASP2	NCBP1	THRAP3	PIAS2	RNF121	RBBP5	AMFR	DEDD	UBA6
415	1.0	ESM1	COL5A3	FAT4	ADAM12	NOX4	LAMA4	MMP19	NTM	COX7A1	DCHS1	CLEC11A	BNC2	COL8A2	CLIP3	FEZ1	KIAA1462	GPR124	GAL3ST4	COL8A1	RGS4	EMILIN1	DACT1	TMEM204	WISP1	FBXL7	RCN3	SRPX2	ENG	STON1	HTR2B
416	1.0	ESRRB	PCDHA10	NPBWR2	PSPN	GJA3	HTR1A	PRM1
417	1.0	FXN	SARS2	SDHAF1	FARS2	TIMM44	QTRT1	FAM158A	FAHD2A	NTHL1	C17orf101	USE1	ACOT8	HIRIP3	COQ3	PTGES2	GSTZ1	TUSC2	MCAT	ECSIT	FAM173A	MRPL46	RNMTL1	UBL4A	ELAC2	R3HCC1	IVD	ENDOG	THOP1	PPIE	NUDT2	PCYT2	MMACHC	AFG3L2	NCKIPSD	TACO1	TARS2	PET112	PPIP5K1	AKIP1	CLPB	SLC25A38	DHRS11	ISOC2	MPI	NUBP2	AARSD1	C11orf51	C12orf52	UROS	GCDH	MRPS18A	RMND5B	PAM16	NFS1	RWDD2B	WBSCR16	TMEM160	ERI3	SRRD	BNIP1	MLYCD	BCAT2	PEMT	TMEM161A	TIMM9	GCAT	DHODH	TMEM177	MECR	AVEN	CCHCR1
418	1.0	TMEM14B	RANBP9	NAA50	LYPLA1	GBAS	RPL7	MRPL20	ENOPH1	PSMC6	UBA2	NDUFA5	TM2D1	ARL5A	YTHDF2	DLD	SDHD	MOB4	WDR82	TOP2B	EFHA1	TSPYL1	RBM3	UBA3	RHEB	G3BP2	MYL12A	COPS5	EIF1B	COMMD8	CCNC	YTHDF3	YME1L1	THOC7	RNF6
419	1.0	FAM96B	NDUFB3	UQCRC1	AURKAIP1	NDUFS2	TUFM	GPI	NDUFV2	CCDC56	ECHS1	NDUFV1	CYC1	SUCLG1	PSMB6
420	1.0	TUFT1	AKR1C2	C9orf3	DAAM1	SLPI	MALL	DHRS1	CTNND1	CYB5R1	AIM1	ELOVL1	LAMB3	SLK	CRABP2	AHNAK2	KANK1	S100A14	ECM1	IRF6	RAB11A	EXOC1	KRT17	HSPB8	DUSP14	GSTA4	ZNF185	KRT6B	TNFRSF21	CBR1	AKR1C1	KLF4	SDC1	AQP3	PPL	RHOD	GPX3	ANKRD57	CLTB	GLTP	S100A2	CLDND1
421	1.0	NCBP2	C21orf59	ACTL6A	PHGDH	DNAJC2	C4orf27	TDG	LYRM4	FKBP4	GLOD4	HLTF	MSH6	POP7	NUP43	FTSJ2	UNG	PIN4	ZNHIT3	HEATR2	FAM136A	TMEM97	FAM208B	CAND1	METAP1
422	1.0	FBLN1	PRKCDBP	AXL	SLC1A3	PARVA	COPZ2	LPAR1	LOXL2	NBL1	PGRMC2	PAPSS2	TUSC3	MFGE8	PKD2	CFH	TNC	CALD1	TMEM47	EHD2	CHN1	AMOTL2	LOX	FLRT2	C6orf145	OLFML2A	TSPAN4	DKK3	HSPG2	DPYSL3	PDPN	VEGFC
423	1.0	LATS1	ZNF780B	ZNF343	PHTF2	ZC3H11A	ZNF460	ADAM10	KLHL11	CHP	PTPN11	CCDC82	RBBP9	ATF7	ARIH1	SLC39A9	SP4	ZNF484	EIF4G2	ZNF407	TGOLN2	RUNX2	ZNF41	ATF2	SLC25A30	ZXDB	AP4E1
424	1.0	GC	SERPINA6	CLDN6	HAVCR1	AMBP	PRDM16	SERPINA4	HABP2	BRDT	HAO1	GABRR1	PLG	AKR1C4	MAT1A	BHMT	TM4SF4	KNG1
425	1.0	GLUD1	AUH	TMEM135	ALDH6A1	ACOT13	GOT1	AKR7A3	DERA	LYRM1	ACO1	SORD	RNF5	PCK2	ACAA2	MCCC1	MPST	HMGCL	ALDH3A2	NIPSNAP1	ECHDC2	MUT	MICU1	APOO	ETFB	CRYL1	HRSP12	PCCB	ACAA1	RAB4A	PCBD1	PEPD	MTX2	C2orf47	AIFM1	QDPR
426	1.0	PSG7	PSG4	PSG2	PSG6	PSG9	PSG5
427	1.0	GLTSCR2	RPS8	RPL13A	ZNF674	RPL12	PARK7
428	1.0	TWIST1	GAS1	PDZRN3	ID4	CNN1	MFAP4	COL16A1	HAS2	GFPT2	HEPH	LDB2	IGFBP5	COL14A1	ADAMTS5	PDGFD	DDR2	PAMR1	ANGPTL2	PTGIS	PTN	HS3ST3A1	FBLN2	JAM3	C1orf54
429	1.0	HTR5A	CRH	CARTPT	HAPLN2	IQSEC3	GPR6	PEX5L
430	1.0	AIMP2	AHCY	RUVBL2	DKC1	HSD17B10	DCTPP1	CSE1L	MCM7	STOML2
431	1.0	HSPD1	HSP90AB1	UQCRC2	TOMM20	STRAP	KTN1	MRPL3	ESD	DPEP3	OLA1	NECAB2	SERBP1
432	1.0	PTCRA	PRLH	SPAM1	GPR27	GJA8	SLC22A14	PRB4	ELSPBP1	IFNA6	ART1	SEC14L4	GDF2	CCKAR	HOXB1	PP13	INO80D	CTRC	ZNRF4	C1orf105	GRK1	CTRB2	DRD2	TNXB	KCNJ5	MUSK	GNRH2	TSPY1	SCTR	RHO	P2RX6	NPY6R	C12orf39	KRTAP5-8	KLHL1	MYL10
433	1.0	DDX51	SYMPK	STK11	PRRC2A	FZR1	RTEL1	TOP3B	DCAF15	ZNF282	COPS7B	EDC4	SENP3	SMARCD1	SAFB2	ATXN2L	C19orf29	SUPT6H	MED16	ABCB8	UBTF	TRMT2A	ACIN1	CNOT3	SBF1	TAB1	C1orf159	CIZ1	CPSF1	RANBP3	SF3A2	GGA3	MBD3	HCFC1	ANAPC2	SMG5	DHX38	MED22	RHOT2	SKIV2L	CENPT	XAB2	SOLH
434	1.0	GIPC2	DOK4	C3orf32	F10	BMP4	DNAJC22	CCDC68	STXBP6	LIPG	KCTD14	ASB9	WDR26	GAL3ST1	LRP5	C11orf9	TNFRSF11B	MMP15	ITPKA	SEMA3B	C2orf72	TPBG	PPARG	RPH3AL	RBP4	SLC4A4	CIDEC	ABCC6	ATP7B	TMC7	SULT1C2	NR5A2	SLC19A3	CAPN5	MECOM	PROX1	VSNL1	FGFR4	FOXD2
435	1.0	C16orf3	MS4A5
436	1.0	TAZ	RANBP10	CDK3	ZNF276	ZXDC	AGER	LRRC14	PPIL2	RBM10	TAF1C	TELO2	DGCR8	MUS81	PI4KA	C21orf2	AXIN1	RAD54L2	CDK10	CTDP1	PEX6	KRI1	UCN	C1orf35	MTG1	GLTSCR1	ZNF324	ANKZF1	POLM	E4F1	PRKRIP1	C17orf70	C2CD2L	PIDD	OGFOD2	NOL12	CCDC130	TTC31	DOM3Z	MLL4	RAD9A	ZNF76	CD2BP2	NFRKB	TRMU	TSC2	FBXL8	CLASRP	TRAF2	RBM19	RECQL5	CCDC57	NAT9	KIAA0415	SFI1	ATG4B	VPS16	ZBTB48	SETD4	USP20	DEPDC5	CUL9	MADD	RNF31	APBA3	ZNF335	ZNF446	ZGPAT	GMEB2	PHKG2	FAM193A	SNAPC4	HTT	NARFL	C7orf26
437	1.0	B4GALT1	PRPF6	HS6ST1	POLDIP3	TBC1D22B	SLC7A1	RAPGEF1	EDC3	KIAA1310	NUP188	MAU2	SMG7	ELK1	AKT2	SAMD4B	GLYR1	LMTK2	PIP5K1A	AGPAT3	RAB35	PDPR	EHMT1	C6orf106	C19orf6	MCM3AP
438	1.0	LOC284244	RORB	NRXN1	CSRNP3	ATRNL1	NRXN2	MYO16	FGF14	CABP1	SV2C	GRIK5	RIMBP2	ACTL6B	CTNNA2	MAST1	NOL4	GFRA2
439	1.0	GRM5	LY6H	PRMT8	RIMS1	GRM7	SYT5
440	1.0	SPAG1	CCDC64	YIF1B	MFSD6	MARK2	BAK1	GDPD3	ARSD	FER1L4	MVK	SLC37A1	TMEM62	JMJD7	TRAF4	RABGGTA	EID1	LYPLA2	STX17	C8orf55	FBXL6	STARD5	RPS6KB2	TTLL12	PSD4	KHNYN	SIRT7	DTX2	RABEP2	CYP27B1	ZNF165	RHBDF2	AGFG2	SIPA1L3	CAPN1	RPP38	SH3GLB2	LIMK2	HOOK1	ABCA7	UNC93B1	DPYSL2	ANKRD5	RASSF7	MFSD9	VRK3	CDH1	PGAP2	ZNF552	VDR	GALNT6	ZC3H12A	AP1B1	KRT19P2	LPAR2	EML2	PIP4K2C	MVD	BCR	SH2D3A	SRD5A1	GCHFR	SH3BP1	CLN3	OSBPL2	ZNF710	KRT8P12	SLC25A10	SLC50A1	PCSK7	C11orf80	F12	SLC35C1	COPS8	SLC39A4	SRCAP	TRIM26	BIK	PRRG4	VIPR1	TNK1	NLRP2	TRIM14	LYPLA2P1	EFNA4	REEP4	AP1G2	BDH1	LPCAT4	LRRC61	CC2D1A	PAK4	SREBF2	ZDHHC13	F11R	SMPD2	GFOD2	ESRRA	C22orf29	ERMP1	HIP1R
441	1.0	KIAA0100	CCNK	ANKRD11	PRR14L	CBL	ZFR	FAM120A	HNRNPUL2	PPP1R10	PTPN1	IL6ST	EEA1	DDX6	TCP10	OTUD4	PLEKHA2	REST	KLF13	HIST1H1E	SIKE1	GTF2A1	TSC22D2	SCAMP1	ZNF654	AP3D1
442	1.0	EIF3G	EDF1	CUTA	NDUFA2	SLIRP	C19orf53	EIF3I	NHP2	APEX1	NDUFB11	PSMC5	NDUFS6	NPM1	CCT3	SEC61G
443	1.0	MAD2L1	RACGAP1	CCNB1	GMNN	UBE2C
444	1.0	FAM188A	CCDC91	EIF4G3	RAB33B	ZNF280D	KRIT1	PYROXD1	FBXL4	C5orf44	C4orf41	TRMT1L	RNF170	BBS10	ZNF623	BRD2	WIPI2	SEC22A	ZNF189	DNAJC16	DNAJC13	TMEM184C	ATG2B	APPL1	AZI2	VPS54	C6orf120	SMAD4	DOPEY1	TTC33	ICK	ZNF302	C12orf29	CRNKL1	C15orf29	IPP	TMEM168	RBM41	COG5	FAM63B	EDEM3	GGPS1	ZC3H13	SNAPC3	DNAJC24	FPGT	OXR1	RNF14	TMEM5	FAM114A2	CBR4	JRKL	INSIG2	NHLRC2	UTP14C
445	1.0	CRHR2	PRAMEF11	BPIFA1	GJA9	CCBP2	PRDM11	LOC730227	SMCP	GABRR2	GHRHR	ADAMTS12	TULP2	CST8	BMP10	PAX1	KRT37	FSTL4	BTN2A3P
446	1.0	RABEP1	ZNF81
447	1.0	SLC7A7	RASSF2	ALOX5AP	EVI2A	IL10RA	CTSS	TRBC1	GMFG	ITGB2	EVI2B	CECR1	WAS	PTPRC	CCL19	LMO2	VCAM1
448	1.0	RMI1	GART	TRMT11	UBE3C	ZNHIT6	LOC100499177	MIS12	TBL1XR1	THOC1	ZFAND1	UTP3	CLPX	BMS1	FAIM	RCHY1	RNF219	GEMIN6	DCUN1D1	RBM28	C11orf73	ZC3H14	CDC5L	TBCE	C1orf174	PRMT3	GTF3C3	UTP14A	MPHOSPH10	NOL8	RANBP6	ZZZ3	KRR1	ORC4	RRN3	LARP4	RPRD1A	RDH14	MTR
449	1.0	SPINT3	LOC57399
450	1.0	KRT8	GFOD1	GDPD2	P2RY1	CD1A	RDH16	SFTPD	HTR3A	UNC93A	SRI	POU3F1	GPX2	DLX5	CYP11A1	TGM5	PTPRK	WNT3	WNT16	DNASE1L2	FTH1	PMEL	EPCAM	KCNK7	UPK1A	KRT32	NHLH2	FRMPD1	EPHB6	ALOX12B	CHRNA9	GYS2	KRT83	KRT18	CYP2E1	CNGB1	SMAD5-AS1	HSD3B1	LTB4R2	CA6	CARD14	PLA2G3	ANGPTL7	KCNK10	PIK3C2G	SLC15A1	TREX2	BPY2	OCA2
451	1.0	FAM65B	ITPR1	CHL1	NINJ2	IL3RA	ABCA6	S1PR1	RASGRP3	GUCY1A3	CYP7B1	C18orf1	CXCR7	PLXNC1	HEG1	PDE4B	IQGAP2	C20orf103	MCTP1	CTNNAL1	RGS13	CD200	TNN	TNFAIP6	HEY1	GAS7	FAM70A	FLI1	CLIC2	TMEM14A	PLA1A	PIEZO2	ITM2A	UCHL1	EGR2	RGS16	IGF1	WIPF1	KL	SV2B	KCNN3	PPP1R16B	NQO1	SLC15A3	SCARF1	NCALD	LXN	EGR3	TM6SF1	CETP	PLCL2	GNG7	LEF1	ARHGAP6	ARMCX2	GUCY1B3	CELF2	RGL1	CMAHP	ELMO1
452	1.0	IL18R1	SP100	ACSL5	IFIT5	TAPBPL	TNIP3	LRRK1	RELB	USP18	C19orf66	ETV7	IL15RA	HCP5	SAMD9	TNFRSF14	LGALS9	STAT5A	ARID5A	LAPTM4B	TMEM140	AMPD3	APOL3	RTP4	TRIM38	GSDMD	CYLD	NFKBIE	APOL6	TREX1	CD40	TRANK1	RCN2	HCG26	GVINP1	TAP2	APOL1	MAP3K8	BTN3A3	SP140L	APOL2	TNFRSF9	CD82	IL7	ICAM1	SH3TC1	IL15	CASP4	ERAP2	SLC17A9	UBA7
453	1.0	CCR6	BLK	IL21R	SP140	BFSP2	TRAF1	IKZF3	CD22	TMEM156	LY9	LOC100505650	LTA	P2RY10	IGHV5-78	CD226	TNFRSF13B
454	1.0	F7	IAPP	IGFALS	FETUB	SAA3P	APOA4	EPO	SLC26A1	HIST1H1A	CES1P1
455	1.0	HIST1H1T	PQLC3	RPS11	XRCC6	EPS15L1	PCNX	TCP1	PSMB1	OR7E87P	LOC100127886	CYSLTR1	ST20	EVX1	AVIL	SSBP1	RPL27A	LOC647070
456	1.0	LILRA6	TYMP	LRCH4	ADAM8	SPI1	DOK2	TBXAS1	VAV1	LILRA2	GMIP	ITGAX	S1PR4	DPEP2	FMNL1	CYTH4	PSTPIP1	PTAFR	C11orf21
457	1.0	CYP2A6	DNAH6	TSNAXIP1	BMP3	CYP2A13	SERPINI2	C11orf16	SPEF1	PIP	SRD5A2	DLEC1	DNAI1	DNAH9	FOXJ1	DNAI2	DNAH3
458	1.0	RPL26	ERH
459	1.0	PPM1E	NPAS1	PCSK1N	ADORA1	CACNA1H	RAB3A	CIB2	VAX2	BAI2	FAM184A	MBD2	RHBDL1	PODXL2	REEP2	PCDHB13	CEND1	MSI1	RAB6B	THRA	DLG4	MAPK8IP1	OGDHL	ADRA2C	ASPHD1	STMN3	SEZ6L2	PCLO	HERPUD1	FLJ22184	ABCA3	NPAS3	ARC	EFNB3	LPPR3	NPTXR	C1orf114	C1QL1	SLC4A3	MPP2	APLP1	CA11	CSPG5	RND2	FAM155B	PTPRS	RAC3	LPHN1	ACCN2	VGF	PALM	SMO	PCBP3	CADM4	LRRN2	L1CAM	DOCK3	FGF18	CELSR3
460	1.0	RGS14	IKZF1	MAP4K1	PTPN22	DENND1C	ACAP1	ADRBK2	FUT7	IGFLR1	GRK6	DOK3	GFI1	IL27RA	NGRN	C15orf39	SPN	DEF6	GIT2	STX11	CCDC88C	PTK2B	LIMD2	CEACAM21	ARHGAP4	KCNA3	KCNAB2	ST8SIA4	PIK3CG	APBB1IP	KIF21B	IRF5	CORO7
461	1.0	FNDC8	LY6G6E	TNP1	GP1BB	AMELY	C13orf41	ASMTL-AS1	KCNA10	CABP2	C3orf51	PDX1
462	1.0	SSRP1	TUBG1	SRM	COX4NB	EMG1	TIMM13	POLR2H	NUDC	PRMT5	PA2G4	STIP1	SNRPC
463	1.0	AOC4	AMELX	TCP10L	WFDC8	PRSS50	IBA57	SMR3A
464	1.0	FGF6	HOXA3	ARMC4	PROP1	CHRNE	ABCG4	NGB	GEMIN7	SLC6A11	SLC16A8	HIST1H2AB	CHRNG	KIF25	RSG1	CNTFR	ADRA2B	GJC2	LOC220077	DUX2	SPAG11A	CCDC85C	CHRNA2
465	1.0	USP25	NDUFS7	TMEM38B	KIAA0368	PDHX	DCAF6	SAMM50	SESN1	NNT	SETD3	SLC19A2	UFSP2	KAT2B	MRPS10	ANKRD10	PRKRA	USP47	POLDIP2	PSME4	UBE3A	HERC1	SPAG7	LPIN1	FLII	RNF115	NFU1	DLAT	DNAJB6	CUL4A
466	1.0	KIAA0748	TNFRSF4	CD28	CTLA4	CCR4	XCL1	TBX21	CLEC2D	LAG3	LAX1	IL12RB2	IL4	IRF4	IFNG	CCR8	PDCD1	TRBC2	CXCR3	SIT1
467	1.0	SECISBP2L	PAR5	BCLAF1	BICD1	ZNF124	TBC1D5	SREK1IP1	SKI	FICD	SPAG9	HERC4	ZNF12	RAPGEF2	ERC1	EI24	CALR	TIPRL	ARHGDIA	SMG1	NF1	BAG5	PCDHGA10	CDK6	UBXN7	C14orf101	ZNF264	ETV3	GATAD1	PIK3CA	OPA3	C1orf56	GMEB1	FAF2	EYA3	ATXN3	RBM12B	ACADVL	HNRNPL	DFFA	SLC26A2	NR1D2	DARS	EIF2C3	SLC16A7	TBL1X	RASA2	EHBP1	KIF3A	POLH	PDP1	UBR4	KAT6B	SF1	SLC44A1	PTCD2	XPNPEP3	ATF6	GSK3B	SSH1	RAB3GAP2	SPIN1	DCAF7	UFL1	TOB2	NUMA1	KLHL24	ATP7A	RC3H2	SNX27	ZBTB43	INTS6
468	1.0	MED13L	POU5F1P4	HEXA	FAM49B	GOLGA4	SEC24D	PCBP2	ATP6V0A2	PPIA	NAIP	KIAA0664L3	AKAP9	TEP1	TCF12	RALGPS2	RAD23B	NPC1	SMA4	FLJ38109	IL1A	TNRC6B	TMF1	CAMK1D	PMS2L2	C21orf96	ZNF652	ZBTB20	GSDMB	PKN2	SMYD2	NFX1	UBR2	AQR	TRMT2B	TMEM19	DND1	IBTK	LOC100127972	ZFAND6	HBS1L	TRA2A	TTC17	TRIM33	FBXW4P1	DMXL2	HELZ	NEAT1
469	1.0	IGSF9B	F2RL3	DKFZP434C153	GDF9	CYP1A2	XRCC2	SCD5	RGSL1	KCNAB3	KCNJ14	RAB40AL	CEP41	NPFFR1	USP49	MFSD11	SAG	EFR3B	ZC3H7B	ZSWIM1	POM121	OR2C1	SFTPB	TBX6	GRM4	ADAMTS9	CCDC30	UBQLN4	TAF1	PCDHB1	TAS2R4	DCLK2
470	1.0	TOP2A	MELK	CCNB2	TPX2	PRC1	CDK1
471	1.0	NASP	MCM2	TFDP1	SNRPA	H2AFX	CPSF6	DNAJC9	RRM1	SUPT16H	SMC4	RPA1	HNRNPF	MCM3
472	1.0	NDOR1	NFKBIL1	ZMAT5	HLCS	NT5C	PYCRL	NVL	SURF2	ZNF787	LIN37	B9D2	C4orf10	ZNF408	COG4	PAF1	RNF25	JMJD4	RAB40C	SERGEF	BRF1	AAGAB	ODF2	AZI1	MCPH1	SSSCA1	ZNHIT2	PGP	C16orf53	FAM86A	FKBPL	TFPT	FBXL18	SUGP1	GTF3C5	PPP2R2D	ZNF574	PIAS4	LOC100134713	KPTN	TAF12	WDR25	GPKOW	PLEKHA8P1	NOC4L	GNB1L	MED27	COG7	ZNF576	OAZ3	UBB	PIN1	TRNAU1AP	C17orf90	PRMT7	ZNF263	CBX8	DDX49	DDX31	KIAA0319L	AP4M1	ZNF668	ZFPL1	GFER
473	1.0	NEUROD1	CNNM1	KCNJ16	LPPR1	NDST4	SLCO1A2	CHGB	HLA-A	FAM5C	ZDHHC8P1	FOLH1B	INSM1	RELN	SALL1	GPR88	CHGA	FAM189A1	CDH9	SFRP5	TAC1	PCP4	GABRB1	CADPS	GABRA2	GPC5	NPY	RALYL	IGSF1	GNG4	CRYBA2
474	1.0	C9	TAT	HMGN2	CYP4A22	TRMT5	APOF	SPP2	FGF21
475	1.0	ARHGAP15	GIMAP4	ICAM2	GIMAP5	LSP1	CST7	GIMAP6	NKG7	LCP2	RNASE6
476	1.0	TPMT	FBP1	PTPRN2	MYO7A	TPSG1	HGD	BAG3	SULT1B1	ZDHHC3	TNFSF15	SNTB1	PLEKHJ1	CCRL2	BTG3	SERPINF1	GK	NAT8B	EDAR	MYO15B	CCL24	PCTP	CAPN10	FUT4	LONRF3	FAR2	CASP10	PAPSS1	ABCB1	C9orf167	XPNPEP2	TACSTD2	NEK3	KCNQ1	TPK1	IL17A	PREP	GPR35	ARHGAP26	ANG	ASCL2	TTC38	KBTBD11	DGAT1	CHN2	SLC25A20	CEBPG	KRT10	AMZ2	FMO5	FAM105A	PRKAB1	CYP4F2	CLC	SLC39A6	PLSCR2	MARCH3	SLC26A6	CTSE	ASRGL1	VILL	BTNL8	CASP5	SLC22A18AS
477	1.0	SLC4A1	ALAS2	EPB42	AHSP	KRT1
478	1.0	ELAVL4	DPP6	GABRA1	SCN2A	STMN4	NCAN	GABRG2	GRM3	CBLN1
479	1.0	PRPS2	PDS5A	CCBL2	TTC35	KIF2A	LRRC40	SMARCA5	RBM15	CASP3	UBR7	FAM82B	PEX2	FAM111A	C1D	RBBP8	MCM5	FUBP3	TAF2	RBM34	DDX50	FRG1	NSL1	RECQL	INTS8	VRK1
480	1.0	SLC6A7	PGK2	SSTR3	LHX5	MUC6	TPSD1	MPPED1	GABARAPL3	CYP11B2	NPHS1	ACR	SDK2
481	1.0	CCDC90A	TRAPPC2L	WBSCR22	RDBP	TRAPPC4	DDT	RPS21	ZNHIT1	CDK7	MRPS14	CCNH	PSMD9	AUP1	GLRX2	NIT2	PDAP1	APRT	PSMA7	MPHOSPH6	EIF4E2	EIF2B2	POP5	STRA13	DIABLO	RAE1	NGDN	PARL	ITPA	C16orf61
482	1.0	TAF5	TTF2	ZNF695	KIF24	ZNF107	POLD3	METTL4	CEP192	C9orf40	CEP152	CEP97	RNGTT	CEP57	MDM1	TGS1	DLEU2	DBF4B	CCP110	MPHOSPH9	WDR67	DMC1	DCLRE1C	NUP160	CENPQ	RBL1	MRE11A	KIAA0586	ARHGAP19
483	1.0	TYMS	RANBP1	FDPS	CDK4	SLBP	HPRT1	MCM6	KIAA0101	SNRPF	PTTG1	KPNA2	PCNA	SNRPD1	DDX39A	CCT6A	CKS2	NME1	GGCT
484	1.0	XYLT2	ARFGAP1	POLL	ZDHHC24	BCL7B	GMPPA	C16orf58	C19orf24	SLC35A2	ERCC2	PTDSS2	MARK4	B3GAT3	SNAPC2	RHBDD3	SLC4A2	BAD	GALK1	VAC14	HPS6	HMGXB3	NUDT18	FASTK	CLCN7	SLC10A3	SCAMP4	NAGPA	AMDHD2	MAN1B1	STARD3	PEX10	TEX264	PSKH1	CYB561D2	YIPF2	OGFR	GPATCH3	INO80B	SGTA	TSSC4	TBC1D13	BET1L	FAM3A	NAGLU	CA5BP1	C16orf42	ZC3H3	LIMS3	PKN1	ALG12	SHARPIN	PNKP	B4GALT7	UAP1L1	ARFRP1	ATP13A2	ABCF3	C7orf43	PIGQ	ERF	PIGO	MOGS
485	1.0	MAPK7	CYHR1	DAPK3	SDF2	LIMK1	ECE1	ATG9A	MCOLN1	C16orf7	ABHD8	CTNS	BCKDK	NRBP1	SLC38A7	STOML1	C20orf29	TRPC4AP	XCR1	TOM1	GLTPD1	ATG13	TMEM104	TBKBP1	RNPEPL1	TMEM115	MUL1	CHMP6	RARA	C16orf57	TMED1	MMP24	POFUT2	UBTD1	YIPF3	NPLOC4	PLA2G15	IP6K1	NKIRAS2	SLC9A1	PLEKHM2	MFSD5	COMMD9	TOLLIP	ZBTB17	LPPR2	FAM65A	TXNRD2	TPRA1	DNAJB12	FURIN	NR1H2
486	1.0	ZHX2	SH2B2	FUT8	PKIG	TCF4	SSBP2	NGLY1	DPP4	TRIP6	P2RX5	PRKD3	TRAF5	MBD4	RRAGD	ARHGEF7	DUSP10	TNIK	DAPK1	FCHSD2	CDC16	SLC43A3	TMEM131	STX7	SEL1L3	CBLB	BTG2	ADA	MAN1A1	GCLM	FAM69A	SEMA4C	PLA2G4A	TBC1D1	SOX4	FIG4	SGPP1	SOCS2	IFT57
487	1.0	FRMD4A	WNT5B	MCOLN3	SLC25A4	DNAJB4	SYNPO	FSCN1	TUBB2B	ME1	SATB1	PIR	MOXD1	TFPI2	SGCE	PLTP	BHLHE41	LEPREL1	SPRY2	SPATS2	FILIP1L	S100A4	SMAD1	CCND3	ARHGEF6	RAB38	EPB41L2	RRAD	CXCR4	EXTL2	DSG2	ARMCX1	RGS2	C2CD2	GDF15	SOX9	UST	MSX1	KCTD12	PEG10	TXNIP	PTGER4	ADCY3	ALDH7A1	KIAA1797	STARD13	SLC1A1	TRIM16	MAP1B	RHOBTB3	RGS3	HSD17B11	TP53I3	HDGFRP3	NAV2	STC2	DMD
488	1.0	HSPA4L	MREG	TRAF3IP2	ENDOD1	GRAMD3	STEAP1	CHAC1	EDN1	NFE2L3	PLD1	SPAG4	MYO6	MDK	MMP7	SLC35F2	ARNTL2	DUSP4	TBC1D8B	CARKD	CYB5R2	FGD6	KCNK1	TCEAL1	HS3ST1	ZBED2	MYH10	ZNF215	MYO1D	SLC12A8	HSPA2	DNMBP	PAWR	KRT7	SKAP2	ITGB8	AACS	SLC7A11	TRIP10	LRRC16A	MYO1C	MYO1E	CASK	FBXO9	DST	METTL9
489	1.0	CHST11	MAP3K14	IKBKE	PARP11	TSPAN3	ETV6	RAB30	C9orf91	PAK1	ICOSLG	PML	UBE2E3	IL12A	GRAP	PRDM1	POU2F2	LYL1	DHX58	PAOX	PPCDC	HIVEP3	C21orf91	DENND4A	HTRA2	SH2D3C	GGA2	UVRAG	NFKB2	ADPRH	PDE6D	TSC22D1	MR1	PRDM2	GPR132	RAD51B	SETX	HLA-DRB4	TRAFD1	FGD2	SEPW1	SKP1	KIAA0226	TLR6	REXO2	BCAS4	STK17B	PIK3R1	IRAK4	IZUMO4	NLRP1	IFNAR2	KLHDC2	KSR1	ZBP1	HSBP1	SLC16A6	TTN	INPP5B	ZNF318	ITPR2	IPO7	HPS5	RASGRF1	WDR91	ERO1LB	SNX11	AKAP5	STK4	BZW2	C18orf8	TNFSF9	SLC9A7	BMP2K	TRAF3	USP22	TNFSF14
490	1.0	XIST	MKLN1	CINP	CTDSP2	DYNC1H1	SON	OBFC2A	DDX24	XRCC4	VPS33A	C2orf49	USP12	ERO1L	NACAP1	SLC25A36	C2orf18	SERPINB8	NPIP	TUG1	PURA	ENTPD7	CTBP1	SRSF6	FEM1C	C1GALT1	NBPF10	IFNAR1	SLC35E2B	PPP2R1B	H1FX	GDAP2	DBT	STK3	ZMYND11	YTHDC1	AVL9	SLC30A5	LDLR	CIRBP	SFT2D2	COQ2	TRIM5	BCAP29	C11orf2	ZAK	TTC3	AHNAK	CDK5RAP3	GLG1	MDM2	PKD1P1	WAC	BRAF	OPHN1	HUS1	UGGT1	PEX13	TRIM44	UEVLD	ATXN7L3B	YIPF4	BRD4	NSUN3	CDC40	PTPN2	SRBD1	ATP2C1	ZNF557	ETNK1	ITCH	ZNF91	GK3P	DNAJC3	ACOX1	LRRC47	TMEM33	ELL2	STAM2	LOC399491
491	1.0	ANKRD36BP2	NPAT	GPBP1L1	HIST1H1D	DNMT3A	CEP68	PIK3R4	NSUN5P1	C17orf88	YLPM1	ALMS1	KIAA1654	RNF125	GPR22	HRK	LOC100288594	LGALS3	EIF4A1	RPS4Y1	TBL1Y	ZNF280B	ALDH9A1	NLK	PRO2964	GOLGA6A	SPPL2B	PRKY	AFF3	TRAPPC2	ZNF711	ZNF391	PCNXL2	ZNF609	TAS2R14	SRSF11	ANKRD36	WDR59	AGGF1	ANKRD17	SPICE1
492	1.0	CRYGB	MAP2	PKLR	ICAM4	ECE2	AAK1	NTS	CRLF2	C21orf62	A4GNT	PRKG2	MLC1	ADRA1B	ANO3	C6orf123	FN3K	MASP1	CLDN16	MYBPC2	DIO3	XYLB	SPINK1	ATP4A	TSKS	HIST1H2BL	LEFTY1	SLC6A12	CDH16	EPX	CYP19A1	WNT6	LDHAL6B	NHLH1	CPS1-IT1	SOX14	EPAG	ARPC2	WISP3	LOC100507009	PQLC2	ICAM5	ANKRD2	C9orf125	CRYGD	EGR4	DSCR4	MBNL3	CD5L	ZG16	EDA	UPB1	L1TD1	GPD1	CA9	PRSS21	CPN1	IRS4	OXT	GIP	KCNJ1	UGP2	CCL1	KCNB2	STAR	MPZ
493	1.0	COBLL1	PCDH1	TJP1	TMEM159	TCHH	DSC2	ETV4	GPR153	KRT81	BAIAP2	ABP1	MAOB	TAF7	RARG	TPM2	ALPP	IPPK	UPK2	RCAN1	CTNNBIP1	ST6GALNAC2	EMP1	NOX5	DOCK9	BTBD1	AVPI1	NMB	PLD2	TMED5	IL19	SLC18A2	MBOAT2	TACC1	ABL1	SPP1	PACSIN3	TMEM144	RYR1	OR1F2P	GALNT14	PROL1	EPB41L4A	FAM46A	KLF8	FERMT1	FAT1	FHL2	APOD	KANK2	ITPKC	CYP1A1	CA2	ECHDC3	PTP4A2	MIR622	HCG4	THSD4	ABCG2	PPAP2B	N4BP3	KHDC1L	FOXD1	KIAA0284	GAN	MOB3B	GPR157	ARMCX6	NOTCH2	RETSAT	SYTL2	RGS12	OTUB2	BACE2	TNS3	MAST4	TRPM4	PPAP2A	TMEM132A	SLC6A9	ATP2B4	ALOX12P2	CYP4B1	MDFI	ALOX15B	AREG	RBPJ	MGLL	DTX2P1-UPK3BP1-PMS2P11	EPS8	ABHD11	SLC14A2	TGM4	SERPINA3
494	1.0	RIN3	CHFR	MTMR4	VCL	KDM4B	MKNK1	GATAD2A	PTPRO	MAPK1	IGHG1	ASAP1	KCNMB1	HBD	GLT25D1	N4BP1	RASA4	NR4A3	PRG2	PGS1	CCDC69	PHC2	KLRG1	BAG2	TM7SF4	TNFSF10	IVNS1ABP	LYST	PPP4R1	NSFL1C	FCGRT	AKAP13	CARD8	STAU1	APOLD1	STAT5B	CX3CR1	TSG101	PFKFB3	CDC42EP3	ID2	NDE1	C10orf10
495	1.0	DGKZ	RPS6KA1	BATF	KYNU	RALGDS	HLA-DQB2	WRB	KIAA0040	TNFSF13	COPS6	REL	IL1B	ATP2A3	LRBA	TMC6	PTS	BCL11A	NOD2	SCRN1	RNF19B	LY75	G0S2	SYK	FAM46C	SKAP1	ZCCHC2	ENOSF1	IL1R2	BIRC3	SLC15A2	CYP1B1	PCMT1	ACP5	GATM	NAGA	FAM102A	NR4A2	GNA15	C13orf15	DUSP2	ITGAE	SIDT1	P2RX4	SH3D21	DENND2D	ECI2	SEMA4A	CHI3L2	C18orf10	MLLT11	PTPN18	ITPKB	KCNN4	CIDEB	PTP4A3	TXNRD1	MCTP2	DAPP1	STXBP2	EAF2	RDX	MYLIP	MYL6B	DRAM1	SLC16A3	ID3	ZMAT3	FOSB
496	1.0	RAB32	ADAP1	IL18	INSIG1	PITPNC1	LAMP3	SLC12A7	TLR5	ABCG1	FAM134B	NDRG2	CFD	FRMD4B	PGM1	NAAA	CD83	CEACAM1	CEBPA	SLC27A3	HERC5	VAV3	IL1RN	B3GNT2	CISH	RAB20	SIGIRR	MGAT4A	HPGD	SYNE2	GRAMD4	PRR5	RABGAP1L	PLA2G7	BNIP3	ACPP	AKR1B1	BLNK	S100A8	AMPD1	SULT1A2
497	1.0	OGFOD1	PPP2R4	SPHK2	THAP4	IPO13	SDAD1	PPP5C	FOXRED2	NPRL3	AP2A2	KLHL26	WRAP53	LRRC41	ERAL1	PELP1	TAF6L	DEAF1	MAST2	TARBP2	MEN1	KLC2	DVL2	PPP2R5D	POLRMT	OBFC2B	RANGAP1	CEP250	POMZP3	INTS5	BAHD1	RBM15B	CAD	MRPL2	MLST8	USP5	DHX30	FAM86C1	PRKAR1B	ZNF324B	FAM86B1	URGCP	RPAP1	NELF	TXLNA	CLN6	BTBD2	AAAS	PEX14	GTF3C1	STK25	ALKBH4	PCGF1	PRCC	FOXK2	FPGS	VARS	RBM14	ASPSCR1	TNPO2	TSR2	CDK16	C20orf4	C20orf27	MED24	MCRS1
498	1.0	FN3KRP	LIG3	CHD8	XRCC1	HDAC6	RAB11FIP3	RSAD1	DHX16	NAA40	PHF2	TRRAP	ATAT1	PATZ1	LAMTOR3	ANGEL1	RAD51D	FRS3	BCL7A	BRD9	ZNF74	SETDB1	INPP5E	SOX12	RNF220	CHMP5	CHMP2A	WHSC2	TERF2	MTHFSD	ZNF444	ARHGAP33	RIOK3	PIP4K2B	THAP7	TJAP1	MKS1	ASXL1	RAB1A	USP21	INTS3	CLEC16A	SCMH1	EHMT2	KIAA0195	MMS19	TMEM39B	PRRC2B	THTPA	NUDCD3	ZMYM3	FTSJD2
499	1.0	MLPH	UBE2Z	TPD52L2	MYO5C	IGF2BP3	RPS6KB1	SLC9A3R1	DCXR	LOC220594	CCDC47	RAD51C	SUPT4H1	TRIM68	C12orf4	RAB22A	OSBPL3	BLVRB	RANGRF	HIPK1	C20orf43	PIBF1	RNF7	WDR45L	STUB1	PLAG1	CETN2	MTAP	NCOA3	TMED3	SPAG16	MCCC2	GDI1	MALT1	BCAS3	RAB14	MED13	BLVRA	TPP2	MTMR2	ACN9	SNX17	RNF114	SLC35B1	SERPINI1	ZNF426	SEC16A	APH1A	APPBP2	FIS1	GDE1	VTI1B	SNUPN	DNPEP	PIEZO1	VPS28	SMARCD2	ACSL4	PLXNB2	MAPK9	TCF25	NEK9	TFCP2	ZNF175	VAPB	ECHDC1	C6orf211	ABCC4	LY6E	HIST1H2BD
500	1.0	OS9	GLMN	LAMP1	ADIPOR1	GLB1	LAMP2	RAB7A	CST3	TMEM111	GNS	C20orf3	MFSD1	HMGN5	RNH1	GUSB	NAGK	CTSA	CERS2	ARF3	HK1	PRCP	SPG21	ATP6V0C	COMT	LRP10	SQSTM1	CD44	ATP6V1A	M6PR	PLEKHB2	CTSB	ATP6V0D1	GYG1	FXYD5	ATP6AP1	ATP6V1B2	TPP1	ASAH1	CSRP1	PPP1R11	KLHL23	GRN	CXorf57	PGAP1	ZCCHC11	GNB2
501	1.0	CGREF1	GNGT1	TLE2	LIMS1	ARHGAP44	CNTNAP2	C19orf57	PLEKHB1	MACROD1	LRRC8B	FZD3	DUSP9	RAP1A	BCL9	MCF2L	ZNF204P	DBNDD1	ZNF239	CACNA1D	CNNM2	COL9A3	MBNL1	TNNC1	ARL6IP5	DNASE1	SH3BGRL3	ARHGEF26	GLRX	ACVR2B	PPP1R9A	KIAA0895	SH3GLB1	FAM174B	C6orf124	TRIP12	PROSAPIP1	FAM169A	PPFIA3	CA8	NRTN	GYG2	TRIM36	RAB15	RIMS3	SYNGR3	SLC27A6	C17orf63	CEP70	GNG12	CAMTA1	PDE9A	C20orf46	UBE2D3	KREMEN2	GAD1	MYCN	KHK
502	1.0	MSX2	MTL5	HOXC13	PPM1H	BMP7	SUSD4	PCSK6	GPR143	MYCL1	ANXA9	CCNO	GLB1L2	MCF2L-AS1	FGFR3	TBC1D30	NSUN7	SPTBN2	CLCN2	PLAC1	FABP6	GLS2	PARD6B	ANKS1A	PLCH1	C9orf7	PRKCZ	CDK18	CTSL1	VIM	FGFR2	MAP3K9	TNNT1	EGLN3	RAB26	YBX2	FBXO2	CELSR2	GRTP1	ANK3	DTNB	ARHGAP32	BCAM	NEBL	DHRS2	EFNA3	TOX3	GBE1	PLXNB1	DLX4	CRABP1	NUP62CL	SHROOM2	SLC29A2	MOSC1	PRODH	RAP1GAP	FUT1	GALNT12	TUBBP5	WWC1	HOOK2
503	1.0	AMT	TTC12	VAMP7	UBE2A	HEATR8	TM7SF2	EPHX2	INADL	ZBTB5	DUSP8	C10orf57	BPHL	PGAP3	SYCP2	WWOX	TTC9	MGMT	TP53TG1	CYP2C8	C11orf71	GRAMD1C	FARP2	FHIT	DOPEY2	TRAPPC6A	C6orf130	COX16	MST1P9	ZNF395	PARN	FKBP1A	POU5F1B	RBKS	WDR52	RALGPS1	TMEM134	GPLD1	RALA	ALAD	PAIP2B	NEIL1	TESK2	RIC3	SLC29A3	SECISBP2	SYT17	CERS4	PPP1R13B	ACP6	CORO1C	ZNF544	ZDHHC11	ACSF2	H2AFJ	FBXW4	OVGP1
504	1.0	LHPP	CSNK1A1	ENGASE	KCNMB3	LOC100131510	DCAF11	TNPO1	TMEM80	GALT	GOLGA2P5	CBFA2T2	CCS	ACBD4	C5	ZNF688	MIR600HG	SIRT3	XPC	C5orf45	PICK1	GNMT	ZNF212	SLC6A16	PLA2G6	MAGIX	KIAA0141	LOC100129973	CLDN15	ZCWPW1	DHRS12	TMEM63A	MST1	CCDC71	PHKA2	SIRT5	PMS2P5	RRNAD1	SGSM3	ACAD8	CNNM3	SLC4A5	PARD6A	C2orf27A	DBP	ACAD10	PDE6B	TMEM187	SLC2A11	CASP9	BCKDHA	DAK	CCT6B	OCEL1	PAQR6	MYL5	PMS2P1	NME3	LTK
505	1.0	TIMM22	CALM3	ADARB1	DSTYK	C3orf64	EPOR	LUZP1	SLMO1	WDR37	GUSBP11	EIF5A2	CD46	GPR107	ARHGAP10	SRGAP2	TCP11L1	ZMYM1	KIF3C	AKR1A1	BICD2	MAP7D3	THOC5	LMBRD1	AP3S2	PHTF1	TMEM87A	EXTL3	RPS6KC1	NIPAL3	IDH2	DPY19L1	SERP1	SYNGR2	ASB1	ADAM17	TMOD2	PPARD	TRIB1	BFSP1	CLN8	PRMT2	TCFL5	TSPAN13	PRDM4	EIF2C2	NF2	BPGM	CNDP2	TP53BP2	DEF8	TWF2	NMT2	PHF17	EIF2AK1	WWP1	DUSP7	SNTB2	MYBL1	HIP1	FKRP	XBP1	ALDH2	WDR47	ARL15	SNAPC1	ASS1	TMEM11	KLHL21	MGC2752	GSTK1	RAB8A
506	1.0	KCNMA1	CEP112	PTPRG	TCF7L1	PLCE1	ELOVL2	KAZALD1	PCOLCE2	PLEKHA4	TBX2	EML1	B3GNT1	SPEG	VLDLR	OBSL1	TRHDE	ZNF532	KHDRBS3	ASAP3	FAM110B	HSPA12A	TENC1	LIFR	LARGE	ITGA1	C7orf10	ACSS3	SMTN	SATB2	C16orf45	CRLF1	TLN2	SCG2	FHOD3	ENPP1	SOBP	MOCS1	PDE5A	APBB2	HOXC5	ARNT2
507	1.0	SEMA5A	LAMB2	PLCB4	CADM1	SLC16A4	KCNS3	LRP4	NEO1	FZD6	STC1	SLC7A8	DIXDC1	MID1	PDGFRL	CRIP2	KAZN	COL18A1	SCG5	FZD7	GULP1	TBX3	SELENBP1	UNC5B	COL6A1	FARP1	IRS1	H2AFY2	PTPN13	GLI3	ANXA3	NR2F1	MEIS1	EFNB2	TRIM2	BICC1	PTK7	EFS	HYAL2	MLF1	NOTCH3	CREB3L1	C14orf132	SLC2A10	NYNRIN	TEAD3	PTK2	MATN3	ACOX2	FGF13	FLNB	FAM171A1	DOCK4	MORC4	FOXF2	PTPRM	INHBB	CDC14B	NUAK1	PRKAR2B	DIP2C	OSR2	ST5	PBX1	LPHN2
508	1.0	SLC19A1	HDLBP	FBXO41	LEPROT	GSR	C14orf169	PPAT	IQCB1	TGIF2	SNX3	ACACA	RHOQ	YPEL5	SFMBT1	CSTF2	PDK3	TET3	NBR1	CEP72	RNF11	SLC37A4	REEP5	DYNLT3	HIST1H4J	SFXN1	C19orf54	NFE2L1	FGFR1OP	PNRC1	ITGAV	ARID3B	MAP4	LRP8	QTRTD1	TFR2	FAM127A	PROSER1	TAF5L	SEC31A	PLCXD1	PLAGL2	PIGA	TAF4	PRKX	SLC25A15	PAM	CNOT6	FCHO1	PDLIM5	MUTYH	SERINC1	ARID3A	TTLL4	PASK	TAF4B	RRAGA	CHRNA5	RHOF	CD59	LOC389906	TMEM180	DCPS	PDSS1	BNIP3L	MAP1LC3B	SERINC3
509	1.0	RMND5A	FBXO46	MT1H	DGKD	RLN2	ALCAM	ZFAND5	CASP6	ALDH5A1	COL9A2	PEA15	GMCL1	ATP6V1E1	CHD7	FEZ2	MT1X	ZNF33B	ZSCAN16	MPRIP	SEC23A	ZNF273	NUP210	ZNF443	ACTR10	SCYL3	USP6NL	UROD	MT1G	FBXL14	VAMP3	MT1E	FANCF	PRNP	MXRA7	E2F5	POU2F1	TUBB2A	MT1P2	GTF2H5	ATP6V1D	MT2A	ZNF468	ATF7IP2	MCM9
510	1.0	C6orf64	PLCG1	RABL5	ARMC9	C11orf63	HHAT	DFNB31	PMM1	ZNF428	FUZ	SLC24A1	SEMA4F	GAMT	FBXL2	PIAS3	FAM127B	TCEA2	CUL7	TTLL1	LRFN3	MOK	HHLA3	LOC92249	PRAF2	TUBG2	NRSN2	MAPK11	CACNB3	PHC1	DTX3	IFT122	CCDC106	AP3M2	TULP3	BBS4	LINC00094	SQRDL	ISYNA1	PCGF2	CABYR	B9D1	GNB5	TTC26	RPGRIP1L	ZNF821	SLC4A8	CAB39	C14orf79	SPECC1L	TMEM121	AGBL5	ASTN2	AHI1	TP53BP1	GDF11	DYRK3	DNAL4	CDK20	KCTD17	RPL39L	ZNF512B	SRR	MAP3K12	TTC30A	FAM164A	KDM4D	DZANK1	IFT27	LRRC23	KIAA0753	MAGEF1	ZNF214	CBS	EFHC1	SLC9A5	RNFT2	DBN1	IFT81	SLC25A14	SEC61A2	MEGF8	KBTBD10	WDR73	ABI2	HCFC1R1
511	1.0	FAM168A	GRK4	NINL	ZC4H2	ZNF135	TMSB15B	ZNF667	NBEA	ZNF32	CLGN	TP73-AS1	FAM172A	MAP9	CHST10	B3GALNT1	CSRNP2	SALL2	ARHGEF9	LRRC49	BHLHB9	TBC1D19	BBS9	ZNF415	SNPH	SPATA6	ZFP37	ROBO3	CNTLN	ZNF334	MAGI2
512	1.0	GTF2F1	CHPF2	TRIM27	RABIF	SMG9	CDK5	PYGB	PPP1CB	CDS2	STYXL1	POR	PTPN9	UNC119	ARSA	EDEM2	PHF1	CHD3	BAX	MANBA	DGCR2	RAB4B	MAN2B2	C19orf28	ERMAP	ZNF8	TRIP4	KLHDC10	SPATA2L	USO1	MON1B	ABCC10	UNC45A	PCYOX1L	GALNS	STK16	CPT1A	NADSYN1	IP6K2	FNTA	KIF3B	GBAP1	RTN2	APH1B	HPS1	DPM2	SLC35C2	RPP14	HMOX2	STRADA	TLE3	BIN3	ORAI2	TRADD	ASB8	TOR1A	PHF20	KLHL36	TMCO6	ASB6	MED8	ENO3	ST13	FHOD1	MPV17	SAP30L	KPNA1	PIGV	MFSD10
513	1.0	MPDU1	R3HDM2	TTPAL	FXR1	RIPK2	WIPF2	PRRC1	CORO1B	LPIN2	PIGB	STX6	SPTLC2	KIAA0564	SLC33A1	KPNA3	RHOA	CALM2	C2orf43	LTN1	NEDD4	DDB2	PTP4A1	OGDH	PPIP5K2	GPD1L	ASNSD1	ATP5L	RAP1GDS1	GALNT10	PRKAR2A	MICB	GTF2E2	BIN1	NPEPPS	TTC37	SLC35A5	SLC30A9	SIPA1L1	SLC31A1	TP53	VPS41	ARPP19	TNKS2	PTCD3	SUCLA2	PCM1	HSDL2	ZBED1	SNAPC5	POTEKP	SNRNP27	FTL	INPP5A	AGL	USP9X	HMG20B	RB1CC1	PTPRA	G6PD	ZMYM6	CDK19	PDHB	TDP1	MYOM2	ISCA1	NDUFAF1	ADNP2	FHL3	RRBP1	LARS	SH3GL1	CAPN3	HADH	CHTOP	USP24
514	1.0	DR1	IDS	LUC7L3	SRSF5	PELO	DHDDS	BMI1	SIL1	HNRNPH3	MST4	ABHD4	PPPDE2	SEC24B	SLC39A1	SP3	MAPKAP1	LDLRAP1	LSM14A	CDKN1B	STAG2	ARGLU1	TMEM185B	GPN2	KRAS	PUM2	ANO10	CAMLG	GGCX	AGRN	PANK3	HNRNPA3	RBM39	DDX3X	RSRC2	POLD4	HTATSF1
515	1.0	ATF5	MARCH5	FADD	GALE	LARP1	RELA	PJA2	APEX2	PMM2	NEK7	ZDHHC4	C11orf24	CREB3	TNIP2	ZMIZ2	AP1S1	SPATA20	DNASE2	NUCB1	SREBF1	MAPKAPK2	BCL3	CLP1	BRMS1	COPS7A	MAPK3	CHMP1A	RAB5B	TM9SF4	ILVBL	TCTN3	ST6GALNAC4	G6PC3	PFKL	ZNF259	SRC	ZFAND3	URM1	JUND	GMPPB	PNPLA2	QKI	DPP3	EHD1	DPM3	ACTR1B	KCTD5	ACOX3	DDRGK1	C1orf144	E2F4	BCL2L1	GRINA	PIGG	CLPTM1	ABR	ENTPD6	BCL7C	COQ4	MXI1	NAP1L4	MAZ	SNAP29	DPAGT1	TMEM8A	MARCH7	ARAF	GPR172A	HRAS	GIPC1	MTA1	SCARB1	KDM2A	ERBB2IP
516	1.0	BRAP	RRN3P1	DPF2	NPRL2	EIF4ENIF1	CUZD1	DUSP12	YWHAE	ZNF37BP	C17orf48	COX4I1	VAMP1	ING4	ASTE1	HPS4	RFXAP	ZNF589	C14orf93	FBXO42	CCDC132	ZZEF1	QRICH1	AKAP8	C17orf85	ELAC1	ZBTB39	HSD17B12	CYP2R1	ZRSR2	MSL2	UIMC1	C12orf47	MTERFD2	CIR1	PARP16	ZFP161	FBXO4	ZNF75D	CNTRL	KLHL18	CLCN6	RPS28	ZBTB25	TBP	ERICH1	ZNF34	CDK12	KBTBD4	AHCYL1	MTOR	LRIG2	TGFBRAP1	RAB2A	ABCD4	MTMR10	RNASEH2B	ATP9B	ZNF783	USP36	WSB2	PIGC	TRIM52	VPRBP	NRF1	INVS	TTC13	SLC7A6	LOC282997	AKAP8L	HIC2	FAM118A	BRD1
517	1.0	PNP	MOSPD2	BEX4	PHF10	TMEM106C	ECT2	KLHL9	NME4	ATXN1	AGA	RNF187	BBIP1	GGH	CLIP2	POLR2I	HN1L	TECR	UBE2L3	ASH2L	WIPI1	NEDD9	RAD23A	CLN5	STAM	TBC1D4	TBPL1	CDC37	NETO2	C9orf16	RPS6KA3	HTATIP2	GMPR	GYPC	ANKRD27	CHD1L	ATP10D	MFHAS1	POLE3	TSPAN31	PPP6C	RPIA	ENC1	SGMS1	CSNK1G3	C3orf14	ACOT9	MRPL24	ASF1A	C16orf80	CYB5B	ACTR1A	GALC	CNIH4	APIP	ABCA5	CDR2	HIVEP1	PKIA	LGALS8	SMARCA2	ZNF22	CDKN2A	DNAJC10	ACOT7	IK	PLA2G16
518	1.0	UBE2Q1	HGSNAT	SEC23B	H2BFS	SMAD7	KLF9	GALNT11	NRIP1	SASH1	IGBP1	AHR	RNASE4	HDHD1	BHLHE40	TGIF1	CLINT1	NUCB2	PIK3C3	RBCK1	PRKAG2	SNX5	CYBRD1	EIF2AK3	AARS	SMAD2	SRSF8	USP7	IL1R1	ARL4A	SPG20	USP16	SHMT2	PRKRIR	ISOC1	KIAA0196	PLAGL1	H1F0	CDV3	C1RL	APOBEC3C	CTSO	CRY1	ARNTL	SCML1	DUSP22	ZBTB38	C9orf95
519	1.0	HMBS	SLC38A6	MDFIC	USP48	SUMO4	CLIP4	TTC19	ABHD2	UGCG	ZDHHC6	NBN	SMYD3	MTM1	TOR1B	KDM5B	EGLN1	LAGE3	FBXL12	RNF111	MGAT4B	UBXN1	C19orf2	GSTM3	MAN1A2	VEGFA	KIAA1279	BDH2	UBL3	ISG20L2	ABHD10	TSR1	CCDC53	DCTN2	STS	NCOA6	CHPT1	SIK1	FLOT1	ZNF702P	SLC35D1	MPZL1	LOC388796	SLC5A3	HNRNPH2	CKB	PMVK	RP2	PICALM	NSMAF	FBXO28	ID2B	PGLS	SNX6	FAH	HSD17B7	GLS	SLC39A8	RHOB	SC5DL	STX8	ABCF2	ABLIM1	DAG1	RAB5C	DYRK4	PPCS	SNX4	NIPAL2	C1orf123	AKAP1	TMOD1	PIK3C2A	MOSPD1	IRS2	ZNF410	PAFAH1B3	ZNF267	APAF1	STX18	CYP20A1	MRPS12
520	1.0	ZSCAN5A	AEN	SELRC1	MICALL1	SLC27A5	PDZD8	PPME1	PMCHL1	CGGBP1	CBX5	POFUT1	E2F2	CAB39L	TMEM110	PAFAH2	TCF3	RPP25	ALDH1B1	DDX43	PNPO	HCG4B	PECR	ZNF35	C7orf49	KIAA1609	NECAP1	NOTCH2NL	CD320	CATSPERG	ABHD6	KLHL12	GOSR2	NPM3	NIT1	FDXR	WNK1	SHPK	FBXL5	ATXN7L1	SOX30	CTH	NSDHL	HOMER1	ZMIZ1	DGCR11	BCL2L13	HAUS7	OBFC1	OR2F1	TMEM57	DCLRE1B	GCNT2	EXOC6B	GPATCH2	EDA2R	ARHGEF12	C9orf46	MYO19	PRKCE	KLF10	TMEM9B	LDHC	CDKL1	GLUL	CCDC134	LRRC20
521	1.0	LTC4S	DIAPH2	SLC22A18	ABAT	DGKA	RUNX1	TIAM1	SERPINB2	LTB4R	TRAK1	PPP1R3D	LFNG	CAMK2G	TSPAN32	SOCS3	MAPK6	DENND1B	CUX1	DGKG	PLEKHM1	MTF1	KCNK13	PDLIM1	VPS37B	MEST	SIGLEC15	OSM	BMP6	TINF2	CTSZ	TBXA2R	MARCKSL1	MAGED1	SLC24A6	SLCO4C1	MFSD7	BTN2A1	ADH5	IL24	MXD1	DCTN3	RNF141	ADRB2	FAM63A	TWF1	GDPD5	FLT3	KCNE1L	RWDD1	GMFB	EFHC2	ATP2A2	PQLC1	NOD1	IGKC	PLK3	CCL7	B3GALT4	ALPL	RNF24	EHBP1L1	ABHD5	NLRX1	GCNT1
522	1.0	GRSF1	GABARAPL1	CNOT7	MBTPS1	CRAT	ABCC5	ACVR2A	AZIN1	MLXIP	GAA	ST3GAL1	TIAL1	NFIX	POLR2B	PLCD1	PMPCB	LBR	HS1BP3	CCNB1IP1	GLB1L	PAPOLA	UBE2D2	NUTF2	KIF1B	SERTAD3	MYC	DNAJC15	POLR1D	PPP1R7	LRRFIP2	TMUB2	ADNP	MRPS27	SLC8A1	PSMD10	YIPF1	KIAA0513	FDFT1	MTDH	TK2	SCARB2	PABPC4	GABBR1	HFE	MSRA	CAPRIN1	MSMO1	LTA4H	IMPA1	VWA5A	IDI1	CNOT1	ACP1	CCDC92	SMARCE1	TROVE2	CRK	MEGF6	ARHGEF11	H6PD	EIF2S3	ADK	ODC1	PPP2R2A	FAM131A	UBAP1	PDK4	LTBP3	PPP2R5E
523	1.0	PDE4A	CBX4	BAZ2A	PCGF3	CAPZA2	SLC23A2	ADCK2	TRIM62	ANXA7	MAT2B	LY6G5C	NFE2L2	TMBIM4	PITPNM1	LLGL1	STK19	PHLPP2	CYTH2	IRGQ	KDM5C	BBC3	ADRBK1	CBX2	UPF1	NPHP4	PMS2P3	C14orf56	LDB1	ETV2	FAM53B	LOXL3	CEP164	BCORL1	ZBTB7A	PRR7	SLC25A28	AMH	CLSTN3	KCND1	PDE6G	RHOBTB2	KCTD13	NUDT3	VAV2	NPPC
524	1.0	TMEM53	NKX3-1	HMGN4	FP588	LRFN4	PTCH2	TP53I11	MMP17	NTSR1	PLXNB3	POMGNT1	METTL21B	C20orf20	MEX3D	CSNK1E	CLDN9	TUBA3C	OPN1SW	MOSPD3	SLC9A3R2	SPATA2	ROM1	EPN2	CPNE7	CASKIN2	IL17RC	CHPF	PCBP4	NAB2	PC	MC1R	BIRC2	SPTBN5	METRN	NFIC	FAM116B	IQCE	INF2	GPR162	ST3GAL4	TMEM66	ABCB9	CD164	DAGLA	CCDC87	SLC48A1	KLHL25	SEC62	MTSS1L	HYAL3	RIN1	RFX2	P2RX2	NXPH4	ZNF219	OSGIN1
525	1.0	MAPKBP1	ALDH18A1	MAP3K6	DHRS7	BAALC	NAP1L3	PYGO1	C11orf95	LEPR	FZD8	F2RL2	CAT	HAS1	SEMA3D	EPHX1	SHOX2	TSPAN5	NTAN1	CDH13	GPRC5A	MRAS	SCN1B	SPRY4	ENSA	LEPRE1	HAP1	SYNM	PRR13	CTF1	HOXA1	SERPINB1	WASF1	BAMBI	FGFR1	EEF1A2	CCRL1	DNAJC6	TES	EPHA4	HSD17B14	THBS3	NPR2	PTPLA	PARP4	NFATC4	GPR1	WNT2B	DLG5	NOV	ADAMTS6	PLAC8	SOCS5	AGPAT4	CFHR2	GSG1	SNCA	SH3PXD2A	HOXC8	RGS10	DFNA5	PCDH9	PAX7	ZHX3	LINC00472	PDE7B	BEX1	TRPS1	DNM1	HOXC4	SEPHS2	PRUNE2	TMSB15A	HIST1H2BK	PLA2R1	C1QTNF1	ME3
526	1.0	LAMA1	GRIP1	KIAA1024	AURKC	ARG2	PDE8B	SEMA3E	LOC100507284	NRCAM	SCN9A	GLI1	PPEF1	KIF17	MAGI1	SLC26A10	WT1	TTLL7	LHX1	CCNA1	NLGN4Y	PPP4R4	PTH2R	GLUD2	PHKG1	SOX5	TSPAN8	HRASLS	GPR3	ZNF835	AJAP1	AFP	SEPP1	EFNA5	B4GALNT1	TRH	RPS6KA6	PURG	ADCY1	PNPLA3	CALB2	SYT1
527	1.0	C5orf30	PLIN2	MTCP1NB	ZDHHC14	BZRAP1	NUDT4	HPCAL1	CHRNA6	UAP1	PON2	INHBE	YES1	TBCB	ATOX1	GNG10	CSNK2A2	ACTA2	C3orf37	FOXO1	GALNT1	TFDP2	C5orf15	ENPP4	CHKA	FAM90A1	MTHFS	TMEM59	INSR	NR6A1	PHLPP1	AGBL3	CHCHD7	CHSY1	PTCH1	PRKAR1A	UGDH	TPM1	DNAAF1	TDRKH	EGOT	CD55	RHOC	GCC2	GPER	MAPRE2	STK38L	ARHGAP1	HESX1	NBAS	SLC29A1	MIOS	GIGYF2	CHMP3	JAG1	GCLC	PMFBP1	BMP8A	NAMPT	PHLDA2	PARP3	DYRK2	SLC43A1	CLEC2B	ELK3	LGALS3BP	FAM3C	SGK1	SLC25A24	MT1F	PLBD1	TMBIM1	REC8	JAK1	CD99	SLC39A14	RLN1	WTAP	BASP1	RAP2B	GNAI3	OSBPL8
528	1.0	GIPR	DENND5B	NAP1L2	EPB49	ARL6IP1	STK17A	CAPZB	LMO4	GADD45G	MID2	ALX4	NEUROG1	ABHD14A	WDR1	SCCPDH	PPARA	DDO	ADD3	HIPK2	PGPEP1	GPR20	ARPC1B	ITGB1BP2	LASP1	CD47	ROGDI	AKAP7	MAGEC3	GSTP1	SELT	PITPNB	IFI27	CEBPD	BRE	PDK2	KAT7	ITGA9	TPPP	NCRNA00185	LTBP4	FGF9	RDH5	IER2	LRRFIP1	SH3BGRL	GAB1	TEX14	GAS8	ZIC4	CARS	ATG4A	LIPE	DECR2	IQGAP1	PACSIN2	CD81	CSDA	ARVCF	SYNGR1	PKM2	ARF1	TTC15	GRIK4	SLC47A1	CA4	PRR4	MICAL3	GPR68	TALDO1	DAZAP2	GSTM4	GUCY1B2	IFITM3	NT5DC3	ASPH	APOM	SLC41A3	PPT2	CRADD	PER1	KIF5B	DNASE2B	ABCB6	UMOD	PXMP4	NR4A1	ID1	PBLD	IFITM2
529	1.0	DPH5	HEXIM1	ZFYVE16	WDR44	MAP2K1	TAF10	LOC100507619	SCAND2	ZFYVE26	KIAA1107	C19orf42	RPGR	UHRF1BP1L	MARK3	PSPC1	TMEM183A	DCAF10	NUPL1	CCDC93	FAM192A	FAM55C	ACTN4	APC	HSPBAP1	DDIT4	TTF1	MCMBP	YEATS2	KIAA1009	RAB11FIP2	RNF2	S100PBP	DIS3	ZNF778	TRDMT1	MLH3	MCM3AP-AS1	TRIM13	UNKL	EIF1	TMEM143	GUK1	SS18L1	ZNF354A	PRDM10	C2CD3	DYNC1LI1	STK24	STAG1	NDRG1	TM7SF3	CLASP1	RALGAPB	CDADC1	CLASP2
530	1.0	MPP6	HEATR6	FBXO22	PDCL	DNAJC28	UBFD1	HCFC2	SENP5	C1orf50	RPL38	PRKCSH	C17orf80	MAP3K7	FEM1B	HP1BP3	SUPT3H	EXOC2	KCTD9	CDK5RAP2	SMARCAL1	ANKLE2	BBS7	FANCE	SAP30BP	MAVS	TLK2	ZNF226	CDC37L1	PIGH	PLAA	YAF2	MKRN2	ARIH2	ZKSCAN5	BFAR	PEX19	DDX52	HMGXB4	KATNA1	DHX57	POLR3D	ACTR3B	UBE4B	FBXO7	IFNGR2	CLSTN1	MAPK1IP1L	GGA1	SCLY	FER	SLC35E3	RAB28	POLR3C	CCBL1	RAD17	STAT3	DDI2	CAMSAP1	TTC4	ERCC8	C12orf43	MAP2K4	INTS12	WDR41	ATMIN	MNAT1	C17orf39	ARF6	EFCAB2	DDX19A	DIAPH3	RNF41	FAM149B1	FAM20B	USP32	KLHL7	USP46	HUWE1	CCNJ	EXOG	C13orf27	PKNOX1	FECH	KIAA0090	CGRRF1	POLR3G	MBD1	SLC4A7	C14orf133	RNF8	AP4S1	ASCC1	JMJD6	ZNF643	BTRC
531	1.0	EIF2C1	SP2	RPL23	THAP11	RRP12	MAD2L1BP	NSD1	USP39	SAP130	KAT8	TATDN2	TTI2	FASTKD5	ELL	C17orf59	CRYBB2P1	C9orf156	ATPAF2	NDST2	LPCAT3	PPP6R3	CLK3	RPL28	KIAA0317	SNX15	PMF1	USP19	PCIF1	LOC100129250	NRL	NFYC	APP	UBOX5	DGCR14	TXNL4B	SEPT2	WWP2	TBCD	EXOC3	GCC1	CTNNB1	NDFIP1	CTRL	ZSCAN2	POLG	NT5M	PHF7	DHX8	CWC25	CCDC101	ING1	TFIP11	BRPF1	C19orf60	TRAF6	AMBRA1	SLC9A8	C10orf76	C6orf47	SLC25A44	OGG1
532	1.0	NUBP1	MIIP	FBXL15	OSGEP	ILKAP	CTNNBL1	NUP98	KATNB1	MAP4K2	C9orf114	DRG2	RNF126	VPS33B	TBC1D22A	RBMX2	CCDC22	FAM120C	TOE1	NCLN	DFFB	PEX16	CCDC94	DUS2L	E2F3	ACD	MKL1	RRP8	ABT1	CIAO1	MAD1L1	SMCR7L	TOP3A	NUP93	DAXX	TRABD	LANCL2	CTC1	RNF113A	WRAP73	KLHDC4	DDX28	EFR3A	RASSF1	KIAA0391	FAU	MAPKAPK5	INTS9	NAT6	HEMK1	RRP7A	SUN1	ZNF142
